[I 2026-03-13 06:34:52,206] Trial 797 finished with value: 5.076887518448612e-06 and parameters: {'lambda_P': 1.4282252601016898, 'lambda_B': 1.8711864117929125, 'lambda_G': 1.4455948744935525, 'n_estimators': 5565, 'max_depth': 15, 'learning_rate': 0.03355750583028519, 'subsample': 0.8760513552717385, 'colsample_bytree': 0.5511003865778368, 'colsample_bylevel': 0.5924627027559664, 'reg_alpha': 1.4986634765589055, 'reg_lambda': 3.96176952080677, 'gamma': 0.0002563845776699694, 'min_child_weight': 1}. Best is trial 660 with value: 3.2379913054860083e-06.

[Trial 810/5000] Starting at 06:34:52
  Lambdas: P=0.684, B=1.730, G=0.862
  XGBoost params: n_estimators=463, max_depth=15
  Starting cross-validation...
  Lambdas: P=1.311, B=1.624, G=1.499
  XGBoost params: n_estimators=7784, max_depth=18
  Starting cross-validation...
  Trial 794 MSE: 0.000005 | MAPE: 0.16% | R²: -0.314049
  Trial time: 34.7s
[I 2026-03-13 06:34:54,039] Trial 794 finished with value: 5.076887518448612e-06 and parameters: {'lambda_P': 1.4909204358824086, 'lambda_B': 1.579855792721515, 'lambda_G': 1.8860841023014099, 'n_estimators': 7143, 'max_depth': 16, 'learning_rate': 0.4511506877985015, 'subsample': 0.5504343825968121, 'colsample_bytree': 0.5042598990758518, 'colsample_bylevel': 0.5769044507479614, 'reg_alpha': 2.6074503019539828, 'reg_lambda': 7.093607767953692, 'gamma': 0.00010244930094040249, 'min_child_weight': 11}. Best is trial 660 with value: 3.2379913054860083e-06.

[Trial 811/5000] Starting at 06:34:54
  Lambdas: P=0.829, B=1.451, G=1.792
  XGBoost params: n_estimators=7236, max_depth=19
  Starting cross-validation...
  Trial 808 MSE: 0.000005 | MAPE: 0.16% | R²: -0.314049
  Trial time: 2.5s
[I 2026-03-13 06:34:54,725] Trial 808 finished with value: 5.076887518448612e-06 and parameters: {'lambda_P': 0.6839842887694719, 'lambda_B': 1.7299495186367009, 'lambda_G': 0.8624735067718505, 'n_estimators': 463, 'max_depth': 15, 'learning_rate': 0.01071118868477614, 'subsample': 0.6471649388232033, 'colsample_bytree': 0.6270456173115264, 'colsample_bylevel': 0.33747950123527387, 'reg_alpha': 1.7129303245103051, 'reg_lambda': 8.7611091329097, 'gamma': 0.00025554087341850783, 'min_child_weight': 13}. Best is trial 660 with value: 3.2379913054860083e-06.

[Trial 812/5000] Starting at 06:34:54
  Lambdas: P=1.279, B=1.528, G=1.894
  XGBoost params: n_estimators=5840, max_depth=19
  Starting cross-validation...
  Trial 800 MSE: 0.000005 | MAPE: 0.16% | R²: -0.314049
  Trial time: 31.3s
[I 2026-03-13 06:35:00,261] Trial 800 finished with value: 5.076887518448612e-06 and parameters: {'lambda_P': 1.5087775357352085, 'lambda_B': 1.7612524479854887, 'lambda_G': 1.7633782972418977, 'n_estimators': 6602, 'max_depth': 17, 'learning_rate': 0.003002070435237103, 'subsample': 0.9648900406531461, 'colsample_bytree': 0.386469092889353, 'colsample_bylevel': 0.6583928657343656, 'reg_alpha': 1.865223669912631, 'reg_lambda': 0.388434957662695, 'gamma': 0.0018248274882541086, 'min_child_weight': 9}. Best is trial 660 with value: 3.2379913054860083e-06.

[Trial 813/5000] Starting at 06:35:00
  Trial 801 MSE: 0.000004 | MAPE: 0.15% | R²: -0.133323
  Trial time: 31.1s
[I 2026-03-13 06:35:00,442] Trial 801 finished with value: 4.320402399624046e-06 and parameters: {'lambda_P': 1.605588406041824, 'lambda_B': 1.750724713766921, 'lambda_G': 1.409140692544838, 'n_estimators': 6515, 'max_depth': 20, 'learning_rate': 0.01092155651946068, 'subsample': 0.9947021104889546, 'colsample_bytree': 0.677656966588319, 'colsample_bylevel': 0.7152618075154821, 'reg_alpha': 0.9212423632560718, 'reg_lambda': 1.5850274546934608, 'gamma': 0.0001159626925418916, 'min_child_weight': 9}. Best is trial 660 with value: 3.2379913054860083e-06.

[Trial 814/5000] Starting at 06:35:00
  Trial 798 MSE: 0.000005 | MAPE: 0.16% | R²: -0.314049
  Trial time: 35.3s
[I 2026-03-13 06:35:00,788] Trial 798 finished with value: 5.076887518448612e-06 and parameters: {'lambda_P': 1.2135338324547367, 'lambda_B': 1.6062426565996857, 'lambda_G': 1.4774397849421002, 'n_estimators': 7218, 'max_depth': 19, 'learning_rate': 0.006631898573307244, 'subsample': 0.5127478849684695, 'colsample_bytree': 0.71774254348458, 'colsample_bylevel': 0.6071751118341508, 'reg_alpha': 1.6881585653469033, 'reg_lambda': 4.517287416123164, 'gamma': 0.0006665870894562121, 'min_child_weight': 17}. Best is trial 660 with value: 3.2379913054860083e-06.

[Trial 815/5000] Starting at 06:35:00
  Lambdas: P=0.543, B=1.339, G=1.907
  Lambdas: P=0.870, B=1.241, G=1.753
  XGBoost params: n_estimators=7984, max_depth=17
  Starting cross-validation...
  XGBoost params: n_estimators=5682, max_depth=20
  Starting cross-validation...
  Lambdas: P=1.659, B=1.936, G=0.951
  XGBoost params: n_estimators=3208, max_depth=14
  Starting cross-validation...
  Trial 804 MSE: 0.000005 | MAPE: 0.16% | R²: -0.314049
  Trial time: 27.1s
[I 2026-03-13 06:35:06,238] Trial 804 finished with value: 5.076887518448612e-06 and parameters: {'lambda_P': 0.5017649558516303, 'lambda_B': 1.6805859067490412, 'lambda_G': 0.7066972084439297, 'n_estimators': 6253, 'max_depth': 20, 'learning_rate': 0.001872042563444838, 'subsample': 0.8012858146259914, 'colsample_bytree': 0.4502689339053251, 'colsample_bylevel': 0.4237289157386799, 'reg_alpha': 1.539034681030115, 'reg_lambda': 6.188133383849759, 'gamma': 0.000253458001529016, 'min_child_weight': 20}. Best is trial 660 with value: 3.2379913054860083e-06.
  Trial 799 MSE: 0.000004 | MAPE: 0.15% | R²: -0.099094
  Trial time: 40.1s

[Trial 816/5000] Starting at 06:35:06
[I 2026-03-13 06:35:06,419] Trial 799 finished with value: 4.167870371224842e-06 and parameters: {'lambda_P': 1.47302885663816, 'lambda_B': 1.7016296386123488, 'lambda_G': 1.7875352749783826, 'n_estimators': 9096, 'max_depth': 14, 'learning_rate': 0.158078964819951, 'subsample': 0.8001072817620687, 'colsample_bytree': 0.45435281815643, 'colsample_bylevel': 0.4642112891476082, 'reg_alpha': 0.6646371386991841, 'reg_lambda': 9.945893966623363, 'gamma': 0.00017005051179932348, 'min_child_weight': 19}. Best is trial 660 with value: 3.2379913054860083e-06.

[Trial 817/5000] Starting at 06:35:06
  Lambdas: P=0.635, B=1.676, G=1.506
  Lambdas: P=1.103, B=1.472, G=1.098
  XGBoost params: n_estimators=7702, max_depth=7
  XGBoost params: n_estimators=9071, max_depth=16  Starting cross-validation...

  Starting cross-validation...
  Trial 803 MSE: 0.000005 | MAPE: 0.16% | R²: -0.314049
  Trial time: 37.8s
[I 2026-03-13 06:35:09,693] Trial 803 finished with value: 5.076887518448612e-06 and parameters: {'lambda_P': 0.7950217009647991, 'lambda_B': 1.7681646725923421, 'lambda_G': 1.1917029456513228, 'n_estimators': 8357, 'max_depth': 20, 'learning_rate': 0.009325792591391059, 'subsample': 0.6071188647415883, 'colsample_bytree': 0.6853355802535873, 'colsample_bylevel': 0.3684016300277793, 'reg_alpha': 1.0609639183360777, 'reg_lambda': 4.436708695969474, 'gamma': 0.0008818743128494079, 'min_child_weight': 20}. Best is trial 660 with value: 3.2379913054860083e-06.

[Trial 818/5000] Starting at 06:35:09
  Lambdas: P=1.664, B=1.611, G=0.775
  XGBoost params: n_estimators=7792, max_depth=14
  Starting cross-validation...
  Trial 796 MSE: 0.000005 | MAPE: 0.16% | R²: -0.314049
  Trial time: 47.9s
[I 2026-03-13 06:35:11,775] Trial 796 finished with value: 5.076887518448612e-06 and parameters: {'lambda_P': 0.5606902904388548, 'lambda_B': 1.8550780075509727, 'lambda_G': 1.299163365517766, 'n_estimators': 9770, 'max_depth': 6, 'learning_rate': 0.0033463915921080234, 'subsample': 0.4178645857274999, 'colsample_bytree': 0.4170227928030027, 'colsample_bylevel': 0.7899482577932985, 'reg_alpha': 1.1394663534974534, 'reg_lambda': 2.869524319779973, 'gamma': 0.0001479909230866859, 'min_child_weight': 20}. Best is trial 660 with value: 3.2379913054860083e-06.

[Trial 819/5000] Starting at 06:35:11  Trial 802 MSE: 0.000004 | MAPE: 0.15% | R²: -0.159438
  Trial time: 40.3s

[I 2026-03-13 06:35:11,941] Trial 802 finished with value: 4.2776054341696534e-06 and parameters: {'lambda_P': 0.6430085015769527, 'lambda_B': 1.545377268267813, 'lambda_G': 0.5139782231488139, 'n_estimators': 9607, 'max_depth': 17, 'learning_rate': 0.0013579789317926254, 'subsample': 0.9635836652151769, 'colsample_bytree': 0.8272169380289677, 'colsample_bylevel': 0.5803803087302413, 'reg_alpha': 0.14920284626624417, 'reg_lambda': 2.2674376335223387, 'gamma': 0.0010849323732710005, 'min_child_weight': 7}. Best is trial 660 with value: 3.2379913054860083e-06.

[Trial 820/5000] Starting at 06:35:12
  Lambdas: P=0.739, B=1.656, G=1.766
  XGBoost params: n_estimators=6427, max_depth=18
  Starting cross-validation...
  Lambdas: P=0.836, B=1.350, G=1.672
  XGBoost params: n_estimators=7439, max_depth=18
  Starting cross-validation...
  Trial 814 MSE: 0.000005 | MAPE: 0.16% | R²: -0.288175
  Trial time: 14.2s
[I 2026-03-13 06:35:15,176] Trial 814 finished with value: 5.003435596960553e-06 and parameters: {'lambda_P': 1.6590062190643746, 'lambda_B': 1.9362837475035692, 'lambda_G': 0.9507541709909041, 'n_estimators': 3208, 'max_depth': 14, 'learning_rate': 0.08538097898153381, 'subsample': 0.5443966129530716, 'colsample_bytree': 0.7460907552251103, 'colsample_bylevel': 0.32800880455328707, 'reg_alpha': 0.5570446923406123, 'reg_lambda': 9.196899636718587, 'gamma': 0.000693264728823647, 'min_child_weight': 17}. Best is trial 660 with value: 3.2379913054860083e-06.

[Trial 821/5000] Starting at 06:35:15
  Lambdas: P=0.787, B=1.731, G=1.659
  XGBoost params: n_estimators=8410, max_depth=20
  Starting cross-validation...
  Trial 807 MSE: 0.000004 | MAPE: 0.15% | R²: -0.170344
  Trial time: 26.3s
[I 2026-03-13 06:35:17,618] Trial 807 finished with value: 4.0519105585464765e-06 and parameters: {'lambda_P': 0.7900507327400188, 'lambda_B': 1.1553647092646913, 'lambda_G': 1.8178499045163905, 'n_estimators': 5810, 'max_depth': 18, 'learning_rate': 0.47136464979282827, 'subsample': 0.9378268863993764, 'colsample_bytree': 0.3612605279191542, 'colsample_bylevel': 0.5516605124543356, 'reg_alpha': 0.4580585109272979, 'reg_lambda': 6.751307617945194, 'gamma': 0.00013347222451343783, 'min_child_weight': 18}. Best is trial 660 with value: 3.2379913054860083e-06.

[Trial 822/5000] Starting at 06:35:17
  Lambdas: P=0.955, B=1.666, G=1.673
  XGBoost params: n_estimators=7868, max_depth=19
  Starting cross-validation...
  Trial 811 MSE: 0.000005 | MAPE: 0.16% | R²: -0.273886
  Trial time: 25.9s
[I 2026-03-13 06:35:20,808] Trial 811 finished with value: 4.948309879626758e-06 and parameters: {'lambda_P': 1.2791092906061534, 'lambda_B': 1.5284835298372215, 'lambda_G': 1.8939961814939743, 'n_estimators': 5840, 'max_depth': 19, 'learning_rate': 0.1323226890009563, 'subsample': 0.8429704623985413, 'colsample_bytree': 0.44317644191366934, 'colsample_bylevel': 0.7497264978402278, 'reg_alpha': 0.6154275886305851, 'reg_lambda': 8.276955870279966, 'gamma': 0.0013047437504636748, 'min_child_weight': 15}. Best is trial 660 with value: 3.2379913054860083e-06.

[Trial 823/5000] Starting at 06:35:20
  Lambdas: P=0.682, B=1.930, G=1.172
  XGBoost params: n_estimators=4132, max_depth=3
  Starting cross-validation...
  Trial 806 MSE: 0.000004 | MAPE: 0.15% | R²: -0.050553
  Trial time: 34.8s
[I 2026-03-13 06:35:22,985] Trial 806 finished with value: 3.7130833048969893e-06 and parameters: {'lambda_P': 1.5785241273799926, 'lambda_B': 1.0261725527797283, 'lambda_G': 0.9927730116487481, 'n_estimators': 9599, 'max_depth': 8, 'learning_rate': 0.0038005815836967163, 'subsample': 0.9444366264029151, 'colsample_bytree': 0.7310250103161733, 'colsample_bylevel': 0.7991977149606527, 'reg_alpha': 0.08708143937070319, 'reg_lambda': 3.737048812867882, 'gamma': 0.0001744869011384896, 'min_child_weight': 6}. Best is trial 660 with value: 3.2379913054860083e-06.

[Trial 824/5000] Starting at 06:35:23
  Lambdas: P=1.767, B=0.951, G=1.109
  XGBoost params: n_estimators=7682, max_depth=8
  Starting cross-validation...
  Trial 805 MSE: 0.000005 | MAPE: 0.16% | R²: -0.314049
  Trial time: 39.5s
[I 2026-03-13 06:35:24,312] Trial 805 finished with value: 5.076887518448612e-06 and parameters: {'lambda_P': 0.5779929804380843, 'lambda_B': 1.6123218951846492, 'lambda_G': 1.5719076817613276, 'n_estimators': 8552, 'max_depth': 8, 'learning_rate': 0.0013002645472902446, 'subsample': 0.40906895870537285, 'colsample_bytree': 0.33739681344942296, 'colsample_bylevel': 0.9135298931193174, 'reg_alpha': 2.525851027263593, 'reg_lambda': 5.544870774599194, 'gamma': 0.0007030648375228052, 'min_child_weight': 13}. Best is trial 660 with value: 3.2379913054860083e-06.

[Trial 825/5000] Starting at 06:35:24
  Lambdas: P=1.194, B=0.848, G=1.122
  XGBoost params: n_estimators=9985, max_depth=9
  Starting cross-validation...
  Trial 810 MSE: 0.000005 | MAPE: 0.16% | R²: -0.302917
  Trial time: 31.5s
[I 2026-03-13 06:35:25,724] Trial 810 finished with value: 5.0467967280575505e-06 and parameters: {'lambda_P': 0.8289379853869245, 'lambda_B': 1.4511536543712897, 'lambda_G': 1.792114973547039, 'n_estimators': 7236, 'max_depth': 19, 'learning_rate': 0.1273820697668991, 'subsample': 0.9967750368571872, 'colsample_bytree': 0.4765248783405648, 'colsample_bylevel': 0.6302311903002937, 'reg_alpha': 1.5436547167115153, 'reg_lambda': 9.117795406866746, 'gamma': 0.00012075197979934342, 'min_child_weight': 13}. Best is trial 660 with value: 3.2379913054860083e-06.

[Trial 826/5000] Starting at 06:35:25
  Lambdas: P=1.539, B=1.213, G=1.165
  XGBoost params: n_estimators=8297, max_depth=7
  Starting cross-validation...
  Trial 813 MSE: 0.000004 | MAPE: 0.15% | R²: -0.087209
  Trial time: 26.2s
[I 2026-03-13 06:35:26,807] Trial 813 finished with value: 3.852015223759252e-06 and parameters: {'lambda_P': 0.8696613988435006, 'lambda_B': 1.2409398930818825, 'lambda_G': 1.753257502932947, 'n_estimators': 5682, 'max_depth': 20, 'learning_rate': 0.46678381530239493, 'subsample': 0.8774522163585816, 'colsample_bytree': 0.34573388065578853, 'colsample_bylevel': 0.48590073041401693, 'reg_alpha': 0.47628734429193287, 'reg_lambda': 6.173201067818829, 'gamma': 0.00022267550040096565, 'min_child_weight': 14}. Best is trial 660 with value: 3.2379913054860083e-06.

[Trial 827/5000] Starting at 06:35:26
  Lambdas: P=1.313, B=1.431, G=0.936
  XGBoost params: n_estimators=9113, max_depth=7
  Starting cross-validation...
  Trial 809 MSE: 0.000004 | MAPE: 0.15% | R²: -0.090472
  Trial time: 35.6s
[I 2026-03-13 06:35:27,946] Trial 809 finished with value: 3.850212365033464e-06 and parameters: {'lambda_P': 1.3113174734452475, 'lambda_B': 1.6238376674126958, 'lambda_G': 1.4994742712358176, 'n_estimators': 7784, 'max_depth': 18, 'learning_rate': 0.4565721580663379, 'subsample': 0.9140213234039871, 'colsample_bytree': 0.46056442636621886, 'colsample_bylevel': 0.6950415669445495, 'reg_alpha': 0.15563557244030105, 'reg_lambda': 7.618254184923577, 'gamma': 0.000142083017584239, 'min_child_weight': 11}. Best is trial 660 with value: 3.2379913054860083e-06.

[Trial 828/5000] Starting at 06:35:28
  Lambdas: P=1.653, B=0.864, G=0.896
  XGBoost params: n_estimators=8803, max_depth=9
  Starting cross-validation...
  Trial 812 MSE: 0.000005 | MAPE: 0.16% | R²: -0.314049
  Trial time: 35.0s
[I 2026-03-13 06:35:35,486] Trial 812 finished with value: 5.076887518448612e-06 and parameters: {'lambda_P': 0.5433878159220454, 'lambda_B': 1.3390297852619564, 'lambda_G': 1.906761504557435, 'n_estimators': 7984, 'max_depth': 17, 'learning_rate': 0.1264973679531466, 'subsample': 0.9452593972757307, 'colsample_bytree': 0.4211700733365156, 'colsample_bylevel': 0.6613077668993808, 'reg_alpha': 4.570251473396627, 'reg_lambda': 8.25752033042492, 'gamma': 0.00014355702321055478, 'min_child_weight': 14}. Best is trial 660 with value: 3.2379913054860083e-06.

[Trial 829/5000] Starting at 06:35:35
  Lambdas: P=1.248, B=1.011, G=0.960
  XGBoost params: n_estimators=8691, max_depth=7
  Starting cross-validation...
  Trial 822 MSE: 0.000005 | MAPE: 0.16% | R²: -0.273707
  Trial time: 17.1s
[I 2026-03-13 06:35:38,066] Trial 822 finished with value: 4.948616948576668e-06 and parameters: {'lambda_P': 0.682053725391646, 'lambda_B': 1.930157910212288, 'lambda_G': 1.1721858249342394, 'n_estimators': 4132, 'max_depth': 3, 'learning_rate': 0.013381228072121958, 'subsample': 0.8992809477773623, 'colsample_bytree': 0.5629062432581612, 'colsample_bylevel': 0.358010021743146, 'reg_alpha': 0.562587949064503, 'reg_lambda': 6.767352259706837, 'gamma': 0.0014055880500843448, 'min_child_weight': 13}. Best is trial 660 with value: 3.2379913054860083e-06.

[Trial 830/5000] Starting at 06:35:38
  Lambdas: P=1.662, B=1.188, G=1.116
  XGBoost params: n_estimators=8236, max_depth=10
  Starting cross-validation...
  Trial 819 MSE: 0.000005 | MAPE: 0.16% | R²: -0.275273
  Trial time: 26.7s
[I 2026-03-13 06:35:38,867] Trial 819 finished with value: 4.9685390672885124e-06 and parameters: {'lambda_P': 0.738588099560875, 'lambda_B': 1.6562301908346888, 'lambda_G': 1.7661272913873391, 'n_estimators': 6427, 'max_depth': 18, 'learning_rate': 0.09111741118229078, 'subsample': 0.8860237987212549, 'colsample_bytree': 0.3363406006325985, 'colsample_bylevel': 0.5796728254755394, 'reg_alpha': 1.2805133143707221, 'reg_lambda': 8.432942500570073, 'gamma': 0.000140311488010723, 'min_child_weight': 13}. Best is trial 660 with value: 3.2379913054860083e-06.

[Trial 831/5000] Starting at 06:35:38
  Lambdas: P=1.591, B=1.784, G=0.937
  XGBoost params: n_estimators=9143, max_depth=6
  Starting cross-validation...
  Trial 816 MSE: 0.000005 | MAPE: 0.16% | R²: -0.314049
  Trial time: 34.8s
[I 2026-03-13 06:35:41,415] Trial 816 finished with value: 5.076887518448612e-06 and parameters: {'lambda_P': 0.6347388178665417, 'lambda_B': 1.6758723373783233, 'lambda_G': 1.506177568906291, 'n_estimators': 7702, 'max_depth': 7, 'learning_rate': 0.0011968176447913596, 'subsample': 0.43817295768022896, 'colsample_bytree': 0.44438301917793055, 'colsample_bylevel': 0.9582247928690243, 'reg_alpha': 0.3611162220530499, 'reg_lambda': 3.2501116536567674, 'gamma': 0.0013506326145778693, 'min_child_weight': 19}. Best is trial 660 with value: 3.2379913054860083e-06.

[Trial 832/5000] Starting at 06:35:41
  Lambdas: P=1.738, B=0.888, G=1.177
  XGBoost params: n_estimators=7783, max_depth=6
  Starting cross-validation...
  Trial 817 MSE: 0.000004 | MAPE: 0.16% | R²: -0.191435
  Trial time: 33.9s
[I 2026-03-13 06:35:43,764] Trial 817 finished with value: 4.46294139591656e-06 and parameters: {'lambda_P': 1.6643635057864117, 'lambda_B': 1.6113113774660515, 'lambda_G': 0.7748166383220413, 'n_estimators': 7792, 'max_depth': 14, 'learning_rate': 0.1227177251802978, 'subsample': 0.4247512494864293, 'colsample_bytree': 0.7356416506436572, 'colsample_bylevel': 0.3343485492202833, 'reg_alpha': 0.1892910251443064, 'reg_lambda': 8.722883606868711, 'gamma': 0.0006633203805161109, 'min_child_weight': 20}. Best is trial 660 with value: 3.2379913054860083e-06.

[Trial 833/5000] Starting at 06:35:43
  Lambdas: P=1.510, B=1.311, G=1.236
  XGBoost params: n_estimators=8228, max_depth=5
  Starting cross-validation...
  Trial 818 MSE: 0.000004 | MAPE: 0.16% | R²: -0.202637
  Trial time: 32.5s
[I 2026-03-13 06:35:44,450] Trial 818 finished with value: 4.448243790748538e-06 and parameters: {'lambda_P': 0.8356415296544477, 'lambda_B': 1.3497425962616758, 'lambda_G': 1.6722526118616832, 'n_estimators': 7439, 'max_depth': 18, 'learning_rate': 0.4641015450487089, 'subsample': 0.9624443700243996, 'colsample_bytree': 0.3723318246226271, 'colsample_bylevel': 0.7227675163235779, 'reg_alpha': 0.8784305007253276, 'reg_lambda': 6.2262145524067485, 'gamma': 0.00014028204914209456, 'min_child_weight': 14}. Best is trial 660 with value: 3.2379913054860083e-06.

[Trial 834/5000] Starting at 06:35:44
  Lambdas: P=1.563, B=1.152, G=0.756
  XGBoost params: n_estimators=7411, max_depth=11
  Starting cross-validation...
  Trial 815 MSE: 0.000004 | MAPE: 0.16% | R²: -0.174296
  Trial time: 40.3s
[I 2026-03-13 06:35:46,792] Trial 815 finished with value: 4.493795628985048e-06 and parameters: {'lambda_P': 1.1025968829398578, 'lambda_B': 1.472434193826011, 'lambda_G': 1.0983188901541867, 'n_estimators': 9071, 'max_depth': 16, 'learning_rate': 0.022577322327327752, 'subsample': 0.5821336091211711, 'colsample_bytree': 0.48608875780305627, 'colsample_bylevel': 0.38579474591671076, 'reg_alpha': 0.6292061530694457, 'reg_lambda': 4.614703559889043, 'gamma': 0.00010583837922674636, 'min_child_weight': 20}. Best is trial 660 with value: 3.2379913054860083e-06.

[Trial 835/5000] Starting at 06:35:46
  Lambdas: P=1.592, B=0.864, G=0.811
  XGBoost params: n_estimators=9548, max_depth=8
  Starting cross-validation...
  Trial 821 MSE: 0.000004 | MAPE: 0.15% | R²: -0.101834
  Trial time: 32.9s
[I 2026-03-13 06:35:50,713] Trial 821 finished with value: 4.0074404260380935e-06 and parameters: {'lambda_P': 0.9551187489579592, 'lambda_B': 1.6659597440791205, 'lambda_G': 1.672963499196583, 'n_estimators': 7868, 'max_depth': 19, 'learning_rate': 0.326905455285579, 'subsample': 0.7114408669434192, 'colsample_bytree': 0.4063524024235344, 'colsample_bylevel': 0.6050764590053479, 'reg_alpha': 0.47143051428141003, 'reg_lambda': 9.876601929688544, 'gamma': 0.00010774812177224225, 'min_child_weight': 17}. Best is trial 660 with value: 3.2379913054860083e-06.

[Trial 836/5000] Starting at 06:35:50
  Lambdas: P=1.185, B=0.601, G=0.609
  XGBoost params: n_estimators=9162, max_depth=3
  Starting cross-validation...
  Trial 820 MSE: 0.000004 | MAPE: 0.15% | R²: -0.143747
  Trial time: 37.6s
