[I 2026-03-13 06:36:52,377] Trial 843 finished with value: 4.778860684972939e-06 and parameters: {'lambda_P': 0.8502145036583288, 'lambda_B': 1.990325951008305, 'lambda_G': 0.5024111567310974, 'n_estimators': 8190, 'max_depth': 14, 'learning_rate': 0.015889106093531866, 'subsample': 0.6506248562018907, 'colsample_bytree': 0.9857293567464607, 'colsample_bylevel': 0.5826587255841312, 'reg_alpha': 0.8423415089425405, 'reg_lambda': 7.703637120052676, 'gamma': 0.00010682466275427257, 'min_child_weight': 17}. Best is trial 660 with value: 3.2379913054860083e-06.

[Trial 864/5000] Starting at 06:36:52
  Lambdas: P=0.972, B=1.114, G=0.966
  XGBoost params: n_estimators=3262, max_depth=16
  Starting cross-validation...
  Trial 841 MSE: 0.000004 | MAPE: 0.14% | R²: -0.038416
  Trial time: 48.2s
[I 2026-03-13 06:36:55,712] Trial 841 finished with value: 3.6900270979240644e-06 and parameters: {'lambda_P': 1.1967521191760655, 'lambda_B': 1.5705521605044832, 'lambda_G': 0.6598210833637284, 'n_estimators': 9881, 'max_depth': 3, 'learning_rate': 0.001011532044323292, 'subsample': 0.7622398386916562, 'colsample_bytree': 0.5666620903366909, 'colsample_bylevel': 0.5539213686136124, 'reg_alpha': 0.2147858540172364, 'reg_lambda': 9.701948345314111, 'gamma': 0.00022382877666532287, 'min_child_weight': 11}. Best is trial 660 with value: 3.2379913054860083e-06.

[Trial 865/5000] Starting at 06:36:55
  Lambdas: P=0.529, B=1.749, G=1.558
  XGBoost params: n_estimators=9999, max_depth=2
  Starting cross-validation...
  Trial 842 MSE: 0.000004 | MAPE: 0.15% | R²: -0.163930
  Trial time: 46.3s
[I 2026-03-13 06:36:56,503] Trial 842 finished with value: 4.312459872873165e-06 and parameters: {'lambda_P': 1.2884601550166759, 'lambda_B': 0.8403946335634179, 'lambda_G': 1.2088501467383648, 'n_estimators': 9966, 'max_depth': 4, 'learning_rate': 0.008543314059633931, 'subsample': 0.8863032664339721, 'colsample_bytree': 0.756242917939478, 'colsample_bylevel': 0.6165776610043798, 'reg_alpha': 0.19922032505501006, 'reg_lambda': 0.4324251680385995, 'gamma': 0.0010079972177386707, 'min_child_weight': 8}. Best is trial 660 with value: 3.2379913054860083e-06.

[Trial 866/5000] Starting at 06:36:56
  Lambdas: P=1.271, B=0.944, G=0.956
  XGBoost params: n_estimators=8300, max_depth=4
  Starting cross-validation...
  Trial 862 MSE: 0.000005 | MAPE: 0.16% | R²: -0.273412
  Trial time: 6.6s
[I 2026-03-13 06:36:57,949] Trial 862 finished with value: 4.95433239270563e-06 and parameters: {'lambda_P': 1.66146438178673, 'lambda_B': 1.4538102791540548, 'lambda_G': 0.6215669586353971, 'n_estimators': 1385, 'max_depth': 20, 'learning_rate': 0.019171693011121427, 'subsample': 0.756313888854327, 'colsample_bytree': 0.7095423031553664, 'colsample_bylevel': 0.8844056683565443, 'reg_alpha': 0.8291504257978602, 'reg_lambda': 0.8889082227770206, 'gamma': 0.00043966577341927914, 'min_child_weight': 8}. Best is trial 660 with value: 3.2379913054860083e-06.

[Trial 867/5000] Starting at 06:36:58
  Lambdas: P=1.456, B=1.493, G=0.635
  XGBoost params: n_estimators=9490, max_depth=2
  Starting cross-validation...
  Trial 846 MSE: 0.000005 | MAPE: 0.16% | R²: -0.314049
  Trial time: 41.3s
[I 2026-03-13 06:36:59,186] Trial 846 finished with value: 5.076887518448612e-06 and parameters: {'lambda_P': 1.6651764134543745, 'lambda_B': 0.6885497161120232, 'lambda_G': 1.3372860728018308, 'n_estimators': 8936, 'max_depth': 5, 'learning_rate': 0.006154212074901719, 'subsample': 0.9950856313878876, 'colsample_bytree': 0.5562276020857926, 'colsample_bylevel': 0.7475613016735274, 'reg_alpha': 2.2173081993166828, 'reg_lambda': 0.8389695056573578, 'gamma': 0.0003967746984776316, 'min_child_weight': 5}. Best is trial 660 with value: 3.2379913054860083e-06.

[Trial 868/5000] Starting at 06:36:59
  Lambdas: P=1.531, B=1.460, G=0.581
  XGBoost params: n_estimators=8926, max_depth=2
  Starting cross-validation...
  Trial 849 MSE: 0.000004 | MAPE: 0.14% | R²: -0.038019
  Trial time: 38.2s
[I 2026-03-13 06:37:02,254] Trial 849 finished with value: 3.7324003861248666e-06 and parameters: {'lambda_P': 0.8061038782081156, 'lambda_B': 1.8837289302846296, 'lambda_G': 1.0036350845523894, 'n_estimators': 8161, 'max_depth': 14, 'learning_rate': 0.01342853181966616, 'subsample': 0.7405662262361319, 'colsample_bytree': 0.5899835592580962, 'colsample_bylevel': 0.6422427800123145, 'reg_alpha': 0.2539060450933149, 'reg_lambda': 2.4808678468871257, 'gamma': 0.00020297317029902828, 'min_child_weight': 19}. Best is trial 660 with value: 3.2379913054860083e-06.

[Trial 869/5000] Starting at 06:37:02
  Lambdas: P=1.634, B=1.406, G=0.837
  XGBoost params: n_estimators=9996, max_depth=4
  Starting cross-validation...
  Trial 861 MSE: 0.000004 | MAPE: 0.15% | R²: -0.125107
  Trial time: 12.7s
[I 2026-03-13 06:37:03,390] Trial 861 finished with value: 4.171875238073771e-06 and parameters: {'lambda_P': 0.7350497695166459, 'lambda_B': 1.872780232260871, 'lambda_G': 0.7709018270424512, 'n_estimators': 2413, 'max_depth': 3, 'learning_rate': 0.004470997068960935, 'subsample': 0.9562275869440567, 'colsample_bytree': 0.5983722832454506, 'colsample_bylevel': 0.6006720336009904, 'reg_alpha': 0.5430208863936539, 'reg_lambda': 6.907718174013065, 'gamma': 0.00033793651283900623, 'min_child_weight': 4}. Best is trial 660 with value: 3.2379913054860083e-06.

[Trial 870/5000] Starting at 06:37:03
  Lambdas: P=1.014, B=1.405, G=0.528
  XGBoost params: n_estimators=9508, max_depth=3
  Starting cross-validation...
  Trial 854 MSE: 0.000005 | MAPE: 0.16% | R²: -0.278191
  Trial time: 27.4s
[I 2026-03-13 06:37:04,689] Trial 854 finished with value: 4.98111698431548e-06 and parameters: {'lambda_P': 0.5987935289359556, 'lambda_B': 1.760346069938895, 'lambda_G': 1.3474445520918936, 'n_estimators': 5645, 'max_depth': 11, 'learning_rate': 0.0026427728692129905, 'subsample': 0.7711658972367027, 'colsample_bytree': 0.6291664490239273, 'colsample_bylevel': 0.3672594870934752, 'reg_alpha': 1.1240231571754313, 'reg_lambda': 9.084323912611154, 'gamma': 0.00013988330461888756, 'min_child_weight': 13}. Best is trial 660 with value: 3.2379913054860083e-06.

[Trial 871/5000] Starting at 06:37:04
  Lambdas: P=0.923, B=1.576, G=0.638
  XGBoost params: n_estimators=7697, max_depth=7
  Starting cross-validation...
  Trial 850 MSE: 0.000005 | MAPE: 0.16% | R²: -0.314049
  Trial time: 39.8s
[I 2026-03-13 06:37:07,165] Trial 850 finished with value: 5.076887518448612e-06 and parameters: {'lambda_P': 1.4466689426117532, 'lambda_B': 0.9495906984174499, 'lambda_G': 1.3147722120514633, 'n_estimators': 8377, 'max_depth': 2, 'learning_rate': 0.0017506982393381337, 'subsample': 0.5972093568868138, 'colsample_bytree': 0.6491046621908068, 'colsample_bylevel': 0.5655061119358153, 'reg_alpha': 1.1532489878779038, 'reg_lambda': 0.7077295447225721, 'gamma': 0.00021202637613129314, 'min_child_weight': 6}. Best is trial 660 with value: 3.2379913054860083e-06.

[Trial 872/5000] Starting at 06:37:07
  Lambdas: P=1.169, B=1.229, G=0.710
  XGBoost params: n_estimators=7177, max_depth=3
  Starting cross-validation...
  Trial 863 MSE: 0.000005 | MAPE: 0.16% | R²: -0.316272
  Trial time: 15.7s
[I 2026-03-13 06:37:08,257] Trial 863 finished with value: 5.080629075124234e-06 and parameters: {'lambda_P': 0.9715378636668003, 'lambda_B': 1.1140135991944333, 'lambda_G': 0.9661235234168286, 'n_estimators': 3262, 'max_depth': 16, 'learning_rate': 0.011670593076742761, 'subsample': 0.565986914774698, 'colsample_bytree': 0.5984486257165766, 'colsample_bylevel': 0.5139439668312076, 'reg_alpha': 0.5788338039618351, 'reg_lambda': 2.9881411108449227, 'gamma': 0.0009366149317104137, 'min_child_weight': 17}. Best is trial 660 with value: 3.2379913054860083e-06.

[Trial 873/5000] Starting at 06:37:08
  Lambdas: P=1.128, B=1.676, G=0.625
  XGBoost params: n_estimators=9092, max_depth=8
  Starting cross-validation...
  Trial 853 MSE: 0.000004 | MAPE: 0.15% | R²: -0.122362
  Trial time: 39.3s
[I 2026-03-13 06:37:11,282] Trial 853 finished with value: 4.193975588609415e-06 and parameters: {'lambda_P': 1.6063028761587754, 'lambda_B': 0.9012500969015851, 'lambda_G': 1.2147514775538937, 'n_estimators': 9763, 'max_depth': 4, 'learning_rate': 0.0015712732118119993, 'subsample': 0.8802576632295657, 'colsample_bytree': 0.7130657206965325, 'colsample_bylevel': 0.6383422464105344, 'reg_alpha': 0.6042122612951002, 'reg_lambda': 0.5619846056702118, 'gamma': 0.00023418369682812087, 'min_child_weight': 6}. Best is trial 660 with value: 3.2379913054860083e-06.

[Trial 874/5000] Starting at 06:37:11
  Lambdas: P=1.012, B=1.207, G=0.503
  XGBoost params: n_estimators=9192, max_depth=3
  Starting cross-validation...
  Trial 855 MSE: 0.000004 | MAPE: 0.15% | R²: -0.156896
  Trial time: 34.6s
[I 2026-03-13 06:37:12,315] Trial 855 finished with value: 4.300227954791715e-06 and parameters: {'lambda_P': 1.7462688538003168, 'lambda_B': 1.0434236981674883, 'lambda_G': 1.418463805556603, 'n_estimators': 7347, 'max_depth': 5, 'learning_rate': 0.0010672780890861027, 'subsample': 0.9009254919296097, 'colsample_bytree': 0.8053733465455192, 'colsample_bylevel': 0.7416040464085668, 'reg_alpha': 0.3576246249517864, 'reg_lambda': 0.33741189566668117, 'gamma': 0.0006790303750725618, 'min_child_weight': 6}. Best is trial 660 with value: 3.2379913054860083e-06.

[Trial 875/5000] Starting at 06:37:12
  Lambdas: P=1.218, B=1.154, G=0.618
  XGBoost params: n_estimators=8191, max_depth=4
  Starting cross-validation...
  Trial 856 MSE: 0.000005 | MAPE: 0.16% | R²: -0.219519
  Trial time: 36.0s
[I 2026-03-13 06:37:14,750] Trial 856 finished with value: 4.6713746131300416e-06 and parameters: {'lambda_P': 1.7712838430397333, 'lambda_B': 0.8626256519896441, 'lambda_G': 1.4161008101661932, 'n_estimators': 7457, 'max_depth': 2, 'learning_rate': 0.001221280660885952, 'subsample': 0.7809429445849133, 'colsample_bytree': 0.6851845953500353, 'colsample_bylevel': 0.6648648184353751, 'reg_alpha': 0.6146844295157645, 'reg_lambda': 3.0573380219190973, 'gamma': 0.0005339772432976222, 'min_child_weight': 1}. Best is trial 660 with value: 3.2379913054860083e-06.

[Trial 876/5000] Starting at 06:37:14
  Lambdas: P=1.066, B=1.453, G=0.651
  XGBoost params: n_estimators=3093, max_depth=20
  Starting cross-validation...
  Trial 851 MSE: 0.000005 | MAPE: 0.16% | R²: -0.314335
  Trial time: 45.8s
[I 2026-03-13 06:37:15,688] Trial 851 finished with value: 5.077150382955988e-06 and parameters: {'lambda_P': 1.6551603766747927, 'lambda_B': 1.2587934450608538, 'lambda_G': 1.09754119364713, 'n_estimators': 9800, 'max_depth': 10, 'learning_rate': 0.002117665432094085, 'subsample': 0.9325376868790985, 'colsample_bytree': 0.49169129528520394, 'colsample_bylevel': 0.9526920578471718, 'reg_alpha': 1.184526365469843, 'reg_lambda': 0.07950054297189402, 'gamma': 0.0007179318229516026, 'min_child_weight': 9}. Best is trial 660 with value: 3.2379913054860083e-06.

[Trial 877/5000] Starting at 06:37:15
  Lambdas: P=1.178, B=1.480, G=0.687
  XGBoost params: n_estimators=7079, max_depth=2
  Starting cross-validation...
  Trial 860 MSE: 0.000004 | MAPE: 0.14% | R²: -0.032019
  Trial time: 38.9s
[I 2026-03-13 06:37:24,615] Trial 860 finished with value: 3.5955549520525414e-06 and parameters: {'lambda_P': 1.2172186701851093, 'lambda_B': 0.8682919545568065, 'lambda_G': 0.9448330659141573, 'n_estimators': 9926, 'max_depth': 14, 'learning_rate': 0.001121073769097195, 'subsample': 0.9742009602267697, 'colsample_bytree': 0.6523593494984149, 'colsample_bylevel': 0.9372734588062797, 'reg_alpha': 0.04763487144484774, 'reg_lambda': 1.8669743446431735, 'gamma': 0.00010689554830274415, 'min_child_weight': 11}. Best is trial 660 with value: 3.2379913054860083e-06.

[Trial 878/5000] Starting at 06:37:24
  Lambdas: P=0.876, B=1.781, G=1.830
  XGBoost params: n_estimators=9627, max_depth=2
  Starting cross-validation...
  Trial 875 MSE: 0.000005 | MAPE: 0.16% | R²: -0.314049
  Trial time: 15.0s
[I 2026-03-13 06:37:29,939] Trial 875 finished with value: 5.076887518448612e-06 and parameters: {'lambda_P': 1.0661396776110614, 'lambda_B': 1.4525279899189725, 'lambda_G': 0.6505141217825398, 'n_estimators': 3093, 'max_depth': 20, 'learning_rate': 0.1396154638451399, 'subsample': 0.4696226858170815, 'colsample_bytree': 0.4115144957067715, 'colsample_bylevel': 0.8590701826554523, 'reg_alpha': 0.8724602773672849, 'reg_lambda': 0.294891077321256, 'gamma': 0.00036529325981685324, 'min_child_weight': 3}. Best is trial 660 with value: 3.2379913054860083e-06.

[Trial 879/5000] Starting at 06:37:30
  Lambdas: P=1.165, B=1.457, G=0.557
  XGBoost params: n_estimators=9639, max_depth=7
  Starting cross-validation...
  Trial 865 MSE: 0.000005 | MAPE: 0.16% | R²: -0.314049
  Trial time: 38.4s
[I 2026-03-13 06:37:35,098] Trial 865 finished with value: 5.076887518448612e-06 and parameters: {'lambda_P': 1.2710178867715443, 'lambda_B': 0.9444047579753374, 'lambda_G': 0.9560906896668846, 'n_estimators': 8300, 'max_depth': 4, 'learning_rate': 0.0011905622731722468, 'subsample': 0.8186725264149282, 'colsample_bytree': 0.6803161470903625, 'colsample_bylevel': 0.30763187179535767, 'reg_alpha': 2.3609949643790427, 'reg_lambda': 7.766923493992069, 'gamma': 0.00011923133788999474, 'min_child_weight': 7}. Best is trial 660 with value: 3.2379913054860083e-06.

[Trial 880/5000] Starting at 06:37:35
  Lambdas: P=1.248, B=1.729, G=0.506
  XGBoost params: n_estimators=7632, max_depth=5
  Starting cross-validation...
  Trial 867 MSE: 0.000005 | MAPE: 0.16% | R²: -0.314049
  Trial time: 40.6s
[I 2026-03-13 06:37:39,948] Trial 867 finished with value: 5.076887518448612e-06 and parameters: {'lambda_P': 1.531005684432956, 'lambda_B': 1.4596616745051898, 'lambda_G': 0.5808161563921133, 'n_estimators': 8926, 'max_depth': 2, 'learning_rate': 0.0028310920013898348, 'subsample': 0.8260852258136948, 'colsample_bytree': 0.513526862480456, 'colsample_bylevel': 0.5324218547503705, 'reg_alpha': 2.8943818263411965, 'reg_lambda': 8.207706743731846, 'gamma': 0.0006689240761676086, 'min_child_weight': 13}. Best is trial 660 with value: 3.2379913054860083e-06.

[Trial 881/5000] Starting at 06:37:40
  Lambdas: P=0.910, B=1.724, G=0.710
  XGBoost params: n_estimators=9447, max_depth=2
  Starting cross-validation...
  Trial 871 MSE: 0.000004 | MAPE: 0.16% | R²: -0.181641
  Trial time: 33.5s
[I 2026-03-13 06:37:40,902] Trial 871 finished with value: 4.476224094662494e-06 and parameters: {'lambda_P': 1.168955335016094, 'lambda_B': 1.229447740827093, 'lambda_G': 0.7100239198278077, 'n_estimators': 7177, 'max_depth': 3, 'learning_rate': 0.0012723945697428688, 'subsample': 0.7899417115634124, 'colsample_bytree': 0.5442719768158176, 'colsample_bylevel': 0.7605849776103877, 'reg_alpha': 0.5778941393509174, 'reg_lambda': 6.711563222923618, 'gamma': 0.00040462693595392303, 'min_child_weight': 9}. Best is trial 660 with value: 3.2379913054860083e-06.

[Trial 882/5000] Starting at 06:37:40
  Lambdas: P=1.089, B=0.640, G=0.870
  XGBoost params: n_estimators=9930, max_depth=13
  Starting cross-validation...
  Trial 870 MSE: 0.000005 | MAPE: 0.16% | R²: -0.314049
  Trial time: 38.0s
[I 2026-03-13 06:37:42,868] Trial 870 finished with value: 5.076887518448612e-06 and parameters: {'lambda_P': 0.9234694309192817, 'lambda_B': 1.5760908626828594, 'lambda_G': 0.6375605754270071, 'n_estimators': 7697, 'max_depth': 7, 'learning_rate': 0.0015568935345245886, 'subsample': 0.5426211096686987, 'colsample_bytree': 0.6955362640271757, 'colsample_bylevel': 0.6017954350676153, 'reg_alpha': 1.0644595158414527, 'reg_lambda': 9.068589058484003, 'gamma': 0.0007166945693659819, 'min_child_weight': 14}. Best is trial 660 with value: 3.2379913054860083e-06.

[Trial 883/5000] Starting at 06:37:42
  Trial 866 MSE: 0.000005 | MAPE: 0.16% | R²: -0.216696
  Trial time: 44.9s
[I 2026-03-13 06:37:43,069] Trial 866 finished with value: 4.631226161200724e-06 and parameters: {'lambda_P': 1.4564411534833863, 'lambda_B': 1.492727278076227, 'lambda_G': 0.6346015729409303, 'n_estimators': 9490, 'max_depth': 2, 'learning_rate': 0.0011649012011816077, 'subsample': 0.7674684433711527, 'colsample_bytree': 0.6286675594587409, 'colsample_bylevel': 0.758989236252053, 'reg_alpha': 0.42649247776864174, 'reg_lambda': 9.474499456925905, 'gamma': 0.0008722327004644781, 'min_child_weight': 7}. Best is trial 660 with value: 3.2379913054860083e-06.

[Trial 884/5000] Starting at 06:37:43
  Lambdas: P=1.588, B=1.659, G=0.669
  Lambdas: P=0.885, B=1.521, G=0.775
  XGBoost params: n_estimators=3809, max_depth=11
  Starting cross-validation...
  XGBoost params: n_estimators=9987, max_depth=2
  Starting cross-validation...
  Trial 872 MSE: 0.000005 | MAPE: 0.16% | R²: -0.314049
  Trial time: 35.7s
[I 2026-03-13 06:37:44,127] Trial 872 finished with value: 5.076887518448612e-06 and parameters: {'lambda_P': 1.1278323678091715, 'lambda_B': 1.676280212763916, 'lambda_G': 0.6254468304825826, 'n_estimators': 9092, 'max_depth': 8, 'learning_rate': 0.0032147541756714017, 'subsample': 0.6724908679610964, 'colsample_bytree': 0.7079500843944229, 'colsample_bylevel': 0.4254541265145523, 'reg_alpha': 2.858003067564832, 'reg_lambda': 8.795051003447355, 'gamma': 0.000638545528112653, 'min_child_weight': 14}. Best is trial 660 with value: 3.2379913054860083e-06.

[Trial 885/5000] Starting at 06:37:44
  Trial 864 MSE: 0.000005 | MAPE: 0.16% | R²: -0.310939
  Trial time: 48.4s
[I 2026-03-13 06:37:44,347] Trial 864 finished with value: 5.0668630614509174e-06 and parameters: {'lambda_P': 0.5288256477726407, 'lambda_B': 1.7487832939969232, 'lambda_G': 1.558120386478275, 'n_estimators': 9999, 'max_depth': 2, 'learning_rate': 0.0020464247395988806, 'subsample': 0.6168025211092972, 'colsample_bytree': 0.3177881497694556, 'colsample_bylevel': 0.5976410260591642, 'reg_alpha': 0.6595890330637678, 'reg_lambda': 5.53979075707631, 'gamma': 0.000772598637594442, 'min_child_weight': 14}. Best is trial 660 with value: 3.2379913054860083e-06.

[Trial 886/5000] Starting at 06:37:44
  Lambdas: P=1.635, B=1.100, G=0.673
  XGBoost params: n_estimators=9461, max_depth=16
  Starting cross-validation...
  Lambdas: P=1.179, B=0.724, G=1.204
  XGBoost params: n_estimators=9227, max_depth=13
  Starting cross-validation...
  Trial 873 MSE: 0.000005 | MAPE: 0.16% | R²: -0.314049
  Trial time: 37.0s
[I 2026-03-13 06:37:48,524] Trial 873 finished with value: 5.076887518448612e-06 and parameters: {'lambda_P': 1.0124698293064325, 'lambda_B': 1.2074927544996086, 'lambda_G': 0.5025199529071753, 'n_estimators': 9192, 'max_depth': 3, 'learning_rate': 0.0021952486460941234, 'subsample': 0.5911307699483932, 'colsample_bytree': 0.5482590653263301, 'colsample_bylevel': 0.5217973819921452, 'reg_alpha': 0.6828948583384067, 'reg_lambda': 7.802491744740609, 'gamma': 0.0016701442066303991, 'min_child_weight': 14}. Best is trial 660 with value: 3.2379913054860083e-06.

[Trial 887/5000] Starting at 06:37:48
  Lambdas: P=1.203, B=0.544, G=0.740
  XGBoost params: n_estimators=7123, max_depth=14
  Starting cross-validation...
  Trial 876 MSE: 0.000005 | MAPE: 0.16% | R²: -0.314049
  Trial time: 33.6s
[I 2026-03-13 06:37:49,496] Trial 876 finished with value: 5.076887518448612e-06 and parameters: {'lambda_P': 1.1778692443960397, 'lambda_B': 1.4797698407513513, 'lambda_G': 0.6868189174337113, 'n_estimators': 7079, 'max_depth': 2, 'learning_rate': 0.003169062097303422, 'subsample': 0.4904424771806688, 'colsample_bytree': 0.7037422994483683, 'colsample_bylevel': 0.657557701591922, 'reg_alpha': 2.167786371426218, 'reg_lambda': 9.258976879311394, 'gamma': 0.00023177426586773808, 'min_child_weight': 11}. Best is trial 660 with value: 3.2379913054860083e-06.

[Trial 888/5000] Starting at 06:37:49
  Lambdas: P=1.163, B=0.523, G=0.546
  XGBoost params: n_estimators=9746, max_depth=14
  Starting cross-validation...
  Trial 869 MSE: 0.000005 | MAPE: 0.16% | R²: -0.314049
  Trial time: 47.7s
[I 2026-03-13 06:37:51,254] Trial 869 finished with value: 5.076887518448612e-06 and parameters: {'lambda_P': 1.014255643495025, 'lambda_B': 1.404557060579397, 'lambda_G': 0.5283838127282813, 'n_estimators': 9508, 'max_depth': 3, 'learning_rate': 0.003089075373933777, 'subsample': 0.7954060035099698, 'colsample_bytree': 0.6131949343827471, 'colsample_bylevel': 0.5144458482736859, 'reg_alpha': 1.7030552063306033, 'reg_lambda': 8.803147072622032, 'gamma': 0.0011116878865417195, 'min_child_weight': 12}. Best is trial 660 with value: 3.2379913054860083e-06.

[Trial 889/5000] Starting at 06:37:51
  Lambdas: P=1.221, B=0.975, G=1.046
  XGBoost params: n_estimators=8061, max_depth=14
  Starting cross-validation...
  Trial 868 MSE: 0.000005 | MAPE: 0.16% | R²: -0.302440
  Trial time: 49.6s
[I 2026-03-13 06:37:52,015] Trial 868 finished with value: 5.044243566864089e-06 and parameters: {'lambda_P': 1.6344471723559857, 'lambda_B': 1.406462309685351, 'lambda_G': 0.8369102350827871, 'n_estimators': 9996, 'max_depth': 4, 'learning_rate': 0.0012152943118533429, 'subsample': 0.6223076521518965, 'colsample_bytree': 0.6940951466361428, 'colsample_bylevel': 0.5875915201648034, 'reg_alpha': 0.7368308025787339, 'reg_lambda': 7.304031471845821, 'gamma': 0.0005103226649055709, 'min_child_weight': 15}. Best is trial 660 with value: 3.2379913054860083e-06.

[Trial 890/5000] Starting at 06:37:52
  Lambdas: P=1.346, B=0.620, G=0.695
  Trial 874 MSE: 0.000005 | MAPE: 0.16% | R²: -0.253941
  Trial time: 39.9s
