[I 2026-03-13 06:47:56,566] Trial 1231 finished with value: 3.4355461085128864e-06 and parameters: {'lambda_P': 1.2516023399620066, 'lambda_B': 1.6989482198541621, 'lambda_G': 1.3042221065137483, 'n_estimators': 5611, 'max_depth': 13, 'learning_rate': 0.054028421513296544, 'subsample': 0.8072010806118692, 'colsample_bytree': 0.7829304019569672, 'colsample_bylevel': 0.3331504416292494, 'reg_alpha': 0.050665774645726275, 'reg_lambda': 1.4449836088155787, 'gamma': 0.0002484695468808421, 'min_child_weight': 3}. Best is trial 1209 with value: 3.0713123365890098e-06.

[Trial 1240/5000] Starting at 06:47:56
  Lambdas: P=1.101, B=1.720, G=1.335
  XGBoost params: n_estimators=4102, max_depth=13
  Starting cross-validation...
  Trial 1228 MSE: 0.000005 | MAPE: 0.16% | R²: -0.314049
  Trial time: 28.4s
[I 2026-03-13 06:47:57,709] Trial 1228 finished with value: 5.076887518448612e-06 and parameters: {'lambda_P': 0.6357897176579201, 'lambda_B': 1.966932225461978, 'lambda_G': 0.7858078975423886, 'n_estimators': 5892, 'max_depth': 20, 'learning_rate': 0.023406524350209543, 'subsample': 0.45105341828765383, 'colsample_bytree': 0.5616416362887595, 'colsample_bylevel': 0.41745357306459596, 'reg_alpha': 2.513146820113822, 'reg_lambda': 5.0480412078103765, 'gamma': 0.0002753344689709458, 'min_child_weight': 18}. Best is trial 1209 with value: 3.0713123365890098e-06.

[Trial 1241/5000] Starting at 06:47:57
  Lambdas: P=1.214, B=1.311, G=1.207
  XGBoost params: n_estimators=4094, max_depth=13
  Starting cross-validation...
  Trial 1224 MSE: 0.000004 | MAPE: 0.15% | R²: -0.149700
  Trial time: 38.9s
[I 2026-03-13 06:47:59,252] Trial 1224 finished with value: 4.3273893764677e-06 and parameters: {'lambda_P': 0.6009490581389312, 'lambda_B': 1.8259586467061253, 'lambda_G': 0.6390804271881732, 'n_estimators': 7992, 'max_depth': 20, 'learning_rate': 0.002695843026708131, 'subsample': 0.5761298314428667, 'colsample_bytree': 0.604146006931115, 'colsample_bylevel': 0.5006368923029073, 'reg_alpha': 0.4579897684994554, 'reg_lambda': 4.8526419757601715, 'gamma': 0.00017869032509467217, 'min_child_weight': 18}. Best is trial 1209 with value: 3.0713123365890098e-06.

[Trial 1242/5000] Starting at 06:47:59
  Lambdas: P=1.368, B=1.931, G=1.207
  XGBoost params: n_estimators=3684, max_depth=12
  Starting cross-validation...
  Trial 1220 MSE: 0.000004 | MAPE: 0.15% | R²: -0.068438
  Trial time: 48.4s
[I 2026-03-13 06:48:01,608] Trial 1220 finished with value: 3.821910264230143e-06 and parameters: {'lambda_P': 0.9743241401175772, 'lambda_B': 0.5458518660543606, 'lambda_G': 1.0867650977550378, 'n_estimators': 9876, 'max_depth': 4, 'learning_rate': 0.0011251371670015478, 'subsample': 0.8975760254791667, 'colsample_bytree': 0.6718914287127026, 'colsample_bylevel': 0.4174320537546694, 'reg_alpha': 0.2607293386739265, 'reg_lambda': 0.24130961426541808, 'gamma': 0.0003429981126742546, 'min_child_weight': 8}. Best is trial 1209 with value: 3.0713123365890098e-06.

[Trial 1243/5000] Starting at 06:48:01
  Lambdas: P=0.926, B=1.365, G=1.316
  XGBoost params: n_estimators=4818, max_depth=11
  Starting cross-validation...
  Trial 1230 MSE: 0.000004 | MAPE: 0.14% | R²: -0.013479
  Trial time: 30.8s
[I 2026-03-13 06:48:05,478] Trial 1230 finished with value: 3.5817111556283835e-06 and parameters: {'lambda_P': 1.076618106628318, 'lambda_B': 1.7868817293983061, 'lambda_G': 1.198606273091736, 'n_estimators': 6398, 'max_depth': 13, 'learning_rate': 0.0021116277173308137, 'subsample': 0.8442172058319705, 'colsample_bytree': 0.6358722712726872, 'colsample_bylevel': 0.36672528097865076, 'reg_alpha': 0.2631701537697141, 'reg_lambda': 0.14632657691917406, 'gamma': 0.0001628457583557673, 'min_child_weight': 1}. Best is trial 1209 with value: 3.0713123365890098e-06.

[Trial 1244/5000] Starting at 06:48:05
  Lambdas: P=1.276, B=1.565, G=1.165
  XGBoost params: n_estimators=6048, max_depth=11
  Starting cross-validation...
  Trial 1234 MSE: 0.000004 | MAPE: 0.15% | R²: -0.148293
  Trial time: 27.1s
[I 2026-03-13 06:48:07,018] Trial 1234 finished with value: 4.354462353451317e-06 and parameters: {'lambda_P': 0.8811905653561032, 'lambda_B': 1.7817638288262043, 'lambda_G': 1.211110040452417, 'n_estimators': 5692, 'max_depth': 14, 'learning_rate': 0.004037190430441599, 'subsample': 0.8018777883251307, 'colsample_bytree': 0.826296417587699, 'colsample_bylevel': 0.3743378688647633, 'reg_alpha': 0.7398157503812279, 'reg_lambda': 0.6777819564656655, 'gamma': 0.00013615639499733298, 'min_child_weight': 2}. Best is trial 1209 with value: 3.0713123365890098e-06.

[Trial 1245/5000] Starting at 06:48:07
  Lambdas: P=1.168, B=1.620, G=1.355
  XGBoost params: n_estimators=4350, max_depth=10
  Starting cross-validation...
  Trial 1232 MSE: 0.000004 | MAPE: 0.15% | R²: -0.130031
  Trial time: 29.6s
[I 2026-03-13 06:48:07,765] Trial 1232 finished with value: 4.180085969418688e-06 and parameters: {'lambda_P': 1.0157523083872018, 'lambda_B': 1.6258170131696443, 'lambda_G': 1.1568547022526146, 'n_estimators': 7336, 'max_depth': 12, 'learning_rate': 0.004100450344263112, 'subsample': 0.8147483530417151, 'colsample_bytree': 0.7411549154608591, 'colsample_bylevel': 0.34097510592043845, 'reg_alpha': 0.4306304128331223, 'reg_lambda': 0.9396044787746114, 'gamma': 0.0003726355645297806, 'min_child_weight': 2}. Best is trial 1209 with value: 3.0713123365890098e-06.

[Trial 1246/5000] Starting at 06:48:07
  Lambdas: P=1.351, B=0.756, G=1.364
  XGBoost params: n_estimators=9753, max_depth=6
  Starting cross-validation...
  Trial 1226 MSE: 0.000005 | MAPE: 0.16% | R²: -0.294561
  Trial time: 43.7s
[I 2026-03-13 06:48:10,144] Trial 1226 finished with value: 5.029907703937161e-06 and parameters: {'lambda_P': 1.1177299485654617, 'lambda_B': 1.93205946532979, 'lambda_G': 1.1009015307140606, 'n_estimators': 8930, 'max_depth': 14, 'learning_rate': 0.029439430391331, 'subsample': 0.9649701188591634, 'colsample_bytree': 0.6237505207949453, 'colsample_bylevel': 0.41682273987853413, 'reg_alpha': 1.4580251124890433, 'reg_lambda': 1.549767319535081, 'gamma': 0.00019669835408073994, 'min_child_weight': 2}. Best is trial 1209 with value: 3.0713123365890098e-06.

[Trial 1247/5000] Starting at 06:48:10
  Lambdas: P=1.027, B=1.285, G=1.089
  XGBoost params: n_estimators=2507, max_depth=7
  Starting cross-validation...
  Trial 1239 MSE: 0.000003 | MAPE: 0.14% | R²: 0.032017
  Trial time: 15.9s
[I 2026-03-13 06:48:12,694] Trial 1239 finished with value: 3.2787348550703973e-06 and parameters: {'lambda_P': 1.100881316263063, 'lambda_B': 1.7198006919894384, 'lambda_G': 1.3349755596448094, 'n_estimators': 4102, 'max_depth': 13, 'learning_rate': 0.0557028032073149, 'subsample': 0.6595335891416126, 'colsample_bytree': 0.6842579792328537, 'colsample_bylevel': 0.3532051493525112, 'reg_alpha': 0.001822604553841499, 'reg_lambda': 2.660509044158447, 'gamma': 0.00022054848979199908, 'min_child_weight': 7}. Best is trial 1209 with value: 3.0713123365890098e-06.

[Trial 1248/5000] Starting at 06:48:12
  Lambdas: P=0.615, B=1.727, G=1.153
  XGBoost params: n_estimators=3354, max_depth=13
  Starting cross-validation...
  Trial 1235 MSE: 0.000003 | MAPE: 0.13% | R²: 0.045291
  Trial time: 33.3s
[I 2026-03-13 06:48:14,428] Trial 1235 finished with value: 3.2539646517400293e-06 and parameters: {'lambda_P': 1.1477601563935826, 'lambda_B': 1.7855907657343972, 'lambda_G': 1.0113068706730142, 'n_estimators': 6892, 'max_depth': 11, 'learning_rate': 0.0171814676345374, 'subsample': 0.8738629976384931, 'colsample_bytree': 0.6890820569205114, 'colsample_bylevel': 0.31801937296300903, 'reg_alpha': 0.10725364225442267, 'reg_lambda': 1.6881942478213898, 'gamma': 0.00015488731557107482, 'min_child_weight': 1}. Best is trial 1209 with value: 3.0713123365890098e-06.

[Trial 1249/5000] Starting at 06:48:14
  Trial 1236 MSE: 0.000005 | MAPE: 0.16% | R²: -0.314049
  Trial time: 30.0s
[I 2026-03-13 06:48:14,746] Trial 1236 finished with value: 5.076887518448612e-06 and parameters: {'lambda_P': 0.8180119258952141, 'lambda_B': 1.8373172764038808, 'lambda_G': 1.5665976036964175, 'n_estimators': 5980, 'max_depth': 18, 'learning_rate': 0.02013401279008052, 'subsample': 0.9595025252690154, 'colsample_bytree': 0.6509201159754006, 'colsample_bylevel': 0.30065994688576986, 'reg_alpha': 2.33330695260997, 'reg_lambda': 0.2932419027582508, 'gamma': 0.00014493305677397192, 'min_child_weight': 4}. Best is trial 1209 with value: 3.0713123365890098e-06.

[Trial 1250/5000] Starting at 06:48:14
  Lambdas: P=1.273, B=1.736, G=1.471
  XGBoost params: n_estimators=4714, max_depth=12
  Starting cross-validation...
  Lambdas: P=1.386, B=1.722, G=0.830
  XGBoost params: n_estimators=7650, max_depth=13
  Starting cross-validation...
  Trial 1241 MSE: 0.000005 | MAPE: 0.16% | R²: -0.314049
  Trial time: 18.5s
[I 2026-03-13 06:48:17,957] Trial 1241 finished with value: 5.076887518448612e-06 and parameters: {'lambda_P': 1.3678650703197215, 'lambda_B': 1.9309937695477473, 'lambda_G': 1.2071096209550356, 'n_estimators': 3684, 'max_depth': 12, 'learning_rate': 0.04938709046629745, 'subsample': 0.5880469876501706, 'colsample_bytree': 0.7411947276254672, 'colsample_bylevel': 0.3591288100342023, 'reg_alpha': 0.7551523159753925, 'reg_lambda': 1.5647556552512825, 'gamma': 0.0008774700033519479, 'min_child_weight': 2}. Best is trial 1209 with value: 3.0713123365890098e-06.

[Trial 1251/5000] Starting at 06:48:18
  Lambdas: P=0.950, B=1.850, G=1.412
  XGBoost params: n_estimators=2933, max_depth=11
  Starting cross-validation...
  Trial 1227 MSE: 0.000005 | MAPE: 0.16% | R²: -0.314049
  Trial time: 50.0s
[I 2026-03-13 06:48:18,499] Trial 1227 finished with value: 5.076887518448612e-06 and parameters: {'lambda_P': 0.812355327046016, 'lambda_B': 1.7532951333130273, 'lambda_G': 1.6527975605343572, 'n_estimators': 9755, 'max_depth': 6, 'learning_rate': 0.0012194953660248234, 'subsample': 0.3087808634635564, 'colsample_bytree': 0.347483929600959, 'colsample_bylevel': 0.62708221055296, 'reg_alpha': 0.5126089794073376, 'reg_lambda': 4.96698458794777, 'gamma': 0.0006717027063149732, 'min_child_weight': 18}. Best is trial 1209 with value: 3.0713123365890098e-06.

[Trial 1252/5000] Starting at 06:48:18
  Trial 1240 MSE: 0.000003 | MAPE: 0.14% | R²: 0.039595
  Trial time: 21.0s
[I 2026-03-13 06:48:18,889] Trial 1240 finished with value: 3.3533698286879544e-06 and parameters: {'lambda_P': 1.2144544360306992, 'lambda_B': 1.3108077902818032, 'lambda_G': 1.2072504581477974, 'n_estimators': 4094, 'max_depth': 13, 'learning_rate': 0.12446409214084063, 'subsample': 0.7334434069579119, 'colsample_bytree': 0.6068609898037794, 'colsample_bylevel': 0.3170363321369484, 'reg_alpha': 0.17980606687433567, 'reg_lambda': 0.16742661912801005, 'gamma': 0.0001231849865564975, 'min_child_weight': 9}. Best is trial 1209 with value: 3.0713123365890098e-06.

[Trial 1253/5000] Starting at 06:48:18
  Lambdas: P=1.094, B=1.318, G=1.595
  XGBoost params: n_estimators=2547, max_depth=12
  Starting cross-validation...
  Lambdas: P=0.689, B=1.669, G=1.218
  XGBoost params: n_estimators=2008, max_depth=12
  Starting cross-validation...
  Trial 1233 MSE: 0.000004 | MAPE: 0.14% | R²: -0.049529
  Trial time: 43.2s
[I 2026-03-13 06:48:21,901] Trial 1233 finished with value: 3.74368069564797e-06 and parameters: {'lambda_P': 1.2801686180086387, 'lambda_B': 1.8385626913280595, 'lambda_G': 1.173697675936311, 'n_estimators': 8501, 'max_depth': 15, 'learning_rate': 0.003978655511146895, 'subsample': 0.9005710060117355, 'colsample_bytree': 0.7412238992098297, 'colsample_bylevel': 0.3626285574865477, 'reg_alpha': 0.2969365715260253, 'reg_lambda': 1.3837004066324663, 'gamma': 0.0002460400777582084, 'min_child_weight': 3}. Best is trial 1209 with value: 3.0713123365890098e-06.

[Trial 1254/5000] Starting at 06:48:21
  Lambdas: P=1.245, B=1.002, G=0.986
  XGBoost params: n_estimators=4665, max_depth=8
  Starting cross-validation...
  Trial 1246 MSE: 0.000004 | MAPE: 0.15% | R²: -0.146283
  Trial time: 12.6s
[I 2026-03-13 06:48:22,900] Trial 1246 finished with value: 4.21339003387491e-06 and parameters: {'lambda_P': 1.0269299686430842, 'lambda_B': 1.284929857643229, 'lambda_G': 1.0894512241937, 'n_estimators': 2507, 'max_depth': 7, 'learning_rate': 0.038777122030791866, 'subsample': 0.9216991751055523, 'colsample_bytree': 0.4644799710615341, 'colsample_bylevel': 0.3542137548858687, 'reg_alpha': 0.5556208197239528, 'reg_lambda': 9.985771859322439, 'gamma': 0.00031901393532305657, 'min_child_weight': 16}. Best is trial 1209 with value: 3.0713123365890098e-06.

[Trial 1255/5000] Starting at 06:48:22
  Lambdas: P=1.182, B=1.307, G=1.263
  XGBoost params: n_estimators=3738, max_depth=13
  Starting cross-validation...
  Trial 1238 MSE: 0.000005 | MAPE: 0.16% | R²: -0.228976
  Trial time: 29.2s
[I 2026-03-13 06:48:25,009] Trial 1238 finished with value: 4.760795459095186e-06 and parameters: {'lambda_P': 1.2603392372858466, 'lambda_B': 1.5536824964972749, 'lambda_G': 0.7736013439803948, 'n_estimators': 5651, 'max_depth': 11, 'learning_rate': 0.039411531145437155, 'subsample': 0.8092278042135322, 'colsample_bytree': 0.532447921489441, 'colsample_bylevel': 0.3522105144608186, 'reg_alpha': 0.9902103910162017, 'reg_lambda': 1.6110637338444207, 'gamma': 0.00012923708791809694, 'min_child_weight': 2}. Best is trial 1209 with value: 3.0713123365890098e-06.

[Trial 1256/5000] Starting at 06:48:25
  Lambdas: P=1.046, B=1.440, G=1.264
  XGBoost params: n_estimators=2572, max_depth=15
  Starting cross-validation...
  Trial 1242 MSE: 0.000004 | MAPE: 0.15% | R²: -0.111727
  Trial time: 24.2s
[I 2026-03-13 06:48:26,018] Trial 1242 finished with value: 4.127621503509083e-06 and parameters: {'lambda_P': 0.9263963427765955, 'lambda_B': 1.3654971577892652, 'lambda_G': 1.3155280793987305, 'n_estimators': 4818, 'max_depth': 11, 'learning_rate': 0.02820501682420837, 'subsample': 0.7562543641481235, 'colsample_bytree': 0.8421675938996704, 'colsample_bylevel': 0.39811581579640853, 'reg_alpha': 0.4989906353030552, 'reg_lambda': 1.2935663009015888, 'gamma': 0.00020771445194781002, 'min_child_weight': 4}. Best is trial 1209 with value: 3.0713123365890098e-06.

[Trial 1257/5000] Starting at 06:48:26
  Lambdas: P=1.065, B=1.033, G=1.169
  XGBoost params: n_estimators=5092, max_depth=20
  Starting cross-validation...
  Trial 1247 MSE: 0.000005 | MAPE: 0.16% | R²: -0.265073
  Trial time: 13.9s
[I 2026-03-13 06:48:26,758] Trial 1247 finished with value: 4.930622687351847e-06 and parameters: {'lambda_P': 0.6154283177942558, 'lambda_B': 1.7269812240064575, 'lambda_G': 1.1528811044524208, 'n_estimators': 3354, 'max_depth': 13, 'learning_rate': 0.16021832667317393, 'subsample': 0.7261703601806455, 'colsample_bytree': 0.6372233740925459, 'colsample_bylevel': 0.4748465915012385, 'reg_alpha': 0.7301227019920528, 'reg_lambda': 4.69111877764896, 'gamma': 0.0005734743613171017, 'min_child_weight': 5}. Best is trial 1209 with value: 3.0713123365890098e-06.

[Trial 1258/5000] Starting at 06:48:26
  Lambdas: P=0.798, B=1.097, G=1.176
  XGBoost params: n_estimators=4296, max_depth=11
  Starting cross-validation...
  Trial 1237 MSE: 0.000005 | MAPE: 0.16% | R²: -0.314049
  Trial time: 39.5s
[I 2026-03-13 06:48:28,244] Trial 1237 finished with value: 5.076887518448612e-06 and parameters: {'lambda_P': 1.2642223120320126, 'lambda_B': 1.9764391727151323, 'lambda_G': 1.130901415981803, 'n_estimators': 9018, 'max_depth': 15, 'learning_rate': 0.004335508742286435, 'subsample': 0.9621897757332096, 'colsample_bytree': 0.5565440813758907, 'colsample_bylevel': 0.3816907796265824, 'reg_alpha': 2.2018472983377473, 'reg_lambda': 0.26452227302138187, 'gamma': 0.00012185791423234294, 'min_child_weight': 2}. Best is trial 1209 with value: 3.0713123365890098e-06.

[Trial 1259/5000] Starting at 06:48:28
  Lambdas: P=1.484, B=1.390, G=1.181
  XGBoost params: n_estimators=4317, max_depth=14
  Starting cross-validation...
  Trial 1244 MSE: 0.000005 | MAPE: 0.16% | R²: -0.205224
  Trial time: 22.1s
[I 2026-03-13 06:48:29,331] Trial 1244 finished with value: 4.65543605750316e-06 and parameters: {'lambda_P': 1.1681126740007222, 'lambda_B': 1.6201734839899253, 'lambda_G': 1.3549256462651864, 'n_estimators': 4350, 'max_depth': 10, 'learning_rate': 0.1745603903992338, 'subsample': 0.6561723629294829, 'colsample_bytree': 0.7826819570404386, 'colsample_bylevel': 0.46440912651256655, 'reg_alpha': 0.673919432923248, 'reg_lambda': 0.9248804516354092, 'gamma': 0.0002846728525360165, 'min_child_weight': 5}. Best is trial 1209 with value: 3.0713123365890098e-06.

[Trial 1260/5000] Starting at 06:48:29
  Trial 1252 MSE: 0.000005 | MAPE: 0.16% | R²: -0.314049
  Trial time: 10.5s
[I 2026-03-13 06:48:29,563] Trial 1252 finished with value: 5.076887518448612e-06 and parameters: {'lambda_P': 0.6886588949644085, 'lambda_B': 1.6689475303982126, 'lambda_G': 1.217959239744207, 'n_estimators': 2008, 'max_depth': 12, 'learning_rate': 0.4804740928422968, 'subsample': 0.37426895766453794, 'colsample_bytree': 0.6913402830305517, 'colsample_bylevel': 0.380747460654903, 'reg_alpha': 1.6476917738744166, 'reg_lambda': 2.896234722353063, 'gamma': 0.0002877982739099356, 'min_child_weight': 7}. Best is trial 1209 with value: 3.0713123365890098e-06.

[Trial 1261/5000] Starting at 06:48:29
  Lambdas: P=0.892, B=1.012, G=1.493
  XGBoost params: n_estimators=1351, max_depth=16
  Starting cross-validation...
  Lambdas: P=1.163, B=1.220, G=1.292
  XGBoost params: n_estimators=5190, max_depth=16
  Starting cross-validation...
  Trial 1251 MSE: 0.000005 | MAPE: 0.16% | R²: -0.314049
  Trial time: 12.9s
[I 2026-03-13 06:48:31,578] Trial 1251 finished with value: 5.076887518448612e-06 and parameters: {'lambda_P': 1.0936512653470845, 'lambda_B': 1.3180195875692868, 'lambda_G': 1.5951260929225033, 'n_estimators': 2547, 'max_depth': 12, 'learning_rate': 0.28491046320195923, 'subsample': 0.5958561485901251, 'colsample_bytree': 0.5449627352293156, 'colsample_bylevel': 0.3453094014999927, 'reg_alpha': 1.6483937237026929, 'reg_lambda': 2.303232832662782, 'gamma': 0.0011530684666987577, 'min_child_weight': 4}. Best is trial 1209 with value: 3.0713123365890098e-06.

[Trial 1262/5000] Starting at 06:48:31
  Lambdas: P=1.391, B=1.605, G=0.968
  XGBoost params: n_estimators=2458, max_depth=12
  Starting cross-validation...
  Trial 1250 MSE: 0.000005 | MAPE: 0.16% | R²: -0.193963
  Trial time: 14.6s
[I 2026-03-13 06:48:32,721] Trial 1250 finished with value: 4.55777873489702e-06 and parameters: {'lambda_P': 0.9496972489189338, 'lambda_B': 1.8504244969931536, 'lambda_G': 1.411984490992914, 'n_estimators': 2933, 'max_depth': 11, 'learning_rate': 0.12533005441119027, 'subsample': 0.6176349349893315, 'colsample_bytree': 0.5812806988415464, 'colsample_bylevel': 0.5276001728820358, 'reg_alpha': 0.5219259326696605, 'reg_lambda': 2.795283752765429, 'gamma': 0.00036223278093747927, 'min_child_weight': 6}. Best is trial 1209 with value: 3.0713123365890098e-06.

[Trial 1263/5000] Starting at 06:48:32
  Lambdas: P=0.890, B=1.975, G=1.487
  XGBoost params: n_estimators=3117, max_depth=8
  Starting cross-validation...
  Trial 1243 MSE: 0.000005 | MAPE: 0.16% | R²: -0.242489
  Trial time: 29.5s
[I 2026-03-13 06:48:35,190] Trial 1243 finished with value: 4.6815215597447266e-06 and parameters: {'lambda_P': 1.276383292749771, 'lambda_B': 1.5654754560475088, 'lambda_G': 1.1648592883674065, 'n_estimators': 6048, 'max_depth': 11, 'learning_rate': 0.1566080635334896, 'subsample': 0.8203097088993697, 'colsample_bytree': 0.6869139386530269, 'colsample_bylevel': 0.30118952210742334, 'reg_alpha': 0.6136705916183091, 'reg_lambda': 0.43379410458324585, 'gamma': 0.0005992954050112943, 'min_child_weight': 5}. Best is trial 1209 with value: 3.0713123365890098e-06.

[Trial 1264/5000] Starting at 06:48:35
  Lambdas: P=1.591, B=1.846, G=0.805
  Trial 1259 MSE: 0.000005 | MAPE: 0.16% | R²: -0.314049
  Trial time: 6.1s
[I 2026-03-13 06:48:35,644] Trial 1259 finished with value: 5.076887518448612e-06 and parameters: {'lambda_P': 0.892095017208296, 'lambda_B': 1.011906108642541, 'lambda_G': 1.492746051846398, 'n_estimators': 1351, 'max_depth': 16, 'learning_rate': 0.48730155461620894, 'subsample': 0.8278043435233702, 'colsample_bytree': 0.48437551106094734, 'colsample_bylevel': 0.4974815251982976, 'reg_alpha': 1.7146902946051246, 'reg_lambda': 1.477457058921792, 'gamma': 0.00013966852248497357, 'min_child_weight': 10}. Best is trial 1209 with value: 3.0713123365890098e-06.

[Trial 1265/5000] Starting at 06:48:35
  XGBoost params: n_estimators=3343, max_depth=16
  Starting cross-validation...
  Lambdas: P=0.969, B=0.993, G=1.329
  XGBoost params: n_estimators=4826, max_depth=15
  Starting cross-validation...
  Trial 1248 MSE: 0.000005 | MAPE: 0.16% | R²: -0.314049
  Trial time: 22.9s
[I 2026-03-13 06:48:37,538] Trial 1248 finished with value: 5.076887518448612e-06 and parameters: {'lambda_P': 1.2729107194439642, 'lambda_B': 1.736137406722392, 'lambda_G': 1.4711710440762042, 'n_estimators': 4714, 'max_depth': 12, 'learning_rate': 0.08147517702059001, 'subsample': 0.5880771713785864, 'colsample_bytree': 0.5588207001969155, 'colsample_bylevel': 0.433273063645785, 'reg_alpha': 2.774849071048434, 'reg_lambda': 3.0077490970034346, 'gamma': 0.0007141576961091558, 'min_child_weight': 10}. Best is trial 1209 with value: 3.0713123365890098e-06.

[Trial 1266/5000] Starting at 06:48:37
  Lambdas: P=1.265, B=1.111, G=1.205
  XGBoost params: n_estimators=5621, max_depth=16
  Starting cross-validation...
  Trial 1255 MSE: 0.000005 | MAPE: 0.16% | R²: -0.314049
  Trial time: 13.1s
