[I 2026-03-13 07:03:35,061] Trial 1769 finished with value: 3.842674087357186e-06 and parameters: {'lambda_P': 1.5612184297854406, 'lambda_B': 1.5809905906392756, 'lambda_G': 1.6825124585539473, 'n_estimators': 6625, 'max_depth': 5, 'learning_rate': 0.025474699685052987, 'subsample': 0.720222350985665, 'colsample_bytree': 0.4301200347869206, 'colsample_bylevel': 0.3022389426628543, 'reg_alpha': 0.42295562450922164, 'reg_lambda': 9.038682028084837, 'gamma': 0.00010323437227284755, 'min_child_weight': 9}. Best is trial 1422 with value: 2.996031181594198e-06.

[Trial 1779/5000] Starting at 07:03:35
  Lambdas: P=1.564, B=1.762, G=1.356
  XGBoost params: n_estimators=7510, max_depth=11
  Starting cross-validation...
  Trial 1770 MSE: 0.000004 | MAPE: 0.14% | R²: -0.035437
  Trial time: 23.7s
[I 2026-03-13 07:03:35,765] Trial 1770 finished with value: 3.7338194172163036e-06 and parameters: {'lambda_P': 1.6090554628603049, 'lambda_B': 1.5749168248760177, 'lambda_G': 1.0321588848626886, 'n_estimators': 4823, 'max_depth': 9, 'learning_rate': 0.005647103904370422, 'subsample': 0.9286459083941198, 'colsample_bytree': 0.6937817933608509, 'colsample_bylevel': 0.36444912275019764, 'reg_alpha': 0.46448573173480023, 'reg_lambda': 9.278801790653585, 'gamma': 0.00010285330023041103, 'min_child_weight': 11}. Best is trial 1422 with value: 2.996031181594198e-06.

[Trial 1780/5000] Starting at 07:03:35
  Lambdas: P=1.731, B=1.951, G=1.377
  XGBoost params: n_estimators=4122, max_depth=5
  Starting cross-validation...
  Trial 1763 MSE: 0.000005 | MAPE: 0.16% | R²: -0.314049
  Trial time: 36.5s
[I 2026-03-13 07:03:37,103] Trial 1763 finished with value: 5.076887518448612e-06 and parameters: {'lambda_P': 1.9477506201857455, 'lambda_B': 1.8492060645245536, 'lambda_G': 1.6385461265224954, 'n_estimators': 7079, 'max_depth': 11, 'learning_rate': 0.02312255811080385, 'subsample': 0.7925986964842913, 'colsample_bytree': 0.569736400627053, 'colsample_bylevel': 0.43512444306836534, 'reg_alpha': 3.891783112042443, 'reg_lambda': 9.458268578961166, 'gamma': 0.00013114102278523074, 'min_child_weight': 14}. Best is trial 1422 with value: 2.996031181594198e-06.

[Trial 1781/5000] Starting at 07:03:37
  Lambdas: P=1.522, B=1.942, G=1.578
  XGBoost params: n_estimators=5276, max_depth=7
  Starting cross-validation...
  Trial 1768 MSE: 0.000005 | MAPE: 0.16% | R²: -0.281261
  Trial time: 30.9s
[I 2026-03-13 07:03:37,872] Trial 1768 finished with value: 4.98590214113859e-06 and parameters: {'lambda_P': 1.7514230716780879, 'lambda_B': 1.8865722365435365, 'lambda_G': 1.567680106383046, 'n_estimators': 6712, 'max_depth': 8, 'learning_rate': 0.03136131426643463, 'subsample': 0.8537724902938617, 'colsample_bytree': 0.48399809474820416, 'colsample_bylevel': 0.3038180957899288, 'reg_alpha': 1.2667363436804528, 'reg_lambda': 8.699190953684932, 'gamma': 0.0001231939355493387, 'min_child_weight': 11}. Best is trial 1422 with value: 2.996031181594198e-06.

[Trial 1782/5000] Starting at 07:03:37
  Lambdas: P=0.582, B=1.233, G=0.667
  XGBoost params: n_estimators=3683, max_depth=15
  Starting cross-validation...
  Trial 1764 MSE: 0.000005 | MAPE: 0.16% | R²: -0.174315
  Trial time: 37.9s
[I 2026-03-13 07:03:39,671] Trial 1764 finished with value: 4.533979491178647e-06 and parameters: {'lambda_P': 1.5016888729645779, 'lambda_B': 1.482388758456485, 'lambda_G': 1.5820435802340198, 'n_estimators': 7312, 'max_depth': 5, 'learning_rate': 0.019149728899855143, 'subsample': 0.9007100071728454, 'colsample_bytree': 0.6470692838474466, 'colsample_bylevel': 0.3007593134008533, 'reg_alpha': 1.0078685493939485, 'reg_lambda': 8.110725228650256, 'gamma': 0.00010516008313844097, 'min_child_weight': 11}. Best is trial 1422 with value: 2.996031181594198e-06.

[Trial 1783/5000] Starting at 07:03:39
  Lambdas: P=1.809, B=1.655, G=1.038
  XGBoost params: n_estimators=8660, max_depth=7
  Starting cross-validation...
  Trial 1765 MSE: 0.000004 | MAPE: 0.16% | R²: -0.174030
  Trial time: 44.7s
[I 2026-03-13 07:03:47,945] Trial 1765 finished with value: 4.419164919843208e-06 and parameters: {'lambda_P': 1.4471506708042692, 'lambda_B': 1.5149565518584638, 'lambda_G': 1.2303324922338967, 'n_estimators': 8774, 'max_depth': 7, 'learning_rate': 0.030030246575121152, 'subsample': 0.7700435468501367, 'colsample_bytree': 0.4359359970818891, 'colsample_bylevel': 0.36270363178435955, 'reg_alpha': 0.2833138091751385, 'reg_lambda': 9.602765694016986, 'gamma': 0.0010176690136638692, 'min_child_weight': 12}. Best is trial 1422 with value: 2.996031181594198e-06.

[Trial 1784/5000] Starting at 07:03:48
  Lambdas: P=1.650, B=1.951, G=1.340
  XGBoost params: n_estimators=6038, max_depth=9
  Starting cross-validation...
  Trial 1772 MSE: 0.000005 | MAPE: 0.16% | R²: -0.314049
  Trial time: 33.4s
[I 2026-03-13 07:03:50,283] Trial 1772 finished with value: 5.076887518448612e-06 and parameters: {'lambda_P': 1.840967694851377, 'lambda_B': 1.63416497668159, 'lambda_G': 1.6640250788894595, 'n_estimators': 8364, 'max_depth': 8, 'learning_rate': 0.014814267052869354, 'subsample': 0.9203310477770641, 'colsample_bytree': 0.44809384857601975, 'colsample_bylevel': 0.36051566980100136, 'reg_alpha': 4.047275881185124, 'reg_lambda': 8.584101620574588, 'gamma': 0.0005229642831288957, 'min_child_weight': 12}. Best is trial 1422 with value: 2.996031181594198e-06.

[Trial 1785/5000] Starting at 07:03:50
  Trial 1767 MSE: 0.000004 | MAPE: 0.15% | R²: -0.146906
  Trial time: 44.3s
[I 2026-03-13 07:03:50,476] Trial 1767 finished with value: 4.239189994329557e-06 and parameters: {'lambda_P': 0.5064763333471304, 'lambda_B': 0.9867847244667867, 'lambda_G': 0.9823832679729116, 'n_estimators': 8719, 'max_depth': 17, 'learning_rate': 0.05145368579785304, 'subsample': 0.6763462729293813, 'colsample_bytree': 0.35568062063321654, 'colsample_bylevel': 0.6018207745312576, 'reg_alpha': 0.4487783696302068, 'reg_lambda': 0.489844886036068, 'gamma': 0.00024062344021749996, 'min_child_weight': 5}. Best is trial 1422 with value: 2.996031181594198e-06.

[Trial 1786/5000] Starting at 07:03:50
  Lambdas: P=1.910, B=1.894, G=1.880
  XGBoost params: n_estimators=7661, max_depth=9
  Starting cross-validation...
  Lambdas: P=1.720, B=1.751, G=1.496
  XGBoost params: n_estimators=7121, max_depth=8
  Starting cross-validation...
  Trial 1774 MSE: 0.000005 | MAPE: 0.16% | R²: -0.314049
  Trial time: 26.4s
[I 2026-03-13 07:03:51,532] Trial 1774 finished with value: 5.076887518448612e-06 and parameters: {'lambda_P': 1.7452670271333057, 'lambda_B': 1.3334693395543349, 'lambda_G': 1.3620602319119153, 'n_estimators': 5661, 'max_depth': 2, 'learning_rate': 0.006861458809576077, 'subsample': 0.5760224647240405, 'colsample_bytree': 0.3133418176063024, 'colsample_bylevel': 0.35259984700468405, 'reg_alpha': 0.9854608795652731, 'reg_lambda': 7.300679106340263, 'gamma': 0.0010536578978976117, 'min_child_weight': 12}. Best is trial 1422 with value: 2.996031181594198e-06.

[Trial 1787/5000] Starting at 07:03:51
  Lambdas: P=1.961, B=1.865, G=0.949
  XGBoost params: n_estimators=7699, max_depth=9
  Starting cross-validation...
  Trial 1771 MSE: 0.000005 | MAPE: 0.16% | R²: -0.283044
  Trial time: 38.7s
[I 2026-03-13 07:03:52,284] Trial 1771 finished with value: 4.994060880293078e-06 and parameters: {'lambda_P': 1.787410434072561, 'lambda_B': 1.6849228251038892, 'lambda_G': 1.8183374340999288, 'n_estimators': 7856, 'max_depth': 6, 'learning_rate': 0.026460005134841993, 'subsample': 0.7327198358940432, 'colsample_bytree': 0.43451608667754, 'colsample_bylevel': 0.36344168676821176, 'reg_alpha': 1.0373396546764662, 'reg_lambda': 8.196749017684212, 'gamma': 0.0002227546332964892, 'min_child_weight': 11}. Best is trial 1422 with value: 2.996031181594198e-06.

[Trial 1788/5000] Starting at 07:03:52
  Lambdas: P=1.699, B=1.966, G=1.727
  XGBoost params: n_estimators=4206, max_depth=5
  Starting cross-validation...
  Trial 1781 MSE: 0.000004 | MAPE: 0.16% | R²: -0.232571
  Trial time: 17.1s
[I 2026-03-13 07:03:55,170] Trial 1781 finished with value: 4.473248282947913e-06 and parameters: {'lambda_P': 0.5815454764862267, 'lambda_B': 1.2332864534355383, 'lambda_G': 0.6666737068701076, 'n_estimators': 3683, 'max_depth': 15, 'learning_rate': 0.38884762442169335, 'subsample': 0.8301510217428698, 'colsample_bytree': 0.32369972400764213, 'colsample_bylevel': 0.5342226473645351, 'reg_alpha': 0.01076373522722053, 'reg_lambda': 3.0593893410493807, 'gamma': 0.0006435691605096467, 'min_child_weight': 10}. Best is trial 1422 with value: 2.996031181594198e-06.

[Trial 1789/5000] Starting at 07:03:55
  Lambdas: P=1.948, B=1.888, G=1.440
  XGBoost params: n_estimators=9300, max_depth=8
  Starting cross-validation...
  Trial 1773 MSE: 0.000005 | MAPE: 0.16% | R²: -0.314049
  Trial time: 36.8s
[I 2026-03-13 07:03:56,151] Trial 1773 finished with value: 5.076887518448612e-06 and parameters: {'lambda_P': 1.8031143284240922, 'lambda_B': 1.6922625393102044, 'lambda_G': 1.4609753928251317, 'n_estimators': 7532, 'max_depth': 11, 'learning_rate': 0.05024426531522912, 'subsample': 0.6628767318393607, 'colsample_bytree': 0.43071139474376263, 'colsample_bylevel': 0.4174401103801578, 'reg_alpha': 1.1651488472751175, 'reg_lambda': 8.970943051717063, 'gamma': 0.0009600714214099214, 'min_child_weight': 7}. Best is trial 1422 with value: 2.996031181594198e-06.

[Trial 1790/5000] Starting at 07:03:56
  Lambdas: P=0.600, B=1.295, G=1.440
  XGBoost params: n_estimators=4446, max_depth=14
  Starting cross-validation...
  Trial 1779 MSE: 0.000005 | MAPE: 0.16% | R²: -0.314049
  Trial time: 21.1s
[I 2026-03-13 07:03:57,039] Trial 1779 finished with value: 5.076887518448612e-06 and parameters: {'lambda_P': 1.7307054087087124, 'lambda_B': 1.9505981880231227, 'lambda_G': 1.3767758697033554, 'n_estimators': 4122, 'max_depth': 5, 'learning_rate': 0.006640733819491298, 'subsample': 0.5441730295833733, 'colsample_bytree': 0.528371050035646, 'colsample_bylevel': 0.35446445650647385, 'reg_alpha': 1.3203289123586077, 'reg_lambda': 4.68870907699031, 'gamma': 0.00024150553670197774, 'min_child_weight': 10}. Best is trial 1422 with value: 2.996031181594198e-06.

[Trial 1791/5000] Starting at 07:03:57
  Lambdas: P=1.244, B=1.927, G=0.546
  XGBoost params: n_estimators=7172, max_depth=19
  Starting cross-validation...
  Trial 1775 MSE: 0.000004 | MAPE: 0.15% | R²: -0.135569
  Trial time: 33.9s
[I 2026-03-13 07:04:03,420] Trial 1775 finished with value: 4.192706027234563e-06 and parameters: {'lambda_P': 1.9143005707374747, 'lambda_B': 1.93595800858898, 'lambda_G': 1.583785149239926, 'n_estimators': 7036, 'max_depth': 7, 'learning_rate': 0.00667046728704796, 'subsample': 0.8323905208734248, 'colsample_bytree': 0.30675497691522835, 'colsample_bylevel': 0.4817748961484873, 'reg_alpha': 0.316575888146988, 'reg_lambda': 8.48109282069438, 'gamma': 0.0005867249047232793, 'min_child_weight': 8}. Best is trial 1422 with value: 2.996031181594198e-06.

[Trial 1792/5000] Starting at 07:04:03
  Lambdas: P=1.916, B=1.844, G=0.618
  XGBoost params: n_estimators=7432, max_depth=8
  Starting cross-validation...
  Trial 1780 MSE: 0.000005 | MAPE: 0.16% | R²: -0.314049
  Trial time: 26.9s
[I 2026-03-13 07:04:04,205] Trial 1780 finished with value: 5.076887518448612e-06 and parameters: {'lambda_P': 1.5216763348509892, 'lambda_B': 1.9416047705835364, 'lambda_G': 1.5776654848724652, 'n_estimators': 5276, 'max_depth': 7, 'learning_rate': 0.04470832956432501, 'subsample': 0.6326226636460334, 'colsample_bytree': 0.35564444725190836, 'colsample_bylevel': 0.3679663467876594, 'reg_alpha': 1.1906203514672622, 'reg_lambda': 8.508149998305825, 'gamma': 0.004962509845849346, 'min_child_weight': 5}. Best is trial 1422 with value: 2.996031181594198e-06.

[Trial 1793/5000] Starting at 07:04:04
  Lambdas: P=1.763, B=1.694, G=1.715
  XGBoost params: n_estimators=6159, max_depth=7
  Starting cross-validation...
  Trial 1778 MSE: 0.000005 | MAPE: 0.16% | R²: -0.177995
  Trial time: 34.4s
[I 2026-03-13 07:04:09,668] Trial 1778 finished with value: 4.503245749982708e-06 and parameters: {'lambda_P': 1.5642488143591542, 'lambda_B': 1.7622385546060242, 'lambda_G': 1.355992469964747, 'n_estimators': 7510, 'max_depth': 11, 'learning_rate': 0.007532941669906717, 'subsample': 0.5339371253577085, 'colsample_bytree': 0.46477702989638425, 'colsample_bylevel': 0.3504999688419605, 'reg_alpha': 0.5521525729198226, 'reg_lambda': 8.882167387740251, 'gamma': 0.00011079671674088889, 'min_child_weight': 9}. Best is trial 1422 with value: 2.996031181594198e-06.

[Trial 1794/5000] Starting at 07:04:09
  Lambdas: P=0.772, B=1.465, G=0.665
  XGBoost params: n_estimators=7574, max_depth=19
  Starting cross-validation...
  Trial 1776 MSE: 0.000005 | MAPE: 0.16% | R²: -0.284379
  Trial time: 40.0s
[I 2026-03-13 07:04:10,466] Trial 1776 finished with value: 4.98477221481535e-06 and parameters: {'lambda_P': 1.9035743493860307, 'lambda_B': 1.9179145853152353, 'lambda_G': 0.6651769784784454, 'n_estimators': 8937, 'max_depth': 9, 'learning_rate': 0.006540304654908334, 'subsample': 0.9586844206002079, 'colsample_bytree': 0.6926580422218354, 'colsample_bylevel': 0.7768491334212548, 'reg_alpha': 0.8041019599780274, 'reg_lambda': 6.380526965908285, 'gamma': 0.0011115966712756027, 'min_child_weight': 8}. Best is trial 1422 with value: 2.996031181594198e-06.

[Trial 1795/5000] Starting at 07:04:10
  Lambdas: P=1.822, B=1.630, G=1.694
  XGBoost params: n_estimators=5683, max_depth=8
  Starting cross-validation...
  Trial 1787 MSE: 0.000005 | MAPE: 0.16% | R²: -0.314049
  Trial time: 21.1s
[I 2026-03-13 07:04:13,597] Trial 1787 finished with value: 5.076887518448612e-06 and parameters: {'lambda_P': 1.6986615904406634, 'lambda_B': 1.9664724650204934, 'lambda_G': 1.7266163450463377, 'n_estimators': 4206, 'max_depth': 5, 'learning_rate': 0.031401173743501654, 'subsample': 0.6419039299445886, 'colsample_bytree': 0.4347059553188438, 'colsample_bylevel': 0.44706711931302967, 'reg_alpha': 0.8022032245562382, 'reg_lambda': 5.108985275797679, 'gamma': 0.0007793615096510358, 'min_child_weight': 6}. Best is trial 1422 with value: 2.996031181594198e-06.

[Trial 1796/5000] Starting at 07:04:13
  Lambdas: P=1.862, B=1.508, G=0.627
  XGBoost params: n_estimators=3735, max_depth=3
  Starting cross-validation...
  Trial 1789 MSE: 0.000003 | MAPE: 0.14% | R²: 0.020015
  Trial time: 20.6s
[I 2026-03-13 07:04:16,946] Trial 1789 finished with value: 3.4547539705964103e-06 and parameters: {'lambda_P': 0.5995483815771888, 'lambda_B': 1.2953581112446253, 'lambda_G': 1.4404067979227237, 'n_estimators': 4446, 'max_depth': 14, 'learning_rate': 0.28176924993769165, 'subsample': 0.9723882067970553, 'colsample_bytree': 0.3184452686255691, 'colsample_bylevel': 0.8142437289128291, 'reg_alpha': 0.17992418308125696, 'reg_lambda': 3.724539785369352, 'gamma': 0.0001214091619523756, 'min_child_weight': 2}. Best is trial 1422 with value: 2.996031181594198e-06.

[Trial 1797/5000] Starting at 07:04:17
  Lambdas: P=1.929, B=1.423, G=1.067
  XGBoost params: n_estimators=7272, max_depth=10
  Starting cross-validation...
  Trial 1777 MSE: 0.000005 | MAPE: 0.16% | R²: -0.314049
  Trial time: 44.1s
[I 2026-03-13 07:04:17,880] Trial 1777 finished with value: 5.076887518448612e-06 and parameters: {'lambda_P': 1.563301123563529, 'lambda_B': 1.7953218268946947, 'lambda_G': 1.6246171817267903, 'n_estimators': 9473, 'max_depth': 5, 'learning_rate': 0.04370278842487805, 'subsample': 0.49227518761831524, 'colsample_bytree': 0.3623405994279993, 'colsample_bylevel': 0.34980746937783375, 'reg_alpha': 1.246933695870009, 'reg_lambda': 7.217946078592796, 'gamma': 0.0005864060289033296, 'min_child_weight': 8}. Best is trial 1422 with value: 2.996031181594198e-06.

[Trial 1798/5000] Starting at 07:04:17
  Lambdas: P=1.879, B=1.808, G=0.996
  XGBoost params: n_estimators=9758, max_depth=8
  Starting cross-validation...
  Trial 1783 MSE: 0.000003 | MAPE: 0.14% | R²: 0.032810
  Trial time: 30.8s
[I 2026-03-13 07:04:18,934] Trial 1783 finished with value: 3.3177579949997095e-06 and parameters: {'lambda_P': 1.64998042513679, 'lambda_B': 1.950943091027008, 'lambda_G': 1.3403084719887868, 'n_estimators': 6038, 'max_depth': 9, 'learning_rate': 0.025292656298724608, 'subsample': 0.5629649963971957, 'colsample_bytree': 0.4360194565523756, 'colsample_bylevel': 0.3186003545137238, 'reg_alpha': 0.0634728656144734, 'reg_lambda': 7.006532019281795, 'gamma': 0.0002405543087336057, 'min_child_weight': 9}. Best is trial 1422 with value: 2.996031181594198e-06.

[Trial 1799/5000] Starting at 07:04:19
  Lambdas: P=1.848, B=1.578, G=0.687
  XGBoost params: n_estimators=7761, max_depth=14
  Starting cross-validation...
  Trial 1786 MSE: 0.000005 | MAPE: 0.16% | R²: -0.244170
  Trial time: 29.2s
[I 2026-03-13 07:04:20,919] Trial 1786 finished with value: 4.795833671402073e-06 and parameters: {'lambda_P': 1.961082677643364, 'lambda_B': 1.8649482654388643, 'lambda_G': 0.9488434065805149, 'n_estimators': 7699, 'max_depth': 9, 'learning_rate': 0.004110935644614829, 'subsample': 0.9298555850500723, 'colsample_bytree': 0.421848060944899, 'colsample_bylevel': 0.6720652591165592, 'reg_alpha': 0.6003270064191174, 'reg_lambda': 5.581284528360898, 'gamma': 0.001069061788391835, 'min_child_weight': 11}. Best is trial 1422 with value: 2.996031181594198e-06.

[Trial 1800/5000] Starting at 07:04:21
  Lambdas: P=1.849, B=1.349, G=1.179
  XGBoost params: n_estimators=8060, max_depth=10
  Starting cross-validation...
  Trial 1782 MSE: 0.000005 | MAPE: 0.16% | R²: -0.314049
  Trial time: 43.9s
[I 2026-03-13 07:04:23,800] Trial 1782 finished with value: 5.076887518448612e-06 and parameters: {'lambda_P': 1.8088130046898838, 'lambda_B': 1.6548029414041472, 'lambda_G': 1.0376144062736334, 'n_estimators': 8660, 'max_depth': 7, 'learning_rate': 0.013766493311725414, 'subsample': 0.46125735202649937, 'colsample_bytree': 0.38290623914650435, 'colsample_bylevel': 0.44474131503891745, 'reg_alpha': 1.4424859434755464, 'reg_lambda': 7.05671888316439, 'gamma': 0.00016887839354562354, 'min_child_weight': 9}. Best is trial 1422 with value: 2.996031181594198e-06.

[Trial 1801/5000] Starting at 07:04:23
  Lambdas: P=1.903, B=1.311, G=0.947
  XGBoost params: n_estimators=6875, max_depth=12
  Starting cross-validation...
  Trial 1790 MSE: 0.000005 | MAPE: 0.16% | R²: -0.314049
  Trial time: 27.8s
[I 2026-03-13 07:04:25,027] Trial 1790 finished with value: 5.076887518448612e-06 and parameters: {'lambda_P': 1.2439226302929407, 'lambda_B': 1.9274902552270154, 'lambda_G': 0.5463505293922837, 'n_estimators': 7172, 'max_depth': 19, 'learning_rate': 0.10162461226190415, 'subsample': 0.9896214838895021, 'colsample_bytree': 0.6362987325615348, 'colsample_bylevel': 0.3300683881513736, 'reg_alpha': 9.577255239391008, 'reg_lambda': 2.4260693583181276, 'gamma': 0.004352651059212481, 'min_child_weight': 9}. Best is trial 1422 with value: 2.996031181594198e-06.

[Trial 1802/5000] Starting at 07:04:25
  Lambdas: P=1.789, B=1.719, G=1.867
  XGBoost params: n_estimators=4426, max_depth=3
  Starting cross-validation...
  Trial 1785 MSE: 0.000004 | MAPE: 0.16% | R²: -0.193888
  Trial time: 36.0s
[I 2026-03-13 07:04:26,709] Trial 1785 finished with value: 4.445789780561423e-06 and parameters: {'lambda_P': 1.7195550795351755, 'lambda_B': 1.7508993308814782, 'lambda_G': 1.4957420887689654, 'n_estimators': 7121, 'max_depth': 8, 'learning_rate': 0.012489154119247283, 'subsample': 0.5954974010763087, 'colsample_bytree': 0.3249593053766944, 'colsample_bylevel': 0.3855645534653095, 'reg_alpha': 0.061037436855148584, 'reg_lambda': 7.974936879081225, 'gamma': 0.0012040110992514212, 'min_child_weight': 10}. Best is trial 1422 with value: 2.996031181594198e-06.

[Trial 1803/5000] Starting at 07:04:26
  Lambdas: P=1.502, B=1.563, G=1.183
  XGBoost params: n_estimators=1401, max_depth=2
  Starting cross-validation...
  Trial 1784 MSE: 0.000005 | MAPE: 0.16% | R²: -0.314049
  Trial time: 38.6s
[I 2026-03-13 07:04:29,060] Trial 1784 finished with value: 5.076887518448612e-06 and parameters: {'lambda_P': 1.9102686083524936, 'lambda_B': 1.893692681917724, 'lambda_G': 1.8798361057222808, 'n_estimators': 7661, 'max_depth': 9, 'learning_rate': 0.0037946887260028794, 'subsample': 0.6378368734462667, 'colsample_bytree': 0.40116802071940527, 'colsample_bylevel': 0.3391277135034221, 'reg_alpha': 1.426756554158692, 'reg_lambda': 4.340250082196089, 'gamma': 0.00015665922633290564, 'min_child_weight': 13}. Best is trial 1422 with value: 2.996031181594198e-06.

[Trial 1804/5000] Starting at 07:04:29
  Lambdas: P=1.738, B=1.756, G=0.660
  XGBoost params: n_estimators=6267, max_depth=8
  Starting cross-validation...
  Trial 1795 MSE: 0.000005 | MAPE: 0.16% | R²: -0.314049
  Trial time: 18.1s
[I 2026-03-13 07:04:31,881] Trial 1795 finished with value: 5.076887518448612e-06 and parameters: {'lambda_P': 1.8618172790869347, 'lambda_B': 1.5083927216953499, 'lambda_G': 0.6273143256184286, 'n_estimators': 3735, 'max_depth': 3, 'learning_rate': 0.013401109618134241, 'subsample': 0.9170583755514619, 'colsample_bytree': 0.6304695086852843, 'colsample_bylevel': 0.5815584804005592, 'reg_alpha': 7.967247323344189, 'reg_lambda': 8.059134298043494, 'gamma': 0.01456709743632009, 'min_child_weight': 8}. Best is trial 1422 with value: 2.996031181594198e-06.

[Trial 1805/5000] Starting at 07:04:31
  Lambdas: P=1.569, B=1.602, G=1.152
  XGBoost params: n_estimators=7441, max_depth=11
  Starting cross-validation...
  Trial 1802 MSE: 0.000005 | MAPE: 0.16% | R²: -0.314049
  Trial time: 6.8s
