[I 2026-03-13 06:33:00,491] Trial 741 finished with value: 4.373366339981767e-06 and parameters: {'lambda_P': 1.6896728584668932, 'lambda_B': 1.9419107218625364, 'lambda_G': 1.4475345781820752, 'n_estimators': 4074, 'max_depth': 12, 'learning_rate': 0.0031916409623088007, 'subsample': 0.8429720510899346, 'colsample_bytree': 0.636723901432763, 'colsample_bylevel': 0.6202817334968727, 'reg_alpha': 0.15062959988547775, 'reg_lambda': 1.6181237487618536, 'gamma': 0.0012005176532853454, 'min_child_weight': 14}. Best is trial 660 with value: 3.2379913054860083e-06.

[Trial 756/5000] Starting at 06:33:00
  Lambdas: P=1.516, B=1.275, G=1.664
  XGBoost params: n_estimators=9118, max_depth=16
  Starting cross-validation...
  Trial 731 MSE: 0.000005 | MAPE: 0.16% | R²: -0.314049
  Trial time: 43.0s
[I 2026-03-13 06:33:03,221] Trial 731 finished with value: 5.076887518448612e-06 and parameters: {'lambda_P': 0.9325745956539507, 'lambda_B': 1.080253312655502, 'lambda_G': 1.179414738377687, 'n_estimators': 8446, 'max_depth': 19, 'learning_rate': 0.017483633699316214, 'subsample': 0.7521578295964749, 'colsample_bytree': 0.6998769947339208, 'colsample_bylevel': 0.5938461577533829, 'reg_alpha': 1.1301175234363015, 'reg_lambda': 1.521211407756842, 'gamma': 0.0006685882708303096, 'min_child_weight': 20}. Best is trial 660 with value: 3.2379913054860083e-06.

[Trial 757/5000] Starting at 06:33:03
  Lambdas: P=1.621, B=1.652, G=0.739
  XGBoost params: n_estimators=4880, max_depth=13
  Starting cross-validation...
  Trial 743 MSE: 0.000005 | MAPE: 0.16% | R²: -0.314049
  Trial time: 23.4s
[I 2026-03-13 06:33:06,204] Trial 743 finished with value: 5.076887518448612e-06 and parameters: {'lambda_P': 1.1487511444671628, 'lambda_B': 1.968661624507464, 'lambda_G': 0.6823205724197476, 'n_estimators': 4767, 'max_depth': 12, 'learning_rate': 0.03886721308274989, 'subsample': 0.5783923575538804, 'colsample_bytree': 0.723565825332793, 'colsample_bylevel': 0.36360856277337106, 'reg_alpha': 2.502535829033044, 'reg_lambda': 6.157435917206893, 'gamma': 0.0002473979046509995, 'min_child_weight': 7}. Best is trial 660 with value: 3.2379913054860083e-06.

[Trial 758/5000] Starting at 06:33:06
  Lambdas: P=1.460, B=1.447, G=1.642
  XGBoost params: n_estimators=9083, max_depth=16
  Starting cross-validation...
  Trial 746 MSE: 0.000004 | MAPE: 0.15% | R²: -0.103866
  Trial time: 15.9s
[I 2026-03-13 06:33:06,855] Trial 746 finished with value: 4.091192787340117e-06 and parameters: {'lambda_P': 1.7501778406924364, 'lambda_B': 1.7796618922658245, 'lambda_G': 1.1844901887373596, 'n_estimators': 4066, 'max_depth': 8, 'learning_rate': 0.0010118954287208785, 'subsample': 0.9902250524938461, 'colsample_bytree': 0.5024327034448892, 'colsample_bylevel': 0.563335967449922, 'reg_alpha': 0.6030852382095773, 'reg_lambda': 0.11505552908060857, 'gamma': 0.0002410331094578925, 'min_child_weight': 12}. Best is trial 660 with value: 3.2379913054860083e-06.

[Trial 759/5000] Starting at 06:33:06
  Lambdas: P=1.465, B=1.422, G=1.261
  XGBoost params: n_estimators=3008, max_depth=16
  Starting cross-validation...
  Trial 740 MSE: 0.000005 | MAPE: 0.16% | R²: -0.314049
  Trial time: 29.9s
[I 2026-03-13 06:33:08,324] Trial 740 finished with value: 5.076887518448612e-06 and parameters: {'lambda_P': 1.2721123991653849, 'lambda_B': 1.6521570423877945, 'lambda_G': 0.7613902372604286, 'n_estimators': 5842, 'max_depth': 9, 'learning_rate': 0.21030188869066635, 'subsample': 0.4129822524842491, 'colsample_bytree': 0.7438834623102942, 'colsample_bylevel': 0.5243778498010797, 'reg_alpha': 0.9753337885005224, 'reg_lambda': 8.112164805192132, 'gamma': 0.00023666715631365972, 'min_child_weight': 12}. Best is trial 660 with value: 3.2379913054860083e-06.

[Trial 760/5000] Starting at 06:33:08
  Lambdas: P=1.660, B=1.820, G=0.713
  XGBoost params: n_estimators=4588, max_depth=12
  Starting cross-validation...
  Trial 749 MSE: 0.000004 | MAPE: 0.15% | R²: -0.104789
  Trial time: 16.1s
[I 2026-03-13 06:33:10,572] Trial 749 finished with value: 3.883182759354921e-06 and parameters: {'lambda_P': 0.9955101145198318, 'lambda_B': 1.9867338076353787, 'lambda_G': 1.3637644647688798, 'n_estimators': 3267, 'max_depth': 17, 'learning_rate': 0.010575075761570948, 'subsample': 0.8776064727086715, 'colsample_bytree': 0.44031237449782257, 'colsample_bylevel': 0.3626611288330951, 'reg_alpha': 0.1261582253768216, 'reg_lambda': 2.0952189674529524, 'gamma': 0.000647294615816778, 'min_child_weight': 2}. Best is trial 660 with value: 3.2379913054860083e-06.

[Trial 761/5000] Starting at 06:33:10
  Lambdas: P=1.485, B=1.555, G=1.162
  XGBoost params: n_estimators=4111, max_depth=18
  Starting cross-validation...
  Trial 748 MSE: 0.000003 | MAPE: 0.14% | R²: 0.005614
  Trial time: 18.9s
[I 2026-03-13 06:33:12,536] Trial 748 finished with value: 3.4973551326351045e-06 and parameters: {'lambda_P': 1.5445921885509395, 'lambda_B': 1.3754084651636607, 'lambda_G': 0.5364575205771188, 'n_estimators': 3790, 'max_depth': 19, 'learning_rate': 0.11413630068407712, 'subsample': 0.6457067607782698, 'colsample_bytree': 0.47044322683487877, 'colsample_bylevel': 0.9324035750602098, 'reg_alpha': 0.026241382115502837, 'reg_lambda': 0.45566862744164716, 'gamma': 0.0001874812158973025, 'min_child_weight': 4}. Best is trial 660 with value: 3.2379913054860083e-06.

[Trial 762/5000] Starting at 06:33:12
  Lambdas: P=1.892, B=1.543, G=1.002
  XGBoost params: n_estimators=2980, max_depth=15
  Starting cross-validation...
  Trial 752 MSE: 0.000005 | MAPE: 0.16% | R²: -0.314049
  Trial time: 19.1s
[I 2026-03-13 06:33:15,579] Trial 752 finished with value: 5.076887518448612e-06 and parameters: {'lambda_P': 1.5168388403731226, 'lambda_B': 1.5388970342285768, 'lambda_G': 0.8441547005015332, 'n_estimators': 4155, 'max_depth': 16, 'learning_rate': 0.15780671134947452, 'subsample': 0.5388344426339244, 'colsample_bytree': 0.4364640679152873, 'colsample_bylevel': 0.4731143338334089, 'reg_alpha': 1.9657818961881277, 'reg_lambda': 7.742548888350999, 'gamma': 0.00010384115675426308, 'min_child_weight': 15}. Best is trial 660 with value: 3.2379913054860083e-06.

[Trial 763/5000] Starting at 06:33:15
  Lambdas: P=0.591, B=1.625, G=0.580
  XGBoost params: n_estimators=6771, max_depth=10
  Starting cross-validation...
  Trial 745 MSE: 0.000005 | MAPE: 0.16% | R²: -0.314049
  Trial time: 27.6s
[I 2026-03-13 06:33:18,158] Trial 745 finished with value: 5.076887518448612e-06 and parameters: {'lambda_P': 1.0539057623426125, 'lambda_B': 1.8568473024514658, 'lambda_G': 1.435953741075235, 'n_estimators': 5534, 'max_depth': 19, 'learning_rate': 0.004859609305151912, 'subsample': 0.9856989290444571, 'colsample_bytree': 0.3887432456322165, 'colsample_bylevel': 0.3603317002073516, 'reg_alpha': 2.5949084250050296, 'reg_lambda': 0.7474162058089977, 'gamma': 0.0006501119331278805, 'min_child_weight': 2}. Best is trial 660 with value: 3.2379913054860083e-06.

[Trial 764/5000] Starting at 06:33:18
  Lambdas: P=1.314, B=1.932, G=0.906
  XGBoost params: n_estimators=4361, max_depth=15
  Starting cross-validation...
  Trial 758 MSE: 0.000005 | MAPE: 0.16% | R²: -0.314049
  Trial time: 12.5s
[I 2026-03-13 06:33:19,599] Trial 758 finished with value: 5.076887518448612e-06 and parameters: {'lambda_P': 1.464845543041117, 'lambda_B': 1.4221610160073337, 'lambda_G': 1.2612252422667303, 'n_estimators': 3008, 'max_depth': 16, 'learning_rate': 0.13349211725347265, 'subsample': 0.6131484971209816, 'colsample_bytree': 0.6649417663726656, 'colsample_bylevel': 0.47965259283623307, 'reg_alpha': 1.7518940056701091, 'reg_lambda': 7.439411194161275, 'gamma': 0.00010126514213817329, 'min_child_weight': 11}. Best is trial 660 with value: 3.2379913054860083e-06.

[Trial 765/5000] Starting at 06:33:19
  Lambdas: P=1.649, B=0.978, G=0.780
  XGBoost params: n_estimators=2507, max_depth=13
  Starting cross-validation...
  Trial 753 MSE: 0.000005 | MAPE: 0.16% | R²: -0.314049
  Trial time: 23.0s
[I 2026-03-13 06:33:20,644] Trial 753 finished with value: 5.076887518448612e-06 and parameters: {'lambda_P': 1.241302238448633, 'lambda_B': 1.4141286496166814, 'lambda_G': 1.095621268978521, 'n_estimators': 4902, 'max_depth': 15, 'learning_rate': 0.14131363756768822, 'subsample': 0.6068406237005597, 'colsample_bytree': 0.5916054730014829, 'colsample_bylevel': 0.3004320620087094, 'reg_alpha': 1.5065703308389613, 'reg_lambda': 7.453093942129568, 'gamma': 0.00024956454846107476, 'min_child_weight': 13}. Best is trial 660 with value: 3.2379913054860083e-06.

[Trial 766/5000] Starting at 06:33:20
  Lambdas: P=1.831, B=1.336, G=0.559
  XGBoost params: n_estimators=5744, max_depth=18
  Starting cross-validation...
  Trial 747 MSE: 0.000005 | MAPE: 0.16% | R²: -0.314049
  Trial time: 30.0s
[I 2026-03-13 06:33:21,507] Trial 747 finished with value: 5.076887518448612e-06 and parameters: {'lambda_P': 1.7922206716900466, 'lambda_B': 1.9517131072265699, 'lambda_G': 1.0928151202849854, 'n_estimators': 6007, 'max_depth': 10, 'learning_rate': 0.0016314665806330317, 'subsample': 0.9318902614076988, 'colsample_bytree': 0.6272830277111932, 'colsample_bylevel': 0.6147725566283372, 'reg_alpha': 2.9177448496871388, 'reg_lambda': 1.8333235083484885, 'gamma': 0.00033313225747798694, 'min_child_weight': 6}. Best is trial 660 with value: 3.2379913054860083e-06.

[Trial 767/5000] Starting at 06:33:21
  Lambdas: P=1.437, B=1.145, G=0.946
  XGBoost params: n_estimators=7623, max_depth=18
  Starting cross-validation...
  Trial 756 MSE: 0.000005 | MAPE: 0.16% | R²: -0.314049
  Trial time: 22.4s
[I 2026-03-13 06:33:25,877] Trial 756 finished with value: 5.076887518448612e-06 and parameters: {'lambda_P': 1.6213907847428628, 'lambda_B': 1.6524021544013392, 'lambda_G': 0.7390200485083736, 'n_estimators': 4880, 'max_depth': 13, 'learning_rate': 0.23216699462389548, 'subsample': 0.5473147128201625, 'colsample_bytree': 0.37939203570486635, 'colsample_bylevel': 0.4548794322519593, 'reg_alpha': 1.0634450510147873, 'reg_lambda': 7.984355560027484, 'gamma': 0.00013111395496366295, 'min_child_weight': 14}. Best is trial 660 with value: 3.2379913054860083e-06.

[Trial 768/5000] Starting at 06:33:25
  Lambdas: P=1.812, B=1.426, G=0.963
  XGBoost params: n_estimators=4834, max_depth=18
  Starting cross-validation...
  Trial 761 MSE: 0.000005 | MAPE: 0.16% | R²: -0.283298
  Trial time: 13.9s
[I 2026-03-13 06:33:26,598] Trial 761 finished with value: 4.991516476569943e-06 and parameters: {'lambda_P': 1.8918767860299313, 'lambda_B': 1.5433432206715672, 'lambda_G': 1.0016952705818936, 'n_estimators': 2980, 'max_depth': 15, 'learning_rate': 0.10218213614387363, 'subsample': 0.5473786926637502, 'colsample_bytree': 0.3832628498358822, 'colsample_bylevel': 0.9219708776072701, 'reg_alpha': 0.816504006711513, 'reg_lambda': 2.6005824209900035, 'gamma': 0.00015628496047055, 'min_child_weight': 5}. Best is trial 660 with value: 3.2379913054860083e-06.

[Trial 769/5000] Starting at 06:33:26
  Lambdas: P=1.537, B=1.662, G=0.568
  XGBoost params: n_estimators=2266, max_depth=18
  Starting cross-validation...
  Trial 750 MSE: 0.000004 | MAPE: 0.15% | R²: -0.131373
  Trial time: 32.4s
[I 2026-03-13 06:33:27,556] Trial 750 finished with value: 4.157863128503222e-06 and parameters: {'lambda_P': 1.415543429864247, 'lambda_B': 1.9272360167455698, 'lambda_G': 1.2989533917596372, 'n_estimators': 7220, 'max_depth': 20, 'learning_rate': 0.001153244951496843, 'subsample': 0.8509748245038476, 'colsample_bytree': 0.5876357459819839, 'colsample_bylevel': 0.3718399904997833, 'reg_alpha': 0.23413820141242656, 'reg_lambda': 2.029773433484449, 'gamma': 0.0007108131007077874, 'min_child_weight': 2}. Best is trial 660 with value: 3.2379913054860083e-06.

[Trial 770/5000] Starting at 06:33:27
  Lambdas: P=1.200, B=1.531, G=0.619
  XGBoost params: n_estimators=6434, max_depth=20
  Starting cross-validation...
  Trial 759 MSE: 0.000004 | MAPE: 0.14% | R²: -0.064160
  Trial time: 21.2s
[I 2026-03-13 06:33:29,767] Trial 759 finished with value: 3.6891388862316976e-06 and parameters: {'lambda_P': 1.6600273546609503, 'lambda_B': 1.8197186059278254, 'lambda_G': 0.7133529666177215, 'n_estimators': 4588, 'max_depth': 12, 'learning_rate': 0.07989229530345389, 'subsample': 0.582922439223799, 'colsample_bytree': 0.6476586731569277, 'colsample_bylevel': 0.539573532692131, 'reg_alpha': 0.002407655931853575, 'reg_lambda': 9.268481351148424, 'gamma': 0.0003009717422245889, 'min_child_weight': 19}. Best is trial 660 with value: 3.2379913054860083e-06.

[Trial 771/5000] Starting at 06:33:29
  Trial 760 MSE: 0.000005 | MAPE: 0.16% | R²: -0.314049
  Trial time: 19.3s
[I 2026-03-13 06:33:30,103] Trial 760 finished with value: 5.076887518448612e-06 and parameters: {'lambda_P': 1.4852544789057889, 'lambda_B': 1.5545962297066764, 'lambda_G': 1.1619971861037497, 'n_estimators': 4111, 'max_depth': 18, 'learning_rate': 0.2247674364603944, 'subsample': 0.7058712111852372, 'colsample_bytree': 0.48821825236697197, 'colsample_bylevel': 0.45759522493220234, 'reg_alpha': 1.143124383138048, 'reg_lambda': 8.422083807135257, 'gamma': 0.0002693773819136657, 'min_child_weight': 14}. Best is trial 660 with value: 3.2379913054860083e-06.

[Trial 772/5000] Starting at 06:33:30
  Trial 754 MSE: 0.000004 | MAPE: 0.14% | R²: -0.046135
  Trial time: 31.5s
[I 2026-03-13 06:33:30,279] Trial 754 finished with value: 3.6120468922896435e-06 and parameters: {'lambda_P': 1.2834604222911554, 'lambda_B': 1.6691905403703038, 'lambda_G': 1.6894491152776476, 'n_estimators': 6685, 'max_depth': 16, 'learning_rate': 0.21799692320362718, 'subsample': 0.6354804339901026, 'colsample_bytree': 0.3901679849192413, 'colsample_bylevel': 0.4526797676263008, 'reg_alpha': 0.2266959215395032, 'reg_lambda': 9.80031627409924, 'gamma': 0.00010881830186460684, 'min_child_weight': 13}. Best is trial 660 with value: 3.2379913054860083e-06.

[Trial 773/5000] Starting at 06:33:30
  Lambdas: P=1.525, B=1.105, G=0.518
  XGBoost params: n_estimators=3754, max_depth=19
  Starting cross-validation...
  Lambdas: P=1.797, B=1.790, G=0.509
  XGBoost params: n_estimators=5519, max_depth=9
  Starting cross-validation...
  Lambdas: P=1.778, B=1.876, G=0.621
  XGBoost params: n_estimators=4855, max_depth=11
  Starting cross-validation...
  Trial 751 MSE: 0.000004 | MAPE: 0.15% | R²: -0.129201
  Trial time: 35.5s
[I 2026-03-13 06:33:31,678] Trial 751 finished with value: 4.1534849857695135e-06 and parameters: {'lambda_P': 1.3616698178782316, 'lambda_B': 1.7691415336191838, 'lambda_G': 1.4770568775261643, 'n_estimators': 7671, 'max_depth': 15, 'learning_rate': 0.012779796264918448, 'subsample': 0.7991995557258635, 'colsample_bytree': 0.49768467789385207, 'colsample_bylevel': 0.3370834711698339, 'reg_alpha': 0.21018549127856634, 'reg_lambda': 1.1825661723281373, 'gamma': 0.0006726545281376387, 'min_child_weight': 7}. Best is trial 660 with value: 3.2379913054860083e-06.

[Trial 774/5000] Starting at 06:33:31
  Lambdas: P=1.627, B=1.012, G=0.678
  XGBoost params: n_estimators=6018, max_depth=20
  Starting cross-validation...
  Trial 764 MSE: 0.000005 | MAPE: 0.16% | R²: -0.206041
  Trial time: 13.3s
[I 2026-03-13 06:33:33,088] Trial 764 finished with value: 4.599207645473613e-06 and parameters: {'lambda_P': 1.648969109508348, 'lambda_B': 0.9779461743160749, 'lambda_G': 0.77979933606627, 'n_estimators': 2507, 'max_depth': 13, 'learning_rate': 0.19376853800248647, 'subsample': 0.6196549123770507, 'colsample_bytree': 0.32485682836262125, 'colsample_bylevel': 0.8573202722948224, 'reg_alpha': 0.580443011843746, 'reg_lambda': 0.9200187657655288, 'gamma': 0.00025998601979965657, 'min_child_weight': 4}. Best is trial 660 with value: 3.2379913054860083e-06.

[Trial 775/5000] Starting at 06:33:33
  Lambdas: P=1.561, B=1.743, G=0.697
  XGBoost params: n_estimators=6231, max_depth=10
  Starting cross-validation...
  Trial 768 MSE: 0.000005 | MAPE: 0.16% | R²: -0.314049
  Trial time: 10.3s
[I 2026-03-13 06:33:37,072] Trial 768 finished with value: 5.076887518448612e-06 and parameters: {'lambda_P': 1.5368333226147946, 'lambda_B': 1.661690783155238, 'lambda_G': 0.5675283554116848, 'n_estimators': 2266, 'max_depth': 18, 'learning_rate': 0.12052101613918963, 'subsample': 0.5274928673321291, 'colsample_bytree': 0.402598577047792, 'colsample_bylevel': 0.9857520504704089, 'reg_alpha': 2.048804572054768, 'reg_lambda': 1.3789675957130578, 'gamma': 0.002226025457061532, 'min_child_weight': 9}. Best is trial 660 with value: 3.2379913054860083e-06.

[Trial 776/5000] Starting at 06:33:37
  Lambdas: P=1.649, B=1.570, G=1.881
  XGBoost params: n_estimators=6739, max_depth=10
  Starting cross-validation...
  Trial 763 MSE: 0.000005 | MAPE: 0.16% | R²: -0.220771
  Trial time: 22.3s
[I 2026-03-13 06:33:40,628] Trial 763 finished with value: 4.783222306166564e-06 and parameters: {'lambda_P': 1.3138172759226845, 'lambda_B': 1.9315628610737283, 'lambda_G': 0.9060929088720996, 'n_estimators': 4361, 'max_depth': 15, 'learning_rate': 0.2136466255155679, 'subsample': 0.795440172613622, 'colsample_bytree': 0.6272781763080219, 'colsample_bylevel': 0.3523393820423073, 'reg_alpha': 1.0001394740619765, 'reg_lambda': 9.189029553110624, 'gamma': 0.00015466978316812648, 'min_child_weight': 11}. Best is trial 660 with value: 3.2379913054860083e-06.

[Trial 777/5000] Starting at 06:33:40
  Lambdas: P=0.812, B=1.890, G=1.714
  XGBoost params: n_estimators=9746, max_depth=8
  Starting cross-validation...
  Trial 755 MSE: 0.000005 | MAPE: 0.16% | R²: -0.314049
  Trial time: 43.1s
[I 2026-03-13 06:33:43,765] Trial 755 finished with value: 5.076887518448612e-06 and parameters: {'lambda_P': 1.5159635515140466, 'lambda_B': 1.275470303768681, 'lambda_G': 1.663967348482052, 'n_estimators': 9118, 'max_depth': 16, 'learning_rate': 0.03386583257120136, 'subsample': 0.9389670407246488, 'colsample_bytree': 0.5998299405160525, 'colsample_bylevel': 0.7155986585192863, 'reg_alpha': 2.112369353251998, 'reg_lambda': 1.4040964602401904, 'gamma': 0.00037593581650160107, 'min_child_weight': 4}. Best is trial 660 with value: 3.2379913054860083e-06.

[Trial 778/5000] Starting at 06:33:43
  Lambdas: P=1.334, B=1.701, G=1.581
  XGBoost params: n_estimators=6842, max_depth=9
  Starting cross-validation...
  Trial 757 MSE: 0.000004 | MAPE: 0.16% | R²: -0.181142
  Trial time: 38.3s
[I 2026-03-13 06:33:44,682] Trial 757 finished with value: 4.4823946764547045e-06 and parameters: {'lambda_P': 1.4600654458768314, 'lambda_B': 1.44719592301184, 'lambda_G': 1.6416600177502176, 'n_estimators': 9083, 'max_depth': 16, 'learning_rate': 0.025402401791316125, 'subsample': 0.9848688464572961, 'colsample_bytree': 0.7003210405148033, 'colsample_bylevel': 0.46919461919395283, 'reg_alpha': 0.8031610287526108, 'reg_lambda': 2.8969794264417716, 'gamma': 0.00033147731984852, 'min_child_weight': 8}. Best is trial 660 with value: 3.2379913054860083e-06.

[Trial 779/5000] Starting at 06:33:44
  Lambdas: P=1.586, B=1.603, G=0.795
  XGBoost params: n_estimators=4833, max_depth=11
  Starting cross-validation...
  Trial 767 MSE: 0.000005 | MAPE: 0.16% | R²: -0.314049
  Trial time: 20.7s
[I 2026-03-13 06:33:46,825] Trial 767 finished with value: 5.076887518448612e-06 and parameters: {'lambda_P': 1.8123672994806208, 'lambda_B': 1.4264596766723088, 'lambda_G': 0.9629884420271392, 'n_estimators': 4834, 'max_depth': 18, 'learning_rate': 0.07150349598689039, 'subsample': 0.5520405528113863, 'colsample_bytree': 0.37479057238580893, 'colsample_bylevel': 0.9804527745057109, 'reg_alpha': 2.3283162113521305, 'reg_lambda': 0.31509238624977437, 'gamma': 0.0002769889327793341, 'min_child_weight': 2}. Best is trial 660 with value: 3.2379913054860083e-06.

[Trial 780/5000] Starting at 06:33:46
  Lambdas: P=1.266, B=1.145, G=1.939
  XGBoost params: n_estimators=7909, max_depth=15
  Starting cross-validation...
  Trial 770 MSE: 0.000004 | MAPE: 0.15% | R²: -0.060138
  Trial time: 18.9s
[I 2026-03-13 06:33:48,892] Trial 770 finished with value: 3.841789066643298e-06 and parameters: {'lambda_P': 1.5245092068981037, 'lambda_B': 1.1049679951899893, 'lambda_G': 0.5176742761421862, 'n_estimators': 3754, 'max_depth': 19, 'learning_rate': 0.39154692641304145, 'subsample': 0.59936168054634, 'colsample_bytree': 0.5450079474733457, 'colsample_bylevel': 0.9224383581737386, 'reg_alpha': 0.18065247820504068, 'reg_lambda': 1.8323412384552316, 'gamma': 0.00016954730251963717, 'min_child_weight': 5}. Best is trial 660 with value: 3.2379913054860083e-06.

[Trial 781/5000] Starting at 06:33:48
  Lambdas: P=1.804, B=1.991, G=0.782
  XGBoost params: n_estimators=2352, max_depth=13
  Starting cross-validation...
  Trial 762 MSE: 0.000004 | MAPE: 0.15% | R²: -0.092597
  Trial time: 33.9s
[I 2026-03-13 06:33:49,705] Trial 762 finished with value: 3.9539779713773434e-06 and parameters: {'lambda_P': 0.5907020931033592, 'lambda_B': 1.6251064910797517, 'lambda_G': 0.5798979514856268, 'n_estimators': 6771, 'max_depth': 10, 'learning_rate': 0.01347467337648903, 'subsample': 0.8398570510333645, 'colsample_bytree': 0.7186092858134296, 'colsample_bylevel': 0.48432223340759845, 'reg_alpha': 0.1876296658325703, 'reg_lambda': 0.7136941138581174, 'gamma': 0.0004822446032286711, 'min_child_weight': 7}. Best is trial 660 with value: 3.2379913054860083e-06.

[Trial 782/5000] Starting at 06:33:49
  Lambdas: P=0.875, B=1.480, G=0.542
  XGBoost params: n_estimators=6008, max_depth=18
  Starting cross-validation...
  Trial 765 MSE: 0.000005 | MAPE: 0.16% | R²: -0.243721
  Trial time: 29.8s
