[I 2026-03-13 06:44:33,437] Trial 1122 finished with value: 5.0544760793453665e-06 and parameters: {'lambda_P': 0.6301734612474881, 'lambda_B': 1.432309444468249, 'lambda_G': 1.2367459208548344, 'n_estimators': 4028, 'max_depth': 10, 'learning_rate': 0.039679976052236825, 'subsample': 0.9404977213327488, 'colsample_bytree': 0.3853764041262603, 'colsample_bylevel': 0.5435433547089076, 'reg_alpha': 1.02042376728813, 'reg_lambda': 8.521675624550587, 'gamma': 0.0009689759403880452, 'min_child_weight': 15}. Best is trial 660 with value: 3.2379913054860083e-06.

[Trial 1134/5000] Starting at 06:44:33
  Lambdas: P=0.691, B=1.982, G=1.354
  XGBoost params: n_estimators=9100, max_depth=11
  Starting cross-validation...
  Trial 1097 MSE: 0.000005 | MAPE: 0.16% | R²: -0.314049
  Trial time: 43.4s
[I 2026-03-13 06:44:34,588] Trial 1097 finished with value: 5.076887518448612e-06 and parameters: {'lambda_P': 0.500907385342513, 'lambda_B': 1.5598092939775834, 'lambda_G': 0.7357244575188806, 'n_estimators': 7868, 'max_depth': 17, 'learning_rate': 0.01677433568750786, 'subsample': 0.49185213979202475, 'colsample_bytree': 0.3804263208787513, 'colsample_bylevel': 0.32264212572295836, 'reg_alpha': 0.8897791745203377, 'reg_lambda': 4.7004733006176345, 'gamma': 0.0015485166086826993, 'min_child_weight': 17}. Best is trial 660 with value: 3.2379913054860083e-06.

[Trial 1135/5000] Starting at 06:44:34
  Lambdas: P=0.588, B=1.467, G=0.843
  XGBoost params: n_estimators=3633, max_depth=6
  Starting cross-validation...
  Trial 1119 MSE: 0.000005 | MAPE: 0.16% | R²: -0.271882
  Trial time: 23.8s
[I 2026-03-13 06:44:36,847] Trial 1119 finished with value: 4.956453390624431e-06 and parameters: {'lambda_P': 1.1367198604763447, 'lambda_B': 1.1406649181196367, 'lambda_G': 1.562203317639448, 'n_estimators': 4874, 'max_depth': 7, 'learning_rate': 0.053126349051889336, 'subsample': 0.8859778828788509, 'colsample_bytree': 0.7195140477904404, 'colsample_bylevel': 0.48054266544099367, 'reg_alpha': 0.8771803660750495, 'reg_lambda': 8.80877941894264, 'gamma': 0.000782044119163225, 'min_child_weight': 13}. Best is trial 660 with value: 3.2379913054860083e-06.

[Trial 1136/5000] Starting at 06:44:36
  Trial 1118 MSE: 0.000004 | MAPE: 0.16% | R²: -0.175050
  Trial time: 25.4s
[I 2026-03-13 06:44:37,227] Trial 1118 finished with value: 4.447797171041874e-06 and parameters: {'lambda_P': 0.6304145136116471, 'lambda_B': 1.124454440640103, 'lambda_G': 0.5751137801297717, 'n_estimators': 4907, 'max_depth': 3, 'learning_rate': 0.0012486457573217774, 'subsample': 0.4433804304924719, 'colsample_bytree': 0.6988025972187805, 'colsample_bylevel': 0.37849775942106645, 'reg_alpha': 0.3249860156278315, 'reg_lambda': 8.181476456880503, 'gamma': 0.00023317127523145116, 'min_child_weight': 7}. Best is trial 660 with value: 3.2379913054860083e-06.

[Trial 1137/5000] Starting at 06:44:37
  Lambdas: P=1.246, B=1.985, G=1.599
  XGBoost params: n_estimators=4238, max_depth=20
  Starting cross-validation...
  Lambdas: P=1.232, B=1.739, G=0.625
  XGBoost params: n_estimators=685, max_depth=18
  Starting cross-validation...
  Trial 1098 MSE: 0.000004 | MAPE: 0.14% | R²: -0.037251
  Trial time: 46.8s
[I 2026-03-13 06:44:38,637] Trial 1098 finished with value: 3.6721365407253714e-06 and parameters: {'lambda_P': 0.9390032772883056, 'lambda_B': 1.3726918111923794, 'lambda_G': 0.7940725357357177, 'n_estimators': 8899, 'max_depth': 3, 'learning_rate': 0.0013172590306353, 'subsample': 0.93461729481699, 'colsample_bytree': 0.573196809717213, 'colsample_bylevel': 0.6320121179831543, 'reg_alpha': 0.16964481598916326, 'reg_lambda': 2.556826814381103, 'gamma': 0.00027725783942857433, 'min_child_weight': 5}. Best is trial 660 with value: 3.2379913054860083e-06.

[Trial 1138/5000] Starting at 06:44:38
  Lambdas: P=0.627, B=1.561, G=1.009
  XGBoost params: n_estimators=4970, max_depth=19
  Starting cross-validation...
  Trial 1129 MSE: 0.000005 | MAPE: 0.16% | R²: -0.310329
  Trial time: 15.3s
[I 2026-03-13 06:44:40,183] Trial 1129 finished with value: 5.067775478760571e-06 and parameters: {'lambda_P': 0.5554575970907669, 'lambda_B': 1.3812682493501307, 'lambda_G': 1.0321861031018393, 'n_estimators': 3093, 'max_depth': 6, 'learning_rate': 0.0010335682158528813, 'subsample': 0.7830968225827348, 'colsample_bytree': 0.8416810397253782, 'colsample_bylevel': 0.5039719309753378, 'reg_alpha': 1.2409902501018153, 'reg_lambda': 9.32170217491663, 'gamma': 0.0001899529596667548, 'min_child_weight': 6}. Best is trial 660 with value: 3.2379913054860083e-06.

[Trial 1139/5000] Starting at 06:44:40
  Lambdas: P=1.756, B=1.283, G=0.729
  XGBoost params: n_estimators=3335, max_depth=8
  Starting cross-validation...
  Trial 1136 MSE: 0.000005 | MAPE: 0.16% | R²: -0.314049
  Trial time: 3.8s
[I 2026-03-13 06:44:41,187] Trial 1136 finished with value: 5.076887518448612e-06 and parameters: {'lambda_P': 1.231522428442939, 'lambda_B': 1.7388480805767041, 'lambda_G': 0.6251590525773049, 'n_estimators': 685, 'max_depth': 18, 'learning_rate': 0.3145703961822272, 'subsample': 0.5431091971920231, 'colsample_bytree': 0.7057405802100905, 'colsample_bylevel': 0.5319107056815132, 'reg_alpha': 2.429647871876255, 'reg_lambda': 2.66433852492566, 'gamma': 0.00027507036337751534, 'min_child_weight': 11}. Best is trial 660 with value: 3.2379913054860083e-06.

[Trial 1140/5000] Starting at 06:44:41
  Lambdas: P=0.745, B=1.708, G=1.040
  XGBoost params: n_estimators=3669, max_depth=19
  Starting cross-validation...
  Trial 1128 MSE: 0.000005 | MAPE: 0.16% | R²: -0.257267
  Trial time: 18.2s
[I 2026-03-13 06:44:42,594] Trial 1128 finished with value: 4.909736135485494e-06 and parameters: {'lambda_P': 1.1065873102437163, 'lambda_B': 1.7933314096956114, 'lambda_G': 1.5257183186549688, 'n_estimators': 3582, 'max_depth': 4, 'learning_rate': 0.1339372206051671, 'subsample': 0.9438267653470285, 'colsample_bytree': 0.5640052208195886, 'colsample_bylevel': 0.41649039973421875, 'reg_alpha': 1.2717306731965525, 'reg_lambda': 8.36918262672101, 'gamma': 0.00011673786016632089, 'min_child_weight': 18}. Best is trial 660 with value: 3.2379913054860083e-06.

[Trial 1141/5000] Starting at 06:44:42
  Lambdas: P=0.824, B=1.403, G=0.735
  XGBoost params: n_estimators=3408, max_depth=18
  Starting cross-validation...
  Trial 1125 MSE: 0.000005 | MAPE: 0.16% | R²: -0.314049
  Trial time: 24.8s
[I 2026-03-13 06:44:46,194] Trial 1125 finished with value: 5.076887518448612e-06 and parameters: {'lambda_P': 0.5064315724943972, 'lambda_B': 1.5461934444587988, 'lambda_G': 0.9847396196143331, 'n_estimators': 4921, 'max_depth': 5, 'learning_rate': 0.003119376957175713, 'subsample': 0.5017658293898402, 'colsample_bytree': 0.8542416664423466, 'colsample_bylevel': 0.3978210036072492, 'reg_alpha': 1.2732330263070148, 'reg_lambda': 4.81642714916428, 'gamma': 0.0002464494986720273, 'min_child_weight': 11}. Best is trial 660 with value: 3.2379913054860083e-06.

[Trial 1142/5000] Starting at 06:44:46
  Lambdas: P=0.649, B=1.350, G=0.607
  XGBoost params: n_estimators=2616, max_depth=2
  Starting cross-validation...
  Trial 1110 MSE: 0.000003 | MAPE: 0.14% | R²: 0.034175
  Trial time: 44.4s
[I 2026-03-13 06:44:46,920] Trial 1110 finished with value: 3.294290257454845e-06 and parameters: {'lambda_P': 1.3153495788693004, 'lambda_B': 1.8909899354408377, 'lambda_G': 1.2588240171195213, 'n_estimators': 8162, 'max_depth': 15, 'learning_rate': 0.00551219203768451, 'subsample': 0.8563487491791447, 'colsample_bytree': 0.5001887945974326, 'colsample_bylevel': 0.470297839416037, 'reg_alpha': 0.036191120461610375, 'reg_lambda': 5.357102019046268, 'gamma': 0.00025861907913456617, 'min_child_weight': 2}. Best is trial 660 with value: 3.2379913054860083e-06.

[Trial 1143/5000] Starting at 06:44:47
  Lambdas: P=1.300, B=1.859, G=1.165
  XGBoost params: n_estimators=9546, max_depth=16
  Starting cross-validation...
  Trial 1124 MSE: 0.000005 | MAPE: 0.16% | R²: -0.314049
  Trial time: 27.1s
[I 2026-03-13 06:44:48,195] Trial 1124 finished with value: 5.076887518448612e-06 and parameters: {'lambda_P': 1.2067870810323436, 'lambda_B': 1.1559484241837075, 'lambda_G': 1.4920026816106011, 'n_estimators': 5570, 'max_depth': 8, 'learning_rate': 0.00855523924253306, 'subsample': 0.9724872730385226, 'colsample_bytree': 0.7422821968508398, 'colsample_bylevel': 0.33790833063482184, 'reg_alpha': 2.85852658604606, 'reg_lambda': 6.7965780545215155, 'gamma': 0.0001880681714192269, 'min_child_weight': 17}. Best is trial 660 with value: 3.2379913054860083e-06.

[Trial 1144/5000] Starting at 06:44:48
  Lambdas: P=1.523, B=1.981, G=1.313
  XGBoost params: n_estimators=7441, max_depth=16
  Starting cross-validation...
  Trial 1131 MSE: 0.000005 | MAPE: 0.16% | R²: -0.270783
  Trial time: 20.1s
[I 2026-03-13 06:44:50,529] Trial 1131 finished with value: 4.9357922888251e-06 and parameters: {'lambda_P': 1.1233016767691293, 'lambda_B': 1.458552997822615, 'lambda_G': 0.5649572592740038, 'n_estimators': 3965, 'max_depth': 20, 'learning_rate': 0.0010611363852636275, 'subsample': 0.9520064104028335, 'colsample_bytree': 0.4501468558137447, 'colsample_bylevel': 0.6963571208876211, 'reg_alpha': 0.6312765888840564, 'reg_lambda': 3.214388892980284, 'gamma': 0.0012565638941688375, 'min_child_weight': 4}. Best is trial 660 with value: 3.2379913054860083e-06.

[Trial 1145/5000] Starting at 06:44:50
  Lambdas: P=1.064, B=1.895, G=1.477
  XGBoost params: n_estimators=7624, max_depth=9
  Starting cross-validation...
  Trial 1134 MSE: 0.000004 | MAPE: 0.15% | R²: -0.075937
  Trial time: 17.6s
[I 2026-03-13 06:44:52,434] Trial 1134 finished with value: 3.911884220136549e-06 and parameters: {'lambda_P': 0.5884075862767404, 'lambda_B': 1.4665904747613354, 'lambda_G': 0.8431976176997358, 'n_estimators': 3633, 'max_depth': 6, 'learning_rate': 0.0012023801637606303, 'subsample': 0.6034481893771435, 'colsample_bytree': 0.7386437621900022, 'colsample_bylevel': 0.4006382435530825, 'reg_alpha': 0.30162731502218815, 'reg_lambda': 9.945676926952899, 'gamma': 0.00014860320715449782, 'min_child_weight': 11}. Best is trial 660 with value: 3.2379913054860083e-06.

[Trial 1146/5000] Starting at 06:44:52
  Lambdas: P=0.557, B=1.959, G=1.860
  XGBoost params: n_estimators=9376, max_depth=11
  Starting cross-validation...
  Trial 1135 MSE: 0.000004 | MAPE: 0.15% | R²: -0.109101
  Trial time: 16.6s
[I 2026-03-13 06:44:53,668] Trial 1135 finished with value: 4.137686918421175e-06 and parameters: {'lambda_P': 1.246095560035955, 'lambda_B': 1.9847092794945032, 'lambda_G': 1.5994508681947388, 'n_estimators': 4238, 'max_depth': 20, 'learning_rate': 0.004348303396306288, 'subsample': 0.7523165183260188, 'colsample_bytree': 0.7581996496410403, 'colsample_bylevel': 0.49873180646396353, 'reg_alpha': 0.5887333697891242, 'reg_lambda': 6.166923676641699, 'gamma': 0.00010257995729278113, 'min_child_weight': 8}. Best is trial 660 with value: 3.2379913054860083e-06.

[Trial 1147/5000] Starting at 06:44:53
  Lambdas: P=1.311, B=1.908, G=0.663
  XGBoost params: n_estimators=364, max_depth=15
  Starting cross-validation...
  Trial 1130 MSE: 0.000003 | MAPE: 0.14% | R²: 0.059325
  Trial time: 26.2s
[I 2026-03-13 06:44:54,370] Trial 1130 finished with value: 3.2181299783521623e-06 and parameters: {'lambda_P': 1.691875596991461, 'lambda_B': 1.424734045152729, 'lambda_G': 0.6626405523956159, 'n_estimators': 5791, 'max_depth': 9, 'learning_rate': 0.003464748862338299, 'subsample': 0.9520163002895756, 'colsample_bytree': 0.456216947352263, 'colsample_bylevel': 0.8691339786397276, 'reg_alpha': 0.0365952813655229, 'reg_lambda': 5.972330514051502, 'gamma': 0.00012837451070421332, 'min_child_weight': 8}. Best is trial 1130 with value: 3.2181299783521623e-06.

[NEW BEST] Trial 1130: 0.000003
Parameters: {'lambda_P': 1.691875596991461, 'lambda_B': 1.424734045152729, 'lambda_G': 0.6626405523956159, 'n_estimators': 5791, 'max_depth': 9, 'learning_rate': 0.003464748862338299, 'subsample': 0.9520163002895756, 'colsample_bytree': 0.456216947352263, 'colsample_bylevel': 0.8691339786397276, 'reg_alpha': 0.0365952813655229, 'reg_lambda': 5.972330514051502, 'gamma': 0.00012837451070421332, 'min_child_weight': 8}


[Trial 1148/5000] Starting at 06:44:54
  Lambdas: P=1.125, B=1.384, G=0.865
  XGBoost params: n_estimators=3500, max_depth=20
  Starting cross-validation...
  Trial 1146 MSE: 0.000004 | MAPE: 0.14% | R²: -0.020961
  Trial time: 1.6s
[I 2026-03-13 06:44:55,498] Trial 1146 finished with value: 3.652499734177207e-06 and parameters: {'lambda_P': 1.3106344186742596, 'lambda_B': 1.9083065626449587, 'lambda_G': 0.6630983097165325, 'n_estimators': 364, 'max_depth': 15, 'learning_rate': 0.09468701808565264, 'subsample': 0.7663884086190701, 'colsample_bytree': 0.9407834838683183, 'colsample_bylevel': 0.3776113823709646, 'reg_alpha': 0.20087768583240084, 'reg_lambda': 3.6849187027188086, 'gamma': 0.00022760493991582932, 'min_child_weight': 4}. Best is trial 1130 with value: 3.2181299783521623e-06.

[Trial 1149/5000] Starting at 06:44:55
  Lambdas: P=1.565, B=1.612, G=0.573
  XGBoost params: n_estimators=8306, max_depth=9
  Starting cross-validation...
  Trial 1138 MSE: 0.000004 | MAPE: 0.15% | R²: -0.139002
  Trial time: 16.9s
[I 2026-03-13 06:44:57,237] Trial 1138 finished with value: 4.215536910671787e-06 and parameters: {'lambda_P': 1.7559958770922663, 'lambda_B': 1.2832831443934667, 'lambda_G': 0.7294429377780802, 'n_estimators': 3335, 'max_depth': 8, 'learning_rate': 0.06775603720903861, 'subsample': 0.8838542624281124, 'colsample_bytree': 0.3017594045747172, 'colsample_bylevel': 0.7226932475217677, 'reg_alpha': 0.6168033024369145, 'reg_lambda': 7.839667144781601, 'gamma': 0.00021257282448338712, 'min_child_weight': 9}. Best is trial 1130 with value: 3.2181299783521623e-06.

[Trial 1150/5000] Starting at 06:44:57
  Lambdas: P=1.038, B=1.508, G=0.525
  XGBoost params: n_estimators=4182, max_depth=17
  Starting cross-validation...
  Trial 1127 MSE: 0.000003 | MAPE: 0.14% | R²: 0.007048
  Trial time: 35.3s
[I 2026-03-13 06:44:58,864] Trial 1127 finished with value: 3.459219309725002e-06 and parameters: {'lambda_P': 0.5413462957651802, 'lambda_B': 1.9396623129173844, 'lambda_G': 1.495054531283944, 'n_estimators': 8185, 'max_depth': 12, 'learning_rate': 0.0012389386208895242, 'subsample': 0.563427063923321, 'colsample_bytree': 0.30792934705479985, 'colsample_bylevel': 0.7624182193499692, 'reg_alpha': 0.11176366575305345, 'reg_lambda': 4.259005891773451, 'gamma': 0.00016128379056919533, 'min_child_weight': 18}. Best is trial 1130 with value: 3.2181299783521623e-06.

[Trial 1151/5000] Starting at 06:44:58
  Lambdas: P=0.665, B=1.814, G=1.704
  XGBoost params: n_estimators=6573, max_depth=12
  Starting cross-validation...
  Trial 1139 MSE: 0.000004 | MAPE: 0.15% | R²: -0.070387
  Trial time: 18.3s
[I 2026-03-13 06:44:59,707] Trial 1139 finished with value: 3.923274964528391e-06 and parameters: {'lambda_P': 0.744745250095429, 'lambda_B': 1.7080066194462526, 'lambda_G': 1.0401818020630924, 'n_estimators': 3669, 'max_depth': 19, 'learning_rate': 0.0020240232960397246, 'subsample': 0.8334277190391394, 'colsample_bytree': 0.4960177846718904, 'colsample_bylevel': 0.708819630712755, 'reg_alpha': 0.4979311787293546, 'reg_lambda': 6.044679043538303, 'gamma': 0.00012338097182327417, 'min_child_weight': 3}. Best is trial 1130 with value: 3.2181299783521623e-06.

[Trial 1152/5000] Starting at 06:44:59
  Lambdas: P=0.864, B=1.820, G=1.728
  XGBoost params: n_estimators=5974, max_depth=17
  Starting cross-validation...
  Trial 1140 MSE: 0.000003 | MAPE: 0.13% | R²: 0.050559
  Trial time: 17.8s
[I 2026-03-13 06:45:00,567] Trial 1140 finished with value: 3.271653923237608e-06 and parameters: {'lambda_P': 0.8239282570539572, 'lambda_B': 1.4034988438495697, 'lambda_G': 0.7348212241943127, 'n_estimators': 3408, 'max_depth': 18, 'learning_rate': 0.0060628967074772555, 'subsample': 0.9528230211679375, 'colsample_bytree': 0.4542184638103681, 'colsample_bylevel': 0.46031018636861876, 'reg_alpha': 0.1568451614471646, 'reg_lambda': 3.1107151416247873, 'gamma': 0.00013552993446077632, 'min_child_weight': 9}. Best is trial 1130 with value: 3.2181299783521623e-06.

[Trial 1153/5000] Starting at 06:45:00
  Lambdas: P=1.805, B=1.324, G=0.615
  XGBoost params: n_estimators=7164, max_depth=12
  Starting cross-validation...
  Trial 1141 MSE: 0.000004 | MAPE: 0.16% | R²: -0.173752
  Trial time: 14.9s
[I 2026-03-13 06:45:01,262] Trial 1141 finished with value: 4.476845807901607e-06 and parameters: {'lambda_P': 0.6487574864332694, 'lambda_B': 1.3503900906882766, 'lambda_G': 0.607490054315134, 'n_estimators': 2616, 'max_depth': 2, 'learning_rate': 0.0011517075269505163, 'subsample': 0.7073539941161957, 'colsample_bytree': 0.7218819595297039, 'colsample_bylevel': 0.5183384070691306, 'reg_alpha': 0.6595472616295103, 'reg_lambda': 5.274634593975881, 'gamma': 0.00016172149166810467, 'min_child_weight': 16}. Best is trial 1130 with value: 3.2181299783521623e-06.

[Trial 1154/5000] Starting at 06:45:01
  Lambdas: P=0.587, B=1.908, G=1.672
  XGBoost params: n_estimators=6631, max_depth=11
  Starting cross-validation...
  Trial 1137 MSE: 0.000005 | MAPE: 0.16% | R²: -0.314049
  Trial time: 25.1s
[I 2026-03-13 06:45:03,902] Trial 1137 finished with value: 5.076887518448612e-06 and parameters: {'lambda_P': 0.6269227793308861, 'lambda_B': 1.5612190670994535, 'lambda_G': 1.0086826604598524, 'n_estimators': 4970, 'max_depth': 19, 'learning_rate': 0.0011073980460746906, 'subsample': 0.5956856789440709, 'colsample_bytree': 0.6696688336098097, 'colsample_bylevel': 0.38072966390139956, 'reg_alpha': 0.9729238840953441, 'reg_lambda': 4.340403960245303, 'gamma': 0.00023659269299844204, 'min_child_weight': 19}. Best is trial 1130 with value: 3.2181299783521623e-06.

[Trial 1155/5000] Starting at 06:45:03
  Lambdas: P=1.169, B=1.791, G=1.447
  XGBoost params: n_estimators=7663, max_depth=14
  Starting cross-validation...
  Trial 1132 MSE: 0.000004 | MAPE: 0.15% | R²: -0.135180
  Trial time: 36.8s
[I 2026-03-13 06:45:07,367] Trial 1132 finished with value: 4.179474377397722e-06 and parameters: {'lambda_P': 1.4848815221035296, 'lambda_B': 1.3552911948023665, 'lambda_G': 1.3036540525428186, 'n_estimators': 7258, 'max_depth': 4, 'learning_rate': 0.0014502021660600301, 'subsample': 0.9032070856130452, 'colsample_bytree': 0.7656973217074143, 'colsample_bylevel': 0.3058252302187138, 'reg_alpha': 0.2448732778094154, 'reg_lambda': 0.029804089969509118, 'gamma': 0.0007644195832655523, 'min_child_weight': 8}. Best is trial 1130 with value: 3.2181299783521623e-06.

[Trial 1156/5000] Starting at 06:45:07
  Lambdas: P=1.572, B=1.739, G=1.265
  XGBoost params: n_estimators=7722, max_depth=16
  Starting cross-validation...
  Trial 1147 MSE: 0.000005 | MAPE: 0.16% | R²: -0.314049
  Trial time: 16.8s
[I 2026-03-13 06:45:11,380] Trial 1147 finished with value: 5.076887518448612e-06 and parameters: {'lambda_P': 1.125058350407819, 'lambda_B': 1.3835119508948748, 'lambda_G': 0.8652902707769508, 'n_estimators': 3500, 'max_depth': 20, 'learning_rate': 0.001718853836751734, 'subsample': 0.9804092410997908, 'colsample_bytree': 0.3235507834536962, 'colsample_bylevel': 0.3052937400298269, 'reg_alpha': 2.1598706975741973, 'reg_lambda': 2.4331091919828176, 'gamma': 0.00012248994698200292, 'min_child_weight': 3}. Best is trial 1130 with value: 3.2181299783521623e-06.

[Trial 1157/5000] Starting at 06:45:11
  Lambdas: P=1.485, B=1.958, G=0.569
  XGBoost params: n_estimators=6731, max_depth=9
  Starting cross-validation...
  Trial 1149 MSE: 0.000004 | MAPE: 0.15% | R²: -0.068915
  Trial time: 19.1s
[I 2026-03-13 06:45:16,517] Trial 1149 finished with value: 3.8982703038186455e-06 and parameters: {'lambda_P': 1.0378533653070403, 'lambda_B': 1.5077189181963473, 'lambda_G': 0.5245240608601345, 'n_estimators': 4182, 'max_depth': 17, 'learning_rate': 0.002359484353805203, 'subsample': 0.9906075725889099, 'colsample_bytree': 0.5516637598155576, 'colsample_bylevel': 0.36305811153893935, 'reg_alpha': 0.571397525257101, 'reg_lambda': 3.8635149006286076, 'gamma': 0.00014293568142714866, 'min_child_weight': 8}. Best is trial 1130 with value: 3.2181299783521623e-06.

[Trial 1158/5000] Starting at 06:45:16
  Lambdas: P=0.778, B=1.366, G=0.581
  XGBoost params: n_estimators=3837, max_depth=13
  Starting cross-validation...
  Trial 1133 MSE: 0.000005 | MAPE: 0.16% | R²: -0.314049
  Trial time: 45.9s
[I 2026-03-13 06:45:19,524] Trial 1133 finished with value: 5.076887518448612e-06 and parameters: {'lambda_P': 0.6914661379512792, 'lambda_B': 1.982156386329018, 'lambda_G': 1.3544301679770523, 'n_estimators': 9100, 'max_depth': 11, 'learning_rate': 0.0011085070968249971, 'subsample': 0.4431778865775969, 'colsample_bytree': 0.3095586987844678, 'colsample_bylevel': 0.5846669307238026, 'reg_alpha': 1.1346892814427363, 'reg_lambda': 6.235386759418089, 'gamma': 0.00016925176687947402, 'min_child_weight': 16}. Best is trial 1130 with value: 3.2181299783521623e-06.

[Trial 1159/5000] Starting at 06:45:19
  Lambdas: P=0.530, B=1.505, G=1.653
  XGBoost params: n_estimators=8995, max_depth=13
  Starting cross-validation...
  Trial 1143 MSE: 0.000003 | MAPE: 0.14% | R²: 0.028639
  Trial time: 33.6s
