[I 2026-03-13 06:55:24,292] Trial 1498 finished with value: 3.788545480828044e-06 and parameters: {'lambda_P': 0.9216605854785818, 'lambda_B': 1.6702539013081312, 'lambda_G': 1.1382498994403667, 'n_estimators': 1609, 'max_depth': 12, 'learning_rate': 0.0013485127294095933, 'subsample': 0.6499017479746773, 'colsample_bytree': 0.522941815330553, 'colsample_bylevel': 0.6144515615646398, 'reg_alpha': 0.12078293940549494, 'reg_lambda': 3.221073110603368, 'gamma': 0.00028458826998241653, 'min_child_weight': 8}. Best is trial 1422 with value: 2.996031181594198e-06.

[Trial 1509/5000] Starting at 06:55:24
  Lambdas: P=1.506, B=1.214, G=0.522
  XGBoost params: n_estimators=8602, max_depth=12
  Starting cross-validation...
  Trial 1491 MSE: 0.000004 | MAPE: 0.15% | R²: -0.117860
  Trial time: 20.3s
[I 2026-03-13 06:55:24,926] Trial 1491 finished with value: 4.196549799103878e-06 and parameters: {'lambda_P': 1.3266413055985813, 'lambda_B': 1.7893809326306866, 'lambda_G': 1.059338017067669, 'n_estimators': 3567, 'max_depth': 16, 'learning_rate': 0.026798372968887176, 'subsample': 0.9549070770792542, 'colsample_bytree': 0.6046246813429632, 'colsample_bylevel': 0.3037081785286573, 'reg_alpha': 0.7637156462221825, 'reg_lambda': 0.4480884013309546, 'gamma': 0.00013496051061695274, 'min_child_weight': 2}. Best is trial 1422 with value: 2.996031181594198e-06.

[Trial 1510/5000] Starting at 06:55:25
  Lambdas: P=1.905, B=1.069, G=0.529
  XGBoost params: n_estimators=8376, max_depth=5
  Starting cross-validation...
  Trial 1502 MSE: 0.000004 | MAPE: 0.15% | R²: -0.064839
  Trial time: 8.0s
[I 2026-03-13 06:55:26,185] Trial 1502 finished with value: 3.8510157903517355e-06 and parameters: {'lambda_P': 0.7941490514064622, 'lambda_B': 1.810499545392462, 'lambda_G': 0.580373605130222, 'n_estimators': 1383, 'max_depth': 10, 'learning_rate': 0.0033130070516879796, 'subsample': 0.7649169716047081, 'colsample_bytree': 0.336712911202521, 'colsample_bylevel': 0.5041340715143054, 'reg_alpha': 0.36555680514741895, 'reg_lambda': 1.8826700700528138, 'gamma': 0.00017361774736816924, 'min_child_weight': 6}. Best is trial 1422 with value: 2.996031181594198e-06.

[Trial 1511/5000] Starting at 06:55:26
  Lambdas: P=1.250, B=1.535, G=0.505
  XGBoost params: n_estimators=312, max_depth=11
  Starting cross-validation...
  Trial 1510 MSE: 0.000004 | MAPE: 0.15% | R²: -0.150409
  Trial time: 1.7s
[I 2026-03-13 06:55:28,065] Trial 1510 finished with value: 4.359360448638576e-06 and parameters: {'lambda_P': 1.2499559542248506, 'lambda_B': 1.535180677656056, 'lambda_G': 0.505255438002858, 'n_estimators': 312, 'max_depth': 11, 'learning_rate': 0.020142147484885405, 'subsample': 0.7616684449248035, 'colsample_bytree': 0.8214649931641664, 'colsample_bylevel': 0.3340758675671094, 'reg_alpha': 0.5826879169709804, 'reg_lambda': 4.593974302039299, 'gamma': 0.0002665841492087424, 'min_child_weight': 10}. Best is trial 1422 with value: 2.996031181594198e-06.

[Trial 1512/5000] Starting at 06:55:28
  Lambdas: P=0.901, B=1.641, G=0.723
  XGBoost params: n_estimators=1062, max_depth=15
  Starting cross-validation...
  Trial 1511 MSE: 0.000005 | MAPE: 0.16% | R²: -0.314049
  Trial time: 4.6s
[I 2026-03-13 06:55:32,897] Trial 1511 finished with value: 5.076887518448612e-06 and parameters: {'lambda_P': 0.9008796749268791, 'lambda_B': 1.6413128710782712, 'lambda_G': 0.7231823181936973, 'n_estimators': 1062, 'max_depth': 15, 'learning_rate': 0.0924878163773284, 'subsample': 0.4525952638001327, 'colsample_bytree': 0.8916901516721237, 'colsample_bylevel': 0.3616989224391365, 'reg_alpha': 0.8428358808642629, 'reg_lambda': 5.904899855014533, 'gamma': 0.00025595242184287394, 'min_child_weight': 11}. Best is trial 1422 with value: 2.996031181594198e-06.

[Trial 1513/5000] Starting at 06:55:32
  Lambdas: P=0.903, B=1.892, G=1.383
  XGBoost params: n_estimators=4433, max_depth=20
  Starting cross-validation...
  Trial 1506 MSE: 0.000004 | MAPE: 0.15% | R²: -0.125931
  Trial time: 12.8s
[I 2026-03-13 06:55:33,809] Trial 1506 finished with value: 4.047862401857947e-06 and parameters: {'lambda_P': 0.9547110326569217, 'lambda_B': 1.6127357614131212, 'lambda_G': 0.8135585591426142, 'n_estimators': 2830, 'max_depth': 9, 'learning_rate': 0.0462734788451794, 'subsample': 0.6838470816299488, 'colsample_bytree': 0.34035116126051107, 'colsample_bylevel': 0.3402231844381005, 'reg_alpha': 0.37108202191040285, 'reg_lambda': 8.32840687474117, 'gamma': 0.00019821842176671674, 'min_child_weight': 15}. Best is trial 1422 with value: 2.996031181594198e-06.

[Trial 1514/5000] Starting at 06:55:33
  Lambdas: P=1.861, B=1.968, G=1.095
  XGBoost params: n_estimators=2170, max_depth=12
  Starting cross-validation...
  Trial 1494 MSE: 0.000004 | MAPE: 0.14% | R²: -0.059980
  Trial time: 25.2s
[I 2026-03-13 06:55:35,900] Trial 1494 finished with value: 3.6619180305728433e-06 and parameters: {'lambda_P': 1.0203975027307295, 'lambda_B': 1.9545086959664086, 'lambda_G': 0.794765608829388, 'n_estimators': 4702, 'max_depth': 12, 'learning_rate': 0.051730133072694896, 'subsample': 0.7803431117542996, 'colsample_bytree': 0.4330700237533856, 'colsample_bylevel': 0.4328610157562099, 'reg_alpha': 0.08027331050155131, 'reg_lambda': 8.57074143096923, 'gamma': 0.000379123912718051, 'min_child_weight': 16}. Best is trial 1422 with value: 2.996031181594198e-06.

[Trial 1515/5000] Starting at 06:55:35
  Lambdas: P=0.993, B=1.975, G=1.195
  Trial 1493 MSE: 0.000005 | MAPE: 0.16% | R²: -0.287349
  Trial time: 27.0s
[I 2026-03-13 06:55:36,468] Trial 1493 finished with value: 5.003347257960663e-06 and parameters: {'lambda_P': 1.053659456484508, 'lambda_B': 1.9583035789542025, 'lambda_G': 0.998532338352607, 'n_estimators': 5013, 'max_depth': 14, 'learning_rate': 0.027420594041429176, 'subsample': 0.9009593852646025, 'colsample_bytree': 0.5791322768430408, 'colsample_bylevel': 0.35563981441169334, 'reg_alpha': 1.3753829385417224, 'reg_lambda': 0.9995946261362665, 'gamma': 0.00010920865260119261, 'min_child_weight': 3}. Best is trial 1422 with value: 2.996031181594198e-06.
  XGBoost params: n_estimators=3245, max_depth=11
  Starting cross-validation...

[Trial 1516/5000] Starting at 06:55:36
  Lambdas: P=1.408, B=0.848, G=0.608
  XGBoost params: n_estimators=6805, max_depth=4
  Starting cross-validation...
  Trial 1504 MSE: 0.000005 | MAPE: 0.16% | R²: -0.314049
  Trial time: 17.2s
[I 2026-03-13 06:55:37,222] Trial 1504 finished with value: 5.076887518448612e-06 and parameters: {'lambda_P': 1.6494714142366886, 'lambda_B': 1.9895724078661812, 'lambda_G': 1.1951562012408197, 'n_estimators': 3434, 'max_depth': 7, 'learning_rate': 0.0234790483033665, 'subsample': 0.833807145727809, 'colsample_bytree': 0.42183879599592206, 'colsample_bylevel': 0.7176506487808356, 'reg_alpha': 1.9311157321538428, 'reg_lambda': 8.891163527872589, 'gamma': 0.00011733770300466488, 'min_child_weight': 18}. Best is trial 1422 with value: 2.996031181594198e-06.
  Trial 1490 MSE: 0.000005 | MAPE: 0.16% | R²: -0.314049
[Trial 1517/5000] Starting at 06:55:37

  Trial time: 33.3s
[I 2026-03-13 06:55:37,405] Trial 1490 finished with value: 5.076887518448612e-06 and parameters: {'lambda_P': 0.5854682688044309, 'lambda_B': 1.3736220574396374, 'lambda_G': 0.7564479301927551, 'n_estimators': 6267, 'max_depth': 15, 'learning_rate': 0.0026923255110939907, 'subsample': 0.6625218818250663, 'colsample_bytree': 0.3066630284474974, 'colsample_bylevel': 0.42381312449108316, 'reg_alpha': 1.2588924857406152, 'reg_lambda': 3.784330390977131, 'gamma': 0.00019006140096181678, 'min_child_weight': 8}. Best is trial 1422 with value: 2.996031181594198e-06.

[Trial 1518/5000] Starting at 06:55:37
  Lambdas: P=1.201, B=1.940, G=1.095
  Lambdas: P=1.091, B=1.791, G=0.564
  XGBoost params: n_estimators=1871, max_depth=11
  Starting cross-validation...
  XGBoost params: n_estimators=6061, max_depth=18
  Starting cross-validation...
  Trial 1500 MSE: 0.000004 | MAPE: 0.15% | R²: -0.112912
  Trial time: 21.8s
[I 2026-03-13 06:55:38,806] Trial 1500 finished with value: 4.1565271992261e-06 and parameters: {'lambda_P': 0.7905166113783939, 'lambda_B': 1.7918953683711543, 'lambda_G': 1.2622994627257231, 'n_estimators': 4773, 'max_depth': 19, 'learning_rate': 0.005676987242045417, 'subsample': 0.8859391380587659, 'colsample_bytree': 0.6380127650276182, 'colsample_bylevel': 0.5491613598202744, 'reg_alpha': 0.6894910502829218, 'reg_lambda': 5.525601960452607, 'gamma': 0.00012469109115725141, 'min_child_weight': 12}. Best is trial 1422 with value: 2.996031181594198e-06.

[Trial 1519/5000] Starting at 06:55:38
  Lambdas: P=0.527, B=1.644, G=0.868
  XGBoost params: n_estimators=7331, max_depth=16
  Starting cross-validation...
  Trial 1496 MSE: 0.000005 | MAPE: 0.16% | R²: -0.314049
  Trial time: 29.9s
[I 2026-03-13 06:55:42,824] Trial 1496 finished with value: 5.076887518448612e-06 and parameters: {'lambda_P': 0.5209792247561917, 'lambda_B': 1.6127805063034315, 'lambda_G': 1.3820607454296727, 'n_estimators': 6018, 'max_depth': 19, 'learning_rate': 0.03384940072426359, 'subsample': 0.7279825232489041, 'colsample_bytree': 0.3198504716708515, 'colsample_bylevel': 0.5068698690139133, 'reg_alpha': 1.358206196965755, 'reg_lambda': 3.676084234201744, 'gamma': 0.00012080288898778797, 'min_child_weight': 8}. Best is trial 1422 with value: 2.996031181594198e-06.

[Trial 1520/5000] Starting at 06:55:42
  Lambdas: P=0.761, B=1.321, G=1.256
  XGBoost params: n_estimators=487, max_depth=19
  Starting cross-validation...
  Trial 1507 MSE: 0.000005 | MAPE: 0.16% | R²: -0.246819
  Trial time: 20.6s
[I 2026-03-13 06:55:43,771] Trial 1507 finished with value: 4.8118270308761525e-06 and parameters: {'lambda_P': 1.0890949802813328, 'lambda_B': 1.9554256236386764, 'lambda_G': 1.1506740758450331, 'n_estimators': 3869, 'max_depth': 20, 'learning_rate': 0.024623523304356024, 'subsample': 0.9488487481850211, 'colsample_bytree': 0.5569643368925181, 'colsample_bylevel': 0.5436252371586848, 'reg_alpha': 0.7465030547356531, 'reg_lambda': 0.44618374770468816, 'gamma': 0.0007978761324129642, 'min_child_weight': 3}. Best is trial 1422 with value: 2.996031181594198e-06.

[Trial 1521/5000] Starting at 06:55:43
  Trial 1503 MSE: 0.000004 | MAPE: 0.14% | R²: -0.032012
  Trial time: 25.5s
[I 2026-03-13 06:55:43,952] Trial 1503 finished with value: 3.6525054067795304e-06 and parameters: {'lambda_P': 1.5453247027801384, 'lambda_B': 1.9351683815880407, 'lambda_G': 1.382454754272783, 'n_estimators': 4941, 'max_depth': 19, 'learning_rate': 0.056264641002199106, 'subsample': 0.9802691984454296, 'colsample_bytree': 0.6076915041682901, 'colsample_bylevel': 0.4414193184202486, 'reg_alpha': 0.31026462490752404, 'reg_lambda': 0.3176931089648507, 'gamma': 0.00026723369126338054, 'min_child_weight': 3}. Best is trial 1422 with value: 2.996031181594198e-06.

[Trial 1522/5000] Starting at 06:55:44
  Lambdas: P=1.824, B=1.203, G=0.823
  Lambdas: P=1.979, B=1.463, G=0.581
  XGBoost params: n_estimators=5094, max_depth=8
  Starting cross-validation...
  XGBoost params: n_estimators=5286, max_depth=13
  Starting cross-validation...
  Trial 1519 MSE: 0.000005 | MAPE: 0.16% | R²: -0.314049
  Trial time: 2.9s
[I 2026-03-13 06:55:45,948] Trial 1519 finished with value: 5.076887518448612e-06 and parameters: {'lambda_P': 0.761405765943634, 'lambda_B': 1.3212885043862772, 'lambda_G': 1.2555844200249284, 'n_estimators': 487, 'max_depth': 19, 'learning_rate': 0.45907599678998123, 'subsample': 0.6623030802936172, 'colsample_bytree': 0.7476711343043602, 'colsample_bylevel': 0.49290879493509676, 'reg_alpha': 1.2514070094446796, 'reg_lambda': 3.384042502299462, 'gamma': 0.0001757431650938922, 'min_child_weight': 13}. Best is trial 1422 with value: 2.996031181594198e-06.

[Trial 1523/5000] Starting at 06:55:46
  Trial 1513 MSE: 0.000005 | MAPE: 0.16% | R²: -0.303033
  Trial time: 12.2s
[I 2026-03-13 06:55:46,248] Trial 1513 finished with value: 5.050046124195433e-06 and parameters: {'lambda_P': 1.861301609958201, 'lambda_B': 1.9678135909848862, 'lambda_G': 1.0948409525024676, 'n_estimators': 2170, 'max_depth': 12, 'learning_rate': 0.008650508188686793, 'subsample': 0.8828891243975112, 'colsample_bytree': 0.39936921632752187, 'colsample_bylevel': 0.711459791443273, 'reg_alpha': 1.3349719916622718, 'reg_lambda': 9.194965820343466, 'gamma': 0.00023557322087791816, 'min_child_weight': 20}. Best is trial 1422 with value: 2.996031181594198e-06.

[Trial 1524/5000] Starting at 06:55:46
  Lambdas: P=0.722, B=1.599, G=0.594
  XGBoost params: n_estimators=164, max_depth=16
  Starting cross-validation...
  Lambdas: P=1.096, B=1.741, G=1.456
  XGBoost params: n_estimators=3881, max_depth=10
  Starting cross-validation...
  Trial 1522 MSE: 0.000005 | MAPE: 0.16% | R²: -0.314049
  Trial time: 1.5s
[I 2026-03-13 06:55:47,613] Trial 1522 finished with value: 5.076887518448612e-06 and parameters: {'lambda_P': 0.7222381023697058, 'lambda_B': 1.5992121047173575, 'lambda_G': 0.5938784661877279, 'n_estimators': 164, 'max_depth': 16, 'learning_rate': 0.3315226495659542, 'subsample': 0.6650385489136041, 'colsample_bytree': 0.8309360384837544, 'colsample_bylevel': 0.3787344057524477, 'reg_alpha': 1.1481366573571705, 'reg_lambda': 3.3676748700967627, 'gamma': 0.0003398447629672549, 'min_child_weight': 11}. Best is trial 1422 with value: 2.996031181594198e-06.

[Trial 1525/5000] Starting at 06:55:47
  Lambdas: P=1.592, B=0.676, G=1.659
  XGBoost params: n_estimators=6926, max_depth=7
  Starting cross-validation...
  Trial 1517 MSE: 0.000003 | MAPE: 0.14% | R²: 0.035478
  Trial time: 10.7s
[I 2026-03-13 06:55:48,292] Trial 1517 finished with value: 3.335270348607522e-06 and parameters: {'lambda_P': 1.2007001071699217, 'lambda_B': 1.9397362441592698, 'lambda_G': 1.0946267599185782, 'n_estimators': 1871, 'max_depth': 11, 'learning_rate': 0.01720741036428535, 'subsample': 0.8432458011602074, 'colsample_bytree': 0.4280780180937009, 'colsample_bylevel': 0.3293374943246866, 'reg_alpha': 0.19656178794320547, 'reg_lambda': 9.757326318596308, 'gamma': 0.00012321157955011956, 'min_child_weight': 19}. Best is trial 1422 with value: 2.996031181594198e-06.

[Trial 1526/5000] Starting at 06:55:48
  Lambdas: P=1.182, B=1.972, G=1.261
  XGBoost params: n_estimators=3063, max_depth=8
  Starting cross-validation...
  Trial 1505 MSE: 0.000005 | MAPE: 0.16% | R²: -0.267347
  Trial time: 31.9s
[I 2026-03-13 06:55:52,314] Trial 1505 finished with value: 4.665970197946621e-06 and parameters: {'lambda_P': 0.771726973545272, 'lambda_B': 1.6320921424046868, 'lambda_G': 1.1096217582900205, 'n_estimators': 5920, 'max_depth': 13, 'learning_rate': 0.13331483666337973, 'subsample': 0.9396051533853093, 'colsample_bytree': 0.8019452212863373, 'colsample_bylevel': 0.49967460236428785, 'reg_alpha': 0.27087586759033966, 'reg_lambda': 4.754964005011782, 'gamma': 0.0014501239308805551, 'min_child_weight': 4}. Best is trial 1422 with value: 2.996031181594198e-06.

[Trial 1527/5000] Starting at 06:55:52
  Lambdas: P=1.177, B=1.795, G=1.017
  XGBoost params: n_estimators=2671, max_depth=8
  Starting cross-validation...
  Trial 1514 MSE: 0.000004 | MAPE: 0.15% | R²: -0.067221
  Trial time: 17.5s
[I 2026-03-13 06:55:53,579] Trial 1514 finished with value: 3.9463877363375964e-06 and parameters: {'lambda_P': 0.9926043608401682, 'lambda_B': 1.9749207167604725, 'lambda_G': 1.1945889639041762, 'n_estimators': 3245, 'max_depth': 11, 'learning_rate': 0.016693827324830518, 'subsample': 0.953250044770441, 'colsample_bytree': 0.3518354776555115, 'colsample_bylevel': 0.4478508582726047, 'reg_alpha': 0.6574640154961381, 'reg_lambda': 0.2745198879196856, 'gamma': 0.0001098688120814462, 'min_child_weight': 2}. Best is trial 1422 with value: 2.996031181594198e-06.

[Trial 1528/5000] Starting at 06:55:53
  Lambdas: P=1.097, B=1.734, G=1.150
  XGBoost params: n_estimators=674, max_depth=13
  Starting cross-validation...
  Trial 1512 MSE: 0.000005 | MAPE: 0.16% | R²: -0.314049
  Trial time: 22.0s
[I 2026-03-13 06:55:55,106] Trial 1512 finished with value: 5.076887518448612e-06 and parameters: {'lambda_P': 0.9034991305683486, 'lambda_B': 1.891681022316866, 'lambda_G': 1.3828846660717624, 'n_estimators': 4433, 'max_depth': 20, 'learning_rate': 0.013595530122974465, 'subsample': 0.970395050980033, 'colsample_bytree': 0.6109882641395215, 'colsample_bylevel': 0.5616580391871732, 'reg_alpha': 4.0760742210875724, 'reg_lambda': 6.346592799602432, 'gamma': 0.00017612654218320713, 'min_child_weight': 9}. Best is trial 1422 with value: 2.996031181594198e-06.

[Trial 1529/5000] Starting at 06:55:55
  Lambdas: P=1.692, B=1.840, G=1.373
  XGBoost params: n_estimators=2202, max_depth=12
  Starting cross-validation...
  Trial 1527 MSE: 0.000005 | MAPE: 0.16% | R²: -0.235817
  Trial time: 3.9s
[I 2026-03-13 06:55:57,672] Trial 1527 finished with value: 4.764807632405044e-06 and parameters: {'lambda_P': 1.0968576877983647, 'lambda_B': 1.733652916070726, 'lambda_G': 1.1500970617947903, 'n_estimators': 674, 'max_depth': 13, 'learning_rate': 0.1754269792402468, 'subsample': 0.9297639886076167, 'colsample_bytree': 0.8734118963778962, 'colsample_bylevel': 0.5777598347839404, 'reg_alpha': 0.8365192241992252, 'reg_lambda': 1.512975133394301, 'gamma': 0.0006636759979880978, 'min_child_weight': 11}. Best is trial 1422 with value: 2.996031181594198e-06.

[Trial 1530/5000] Starting at 06:55:57
  Lambdas: P=1.171, B=1.080, G=0.563
  XGBoost params: n_estimators=9324, max_depth=6
  Starting cross-validation...
  Trial 1525 MSE: 0.000005 | MAPE: 0.16% | R²: -0.314049
  Trial time: 14.0s
[I 2026-03-13 06:56:02,534] Trial 1525 finished with value: 5.076887518448612e-06 and parameters: {'lambda_P': 1.182027777888221, 'lambda_B': 1.971777193700798, 'lambda_G': 1.2611845648914102, 'n_estimators': 3063, 'max_depth': 8, 'learning_rate': 0.03563642468522836, 'subsample': 0.9749489334122163, 'colsample_bytree': 0.41557401166100655, 'colsample_bylevel': 0.39558967956991986, 'reg_alpha': 2.5292092528954817, 'reg_lambda': 8.848882966392036, 'gamma': 0.00035315292012744323, 'min_child_weight': 19}. Best is trial 1422 with value: 2.996031181594198e-06.

[Trial 1531/5000] Starting at 06:56:02
  Lambdas: P=1.019, B=1.035, G=0.761
  XGBoost params: n_estimators=5887, max_depth=13
  Starting cross-validation...
  Trial 1499 MSE: 0.000004 | MAPE: 0.15% | R²: -0.117612
  Trial time: 48.1s
[I 2026-03-13 06:56:04,138] Trial 1499 finished with value: 4.224777751443287e-06 and parameters: {'lambda_P': 1.684415896799037, 'lambda_B': 1.2647899831020886, 'lambda_G': 0.8102368179786491, 'n_estimators': 9681, 'max_depth': 9, 'learning_rate': 0.001250723518671115, 'subsample': 0.9672793548968559, 'colsample_bytree': 0.30568749663349326, 'colsample_bylevel': 0.5600325185534462, 'reg_alpha': 0.8356635108933923, 'reg_lambda': 2.70740124957372, 'gamma': 0.0001025664390899086, 'min_child_weight': 8}. Best is trial 1422 with value: 2.996031181594198e-06.

[Trial 1532/5000] Starting at 06:56:04
  Lambdas: P=1.324, B=1.836, G=1.618
  XGBoost params: n_estimators=8172, max_depth=12
  Starting cross-validation...
  Trial 1528 MSE: 0.000005 | MAPE: 0.16% | R²: -0.311283
  Trial time: 10.2s
[I 2026-03-13 06:56:05,550] Trial 1528 finished with value: 5.070237417787291e-06 and parameters: {'lambda_P': 1.6920526329623657, 'lambda_B': 1.839904476350078, 'lambda_G': 1.3727067263872081, 'n_estimators': 2202, 'max_depth': 12, 'learning_rate': 0.023491418081551824, 'subsample': 0.7335873779298061, 'colsample_bytree': 0.6705255996275237, 'colsample_bylevel': 0.3596572792990209, 'reg_alpha': 1.2609814161610486, 'reg_lambda': 9.02401892308608, 'gamma': 0.00010912720938656352, 'min_child_weight': 20}. Best is trial 1422 with value: 2.996031181594198e-06.

[Trial 1533/5000] Starting at 06:56:05
  Lambdas: P=0.749, B=1.335, G=1.936
  Trial 1516 MSE: 0.000004 | MAPE: 0.15% | R²: -0.119973
  Trial time: 28.7s
[I 2026-03-13 06:56:06,087] Trial 1516 finished with value: 4.246245822227008e-06 and parameters: {'lambda_P': 1.0911509229592349, 'lambda_B': 1.7905164893707661, 'lambda_G': 0.5643351746447848, 'n_estimators': 6061, 'max_depth': 18, 'learning_rate': 0.011089260124185428, 'subsample': 0.903580749422808, 'colsample_bytree': 0.5590713244932992, 'colsample_bylevel': 0.6583744947238418, 'reg_alpha': 0.8027734451559292, 'reg_lambda': 2.7420490013809964, 'gamma': 0.00011731979628919556, 'min_child_weight': 10}. Best is trial 1422 with value: 2.996031181594198e-06.

[Trial 1534/5000] Starting at 06:56:06  XGBoost params: n_estimators=2255, max_depth=5
  Starting cross-validation...

  Lambdas: P=1.202, B=1.630, G=0.783
  XGBoost params: n_estimators=4108, max_depth=10
  Starting cross-validation...
  Trial 1526 MSE: 0.000004 | MAPE: 0.15% | R²: -0.059717
  Trial time: 14.3s
[I 2026-03-13 06:56:06,841] Trial 1526 finished with value: 3.840561941768385e-06 and parameters: {'lambda_P': 1.1769085277389566, 'lambda_B': 1.7951068572324602, 'lambda_G': 1.0170402192553658, 'n_estimators': 2671, 'max_depth': 8, 'learning_rate': 0.02964152642556151, 'subsample': 0.9660979020704282, 'colsample_bytree': 0.34603255258855614, 'colsample_bylevel': 0.34418332843670496, 'reg_alpha': 0.5873063448042213, 'reg_lambda': 9.45487274091049, 'gamma': 0.00010135401438039167, 'min_child_weight': 19}. Best is trial 1422 with value: 2.996031181594198e-06.

[Trial 1535/5000] Starting at 06:56:06
  Lambdas: P=1.513, B=1.677, G=0.904
  XGBoost params: n_estimators=8756, max_depth=12
  Starting cross-validation...
  Trial 1518 MSE: 0.000005 | MAPE: 0.16% | R²: -0.211252
  Trial time: 28.6s
