[I 2026-03-13 06:50:59,634] Trial 1336 finished with value: 5.076887518448612e-06 and parameters: {'lambda_P': 1.0099174105639832, 'lambda_B': 1.8976728062302766, 'lambda_G': 0.7618129021902426, 'n_estimators': 3483, 'max_depth': 11, 'learning_rate': 0.01953406730610338, 'subsample': 0.8654223454589463, 'colsample_bytree': 0.762044552925921, 'colsample_bylevel': 0.4017480037555455, 'reg_alpha': 3.126379841243309, 'reg_lambda': 3.4622078639779987, 'gamma': 0.0002276623257709112, 'min_child_weight': 7}. Best is trial 1267 with value: 3.067840594549508e-06.

[Trial 1347/5000] Starting at 06:50:59
  Lambdas: P=1.543, B=0.773, G=0.722
  XGBoost params: n_estimators=5950, max_depth=7
  Starting cross-validation...
  Trial 1328 MSE: 0.000003 | MAPE: 0.14% | R²: 0.012806
  Trial time: 30.8s
[I 2026-03-13 06:51:00,681] Trial 1328 finished with value: 3.4378583466288627e-06 and parameters: {'lambda_P': 1.1498738682848815, 'lambda_B': 1.5116689963528687, 'lambda_G': 1.2226565489069505, 'n_estimators': 5758, 'max_depth': 12, 'learning_rate': 0.010204004947032252, 'subsample': 0.710327020531966, 'colsample_bytree': 0.6230345607088104, 'colsample_bylevel': 0.3461934110902004, 'reg_alpha': 0.1634205661995709, 'reg_lambda': 1.9916212270412226, 'gamma': 0.00014138448766851298, 'min_child_weight': 10}. Best is trial 1267 with value: 3.067840594549508e-06.

[Trial 1348/5000] Starting at 06:51:00
  Lambdas: P=1.515, B=1.110, G=1.270
  XGBoost params: n_estimators=5764, max_depth=7
  Starting cross-validation...
  Trial 1334 MSE: 0.000005 | MAPE: 0.16% | R²: -0.314049
  Trial time: 22.8s
[I 2026-03-13 06:51:02,527] Trial 1334 finished with value: 5.076887518448612e-06 and parameters: {'lambda_P': 1.2829211089703711, 'lambda_B': 1.6404499464326512, 'lambda_G': 1.5778496144646295, 'n_estimators': 4434, 'max_depth': 14, 'learning_rate': 0.05073562500229715, 'subsample': 0.538588868739301, 'colsample_bytree': 0.7486886450630141, 'colsample_bylevel': 0.33380708120982183, 'reg_alpha': 1.0917220829620105, 'reg_lambda': 4.23552770897121, 'gamma': 0.00014272948674281407, 'min_child_weight': 6}. Best is trial 1267 with value: 3.067840594549508e-06.

[Trial 1349/5000] Starting at 06:51:02
  Lambdas: P=1.403, B=1.049, G=0.798
  XGBoost params: n_estimators=6701, max_depth=10
  Starting cross-validation...
  Trial 1326 MSE: 0.000003 | MAPE: 0.13% | R²: 0.070564
  Trial time: 36.2s
[I 2026-03-13 06:51:03,285] Trial 1326 finished with value: 3.2032793569344882e-06 and parameters: {'lambda_P': 1.093180455057286, 'lambda_B': 1.5417630622258662, 'lambda_G': 0.6817652176083872, 'n_estimators': 6949, 'max_depth': 14, 'learning_rate': 0.005715913651926384, 'subsample': 0.9811073461166268, 'colsample_bytree': 0.3722094940346431, 'colsample_bylevel': 0.5857521870488896, 'reg_alpha': 0.11949966328138643, 'reg_lambda': 2.8435050144483847, 'gamma': 0.00014397118903808107, 'min_child_weight': 12}. Best is trial 1267 with value: 3.067840594549508e-06.

[Trial 1350/5000] Starting at 06:51:03
  Lambdas: P=0.831, B=1.716, G=0.523
  XGBoost params: n_estimators=4952, max_depth=14
  Starting cross-validation...
  Trial 1333 MSE: 0.000005 | MAPE: 0.16% | R²: -0.314049
  Trial time: 28.5s
[I 2026-03-13 06:51:04,566] Trial 1333 finished with value: 5.076887518448612e-06 and parameters: {'lambda_P': 1.1473403960503883, 'lambda_B': 1.201147499267623, 'lambda_G': 0.8651210725892737, 'n_estimators': 5823, 'max_depth': 11, 'learning_rate': 0.013197171737843716, 'subsample': 0.9755391439965846, 'colsample_bytree': 0.8193844059900208, 'colsample_bylevel': 0.42637947722385444, 'reg_alpha': 1.3473070616246452, 'reg_lambda': 4.38781148466539, 'gamma': 0.0005529810887067062, 'min_child_weight': 1}. Best is trial 1267 with value: 3.067840594549508e-06.

[Trial 1351/5000] Starting at 06:51:04
  Lambdas: P=1.182, B=1.970, G=0.713
  XGBoost params: n_estimators=7757, max_depth=13
  Starting cross-validation...
  Trial 1339 MSE: 0.000003 | MAPE: 0.14% | R²: 0.025479
  Trial time: 20.1s
[I 2026-03-13 06:51:06,100] Trial 1339 finished with value: 3.3508730745597875e-06 and parameters: {'lambda_P': 1.3868722926840331, 'lambda_B': 1.7861611876206287, 'lambda_G': 0.9847595736489753, 'n_estimators': 4103, 'max_depth': 11, 'learning_rate': 0.006846901570377309, 'subsample': 0.9381566945532367, 'colsample_bytree': 0.5495513535782647, 'colsample_bylevel': 0.38294875957588004, 'reg_alpha': 0.03962579812102665, 'reg_lambda': 2.753046744053632, 'gamma': 0.0002771304311314786, 'min_child_weight': 2}. Best is trial 1267 with value: 3.067840594549508e-06.

[Trial 1352/5000] Starting at 06:51:06
  Lambdas: P=1.070, B=1.689, G=0.729
  Trial 1332 MSE: 0.000005 | MAPE: 0.16% | R²: -0.239288
  Trial time: 32.9s
[I 2026-03-13 06:51:06,645] Trial 1332 finished with value: 4.832957136329602e-06 and parameters: {'lambda_P': 1.1345084043959912, 'lambda_B': 1.9362150706555197, 'lambda_G': 1.1682066607461408, 'n_estimators': 8313, 'max_depth': 20, 'learning_rate': 0.006136662661786812, 'subsample': 0.8439199811820326, 'colsample_bytree': 0.5712539805305421, 'colsample_bylevel': 0.38702704326279563, 'reg_alpha': 1.0576602115191305, 'reg_lambda': 3.9281423352534417, 'gamma': 0.00014411207481640804, 'min_child_weight': 20}. Best is trial 1267 with value: 3.067840594549508e-06.

[Trial 1353/5000] Starting at 06:51:06
  XGBoost params: n_estimators=6263, max_depth=10
  Starting cross-validation...
  Lambdas: P=1.566, B=1.040, G=0.954
  XGBoost params: n_estimators=6228, max_depth=8
  Starting cross-validation...
  Trial 1337 MSE: 0.000005 | MAPE: 0.16% | R²: -0.314049
  Trial time: 26.8s
[I 2026-03-13 06:51:09,975] Trial 1337 finished with value: 5.076887518448612e-06 and parameters: {'lambda_P': 1.4519198232544241, 'lambda_B': 1.3240779211873528, 'lambda_G': 0.6682025541327643, 'n_estimators': 7296, 'max_depth': 9, 'learning_rate': 0.00434506861565908, 'subsample': 0.9641478937120611, 'colsample_bytree': 0.8046081318344042, 'colsample_bylevel': 0.30107187018574355, 'reg_alpha': 2.0673497875756057, 'reg_lambda': 0.10734649372652805, 'gamma': 0.0003892382407654536, 'min_child_weight': 2}. Best is trial 1267 with value: 3.067840594549508e-06.

[Trial 1354/5000] Starting at 06:51:10
  Lambdas: P=1.519, B=0.640, G=0.892
  XGBoost params: n_estimators=8916, max_depth=4
  Starting cross-validation...
  Trial 1341 MSE: 0.000005 | MAPE: 0.16% | R²: -0.239408
  Trial time: 29.7s
[I 2026-03-13 06:51:17,546] Trial 1341 finished with value: 4.822145679598484e-06 and parameters: {'lambda_P': 1.3430032202055437, 'lambda_B': 1.0832681835391764, 'lambda_G': 0.9479294529217601, 'n_estimators': 6888, 'max_depth': 5, 'learning_rate': 0.006973292880905929, 'subsample': 0.780272338129497, 'colsample_bytree': 0.4786955653664926, 'colsample_bylevel': 0.6448492466979865, 'reg_alpha': 0.8996755590093812, 'reg_lambda': 3.1777022835862923, 'gamma': 0.00022225750906171727, 'min_child_weight': 8}. Best is trial 1267 with value: 3.067840594549508e-06.

[Trial 1355/5000] Starting at 06:51:17
  Lambdas: P=1.102, B=1.564, G=0.517
  XGBoost params: n_estimators=7780, max_depth=11
  Starting cross-validation...
  Trial 1345 MSE: 0.000004 | MAPE: 0.15% | R²: -0.087292
  Trial time: 23.5s
[I 2026-03-13 06:51:22,429] Trial 1345 finished with value: 4.009867658703833e-06 and parameters: {'lambda_P': 0.8646956134211077, 'lambda_B': 1.6842033834149008, 'lambda_G': 0.9239261052146845, 'n_estimators': 5065, 'max_depth': 13, 'learning_rate': 0.05091541781712756, 'subsample': 0.9423503517512464, 'colsample_bytree': 0.6407526054457457, 'colsample_bylevel': 0.42497560267653467, 'reg_alpha': 0.6467888416136514, 'reg_lambda': 3.850258425623268, 'gamma': 0.0001431558423087617, 'min_child_weight': 8}. Best is trial 1267 with value: 3.067840594549508e-06.

[Trial 1356/5000] Starting at 06:51:22
  Lambdas: P=1.132, B=1.519, G=0.662
  XGBoost params: n_estimators=6749, max_depth=13
  Starting cross-validation...
  Trial 1340 MSE: 0.000003 | MAPE: 0.13% | R²: 0.063365
  Trial time: 38.8s
[I 2026-03-13 06:51:25,975] Trial 1340 finished with value: 3.1966481942290963e-06 and parameters: {'lambda_P': 1.4786313009340664, 'lambda_B': 0.7869473447285319, 'lambda_G': 0.666705160149308, 'n_estimators': 8237, 'max_depth': 7, 'learning_rate': 0.003692231265343001, 'subsample': 0.8723188746601241, 'colsample_bytree': 0.44437231000685556, 'colsample_bylevel': 0.54404876684629, 'reg_alpha': 0.0535284152633888, 'reg_lambda': 4.140193362305345, 'gamma': 0.00015837709834396786, 'min_child_weight': 3}. Best is trial 1267 with value: 3.067840594549508e-06.

[Trial 1357/5000] Starting at 06:51:26
  Lambdas: P=0.872, B=1.617, G=0.608
  XGBoost params: n_estimators=5701, max_depth=11
  Starting cross-validation...
  Trial 1342 MSE: 0.000003 | MAPE: 0.14% | R²: 0.024649
  Trial time: 33.6s
[I 2026-03-13 06:51:26,882] Trial 1342 finished with value: 3.3796028638681174e-06 and parameters: {'lambda_P': 1.4042959856054549, 'lambda_B': 0.9055495038030152, 'lambda_G': 1.0539608799751363, 'n_estimators': 7036, 'max_depth': 3, 'learning_rate': 0.0012419851240420639, 'subsample': 0.672124626093588, 'colsample_bytree': 0.3443698406491671, 'colsample_bylevel': 0.7113074319190383, 'reg_alpha': 0.10574211250060837, 'reg_lambda': 3.888248763301201, 'gamma': 0.00015687698943817686, 'min_child_weight': 10}. Best is trial 1267 with value: 3.067840594549508e-06.

[Trial 1358/5000] Starting at 06:51:26
  Lambdas: P=1.282, B=1.219, G=0.835
  XGBoost params: n_estimators=7928, max_depth=18
  Starting cross-validation...
  Trial 1346 MSE: 0.000005 | MAPE: 0.16% | R²: -0.314049
  Trial time: 28.0s
[I 2026-03-13 06:51:27,781] Trial 1346 finished with value: 5.076887518448612e-06 and parameters: {'lambda_P': 1.5425996549316803, 'lambda_B': 0.7734178764296037, 'lambda_G': 0.7222457112099281, 'n_estimators': 5950, 'max_depth': 7, 'learning_rate': 0.002269245850310152, 'subsample': 0.9251129530111308, 'colsample_bytree': 0.40528205055995803, 'colsample_bylevel': 0.4983988769420975, 'reg_alpha': 2.092389899060962, 'reg_lambda': 0.6024109201133792, 'gamma': 0.00017628838075599534, 'min_child_weight': 7}. Best is trial 1267 with value: 3.067840594549508e-06.

[Trial 1359/5000] Starting at 06:51:27
  Trial 1349 MSE: 0.000004 | MAPE: 0.14% | R²: -0.049786
  Trial time: 24.6s
[I 2026-03-13 06:51:28,114] Trial 1349 finished with value: 3.7339970550623177e-06 and parameters: {'lambda_P': 0.831036178835313, 'lambda_B': 1.7157931029105333, 'lambda_G': 0.5234334007655708, 'n_estimators': 4952, 'max_depth': 14, 'learning_rate': 0.0020968389852439656, 'subsample': 0.9629195334405477, 'colsample_bytree': 0.4247838186220012, 'colsample_bylevel': 0.49982521731807766, 'reg_alpha': 0.3078602943038667, 'reg_lambda': 0.9516385948704915, 'gamma': 0.00030025217813188336, 'min_child_weight': 16}. Best is trial 1267 with value: 3.067840594549508e-06.

[Trial 1360/5000] Starting at 06:51:28
  Lambdas: P=1.333, B=1.496, G=0.761
  XGBoost params: n_estimators=7520, max_depth=16
  Starting cross-validation...
  Lambdas: P=0.995, B=1.383, G=0.737
  XGBoost params: n_estimators=9523, max_depth=16
  Starting cross-validation...
  Trial 1344 MSE: 0.000004 | MAPE: 0.14% | R²: -0.036026
  Trial time: 33.0s
[I 2026-03-13 06:51:29,298] Trial 1344 finished with value: 3.737614773946039e-06 and parameters: {'lambda_P': 1.9370384646378858, 'lambda_B': 0.6434383687432061, 'lambda_G': 0.752625899243272, 'n_estimators': 6857, 'max_depth': 7, 'learning_rate': 0.0013458157203371946, 'subsample': 0.9906510112338242, 'colsample_bytree': 0.48736309669734534, 'colsample_bylevel': 0.7137633159792628, 'reg_alpha': 0.4780554203589974, 'reg_lambda': 4.163332859903791, 'gamma': 0.0001082297818104606, 'min_child_weight': 6}. Best is trial 1267 with value: 3.067840594549508e-06.

[Trial 1361/5000] Starting at 06:51:29
  Lambdas: P=1.622, B=0.841, G=0.613
  XGBoost params: n_estimators=6331, max_depth=10
  Starting cross-validation...
  Trial 1347 MSE: 0.000005 | MAPE: 0.16% | R²: -0.268665
  Trial time: 30.3s
[I 2026-03-13 06:51:31,202] Trial 1347 finished with value: 4.943647642763216e-06 and parameters: {'lambda_P': 1.5147279890592544, 'lambda_B': 1.1100730993408012, 'lambda_G': 1.270155253677014, 'n_estimators': 5764, 'max_depth': 7, 'learning_rate': 0.0019231194965176523, 'subsample': 0.6789247982106685, 'colsample_bytree': 0.3566602980162745, 'colsample_bylevel': 0.765560344919472, 'reg_alpha': 0.756760389850546, 'reg_lambda': 2.532441660252081, 'gamma': 0.0003600403174354793, 'min_child_weight': 5}. Best is trial 1267 with value: 3.067840594549508e-06.

[Trial 1362/5000] Starting at 06:51:31
  Lambdas: P=1.376, B=0.507, G=0.632
  XGBoost params: n_estimators=9619, max_depth=12
  Starting cross-validation...
  Trial 1351 MSE: 0.000004 | MAPE: 0.15% | R²: -0.107240
  Trial time: 28.1s
[I 2026-03-13 06:51:34,433] Trial 1351 finished with value: 4.03763958204121e-06 and parameters: {'lambda_P': 1.0700583391877438, 'lambda_B': 1.6886298768783514, 'lambda_G': 0.7293829551920857, 'n_estimators': 6263, 'max_depth': 10, 'learning_rate': 0.005265232211430212, 'subsample': 0.9318105364542687, 'colsample_bytree': 0.4322594734573735, 'colsample_bylevel': 0.6070349373294625, 'reg_alpha': 0.29097528652649857, 'reg_lambda': 1.9570146283307697, 'gamma': 0.0005088700517619342, 'min_child_weight': 14}. Best is trial 1267 with value: 3.067840594549508e-06.

[Trial 1363/5000] Starting at 06:51:34
  Trial 1348 MSE: 0.000004 | MAPE: 0.15% | R²: -0.071940
  Trial time: 32.1s
[I 2026-03-13 06:51:34,828] Trial 1348 finished with value: 3.9612810433857325e-06 and parameters: {'lambda_P': 1.4030249150276, 'lambda_B': 1.0487632539120058, 'lambda_G': 0.7980299911879314, 'n_estimators': 6701, 'max_depth': 10, 'learning_rate': 0.004265506535623657, 'subsample': 0.7198630419716269, 'colsample_bytree': 0.5004668320517051, 'colsample_bylevel': 0.7063601433939759, 'reg_alpha': 0.4802492821353393, 'reg_lambda': 1.455624454008802, 'gamma': 0.00010039682179756394, 'min_child_weight': 10}. Best is trial 1267 with value: 3.067840594549508e-06.

[Trial 1364/5000] Starting at 06:51:34
  Lambdas: P=1.503, B=0.501, G=1.028
  XGBoost params: n_estimators=7458, max_depth=9
  Starting cross-validation...
  Lambdas: P=1.522, B=1.013, G=0.660
  XGBoost params: n_estimators=6943, max_depth=8
  Starting cross-validation...
  Trial 1352 MSE: 0.000004 | MAPE: 0.15% | R²: -0.070600
  Trial time: 29.1s
[I 2026-03-13 06:51:35,987] Trial 1352 finished with value: 3.8906652032644614e-06 and parameters: {'lambda_P': 1.5663314095683014, 'lambda_B': 1.0397234428054105, 'lambda_G': 0.9535077071262152, 'n_estimators': 6228, 'max_depth': 8, 'learning_rate': 0.0028222084695112884, 'subsample': 0.6780723541033831, 'colsample_bytree': 0.38370840326342487, 'colsample_bylevel': 0.4842125412394768, 'reg_alpha': 0.3845190113994912, 'reg_lambda': 2.8367915739103347, 'gamma': 0.0001349943752792245, 'min_child_weight': 9}. Best is trial 1267 with value: 3.067840594549508e-06.

[Trial 1365/5000] Starting at 06:51:36
  Lambdas: P=1.322, B=1.589, G=0.613
  XGBoost params: n_estimators=8883, max_depth=19
  Starting cross-validation...
  Trial 1343 MSE: 0.000004 | MAPE: 0.15% | R²: -0.099424
  Trial time: 44.0s
[I 2026-03-13 06:51:39,629] Trial 1343 finished with value: 3.970144364502284e-06 and parameters: {'lambda_P': 1.544594265807238, 'lambda_B': 0.7375862925087583, 'lambda_G': 0.7325163988456452, 'n_estimators': 8717, 'max_depth': 10, 'learning_rate': 0.001348431759536254, 'subsample': 0.6031903078500166, 'colsample_bytree': 0.49774167465163877, 'colsample_bylevel': 0.6229564603594681, 'reg_alpha': 0.11474916383175279, 'reg_lambda': 3.9352638106054796, 'gamma': 0.00044497682919354453, 'min_child_weight': 10}. Best is trial 1267 with value: 3.067840594549508e-06.

[Trial 1366/5000] Starting at 06:51:39
  Lambdas: P=1.282, B=0.617, G=0.913
  XGBoost params: n_estimators=7301, max_depth=12
  Starting cross-validation...
  Trial 1350 MSE: 0.000005 | MAPE: 0.16% | R²: -0.314049
  Trial time: 35.9s
[I 2026-03-13 06:51:40,631] Trial 1350 finished with value: 5.076887518448612e-06 and parameters: {'lambda_P': 1.181801028856875, 'lambda_B': 1.9703144234015917, 'lambda_G': 0.7126150493455579, 'n_estimators': 7757, 'max_depth': 13, 'learning_rate': 0.0031356894442326083, 'subsample': 0.8735939994346229, 'colsample_bytree': 0.3322977972161425, 'colsample_bylevel': 0.5564421947513885, 'reg_alpha': 1.5937677862377733, 'reg_lambda': 1.7036757595208734, 'gamma': 0.0001844089255648235, 'min_child_weight': 18}. Best is trial 1267 with value: 3.067840594549508e-06.

[Trial 1367/5000] Starting at 06:51:40
  Lambdas: P=1.430, B=0.943, G=0.913
  XGBoost params: n_estimators=6902, max_depth=9
  Starting cross-validation...
  Trial 1353 MSE: 0.000004 | MAPE: 0.15% | R²: -0.135675
  Trial time: 33.5s
[I 2026-03-13 06:51:43,649] Trial 1353 finished with value: 4.28775753670881e-06 and parameters: {'lambda_P': 1.519478484642316, 'lambda_B': 0.6401393236773645, 'lambda_G': 0.8920691184531669, 'n_estimators': 8916, 'max_depth': 4, 'learning_rate': 0.0029158415122848653, 'subsample': 0.9171672723678482, 'colsample_bytree': 0.4334082378092484, 'colsample_bylevel': 0.5013714464963309, 'reg_alpha': 0.7487566336074873, 'reg_lambda': 2.8004104127627834, 'gamma': 0.00018301137114711823, 'min_child_weight': 3}. Best is trial 1267 with value: 3.067840594549508e-06.

[Trial 1368/5000] Starting at 06:51:43
  Lambdas: P=1.408, B=0.914, G=0.647
  XGBoost params: n_estimators=8550, max_depth=8
  Starting cross-validation...
  Trial 1354 MSE: 0.000005 | MAPE: 0.16% | R²: -0.314049
  Trial time: 29.1s
[I 2026-03-13 06:51:46,842] Trial 1354 finished with value: 5.076887518448612e-06 and parameters: {'lambda_P': 1.1022581908757094, 'lambda_B': 1.5635510513444877, 'lambda_G': 0.5167545004309531, 'n_estimators': 7780, 'max_depth': 11, 'learning_rate': 0.018805884535635062, 'subsample': 0.8498368648563889, 'colsample_bytree': 0.48333986944139556, 'colsample_bylevel': 0.7651035110941024, 'reg_alpha': 2.3022177246993483, 'reg_lambda': 0.5782101997074891, 'gamma': 0.00024201524122021562, 'min_child_weight': 11}. Best is trial 1267 with value: 3.067840594549508e-06.

[Trial 1369/5000] Starting at 06:51:46
  Lambdas: P=1.162, B=1.766, G=0.871
  XGBoost params: n_estimators=3653, max_depth=12
  Starting cross-validation...
  Trial 1356 MSE: 0.000005 | MAPE: 0.16% | R²: -0.235875
  Trial time: 28.4s
[I 2026-03-13 06:51:54,630] Trial 1356 finished with value: 4.8170376922833915e-06 and parameters: {'lambda_P': 0.8720545800108828, 'lambda_B': 1.6169665398386215, 'lambda_G': 0.6077730909707264, 'n_estimators': 5701, 'max_depth': 11, 'learning_rate': 0.0021095267765199738, 'subsample': 0.9051973562877391, 'colsample_bytree': 0.4070320508868647, 'colsample_bylevel': 0.6396027513663125, 'reg_alpha': 1.1065510232206959, 'reg_lambda': 3.661414355302512, 'gamma': 0.0001497997256435887, 'min_child_weight': 13}. Best is trial 1267 with value: 3.067840594549508e-06.

[Trial 1370/5000] Starting at 06:51:54
  Lambdas: P=1.700, B=1.040, G=0.514
  XGBoost params: n_estimators=7548, max_depth=12
  Starting cross-validation...
  Trial 1355 MSE: 0.000005 | MAPE: 0.16% | R²: -0.314049
  Trial time: 32.7s
[I 2026-03-13 06:51:55,339] Trial 1355 finished with value: 5.076887518448612e-06 and parameters: {'lambda_P': 1.131614296665199, 'lambda_B': 1.51887012070742, 'lambda_G': 0.6624310163677529, 'n_estimators': 6749, 'max_depth': 13, 'learning_rate': 0.15619127669144356, 'subsample': 0.9631854060412451, 'colsample_bytree': 0.9167645793937955, 'colsample_bylevel': 0.627531544383515, 'reg_alpha': 1.626069943428534, 'reg_lambda': 4.866670824067444, 'gamma': 0.0001351447834879353, 'min_child_weight': 5}. Best is trial 1267 with value: 3.067840594549508e-06.

[Trial 1371/5000] Starting at 06:51:55
  Lambdas: P=1.307, B=1.634, G=0.760
  XGBoost params: n_estimators=8884, max_depth=13
  Starting cross-validation...
  Trial 1360 MSE: 0.000004 | MAPE: 0.16% | R²: -0.164817
  Trial time: 27.5s
[I 2026-03-13 06:51:56,995] Trial 1360 finished with value: 4.453593594684835e-06 and parameters: {'lambda_P': 1.6216344282260433, 'lambda_B': 0.8411099780821764, 'lambda_G': 0.6134405087533668, 'n_estimators': 6331, 'max_depth': 10, 'learning_rate': 0.0017954641537346779, 'subsample': 0.800828085037778, 'colsample_bytree': 0.5587957402944841, 'colsample_bylevel': 0.4838988394255988, 'reg_alpha': 0.8063751687075484, 'reg_lambda': 6.852538074924647, 'gamma': 0.00012261326483134784, 'min_child_weight': 4}. Best is trial 1267 with value: 3.067840594549508e-06.

[Trial 1372/5000] Starting at 06:51:57
  Lambdas: P=1.170, B=1.907, G=1.038
  XGBoost params: n_estimators=1967, max_depth=4
  Starting cross-validation...
  Trial 1368 MSE: 0.000005 | MAPE: 0.16% | R²: -0.314049
  Trial time: 14.3s
[I 2026-03-13 06:52:01,356] Trial 1368 finished with value: 5.076887518448612e-06 and parameters: {'lambda_P': 1.16217649259728, 'lambda_B': 1.766419633944562, 'lambda_G': 0.8712354394429256, 'n_estimators': 3653, 'max_depth': 12, 'learning_rate': 0.032987926891623595, 'subsample': 0.975604659851073, 'colsample_bytree': 0.6438003486215631, 'colsample_bylevel': 0.4850982459011013, 'reg_alpha': 0.2053654740769632, 'reg_lambda': 1.8542287364529808, 'gamma': 0.0056061390246131566, 'min_child_weight': 3}. Best is trial 1267 with value: 3.067840594549508e-06.

[Trial 1373/5000] Starting at 06:52:01
  Lambdas: P=1.320, B=1.266, G=0.867
  XGBoost params: n_estimators=3541, max_depth=14
  Starting cross-validation...
  Trial 1358 MSE: 0.000005 | MAPE: 0.16% | R²: -0.314049
  Trial time: 36.2s
