[I 2026-03-13 06:56:07,593] Trial 1518 finished with value: 4.713067782666404e-06 and parameters: {'lambda_P': 0.5265454553528891, 'lambda_B': 1.644279332905677, 'lambda_G': 0.8680017637262795, 'n_estimators': 7331, 'max_depth': 16, 'learning_rate': 0.008607121350482085, 'subsample': 0.8200387321274014, 'colsample_bytree': 0.3394028077151271, 'colsample_bylevel': 0.6680562928417464, 'reg_alpha': 0.9977207110943781, 'reg_lambda': 2.2087672927927757, 'gamma': 0.00011792154329128727, 'min_child_weight': 8}. Best is trial 1422 with value: 2.996031181594198e-06.

[Trial 1536/5000] Starting at 06:56:07
  Lambdas: P=0.686, B=1.117, G=1.062
  Trial 1523 MSE: 0.000005 | MAPE: 0.16% | R²: -0.314049
  Trial time: 21.6s
  XGBoost params: n_estimators=671, max_depth=16
  Starting cross-validation...
[I 2026-03-13 06:56:08,115] Trial 1523 finished with value: 5.076887518448612e-06 and parameters: {'lambda_P': 1.0956018784338553, 'lambda_B': 1.741326907956021, 'lambda_G': 1.4558206246619787, 'n_estimators': 3881, 'max_depth': 10, 'learning_rate': 0.05248874206457226, 'subsample': 0.9107324895809085, 'colsample_bytree': 0.7757201974122112, 'colsample_bylevel': 0.3340922377995135, 'reg_alpha': 2.02560264799172, 'reg_lambda': 4.800700952974003, 'gamma': 0.0033955548445112472, 'min_child_weight': 6}. Best is trial 1422 with value: 2.996031181594198e-06.

[Trial 1537/5000] Starting at 06:56:08
  Lambdas: P=0.672, B=1.297, G=1.000
  XGBoost params: n_estimators=6443, max_depth=20
  Starting cross-validation...
  Trial 1509 MSE: 0.000004 | MAPE: 0.14% | R²: -0.021612
  Trial time: 44.7s
[I 2026-03-13 06:56:09,802] Trial 1509 finished with value: 3.655688734862773e-06 and parameters: {'lambda_P': 1.9046795017052969, 'lambda_B': 1.0685205284180375, 'lambda_G': 0.52851804471771, 'n_estimators': 8376, 'max_depth': 5, 'learning_rate': 0.0025493088179889094, 'subsample': 0.8000017778513429, 'colsample_bytree': 0.41588334005256883, 'colsample_bylevel': 0.5649633132471089, 'reg_alpha': 0.36692506074964604, 'reg_lambda': 3.6582697002727427, 'gamma': 0.0001053210209239875, 'min_child_weight': 5}. Best is trial 1422 with value: 2.996031181594198e-06.

[Trial 1538/5000] Starting at 06:56:09
  Lambdas: P=1.203, B=1.961, G=0.754
  XGBoost params: n_estimators=2274, max_depth=14
  Starting cross-validation...
  Trial 1508 MSE: 0.000003 | MAPE: 0.13% | R²: 0.105571
  Trial time: 46.2s
[I 2026-03-13 06:56:10,709] Trial 1508 finished with value: 3.016744230940635e-06 and parameters: {'lambda_P': 1.5064460022798993, 'lambda_B': 1.213701994433194, 'lambda_G': 0.5224017877069405, 'n_estimators': 8602, 'max_depth': 12, 'learning_rate': 0.007574716427418066, 'subsample': 0.8514661874634941, 'colsample_bytree': 0.4577251288979549, 'colsample_bylevel': 0.46524243138310595, 'reg_alpha': 0.02300786206829193, 'reg_lambda': 4.133804569686045, 'gamma': 0.00012768768948952269, 'min_child_weight': 9}. Best is trial 1422 with value: 2.996031181594198e-06.

[Trial 1539/5000] Starting at 06:56:10
  Lambdas: P=0.986, B=1.976, G=0.920
  XGBoost params: n_estimators=2929, max_depth=14
  Starting cross-validation...
  Trial 1535 MSE: 0.000005 | MAPE: 0.16% | R²: -0.314049
  Trial time: 3.7s
[I 2026-03-13 06:56:11,489] Trial 1535 finished with value: 5.076887518448612e-06 and parameters: {'lambda_P': 0.6856714629266716, 'lambda_B': 1.1166490425938336, 'lambda_G': 1.0617434454838104, 'n_estimators': 671, 'max_depth': 16, 'learning_rate': 0.0011402695679129779, 'subsample': 0.6409729449868442, 'colsample_bytree': 0.37853166431302526, 'colsample_bylevel': 0.518970946427013, 'reg_alpha': 2.36184434655056, 'reg_lambda': 4.508873862637554, 'gamma': 0.00030365670344518315, 'min_child_weight': 8}. Best is trial 1422 with value: 2.996031181594198e-06.

[Trial 1540/5000] Starting at 06:56:11
  Lambdas: P=1.695, B=1.229, G=0.518
  XGBoost params: n_estimators=9635, max_depth=11
  Starting cross-validation...
  Trial 1520 MSE: 0.000005 | MAPE: 0.16% | R²: -0.314049
  Trial time: 28.2s
[I 2026-03-13 06:56:12,207] Trial 1520 finished with value: 5.076887518448612e-06 and parameters: {'lambda_P': 1.823947053417766, 'lambda_B': 1.2027440373847729, 'lambda_G': 0.8226611209210306, 'n_estimators': 5094, 'max_depth': 8, 'learning_rate': 0.007030520070035281, 'subsample': 0.9280013681475459, 'colsample_bytree': 0.3545218226337184, 'colsample_bylevel': 0.9774964683108116, 'reg_alpha': 2.9736798373043034, 'reg_lambda': 5.908652382139243, 'gamma': 0.00012096330468587867, 'min_child_weight': 11}. Best is trial 1422 with value: 2.996031181594198e-06.

[Trial 1541/5000] Starting at 06:56:12
  Lambdas: P=1.594, B=1.206, G=0.537
  XGBoost params: n_estimators=9870, max_depth=15
  Starting cross-validation...
  Trial 1521 MSE: 0.000005 | MAPE: 0.16% | R²: -0.314049
  Trial time: 28.8s
[I 2026-03-13 06:56:12,929] Trial 1521 finished with value: 5.076887518448612e-06 and parameters: {'lambda_P': 1.9786397178321995, 'lambda_B': 1.463143968184766, 'lambda_G': 0.5805081024330716, 'n_estimators': 5286, 'max_depth': 13, 'learning_rate': 0.003287470339075882, 'subsample': 0.9203530253170128, 'colsample_bytree': 0.4062652971339552, 'colsample_bylevel': 0.988813193966818, 'reg_alpha': 2.456345866161948, 'reg_lambda': 3.5891235735565905, 'gamma': 0.0001243621377405772, 'min_child_weight': 3}. Best is trial 1422 with value: 2.996031181594198e-06.

[Trial 1542/5000] Starting at 06:56:13
  Lambdas: P=1.325, B=1.701, G=1.184
  XGBoost params: n_estimators=305, max_depth=11
  Starting cross-validation...
  Trial 1515 MSE: 0.000005 | MAPE: 0.16% | R²: -0.314049
  Trial time: 38.0s
[I 2026-03-13 06:56:14,693] Trial 1515 finished with value: 5.076887518448612e-06 and parameters: {'lambda_P': 1.4076457664840858, 'lambda_B': 0.8482314504601867, 'lambda_G': 0.6076316068761872, 'n_estimators': 6805, 'max_depth': 4, 'learning_rate': 0.0010960121718831667, 'subsample': 0.7868358320270046, 'colsample_bytree': 0.46035986463259476, 'colsample_bylevel': 0.5370358430335251, 'reg_alpha': 4.352817699332901, 'reg_lambda': 4.792896132630055, 'gamma': 0.0010172908846387365, 'min_child_weight': 1}. Best is trial 1422 with value: 2.996031181594198e-06.

[Trial 1543/5000] Starting at 06:56:14
  Trial 1541 MSE: 0.000004 | MAPE: 0.14% | R²: -0.005694
  Trial time: 2.0s
[I 2026-03-13 06:56:15,115] Trial 1541 finished with value: 3.5514093655552068e-06 and parameters: {'lambda_P': 1.3254726236767818, 'lambda_B': 1.7012729452106656, 'lambda_G': 1.1837020326134575, 'n_estimators': 305, 'max_depth': 11, 'learning_rate': 0.40538443844369215, 'subsample': 0.9146592881285411, 'colsample_bytree': 0.6805866158808186, 'colsample_bylevel': 0.44137985956405357, 'reg_alpha': 0.4810005181706254, 'reg_lambda': 5.2383518050229885, 'gamma': 0.00011151512994874379, 'min_child_weight': 12}. Best is trial 1422 with value: 2.996031181594198e-06.

[Trial 1544/5000] Starting at 06:56:15
  Lambdas: P=1.470, B=1.835, G=0.722
  XGBoost params: n_estimators=2442, max_depth=10
  Starting cross-validation...
  Lambdas: P=0.751, B=1.512, G=0.892
  XGBoost params: n_estimators=9075, max_depth=13
  Starting cross-validation...
  Trial 1532 MSE: 0.000004 | MAPE: 0.15% | R²: -0.110785
  Trial time: 13.7s
[I 2026-03-13 06:56:19,456] Trial 1532 finished with value: 4.1551546895498e-06 and parameters: {'lambda_P': 0.7485941216942782, 'lambda_B': 1.334726958071148, 'lambda_G': 1.935802564693875, 'n_estimators': 2255, 'max_depth': 5, 'learning_rate': 0.005170261365001529, 'subsample': 0.9851428658619559, 'colsample_bytree': 0.48446433627568336, 'colsample_bylevel': 0.3119447204355792, 'reg_alpha': 0.7749647312487099, 'reg_lambda': 9.405552114395551, 'gamma': 0.00010976177785898861, 'min_child_weight': 19}. Best is trial 1422 with value: 2.996031181594198e-06.

[Trial 1545/5000] Starting at 06:56:19
  Lambdas: P=1.589, B=1.415, G=0.649
  XGBoost params: n_estimators=8638, max_depth=13
  Starting cross-validation...
  Trial 1537 MSE: 0.000005 | MAPE: 0.16% | R²: -0.214375
  Trial time: 11.7s
[I 2026-03-13 06:56:21,731] Trial 1537 finished with value: 4.648732390886642e-06 and parameters: {'lambda_P': 1.2029751896488967, 'lambda_B': 1.9608099892157576, 'lambda_G': 0.754445338579842, 'n_estimators': 2274, 'max_depth': 14, 'learning_rate': 0.015991285622234234, 'subsample': 0.975802689992153, 'colsample_bytree': 0.5987826786472843, 'colsample_bylevel': 0.36852238849183805, 'reg_alpha': 0.7845261159153996, 'reg_lambda': 9.472227024302434, 'gamma': 0.0005175062871867589, 'min_child_weight': 20}. Best is trial 1422 with value: 2.996031181594198e-06.

[Trial 1546/5000] Starting at 06:56:21
  Lambdas: P=0.859, B=1.894, G=1.191
  XGBoost params: n_estimators=1090, max_depth=10
  Starting cross-validation...
  Trial 1524 MSE: 0.000005 | MAPE: 0.16% | R²: -0.314049
  Trial time: 36.5s
[I 2026-03-13 06:56:24,283] Trial 1524 finished with value: 5.076887518448612e-06 and parameters: {'lambda_P': 1.5916378695697417, 'lambda_B': 0.6764703178967256, 'lambda_G': 1.659283821916794, 'n_estimators': 6926, 'max_depth': 7, 'learning_rate': 0.012984468220830124, 'subsample': 0.6400204248482038, 'colsample_bytree': 0.3887180730728027, 'colsample_bylevel': 0.6620546863822453, 'reg_alpha': 1.829923178822317, 'reg_lambda': 3.2769723406352638, 'gamma': 0.0001450466894113767, 'min_child_weight': 8}. Best is trial 1422 with value: 2.996031181594198e-06.

[Trial 1547/5000] Starting at 06:56:24
  Lambdas: P=1.573, B=1.267, G=0.547
  XGBoost params: n_estimators=7286, max_depth=10
  Starting cross-validation...
  Trial 1538 MSE: 0.000005 | MAPE: 0.16% | R²: -0.314049
  Trial time: 14.5s
[I 2026-03-13 06:56:25,401] Trial 1538 finished with value: 5.076887518448612e-06 and parameters: {'lambda_P': 0.9858467794819266, 'lambda_B': 1.975645454228097, 'lambda_G': 0.920140633812951, 'n_estimators': 2929, 'max_depth': 14, 'learning_rate': 0.008131639127150779, 'subsample': 0.7012911689886853, 'colsample_bytree': 0.4059525061205441, 'colsample_bylevel': 0.36742019619561417, 'reg_alpha': 2.366332974201827, 'reg_lambda': 9.288912321391852, 'gamma': 0.0003744493861202866, 'min_child_weight': 18}. Best is trial 1422 with value: 2.996031181594198e-06.

[Trial 1548/5000] Starting at 06:56:25
  Lambdas: P=1.462, B=1.050, G=0.696
  XGBoost params: n_estimators=8695, max_depth=16
  Starting cross-validation...
  Trial 1545 MSE: 0.000005 | MAPE: 0.16% | R²: -0.314049
  Trial time: 5.2s
[I 2026-03-13 06:56:27,171] Trial 1545 finished with value: 5.076887518448612e-06 and parameters: {'lambda_P': 0.8591304177017991, 'lambda_B': 1.894397213910782, 'lambda_G': 1.1911879826369758, 'n_estimators': 1090, 'max_depth': 10, 'learning_rate': 0.024524886524823302, 'subsample': 0.9180151191244715, 'colsample_bytree': 0.5579375026355089, 'colsample_bylevel': 0.3012993499372869, 'reg_alpha': 1.774710107302546, 'reg_lambda': 9.18997952086108, 'gamma': 0.00013850741148167857, 'min_child_weight': 20}. Best is trial 1422 with value: 2.996031181594198e-06.

[Trial 1549/5000] Starting at 06:56:27
  Trial 1542 MSE: 0.000005 | MAPE: 0.16% | R²: -0.248636
  Trial time: 12.6s
[I 2026-03-13 06:56:27,533] Trial 1542 finished with value: 4.885109145037422e-06 and parameters: {'lambda_P': 1.4701743124662143, 'lambda_B': 1.8351694961871723, 'lambda_G': 0.7222301781543325, 'n_estimators': 2442, 'max_depth': 10, 'learning_rate': 0.012045980799471008, 'subsample': 0.6150363965280807, 'colsample_bytree': 0.5525071473500509, 'colsample_bylevel': 0.6179098082915494, 'reg_alpha': 0.7065588374796057, 'reg_lambda': 9.194769170121953, 'gamma': 0.0002603785243353377, 'min_child_weight': 13}. Best is trial 1422 with value: 2.996031181594198e-06.

[Trial 1550/5000] Starting at 06:56:27
  Lambdas: P=1.614, B=1.565, G=0.592
  XGBoost params: n_estimators=8769, max_depth=14
  Starting cross-validation...
  Lambdas: P=1.448, B=1.028, G=0.580
  XGBoost params: n_estimators=8680, max_depth=15
  Starting cross-validation...
  Trial 1533 MSE: 0.000005 | MAPE: 0.16% | R²: -0.314049
  Trial time: 22.6s
[I 2026-03-13 06:56:28,967] Trial 1533 finished with value: 5.076887518448612e-06 and parameters: {'lambda_P': 1.2024438250491094, 'lambda_B': 1.630494921354374, 'lambda_G': 0.7826616172277927, 'n_estimators': 4108, 'max_depth': 10, 'learning_rate': 0.007753495024023581, 'subsample': 0.8908350214496074, 'colsample_bytree': 0.4051383936935392, 'colsample_bylevel': 0.35924583146734335, 'reg_alpha': 3.4580507220591885, 'reg_lambda': 9.198765017727869, 'gamma': 0.00010001875138958825, 'min_child_weight': 19}. Best is trial 1422 with value: 2.996031181594198e-06.

[Trial 1551/5000] Starting at 06:56:29
  Lambdas: P=1.498, B=0.909, G=1.116
  XGBoost params: n_estimators=9872, max_depth=13
  Starting cross-validation...
  Trial 1530 MSE: 0.000004 | MAPE: 0.15% | R²: -0.139620
  Trial time: 31.4s
[I 2026-03-13 06:56:34,156] Trial 1530 finished with value: 4.28985052636704e-06 and parameters: {'lambda_P': 1.0194798980980222, 'lambda_B': 1.0345086664947507, 'lambda_G': 0.761155343324838, 'n_estimators': 5887, 'max_depth': 13, 'learning_rate': 0.01255699474127403, 'subsample': 0.9722177363463824, 'colsample_bytree': 0.46466442089810545, 'colsample_bylevel': 0.3396528729435042, 'reg_alpha': 0.8618666753478416, 'reg_lambda': 2.397942432445694, 'gamma': 0.00010373408174241939, 'min_child_weight': 8}. Best is trial 1422 with value: 2.996031181594198e-06.

[Trial 1552/5000] Starting at 06:56:34
  Lambdas: P=0.627, B=1.471, G=0.965
  XGBoost params: n_estimators=4679, max_depth=20
  Starting cross-validation...
  Trial 1531 MSE: 0.000004 | MAPE: 0.15% | R²: -0.098275
  Trial time: 34.4s
[I 2026-03-13 06:56:38,716] Trial 1531 finished with value: 3.958378540653259e-06 and parameters: {'lambda_P': 1.323788667922343, 'lambda_B': 1.8361616810772972, 'lambda_G': 1.6177479609607859, 'n_estimators': 8172, 'max_depth': 12, 'learning_rate': 0.006247107023110574, 'subsample': 0.7514500868338415, 'colsample_bytree': 0.588422311442277, 'colsample_bylevel': 0.6133346919377367, 'reg_alpha': 0.09592818773161527, 'reg_lambda': 6.485130938278886, 'gamma': 0.0005786140945248509, 'min_child_weight': 6}. Best is trial 1422 with value: 2.996031181594198e-06.

[Trial 1553/5000] Starting at 06:56:38
  Lambdas: P=1.272, B=1.544, G=0.767
  XGBoost params: n_estimators=8835, max_depth=12
  Starting cross-validation...
  Trial 1536 MSE: 0.000005 | MAPE: 0.16% | R²: -0.251930
  Trial time: 32.1s
[I 2026-03-13 06:56:40,434] Trial 1536 finished with value: 4.882180196268853e-06 and parameters: {'lambda_P': 0.6716450092897402, 'lambda_B': 1.2967013686654378, 'lambda_G': 1.0002310797050287, 'n_estimators': 6443, 'max_depth': 20, 'learning_rate': 0.0034315945150732254, 'subsample': 0.6761542871075241, 'colsample_bytree': 0.4982088866097247, 'colsample_bylevel': 0.40973896224143136, 'reg_alpha': 0.727982778657533, 'reg_lambda': 1.4456446445632403, 'gamma': 0.0003327544217936271, 'min_child_weight': 19}. Best is trial 1422 with value: 2.996031181594198e-06.

[Trial 1554/5000] Starting at 06:56:40
  Lambdas: P=0.725, B=1.853, G=0.963
  XGBoost params: n_estimators=8633, max_depth=15
  Starting cross-validation...
  Trial 1529 MSE: 0.000005 | MAPE: 0.16% | R²: -0.314049
  Trial time: 46.1s
[I 2026-03-13 06:56:43,949] Trial 1529 finished with value: 5.076887518448612e-06 and parameters: {'lambda_P': 1.170554098293274, 'lambda_B': 1.08047529113548, 'lambda_G': 0.5632148125866734, 'n_estimators': 9324, 'max_depth': 6, 'learning_rate': 0.003096789440419966, 'subsample': 0.9916493313758484, 'colsample_bytree': 0.3498931917549608, 'colsample_bylevel': 0.7221603722129686, 'reg_alpha': 1.9626272870887826, 'reg_lambda': 4.193447336277894, 'gamma': 0.0006170895307187321, 'min_child_weight': 3}. Best is trial 1422 with value: 2.996031181594198e-06.

[Trial 1555/5000] Starting at 06:56:44
  Lambdas: P=1.163, B=1.755, G=0.680
  XGBoost params: n_estimators=8666, max_depth=9
  Starting cross-validation...
  Trial 1534 MSE: 0.000004 | MAPE: 0.15% | R²: -0.101335
  Trial time: 42.0s
[I 2026-03-13 06:56:49,012] Trial 1534 finished with value: 4.043834749470614e-06 and parameters: {'lambda_P': 1.512606901808765, 'lambda_B': 1.676582044591203, 'lambda_G': 0.9038568668478595, 'n_estimators': 8756, 'max_depth': 12, 'learning_rate': 0.013349100765982015, 'subsample': 0.7612287464404293, 'colsample_bytree': 0.5941410321058198, 'colsample_bylevel': 0.5139517321998872, 'reg_alpha': 0.45076315510764997, 'reg_lambda': 6.03842061879079, 'gamma': 0.00019712096443092562, 'min_child_weight': 1}. Best is trial 1422 with value: 2.996031181594198e-06.

[Trial 1556/5000] Starting at 06:56:49
  Lambdas: P=0.593, B=1.831, G=0.954
  XGBoost params: n_estimators=1868, max_depth=10
  Starting cross-validation...
  Trial 1546 MSE: 0.000005 | MAPE: 0.16% | R²: -0.182098
  Trial time: 28.4s
[I 2026-03-13 06:56:52,891] Trial 1546 finished with value: 4.54300044556026e-06 and parameters: {'lambda_P': 1.5730844774461026, 'lambda_B': 1.2665816896552706, 'lambda_G': 0.5465635881584542, 'n_estimators': 7286, 'max_depth': 10, 'learning_rate': 0.015310764563983965, 'subsample': 0.8460725319962691, 'colsample_bytree': 0.4120187163909102, 'colsample_bylevel': 0.5833118395555292, 'reg_alpha': 0.8242534606961882, 'reg_lambda': 5.083019502235031, 'gamma': 0.00023013063248124586, 'min_child_weight': 11}. Best is trial 1422 with value: 2.996031181594198e-06.

[Trial 1557/5000] Starting at 06:56:52
  Lambdas: P=1.666, B=1.162, G=0.817
  Trial 1551 MSE: 0.000003 | MAPE: 0.13% | R²: 0.049857
  Trial time: 18.9s
[I 2026-03-13 06:56:53,283] Trial 1551 finished with value: 3.2866417579637026e-06 and parameters: {'lambda_P': 0.6267889423138071, 'lambda_B': 1.4705691453666316, 'lambda_G': 0.9645585600118783, 'n_estimators': 4679, 'max_depth': 20, 'learning_rate': 0.011833508732063583, 'subsample': 0.8933470705115142, 'colsample_bytree': 0.32000202001264577, 'colsample_bylevel': 0.6406426029594554, 'reg_alpha': 0.18934146333228652, 'reg_lambda': 1.9632498584943, 'gamma': 0.00012730013374628082, 'min_child_weight': 12}. Best is trial 1422 with value: 2.996031181594198e-06.

[Trial 1558/5000] Starting at 06:56:53
  XGBoost params: n_estimators=8087, max_depth=14
  Starting cross-validation...
  Lambdas: P=0.789, B=1.207, G=1.332
  XGBoost params: n_estimators=5024, max_depth=20
  Starting cross-validation...
  Trial 1539 MSE: 0.000004 | MAPE: 0.14% | R²: -0.058617
  Trial time: 42.8s
[I 2026-03-13 06:56:54,528] Trial 1539 finished with value: 3.7173451353129794e-06 and parameters: {'lambda_P': 1.695247601422986, 'lambda_B': 1.2289283295858342, 'lambda_G': 0.5183412486785468, 'n_estimators': 9635, 'max_depth': 11, 'learning_rate': 0.009879117701485815, 'subsample': 0.7325226250808207, 'colsample_bytree': 0.3907066579337767, 'colsample_bylevel': 0.5070501378962637, 'reg_alpha': 0.10148929901124608, 'reg_lambda': 2.4465589196833255, 'gamma': 0.00043068322841896637, 'min_child_weight': 9}. Best is trial 1422 with value: 2.996031181594198e-06.

[Trial 1559/5000] Starting at 06:56:54
  Lambdas: P=0.567, B=1.306, G=0.917
  XGBoost params: n_estimators=4371, max_depth=19
  Starting cross-validation...
  Trial 1544 MSE: 0.000005 | MAPE: 0.16% | R²: -0.314049
  Trial time: 36.9s
[I 2026-03-13 06:56:56,526] Trial 1544 finished with value: 5.076887518448612e-06 and parameters: {'lambda_P': 1.589261588655851, 'lambda_B': 1.4150184804476427, 'lambda_G': 0.6493624991893217, 'n_estimators': 8638, 'max_depth': 13, 'learning_rate': 0.004953285465204113, 'subsample': 0.8053174026983404, 'colsample_bytree': 0.5046493641596026, 'colsample_bylevel': 0.5421380557732101, 'reg_alpha': 1.4779317262487748, 'reg_lambda': 4.537340573830567, 'gamma': 0.0008090086288795185, 'min_child_weight': 11}. Best is trial 1422 with value: 2.996031181594198e-06.

[Trial 1560/5000] Starting at 06:56:56
  Trial 1543 MSE: 0.000004 | MAPE: 0.15% | R²: -0.127695
  Trial time: 41.4s
[I 2026-03-13 06:56:56,740] Trial 1543 finished with value: 4.0783169351464746e-06 and parameters: {'lambda_P': 0.7513972035932344, 'lambda_B': 1.5123172849820983, 'lambda_G': 0.8918718147171647, 'n_estimators': 9075, 'max_depth': 13, 'learning_rate': 0.041580769291931524, 'subsample': 0.9109667159374829, 'colsample_bytree': 0.6044404923093678, 'colsample_bylevel': 0.31595213726059507, 'reg_alpha': 0.015216323509224694, 'reg_lambda': 1.4949452057417085, 'gamma': 0.0011989569828303956, 'min_child_weight': 1}. Best is trial 1422 with value: 2.996031181594198e-06.

[Trial 1561/5000] Starting at 06:56:56
  Lambdas: P=0.559, B=1.739, G=1.246
  XGBoost params: n_estimators=3773, max_depth=19
  Starting cross-validation...
  Lambdas: P=1.403, B=1.282, G=1.409
  XGBoost params: n_estimators=7504, max_depth=17
  Starting cross-validation...
  Trial 1555 MSE: 0.000004 | MAPE: 0.16% | R²: -0.189225
  Trial time: 9.8s
[I 2026-03-13 06:56:58,986] Trial 1555 finished with value: 4.442870890495095e-06 and parameters: {'lambda_P': 0.5928443970155726, 'lambda_B': 1.8305369336533552, 'lambda_G': 0.9539111208996567, 'n_estimators': 1868, 'max_depth': 10, 'learning_rate': 0.37457639299719436, 'subsample': 0.9214765684755233, 'colsample_bytree': 0.3237604939525691, 'colsample_bylevel': 0.4205909891724158, 'reg_alpha': 0.8913619024365158, 'reg_lambda': 7.913240804876364, 'gamma': 0.00013587293919443743, 'min_child_weight': 16}. Best is trial 1422 with value: 2.996031181594198e-06.

[Trial 1562/5000] Starting at 06:56:59
  Lambdas: P=1.420, B=1.118, G=0.602
  Trial 1540 MSE: 0.000005 | MAPE: 0.16% | R²: -0.314049
  Trial time: 47.1s
