[I 2026-03-13 06:14:47,918] Trial 163 finished with value: 5.076887518448612e-06 and parameters: {'lambda_P': 1.1104086131412187, 'lambda_B': 1.4073495394428668, 'lambda_G': 0.727649134536127, 'n_estimators': 7905, 'max_depth': 13, 'learning_rate': 0.001034130413749086, 'subsample': 0.6656553542934409, 'colsample_bytree': 0.4356257030385303, 'colsample_bylevel': 0.7814741898180042, 'reg_alpha': 1.1775420564590544, 'reg_lambda': 1.2237136300694929, 'gamma': 0.00015164923908016442, 'min_child_weight': 19}. Best is trial 138 with value: 3.778356983372113e-06.

[Trial 190/5000] Starting at 06:14:48
  Lambdas: P=0.760, B=0.516, G=1.780
  XGBoost params: n_estimators=8229, max_depth=13
  Starting cross-validation...
  Trial 165 MSE: 0.000005 | MAPE: 0.16% | R²: -0.314049
  Trial time: 46.5s
[I 2026-03-13 06:14:52,284] Trial 165 finished with value: 5.076887518448612e-06 and parameters: {'lambda_P': 0.9375095025551734, 'lambda_B': 1.974131678027002, 'lambda_G': 1.9200781957857096, 'n_estimators': 9545, 'max_depth': 15, 'learning_rate': 0.0069498926710562375, 'subsample': 0.4156011417314067, 'colsample_bytree': 0.40666925400268916, 'colsample_bylevel': 0.6759342390309723, 'reg_alpha': 9.004419973503753, 'reg_lambda': 1.3198844155679057, 'gamma': 0.006791230932826227, 'min_child_weight': 3}. Best is trial 138 with value: 3.778356983372113e-06.

[Trial 191/5000] Starting at 06:14:52
  Lambdas: P=0.614, B=1.126, G=1.795
  XGBoost params: n_estimators=1643, max_depth=4
  Starting cross-validation...
  Trial 188 MSE: 0.000005 | MAPE: 0.16% | R²: -0.314049
  Trial time: 7.9s
[I 2026-03-13 06:14:54,907] Trial 188 finished with value: 5.076887518448612e-06 and parameters: {'lambda_P': 1.4468159768966593, 'lambda_B': 0.7188211549406242, 'lambda_G': 1.55010168935959, 'n_estimators': 1512, 'max_depth': 17, 'learning_rate': 0.2687812081747378, 'subsample': 0.7619475100543461, 'colsample_bytree': 0.8174398962281115, 'colsample_bylevel': 0.9483399487998112, 'reg_alpha': 4.010054758452675, 'reg_lambda': 0.9827331220503754, 'gamma': 0.0653765455863896, 'min_child_weight': 5}. Best is trial 138 with value: 3.778356983372113e-06.

[Trial 192/5000] Starting at 06:14:55
  Lambdas: P=1.184, B=0.738, G=0.679
  XGBoost params: n_estimators=9700, max_depth=2
  Starting cross-validation...
  Trial 173 MSE: 0.000005 | MAPE: 0.16% | R²: -0.314049
  Trial time: 37.6s
[I 2026-03-13 06:14:56,268] Trial 173 finished with value: 5.076887518448612e-06 and parameters: {'lambda_P': 1.5460439743744412, 'lambda_B': 1.6215608704696933, 'lambda_G': 1.6538906744221602, 'n_estimators': 7060, 'max_depth': 12, 'learning_rate': 0.09494828575940656, 'subsample': 0.8021829486399505, 'colsample_bytree': 0.819735375580356, 'colsample_bylevel': 0.9321514275880007, 'reg_alpha': 5.408217002494538, 'reg_lambda': 3.052116634373979, 'gamma': 0.0005432488759552261, 'min_child_weight': 13}. Best is trial 138 with value: 3.778356983372113e-06.

[Trial 193/5000] Starting at 06:14:56
  Lambdas: P=1.763, B=1.273, G=0.897
  XGBoost params: n_estimators=7438, max_depth=18
  Starting cross-validation...
  Trial 178 MSE: 0.000005 | MAPE: 0.16% | R²: -0.314049
  Trial time: 25.6s
[I 2026-03-13 06:14:56,861] Trial 178 finished with value: 5.076887518448612e-06 and parameters: {'lambda_P': 1.698735346667442, 'lambda_B': 0.8656401814917966, 'lambda_G': 1.4935997957728877, 'n_estimators': 4924, 'max_depth': 15, 'learning_rate': 0.39391708456073077, 'subsample': 0.6576419386028584, 'colsample_bytree': 0.6006861307640752, 'colsample_bylevel': 0.5637196079235549, 'reg_alpha': 4.526635185066699, 'reg_lambda': 1.3202422537351721, 'gamma': 0.0033494337761799165, 'min_child_weight': 7}. Best is trial 138 with value: 3.778356983372113e-06.

[Trial 194/5000] Starting at 06:14:56
  Lambdas: P=1.053, B=1.151, G=1.770
  XGBoost params: n_estimators=2742, max_depth=7
  Starting cross-validation...
  Trial 171 MSE: 0.000005 | MAPE: 0.16% | R²: -0.314049
  Trial time: 43.7s
[I 2026-03-13 06:14:57,691] Trial 171 finished with value: 5.076887518448612e-06 and parameters: {'lambda_P': 1.3173357683297993, 'lambda_B': 1.0020049157802915, 'lambda_G': 1.358737582017804, 'n_estimators': 8090, 'max_depth': 2, 'learning_rate': 0.1079720637793201, 'subsample': 0.7820774352396624, 'colsample_bytree': 0.5457761701261219, 'colsample_bylevel': 0.5686555934991531, 'reg_alpha': 9.170347374261656, 'reg_lambda': 1.9385126482763726, 'gamma': 0.0024483815598518657, 'min_child_weight': 15}. Best is trial 138 with value: 3.778356983372113e-06.

[Trial 195/5000] Starting at 06:14:57
  Lambdas: P=1.692, B=1.785, G=0.694
  XGBoost params: n_estimators=6111, max_depth=3
  Starting cross-validation...
  Trial 190 MSE: 0.000005 | MAPE: 0.16% | R²: -0.314049
  Trial time: 7.1s
[I 2026-03-13 06:14:59,610] Trial 190 finished with value: 5.076887518448612e-06 and parameters: {'lambda_P': 0.6144216950859576, 'lambda_B': 1.1261532030002617, 'lambda_G': 1.794907085634379, 'n_estimators': 1643, 'max_depth': 4, 'learning_rate': 0.19812330718540477, 'subsample': 0.3169284705630192, 'colsample_bytree': 0.30693956636444863, 'colsample_bylevel': 0.6783051807720835, 'reg_alpha': 3.953022415620228, 'reg_lambda': 6.6910546588691435, 'gamma': 0.00022391946532985348, 'min_child_weight': 6}. Best is trial 138 with value: 3.778356983372113e-06.

[Trial 196/5000] Starting at 06:14:59
  Lambdas: P=0.623, B=1.040, G=1.934
  XGBoost params: n_estimators=4156, max_depth=3
  Starting cross-validation...
  Trial 181 MSE: 0.000005 | MAPE: 0.16% | R²: -0.314049
  Trial time: 23.5s
[I 2026-03-13 06:15:00,140] Trial 181 finished with value: 5.076887518448612e-06 and parameters: {'lambda_P': 1.1025679283319196, 'lambda_B': 1.607912860826628, 'lambda_G': 0.8135907163090246, 'n_estimators': 4221, 'max_depth': 4, 'learning_rate': 0.27141779190035586, 'subsample': 0.8107185932673271, 'colsample_bytree': 0.9510993172255271, 'colsample_bylevel': 0.6088833948106913, 'reg_alpha': 1.5212391991754226, 'reg_lambda': 4.859396568991958, 'gamma': 0.0002228237820597994, 'min_child_weight': 11}. Best is trial 138 with value: 3.778356983372113e-06.

[Trial 197/5000] Starting at 06:15:00
  Lambdas: P=0.708, B=0.731, G=1.750
  XGBoost params: n_estimators=7443, max_depth=11
  Starting cross-validation...
  Trial 185 MSE: 0.000005 | MAPE: 0.16% | R²: -0.314049
  Trial time: 23.7s
[I 2026-03-13 06:15:05,780] Trial 185 finished with value: 5.076887518448612e-06 and parameters: {'lambda_P': 1.6624888381408636, 'lambda_B': 0.7466432562335823, 'lambda_G': 1.7570018999857793, 'n_estimators': 5675, 'max_depth': 12, 'learning_rate': 0.0031266044331486084, 'subsample': 0.32843543260811314, 'colsample_bytree': 0.9709969689061659, 'colsample_bylevel': 0.545229074904309, 'reg_alpha': 1.4640044033807476, 'reg_lambda': 0.9362183584506045, 'gamma': 0.005600767724171089, 'min_child_weight': 19}. Best is trial 138 with value: 3.778356983372113e-06.

[Trial 198/5000] Starting at 06:15:05
  Lambdas: P=1.590, B=1.641, G=1.148
  XGBoost params: n_estimators=2307, max_depth=7
  Starting cross-validation...
  Trial 180 MSE: 0.000005 | MAPE: 0.16% | R²: -0.314049
  Trial time: 33.2s
[I 2026-03-13 06:15:06,228] Trial 180 finished with value: 5.076887518448612e-06 and parameters: {'lambda_P': 1.3119297123385874, 'lambda_B': 1.9179127437575332, 'lambda_G': 0.6641186583681169, 'n_estimators': 6054, 'max_depth': 20, 'learning_rate': 0.06196317762516963, 'subsample': 0.510494337797216, 'colsample_bytree': 0.34689265155127696, 'colsample_bylevel': 0.7797886787227424, 'reg_alpha': 1.9346221094820581, 'reg_lambda': 4.957869418261883, 'gamma': 0.00039392247237202187, 'min_child_weight': 20}. Best is trial 138 with value: 3.778356983372113e-06.

[Trial 199/5000] Starting at 06:15:06
  Lambdas: P=1.944, B=1.551, G=0.863
  XGBoost params: n_estimators=1028, max_depth=2
  Starting cross-validation...
  Trial 193 MSE: 0.000005 | MAPE: 0.16% | R²: -0.314049
  Trial time: 13.5s
[I 2026-03-13 06:15:10,557] Trial 193 finished with value: 5.076887518448612e-06 and parameters: {'lambda_P': 1.052945021645364, 'lambda_B': 1.1509296507356943, 'lambda_G': 1.7703474469405618, 'n_estimators': 2742, 'max_depth': 7, 'learning_rate': 0.1020873150716106, 'subsample': 0.8295220901577334, 'colsample_bytree': 0.4113776288763482, 'colsample_bylevel': 0.7643748316880561, 'reg_alpha': 3.5349940625385035, 'reg_lambda': 4.457610406541487, 'gamma': 0.001613791529153874, 'min_child_weight': 11}. Best is trial 138 with value: 3.778356983372113e-06.

[Trial 200/5000] Starting at 06:15:10
  Lambdas: P=1.621, B=1.292, G=1.783
  XGBoost params: n_estimators=3688, max_depth=12
  Starting cross-validation...
  Trial 198 MSE: 0.000005 | MAPE: 0.16% | R²: -0.314049
  Trial time: 5.0s
[I 2026-03-13 06:15:11,453] Trial 198 finished with value: 5.076887518448612e-06 and parameters: {'lambda_P': 1.9442057782785147, 'lambda_B': 1.5513032964243374, 'lambda_G': 0.8631866294002377, 'n_estimators': 1028, 'max_depth': 2, 'learning_rate': 0.005300440772686773, 'subsample': 0.8608306227835851, 'colsample_bytree': 0.6882371893821395, 'colsample_bylevel': 0.6614349481250611, 'reg_alpha': 1.8298207314465686, 'reg_lambda': 9.923566736829605, 'gamma': 0.010959159666147245, 'min_child_weight': 4}. Best is trial 138 with value: 3.778356983372113e-06.

[Trial 201/5000] Starting at 06:15:11
  Lambdas: P=1.613, B=1.142, G=1.628
  XGBoost params: n_estimators=2590, max_depth=9
  Starting cross-validation...
  Trial 182 MSE: 0.000005 | MAPE: 0.16% | R²: -0.314049
  Trial time: 33.5s
[I 2026-03-13 06:15:12,557] Trial 182 finished with value: 5.076887518448612e-06 and parameters: {'lambda_P': 1.7074552205804503, 'lambda_B': 0.9559929308941, 'lambda_G': 1.5626936250472054, 'n_estimators': 6243, 'max_depth': 13, 'learning_rate': 0.03448659649790997, 'subsample': 0.7722331536493825, 'colsample_bytree': 0.5290199881490303, 'colsample_bylevel': 0.9934383909943183, 'reg_alpha': 6.145724124890614, 'reg_lambda': 0.7675831953299994, 'gamma': 0.005411361495054323, 'min_child_weight': 5}. Best is trial 138 with value: 3.778356983372113e-06.

[Trial 202/5000] Starting at 06:15:12
  Lambdas: P=1.462, B=1.027, G=1.638
  XGBoost params: n_estimators=8891, max_depth=19
  Starting cross-validation...
  Trial 187 MSE: 0.000005 | MAPE: 0.16% | R²: -0.314049
  Trial time: 28.1s
[I 2026-03-13 06:15:13,772] Trial 187 finished with value: 5.076887518448612e-06 and parameters: {'lambda_P': 1.687891464854264, 'lambda_B': 0.5746572690228631, 'lambda_G': 1.0290403852481305, 'n_estimators': 5183, 'max_depth': 20, 'learning_rate': 0.3166631382435738, 'subsample': 0.4042392577774309, 'colsample_bytree': 0.8368459079886283, 'colsample_bylevel': 0.5480684002083913, 'reg_alpha': 8.075751140863407, 'reg_lambda': 0.04991378337404262, 'gamma': 0.0051568371551227645, 'min_child_weight': 1}. Best is trial 138 with value: 3.778356983372113e-06.

[Trial 203/5000] Starting at 06:15:13
  Lambdas: P=1.877, B=1.757, G=1.954
  Trial 174 MSE: 0.000005 | MAPE: 0.16% | R²: -0.314049
  Trial time: 53.9s
[I 2026-03-13 06:15:14,029] Trial 174 finished with value: 5.076887518448612e-06 and parameters: {'lambda_P': 1.9872339155778964, 'lambda_B': 1.590010814231913, 'lambda_G': 1.7585084806926023, 'n_estimators': 9928, 'max_depth': 12, 'learning_rate': 0.3354903820694182, 'subsample': 0.9790766938397693, 'colsample_bytree': 0.8555590576993954, 'colsample_bylevel': 0.5446639696242114, 'reg_alpha': 5.333609760376609, 'reg_lambda': 4.268574181830623, 'gamma': 0.011156114163579244, 'min_child_weight': 7}. Best is trial 138 with value: 3.778356983372113e-06.

[Trial 204/5000] Starting at 06:15:14
  Lambdas: P=0.562, B=1.159, G=1.113
  XGBoost params: n_estimators=4264, max_depth=19
  Starting cross-validation...
  XGBoost params: n_estimators=4953, max_depth=4
  Starting cross-validation...
  Trial 186 MSE: 0.000005 | MAPE: 0.16% | R²: -0.314049
  Trial time: 30.4s
[I 2026-03-13 06:15:14,688] Trial 186 finished with value: 5.076887518448612e-06 and parameters: {'lambda_P': 1.4834486907548534, 'lambda_B': 1.350404362154846, 'lambda_G': 1.312489753874412, 'n_estimators': 7120, 'max_depth': 11, 'learning_rate': 0.04320587972263827, 'subsample': 0.6825077654276172, 'colsample_bytree': 0.8400842435340417, 'colsample_bylevel': 0.631351111330664, 'reg_alpha': 0.6557829238311641, 'reg_lambda': 7.394756268443439, 'gamma': 0.003629531885765044, 'min_child_weight': 19}. Best is trial 138 with value: 3.778356983372113e-06.

[Trial 205/5000] Starting at 06:15:14
  Lambdas: P=1.428, B=0.784, G=0.572
  XGBoost params: n_estimators=4222, max_depth=16
  Starting cross-validation...
  Trial 197 MSE: 0.000005 | MAPE: 0.16% | R²: -0.314049
  Trial time: 10.6s
[I 2026-03-13 06:15:16,513] Trial 197 finished with value: 5.076887518448612e-06 and parameters: {'lambda_P': 1.5896534536824742, 'lambda_B': 1.64130812549182, 'lambda_G': 1.1477045855243777, 'n_estimators': 2307, 'max_depth': 7, 'learning_rate': 0.013021210780201891, 'subsample': 0.44799399477779034, 'colsample_bytree': 0.4215699437115248, 'colsample_bylevel': 0.5084694539046852, 'reg_alpha': 8.419140450682775, 'reg_lambda': 8.731807430729287, 'gamma': 0.06349586727232659, 'min_child_weight': 16}. Best is trial 138 with value: 3.778356983372113e-06.

[Trial 206/5000] Starting at 06:15:16
  Lambdas: P=0.688, B=1.891, G=0.620
  XGBoost params: n_estimators=3721, max_depth=18
  Starting cross-validation...
  Trial 195 MSE: 0.000005 | MAPE: 0.16% | R²: -0.314049
  Trial time: 20.0s
[I 2026-03-13 06:15:19,834] Trial 195 finished with value: 5.076887518448612e-06 and parameters: {'lambda_P': 0.6229504165216984, 'lambda_B': 1.0401521383344925, 'lambda_G': 1.9336010140209765, 'n_estimators': 4156, 'max_depth': 3, 'learning_rate': 0.1551895659527542, 'subsample': 0.333993717106704, 'colsample_bytree': 0.49716677201292514, 'colsample_bylevel': 0.5521344015426, 'reg_alpha': 5.806790309874036, 'reg_lambda': 7.768652394868106, 'gamma': 0.022630077998065243, 'min_child_weight': 20}. Best is trial 138 with value: 3.778356983372113e-06.

[Trial 207/5000] Starting at 06:15:19
  Lambdas: P=1.503, B=1.876, G=1.833
  XGBoost params: n_estimators=6530, max_depth=16
  Starting cross-validation...
  Trial 200 MSE: 0.000005 | MAPE: 0.16% | R²: -0.314049
  Trial time: 13.7s
[I 2026-03-13 06:15:25,434] Trial 200 finished with value: 5.076887518448612e-06 and parameters: {'lambda_P': 1.6131659272501964, 'lambda_B': 1.1424787104031209, 'lambda_G': 1.6281791732398891, 'n_estimators': 2590, 'max_depth': 9, 'learning_rate': 0.0013931179392574391, 'subsample': 0.8217041105768934, 'colsample_bytree': 0.5991505712815992, 'colsample_bylevel': 0.38527398541981833, 'reg_alpha': 4.935154851593747, 'reg_lambda': 1.6418711690525245, 'gamma': 0.0007440610472093963, 'min_child_weight': 8}. Best is trial 138 with value: 3.778356983372113e-06.

[Trial 208/5000] Starting at 06:15:25
  Lambdas: P=1.602, B=0.831, G=1.623
  XGBoost params: n_estimators=7027, max_depth=8
  Starting cross-validation...
  Trial 184 MSE: 0.000005 | MAPE: 0.16% | R²: -0.314049
  Trial time: 48.0s
[I 2026-03-13 06:15:28,289] Trial 184 finished with value: 5.076887518448612e-06 and parameters: {'lambda_P': 1.1140511276454623, 'lambda_B': 0.9117675651607982, 'lambda_G': 0.7634532055141807, 'n_estimators': 8984, 'max_depth': 20, 'learning_rate': 0.015637013366268764, 'subsample': 0.43336822280977666, 'colsample_bytree': 0.914205592247133, 'colsample_bylevel': 0.4977871822477728, 'reg_alpha': 6.28155768113564, 'reg_lambda': 0.10720685177464162, 'gamma': 0.0018993441111752722, 'min_child_weight': 17}. Best is trial 138 with value: 3.778356983372113e-06.

[Trial 209/5000] Starting at 06:15:28
  Lambdas: P=1.623, B=1.980, G=1.080
  XGBoost params: n_estimators=9221, max_depth=13
  Starting cross-validation...
  Trial 199 MSE: 0.000005 | MAPE: 0.16% | R²: -0.305299
  Trial time: 18.6s
[I 2026-03-13 06:15:29,350] Trial 199 finished with value: 5.05312300150973e-06 and parameters: {'lambda_P': 1.621172405020294, 'lambda_B': 1.2920771475980457, 'lambda_G': 1.7834350354394224, 'n_estimators': 3688, 'max_depth': 12, 'learning_rate': 0.00283763449348368, 'subsample': 0.9727190529995604, 'colsample_bytree': 0.5069279995287126, 'colsample_bylevel': 0.8242830684667819, 'reg_alpha': 0.7746811635508777, 'reg_lambda': 5.289162477121225, 'gamma': 0.001678424198785614, 'min_child_weight': 1}. Best is trial 138 with value: 3.778356983372113e-06.

[Trial 210/5000] Starting at 06:15:29
  Lambdas: P=1.922, B=1.236, G=1.598
  XGBoost params: n_estimators=7008, max_depth=19
  Starting cross-validation...
  Trial 194 MSE: 0.000005 | MAPE: 0.16% | R²: -0.314049
  Trial time: 32.2s
[I 2026-03-13 06:15:30,102] Trial 194 finished with value: 5.076887518448612e-06 and parameters: {'lambda_P': 1.692235530701426, 'lambda_B': 1.7849360386655666, 'lambda_G': 0.6941956664224562, 'n_estimators': 6111, 'max_depth': 3, 'learning_rate': 0.407004705183495, 'subsample': 0.8986012384013291, 'colsample_bytree': 0.5620569984477138, 'colsample_bylevel': 0.36699728873367876, 'reg_alpha': 4.821892362440564, 'reg_lambda': 8.025465254544562, 'gamma': 0.020433154735128058, 'min_child_weight': 6}. Best is trial 138 with value: 3.778356983372113e-06.

[Trial 211/5000] Starting at 06:15:30
  Lambdas: P=1.879, B=1.292, G=1.710
  XGBoost params: n_estimators=5189, max_depth=14
  Starting cross-validation...
  Trial 189 MSE: 0.000005 | MAPE: 0.16% | R²: -0.314049
  Trial time: 43.5s
[I 2026-03-13 06:15:31,636] Trial 189 finished with value: 5.076887518448612e-06 and parameters: {'lambda_P': 0.7604451255340561, 'lambda_B': 0.5160264416322744, 'lambda_G': 1.7795211248023899, 'n_estimators': 8229, 'max_depth': 13, 'learning_rate': 0.1742044280408264, 'subsample': 0.7008012512187155, 'colsample_bytree': 0.9027313679529958, 'colsample_bylevel': 0.9024972036137255, 'reg_alpha': 3.8674090774263825, 'reg_lambda': 9.561426148374, 'gamma': 0.0019402937901913315, 'min_child_weight': 6}. Best is trial 138 with value: 3.778356983372113e-06.

[Trial 212/5000] Starting at 06:15:31
  Lambdas: P=1.052, B=1.687, G=1.221
  XGBoost params: n_estimators=3537, max_depth=2
  Starting cross-validation...
  Trial 205 MSE: 0.000005 | MAPE: 0.16% | R²: -0.314049
  Trial time: 15.5s
[I 2026-03-13 06:15:32,158] Trial 205 finished with value: 5.076887518448612e-06 and parameters: {'lambda_P': 0.687855712180973, 'lambda_B': 1.8910046033709802, 'lambda_G': 0.619985440586462, 'n_estimators': 3721, 'max_depth': 18, 'learning_rate': 0.05032784761462526, 'subsample': 0.8855230532901663, 'colsample_bytree': 0.735256253403343, 'colsample_bylevel': 0.637821490369149, 'reg_alpha': 8.745286824456274, 'reg_lambda': 2.2446538333587487, 'gamma': 0.000382781363566976, 'min_child_weight': 12}. Best is trial 138 with value: 3.778356983372113e-06.

[Trial 213/5000] Starting at 06:15:32
  Lambdas: P=0.867, B=0.627, G=1.420
  XGBoost params: n_estimators=6366, max_depth=11
  Starting cross-validation...
  Trial 204 MSE: 0.000005 | MAPE: 0.16% | R²: -0.314049
  Trial time: 17.8s
[I 2026-03-13 06:15:32,670] Trial 204 finished with value: 5.076887518448612e-06 and parameters: {'lambda_P': 1.427900813579299, 'lambda_B': 0.7836647914818261, 'lambda_G': 0.5718151452467493, 'n_estimators': 4222, 'max_depth': 16, 'learning_rate': 0.26871134537166314, 'subsample': 0.7692469000398378, 'colsample_bytree': 0.3750956526116038, 'colsample_bylevel': 0.3606623099007654, 'reg_alpha': 6.840752215894227, 'reg_lambda': 5.174208859296191, 'gamma': 0.0007543880839880858, 'min_child_weight': 6}. Best is trial 138 with value: 3.778356983372113e-06.

[Trial 214/5000] Starting at 06:15:32
  Lambdas: P=1.337, B=1.189, G=1.521
  XGBoost params: n_estimators=1955, max_depth=15
  Starting cross-validation...
  Trial 192 MSE: 0.000005 | MAPE: 0.16% | R²: -0.314049
  Trial time: 40.2s
[I 2026-03-13 06:15:36,664] Trial 192 finished with value: 5.076887518448612e-06 and parameters: {'lambda_P': 1.7633422271172332, 'lambda_B': 1.2727797120295627, 'lambda_G': 0.8967173453968615, 'n_estimators': 7438, 'max_depth': 18, 'learning_rate': 0.07336995045273235, 'subsample': 0.9345575594589286, 'colsample_bytree': 0.5556156685825152, 'colsample_bylevel': 0.8780570418280864, 'reg_alpha': 3.2808252904894966, 'reg_lambda': 6.914122318986062, 'gamma': 0.0003480828555748532, 'min_child_weight': 3}. Best is trial 138 with value: 3.778356983372113e-06.

[Trial 215/5000] Starting at 06:15:36
  Lambdas: P=1.721, B=1.684, G=1.050
  XGBoost params: n_estimators=8792, max_depth=5
  Starting cross-validation...
  Trial 202 MSE: 0.000005 | MAPE: 0.16% | R²: -0.314049
  Trial time: 23.3s
[I 2026-03-13 06:15:37,286] Trial 202 finished with value: 5.076887518448612e-06 and parameters: {'lambda_P': 1.8768996903156145, 'lambda_B': 1.757219744845401, 'lambda_G': 1.9542805767573308, 'n_estimators': 4264, 'max_depth': 19, 'learning_rate': 0.18585595594765658, 'subsample': 0.6895478709030844, 'colsample_bytree': 0.6218811010685488, 'colsample_bylevel': 0.43441939301750887, 'reg_alpha': 7.550380270055706, 'reg_lambda': 1.4637886255836963, 'gamma': 0.0008441667872544736, 'min_child_weight': 19}. Best is trial 138 with value: 3.778356983372113e-06.

[Trial 216/5000] Starting at 06:15:37
  Lambdas: P=1.375, B=0.998, G=1.009
  XGBoost params: n_estimators=2063, max_depth=11
  Starting cross-validation...
  Trial 196 MSE: 0.000005 | MAPE: 0.16% | R²: -0.314049
  Trial time: 38.7s
