[I 2026-03-13 07:02:34,774] Trial 1737 finished with value: 3.52038991997995e-06 and parameters: {'lambda_P': 1.6379950738987639, 'lambda_B': 1.685675152786493, 'lambda_G': 1.5749739046938946, 'n_estimators': 6389, 'max_depth': 4, 'learning_rate': 0.03144090088350184, 'subsample': 0.7421670134876215, 'colsample_bytree': 0.4933765713622479, 'colsample_bylevel': 0.5991823477504491, 'reg_alpha': 0.2424591151494262, 'reg_lambda': 9.269210360933393, 'gamma': 0.00010883283085813544, 'min_child_weight': 16}. Best is trial 1422 with value: 2.996031181594198e-06.

[Trial 1752/5000] Starting at 07:02:34
  Lambdas: P=1.909, B=1.263, G=1.355
  XGBoost params: n_estimators=4961, max_depth=4
  Starting cross-validation...
  Trial 1738 MSE: 0.000004 | MAPE: 0.14% | R²: -0.000535
  Trial time: 28.2s
[I 2026-03-13 07:02:35,551] Trial 1738 finished with value: 3.536897993715752e-06 and parameters: {'lambda_P': 1.3076783789532103, 'lambda_B': 1.9115354432333114, 'lambda_G': 1.7020905767004297, 'n_estimators': 5298, 'max_depth': 7, 'learning_rate': 0.006717859726940556, 'subsample': 0.7565757311857358, 'colsample_bytree': 0.37999167196209327, 'colsample_bylevel': 0.6051301686468789, 'reg_alpha': 0.2640556177444308, 'reg_lambda': 7.967059730030385, 'gamma': 0.00010981101020522432, 'min_child_weight': 18}. Best is trial 1422 with value: 2.996031181594198e-06.

[Trial 1753/5000] Starting at 07:02:35
  Lambdas: P=0.525, B=1.190, G=0.877
  XGBoost params: n_estimators=4777, max_depth=20
  Starting cross-validation...
  Trial 1736 MSE: 0.000005 | MAPE: 0.16% | R²: -0.314049
  Trial time: 33.6s
[I 2026-03-13 07:02:38,406] Trial 1736 finished with value: 5.076887518448612e-06 and parameters: {'lambda_P': 1.439907316253663, 'lambda_B': 1.5510556061992355, 'lambda_G': 1.6455452073045147, 'n_estimators': 6411, 'max_depth': 7, 'learning_rate': 0.012316078047803157, 'subsample': 0.6670957857186661, 'colsample_bytree': 0.4829243193985152, 'colsample_bylevel': 0.5478615652112984, 'reg_alpha': 1.0518236783773163, 'reg_lambda': 8.04891138467996, 'gamma': 0.00031021473206475165, 'min_child_weight': 16}. Best is trial 1422 with value: 2.996031181594198e-06.

[Trial 1754/5000] Starting at 07:02:38
  Lambdas: P=0.529, B=1.514, G=1.146
  XGBoost params: n_estimators=2882, max_depth=17
  Starting cross-validation...
  Trial 1727 MSE: 0.000005 | MAPE: 0.16% | R²: -0.314049
  Trial time: 51.4s
[I 2026-03-13 07:02:40,778] Trial 1727 finished with value: 5.076887518448612e-06 and parameters: {'lambda_P': 1.3367221816323547, 'lambda_B': 1.2827029670713397, 'lambda_G': 0.5124632836626446, 'n_estimators': 9424, 'max_depth': 8, 'learning_rate': 0.008640043264916871, 'subsample': 0.5883946981456278, 'colsample_bytree': 0.6385462508196509, 'colsample_bylevel': 0.3580202476042139, 'reg_alpha': 2.835254588860746, 'reg_lambda': 3.342608003888474, 'gamma': 0.00011233549102898947, 'min_child_weight': 8}. Best is trial 1422 with value: 2.996031181594198e-06.

[Trial 1755/5000] Starting at 07:02:40
  Lambdas: P=1.905, B=1.983, G=1.322
  XGBoost params: n_estimators=5706, max_depth=7
  Starting cross-validation...
  Trial 1750 MSE: 0.000005 | MAPE: 0.16% | R²: -0.314049
  Trial time: 15.3s
[I 2026-03-13 07:02:45,464] Trial 1750 finished with value: 5.076887518448612e-06 and parameters: {'lambda_P': 1.6978738335847006, 'lambda_B': 1.8042429123330865, 'lambda_G': 0.6116431285608553, 'n_estimators': 3080, 'max_depth': 11, 'learning_rate': 0.48096616985105695, 'subsample': 0.6474246069629924, 'colsample_bytree': 0.702549002294693, 'colsample_bylevel': 0.6571684704724925, 'reg_alpha': 8.13414616114429, 'reg_lambda': 3.145615825934912, 'gamma': 0.013374155982372989, 'min_child_weight': 14}. Best is trial 1422 with value: 2.996031181594198e-06.

[Trial 1756/5000] Starting at 07:02:45
  Lambdas: P=1.815, B=1.833, G=1.584
  XGBoost params: n_estimators=6202, max_depth=7
  Starting cross-validation...
  Trial 1745 MSE: 0.000003 | MAPE: 0.13% | R²: 0.050019
  Trial time: 24.9s
[I 2026-03-13 07:02:47,184] Trial 1745 finished with value: 3.231139569190998e-06 and parameters: {'lambda_P': 0.5365525578015756, 'lambda_B': 1.4713725302494733, 'lambda_G': 0.8559057638659165, 'n_estimators': 4701, 'max_depth': 19, 'learning_rate': 0.05018880418794996, 'subsample': 0.812486320619687, 'colsample_bytree': 0.34014852289233555, 'colsample_bylevel': 0.608562568904803, 'reg_alpha': 0.06766314942694478, 'reg_lambda': 2.461146956775854, 'gamma': 0.0001671137169516231, 'min_child_weight': 6}. Best is trial 1422 with value: 2.996031181594198e-06.

[Trial 1757/5000] Starting at 07:02:47
  Lambdas: P=0.569, B=1.619, G=0.790
  XGBoost params: n_estimators=4675, max_depth=16
  Starting cross-validation...
  Trial 1742 MSE: 0.000003 | MAPE: 0.13% | R²: 0.061778
  Trial time: 30.9s
[I 2026-03-13 07:02:49,121] Trial 1742 finished with value: 3.179491672460538e-06 and parameters: {'lambda_P': 1.6035816994670584, 'lambda_B': 1.8938801930188887, 'lambda_G': 1.549955108891426, 'n_estimators': 6181, 'max_depth': 7, 'learning_rate': 0.01307344391915684, 'subsample': 0.7986199818044157, 'colsample_bytree': 0.508278743542025, 'colsample_bylevel': 0.38317278333034305, 'reg_alpha': 0.08411807338556695, 'reg_lambda': 9.357073335887428, 'gamma': 0.00012647401663026944, 'min_child_weight': 12}. Best is trial 1422 with value: 2.996031181594198e-06.

[Trial 1758/5000] Starting at 07:02:49
  Lambdas: P=1.806, B=1.916, G=1.296
  XGBoost params: n_estimators=7022, max_depth=3
  Starting cross-validation...
  Trial 1747 MSE: 0.000004 | MAPE: 0.14% | R²: -0.020050
  Trial time: 27.0s
[I 2026-03-13 07:02:50,378] Trial 1747 finished with value: 3.598603169992725e-06 and parameters: {'lambda_P': 1.438562349147031, 'lambda_B': 1.9468829410847162, 'lambda_G': 1.5384992551793264, 'n_estimators': 5836, 'max_depth': 8, 'learning_rate': 0.021135917251081885, 'subsample': 0.7925646525450402, 'colsample_bytree': 0.3685274832793044, 'colsample_bylevel': 0.3022156408808595, 'reg_alpha': 0.31877582258788445, 'reg_lambda': 6.930658925481341, 'gamma': 0.00010761136775416251, 'min_child_weight': 18}. Best is trial 1422 with value: 2.996031181594198e-06.

[Trial 1759/5000] Starting at 07:02:50
  Lambdas: P=1.921, B=1.763, G=1.538
  XGBoost params: n_estimators=1605, max_depth=7
  Starting cross-validation...
  Trial 1753 MSE: 0.000005 | MAPE: 0.16% | R²: -0.284791
  Trial time: 14.7s
[I 2026-03-13 07:02:53,326] Trial 1753 finished with value: 5.002971310931893e-06 and parameters: {'lambda_P': 0.5289221157387096, 'lambda_B': 1.5141500235230398, 'lambda_G': 1.1461378046892619, 'n_estimators': 2882, 'max_depth': 17, 'learning_rate': 0.0017784022914368364, 'subsample': 0.9522969308794705, 'colsample_bytree': 0.857060903471131, 'colsample_bylevel': 0.6652440471723888, 'reg_alpha': 1.459374817652464, 'reg_lambda': 5.303248923845099, 'gamma': 0.00011843567987356375, 'min_child_weight': 3}. Best is trial 1422 with value: 2.996031181594198e-06.

[Trial 1760/5000] Starting at 07:02:53
  Lambdas: P=1.873, B=1.679, G=0.771
  XGBoost params: n_estimators=7008, max_depth=10
  Starting cross-validation...
  Trial 1758 MSE: 0.000005 | MAPE: 0.16% | R²: -0.261122
  Trial time: 7.1s
[I 2026-03-13 07:02:57,685] Trial 1758 finished with value: 4.931111017196762e-06 and parameters: {'lambda_P': 1.9209656926678118, 'lambda_B': 1.762929594238018, 'lambda_G': 1.5381847571233656, 'n_estimators': 1605, 'max_depth': 7, 'learning_rate': 0.030024877265731244, 'subsample': 0.7826290058817145, 'colsample_bytree': 0.504000159661913, 'colsample_bylevel': 0.4496160234553538, 'reg_alpha': 1.0996152857650636, 'reg_lambda': 8.984471992242394, 'gamma': 0.00012998496585887585, 'min_child_weight': 11}. Best is trial 1422 with value: 2.996031181594198e-06.

[Trial 1761/5000] Starting at 07:02:57
  Trial 1751 MSE: 0.000005 | MAPE: 0.16% | R²: -0.314049
  Trial time: 23.1s
[I 2026-03-13 07:02:58,049] Trial 1751 finished with value: 5.076887518448612e-06 and parameters: {'lambda_P': 1.90865017991351, 'lambda_B': 1.2626837311827384, 'lambda_G': 1.355085371990876, 'n_estimators': 4961, 'max_depth': 4, 'learning_rate': 0.001977048538479505, 'subsample': 0.872524521720341, 'colsample_bytree': 0.4321742109908075, 'colsample_bylevel': 0.6318054000863956, 'reg_alpha': 2.1873296307656105, 'reg_lambda': 4.190019730732903, 'gamma': 0.000154779500842401, 'min_child_weight': 7}. Best is trial 1422 with value: 2.996031181594198e-06.

[Trial 1762/5000] Starting at 07:02:58
  Lambdas: P=0.511, B=1.574, G=0.859
  XGBoost params: n_estimators=3811, max_depth=20
  Starting cross-validation...
  Lambdas: P=1.550, B=1.809, G=1.297
  Trial 1749 MSE: 0.000005 | MAPE: 0.16% | R²: -0.314049
  Trial time: 30.2s
[I 2026-03-13 07:02:58,668] Trial 1749 finished with value: 5.076887518448612e-06 and parameters: {'lambda_P': 0.5080747932585569, 'lambda_B': 1.9415776639615325, 'lambda_G': 0.7743608338509281, 'n_estimators': 5765, 'max_depth': 15, 'learning_rate': 0.002401853040032842, 'subsample': 0.3945909587577022, 'colsample_bytree': 0.3324954058579389, 'colsample_bylevel': 0.8570696895185964, 'reg_alpha': 5.180362616269194, 'reg_lambda': 9.506640243930455, 'gamma': 0.028002617395452158, 'min_child_weight': 17}. Best is trial 1422 with value: 2.996031181594198e-06.

[Trial 1763/5000] Starting at 07:02:58
  XGBoost params: n_estimators=7844, max_depth=5
  Starting cross-validation...
  Lambdas: P=0.838, B=1.183, G=0.590
  XGBoost params: n_estimators=1265, max_depth=17
  Starting cross-validation...
  Trial 1741 MSE: 0.000004 | MAPE: 0.14% | R²: -0.038336
  Trial time: 43.2s
[I 2026-03-13 07:03:00,424] Trial 1741 finished with value: 3.7092920197595384e-06 and parameters: {'lambda_P': 1.404146217805424, 'lambda_B': 1.6811492796849286, 'lambda_G': 1.2692170135446355, 'n_estimators': 7881, 'max_depth': 8, 'learning_rate': 0.09898456344448214, 'subsample': 0.6201268147150738, 'colsample_bytree': 0.4844099212855258, 'colsample_bylevel': 0.5006533612722475, 'reg_alpha': 0.258570682940925, 'reg_lambda': 8.463049817848193, 'gamma': 0.00010026043674603908, 'min_child_weight': 17}. Best is trial 1422 with value: 2.996031181594198e-06.

[Trial 1764/5000] Starting at 07:03:00
  Lambdas: P=1.948, B=1.849, G=1.639
  XGBoost params: n_estimators=7079, max_depth=11
  Starting cross-validation...
  Trial 1752 MSE: 0.000005 | MAPE: 0.16% | R²: -0.297577
  Trial time: 25.8s
[I 2026-03-13 07:03:01,594] Trial 1752 finished with value: 5.01290938638073e-06 and parameters: {'lambda_P': 0.5248221913580814, 'lambda_B': 1.189511182377316, 'lambda_G': 0.8767165603357593, 'n_estimators': 4777, 'max_depth': 20, 'learning_rate': 0.034680082576355936, 'subsample': 0.983283705593664, 'colsample_bytree': 0.5742276093849906, 'colsample_bylevel': 0.45634378515428703, 'reg_alpha': 0.30492588355887495, 'reg_lambda': 5.319713849786059, 'gamma': 0.0028878249181300583, 'min_child_weight': 7}. Best is trial 1422 with value: 2.996031181594198e-06.

[Trial 1765/5000] Starting at 07:03:01
  Lambdas: P=1.502, B=1.482, G=1.582
  XGBoost params: n_estimators=7312, max_depth=5
  Starting cross-validation...
  Trial 1739 MSE: 0.000005 | MAPE: 0.16% | R²: -0.314049
  Trial time: 54.1s
[I 2026-03-13 07:03:02,999] Trial 1739 finished with value: 5.076887518448612e-06 and parameters: {'lambda_P': 1.1064473485966904, 'lambda_B': 0.581024530922854, 'lambda_G': 1.6326743555533547, 'n_estimators': 9988, 'max_depth': 14, 'learning_rate': 0.35374235054198216, 'subsample': 0.3194393008254704, 'colsample_bytree': 0.396043252950962, 'colsample_bylevel': 0.37461710753343286, 'reg_alpha': 9.957224543558578, 'reg_lambda': 8.935995134796242, 'gamma': 0.001054220246871993, 'min_child_weight': 5}. Best is trial 1422 with value: 2.996031181594198e-06.

[Trial 1766/5000] Starting at 07:03:03
  Lambdas: P=1.447, B=1.515, G=1.230
  XGBoost params: n_estimators=8774, max_depth=7
  Starting cross-validation...
  Trial 1744 MSE: 0.000004 | MAPE: 0.15% | R²: -0.111851
  Trial time: 43.2s
[I 2026-03-13 07:03:03,867] Trial 1744 finished with value: 4.085517244999431e-06 and parameters: {'lambda_P': 1.4896547646330418, 'lambda_B': 1.7079038607257393, 'lambda_G': 1.6639379176078672, 'n_estimators': 7935, 'max_depth': 4, 'learning_rate': 0.02966774519032714, 'subsample': 0.5852479093130909, 'colsample_bytree': 0.3455494288738977, 'colsample_bylevel': 0.42426786242600867, 'reg_alpha': 0.35791839072056736, 'reg_lambda': 9.999987213420965, 'gamma': 0.00017070566953556864, 'min_child_weight': 16}. Best is trial 1422 with value: 2.996031181594198e-06.

[Trial 1767/5000] Starting at 07:03:03
  Lambdas: P=1.794, B=1.753, G=1.418
  XGBoost params: n_estimators=5301, max_depth=3
  Starting cross-validation...
  Trial 1762 MSE: 0.000003 | MAPE: 0.14% | R²: 0.034972
  Trial time: 7.1s
[I 2026-03-13 07:03:06,044] Trial 1762 finished with value: 3.3586422792711514e-06 and parameters: {'lambda_P': 0.8375675620209991, 'lambda_B': 1.1831805576122962, 'lambda_G': 0.5904432184218571, 'n_estimators': 1265, 'max_depth': 17, 'learning_rate': 0.03469242220585534, 'subsample': 0.881133088528945, 'colsample_bytree': 0.3363888427902975, 'colsample_bylevel': 0.7376075046318608, 'reg_alpha': 0.1969920731760107, 'reg_lambda': 2.9566605912432804, 'gamma': 0.00014111525895350562, 'min_child_weight': 5}. Best is trial 1422 with value: 2.996031181594198e-06.

[Trial 1768/5000] Starting at 07:03:06
  Lambdas: P=0.506, B=0.987, G=0.982
  XGBoost params: n_estimators=8719, max_depth=17
  Starting cross-validation...
  Trial 1743 MSE: 0.000005 | MAPE: 0.16% | R²: -0.314049
  Trial time: 47.3s
[I 2026-03-13 07:03:06,777] Trial 1743 finished with value: 5.076887518448612e-06 and parameters: {'lambda_P': 0.6935969535488782, 'lambda_B': 0.6267678402010526, 'lambda_G': 1.7621935066937588, 'n_estimators': 9325, 'max_depth': 5, 'learning_rate': 0.08124683174823895, 'subsample': 0.3644374525526589, 'colsample_bytree': 0.6648763675376749, 'colsample_bylevel': 0.7985014602705117, 'reg_alpha': 1.0141621880683664, 'reg_lambda': 4.539266798703548, 'gamma': 0.03348284636512225, 'min_child_weight': 10}. Best is trial 1422 with value: 2.996031181594198e-06.

[Trial 1769/5000] Starting at 07:03:06
  Lambdas: P=1.751, B=1.887, G=1.568
  XGBoost params: n_estimators=6712, max_depth=8
  Starting cross-validation...
  Trial 1746 MSE: 0.000005 | MAPE: 0.16% | R²: -0.314049
  Trial time: 45.0s
[I 2026-03-13 07:03:07,667] Trial 1746 finished with value: 5.076887518448612e-06 and parameters: {'lambda_P': 0.9253963112509813, 'lambda_B': 0.9485317029984661, 'lambda_G': 1.998401928773518, 'n_estimators': 9272, 'max_depth': 17, 'learning_rate': 0.4778025425417116, 'subsample': 0.4323620301474256, 'colsample_bytree': 0.7433715045416113, 'colsample_bylevel': 0.6448432689017227, 'reg_alpha': 5.864175625416513, 'reg_lambda': 2.7204542129866827, 'gamma': 0.002722571036824635, 'min_child_weight': 12}. Best is trial 1422 with value: 2.996031181594198e-06.

[Trial 1770/5000] Starting at 07:03:07
  Lambdas: P=1.561, B=1.581, G=1.683
  XGBoost params: n_estimators=6625, max_depth=5
  Starting cross-validation...
  Trial 1754 MSE: 0.000005 | MAPE: 0.16% | R²: -0.297180
  Trial time: 30.8s
[I 2026-03-13 07:03:11,813] Trial 1754 finished with value: 5.031872416849153e-06 and parameters: {'lambda_P': 1.905486025603532, 'lambda_B': 1.9834121195675374, 'lambda_G': 1.3216435244726494, 'n_estimators': 5706, 'max_depth': 7, 'learning_rate': 0.01288143236233171, 'subsample': 0.5482357245070548, 'colsample_bytree': 0.3905201077659638, 'colsample_bylevel': 0.5250831675439964, 'reg_alpha': 0.6896780141270161, 'reg_lambda': 9.729944430109434, 'gamma': 0.00040130404330180296, 'min_child_weight': 15}. Best is trial 1422 with value: 2.996031181594198e-06.

[Trial 1771/5000] Starting at 07:03:11
  Lambdas: P=1.609, B=1.575, G=1.032
  XGBoost params: n_estimators=4823, max_depth=9
  Starting cross-validation...
  Trial 1756 MSE: 0.000005 | MAPE: 0.16% | R²: -0.314049
  Trial time: 26.0s
[I 2026-03-13 07:03:13,340] Trial 1756 finished with value: 5.076887518448612e-06 and parameters: {'lambda_P': 0.5693120344265272, 'lambda_B': 1.6190166152528283, 'lambda_G': 0.7899419513584278, 'n_estimators': 4675, 'max_depth': 16, 'learning_rate': 0.06306436149671671, 'subsample': 0.8975761793624205, 'colsample_bytree': 0.40040035905527954, 'colsample_bylevel': 0.8575045369052362, 'reg_alpha': 1.9652069308164881, 'reg_lambda': 5.0242033946188975, 'gamma': 0.0005289582713036546, 'min_child_weight': 6}. Best is trial 1422 with value: 2.996031181594198e-06.

[Trial 1772/5000] Starting at 07:03:13
  Lambdas: P=1.787, B=1.685, G=1.818
  XGBoost params: n_estimators=7856, max_depth=6
  Starting cross-validation...
  Trial 1760 MSE: 0.000005 | MAPE: 0.16% | R²: -0.314049
  Trial time: 18.8s
[I 2026-03-13 07:03:16,685] Trial 1760 finished with value: 5.076887518448612e-06 and parameters: {'lambda_P': 0.5108133071208745, 'lambda_B': 1.5739844531066263, 'lambda_G': 0.8590474883183858, 'n_estimators': 3811, 'max_depth': 20, 'learning_rate': 0.08796106551852145, 'subsample': 0.7066694075857968, 'colsample_bytree': 0.3974099130718929, 'colsample_bylevel': 0.6936098273815988, 'reg_alpha': 1.233636467492904, 'reg_lambda': 4.285449600470673, 'gamma': 0.00012485539145725463, 'min_child_weight': 7}. Best is trial 1422 with value: 2.996031181594198e-06.

[Trial 1773/5000] Starting at 07:03:16
  Lambdas: P=1.841, B=1.634, G=1.664
  XGBoost params: n_estimators=8364, max_depth=8
  Starting cross-validation...
  Trial 1755 MSE: 0.000003 | MAPE: 0.13% | R²: 0.036423
  Trial time: 33.5s
[I 2026-03-13 07:03:19,151] Trial 1755 finished with value: 3.2580083592806507e-06 and parameters: {'lambda_P': 1.814836276643345, 'lambda_B': 1.833168524673568, 'lambda_G': 1.583606058404358, 'n_estimators': 6202, 'max_depth': 7, 'learning_rate': 0.01434747858620213, 'subsample': 0.6162036816647216, 'colsample_bytree': 0.3659686142801496, 'colsample_bylevel': 0.3122027140783208, 'reg_alpha': 0.009346265057939278, 'reg_lambda': 8.63060915786941, 'gamma': 0.00024287759682395092, 'min_child_weight': 11}. Best is trial 1422 with value: 2.996031181594198e-06.

[Trial 1774/5000] Starting at 07:03:19
  Lambdas: P=1.803, B=1.692, G=1.461
  XGBoost params: n_estimators=7532, max_depth=11
  Starting cross-validation...
  Trial 1757 MSE: 0.000005 | MAPE: 0.16% | R²: -0.314049
  Trial time: 35.5s
[I 2026-03-13 07:03:24,905] Trial 1757 finished with value: 5.076887518448612e-06 and parameters: {'lambda_P': 1.8060571149358438, 'lambda_B': 1.9159175965122506, 'lambda_G': 1.2961252853661387, 'n_estimators': 7022, 'max_depth': 3, 'learning_rate': 0.004746731716326705, 'subsample': 0.9414177297576358, 'colsample_bytree': 0.5663647738206307, 'colsample_bylevel': 0.4535813739850583, 'reg_alpha': 1.5679776504876142, 'reg_lambda': 7.505364437738925, 'gamma': 0.00017207131763069352, 'min_child_weight': 8}. Best is trial 1422 with value: 2.996031181594198e-06.

[Trial 1775/5000] Starting at 07:03:25
  Lambdas: P=1.745, B=1.333, G=1.362
  XGBoost params: n_estimators=5661, max_depth=2
  Starting cross-validation...
  Trial 1766 MSE: 0.000005 | MAPE: 0.16% | R²: -0.314049
  Trial time: 25.2s
[I 2026-03-13 07:03:29,273] Trial 1766 finished with value: 5.076887518448612e-06 and parameters: {'lambda_P': 1.7941288738242849, 'lambda_B': 1.7525107644953137, 'lambda_G': 1.417855832901903, 'n_estimators': 5301, 'max_depth': 3, 'learning_rate': 0.023220878095711047, 'subsample': 0.836512475739012, 'colsample_bytree': 0.6762657133806522, 'colsample_bylevel': 0.3877744174542058, 'reg_alpha': 3.0868726873261663, 'reg_lambda': 9.093938185826605, 'gamma': 0.000111242734728609, 'min_child_weight': 9}. Best is trial 1422 with value: 2.996031181594198e-06.

[Trial 1776/5000] Starting at 07:03:29
  Lambdas: P=1.914, B=1.936, G=1.584
  XGBoost params: n_estimators=7036, max_depth=7
  Starting cross-validation...
  Trial 1759 MSE: 0.000003 | MAPE: 0.13% | R²: 0.072073
  Trial time: 36.7s
[I 2026-03-13 07:03:30,223] Trial 1759 finished with value: 3.1528695822240477e-06 and parameters: {'lambda_P': 1.873117073366754, 'lambda_B': 1.6794846741842968, 'lambda_G': 0.7714654890893777, 'n_estimators': 7008, 'max_depth': 10, 'learning_rate': 0.010048585708673131, 'subsample': 0.9386578194695663, 'colsample_bytree': 0.48558986670145193, 'colsample_bylevel': 0.6941169124752461, 'reg_alpha': 0.01977575629619328, 'reg_lambda': 5.534156829127383, 'gamma': 0.00012708202526986868, 'min_child_weight': 6}. Best is trial 1422 with value: 2.996031181594198e-06.

[Trial 1777/5000] Starting at 07:03:30
  Lambdas: P=1.904, B=1.918, G=0.665
  XGBoost params: n_estimators=8937, max_depth=9
  Starting cross-validation...
  Trial 1761 MSE: 0.000003 | MAPE: 0.14% | R²: 0.036297
  Trial time: 35.2s
[I 2026-03-13 07:03:33,527] Trial 1761 finished with value: 3.3611735266272355e-06 and parameters: {'lambda_P': 1.5504106008923768, 'lambda_B': 1.8092391011450313, 'lambda_G': 1.2967337592150543, 'n_estimators': 7844, 'max_depth': 5, 'learning_rate': 0.007107190775740929, 'subsample': 0.8032022123275392, 'colsample_bytree': 0.5633974060263801, 'colsample_bylevel': 0.4222868226916594, 'reg_alpha': 0.1988672441040235, 'reg_lambda': 9.612572205281861, 'gamma': 0.0001130061904328931, 'min_child_weight': 14}. Best is trial 1422 with value: 2.996031181594198e-06.

[Trial 1778/5000] Starting at 07:03:33
  Lambdas: P=1.563, B=1.795, G=1.625
  XGBoost params: n_estimators=9473, max_depth=5
  Starting cross-validation...
  Trial 1769 MSE: 0.000004 | MAPE: 0.15% | R²: -0.075762
  Trial time: 27.2s
