[I 2026-03-13 06:24:28,789] Trial 509 finished with value: 5.076887518448612e-06 and parameters: {'lambda_P': 1.2460760790282097, 'lambda_B': 0.7852327486423113, 'lambda_G': 0.6478413515561317, 'n_estimators': 1329, 'max_depth': 19, 'learning_rate': 0.09980286720517334, 'subsample': 0.9543029436938189, 'colsample_bytree': 0.4003205203082094, 'colsample_bylevel': 0.7429714350484564, 'reg_alpha': 1.7973827967019378, 'reg_lambda': 7.2471285183019685, 'gamma': 0.0031948975849241147, 'min_child_weight': 6}. Best is trial 413 with value: 3.3629712059134554e-06.

[Trial 514/5000] Starting at 06:24:28
  Lambdas: P=0.560, B=0.660, G=0.766
  XGBoost params: n_estimators=2336, max_depth=10
  Starting cross-validation...
  Trial 500 MSE: 0.000005 | MAPE: 0.16% | R²: -0.260215
  Trial time: 17.7s
[I 2026-03-13 06:24:29,824] Trial 500 finished with value: 4.917749033737546e-06 and parameters: {'lambda_P': 1.76282542696448, 'lambda_B': 1.970432249644758, 'lambda_G': 1.8340525771196148, 'n_estimators': 2883, 'max_depth': 13, 'learning_rate': 0.2140119110251551, 'subsample': 0.6276533432787025, 'colsample_bytree': 0.7193032378860775, 'colsample_bylevel': 0.3971866606889064, 'reg_alpha': 0.7108982251907823, 'reg_lambda': 7.466570540788602, 'gamma': 0.00031096872660823274, 'min_child_weight': 20}. Best is trial 413 with value: 3.3629712059134554e-06.

[Trial 515/5000] Starting at 06:24:29
  Lambdas: P=1.630, B=0.708, G=0.655
  XGBoost params: n_estimators=2686, max_depth=20
  Starting cross-validation...
  Trial 512 MSE: 0.000005 | MAPE: 0.16% | R²: -0.219160
  Trial time: 7.6s
[I 2026-03-13 06:24:33,045] Trial 512 finished with value: 4.562811741019972e-06 and parameters: {'lambda_P': 1.0260759400024206, 'lambda_B': 0.9301769500015735, 'lambda_G': 0.8334751515446933, 'n_estimators': 1672, 'max_depth': 16, 'learning_rate': 0.4177818330433281, 'subsample': 0.8621468859587358, 'colsample_bytree': 0.3176109383483427, 'colsample_bylevel': 0.815804840516982, 'reg_alpha': 0.9166099444930464, 'reg_lambda': 4.251238508831623, 'gamma': 0.00011843754233127416, 'min_child_weight': 11}. Best is trial 413 with value: 3.3629712059134554e-06.

[Trial 516/5000] Starting at 06:24:33
  Lambdas: P=1.523, B=0.517, G=0.859
  XGBoost params: n_estimators=9443, max_depth=3
  Starting cross-validation...
  Trial 499 MSE: 0.000005 | MAPE: 0.16% | R²: -0.314049
  Trial time: 24.7s
[I 2026-03-13 06:24:33,687] Trial 499 finished with value: 5.076887518448612e-06 and parameters: {'lambda_P': 0.9922811205134204, 'lambda_B': 1.9034679343916328, 'lambda_G': 1.9651935460692194, 'n_estimators': 4802, 'max_depth': 4, 'learning_rate': 0.09173618186848037, 'subsample': 0.8484510559575885, 'colsample_bytree': 0.6469024508714531, 'colsample_bylevel': 0.8730614886203352, 'reg_alpha': 1.075273864433155, 'reg_lambda': 5.769307136827646, 'gamma': 0.0018252132584700967, 'min_child_weight': 2}. Best is trial 413 with value: 3.3629712059134554e-06.

[Trial 517/5000] Starting at 06:24:33
  Lambdas: P=0.746, B=1.687, G=1.709
  XGBoost params: n_estimators=6769, max_depth=15
  Starting cross-validation...
  Trial 493 MSE: 0.000005 | MAPE: 0.16% | R²: -0.289460
  Trial time: 33.8s
[I 2026-03-13 06:24:34,522] Trial 493 finished with value: 4.970871589260547e-06 and parameters: {'lambda_P': 0.8297424857932968, 'lambda_B': 1.9970761892993323, 'lambda_G': 1.8613672143456506, 'n_estimators': 6694, 'max_depth': 6, 'learning_rate': 0.2988477639309545, 'subsample': 0.9750955148813865, 'colsample_bytree': 0.6301725566858756, 'colsample_bylevel': 0.8322175629627077, 'reg_alpha': 0.5738803681328626, 'reg_lambda': 2.211727876718149, 'gamma': 0.0015925302321031331, 'min_child_weight': 9}. Best is trial 413 with value: 3.3629712059134554e-06.

[Trial 518/5000] Starting at 06:24:34
  Lambdas: P=0.983, B=1.471, G=1.999
  XGBoost params: n_estimators=8772, max_depth=11
  Starting cross-validation...
  Trial 490 MSE: 0.000004 | MAPE: 0.14% | R²: -0.025664
  Trial time: 38.2s
[I 2026-03-13 06:24:37,004] Trial 490 finished with value: 3.6581877154057216e-06 and parameters: {'lambda_P': 1.571226945205569, 'lambda_B': 0.924160269389134, 'lambda_G': 1.0790407683692047, 'n_estimators': 8348, 'max_depth': 9, 'learning_rate': 0.0015919055367271011, 'subsample': 0.9032227539716932, 'colsample_bytree': 0.5423573237309045, 'colsample_bylevel': 0.9806979525141117, 'reg_alpha': 0.1871207633693642, 'reg_lambda': 0.9928437453785393, 'gamma': 0.00010026407291942148, 'min_child_weight': 10}. Best is trial 413 with value: 3.3629712059134554e-06.

[Trial 519/5000] Starting at 06:24:37
  Lambdas: P=1.259, B=0.805, G=1.101
  XGBoost params: n_estimators=5889, max_depth=12
  Starting cross-validation...
  Trial 508 MSE: 0.000005 | MAPE: 0.16% | R²: -0.314049
  Trial time: 16.4s
[I 2026-03-13 06:24:37,907] Trial 508 finished with value: 5.076887518448612e-06 and parameters: {'lambda_P': 1.7451789556131048, 'lambda_B': 0.6904904701579899, 'lambda_G': 0.5005144153610775, 'n_estimators': 3167, 'max_depth': 19, 'learning_rate': 0.34339185505362435, 'subsample': 0.3787578393981972, 'colsample_bytree': 0.5939635774516968, 'colsample_bylevel': 0.7615222130212872, 'reg_alpha': 0.9034627756124158, 'reg_lambda': 9.607587043396762, 'gamma': 0.00012140039930833067, 'min_child_weight': 9}. Best is trial 413 with value: 3.3629712059134554e-06.

[Trial 520/5000] Starting at 06:24:37
  Trial 485 MSE: 0.000005 | MAPE: 0.16% | R²: -0.182867
  Trial time: 46.5s
[I 2026-03-13 06:24:38,247] Trial 485 finished with value: 4.5973516052502626e-06 and parameters: {'lambda_P': 1.6095424406502863, 'lambda_B': 1.138771829354373, 'lambda_G': 1.6568062499986536, 'n_estimators': 9050, 'max_depth': 2, 'learning_rate': 0.0010248528353841396, 'subsample': 0.9211009953124161, 'colsample_bytree': 0.431825020885794, 'colsample_bylevel': 0.9211117401434997, 'reg_alpha': 1.060310206519496, 'reg_lambda': 1.6632096150857232, 'gamma': 0.00011372122432245668, 'min_child_weight': 3}. Best is trial 413 with value: 3.3629712059134554e-06.

[Trial 521/5000] Starting at 06:24:38
  Lambdas: P=1.309, B=1.976, G=1.999
  XGBoost params: n_estimators=672, max_depth=4
  Starting cross-validation...
  Lambdas: P=1.690, B=0.763, G=0.899
  XGBoost params: n_estimators=7935, max_depth=14
  Starting cross-validation...
  Trial 513 MSE: 0.000005 | MAPE: 0.16% | R²: -0.314049
  Trial time: 11.0s
[I 2026-03-13 06:24:39,954] Trial 513 finished with value: 5.076887518448612e-06 and parameters: {'lambda_P': 0.5601645908024554, 'lambda_B': 0.6602661258035838, 'lambda_G': 0.7658670031252646, 'n_estimators': 2336, 'max_depth': 10, 'learning_rate': 0.12627948334952915, 'subsample': 0.7375292953829066, 'colsample_bytree': 0.40234419698926016, 'colsample_bylevel': 0.7860509522486068, 'reg_alpha': 1.7644455503097851, 'reg_lambda': 7.246038021844192, 'gamma': 0.0004950238767372394, 'min_child_weight': 6}. Best is trial 413 with value: 3.3629712059134554e-06.

[Trial 522/5000] Starting at 06:24:40
  Lambdas: P=1.679, B=0.820, G=0.773
  XGBoost params: n_estimators=6696, max_depth=11
  Starting cross-validation...
  Trial 510 MSE: 0.000005 | MAPE: 0.16% | R²: -0.269440
  Trial time: 19.1s
[I 2026-03-13 06:24:41,653] Trial 510 finished with value: 4.945454029353189e-06 and parameters: {'lambda_P': 1.1529285700188618, 'lambda_B': 1.1437449773885149, 'lambda_G': 0.7443515340654114, 'n_estimators': 3731, 'max_depth': 19, 'learning_rate': 0.17764127424411214, 'subsample': 0.7111871156370552, 'colsample_bytree': 0.39685878230795485, 'colsample_bylevel': 0.7791082317448866, 'reg_alpha': 0.9112450942912075, 'reg_lambda': 8.370964097792042, 'gamma': 0.00031705859086411187, 'min_child_weight': 9}. Best is trial 413 with value: 3.3629712059134554e-06.

[Trial 523/5000] Starting at 06:24:41
  Lambdas: P=1.793, B=0.909, G=0.873
  XGBoost params: n_estimators=7041, max_depth=12
  Starting cross-validation...
  Trial 519 MSE: 0.000005 | MAPE: 0.16% | R²: -0.256946
  Trial time: 4.2s
[I 2026-03-13 06:24:42,276] Trial 519 finished with value: 4.9139336879246275e-06 and parameters: {'lambda_P': 1.3087356139416304, 'lambda_B': 1.976128625305943, 'lambda_G': 1.999245802354804, 'n_estimators': 672, 'max_depth': 4, 'learning_rate': 0.07468749819849617, 'subsample': 0.9926530319727677, 'colsample_bytree': 0.5424984448045309, 'colsample_bylevel': 0.8964797809395276, 'reg_alpha': 0.6793607820880854, 'reg_lambda': 2.357430957805094, 'gamma': 0.0014940476539453103, 'min_child_weight': 7}. Best is trial 413 with value: 3.3629712059134554e-06.

[Trial 524/5000] Starting at 06:24:42
  Lambdas: P=1.156, B=1.370, G=1.649
  XGBoost params: n_estimators=9208, max_depth=2
  Starting cross-validation...
  Trial 514 MSE: 0.000005 | MAPE: 0.16% | R²: -0.314049
  Trial time: 14.3s
[I 2026-03-13 06:24:44,292] Trial 514 finished with value: 5.076887518448612e-06 and parameters: {'lambda_P': 1.6302208812860968, 'lambda_B': 0.7079883965980357, 'lambda_G': 0.6550474621145788, 'n_estimators': 2686, 'max_depth': 20, 'learning_rate': 0.2207404562096076, 'subsample': 0.6712470949471988, 'colsample_bytree': 0.7616316474204423, 'colsample_bylevel': 0.8546064311104703, 'reg_alpha': 1.7865147134499204, 'reg_lambda': 9.109309364435795, 'gamma': 0.00046964092249879817, 'min_child_weight': 9}. Best is trial 413 with value: 3.3629712059134554e-06.

[Trial 525/5000] Starting at 06:24:44
  Lambdas: P=1.536, B=0.889, G=0.824
  XGBoost params: n_estimators=9845, max_depth=11
  Starting cross-validation...
  Trial 505 MSE: 0.000005 | MAPE: 0.16% | R²: -0.203658
  Trial time: 28.2s
[I 2026-03-13 06:24:46,034] Trial 505 finished with value: 4.604346032369997e-06 and parameters: {'lambda_P': 1.5386189912502943, 'lambda_B': 0.598552729977467, 'lambda_G': 0.5290066693325768, 'n_estimators': 6930, 'max_depth': 11, 'learning_rate': 0.008795745912041998, 'subsample': 0.7334997357284025, 'colsample_bytree': 0.6075499536826363, 'colsample_bylevel': 0.7320497518092401, 'reg_alpha': 0.628601774868063, 'reg_lambda': 9.44020598050556, 'gamma': 0.0003843622257466012, 'min_child_weight': 11}. Best is trial 413 with value: 3.3629712059134554e-06.

[Trial 526/5000] Starting at 06:24:46
  Lambdas: P=1.304, B=0.807, G=1.280
  XGBoost params: n_estimators=7481, max_depth=8
  Starting cross-validation...
  Trial 504 MSE: 0.000005 | MAPE: 0.16% | R²: -0.314049
  Trial time: 31.5s
[I 2026-03-13 06:24:48,642] Trial 504 finished with value: 5.076887518448612e-06 and parameters: {'lambda_P': 1.9150192840112745, 'lambda_B': 1.4168963573035651, 'lambda_G': 1.0487939375677988, 'n_estimators': 5863, 'max_depth': 20, 'learning_rate': 0.3374938076178162, 'subsample': 0.9546667079825618, 'colsample_bytree': 0.8151160029839157, 'colsample_bylevel': 0.4938999610957855, 'reg_alpha': 1.2795063116348384, 'reg_lambda': 2.1924709629668926, 'gamma': 0.0019711106066889494, 'min_child_weight': 6}. Best is trial 413 with value: 3.3629712059134554e-06.

[Trial 527/5000] Starting at 06:24:48
  Lambdas: P=1.242, B=0.961, G=1.030
  XGBoost params: n_estimators=7923, max_depth=7
  Starting cross-validation...
  Trial 501 MSE: 0.000005 | MAPE: 0.16% | R²: -0.314049
  Trial time: 35.3s
[I 2026-03-13 06:24:49,313] Trial 501 finished with value: 5.076887518448612e-06 and parameters: {'lambda_P': 0.5272695344170908, 'lambda_B': 1.8286047088128217, 'lambda_G': 1.9474453869592756, 'n_estimators': 6390, 'max_depth': 10, 'learning_rate': 0.0191396545734326, 'subsample': 0.7101166439796704, 'colsample_bytree': 0.5925555065304909, 'colsample_bylevel': 0.8308483475523158, 'reg_alpha': 1.3627383778843556, 'reg_lambda': 4.900442395526978, 'gamma': 0.000266135142462354, 'min_child_weight': 14}. Best is trial 413 with value: 3.3629712059134554e-06.

[Trial 528/5000] Starting at 06:24:49
  Lambdas: P=1.694, B=0.756, G=0.990
  XGBoost params: n_estimators=8183, max_depth=9
  Starting cross-validation...
  Trial 494 MSE: 0.000005 | MAPE: 0.16% | R²: -0.314049
  Trial time: 49.4s
[I 2026-03-13 06:24:52,806] Trial 494 finished with value: 5.076887518448612e-06 and parameters: {'lambda_P': 1.200601506348402, 'lambda_B': 1.412933356513196, 'lambda_G': 1.752556138887034, 'n_estimators': 9259, 'max_depth': 3, 'learning_rate': 0.002345258551594183, 'subsample': 0.9967774593209843, 'colsample_bytree': 0.5484072865373643, 'colsample_bylevel': 0.7660353430162729, 'reg_alpha': 2.328940865794069, 'reg_lambda': 2.373072139626241, 'gamma': 0.00021849753412289555, 'min_child_weight': 1}. Best is trial 413 with value: 3.3629712059134554e-06.

[Trial 529/5000] Starting at 06:24:52
  Lambdas: P=1.424, B=0.625, G=0.701
  XGBoost params: n_estimators=7509, max_depth=10
  Starting cross-validation...
  Trial 507 MSE: 0.000004 | MAPE: 0.15% | R²: -0.139488
  Trial time: 39.5s
[I 2026-03-13 06:24:59,709] Trial 507 finished with value: 4.199297192217153e-06 and parameters: {'lambda_P': 0.7708521346743539, 'lambda_B': 1.6158919915005594, 'lambda_G': 1.4302923637154041, 'n_estimators': 7884, 'max_depth': 9, 'learning_rate': 0.05073404822871094, 'subsample': 0.6695924262882945, 'colsample_bytree': 0.3703644398302475, 'colsample_bylevel': 0.8008201970338265, 'reg_alpha': 0.36081777737049403, 'reg_lambda': 7.064208576634618, 'gamma': 0.00033155333634961586, 'min_child_weight': 18}. Best is trial 413 with value: 3.3629712059134554e-06.

[Trial 530/5000] Starting at 06:24:59
  Lambdas: P=0.758, B=1.597, G=1.058
  XGBoost params: n_estimators=8740, max_depth=8
  Starting cross-validation...
  Trial 518 MSE: 0.000004 | MAPE: 0.16% | R²: -0.190839
  Trial time: 23.4s
[I 2026-03-13 06:25:00,561] Trial 518 finished with value: 4.491650995098957e-06 and parameters: {'lambda_P': 1.2589662328581792, 'lambda_B': 0.8045623649443568, 'lambda_G': 1.1014950617739483, 'n_estimators': 5889, 'max_depth': 12, 'learning_rate': 0.0010135223947498287, 'subsample': 0.9664143164480433, 'colsample_bytree': 0.8067956036808457, 'colsample_bylevel': 0.9771071930989728, 'reg_alpha': 0.5066120676848908, 'reg_lambda': 1.18197580388289, 'gamma': 0.0008204398960503222, 'min_child_weight': 10}. Best is trial 413 with value: 3.3629712059134554e-06.

[Trial 531/5000] Starting at 06:25:00
  Lambdas: P=0.586, B=1.508, G=1.056
  XGBoost params: n_estimators=6035, max_depth=10
  Starting cross-validation...
  Trial 521 MSE: 0.000004 | MAPE: 0.16% | R²: -0.170533
  Trial time: 24.4s
[I 2026-03-13 06:25:04,543] Trial 521 finished with value: 4.37407091953521e-06 and parameters: {'lambda_P': 1.6786248640512795, 'lambda_B': 0.8204258775996349, 'lambda_G': 0.7730917910140933, 'n_estimators': 6696, 'max_depth': 11, 'learning_rate': 0.0016235052644161306, 'subsample': 0.9443237424576978, 'colsample_bytree': 0.5694556858273199, 'colsample_bylevel': 0.7831319268770485, 'reg_alpha': 0.34316099717348214, 'reg_lambda': 1.8824166170688708, 'gamma': 0.000899414424230146, 'min_child_weight': 11}. Best is trial 413 with value: 3.3629712059134554e-06.

[Trial 532/5000] Starting at 06:25:04
  Lambdas: P=0.977, B=1.405, G=1.266
  XGBoost params: n_estimators=7727, max_depth=9
  Starting cross-validation...
  Trial 516 MSE: 0.000005 | MAPE: 0.16% | R²: -0.306065
  Trial time: 32.1s
[I 2026-03-13 06:25:06,019] Trial 516 finished with value: 5.043962007833278e-06 and parameters: {'lambda_P': 0.7458164391180615, 'lambda_B': 1.6868805972632903, 'lambda_G': 1.7085274259000673, 'n_estimators': 6769, 'max_depth': 15, 'learning_rate': 0.010544424735146569, 'subsample': 0.6361956761453745, 'colsample_bytree': 0.46055424778430565, 'colsample_bylevel': 0.8720295881830461, 'reg_alpha': 0.32778380809876884, 'reg_lambda': 6.648140350396437, 'gamma': 0.0018173206330705767, 'min_child_weight': 16}. Best is trial 413 with value: 3.3629712059134554e-06.

[Trial 533/5000] Starting at 06:25:06
  Lambdas: P=1.139, B=0.989, G=1.518
  XGBoost params: n_estimators=8831, max_depth=11
  Starting cross-validation...
  Trial 522 MSE: 0.000005 | MAPE: 0.16% | R²: -0.314049
  Trial time: 30.3s
[I 2026-03-13 06:25:12,168] Trial 522 finished with value: 5.076887518448612e-06 and parameters: {'lambda_P': 1.7933381928387306, 'lambda_B': 0.9091427691864067, 'lambda_G': 0.8734098881642338, 'n_estimators': 7041, 'max_depth': 12, 'learning_rate': 0.0010392177464618188, 'subsample': 0.7862404689400623, 'colsample_bytree': 0.4090210241453236, 'colsample_bylevel': 0.8452351787760207, 'reg_alpha': 3.118319629123932, 'reg_lambda': 1.4175429721554371, 'gamma': 0.00018035211549037277, 'min_child_weight': 11}. Best is trial 413 with value: 3.3629712059134554e-06.

[Trial 534/5000] Starting at 06:25:12
  Lambdas: P=0.541, B=1.430, G=1.425
  XGBoost params: n_estimators=6922, max_depth=8
  Starting cross-validation...
  Trial 517 MSE: 0.000005 | MAPE: 0.16% | R²: -0.280968
  Trial time: 39.3s
[I 2026-03-13 06:25:13,998] Trial 517 finished with value: 4.981948413275562e-06 and parameters: {'lambda_P': 0.9830452508500884, 'lambda_B': 1.4714896758067324, 'lambda_G': 1.9985655998428, 'n_estimators': 8772, 'max_depth': 11, 'learning_rate': 0.009376049031382689, 'subsample': 0.6451929280553953, 'colsample_bytree': 0.5654456600971329, 'colsample_bylevel': 0.9163303794466511, 'reg_alpha': 0.8291622690914078, 'reg_lambda': 4.224670512474555, 'gamma': 0.00029225788745337595, 'min_child_weight': 14}. Best is trial 413 with value: 3.3629712059134554e-06.

[Trial 535/5000] Starting at 06:25:14
  Lambdas: P=0.926, B=1.495, G=1.196
  XGBoost params: n_estimators=7458, max_depth=8
  Starting cross-validation...
  Trial 520 MSE: 0.000005 | MAPE: 0.16% | R²: -0.314049
  Trial time: 36.2s
[I 2026-03-13 06:25:14,641] Trial 520 finished with value: 5.076887518448612e-06 and parameters: {'lambda_P': 1.6904513454999714, 'lambda_B': 0.7626972807464228, 'lambda_G': 0.8986082560944021, 'n_estimators': 7935, 'max_depth': 14, 'learning_rate': 0.003216044380832034, 'subsample': 0.8077200225390505, 'colsample_bytree': 0.5057114571643853, 'colsample_bylevel': 0.9949767295932623, 'reg_alpha': 1.5802077660384233, 'reg_lambda': 0.2589967700087127, 'gamma': 0.00013644492394479608, 'min_child_weight': 14}. Best is trial 413 with value: 3.3629712059134554e-06.

[Trial 536/5000] Starting at 06:25:14
  Lambdas: P=0.675, B=1.925, G=1.852
  XGBoost params: n_estimators=6727, max_depth=19
  Starting cross-validation...
  Trial 515 MSE: 0.000004 | MAPE: 0.15% | R²: -0.150974
  Trial time: 43.6s
[I 2026-03-13 06:25:16,886] Trial 515 finished with value: 4.427102384406573e-06 and parameters: {'lambda_P': 1.5229054783370273, 'lambda_B': 0.5171555542817027, 'lambda_G': 0.8585925862845044, 'n_estimators': 9443, 'max_depth': 3, 'learning_rate': 0.0033058707322447057, 'subsample': 0.9325355481597581, 'colsample_bytree': 0.5202801783178004, 'colsample_bylevel': 0.995130365809314, 'reg_alpha': 0.9704903287725585, 'reg_lambda': 1.8672092314885353, 'gamma': 0.00011319568975334063, 'min_child_weight': 9}. Best is trial 413 with value: 3.3629712059134554e-06.

[Trial 537/5000] Starting at 06:25:16
  Lambdas: P=0.707, B=1.531, G=1.445
  XGBoost params: n_estimators=9416, max_depth=10
  Starting cross-validation...
  Trial 525 MSE: 0.000005 | MAPE: 0.16% | R²: -0.234333
  Trial time: 31.7s
[I 2026-03-13 06:25:17,980] Trial 525 finished with value: 4.7626580599593255e-06 and parameters: {'lambda_P': 1.3044924025459979, 'lambda_B': 0.8067760947477948, 'lambda_G': 1.2804115885720195, 'n_estimators': 7481, 'max_depth': 8, 'learning_rate': 0.0015626330132317108, 'subsample': 0.8353769491561913, 'colsample_bytree': 0.6369908268367998, 'colsample_bylevel': 0.9498322116910074, 'reg_alpha': 0.7491826738885773, 'reg_lambda': 0.378318187208216, 'gamma': 0.0004966394663443925, 'min_child_weight': 10}. Best is trial 413 with value: 3.3629712059134554e-06.

[Trial 538/5000] Starting at 06:25:18
  Lambdas: P=0.553, B=1.506, G=1.459
  XGBoost params: n_estimators=6972, max_depth=8
  Starting cross-validation...
  Trial 527 MSE: 0.000005 | MAPE: 0.16% | R²: -0.207669
  Trial time: 31.0s
[I 2026-03-13 06:25:20,499] Trial 527 finished with value: 4.645610752579671e-06 and parameters: {'lambda_P': 1.6944701199614387, 'lambda_B': 0.7562705858212628, 'lambda_G': 0.9895854840234789, 'n_estimators': 8183, 'max_depth': 9, 'learning_rate': 0.0024297940547963787, 'subsample': 0.9295492468184876, 'colsample_bytree': 0.46993517497344645, 'colsample_bylevel': 0.9572735270333288, 'reg_alpha': 0.9043867787010064, 'reg_lambda': 1.3637472189173325, 'gamma': 0.0002960489296332292, 'min_child_weight': 15}. Best is trial 413 with value: 3.3629712059134554e-06.

[Trial 539/5000] Starting at 06:25:20
  Lambdas: P=0.598, B=1.693, G=1.116
  XGBoost params: n_estimators=7398, max_depth=14
  Starting cross-validation...
  Trial 523 MSE: 0.000005 | MAPE: 0.16% | R²: -0.313981
  Trial time: 40.5s
[I 2026-03-13 06:25:22,948] Trial 523 finished with value: 5.076708573413412e-06 and parameters: {'lambda_P': 1.1557077929536899, 'lambda_B': 1.369787571573555, 'lambda_G': 1.648754366479202, 'n_estimators': 9208, 'max_depth': 2, 'learning_rate': 0.0021699064075188625, 'subsample': 0.8731466330436604, 'colsample_bytree': 0.6735591748739755, 'colsample_bylevel': 0.6173956361512327, 'reg_alpha': 1.5023362065149461, 'reg_lambda': 0.5548319387297975, 'gamma': 0.0001203852494320353, 'min_child_weight': 1}. Best is trial 413 with value: 3.3629712059134554e-06.

[Trial 540/5000] Starting at 06:25:23
  Trial 526 MSE: 0.000005 | MAPE: 0.16% | R²: -0.314049
  Trial time: 34.3s
