[I 2026-03-13 06:21:48,438] Trial 428 finished with value: 5.076887518448612e-06 and parameters: {'lambda_P': 1.0067919233869609, 'lambda_B': 1.782744960893184, 'lambda_G': 0.7603326847364752, 'n_estimators': 3907, 'max_depth': 18, 'learning_rate': 0.023878653694603114, 'subsample': 0.8275092553673027, 'colsample_bytree': 0.7519702113378375, 'colsample_bylevel': 0.7845688381916937, 'reg_alpha': 1.6852499840352473, 'reg_lambda': 0.28548755856653313, 'gamma': 0.000127184293226774, 'min_child_weight': 5}. Best is trial 237 with value: 3.410930139944745e-06.

[Trial 433/5000] Starting at 06:21:48
  Lambdas: P=1.362, B=1.868, G=1.731
  XGBoost params: n_estimators=9699, max_depth=2
  Starting cross-validation...
  Trial 423 MSE: 0.000005 | MAPE: 0.16% | R²: -0.314049
  Trial time: 25.1s
[I 2026-03-13 06:21:49,996] Trial 423 finished with value: 5.076887518448612e-06 and parameters: {'lambda_P': 1.1452622237618653, 'lambda_B': 1.9612695341557806, 'lambda_G': 1.956274398684092, 'n_estimators': 6481, 'max_depth': 17, 'learning_rate': 0.37007693672993197, 'subsample': 0.7216245840880142, 'colsample_bytree': 0.7707739405748714, 'colsample_bylevel': 0.3627585076903126, 'reg_alpha': 0.8970012022295192, 'reg_lambda': 5.746493610871701, 'gamma': 0.0025736019659506554, 'min_child_weight': 17}. Best is trial 237 with value: 3.410930139944745e-06.

[Trial 434/5000] Starting at 06:21:50
  Lambdas: P=1.462, B=1.086, G=1.206
  XGBoost params: n_estimators=9463, max_depth=3
  Starting cross-validation...
  Trial 419 MSE: 0.000005 | MAPE: 0.16% | R²: -0.266163
  Trial time: 35.5s
[I 2026-03-13 06:21:56,296] Trial 419 finished with value: 4.946626876597918e-06 and parameters: {'lambda_P': 1.971652610244469, 'lambda_B': 1.3132860864049278, 'lambda_G': 1.0266124602420574, 'n_estimators': 8876, 'max_depth': 2, 'learning_rate': 0.0016003122303335242, 'subsample': 0.9412383473888396, 'colsample_bytree': 0.46694978690437683, 'colsample_bylevel': 0.5327880991712444, 'reg_alpha': 1.348807784392891, 'reg_lambda': 0.22232996203700817, 'gamma': 0.00012001937029748955, 'min_child_weight': 5}. Best is trial 237 with value: 3.410930139944745e-06.

[Trial 435/5000] Starting at 06:21:56
  Lambdas: P=0.693, B=1.686, G=1.059
  XGBoost params: n_estimators=8886, max_depth=15
  Starting cross-validation...
  Trial 411 MSE: 0.000005 | MAPE: 0.16% | R²: -0.314049
  Trial time: 46.7s
[I 2026-03-13 06:21:58,849] Trial 411 finished with value: 5.076887518448612e-06 and parameters: {'lambda_P': 1.0734342522245943, 'lambda_B': 1.9527769365742542, 'lambda_G': 0.5948483864739782, 'n_estimators': 9914, 'max_depth': 16, 'learning_rate': 0.00825590020025014, 'subsample': 0.3793905261251447, 'colsample_bytree': 0.8319590762321731, 'colsample_bylevel': 0.538571696726141, 'reg_alpha': 8.22052966261137, 'reg_lambda': 8.31218743212607, 'gamma': 0.006465618802866174, 'min_child_weight': 10}. Best is trial 237 with value: 3.410930139944745e-06.

[Trial 436/5000] Starting at 06:21:58
  Lambdas: P=1.397, B=1.861, G=1.735
  XGBoost params: n_estimators=9838, max_depth=4
  Starting cross-validation...
  Trial 431 MSE: 0.000004 | MAPE: 0.15% | R²: -0.165024
  Trial time: 14.9s
[I 2026-03-13 06:22:03,048] Trial 431 finished with value: 4.226107750380761e-06 and parameters: {'lambda_P': 1.8401990831505723, 'lambda_B': 0.7514293331339824, 'lambda_G': 0.529950972441984, 'n_estimators': 2958, 'max_depth': 17, 'learning_rate': 0.35316925538449717, 'subsample': 0.7033547651772174, 'colsample_bytree': 0.6727178713111468, 'colsample_bylevel': 0.8887328744606469, 'reg_alpha': 0.24911020345227283, 'reg_lambda': 9.269161700607922, 'gamma': 0.0004980386156616146, 'min_child_weight': 14}. Best is trial 237 with value: 3.410930139944745e-06.

[Trial 437/5000] Starting at 06:22:03
  Lambdas: P=1.389, B=1.719, G=0.555
  XGBoost params: n_estimators=5839, max_depth=20
  Starting cross-validation...
  Trial 422 MSE: 0.000004 | MAPE: 0.15% | R²: -0.079658
  Trial time: 41.2s
[I 2026-03-13 06:22:04,158] Trial 422 finished with value: 3.844738224437121e-06 and parameters: {'lambda_P': 0.7186184112745302, 'lambda_B': 1.940262310898769, 'lambda_G': 1.3752454275084447, 'n_estimators': 8170, 'max_depth': 18, 'learning_rate': 0.002173844070193944, 'subsample': 0.6893994821214394, 'colsample_bytree': 0.9394766419447721, 'colsample_bylevel': 0.5141785386263446, 'reg_alpha': 0.05588423504678357, 'reg_lambda': 6.184547582596959, 'gamma': 0.00038538601035103723, 'min_child_weight': 5}. Best is trial 237 with value: 3.410930139944745e-06.

[Trial 438/5000] Starting at 06:22:04
  Lambdas: P=1.882, B=1.632, G=1.005
  Trial 413 MSE: 0.000003 | MAPE: 0.14% | R²: 0.031060  XGBoost params: n_estimators=8944, max_depth=4

  Trial time: 49.4s
  Starting cross-validation...
[I 2026-03-13 06:22:04,671] Trial 413 finished with value: 3.3629712059134554e-06 and parameters: {'lambda_P': 1.1864044942341414, 'lambda_B': 0.8567653240006636, 'lambda_G': 1.137639121426941, 'n_estimators': 9384, 'max_depth': 5, 'learning_rate': 0.001372875258849857, 'subsample': 0.9614933682927667, 'colsample_bytree': 0.49841502574242913, 'colsample_bylevel': 0.5012527123069643, 'reg_alpha': 0.16699651339594557, 'reg_lambda': 0.8890811807935297, 'gamma': 0.00013806271621850632, 'min_child_weight': 4}. Best is trial 413 with value: 3.3629712059134554e-06.

[NEW BEST] Trial 413: 0.000003
Parameters: {'lambda_P': 1.1864044942341414, 'lambda_B': 0.8567653240006636, 'lambda_G': 1.137639121426941, 'n_estimators': 9384, 'max_depth': 5, 'learning_rate': 0.001372875258849857, 'subsample': 0.9614933682927667, 'colsample_bytree': 0.49841502574242913, 'colsample_bylevel': 0.5012527123069643, 'reg_alpha': 0.16699651339594557, 'reg_lambda': 0.8890811807935297, 'gamma': 0.00013806271621850632, 'min_child_weight': 4}


[Trial 439/5000] Starting at 06:22:04
  Lambdas: P=1.209, B=0.926, G=1.134
  XGBoost params: n_estimators=9478, max_depth=6
  Starting cross-validation...
  Trial 420 MSE: 0.000005 | MAPE: 0.17% | R²: -0.391641
  Trial time: 44.3s
[I 2026-03-13 06:22:06,211] Trial 420 finished with value: 5.2454850409451185e-06 and parameters: {'lambda_P': 0.7392807234883007, 'lambda_B': 1.8250033333298115, 'lambda_G': 1.1343690021696253, 'n_estimators': 8804, 'max_depth': 13, 'learning_rate': 0.3914913000123572, 'subsample': 0.8483944340567566, 'colsample_bytree': 0.3361269224857157, 'colsample_bylevel': 0.3939462664818877, 'reg_alpha': 0.21060837406680047, 'reg_lambda': 5.111971143335203, 'gamma': 0.003986134680745357, 'min_child_weight': 1}. Best is trial 413 with value: 3.3629712059134554e-06.

[Trial 440/5000] Starting at 06:22:06
  Lambdas: P=0.961, B=0.765, G=1.205
  XGBoost params: n_estimators=9513, max_depth=6
  Starting cross-validation...
  Trial 424 MSE: 0.000005 | MAPE: 0.16% | R²: -0.312672
  Trial time: 42.0s
[I 2026-03-13 06:22:09,857] Trial 424 finished with value: 5.07168292060009e-06 and parameters: {'lambda_P': 0.7039574495699402, 'lambda_B': 1.9344941352206182, 'lambda_G': 1.2351841035020208, 'n_estimators': 8377, 'max_depth': 13, 'learning_rate': 0.22891038490671978, 'subsample': 0.7050064114479995, 'colsample_bytree': 0.3664919967838494, 'colsample_bylevel': 0.4641237492313812, 'reg_alpha': 0.03144736730151772, 'reg_lambda': 5.543102735707957, 'gamma': 0.008819883918728613, 'min_child_weight': 3}. Best is trial 413 with value: 3.3629712059134554e-06.

[Trial 441/5000] Starting at 06:22:09
  Lambdas: P=1.914, B=1.138, G=1.386
  XGBoost params: n_estimators=9040, max_depth=5
  Starting cross-validation...
  Trial 426 MSE: 0.000005 | MAPE: 0.16% | R²: -0.311153
  Trial time: 42.4s
[I 2026-03-13 06:22:15,273] Trial 426 finished with value: 5.064273368607052e-06 and parameters: {'lambda_P': 0.6994962921735479, 'lambda_B': 1.706100435869572, 'lambda_G': 1.1982910968419034, 'n_estimators': 8337, 'max_depth': 16, 'learning_rate': 0.0032433127791693978, 'subsample': 0.6459687308527251, 'colsample_bytree': 0.9790300045420178, 'colsample_bylevel': 0.5629467378578104, 'reg_alpha': 0.6075104845365786, 'reg_lambda': 6.976491409098103, 'gamma': 0.0009871846935985969, 'min_child_weight': 2}. Best is trial 413 with value: 3.3629712059134554e-06.

[Trial 442/5000] Starting at 06:22:15
  Lambdas: P=1.492, B=0.756, G=1.178
  XGBoost params: n_estimators=8368, max_depth=5
  Starting cross-validation...
  Trial 425 MSE: 0.000005 | MAPE: 0.16% | R²: -0.190071
  Trial time: 46.2s
[I 2026-03-13 06:22:16,395] Trial 425 finished with value: 4.751844691715453e-06 and parameters: {'lambda_P': 1.5415828764932111, 'lambda_B': 1.8958628716511354, 'lambda_G': 1.833035341897884, 'n_estimators': 9177, 'max_depth': 4, 'learning_rate': 0.4997720888865388, 'subsample': 0.7600549283799293, 'colsample_bytree': 0.44894719445118064, 'colsample_bylevel': 0.45264016281290725, 'reg_alpha': 0.8444328759592508, 'reg_lambda': 4.086638087821217, 'gamma': 0.0006695168601126644, 'min_child_weight': 4}. Best is trial 413 with value: 3.3629712059134554e-06.

[Trial 443/5000] Starting at 06:22:16
  Lambdas: P=1.500, B=1.499, G=1.628
  XGBoost params: n_estimators=8988, max_depth=2
  Starting cross-validation...
  Trial 429 MSE: 0.000005 | MAPE: 0.16% | R²: -0.314049
  Trial time: 39.2s
[I 2026-03-13 06:22:18,186] Trial 429 finished with value: 5.076887518448612e-06 and parameters: {'lambda_P': 1.3633101223892932, 'lambda_B': 1.866964687170386, 'lambda_G': 1.6636133849764312, 'n_estimators': 7776, 'max_depth': 5, 'learning_rate': 0.2880134655278307, 'subsample': 0.692771895938789, 'colsample_bytree': 0.32857914514050374, 'colsample_bylevel': 0.49980739729995627, 'reg_alpha': 2.1523286358311937, 'reg_lambda': 3.1289266760244456, 'gamma': 0.0003402572096909939, 'min_child_weight': 1}. Best is trial 413 with value: 3.3629712059134554e-06.

[Trial 444/5000] Starting at 06:22:18
  Lambdas: P=1.256, B=1.057, G=1.186
  Trial 427 MSE: 0.000005 | MAPE: 0.16% | R²: -0.314049
  Trial time: 45.2s
[I 2026-03-13 06:22:18,668] Trial 427 finished with value: 5.076887518448612e-06 and parameters: {'lambda_P': 0.5399120222005097, 'lambda_B': 1.8981369708056226, 'lambda_G': 1.966700866061468, 'n_estimators': 8952, 'max_depth': 17, 'learning_rate': 0.13606575719375602, 'subsample': 0.5292944095029831, 'colsample_bytree': 0.49727109656907026, 'colsample_bylevel': 0.6715984369568747, 'reg_alpha': 1.4625348828645344, 'reg_lambda': 3.9213057926290156, 'gamma': 0.00025255402908417224, 'min_child_weight': 20}. Best is trial 413 with value: 3.3629712059134554e-06.
  XGBoost params: n_estimators=9804, max_depth=5
  Starting cross-validation...

[Trial 445/5000] Starting at 06:22:18
  Lambdas: P=1.740, B=1.373, G=0.804
  XGBoost params: n_estimators=9745, max_depth=4
  Starting cross-validation...
  Trial 430 MSE: 0.000004 | MAPE: 0.15% | R²: -0.078649
  Trial time: 42.0s
[I 2026-03-13 06:22:25,263] Trial 430 finished with value: 3.869312780202213e-06 and parameters: {'lambda_P': 1.3260767437955585, 'lambda_B': 1.1753474306486607, 'lambda_G': 1.3209694006832207, 'n_estimators': 8497, 'max_depth': 2, 'learning_rate': 0.0017466399948924086, 'subsample': 0.9549227696802887, 'colsample_bytree': 0.3672825485679994, 'colsample_bylevel': 0.4781581931390193, 'reg_alpha': 0.3573063225245156, 'reg_lambda': 1.6443918886149944, 'gamma': 0.0003563193093241641, 'min_child_weight': 7}. Best is trial 413 with value: 3.3629712059134554e-06.

[Trial 446/5000] Starting at 06:22:25
  Lambdas: P=1.376, B=1.123, G=1.437
  XGBoost params: n_estimators=9983, max_depth=2
  Starting cross-validation...
  Trial 432 MSE: 0.000005 | MAPE: 0.16% | R²: -0.314049
  Trial time: 41.0s
[I 2026-03-13 06:22:29,653] Trial 432 finished with value: 5.076887518448612e-06 and parameters: {'lambda_P': 1.3617123397237079, 'lambda_B': 1.8677146498248385, 'lambda_G': 1.730627216695875, 'n_estimators': 9699, 'max_depth': 2, 'learning_rate': 0.10685170028304733, 'subsample': 0.650598415524158, 'colsample_bytree': 0.3066978932397431, 'colsample_bylevel': 0.4476586042857772, 'reg_alpha': 1.227280031646519, 'reg_lambda': 3.9727947333830116, 'gamma': 0.001598734373127059, 'min_child_weight': 5}. Best is trial 413 with value: 3.3629712059134554e-06.

[Trial 447/5000] Starting at 06:22:29
  Lambdas: P=1.277, B=0.929, G=1.308
  XGBoost params: n_estimators=8465, max_depth=5
  Starting cross-validation...
  Trial 433 MSE: 0.000005 | MAPE: 0.16% | R²: -0.314049
  Trial time: 40.4s
[I 2026-03-13 06:22:30,539] Trial 433 finished with value: 5.076887518448612e-06 and parameters: {'lambda_P': 1.4624522699160125, 'lambda_B': 1.0860130872904092, 'lambda_G': 1.2055317320268986, 'n_estimators': 9463, 'max_depth': 3, 'learning_rate': 0.0022722861880338477, 'subsample': 0.9540076047061383, 'colsample_bytree': 0.5330224908155589, 'colsample_bylevel': 0.5365345676589988, 'reg_alpha': 1.9064087658702846, 'reg_lambda': 0.020689024939487877, 'gamma': 0.00011690818796564895, 'min_child_weight': 11}. Best is trial 413 with value: 3.3629712059134554e-06.

[Trial 448/5000] Starting at 06:22:30
  Lambdas: P=1.945, B=1.080, G=0.538
  XGBoost params: n_estimators=5750, max_depth=14
  Starting cross-validation...
  Trial 436 MSE: 0.000004 | MAPE: 0.15% | R²: -0.206633
  Trial time: 30.9s
[I 2026-03-13 06:22:34,200] Trial 436 finished with value: 4.2493359132790595e-06 and parameters: {'lambda_P': 1.389433215973151, 'lambda_B': 1.7190750483699873, 'lambda_G': 0.5546980290820435, 'n_estimators': 5839, 'max_depth': 20, 'learning_rate': 0.27757333506526927, 'subsample': 0.9782122641638397, 'colsample_bytree': 0.3475863961639665, 'colsample_bylevel': 0.6184500995481977, 'reg_alpha': 0.25395047480608013, 'reg_lambda': 5.473460268073288, 'gamma': 0.0008099871608266774, 'min_child_weight': 9}. Best is trial 413 with value: 3.3629712059134554e-06.

[Trial 449/5000] Starting at 06:22:34
  Lambdas: P=1.889, B=0.704, G=0.598
  XGBoost params: n_estimators=3185, max_depth=13
  Starting cross-validation...
  Trial 434 MSE: 0.000005 | MAPE: 0.16% | R²: -0.314049
  Trial time: 39.3s
[I 2026-03-13 06:22:35,789] Trial 434 finished with value: 5.076887518448612e-06 and parameters: {'lambda_P': 0.6930264161786701, 'lambda_B': 1.6862293197545024, 'lambda_G': 1.0590425295185844, 'n_estimators': 8886, 'max_depth': 15, 'learning_rate': 0.0013205021181594858, 'subsample': 0.6314201287911694, 'colsample_bytree': 0.9859636378725547, 'colsample_bylevel': 0.5700363615123145, 'reg_alpha': 2.2865705558821983, 'reg_lambda': 7.152520210200695, 'gamma': 0.0004798556897657742, 'min_child_weight': 3}. Best is trial 413 with value: 3.3629712059134554e-06.

[Trial 450/5000] Starting at 06:22:35
  Lambdas: P=1.992, B=0.774, G=0.643
  XGBoost params: n_estimators=4148, max_depth=17
  Starting cross-validation...
  Trial 435 MSE: 0.000005 | MAPE: 0.16% | R²: -0.314049
  Trial time: 41.6s
[I 2026-03-13 06:22:40,669] Trial 435 finished with value: 5.076887518448612e-06 and parameters: {'lambda_P': 1.3970051318251608, 'lambda_B': 1.8614253475651419, 'lambda_G': 1.7347989682670517, 'n_estimators': 9838, 'max_depth': 4, 'learning_rate': 0.3033525793345084, 'subsample': 0.8118354466104524, 'colsample_bytree': 0.3587372193138684, 'colsample_bylevel': 0.5037319106106424, 'reg_alpha': 1.342654163953177, 'reg_lambda': 4.2063046839257305, 'gamma': 0.001097349371833597, 'min_child_weight': 8}. Best is trial 413 with value: 3.3629712059134554e-06.

[Trial 451/5000] Starting at 06:22:40
  Lambdas: P=1.840, B=0.907, G=0.731
  XGBoost params: n_estimators=6347, max_depth=15
  Starting cross-validation...
  Trial 437 MSE: 0.000005 | MAPE: 0.16% | R²: -0.314049
  Trial time: 40.9s
[I 2026-03-13 06:22:45,225] Trial 437 finished with value: 5.076887518448612e-06 and parameters: {'lambda_P': 1.8815583028370488, 'lambda_B': 1.6323589805349648, 'lambda_G': 1.0053031661213945, 'n_estimators': 8944, 'max_depth': 4, 'learning_rate': 0.0014649295911907598, 'subsample': 0.8758477367191987, 'colsample_bytree': 0.4907031847552946, 'colsample_bylevel': 0.5325490457702599, 'reg_alpha': 1.4339957698072057, 'reg_lambda': 2.6334216843534124, 'gamma': 0.000302855536916262, 'min_child_weight': 3}. Best is trial 413 with value: 3.3629712059134554e-06.

[Trial 452/5000] Starting at 06:22:45
  Lambdas: P=1.943, B=0.836, G=0.676
  XGBoost params: n_estimators=5702, max_depth=12
  Starting cross-validation...
  Trial 448 MSE: 0.000005 | MAPE: 0.16% | R²: -0.257258
  Trial time: 15.6s
[I 2026-03-13 06:22:50,006] Trial 448 finished with value: 4.611385977964494e-06 and parameters: {'lambda_P': 1.8893301410211711, 'lambda_B': 0.7044964701323048, 'lambda_G': 0.5978904123367818, 'n_estimators': 3185, 'max_depth': 13, 'learning_rate': 0.29723934029712135, 'subsample': 0.4911835705775942, 'colsample_bytree': 0.794525624917168, 'colsample_bylevel': 0.8575419766892558, 'reg_alpha': 0.13880828631168757, 'reg_lambda': 8.088726252620214, 'gamma': 0.001250803043899192, 'min_child_weight': 17}. Best is trial 413 with value: 3.3629712059134554e-06.

[Trial 453/5000] Starting at 06:22:50
  Lambdas: P=1.791, B=0.993, G=0.507
  XGBoost params: n_estimators=1422, max_depth=13
  Starting cross-validation...
  Trial 438 MSE: 0.000004 | MAPE: 0.16% | R²: -0.179497
  Trial time: 46.2s
[I 2026-03-13 06:22:51,118] Trial 438 finished with value: 4.457315517599105e-06 and parameters: {'lambda_P': 1.2088897972876962, 'lambda_B': 0.925750837992878, 'lambda_G': 1.1342441984849974, 'n_estimators': 9478, 'max_depth': 6, 'learning_rate': 0.0015748604750120323, 'subsample': 0.8694366245997219, 'colsample_bytree': 0.43375094069539816, 'colsample_bylevel': 0.4801882678488556, 'reg_alpha': 0.5391187826833577, 'reg_lambda': 0.2452210285590264, 'gamma': 0.0005768964774655168, 'min_child_weight': 5}. Best is trial 413 with value: 3.3629712059134554e-06.

[Trial 454/5000] Starting at 06:22:51
  Trial 439 MSE: 0.000005 | MAPE: 0.16% | R²: -0.189995
  Trial time: 44.9s
[I 2026-03-13 06:22:51,286] Trial 439 finished with value: 4.552668419376119e-06 and parameters: {'lambda_P': 0.9610503807984142, 'lambda_B': 0.7652955296512332, 'lambda_G': 1.2051768973829193, 'n_estimators': 9513, 'max_depth': 6, 'learning_rate': 0.0016605727153160795, 'subsample': 0.8335150137236624, 'colsample_bytree': 0.43127753332901403, 'colsample_bylevel': 0.571163765506246, 'reg_alpha': 0.8044620213561657, 'reg_lambda': 0.6298958342275114, 'gamma': 0.00021327035803112994, 'min_child_weight': 6}. Best is trial 413 with value: 3.3629712059134554e-06.

[Trial 455/5000] Starting at 06:22:51
  Lambdas: P=1.472, B=1.994, G=0.776
  XGBoost params: n_estimators=4991, max_depth=16
  Starting cross-validation...
  Lambdas: P=1.734, B=1.777, G=0.911
  XGBoost params: n_estimators=6026, max_depth=19
  Starting cross-validation...
  Trial 441 MSE: 0.000003 | MAPE: 0.14% | R²: 0.017216
  Trial time: 38.3s
[I 2026-03-13 06:22:53,811] Trial 441 finished with value: 3.373130252011638e-06 and parameters: {'lambda_P': 1.4918180296450292, 'lambda_B': 0.7563702836150362, 'lambda_G': 1.1775408698067933, 'n_estimators': 8368, 'max_depth': 5, 'learning_rate': 0.0019847951459043174, 'subsample': 0.9845673991798118, 'colsample_bytree': 0.5776252216444612, 'colsample_bylevel': 0.7162866307610372, 'reg_alpha': 0.033604579097712056, 'reg_lambda': 1.5540414921626136, 'gamma': 0.00013869430467395807, 'min_child_weight': 5}. Best is trial 413 with value: 3.3629712059134554e-06.

[Trial 456/5000] Starting at 06:22:53
  Lambdas: P=1.763, B=1.823, G=0.536
  XGBoost params: n_estimators=4839, max_depth=18
  Starting cross-validation...
  Trial 440 MSE: 0.000004 | MAPE: 0.15% | R²: -0.149270
  Trial time: 46.1s
[I 2026-03-13 06:22:56,148] Trial 440 finished with value: 4.395964811501117e-06 and parameters: {'lambda_P': 1.9142480707444423, 'lambda_B': 1.137523382811091, 'lambda_G': 1.3855345483754578, 'n_estimators': 9040, 'max_depth': 5, 'learning_rate': 0.0017175797547379814, 'subsample': 0.93485678063013, 'colsample_bytree': 0.43342820688480604, 'colsample_bylevel': 0.5628181123368864, 'reg_alpha': 0.9424413476037901, 'reg_lambda': 0.19249341109193074, 'gamma': 0.0001008147190173741, 'min_child_weight': 6}. Best is trial 413 with value: 3.3629712059134554e-06.

[Trial 457/5000] Starting at 06:22:56
  Trial 449 MSE: 0.000004 | MAPE: 0.15% | R²: -0.177585
  Trial time: 20.5s
[I 2026-03-13 06:22:56,450] Trial 449 finished with value: 4.272473020792635e-06 and parameters: {'lambda_P': 1.9918253647540454, 'lambda_B': 0.7738495604499547, 'lambda_G': 0.6426452593735728, 'n_estimators': 4148, 'max_depth': 17, 'learning_rate': 0.2519728952146993, 'subsample': 0.6252407859895576, 'colsample_bytree': 0.6675871414689408, 'colsample_bylevel': 0.8623768562595978, 'reg_alpha': 0.3359126614269067, 'reg_lambda': 9.930165696669846, 'gamma': 0.00043009818408521237, 'min_child_weight': 10}. Best is trial 413 with value: 3.3629712059134554e-06.

[Trial 458/5000] Starting at 06:22:56
  Lambdas: P=1.412, B=1.839, G=0.777
  XGBoost params: n_estimators=7061, max_depth=18
  Starting cross-validation...
  Lambdas: P=1.472, B=1.667, G=0.510
  XGBoost params: n_estimators=3226, max_depth=20
  Starting cross-validation...
  Trial 452 MSE: 0.000005 | MAPE: 0.16% | R²: -0.314049
  Trial time: 8.5s
[I 2026-03-13 06:22:58,658] Trial 452 finished with value: 5.076887518448612e-06 and parameters: {'lambda_P': 1.791480809361211, 'lambda_B': 0.9931072217954464, 'lambda_G': 0.5070501482395344, 'n_estimators': 1422, 'max_depth': 13, 'learning_rate': 0.34533803997283363, 'subsample': 0.5590265657942842, 'colsample_bytree': 0.8039510290667439, 'colsample_bylevel': 0.9210240461372001, 'reg_alpha': 0.9398517433655624, 'reg_lambda': 8.762566360593455, 'gamma': 0.00035477095199558514, 'min_child_weight': 18}. Best is trial 413 with value: 3.3629712059134554e-06.

[Trial 459/5000] Starting at 06:22:58
  Lambdas: P=1.709, B=1.657, G=0.556
  XGBoost params: n_estimators=3446, max_depth=18
  Starting cross-validation...
  Trial 447 MSE: 0.000005 | MAPE: 0.16% | R²: -0.314049
  Trial time: 28.6s
