[I 2026-03-13 06:14:01,249] Trial 145 finished with value: 5.076887518448612e-06 and parameters: {'lambda_P': 1.4973997025772243, 'lambda_B': 0.7530506641914971, 'lambda_G': 1.1141468411873847, 'n_estimators': 8285, 'max_depth': 10, 'learning_rate': 0.14550364125726656, 'subsample': 0.37121415406030656, 'colsample_bytree': 0.4614475713969566, 'colsample_bylevel': 0.35494530659774687, 'reg_alpha': 2.8595407412559313, 'reg_lambda': 0.7615503045675576, 'gamma': 0.0010243119408798317, 'min_child_weight': 16}. Best is trial 138 with value: 3.778356983372113e-06.

[Trial 163/5000] Starting at 06:14:01
  Lambdas: P=1.520, B=1.145, G=0.503
  XGBoost params: n_estimators=1371, max_depth=16
  Starting cross-validation...
  Trial 149 MSE: 0.000005 | MAPE: 0.16% | R²: -0.314049
  Trial time: 33.6s
[I 2026-03-13 06:14:03,401] Trial 149 finished with value: 5.076887518448612e-06 and parameters: {'lambda_P': 1.3046934398258057, 'lambda_B': 1.5704874171201655, 'lambda_G': 1.8448756043199483, 'n_estimators': 6248, 'max_depth': 18, 'learning_rate': 0.04923947263634084, 'subsample': 0.5318989162716286, 'colsample_bytree': 0.6136497083955159, 'colsample_bylevel': 0.8381444040574006, 'reg_alpha': 0.5077005348201258, 'reg_lambda': 4.667134255589059, 'gamma': 0.006629007274927304, 'min_child_weight': 4}. Best is trial 138 with value: 3.778356983372113e-06.

[Trial 164/5000] Starting at 06:14:03
  Lambdas: P=1.110, B=1.407, G=0.728
  XGBoost params: n_estimators=7905, max_depth=13
  Starting cross-validation...
  Trial 157 MSE: 0.000005 | MAPE: 0.16% | R²: -0.314049
  Trial time: 17.5s
[I 2026-03-13 06:14:04,310] Trial 157 finished with value: 5.076887518448612e-06 and parameters: {'lambda_P': 1.7326721094095694, 'lambda_B': 0.7479125807766323, 'lambda_G': 1.3168405200037907, 'n_estimators': 3761, 'max_depth': 14, 'learning_rate': 0.057499632797032636, 'subsample': 0.6042994309438683, 'colsample_bytree': 0.3399379584358119, 'colsample_bylevel': 0.9222277491135589, 'reg_alpha': 8.158854539436183, 'reg_lambda': 5.775497424505316, 'gamma': 0.0003373625531409616, 'min_child_weight': 1}. Best is trial 138 with value: 3.778356983372113e-06.

[Trial 165/5000] Starting at 06:14:04
  Lambdas: P=1.229, B=1.048, G=0.808
  XGBoost params: n_estimators=182, max_depth=9
  Starting cross-validation...
  Trial 144 MSE: 0.000005 | MAPE: 0.16% | R²: -0.314049
  Trial time: 46.9s
[I 2026-03-13 06:14:05,530] Trial 144 finished with value: 5.076887518448612e-06 and parameters: {'lambda_P': 1.0488692294865731, 'lambda_B': 1.8657703652793642, 'lambda_G': 1.515994114566368, 'n_estimators': 8968, 'max_depth': 6, 'learning_rate': 0.001845282992544892, 'subsample': 0.6384386782668644, 'colsample_bytree': 0.5069334171483616, 'colsample_bylevel': 0.9581671116434534, 'reg_alpha': 5.441022150335682, 'reg_lambda': 6.4377687964859245, 'gamma': 0.00018984458769190317, 'min_child_weight': 8}. Best is trial 138 with value: 3.778356983372113e-06.

[Trial 166/5000] Starting at 06:14:05
  Lambdas: P=0.938, B=1.974, G=1.920
  XGBoost params: n_estimators=9545, max_depth=15
  Starting cross-validation...
  Trial 164 MSE: 0.000005 | MAPE: 0.16% | R²: -0.314049
  Trial time: 1.4s
[I 2026-03-13 06:14:05,902] Trial 164 finished with value: 5.076887518448612e-06 and parameters: {'lambda_P': 1.228722866266624, 'lambda_B': 1.0481141592791183, 'lambda_G': 0.8082244529956335, 'n_estimators': 182, 'max_depth': 9, 'learning_rate': 0.36966734344560054, 'subsample': 0.8164911946168667, 'colsample_bytree': 0.4815649342254782, 'colsample_bylevel': 0.9653368488856697, 'reg_alpha': 5.874630611581649, 'reg_lambda': 1.4397280156159575, 'gamma': 0.06276803797089084, 'min_child_weight': 9}. Best is trial 138 with value: 3.778356983372113e-06.

[Trial 167/5000] Starting at 06:14:06
  Lambdas: P=1.589, B=0.883, G=0.601
  XGBoost params: n_estimators=6258, max_depth=14
  Starting cross-validation...
  Trial 162 MSE: 0.000005 | MAPE: 0.16% | R²: -0.314049
  Trial time: 7.9s
[I 2026-03-13 06:14:09,343] Trial 162 finished with value: 5.076887518448612e-06 and parameters: {'lambda_P': 1.5200519981206309, 'lambda_B': 1.1454682357733814, 'lambda_G': 0.5026046400253725, 'n_estimators': 1371, 'max_depth': 16, 'learning_rate': 0.03875799059196894, 'subsample': 0.3314346668196172, 'colsample_bytree': 0.8302920940793641, 'colsample_bylevel': 0.506136147836352, 'reg_alpha': 3.4963013529738274, 'reg_lambda': 6.065599973037958, 'gamma': 0.0001151238257735161, 'min_child_weight': 17}. Best is trial 138 with value: 3.778356983372113e-06.

[Trial 168/5000] Starting at 06:14:09
  Lambdas: P=1.901, B=0.874, G=1.509
  XGBoost params: n_estimators=663, max_depth=8
  Starting cross-validation...
  Trial 161 MSE: 0.000005 | MAPE: 0.16% | R²: -0.314049
  Trial time: 11.1s
[I 2026-03-13 06:14:10,218] Trial 161 finished with value: 5.076887518448612e-06 and parameters: {'lambda_P': 0.9932225085895565, 'lambda_B': 0.9593551249507292, 'lambda_G': 1.8313341009650652, 'n_estimators': 2277, 'max_depth': 7, 'learning_rate': 0.0010668776723756945, 'subsample': 0.32599061681990477, 'colsample_bytree': 0.3949307833941462, 'colsample_bylevel': 0.3060048064638785, 'reg_alpha': 9.007430008388312, 'reg_lambda': 7.033257696247151, 'gamma': 0.0775940637396766, 'min_child_weight': 12}. Best is trial 138 with value: 3.778356983372113e-06.

[Trial 169/5000] Starting at 06:14:10
  Lambdas: P=1.048, B=1.471, G=1.191
  XGBoost params: n_estimators=246, max_depth=19
  Starting cross-validation...
  Trial 168 MSE: 0.000005 | MAPE: 0.16% | R²: -0.314049
  Trial time: 1.1s
[I 2026-03-13 06:14:11,522] Trial 168 finished with value: 5.076887518448612e-06 and parameters: {'lambda_P': 1.0484395097068382, 'lambda_B': 1.4714530135994557, 'lambda_G': 1.1908058294481485, 'n_estimators': 246, 'max_depth': 19, 'learning_rate': 0.0010239525799901434, 'subsample': 0.30561189222088575, 'colsample_bytree': 0.6707854603778987, 'colsample_bylevel': 0.3694106080863976, 'reg_alpha': 2.8839706806422716, 'reg_lambda': 7.79513350093461, 'gamma': 0.004375768732379435, 'min_child_weight': 4}. Best is trial 138 with value: 3.778356983372113e-06.

[Trial 170/5000] Starting at 06:14:11
  Lambdas: P=0.656, B=1.580, G=1.925
  XGBoost params: n_estimators=7503, max_depth=13
  Starting cross-validation...
  Trial 152 MSE: 0.000005 | MAPE: 0.16% | R²: -0.314049
  Trial time: 40.3s
[I 2026-03-13 06:14:13,440] Trial 152 finished with value: 5.076887518448612e-06 and parameters: {'lambda_P': 1.5753722740521776, 'lambda_B': 0.5786643841018755, 'lambda_G': 0.5869789117582895, 'n_estimators': 8571, 'max_depth': 7, 'learning_rate': 0.0012986548191718165, 'subsample': 0.49270518109587025, 'colsample_bytree': 0.8000496856482404, 'colsample_bylevel': 0.7395739158173091, 'reg_alpha': 5.9632395119043, 'reg_lambda': 8.27637424573895, 'gamma': 0.00010796829636412369, 'min_child_weight': 5}. Best is trial 138 with value: 3.778356983372113e-06.

[Trial 171/5000] Starting at 06:14:13
  Lambdas: P=0.874, B=1.117, G=1.351
  XGBoost params: n_estimators=6037, max_depth=13
  Starting cross-validation...
  Trial 167 MSE: 0.000005 | MAPE: 0.16% | R²: -0.314049
  Trial time: 4.2s
[I 2026-03-13 06:14:13,778] Trial 167 finished with value: 5.076887518448612e-06 and parameters: {'lambda_P': 1.900681632750704, 'lambda_B': 0.874408233181567, 'lambda_G': 1.5089023673384765, 'n_estimators': 663, 'max_depth': 8, 'learning_rate': 0.29018411996876253, 'subsample': 0.5401601033538477, 'colsample_bytree': 0.9296487824004862, 'colsample_bylevel': 0.4712256087450348, 'reg_alpha': 7.569888035092665, 'reg_lambda': 6.541015147799215, 'gamma': 0.08662630204196588, 'min_child_weight': 7}. Best is trial 138 with value: 3.778356983372113e-06.

[Trial 172/5000] Starting at 06:14:13
  Lambdas: P=1.317, B=1.002, G=1.359
  XGBoost params: n_estimators=8090, max_depth=2
  Starting cross-validation...
  Trial 153 MSE: 0.000005 | MAPE: 0.16% | R²: -0.314049
  Trial time: 42.9s
[I 2026-03-13 06:14:17,407] Trial 153 finished with value: 5.076887518448612e-06 and parameters: {'lambda_P': 1.227049520941275, 'lambda_B': 1.1336593728424504, 'lambda_G': 0.6521010597963284, 'n_estimators': 8444, 'max_depth': 3, 'learning_rate': 0.2254049493662843, 'subsample': 0.8586382134688593, 'colsample_bytree': 0.6395969204961737, 'colsample_bylevel': 0.5539873127309483, 'reg_alpha': 6.640250785258951, 'reg_lambda': 0.30679050773980143, 'gamma': 0.00019032928174471828, 'min_child_weight': 3}. Best is trial 138 with value: 3.778356983372113e-06.

[Trial 173/5000] Starting at 06:14:17
  Lambdas: P=0.560, B=1.363, G=1.153
  XGBoost params: n_estimators=4973, max_depth=15
  Starting cross-validation...
  Trial 147 MSE: 0.000005 | MAPE: 0.16% | R²: -0.314049
  Trial time: 53.9s
[I 2026-03-13 06:14:18,425] Trial 147 finished with value: 5.076887518448612e-06 and parameters: {'lambda_P': 0.5670342910436076, 'lambda_B': 1.0098518563138126, 'lambda_G': 1.2241078306102668, 'n_estimators': 9816, 'max_depth': 9, 'learning_rate': 0.012319242156963268, 'subsample': 0.3299073298768108, 'colsample_bytree': 0.540658695524521, 'colsample_bylevel': 0.8827769385389539, 'reg_alpha': 7.581452915469271, 'reg_lambda': 2.761587602501282, 'gamma': 0.0009834303027299227, 'min_child_weight': 17}. Best is trial 138 with value: 3.778356983372113e-06.

[Trial 174/5000] Starting at 06:14:18
  Lambdas: P=1.546, B=1.622, G=1.654
  XGBoost params: n_estimators=7060, max_depth=12
  Starting cross-validation...
  Trial 159 MSE: 0.000005 | MAPE: 0.16% | R²: -0.314049
  Trial time: 24.3s
[I 2026-03-13 06:14:19,939] Trial 159 finished with value: 5.076887518448612e-06 and parameters: {'lambda_P': 0.6299164845513113, 'lambda_B': 1.229865180959144, 'lambda_G': 1.113928306531231, 'n_estimators': 4264, 'max_depth': 16, 'learning_rate': 0.10653577209299525, 'subsample': 0.7470860848393391, 'colsample_bytree': 0.3126196429415022, 'colsample_bylevel': 0.48565997049988463, 'reg_alpha': 9.785328539890227, 'reg_lambda': 9.079337111726513, 'gamma': 0.0004306434562775137, 'min_child_weight': 11}. Best is trial 138 with value: 3.778356983372113e-06.

[Trial 175/5000] Starting at 06:14:20
  Lambdas: P=1.987, B=1.590, G=1.759
  XGBoost params: n_estimators=9928, max_depth=12
  Starting cross-validation...
  Trial 158 MSE: 0.000005 | MAPE: 0.16% | R²: -0.314049
  Trial time: 34.8s
[I 2026-03-13 06:14:22,002] Trial 158 finished with value: 5.076887518448612e-06 and parameters: {'lambda_P': 1.7384243046089942, 'lambda_B': 1.473296253704025, 'lambda_G': 1.4655331141369452, 'n_estimators': 7763, 'max_depth': 15, 'learning_rate': 0.11223104051434014, 'subsample': 0.9539160176146528, 'colsample_bytree': 0.9651299050811015, 'colsample_bylevel': 0.416035591596196, 'reg_alpha': 8.74905962935084, 'reg_lambda': 4.7994512661671385, 'gamma': 0.00011453652051420441, 'min_child_weight': 6}. Best is trial 138 with value: 3.778356983372113e-06.

[Trial 176/5000] Starting at 06:14:22
  Lambdas: P=1.270, B=1.257, G=1.375
  XGBoost params: n_estimators=2266, max_depth=17
  Starting cross-validation...
  Trial 151 MSE: 0.000005 | MAPE: 0.16% | R²: -0.314049
  Trial time: 51.2s
[I 2026-03-13 06:14:23,674] Trial 151 finished with value: 5.076887518448612e-06 and parameters: {'lambda_P': 1.924935338332987, 'lambda_B': 0.6788823988221546, 'lambda_G': 1.320192959397745, 'n_estimators': 9527, 'max_depth': 5, 'learning_rate': 0.0937744972374609, 'subsample': 0.3779252288017558, 'colsample_bytree': 0.4286194949040241, 'colsample_bylevel': 0.8562874879165048, 'reg_alpha': 5.916590462066629, 'reg_lambda': 9.874895212470138, 'gamma': 0.0006737795983321585, 'min_child_weight': 3}. Best is trial 138 with value: 3.778356983372113e-06.

[Trial 177/5000] Starting at 06:14:23
  Lambdas: P=1.684, B=1.904, G=1.980
  XGBoost params: n_estimators=442, max_depth=20
  Starting cross-validation...
  Trial 176 MSE: 0.000005 | MAPE: 0.16% | R²: -0.314049
  Trial time: 2.1s
[I 2026-03-13 06:14:26,012] Trial 176 finished with value: 5.076887518448612e-06 and parameters: {'lambda_P': 1.6843968178231583, 'lambda_B': 1.9041757640541634, 'lambda_G': 1.9803763529449174, 'n_estimators': 442, 'max_depth': 20, 'learning_rate': 0.20850327321058731, 'subsample': 0.9884160159054516, 'colsample_bytree': 0.9913898534968082, 'colsample_bylevel': 0.5773471027484307, 'reg_alpha': 8.394558084637648, 'reg_lambda': 8.868741245397837, 'gamma': 0.011511480821652542, 'min_child_weight': 20}. Best is trial 138 with value: 3.778356983372113e-06.

[Trial 178/5000] Starting at 06:14:26
  Lambdas: P=1.531, B=1.070, G=1.758
  XGBoost params: n_estimators=1256, max_depth=3
  Starting cross-validation...
  Trial 175 MSE: 0.000005 | MAPE: 0.16% | R²: -0.314049
  Trial time: 8.9s
[I 2026-03-13 06:14:31,092] Trial 175 finished with value: 5.076887518448612e-06 and parameters: {'lambda_P': 1.2701742665538145, 'lambda_B': 1.257425297032049, 'lambda_G': 1.375086833565183, 'n_estimators': 2266, 'max_depth': 17, 'learning_rate': 0.0017410425346516853, 'subsample': 0.6792403991030174, 'colsample_bytree': 0.6941809173169704, 'colsample_bylevel': 0.7349668725228096, 'reg_alpha': 2.3989969766368624, 'reg_lambda': 2.8777820411705357, 'gamma': 0.0002927505840586741, 'min_child_weight': 17}. Best is trial 138 with value: 3.778356983372113e-06.

[Trial 179/5000] Starting at 06:14:31
  Lambdas: P=1.699, B=0.866, G=1.494
  XGBoost params: n_estimators=4924, max_depth=15
  Starting cross-validation...
  Trial 155 MSE: 0.000005 | MAPE: 0.16% | R²: -0.314049
  Trial time: 47.6s
[I 2026-03-13 06:14:31,724] Trial 155 finished with value: 5.076887518448612e-06 and parameters: {'lambda_P': 0.7655342414350421, 'lambda_B': 0.8419234315578072, 'lambda_G': 1.8206707353543412, 'n_estimators': 9952, 'max_depth': 13, 'learning_rate': 0.003126924592887574, 'subsample': 0.5476022226321355, 'colsample_bytree': 0.5308401885364176, 'colsample_bylevel': 0.6251257084334907, 'reg_alpha': 4.808095169897067, 'reg_lambda': 0.10106678876603103, 'gamma': 0.00015631432192701378, 'min_child_weight': 1}. Best is trial 138 with value: 3.778356983372113e-06.

[Trial 180/5000] Starting at 06:14:31
  Lambdas: P=1.799, B=0.810, G=0.696
  XGBoost params: n_estimators=1377, max_depth=7
  Starting cross-validation...
  Trial 177 MSE: 0.000005 | MAPE: 0.16% | R²: -0.314049
  Trial time: 6.5s
[I 2026-03-13 06:14:32,778] Trial 177 finished with value: 5.076887518448612e-06 and parameters: {'lambda_P': 1.530805582587306, 'lambda_B': 1.0703313582300178, 'lambda_G': 1.757852847853703, 'n_estimators': 1256, 'max_depth': 3, 'learning_rate': 0.007406908393090272, 'subsample': 0.3300878600043458, 'colsample_bytree': 0.6496012353580023, 'colsample_bylevel': 0.7596622357487621, 'reg_alpha': 0.8019506194806625, 'reg_lambda': 0.43711195844080897, 'gamma': 0.014893671188831243, 'min_child_weight': 8}. Best is trial 138 with value: 3.778356983372113e-06.

[Trial 181/5000] Starting at 06:14:32
  Lambdas: P=1.312, B=1.918, G=0.664
  XGBoost params: n_estimators=6054, max_depth=20
  Starting cross-validation...
  Trial 156 MSE: 0.000005 | MAPE: 0.16% | R²: -0.314049
  Trial time: 49.6s
[I 2026-03-13 06:14:36,417] Trial 156 finished with value: 5.076887518448612e-06 and parameters: {'lambda_P': 0.8156560771845475, 'lambda_B': 0.9015052292652683, 'lambda_G': 1.7317579943661072, 'n_estimators': 9281, 'max_depth': 10, 'learning_rate': 0.0776450349155819, 'subsample': 0.7535788704053921, 'colsample_bytree': 0.985658633698778, 'colsample_bylevel': 0.7787691328454718, 'reg_alpha': 2.8531398679352926, 'reg_lambda': 0.31088210961861984, 'gamma': 0.08885153222424358, 'min_child_weight': 20}. Best is trial 138 with value: 3.778356983372113e-06.

[Trial 182/5000] Starting at 06:14:36
  Lambdas: P=1.103, B=1.608, G=0.814
  XGBoost params: n_estimators=4221, max_depth=4
  Starting cross-validation...
  Trial 179 MSE: 0.000005 | MAPE: 0.16% | R²: -0.314049
  Trial time: 6.9s
[I 2026-03-13 06:14:38,879] Trial 179 finished with value: 5.076887518448612e-06 and parameters: {'lambda_P': 1.7988238818906357, 'lambda_B': 0.8095581676055947, 'lambda_G': 0.6964215846035542, 'n_estimators': 1377, 'max_depth': 7, 'learning_rate': 0.0014443049223504042, 'subsample': 0.36906493823026093, 'colsample_bytree': 0.4311929387555531, 'colsample_bylevel': 0.3326897625317189, 'reg_alpha': 7.329290361295113, 'reg_lambda': 4.1075718517643045, 'gamma': 0.036431312487976215, 'min_child_weight': 8}. Best is trial 138 with value: 3.778356983372113e-06.

[Trial 183/5000] Starting at 06:14:38
  Lambdas: P=1.707, B=0.956, G=1.563
  XGBoost params: n_estimators=6243, max_depth=13
  Starting cross-validation...
  Trial 170 MSE: 0.000005 | MAPE: 0.16% | R²: -0.314049
  Trial time: 26.0s
[I 2026-03-13 06:14:39,622] Trial 170 finished with value: 5.076887518448612e-06 and parameters: {'lambda_P': 0.8737034393033842, 'lambda_B': 1.116633826175248, 'lambda_G': 1.3507632932986926, 'n_estimators': 6037, 'max_depth': 13, 'learning_rate': 0.004239501559713578, 'subsample': 0.8604114921725139, 'colsample_bytree': 0.9452195881048864, 'colsample_bylevel': 0.7897779563645856, 'reg_alpha': 5.870623581496675, 'reg_lambda': 0.1795147359368432, 'gamma': 0.013663840985034658, 'min_child_weight': 12}. Best is trial 138 with value: 3.778356983372113e-06.

[Trial 184/5000] Starting at 06:14:39
  Lambdas: P=1.029, B=1.774, G=1.583
  XGBoost params: n_estimators=445, max_depth=20
  Starting cross-validation...
  Trial 166 MSE: 0.000005 | MAPE: 0.16% | R²: -0.314049
  Trial time: 34.0s
[I 2026-03-13 06:14:40,090] Trial 166 finished with value: 5.076887518448612e-06 and parameters: {'lambda_P': 1.589416997155236, 'lambda_B': 0.882663320989496, 'lambda_G': 0.601273740074583, 'n_estimators': 6258, 'max_depth': 14, 'learning_rate': 0.2744636335862982, 'subsample': 0.8991062133004606, 'colsample_bytree': 0.44666372948393585, 'colsample_bylevel': 0.36663835058982785, 'reg_alpha': 2.1740146012681905, 'reg_lambda': 8.06349545023705, 'gamma': 0.0001526073869007088, 'min_child_weight': 12}. Best is trial 138 with value: 3.778356983372113e-06.

[Trial 185/5000] Starting at 06:14:40
  Lambdas: P=1.114, B=0.912, G=0.763
  XGBoost params: n_estimators=8984, max_depth=20
  Starting cross-validation...
  Trial 183 MSE: 0.000005 | MAPE: 0.16% | R²: -0.314049
  Trial time: 2.1s
[I 2026-03-13 06:14:41,930] Trial 183 finished with value: 5.076887518448612e-06 and parameters: {'lambda_P': 1.0289206057534335, 'lambda_B': 1.7741773815161053, 'lambda_G': 1.5828741210798423, 'n_estimators': 445, 'max_depth': 20, 'learning_rate': 0.0034392654478377772, 'subsample': 0.4852536604640849, 'colsample_bytree': 0.9029520992496971, 'colsample_bylevel': 0.6125180281915705, 'reg_alpha': 9.78122614696879, 'reg_lambda': 6.470853170908159, 'gamma': 0.00017933205362399168, 'min_child_weight': 14}. Best is trial 138 with value: 3.778356983372113e-06.

[Trial 186/5000] Starting at 06:14:42
  Lambdas: P=1.662, B=0.747, G=1.757
  XGBoost params: n_estimators=5675, max_depth=12
  Starting cross-validation...
  Trial 169 MSE: 0.000005 | MAPE: 0.16% | R²: -0.314049
  Trial time: 32.4s
[I 2026-03-13 06:14:44,135] Trial 169 finished with value: 5.076887518448612e-06 and parameters: {'lambda_P': 0.6562316275611797, 'lambda_B': 1.580075858409173, 'lambda_G': 1.9253863666474378, 'n_estimators': 7503, 'max_depth': 13, 'learning_rate': 0.1631895244547244, 'subsample': 0.444824651830682, 'colsample_bytree': 0.39927318086487196, 'colsample_bylevel': 0.6298883325579381, 'reg_alpha': 1.444375684274386, 'reg_lambda': 0.8658896602219412, 'gamma': 0.02296861799663611, 'min_child_weight': 19}. Best is trial 138 with value: 3.778356983372113e-06.

[Trial 187/5000] Starting at 06:14:44
  Lambdas: P=1.483, B=1.350, G=1.312
  XGBoost params: n_estimators=7120, max_depth=11
  Starting cross-validation...
  Trial 172 MSE: 0.000005 | MAPE: 0.16% | R²: -0.314049
  Trial time: 27.8s
[I 2026-03-13 06:14:45,419] Trial 172 finished with value: 5.076887518448612e-06 and parameters: {'lambda_P': 0.5604463704124389, 'lambda_B': 1.3634956336984445, 'lambda_G': 1.1530438108771577, 'n_estimators': 4973, 'max_depth': 15, 'learning_rate': 0.007681353145456119, 'subsample': 0.6582893875842439, 'colsample_bytree': 0.957221443403748, 'colsample_bylevel': 0.5686804222997088, 'reg_alpha': 0.6803982773236128, 'reg_lambda': 1.2312344519966623, 'gamma': 0.001813498257435116, 'min_child_weight': 7}. Best is trial 138 with value: 3.778356983372113e-06.

[Trial 188/5000] Starting at 06:14:45
  Lambdas: P=1.688, B=0.575, G=1.029
  XGBoost params: n_estimators=5183, max_depth=20
  Starting cross-validation...
  Trial 160 MSE: 0.000005 | MAPE: 0.16% | R²: -0.314049
  Trial time: 50.6s
[I 2026-03-13 06:14:46,812] Trial 160 finished with value: 5.076887518448612e-06 and parameters: {'lambda_P': 1.0396381315733778, 'lambda_B': 1.1727586538936483, 'lambda_G': 0.5197291547343574, 'n_estimators': 9381, 'max_depth': 17, 'learning_rate': 0.16592393693591542, 'subsample': 0.3107626283345402, 'colsample_bytree': 0.3247596859384886, 'colsample_bylevel': 0.6217298424029937, 'reg_alpha': 5.061040668108593, 'reg_lambda': 4.583835072733383, 'gamma': 0.0017049750661726733, 'min_child_weight': 4}. Best is trial 138 with value: 3.778356983372113e-06.

[Trial 189/5000] Starting at 06:14:46
  Lambdas: P=1.447, B=0.719, G=1.550
  XGBoost params: n_estimators=1512, max_depth=17
  Starting cross-validation...
  Trial 163 MSE: 0.000005 | MAPE: 0.16% | R²: -0.314049
  Trial time: 44.3s
