[I 2026-03-13 06:17:53,403] Trial 276 finished with value: 5.076887518448612e-06 and parameters: {'lambda_P': 0.6030686706979863, 'lambda_B': 0.8985594417993994, 'lambda_G': 1.7221336798573992, 'n_estimators': 7407, 'max_depth': 19, 'learning_rate': 0.009526556690161116, 'subsample': 0.8489137969170715, 'colsample_bytree': 0.3962267855824516, 'colsample_bylevel': 0.3478606834422463, 'reg_alpha': 7.620752178424793, 'reg_lambda': 1.4655061908361722, 'gamma': 0.015155490503163685, 'min_child_weight': 18}. Best is trial 237 with value: 3.410930139944745e-06.

[Trial 298/5000] Starting at 06:17:53
  Lambdas: P=0.547, B=0.633, G=1.208
  XGBoost params: n_estimators=8134, max_depth=19
  Starting cross-validation...
  Trial 284 MSE: 0.000005 | MAPE: 0.16% | R²: -0.314049
  Trial time: 25.9s
[I 2026-03-13 06:17:56,828] Trial 284 finished with value: 5.076887518448612e-06 and parameters: {'lambda_P': 1.5828037560032255, 'lambda_B': 1.0778274449917697, 'lambda_G': 1.934914377715657, 'n_estimators': 5105, 'max_depth': 5, 'learning_rate': 0.11473005543343527, 'subsample': 0.5013300102746543, 'colsample_bytree': 0.5332695183995082, 'colsample_bylevel': 0.8422757938688397, 'reg_alpha': 4.514355778507255, 'reg_lambda': 4.18680900371018, 'gamma': 0.0012433435911868873, 'min_child_weight': 15}. Best is trial 237 with value: 3.410930139944745e-06.

[Trial 299/5000] Starting at 06:17:56
  Lambdas: P=1.860, B=0.651, G=1.340
  XGBoost params: n_estimators=7010, max_depth=20
  Starting cross-validation...
  Trial 291 MSE: 0.000005 | MAPE: 0.16% | R²: -0.314049
  Trial time: 10.4s
[I 2026-03-13 06:17:58,897] Trial 291 finished with value: 5.076887518448612e-06 and parameters: {'lambda_P': 0.9333003445318889, 'lambda_B': 1.9221669433036275, 'lambda_G': 1.6818894593754177, 'n_estimators': 2082, 'max_depth': 18, 'learning_rate': 0.11033041528366688, 'subsample': 0.47294234754516373, 'colsample_bytree': 0.3694111396014337, 'colsample_bylevel': 0.5970104554689164, 'reg_alpha': 4.59979716095598, 'reg_lambda': 7.551624461824745, 'gamma': 0.02737944505572326, 'min_child_weight': 3}. Best is trial 237 with value: 3.410930139944745e-06.

[Trial 300/5000] Starting at 06:17:59
  Trial 273 MSE: 0.000005 | MAPE: 0.16% | R²: -0.314049
  Trial time: 48.1s
  Lambdas: P=1.198, B=1.629, G=1.652
[I 2026-03-13 06:17:59,135] Trial 273 finished with value: 5.076887518448612e-06 and parameters: {'lambda_P': 1.7218429686416215, 'lambda_B': 1.7583982473581294, 'lambda_G': 1.0260212859101616, 'n_estimators': 9282, 'max_depth': 10, 'learning_rate': 0.016234746056047713, 'subsample': 0.4249222454386372, 'colsample_bytree': 0.6973191320662393, 'colsample_bylevel': 0.5271120296181283, 'reg_alpha': 5.802991208059005, 'reg_lambda': 6.0597993289194765, 'gamma': 0.006103387254413006, 'min_child_weight': 4}. Best is trial 237 with value: 3.410930139944745e-06.

[Trial 301/5000] Starting at 06:17:59
  Lambdas: P=1.161, B=1.895, G=1.474
  XGBoost params: n_estimators=3036, max_depth=11
  Starting cross-validation...
  XGBoost params: n_estimators=4694, max_depth=7
  Starting cross-validation...
  Trial 295 MSE: 0.000005 | MAPE: 0.16% | R²: -0.314049
  Trial time: 9.0s
[I 2026-03-13 06:18:01,209] Trial 295 finished with value: 5.076887518448612e-06 and parameters: {'lambda_P': 1.0270620138165283, 'lambda_B': 0.8373432216543006, 'lambda_G': 1.146700338762473, 'n_estimators': 2455, 'max_depth': 20, 'learning_rate': 0.19993637538206255, 'subsample': 0.38063113206890653, 'colsample_bytree': 0.7757669212981, 'colsample_bylevel': 0.6285846443677099, 'reg_alpha': 5.4018020599311765, 'reg_lambda': 2.3948563564038663, 'gamma': 0.000473857069518788, 'min_child_weight': 2}. Best is trial 237 with value: 3.410930139944745e-06.

[Trial 302/5000] Starting at 06:18:01
  Lambdas: P=0.674, B=0.627, G=1.325
  XGBoost params: n_estimators=9119, max_depth=16
  Starting cross-validation...
  Trial 286 MSE: 0.000005 | MAPE: 0.16% | R²: -0.314049
  Trial time: 31.4s
[I 2026-03-13 06:18:03,997] Trial 286 finished with value: 5.076887518448612e-06 and parameters: {'lambda_P': 1.6095833293602688, 'lambda_B': 1.3365497948698133, 'lambda_G': 1.2575446824336427, 'n_estimators': 7038, 'max_depth': 20, 'learning_rate': 0.002406776028732149, 'subsample': 0.7939304688044954, 'colsample_bytree': 0.43861004897806793, 'colsample_bylevel': 0.30265539923033474, 'reg_alpha': 5.484752878682189, 'reg_lambda': 4.041409856343411, 'gamma': 0.006685390821189079, 'min_child_weight': 11}. Best is trial 237 with value: 3.410930139944745e-06.

[Trial 303/5000] Starting at 06:18:04
  Lambdas: P=1.800, B=1.858, G=1.074
  XGBoost params: n_estimators=2238, max_depth=17
  Starting cross-validation...
  Trial 296 MSE: 0.000005 | MAPE: 0.16% | R²: -0.314049
  Trial time: 11.9s
[I 2026-03-13 06:18:04,921] Trial 296 finished with value: 5.076887518448612e-06 and parameters: {'lambda_P': 1.1447232228781652, 'lambda_B': 0.8025810093120997, 'lambda_G': 0.5299537770652096, 'n_estimators': 2683, 'max_depth': 9, 'learning_rate': 0.0032594884271676325, 'subsample': 0.9493325817872198, 'colsample_bytree': 0.8922224106134202, 'colsample_bylevel': 0.9663640607102215, 'reg_alpha': 6.181172849803774, 'reg_lambda': 7.81295674875517, 'gamma': 0.032026890608925676, 'min_child_weight': 1}. Best is trial 237 with value: 3.410930139944745e-06.

[Trial 304/5000] Starting at 06:18:05
  Lambdas: P=1.072, B=1.682, G=0.510
  XGBoost params: n_estimators=1696, max_depth=2
  Starting cross-validation...
  Trial 287 MSE: 0.000005 | MAPE: 0.16% | R²: -0.314049
  Trial time: 28.5s
[I 2026-03-13 06:18:07,036] Trial 287 finished with value: 5.076887518448612e-06 and parameters: {'lambda_P': 0.8083948431412493, 'lambda_B': 1.8737799840944758, 'lambda_G': 1.3734907300489607, 'n_estimators': 5548, 'max_depth': 13, 'learning_rate': 0.01410634735386886, 'subsample': 0.31758779876322624, 'colsample_bytree': 0.39423187712661517, 'colsample_bylevel': 0.5340875951967503, 'reg_alpha': 0.6165135152715573, 'reg_lambda': 9.181865331145353, 'gamma': 0.08186737182606174, 'min_child_weight': 12}. Best is trial 237 with value: 3.410930139944745e-06.

[Trial 305/5000] Starting at 06:18:07
  Lambdas: P=1.813, B=1.001, G=1.222
  XGBoost params: n_estimators=7150, max_depth=19
  Starting cross-validation...
  Trial 280 MSE: 0.000005 | MAPE: 0.16% | R²: -0.314049
  Trial time: 46.7s
[I 2026-03-13 06:18:10,028] Trial 280 finished with value: 5.076887518448612e-06 and parameters: {'lambda_P': 0.9994541700839357, 'lambda_B': 1.0297452441530865, 'lambda_G': 1.17354988547666, 'n_estimators': 8696, 'max_depth': 8, 'learning_rate': 0.30255909101143447, 'subsample': 0.9683101890840231, 'colsample_bytree': 0.66670344595422, 'colsample_bylevel': 0.47109077930896764, 'reg_alpha': 2.599691795226138, 'reg_lambda': 6.512889068254961, 'gamma': 0.00010924986523569754, 'min_child_weight': 13}. Best is trial 237 with value: 3.410930139944745e-06.

[Trial 306/5000] Starting at 06:18:10
  Lambdas: P=1.042, B=1.890, G=0.869
  XGBoost params: n_estimators=117, max_depth=13
  Starting cross-validation...
  Trial 305 MSE: 0.000005 | MAPE: 0.16% | R²: -0.314049
  Trial time: 0.7s
[I 2026-03-13 06:18:10,950] Trial 305 finished with value: 5.076887518448612e-06 and parameters: {'lambda_P': 1.0415185734999428, 'lambda_B': 1.8904007924712096, 'lambda_G': 0.8691399696471114, 'n_estimators': 117, 'max_depth': 13, 'learning_rate': 0.009354781530680019, 'subsample': 0.6868233344282231, 'colsample_bytree': 0.7737665291229887, 'colsample_bylevel': 0.34815710781477466, 'reg_alpha': 9.518436535435397, 'reg_lambda': 2.848965127570755, 'gamma': 0.000642890343508812, 'min_child_weight': 1}. Best is trial 237 with value: 3.410930139944745e-06.

[Trial 307/5000] Starting at 06:18:11
  Lambdas: P=1.450, B=1.861, G=1.697
  XGBoost params: n_estimators=827, max_depth=16
  Starting cross-validation...
  Trial 302 MSE: 0.000005 | MAPE: 0.16% | R²: -0.314049
  Trial time: 8.3s
[I 2026-03-13 06:18:12,516] Trial 302 finished with value: 5.076887518448612e-06 and parameters: {'lambda_P': 1.7998678951827343, 'lambda_B': 1.858482378536719, 'lambda_G': 1.0740153094761204, 'n_estimators': 2238, 'max_depth': 17, 'learning_rate': 0.27188977874877723, 'subsample': 0.8633217800073334, 'colsample_bytree': 0.6616901607927652, 'colsample_bylevel': 0.7257047193472876, 'reg_alpha': 8.49588783419054, 'reg_lambda': 0.5820459666792233, 'gamma': 0.00011909193954674507, 'min_child_weight': 16}. Best is trial 237 with value: 3.410930139944745e-06.

[Trial 308/5000] Starting at 06:18:12
  Lambdas: P=1.397, B=0.980, G=0.505
  XGBoost params: n_estimators=5037, max_depth=17
  Starting cross-validation...
  Trial 303 MSE: 0.000005 | MAPE: 0.16% | R²: -0.314049
  Trial time: 8.4s
[I 2026-03-13 06:18:13,553] Trial 303 finished with value: 5.076887518448612e-06 and parameters: {'lambda_P': 1.0724804954030809, 'lambda_B': 1.6822218853574036, 'lambda_G': 0.5095291630841083, 'n_estimators': 1696, 'max_depth': 2, 'learning_rate': 0.017401954386587, 'subsample': 0.7659893346313007, 'colsample_bytree': 0.6868667252554972, 'colsample_bylevel': 0.5690299100907392, 'reg_alpha': 5.54919939665521, 'reg_lambda': 4.4504232860789115, 'gamma': 0.04795761902459921, 'min_child_weight': 3}. Best is trial 237 with value: 3.410930139944745e-06.

[Trial 309/5000] Starting at 06:18:13
  Lambdas: P=1.909, B=1.275, G=0.719
  XGBoost params: n_estimators=2356, max_depth=5
  Starting cross-validation...
  Trial 299 MSE: 0.000005 | MAPE: 0.16% | R²: -0.314049
  Trial time: 15.5s
[I 2026-03-13 06:18:14,619] Trial 299 finished with value: 5.076887518448612e-06 and parameters: {'lambda_P': 1.1976504738422995, 'lambda_B': 1.6293155972422788, 'lambda_G': 1.652300457675676, 'n_estimators': 3036, 'max_depth': 11, 'learning_rate': 0.004670617903012938, 'subsample': 0.32031029537062766, 'colsample_bytree': 0.339520099111571, 'colsample_bylevel': 0.5627845227963519, 'reg_alpha': 7.36341013465387, 'reg_lambda': 2.930396468252372, 'gamma': 0.06545502782450698, 'min_child_weight': 15}. Best is trial 237 with value: 3.410930139944745e-06.

[Trial 310/5000] Starting at 06:18:14
  Lambdas: P=1.654, B=0.766, G=1.031
  XGBoost params: n_estimators=7370, max_depth=5
  Starting cross-validation...
  Trial 306 MSE: 0.000005 | MAPE: 0.16% | R²: -0.314049
  Trial time: 4.6s
[I 2026-03-13 06:18:15,793] Trial 306 finished with value: 5.076887518448612e-06 and parameters: {'lambda_P': 1.4502117001826518, 'lambda_B': 1.8609012373656937, 'lambda_G': 1.6972091294472522, 'n_estimators': 827, 'max_depth': 16, 'learning_rate': 0.05057011126548796, 'subsample': 0.9927055602044907, 'colsample_bytree': 0.8764907476339823, 'colsample_bylevel': 0.38144873722469963, 'reg_alpha': 0.44234256041885023, 'reg_lambda': 6.138845838799119, 'gamma': 0.009772852961142896, 'min_child_weight': 1}. Best is trial 237 with value: 3.410930139944745e-06.

[Trial 311/5000] Starting at 06:18:15
  Lambdas: P=0.797, B=1.994, G=1.600
  XGBoost params: n_estimators=270, max_depth=6
  Starting cross-validation...
  Trial 310 MSE: 0.000005 | MAPE: 0.16% | R²: -0.314049
  Trial time: 1.3s
[I 2026-03-13 06:18:17,353] Trial 310 finished with value: 5.076887518448612e-06 and parameters: {'lambda_P': 0.7968390249068462, 'lambda_B': 1.9942249733106092, 'lambda_G': 1.599706883962735, 'n_estimators': 270, 'max_depth': 6, 'learning_rate': 0.001441747702479948, 'subsample': 0.5993742660861878, 'colsample_bytree': 0.5078726365203917, 'colsample_bylevel': 0.4828952121287875, 'reg_alpha': 9.621275658451825, 'reg_lambda': 3.5803781008130753, 'gamma': 0.012051213823216417, 'min_child_weight': 20}. Best is trial 237 with value: 3.410930139944745e-06.

[Trial 312/5000] Starting at 06:18:17
  Lambdas: P=1.520, B=1.136, G=1.205
  XGBoost params: n_estimators=3859, max_depth=16
  Starting cross-validation...
  Trial 290 MSE: 0.000005 | MAPE: 0.16% | R²: -0.314049
  Trial time: 35.4s
[I 2026-03-13 06:18:21,442] Trial 290 finished with value: 5.076887518448612e-06 and parameters: {'lambda_P': 0.877307255218762, 'lambda_B': 0.8295597264370749, 'lambda_G': 1.4623081846183184, 'n_estimators': 7378, 'max_depth': 17, 'learning_rate': 0.010078921120159618, 'subsample': 0.4583829535514346, 'colsample_bytree': 0.5780643438207389, 'colsample_bylevel': 0.5011832711917232, 'reg_alpha': 2.496284729061217, 'reg_lambda': 2.8455852386347713, 'gamma': 0.001915652168791386, 'min_child_weight': 9}. Best is trial 237 with value: 3.410930139944745e-06.

[Trial 313/5000] Starting at 06:18:21
  Lambdas: P=1.711, B=0.945, G=1.166
  XGBoost params: n_estimators=425, max_depth=6
  Starting cross-validation...
  Trial 300 MSE: 0.000005 | MAPE: 0.16% | R²: -0.314049
  Trial time: 23.1s
[I 2026-03-13 06:18:22,444] Trial 300 finished with value: 5.076887518448612e-06 and parameters: {'lambda_P': 1.1610949367700387, 'lambda_B': 1.8945104554391712, 'lambda_G': 1.4736267941480252, 'n_estimators': 4694, 'max_depth': 7, 'learning_rate': 0.005650856069828472, 'subsample': 0.6606217674687356, 'colsample_bytree': 0.4838281324472591, 'colsample_bylevel': 0.8244850145533367, 'reg_alpha': 3.1234527217239316, 'reg_lambda': 1.863560014206529, 'gamma': 0.033186346545410576, 'min_child_weight': 3}. Best is trial 237 with value: 3.410930139944745e-06.

[Trial 314/5000] Starting at 06:18:22
  Lambdas: P=1.263, B=1.268, G=0.855
  XGBoost params: n_estimators=954, max_depth=13
  Starting cross-validation...
  Trial 312 MSE: 0.000005 | MAPE: 0.16% | R²: -0.314049
  Trial time: 2.3s
[I 2026-03-13 06:18:23,948] Trial 312 finished with value: 5.076887518448612e-06 and parameters: {'lambda_P': 1.711365800562218, 'lambda_B': 0.9453660597411832, 'lambda_G': 1.16628688046441, 'n_estimators': 425, 'max_depth': 6, 'learning_rate': 0.024395293735040492, 'subsample': 0.6165427644986038, 'colsample_bytree': 0.7279073612744034, 'colsample_bylevel': 0.44130846055987916, 'reg_alpha': 5.988143259541885, 'reg_lambda': 1.815937979314688, 'gamma': 0.0003341602703702775, 'min_child_weight': 19}. Best is trial 237 with value: 3.410930139944745e-06.

[Trial 315/5000] Starting at 06:18:24
  Lambdas: P=0.833, B=1.817, G=0.792
  XGBoost params: n_estimators=3595, max_depth=9
  Starting cross-validation...
  Trial 308 MSE: 0.000005 | MAPE: 0.16% | R²: -0.314049
  Trial time: 11.8s
[I 2026-03-13 06:18:25,576] Trial 308 finished with value: 5.076887518448612e-06 and parameters: {'lambda_P': 1.9089406962474857, 'lambda_B': 1.2745581158193744, 'lambda_G': 0.7193037313846524, 'n_estimators': 2356, 'max_depth': 5, 'learning_rate': 0.0020777403602184486, 'subsample': 0.997912364240245, 'colsample_bytree': 0.8090659449339803, 'colsample_bylevel': 0.997346284882467, 'reg_alpha': 2.5974543893887247, 'reg_lambda': 8.344910806084654, 'gamma': 0.0006172738234516883, 'min_child_weight': 6}. Best is trial 237 with value: 3.410930139944745e-06.

[Trial 316/5000] Starting at 06:18:25
  Lambdas: P=1.022, B=0.743, G=0.910
  XGBoost params: n_estimators=7171, max_depth=11
  Starting cross-validation...
  Trial 313 MSE: 0.000005 | MAPE: 0.16% | R²: -0.314049
  Trial time: 4.7s
[I 2026-03-13 06:18:27,344] Trial 313 finished with value: 5.076887518448612e-06 and parameters: {'lambda_P': 1.2630422700823354, 'lambda_B': 1.2677623750137412, 'lambda_G': 0.8554412390992527, 'n_estimators': 954, 'max_depth': 13, 'learning_rate': 0.30545794871824855, 'subsample': 0.8887798337130695, 'colsample_bytree': 0.4039387669168207, 'colsample_bylevel': 0.6700273764589921, 'reg_alpha': 1.693612506034542, 'reg_lambda': 7.509004498115738, 'gamma': 0.012009775807524865, 'min_child_weight': 16}. Best is trial 237 with value: 3.410930139944745e-06.

[Trial 317/5000] Starting at 06:18:27
  Lambdas: P=1.657, B=1.223, G=0.765
  XGBoost params: n_estimators=3519, max_depth=4
  Starting cross-validation...
  Trial 289 MSE: 0.000005 | MAPE: 0.16% | R²: -0.314049
  Trial time: 43.3s
[I 2026-03-13 06:18:28,894] Trial 289 finished with value: 5.076887518448612e-06 and parameters: {'lambda_P': 0.6536128796820238, 'lambda_B': 0.7952823241858201, 'lambda_G': 1.0696605358855888, 'n_estimators': 8469, 'max_depth': 3, 'learning_rate': 0.002575055038449544, 'subsample': 0.5391823773446698, 'colsample_bytree': 0.6855376337804295, 'colsample_bylevel': 0.6738905128173864, 'reg_alpha': 1.9237806066744323, 'reg_lambda': 6.523618227177472, 'gamma': 0.0006950014263025189, 'min_child_weight': 9}. Best is trial 237 with value: 3.410930139944745e-06.

[Trial 318/5000] Starting at 06:18:28
  Lambdas: P=1.884, B=0.687, G=0.779
  XGBoost params: n_estimators=2264, max_depth=4
  Starting cross-validation...
  Trial 298 MSE: 0.000005 | MAPE: 0.16% | R²: -0.314049
  Trial time: 33.7s
[I 2026-03-13 06:18:30,703] Trial 298 finished with value: 5.076887518448612e-06 and parameters: {'lambda_P': 1.8600228690863854, 'lambda_B': 0.6512381790816182, 'lambda_G': 1.3404460451495197, 'n_estimators': 7010, 'max_depth': 20, 'learning_rate': 0.006980384194793184, 'subsample': 0.5490387602003592, 'colsample_bytree': 0.4161473263765731, 'colsample_bylevel': 0.6932186904467121, 'reg_alpha': 8.402068999009277, 'reg_lambda': 8.715386844532421, 'gamma': 0.010596003913217163, 'min_child_weight': 2}. Best is trial 237 with value: 3.410930139944745e-06.

[Trial 319/5000] Starting at 06:18:30
  Lambdas: P=1.946, B=0.919, G=0.543
  XGBoost params: n_estimators=5234, max_depth=14
  Starting cross-validation...
  Trial 307 MSE: 0.000005 | MAPE: 0.16% | R²: -0.314049
  Trial time: 19.5s
[I 2026-03-13 06:18:32,186] Trial 307 finished with value: 5.076887518448612e-06 and parameters: {'lambda_P': 1.3968741329802166, 'lambda_B': 0.9802486973323703, 'lambda_G': 0.5049272574645709, 'n_estimators': 5037, 'max_depth': 17, 'learning_rate': 0.38360527721201293, 'subsample': 0.46955752327864086, 'colsample_bytree': 0.9223250855701677, 'colsample_bylevel': 0.49779348508710053, 'reg_alpha': 2.5362322077617314, 'reg_lambda': 8.539580386321534, 'gamma': 0.020941484434065773, 'min_child_weight': 9}. Best is trial 237 with value: 3.410930139944745e-06.

[Trial 320/5000] Starting at 06:18:32
  Lambdas: P=1.352, B=1.034, G=1.397
  XGBoost params: n_estimators=9597, max_depth=7
  Starting cross-validation...
  Trial 294 MSE: 0.000005 | MAPE: 0.16% | R²: -0.314049
  Trial time: 42.1s
[I 2026-03-13 06:18:32,854] Trial 294 finished with value: 5.076887518448612e-06 and parameters: {'lambda_P': 1.308738880952768, 'lambda_B': 1.901606854372293, 'lambda_G': 1.9228591920775728, 'n_estimators': 8917, 'max_depth': 2, 'learning_rate': 0.002055380097764622, 'subsample': 0.8394470176298776, 'colsample_bytree': 0.4952606950988879, 'colsample_bylevel': 0.3228982255754111, 'reg_alpha': 4.813274861906752, 'reg_lambda': 3.825935201756793, 'gamma': 0.06120964853970766, 'min_child_weight': 17}. Best is trial 237 with value: 3.410930139944745e-06.

[Trial 321/5000] Starting at 06:18:32
  Lambdas: P=0.801, B=1.699, G=0.798
  XGBoost params: n_estimators=2929, max_depth=6
  Starting cross-validation...
  Trial 297 MSE: 0.000005 | MAPE: 0.16% | R²: -0.314049
  Trial time: 40.5s
[I 2026-03-13 06:18:34,162] Trial 297 finished with value: 5.076887518448612e-06 and parameters: {'lambda_P': 0.5472141214449106, 'lambda_B': 0.6329961156525274, 'lambda_G': 1.208013441023914, 'n_estimators': 8134, 'max_depth': 19, 'learning_rate': 0.0016385366529287951, 'subsample': 0.8881343083124091, 'colsample_bytree': 0.6265415463613442, 'colsample_bylevel': 0.9728035897654348, 'reg_alpha': 9.315378407654745, 'reg_lambda': 2.036387036680287, 'gamma': 0.012806704615263582, 'min_child_weight': 10}. Best is trial 237 with value: 3.410930139944745e-06.

[Trial 322/5000] Starting at 06:18:34
  Lambdas: P=0.977, B=0.694, G=0.936
  XGBoost params: n_estimators=4083, max_depth=13
  Starting cross-validation...
  Trial 293 MSE: 0.000004 | MAPE: 0.15% | R²: -0.153593
  Trial time: 45.2s
[I 2026-03-13 06:18:35,335] Trial 293 finished with value: 4.268653363536379e-06 and parameters: {'lambda_P': 0.5953367454419047, 'lambda_B': 1.7897647348094472, 'lambda_G': 1.930909622871182, 'n_estimators': 8934, 'max_depth': 13, 'learning_rate': 0.06390090463841859, 'subsample': 0.5980260538597024, 'colsample_bytree': 0.49787707244172114, 'colsample_bylevel': 0.7269950788010451, 'reg_alpha': 0.37769020236514517, 'reg_lambda': 3.8781462199431784, 'gamma': 0.00030314932783252437, 'min_child_weight': 18}. Best is trial 237 with value: 3.410930139944745e-06.

[Trial 323/5000] Starting at 06:18:35
  Lambdas: P=0.745, B=1.133, G=1.347
  XGBoost params: n_estimators=3805, max_depth=13
  Starting cross-validation...
  Trial 311 MSE: 0.000005 | MAPE: 0.16% | R²: -0.314049
  Trial time: 18.9s
[I 2026-03-13 06:18:36,439] Trial 311 finished with value: 5.076887518448612e-06 and parameters: {'lambda_P': 1.5202810226750878, 'lambda_B': 1.1360484319413175, 'lambda_G': 1.2047356830970326, 'n_estimators': 3859, 'max_depth': 16, 'learning_rate': 0.00709799069810046, 'subsample': 0.8774196124797655, 'colsample_bytree': 0.679393336591591, 'colsample_bylevel': 0.8713011682283343, 'reg_alpha': 1.3433925237070354, 'reg_lambda': 5.410053583209557, 'gamma': 0.0015263134323291007, 'min_child_weight': 6}. Best is trial 237 with value: 3.410930139944745e-06.

[Trial 324/5000] Starting at 06:18:36
  Lambdas: P=1.950, B=1.954, G=1.106
  XGBoost params: n_estimators=1319, max_depth=6
  Starting cross-validation...
  Trial 301 MSE: 0.000005 | MAPE: 0.16% | R²: -0.314049
  Trial time: 35.9s
