[I 2026-03-13 07:07:06,732] Trial 1873 finished with value: 5.076887518448612e-06 and parameters: {'lambda_P': 1.9997895589554315, 'lambda_B': 1.7880502457957015, 'lambda_G': 1.008002925543344, 'n_estimators': 5549, 'max_depth': 14, 'learning_rate': 0.01274114379171403, 'subsample': 0.7072122952311719, 'colsample_bytree': 0.49802606486743556, 'colsample_bylevel': 0.7688180639338497, 'reg_alpha': 2.921412480580803, 'reg_lambda': 3.873741614564883, 'gamma': 0.0004284785992516684, 'min_child_weight': 10}. Best is trial 1422 with value: 2.996031181594198e-06.

[Trial 1887/5000] Starting at 07:07:06
  Lambdas: P=1.852, B=1.953, G=0.702
  XGBoost params: n_estimators=8518, max_depth=13
  Starting cross-validation...
  Lambdas: P=1.084, B=1.901, G=1.868
  XGBoost params: n_estimators=3947, max_depth=16
  Starting cross-validation...
  Trial 1862 MSE: 0.000003 | MAPE: 0.14% | R²: 0.013867
  Trial time: 44.3s
[I 2026-03-13 07:07:09,132] Trial 1862 finished with value: 3.4680429256785296e-06 and parameters: {'lambda_P': 0.7540629143991844, 'lambda_B': 1.7347534692645745, 'lambda_G': 0.7935328150326714, 'n_estimators': 9229, 'max_depth': 20, 'learning_rate': 0.04779078888667164, 'subsample': 0.6586276422281417, 'colsample_bytree': 0.7693641540722482, 'colsample_bylevel': 0.45592162152800003, 'reg_alpha': 0.16978756159360683, 'reg_lambda': 0.3464270602500088, 'gamma': 0.00012884422628123347, 'min_child_weight': 18}. Best is trial 1422 with value: 2.996031181594198e-06.

[Trial 1888/5000] Starting at 07:07:09
  Lambdas: P=1.692, B=1.726, G=0.519
  XGBoost params: n_estimators=6937, max_depth=8
  Starting cross-validation...
  Trial 1884 MSE: 0.000005 | MAPE: 0.16% | R²: -0.314049
  Trial time: 7.4s
[I 2026-03-13 07:07:13,436] Trial 1884 finished with value: 5.076887518448612e-06 and parameters: {'lambda_P': 0.6565022428892215, 'lambda_B': 0.7343749835809887, 'lambda_G': 1.5073992239983782, 'n_estimators': 1954, 'max_depth': 6, 'learning_rate': 0.0012058286020069176, 'subsample': 0.9934070469486844, 'colsample_bytree': 0.4068724477975927, 'colsample_bylevel': 0.7872528885341139, 'reg_alpha': 0.8971039606562163, 'reg_lambda': 4.104028257109326, 'gamma': 0.01363280022943364, 'min_child_weight': 5}. Best is trial 1422 with value: 2.996031181594198e-06.

[Trial 1889/5000] Starting at 07:07:13
  Lambdas: P=1.944, B=1.900, G=0.656
  XGBoost params: n_estimators=9009, max_depth=13
  Starting cross-validation...
  Trial 1874 MSE: 0.000004 | MAPE: 0.14% | R²: -0.066658
  Trial time: 30.7s
[I 2026-03-13 07:07:15,114] Trial 1874 finished with value: 3.81461396739355e-06 and parameters: {'lambda_P': 1.8806650677467815, 'lambda_B': 1.7543389001886125, 'lambda_G': 0.855767475844282, 'n_estimators': 6375, 'max_depth': 7, 'learning_rate': 0.060530425642205836, 'subsample': 0.6744860293715643, 'colsample_bytree': 0.3195779887561722, 'colsample_bylevel': 0.34598898163379876, 'reg_alpha': 0.369804991722727, 'reg_lambda': 9.046675779249272, 'gamma': 0.00013744350576007136, 'min_child_weight': 12}. Best is trial 1422 with value: 2.996031181594198e-06.

[Trial 1890/5000] Starting at 07:07:15
  Lambdas: P=1.878, B=1.658, G=0.877
  XGBoost params: n_estimators=4673, max_depth=15
  Starting cross-validation...
  Trial 1877 MSE: 0.000005 | MAPE: 0.16% | R²: -0.242069
  Trial time: 25.0s
[I 2026-03-13 07:07:16,781] Trial 1877 finished with value: 4.868819579849959e-06 and parameters: {'lambda_P': 1.871744976641371, 'lambda_B': 1.4912820561309954, 'lambda_G': 0.8032287874810484, 'n_estimators': 6407, 'max_depth': 15, 'learning_rate': 0.007529076392777565, 'subsample': 0.9184258266927683, 'colsample_bytree': 0.5036063297532105, 'colsample_bylevel': 0.6302973682044314, 'reg_alpha': 1.237939283605972, 'reg_lambda': 0.8829217586251104, 'gamma': 0.00010294726512710521, 'min_child_weight': 11}. Best is trial 1422 with value: 2.996031181594198e-06.

[Trial 1891/5000] Starting at 07:07:16
  Lambdas: P=1.854, B=1.967, G=0.714
  XGBoost params: n_estimators=8362, max_depth=16
  Starting cross-validation...
  Trial 1872 MSE: 0.000005 | MAPE: 0.16% | R²: -0.314049
  Trial time: 42.1s
[I 2026-03-13 07:07:21,831] Trial 1872 finished with value: 5.076887518448612e-06 and parameters: {'lambda_P': 1.22495642968264, 'lambda_B': 1.831465439369054, 'lambda_G': 1.6417413699136028, 'n_estimators': 9140, 'max_depth': 12, 'learning_rate': 0.13029396780552566, 'subsample': 0.7526041863467324, 'colsample_bytree': 0.5817662338837484, 'colsample_bylevel': 0.3050889158851336, 'reg_alpha': 6.186352419004448, 'reg_lambda': 7.076383625718181, 'gamma': 0.08447957918940525, 'min_child_weight': 20}. Best is trial 1422 with value: 2.996031181594198e-06.

[Trial 1892/5000] Starting at 07:07:21
  Lambdas: P=1.447, B=1.598, G=1.503
  XGBoost params: n_estimators=6695, max_depth=9
  Starting cross-validation...
  Trial 1882 MSE: 0.000004 | MAPE: 0.16% | R²: -0.168325
  Trial time: 22.7s
[I 2026-03-13 07:07:25,182] Trial 1882 finished with value: 4.395216509619442e-06 and parameters: {'lambda_P': 1.841367917656339, 'lambda_B': 1.9245166930614548, 'lambda_G': 0.8642881343012105, 'n_estimators': 4699, 'max_depth': 9, 'learning_rate': 0.001992319692916157, 'subsample': 0.6754756136986511, 'colsample_bytree': 0.7724485950805948, 'colsample_bylevel': 0.8338191502837479, 'reg_alpha': 0.4537495884363557, 'reg_lambda': 1.1987164220971587, 'gamma': 0.0003604506060540538, 'min_child_weight': 6}. Best is trial 1422 with value: 2.996031181594198e-06.

[Trial 1893/5000] Starting at 07:07:25
  Lambdas: P=1.928, B=1.754, G=0.968
  XGBoost params: n_estimators=7923, max_depth=12
  Starting cross-validation...
  Trial 1878 MSE: 0.000005 | MAPE: 0.16% | R²: -0.314049
  Trial time: 34.0s
  Trial 1875 MSE: 0.000005 | MAPE: 0.16% | R²: -0.314049[I 2026-03-13 07:07:25,935] Trial 1878 finished with value: 5.076887518448612e-06 and parameters: {'lambda_P': 1.9051943682843147, 'lambda_B': 1.6472747526279672, 'lambda_G': 0.9044724419956224, 'n_estimators': 6888, 'max_depth': 13, 'learning_rate': 0.008541391768283802, 'subsample': 0.7230025548022913, 'colsample_bytree': 0.47163062450177745, 'colsample_bylevel': 0.6882430607453512, 'reg_alpha': 1.6191943219198301, 'reg_lambda': 0.16258524155700171, 'gamma': 0.00017631279188062485, 'min_child_weight': 12}. Best is trial 1422 with value: 2.996031181594198e-06.

  Trial time: 37.6s
[I 2026-03-13 07:07:26,110] Trial 1875 finished with value: 5.076887518448612e-06 and parameters: {'lambda_P': 1.948163452210401, 'lambda_B': 1.926865143583136, 'lambda_G': 0.8379838258845791, 'n_estimators': 7512, 'max_depth': 15, 'learning_rate': 0.01957320168010874, 'subsample': 0.6309013058674016, 'colsample_bytree': 0.44932322978915057, 'colsample_bylevel': 0.915694734402853, 'reg_alpha': 1.872457466678267, 'reg_lambda': 0.6490615524946217, 'gamma': 0.0001342136160070997, 'min_child_weight': 7}. Best is trial 1422 with value: 2.996031181594198e-06.

[Trial 1894/5000] Starting at 07:07:26

[Trial 1895/5000] Starting at 07:07:26
  Lambdas: P=1.819, B=1.965, G=0.583
  Lambdas: P=1.677, B=1.915, G=0.838
  Trial 1886 MSE: 0.000005 | MAPE: 0.16% | R²: -0.314049
  Trial time: 19.7s
[I 2026-03-13 07:07:26,713] Trial 1886 finished with value: 5.076887518448612e-06 and parameters: {'lambda_P': 1.0838372170507697, 'lambda_B': 1.9014194219695175, 'lambda_G': 1.8675078613385732, 'n_estimators': 3947, 'max_depth': 16, 'learning_rate': 0.0016468938794310974, 'subsample': 0.740981638251631, 'colsample_bytree': 0.9944720845485397, 'colsample_bylevel': 0.6514181557423537, 'reg_alpha': 8.142817807158863, 'reg_lambda': 1.4737643784198329, 'gamma': 0.00019496473249151894, 'min_child_weight': 4}. Best is trial 1422 with value: 2.996031181594198e-06.

[Trial 1896/5000] Starting at 07:07:26
  XGBoost params: n_estimators=7195, max_depth=9
  Starting cross-validation...
  XGBoost params: n_estimators=7685, max_depth=14
  Starting cross-validation...
  Lambdas: P=1.703, B=1.923, G=1.049
  XGBoost params: n_estimators=8061, max_depth=14
  Starting cross-validation...
  Trial 1879 MSE: 0.000005 | MAPE: 0.16% | R²: -0.264117
  Trial time: 33.9s
[I 2026-03-13 07:07:30,417] Trial 1879 finished with value: 4.936918524049054e-06 and parameters: {'lambda_P': 1.9971543813983834, 'lambda_B': 1.8155149187221924, 'lambda_G': 0.8958739040578725, 'n_estimators': 6731, 'max_depth': 12, 'learning_rate': 0.0063399284451750955, 'subsample': 0.6296930168159341, 'colsample_bytree': 0.42393645257755885, 'colsample_bylevel': 0.5377488324636543, 'reg_alpha': 0.8328492104201211, 'reg_lambda': 3.1342877400418026, 'gamma': 0.00017462172577571253, 'min_child_weight': 7}. Best is trial 1422 with value: 2.996031181594198e-06.

[Trial 1897/5000] Starting at 07:07:30
  Lambdas: P=0.746, B=1.502, G=1.042
  XGBoost params: n_estimators=4085, max_depth=20
  Starting cross-validation...
  Trial 1876 MSE: 0.000005 | MAPE: 0.16% | R²: -0.213133
  Trial time: 44.4s
[I 2026-03-13 07:07:34,867] Trial 1876 finished with value: 4.732943113607809e-06 and parameters: {'lambda_P': 1.943266849669141, 'lambda_B': 1.8442065633733513, 'lambda_G': 0.5824054081522612, 'n_estimators': 9404, 'max_depth': 15, 'learning_rate': 0.016697499703490663, 'subsample': 0.8329733703843573, 'colsample_bytree': 0.47752792264823996, 'colsample_bylevel': 0.7946908079429944, 'reg_alpha': 1.0543143918054234, 'reg_lambda': 1.6023168975501922, 'gamma': 0.0001043446586976534, 'min_child_weight': 8}. Best is trial 1422 with value: 2.996031181594198e-06.

[Trial 1898/5000] Starting at 07:07:34
  Lambdas: P=1.473, B=0.668, G=0.520
  XGBoost params: n_estimators=8574, max_depth=3
  Starting cross-validation...
  Trial 1880 MSE: 0.000003 | MAPE: 0.14% | R²: 0.013466
  Trial time: 36.0s
[I 2026-03-13 07:07:35,848] Trial 1880 finished with value: 3.4562658344412404e-06 and parameters: {'lambda_P': 1.9734467977003862, 'lambda_B': 1.7793735210558845, 'lambda_G': 0.8999958690269391, 'n_estimators': 7532, 'max_depth': 12, 'learning_rate': 0.015177605758405032, 'subsample': 0.8428316162026701, 'colsample_bytree': 0.4416421023174789, 'colsample_bylevel': 0.5140283710489125, 'reg_alpha': 0.21656375743762477, 'reg_lambda': 1.0540125772102873, 'gamma': 0.00012755565304186994, 'min_child_weight': 6}. Best is trial 1422 with value: 2.996031181594198e-06.

[Trial 1899/5000] Starting at 07:07:35
  Lambdas: P=0.935, B=1.999, G=1.435
  XGBoost params: n_estimators=5464, max_depth=8
  Starting cross-validation...
  Trial 1889 MSE: 0.000005 | MAPE: 0.16% | R²: -0.314049
  Trial time: 21.4s
[I 2026-03-13 07:07:36,750] Trial 1889 finished with value: 5.076887518448612e-06 and parameters: {'lambda_P': 1.8781395129465464, 'lambda_B': 1.6582115623252747, 'lambda_G': 0.8770531764094658, 'n_estimators': 4673, 'max_depth': 15, 'learning_rate': 0.006967420317175247, 'subsample': 0.8353639949028203, 'colsample_bytree': 0.6196537002171434, 'colsample_bylevel': 0.6498698154470595, 'reg_alpha': 2.0963603593727065, 'reg_lambda': 1.1833759411670017, 'gamma': 0.00011636149223102217, 'min_child_weight': 4}. Best is trial 1422 with value: 2.996031181594198e-06.

[Trial 1900/5000] Starting at 07:07:36
  Lambdas: P=1.908, B=1.649, G=1.218
  XGBoost params: n_estimators=5147, max_depth=13
  Starting cross-validation...
  Trial 1887 MSE: 0.000005 | MAPE: 0.16% | R²: -0.206835
  Trial time: 31.5s
[I 2026-03-13 07:07:40,832] Trial 1887 finished with value: 4.649624568416238e-06 and parameters: {'lambda_P': 1.6921519693088345, 'lambda_B': 1.726088620253544, 'lambda_G': 0.5190685258829624, 'n_estimators': 6937, 'max_depth': 8, 'learning_rate': 0.005639253768500173, 'subsample': 0.671118911742277, 'colsample_bytree': 0.539096162100899, 'colsample_bylevel': 0.6257393293760646, 'reg_alpha': 0.6829218587030054, 'reg_lambda': 1.8025827222364899, 'gamma': 0.00023344137052061037, 'min_child_weight': 6}. Best is trial 1422 with value: 2.996031181594198e-06.

[Trial 1901/5000] Starting at 07:07:40
  Lambdas: P=1.696, B=1.047, G=1.726
  XGBoost params: n_estimators=4641, max_depth=5
  Starting cross-validation...
  Trial 1885 MSE: 0.000005 | MAPE: 0.16% | R²: -0.314049
  Trial time: 39.4s
[I 2026-03-13 07:07:46,024] Trial 1885 finished with value: 5.076887518448612e-06 and parameters: {'lambda_P': 1.8523013575876104, 'lambda_B': 1.9528221066435034, 'lambda_G': 0.7024277267257585, 'n_estimators': 8518, 'max_depth': 13, 'learning_rate': 0.0038279479408606923, 'subsample': 0.7723105148781452, 'colsample_bytree': 0.6618148626382195, 'colsample_bylevel': 0.8475789550090712, 'reg_alpha': 1.619511973732451, 'reg_lambda': 0.7873794523646651, 'gamma': 0.00010688383034430673, 'min_child_weight': 11}. Best is trial 1422 with value: 2.996031181594198e-06.

[Trial 1902/5000] Starting at 07:07:46
  Lambdas: P=0.548, B=1.471, G=1.143
  Trial 1881 MSE: 0.000005 | MAPE: 0.16% | R²: -0.314049
  Trial time: 45.8s
[I 2026-03-13 07:07:46,613] Trial 1881 finished with value: 5.076887518448612e-06 and parameters: {'lambda_P': 0.9220061301655859, 'lambda_B': 1.806220036161812, 'lambda_G': 1.3456242241966812, 'n_estimators': 9530, 'max_depth': 12, 'learning_rate': 0.021303822919806287, 'subsample': 0.7830269870081509, 'colsample_bytree': 0.8568003404796666, 'colsample_bylevel': 0.31451338673439727, 'reg_alpha': 4.18449502011031, 'reg_lambda': 2.912490969533738, 'gamma': 0.0001845288298753273, 'min_child_weight': 5}. Best is trial 1422 with value: 2.996031181594198e-06.
  XGBoost params: n_estimators=4758, max_depth=2
  Starting cross-validation...

[Trial 1903/5000] Starting at 07:07:46
  Lambdas: P=1.706, B=0.533, G=0.718
  XGBoost params: n_estimators=7624, max_depth=4
  Starting cross-validation...
  Trial 1888 MSE: 0.000004 | MAPE: 0.15% | R²: -0.076513
  Trial time: 33.8s
[I 2026-03-13 07:07:47,475] Trial 1888 finished with value: 3.912514772303151e-06 and parameters: {'lambda_P': 1.9443501402915235, 'lambda_B': 1.8997685778833941, 'lambda_G': 0.6561506245142509, 'n_estimators': 9009, 'max_depth': 13, 'learning_rate': 0.0014119810910592832, 'subsample': 0.9553505707633254, 'colsample_bytree': 0.39347576185067357, 'colsample_bylevel': 0.8058895534603749, 'reg_alpha': 0.41267687046941937, 'reg_lambda': 2.600950325013594, 'gamma': 0.00028416551006352946, 'min_child_weight': 4}. Best is trial 1422 with value: 2.996031181594198e-06.

[Trial 1904/5000] Starting at 07:07:47
  Lambdas: P=1.396, B=0.693, G=0.888
  XGBoost params: n_estimators=2481, max_depth=13
  Starting cross-validation...
  Trial 1896 MSE: 0.000004 | MAPE: 0.14% | R²: -0.028216
  Trial time: 18.5s
[I 2026-03-13 07:07:49,097] Trial 1896 finished with value: 3.6300759769923896e-06 and parameters: {'lambda_P': 0.745804144624305, 'lambda_B': 1.5018638174319439, 'lambda_G': 1.042099151926739, 'n_estimators': 4085, 'max_depth': 20, 'learning_rate': 0.03984199859099764, 'subsample': 0.809033565094381, 'colsample_bytree': 0.3231127005659129, 'colsample_bylevel': 0.633846114675704, 'reg_alpha': 0.3043702489709529, 'reg_lambda': 1.4998923073761479, 'gamma': 0.00014763703112182915, 'min_child_weight': 3}. Best is trial 1422 with value: 2.996031181594198e-06.

[Trial 1905/5000] Starting at 07:07:49
  Lambdas: P=0.769, B=0.694, G=1.004
  XGBoost params: n_estimators=5074, max_depth=4
  Starting cross-validation...
  Trial 1891 MSE: 0.000005 | MAPE: 0.16% | R²: -0.314049
  Trial time: 27.8s
[I 2026-03-13 07:07:49,831] Trial 1891 finished with value: 5.076887518448612e-06 and parameters: {'lambda_P': 1.4465807266226332, 'lambda_B': 1.598082140163285, 'lambda_G': 1.5030535592111978, 'n_estimators': 6695, 'max_depth': 9, 'learning_rate': 0.0026556916613818932, 'subsample': 0.7432896906508989, 'colsample_bytree': 0.30646056329496113, 'colsample_bylevel': 0.9648908520526035, 'reg_alpha': 7.0407470438314945, 'reg_lambda': 5.014370081785697, 'gamma': 0.036469461060536244, 'min_child_weight': 7}. Best is trial 1422 with value: 2.996031181594198e-06.

[Trial 1906/5000] Starting at 07:07:49
  Lambdas: P=1.733, B=1.983, G=0.959
  XGBoost params: n_estimators=7852, max_depth=12
  Starting cross-validation...
  Trial 1890 MSE: 0.000005 | MAPE: 0.16% | R²: -0.208877
  Trial time: 37.4s
[I 2026-03-13 07:07:54,416] Trial 1890 finished with value: 4.6577005168273675e-06 and parameters: {'lambda_P': 1.8540534458422537, 'lambda_B': 1.9672490448232494, 'lambda_G': 0.7142625926340587, 'n_estimators': 8362, 'max_depth': 16, 'learning_rate': 0.0014764720094552943, 'subsample': 0.7152675413156171, 'colsample_bytree': 0.5694906835144588, 'colsample_bylevel': 0.6361904302893266, 'reg_alpha': 0.7448365138844213, 'reg_lambda': 1.8052304151217125, 'gamma': 0.00020549784303104673, 'min_child_weight': 6}. Best is trial 1422 with value: 2.996031181594198e-06.

[Trial 1907/5000] Starting at 07:07:54
  Lambdas: P=1.878, B=1.729, G=1.116
  XGBoost params: n_estimators=6122, max_depth=16
  Starting cross-validation...
  Trial 1895 MSE: 0.000005 | MAPE: 0.16% | R²: -0.314049
  Trial time: 32.0s
[I 2026-03-13 07:07:58,927] Trial 1895 finished with value: 5.076887518448612e-06 and parameters: {'lambda_P': 1.7031460921996764, 'lambda_B': 1.9231588685377763, 'lambda_G': 1.0493538251353043, 'n_estimators': 8061, 'max_depth': 14, 'learning_rate': 0.003836027751020675, 'subsample': 0.5024330552762681, 'colsample_bytree': 0.5068527893140893, 'colsample_bylevel': 0.5970463139619187, 'reg_alpha': 1.5755104268522442, 'reg_lambda': 2.1120222869810634, 'gamma': 0.00030142657654860555, 'min_child_weight': 5}. Best is trial 1422 with value: 2.996031181594198e-06.

[Trial 1908/5000] Starting at 07:07:59
  Lambdas: P=1.281, B=1.686, G=1.116
  XGBoost params: n_estimators=2826, max_depth=15
  Starting cross-validation...
  Trial 1903 MSE: 0.000005 | MAPE: 0.16% | R²: -0.314049
  Trial time: 12.3s
[I 2026-03-13 07:07:59,979] Trial 1903 finished with value: 5.076887518448612e-06 and parameters: {'lambda_P': 1.3962963748732276, 'lambda_B': 0.6926147920507113, 'lambda_G': 0.8879226404100535, 'n_estimators': 2481, 'max_depth': 13, 'learning_rate': 0.0032942047848494842, 'subsample': 0.7163569869517356, 'colsample_bytree': 0.6202468015462946, 'colsample_bylevel': 0.8370814197072955, 'reg_alpha': 5.4231848420618505, 'reg_lambda': 6.449636655281104, 'gamma': 0.00021019289650111173, 'min_child_weight': 1}. Best is trial 1422 with value: 2.996031181594198e-06.
  Trial 1892 MSE: 0.000005 | MAPE: 0.16% | R²: -0.314049
  Trial time: 34.8s

[Trial 1909/5000] Starting at 07:08:00
[I 2026-03-13 07:08:00,203] Trial 1892 finished with value: 5.076887518448612e-06 and parameters: {'lambda_P': 1.9283079926639093, 'lambda_B': 1.754240071479811, 'lambda_G': 0.9676865925259859, 'n_estimators': 7923, 'max_depth': 12, 'learning_rate': 0.015091921864842272, 'subsample': 0.6728837937457016, 'colsample_bytree': 0.374084213335521, 'colsample_bylevel': 0.8572766048480014, 'reg_alpha': 1.5980565773370177, 'reg_lambda': 0.21109526886098284, 'gamma': 0.0002063777341014555, 'min_child_weight': 4}. Best is trial 1422 with value: 2.996031181594198e-06.

[Trial 1910/5000] Starting at 07:08:00
  Lambdas: P=1.131, B=1.844, G=1.868
  XGBoost params: n_estimators=9998, max_depth=12
  Starting cross-validation...
  Lambdas: P=1.058, B=1.362, G=0.784
  XGBoost params: n_estimators=5021, max_depth=5
  Starting cross-validation...
  Trial 1894 MSE: 0.000004 | MAPE: 0.15% | R²: -0.101950
  Trial time: 35.3s
[I 2026-03-13 07:08:01,587] Trial 1894 finished with value: 4.03557819633041e-06 and parameters: {'lambda_P': 1.8189009797330442, 'lambda_B': 1.965170367215869, 'lambda_G': 0.5828562124876144, 'n_estimators': 7195, 'max_depth': 9, 'learning_rate': 0.004442418999795696, 'subsample': 0.7371397701587755, 'colsample_bytree': 0.5342619957108642, 'colsample_bylevel': 0.6944617484479169, 'reg_alpha': 0.3477796555801542, 'reg_lambda': 0.5242148352147686, 'gamma': 0.00026999215322167475, 'min_child_weight': 8}. Best is trial 1422 with value: 2.996031181594198e-06.

[Trial 1911/5000] Starting at 07:08:01
  Lambdas: P=1.930, B=1.706, G=0.914
  XGBoost params: n_estimators=6454, max_depth=10
  Starting cross-validation...
  Trial 1899 MSE: 0.000004 | MAPE: 0.15% | R²: -0.091252
  Trial time: 25.4s
[I 2026-03-13 07:08:02,360] Trial 1899 finished with value: 4.036545810742989e-06 and parameters: {'lambda_P': 1.9075525665281454, 'lambda_B': 1.6492094625098277, 'lambda_G': 1.2178943431400238, 'n_estimators': 5147, 'max_depth': 13, 'learning_rate': 0.007786683654785315, 'subsample': 0.7416864413138773, 'colsample_bytree': 0.5247470446030275, 'colsample_bylevel': 0.9123091254865904, 'reg_alpha': 0.4742894775823059, 'reg_lambda': 2.8044715334368773, 'gamma': 0.00014478366737142676, 'min_child_weight': 5}. Best is trial 1422 with value: 2.996031181594198e-06.

[Trial 1912/5000] Starting at 07:08:02
  Lambdas: P=1.054, B=1.798, G=1.422
  XGBoost params: n_estimators=3769, max_depth=16
  Starting cross-validation...
  Trial 1898 MSE: 0.000005 | MAPE: 0.16% | R²: -0.314049
  Trial time: 27.0s
[I 2026-03-13 07:08:03,041] Trial 1898 finished with value: 5.076887518448612e-06 and parameters: {'lambda_P': 0.9353372329236558, 'lambda_B': 1.9989810441235745, 'lambda_G': 1.4348980458700868, 'n_estimators': 5464, 'max_depth': 8, 'learning_rate': 0.12576212300143294, 'subsample': 0.5824564789711298, 'colsample_bytree': 0.9191821018438224, 'colsample_bylevel': 0.6868426860782795, 'reg_alpha': 6.70275789169691, 'reg_lambda': 9.279862791708386, 'gamma': 0.03821969314110424, 'min_child_weight': 13}. Best is trial 1422 with value: 2.996031181594198e-06.

[Trial 1913/5000] Starting at 07:08:03
  Lambdas: P=1.260, B=1.989, G=1.609
  XGBoost params: n_estimators=3352, max_depth=3
  Starting cross-validation...
  Trial 1893 MSE: 0.000005 | MAPE: 0.16% | R²: -0.314049
  Trial time: 38.1s
