[I 2026-03-13 06:22:59,331] Trial 447 finished with value: 5.076887518448612e-06 and parameters: {'lambda_P': 1.9445680447647657, 'lambda_B': 1.0801176024235009, 'lambda_G': 0.5377942582979026, 'n_estimators': 5750, 'max_depth': 14, 'learning_rate': 0.1536962587638552, 'subsample': 0.6319558850796806, 'colsample_bytree': 0.6433653868406536, 'colsample_bylevel': 0.9036386015362693, 'reg_alpha': 1.9634961099322439, 'reg_lambda': 9.317898755323693, 'gamma': 0.0005498672395010172, 'min_child_weight': 15}. Best is trial 413 with value: 3.3629712059134554e-06.

[Trial 460/5000] Starting at 06:22:59
  Lambdas: P=1.446, B=1.597, G=0.542
  XGBoost params: n_estimators=5578, max_depth=18
  Starting cross-validation...
  Trial 442 MSE: 0.000005 | MAPE: 0.16% | R²: -0.314049
  Trial time: 44.4s
[I 2026-03-13 06:23:01,001] Trial 442 finished with value: 5.076887518448612e-06 and parameters: {'lambda_P': 1.4997046912837493, 'lambda_B': 1.499358784504425, 'lambda_G': 1.6282785539907432, 'n_estimators': 8988, 'max_depth': 2, 'learning_rate': 0.43271373631959664, 'subsample': 0.7072876298118072, 'colsample_bytree': 0.31202282993110614, 'colsample_bylevel': 0.3548824623959811, 'reg_alpha': 2.022930611882968, 'reg_lambda': 2.994215962740364, 'gamma': 0.0008683305805970146, 'min_child_weight': 4}. Best is trial 413 with value: 3.3629712059134554e-06.

[Trial 461/5000] Starting at 06:23:01
  Lambdas: P=1.300, B=1.751, G=0.540
  XGBoost params: n_estimators=6149, max_depth=16
  Starting cross-validation...
  Trial 444 MSE: 0.000005 | MAPE: 0.16% | R²: -0.314049
  Trial time: 43.2s
[I 2026-03-13 06:23:02,061] Trial 444 finished with value: 5.076887518448612e-06 and parameters: {'lambda_P': 1.739548448982385, 'lambda_B': 1.3729068496630332, 'lambda_G': 0.8039447362426964, 'n_estimators': 9745, 'max_depth': 4, 'learning_rate': 0.0027022309923932647, 'subsample': 0.9544931812559563, 'colsample_bytree': 0.5142416928830551, 'colsample_bylevel': 0.49324997540541493, 'reg_alpha': 2.972300415892775, 'reg_lambda': 1.8549605068743609, 'gamma': 0.0001044972793914669, 'min_child_weight': 4}. Best is trial 413 with value: 3.3629712059134554e-06.

[Trial 462/5000] Starting at 06:23:02
  Lambdas: P=1.371, B=0.531, G=1.067
  XGBoost params: n_estimators=7138, max_depth=8
  Starting cross-validation...
  Trial 443 MSE: 0.000005 | MAPE: 0.16% | R²: -0.274644
  Trial time: 47.9s
[I 2026-03-13 06:23:06,309] Trial 443 finished with value: 4.97158256906453e-06 and parameters: {'lambda_P': 1.2564246182799113, 'lambda_B': 1.0566798813940212, 'lambda_G': 1.1863606312952035, 'n_estimators': 9804, 'max_depth': 5, 'learning_rate': 0.0023381444840010622, 'subsample': 0.9408418293737696, 'colsample_bytree': 0.5058685932575413, 'colsample_bylevel': 0.4059247070569136, 'reg_alpha': 1.4108557337272183, 'reg_lambda': 1.1379634182375604, 'gamma': 0.00010257014587159776, 'min_child_weight': 7}. Best is trial 413 with value: 3.3629712059134554e-06.

[Trial 463/5000] Starting at 06:23:06
  Lambdas: P=1.414, B=1.735, G=0.578
  XGBoost params: n_estimators=9352, max_depth=18
  Starting cross-validation...
  Trial 445 MSE: 0.000004 | MAPE: 0.15% | R²: -0.114234
  Trial time: 44.4s
[I 2026-03-13 06:23:09,830] Trial 445 finished with value: 4.211471728418744e-06 and parameters: {'lambda_P': 1.3760220227356716, 'lambda_B': 1.122578748063205, 'lambda_G': 1.4368067476737199, 'n_estimators': 9983, 'max_depth': 2, 'learning_rate': 0.0025288050974650645, 'subsample': 0.9990005387543985, 'colsample_bytree': 0.4826362927046013, 'colsample_bylevel': 0.5745968661508781, 'reg_alpha': 0.8461355167578998, 'reg_lambda': 0.5260334574887939, 'gamma': 0.00010663294354566124, 'min_child_weight': 1}. Best is trial 413 with value: 3.3629712059134554e-06.

[Trial 464/5000] Starting at 06:23:09
  Lambdas: P=1.815, B=1.620, G=0.662
  XGBoost params: n_estimators=5858, max_depth=17
  Starting cross-validation...
  Trial 450 MSE: 0.000004 | MAPE: 0.15% | R²: -0.195924
  Trial time: 29.9s
[I 2026-03-13 06:23:10,813] Trial 450 finished with value: 4.313607430545518e-06 and parameters: {'lambda_P': 1.8402072124300226, 'lambda_B': 0.9073118417554306, 'lambda_G': 0.7312014564286515, 'n_estimators': 6347, 'max_depth': 15, 'learning_rate': 0.436818132701342, 'subsample': 0.5321520356176641, 'colsample_bytree': 0.6788608478968923, 'colsample_bylevel': 0.9509831638150744, 'reg_alpha': 0.08434226455908223, 'reg_lambda': 7.649681287695213, 'gamma': 0.0016674997534670262, 'min_child_weight': 12}. Best is trial 413 with value: 3.3629712059134554e-06.

[Trial 465/5000] Starting at 06:23:10
  Lambdas: P=1.265, B=1.255, G=1.166
  Trial 451 MSE: 0.000005 | MAPE: 0.16% | R²: -0.314049
  Trial time: 25.8s
[I 2026-03-13 06:23:11,206] Trial 451 finished with value: 5.076887518448612e-06 and parameters: {'lambda_P': 1.9426791367821048, 'lambda_B': 0.8363253223539412, 'lambda_G': 0.676384731127471, 'n_estimators': 5702, 'max_depth': 12, 'learning_rate': 0.3401808322126165, 'subsample': 0.4448958675161244, 'colsample_bytree': 0.6864350062801722, 'colsample_bylevel': 0.9919242955005737, 'reg_alpha': 1.4869945412650685, 'reg_lambda': 9.141903883372192, 'gamma': 0.0008165806373139095, 'min_child_weight': 12}. Best is trial 413 with value: 3.3629712059134554e-06.

[Trial 466/5000] Starting at 06:23:11
  XGBoost params: n_estimators=8741, max_depth=8
  Starting cross-validation...
  Lambdas: P=1.992, B=1.930, G=0.516
  XGBoost params: n_estimators=7067, max_depth=18
  Starting cross-validation...
  Trial 446 MSE: 0.000005 | MAPE: 0.16% | R²: -0.314049
  Trial time: 42.5s
[I 2026-03-13 06:23:12,401] Trial 446 finished with value: 5.076887518448612e-06 and parameters: {'lambda_P': 1.276653003159688, 'lambda_B': 0.9288510350635236, 'lambda_G': 1.3079382793883862, 'n_estimators': 8465, 'max_depth': 5, 'learning_rate': 0.001866911361152913, 'subsample': 0.9923504604003573, 'colsample_bytree': 0.449884845196163, 'colsample_bylevel': 0.33502795525353546, 'reg_alpha': 1.7337708447089115, 'reg_lambda': 2.1205155562061933, 'gamma': 0.00029403401830441824, 'min_child_weight': 4}. Best is trial 413 with value: 3.3629712059134554e-06.

[Trial 467/5000] Starting at 06:23:12
  Lambdas: P=1.215, B=1.994, G=0.646
  XGBoost params: n_estimators=4365, max_depth=20
  Starting cross-validation...
  Trial 457 MSE: 0.000005 | MAPE: 0.16% | R²: -0.313182
  Trial time: 17.2s
[I 2026-03-13 06:23:13,860] Trial 457 finished with value: 5.072126944256712e-06 and parameters: {'lambda_P': 1.471983186138318, 'lambda_B': 1.6674062938058714, 'lambda_G': 0.5097077009758214, 'n_estimators': 3226, 'max_depth': 20, 'learning_rate': 0.15878666425763951, 'subsample': 0.9976161487769515, 'colsample_bytree': 0.3976428154726485, 'colsample_bylevel': 0.5564915613812135, 'reg_alpha': 1.5530849088554948, 'reg_lambda': 4.304249435061557, 'gamma': 0.00018702574556876756, 'min_child_weight': 10}. Best is trial 413 with value: 3.3629712059134554e-06.

[Trial 468/5000] Starting at 06:23:13
  Lambdas: P=1.110, B=1.765, G=1.930
  XGBoost params: n_estimators=959, max_depth=5
  Starting cross-validation...
  Trial 455 MSE: 0.000004 | MAPE: 0.16% | R²: -0.208811
  Trial time: 22.3s
[I 2026-03-13 06:23:16,317] Trial 455 finished with value: 4.401557114810128e-06 and parameters: {'lambda_P': 1.7628066714237847, 'lambda_B': 1.823496520787389, 'lambda_G': 0.5359951804871146, 'n_estimators': 4839, 'max_depth': 18, 'learning_rate': 0.3592060179026639, 'subsample': 0.9612441454869276, 'colsample_bytree': 0.3613638010370747, 'colsample_bylevel': 0.6099130553866708, 'reg_alpha': 0.27894671339810895, 'reg_lambda': 3.8301956654824796, 'gamma': 0.000653674431920174, 'min_child_weight': 10}. Best is trial 413 with value: 3.3629712059134554e-06.

[Trial 469/5000] Starting at 06:23:16
  Lambdas: P=1.959, B=1.205, G=1.085
  XGBoost params: n_estimators=8416, max_depth=20
  Starting cross-validation...
  Trial 458 MSE: 0.000004 | MAPE: 0.16% | R²: -0.194580
  Trial time: 18.5s
[I 2026-03-13 06:23:17,349] Trial 458 finished with value: 4.492040076471544e-06 and parameters: {'lambda_P': 1.70852398377667, 'lambda_B': 1.6570002260852152, 'lambda_G': 0.5557205200364908, 'n_estimators': 3446, 'max_depth': 18, 'learning_rate': 0.20002181879811204, 'subsample': 0.9400204120977138, 'colsample_bytree': 0.3446113663778416, 'colsample_bylevel': 0.53622973935137, 'reg_alpha': 0.8207076826618227, 'reg_lambda': 5.578536035573583, 'gamma': 0.0002641530041264154, 'min_child_weight': 8}. Best is trial 413 with value: 3.3629712059134554e-06.

[Trial 470/5000] Starting at 06:23:17
  Lambdas: P=1.097, B=0.865, G=1.186
  XGBoost params: n_estimators=8310, max_depth=3
  Starting cross-validation...
  Trial 453 MSE: 0.000005 | MAPE: 0.16% | R²: -0.246408
  Trial time: 26.7s
[I 2026-03-13 06:23:18,042] Trial 453 finished with value: 4.823316172042289e-06 and parameters: {'lambda_P': 1.4724094397363456, 'lambda_B': 1.993854262720163, 'lambda_G': 0.7763501844990139, 'n_estimators': 4991, 'max_depth': 16, 'learning_rate': 0.12519784326261815, 'subsample': 0.9607340580455425, 'colsample_bytree': 0.3893359053710615, 'colsample_bylevel': 0.5839803828727274, 'reg_alpha': 0.9659466527046937, 'reg_lambda': 4.793137347874061, 'gamma': 0.00044761539348840056, 'min_child_weight': 13}. Best is trial 413 with value: 3.3629712059134554e-06.

[Trial 471/5000] Starting at 06:23:18
  Lambdas: P=0.627, B=1.507, G=1.935
  XGBoost params: n_estimators=4782, max_depth=19
  Starting cross-validation...
  Trial 467 MSE: 0.000004 | MAPE: 0.15% | R²: -0.157635
  Trial time: 5.3s
[I 2026-03-13 06:23:19,376] Trial 467 finished with value: 4.236009022008941e-06 and parameters: {'lambda_P': 1.1103582909838141, 'lambda_B': 1.765340279537546, 'lambda_G': 1.9302995311660862, 'n_estimators': 959, 'max_depth': 5, 'learning_rate': 0.4234800674835563, 'subsample': 0.9371277962646104, 'colsample_bytree': 0.507667038095508, 'colsample_bylevel': 0.9261596723754618, 'reg_alpha': 0.3256067837558694, 'reg_lambda': 2.3995238865061483, 'gamma': 0.0008208266978084564, 'min_child_weight': 9}. Best is trial 413 with value: 3.3629712059134554e-06.

[Trial 472/5000] Starting at 06:23:19
  Lambdas: P=1.557, B=1.020, G=1.534
  XGBoost params: n_estimators=9848, max_depth=4
  Starting cross-validation...
  Trial 454 MSE: 0.000005 | MAPE: 0.16% | R²: -0.299660
  Trial time: 31.7s
[I 2026-03-13 06:23:23,210] Trial 454 finished with value: 5.021151263677043e-06 and parameters: {'lambda_P': 1.7341374302829802, 'lambda_B': 1.7765665837230258, 'lambda_G': 0.911456901461339, 'n_estimators': 6026, 'max_depth': 19, 'learning_rate': 0.24042384974469627, 'subsample': 0.9513505566672598, 'colsample_bytree': 0.3236002473276216, 'colsample_bylevel': 0.6657324917846117, 'reg_alpha': 1.1210195638719624, 'reg_lambda': 4.998564998847158, 'gamma': 0.0006145207412614248, 'min_child_weight': 7}. Best is trial 413 with value: 3.3629712059134554e-06.

[Trial 473/5000] Starting at 06:23:23
  Lambdas: P=0.960, B=1.762, G=1.943
  XGBoost params: n_estimators=2870, max_depth=5
  Starting cross-validation...
  Trial 459 MSE: 0.000005 | MAPE: 0.16% | R²: -0.296077
  Trial time: 28.1s
[I 2026-03-13 06:23:27,578] Trial 459 finished with value: 5.0313510367902644e-06 and parameters: {'lambda_P': 1.4464788429647466, 'lambda_B': 1.596705611727861, 'lambda_G': 0.5416282898315812, 'n_estimators': 5578, 'max_depth': 18, 'learning_rate': 0.058832504961816905, 'subsample': 0.9259784049517937, 'colsample_bytree': 0.41823104251230486, 'colsample_bylevel': 0.519850132022597, 'reg_alpha': 1.011298181049227, 'reg_lambda': 4.024898456569575, 'gamma': 0.0008637543985183425, 'min_child_weight': 12}. Best is trial 413 with value: 3.3629712059134554e-06.

[Trial 474/5000] Starting at 06:23:27
  Lambdas: P=0.934, B=1.555, G=1.798
  XGBoost params: n_estimators=6441, max_depth=20
  Starting cross-validation...
  Trial 461 MSE: 0.000005 | MAPE: 0.16% | R²: -0.314049
  Trial time: 28.7s
[I 2026-03-13 06:23:31,000] Trial 461 finished with value: 5.076887518448612e-06 and parameters: {'lambda_P': 1.3711465394256712, 'lambda_B': 0.5314438191700848, 'lambda_G': 1.0672209945045221, 'n_estimators': 7138, 'max_depth': 8, 'learning_rate': 0.0020905085587643577, 'subsample': 0.9226358244898762, 'colsample_bytree': 0.6667135099150802, 'colsample_bylevel': 0.6548743577443731, 'reg_alpha': 1.5956506587478236, 'reg_lambda': 2.01500943229206, 'gamma': 0.0001296939256909035, 'min_child_weight': 1}. Best is trial 413 with value: 3.3629712059134554e-06.

[Trial 475/5000] Starting at 06:23:31
  Lambdas: P=0.959, B=1.301, G=1.860
  XGBoost params: n_estimators=87, max_depth=2
  Starting cross-validation...
  Trial 474 MSE: 0.000005 | MAPE: 0.16% | R²: -0.186345
  Trial time: 0.6s
[I 2026-03-13 06:23:31,832] Trial 474 finished with value: 4.5087185034757196e-06 and parameters: {'lambda_P': 0.9586768885921759, 'lambda_B': 1.3010549093312906, 'lambda_G': 1.8597258101994725, 'n_estimators': 87, 'max_depth': 2, 'learning_rate': 0.31436893839895774, 'subsample': 0.9587044620365001, 'colsample_bytree': 0.5997354393372931, 'colsample_bylevel': 0.92696456833834, 'reg_alpha': 0.6392639510560209, 'reg_lambda': 1.9815494497273627, 'gamma': 0.0007000442190926543, 'min_child_weight': 11}. Best is trial 413 with value: 3.3629712059134554e-06.

[Trial 476/5000] Starting at 06:23:31
  Lambdas: P=1.020, B=1.069, G=1.519
  XGBoost params: n_estimators=534, max_depth=15
  Starting cross-validation...
  Trial 460 MSE: 0.000005 | MAPE: 0.16% | R²: -0.251443
  Trial time: 31.3s
[I 2026-03-13 06:23:32,499] Trial 460 finished with value: 4.844940269208415e-06 and parameters: {'lambda_P': 1.2998644829422892, 'lambda_B': 1.750694242460383, 'lambda_G': 0.5402571392684931, 'n_estimators': 6149, 'max_depth': 16, 'learning_rate': 0.2706140431734236, 'subsample': 0.8784416843645123, 'colsample_bytree': 0.3205842236264784, 'colsample_bylevel': 0.5579030546782658, 'reg_alpha': 1.153308987854955, 'reg_lambda': 5.7401905878219495, 'gamma': 0.00010567754079284464, 'min_child_weight': 12}. Best is trial 413 with value: 3.3629712059134554e-06.

[Trial 477/5000] Starting at 06:23:32
  Lambdas: P=1.222, B=1.395, G=1.451
  XGBoost params: n_estimators=8890, max_depth=3
  Starting cross-validation...
  Trial 463 MSE: 0.000004 | MAPE: 0.15% | R²: -0.120296
  Trial time: 24.1s
[I 2026-03-13 06:23:34,100] Trial 463 finished with value: 3.85223551536731e-06 and parameters: {'lambda_P': 1.8145933650082036, 'lambda_B': 1.6198431297620761, 'lambda_G': 0.6620249714662225, 'n_estimators': 5858, 'max_depth': 17, 'learning_rate': 0.4511750155229608, 'subsample': 0.9611146072779173, 'colsample_bytree': 0.5687673926075356, 'colsample_bylevel': 0.4416131519723524, 'reg_alpha': 0.1935520759402808, 'reg_lambda': 4.269724393818506, 'gamma': 0.000260681297751255, 'min_child_weight': 7}. Best is trial 413 with value: 3.3629712059134554e-06.

[Trial 478/5000] Starting at 06:23:34
  Lambdas: P=0.630, B=1.259, G=1.698
  XGBoost params: n_estimators=6940, max_depth=20
  Starting cross-validation...
  Trial 475 MSE: 0.000005 | MAPE: 0.16% | R²: -0.294735
  Trial time: 3.1s
[I 2026-03-13 06:23:35,089] Trial 475 finished with value: 5.023834791057622e-06 and parameters: {'lambda_P': 1.020476447079764, 'lambda_B': 1.0691352155690683, 'lambda_G': 1.5186633965018854, 'n_estimators': 534, 'max_depth': 15, 'learning_rate': 0.0016557738583922882, 'subsample': 0.4579801848710404, 'colsample_bytree': 0.8361048260002331, 'colsample_bylevel': 0.9351475085810506, 'reg_alpha': 0.6139912615612573, 'reg_lambda': 3.5178786880526234, 'gamma': 0.0001956950301673173, 'min_child_weight': 7}. Best is trial 413 with value: 3.3629712059134554e-06.

[Trial 479/5000] Starting at 06:23:35
  Lambdas: P=0.832, B=1.559, G=1.690
  XGBoost params: n_estimators=2397, max_depth=16
  Starting cross-validation...
  Trial 466 MSE: 0.000005 | MAPE: 0.16% | R²: -0.249130
  Trial time: 23.1s
[I 2026-03-13 06:23:35,699] Trial 466 finished with value: 4.891644082970335e-06 and parameters: {'lambda_P': 1.2147391473450873, 'lambda_B': 1.9937605345904412, 'lambda_G': 0.646136593865088, 'n_estimators': 4365, 'max_depth': 20, 'learning_rate': 0.23863116722695038, 'subsample': 0.9917573286048982, 'colsample_bytree': 0.39017686491393033, 'colsample_bylevel': 0.7653256963460929, 'reg_alpha': 0.7917191198482435, 'reg_lambda': 3.5854958033444886, 'gamma': 0.0010444075098790708, 'min_child_weight': 10}. Best is trial 413 with value: 3.3629712059134554e-06.

[Trial 480/5000] Starting at 06:23:35
  Lambdas: P=1.827, B=1.556, G=0.607
  XGBoost params: n_estimators=6845, max_depth=15
  Starting cross-validation...
  Trial 456 MSE: 0.000005 | MAPE: 0.16% | R²: -0.314049
  Trial time: 40.5s
[I 2026-03-13 06:23:36,824] Trial 456 finished with value: 5.076887518448612e-06 and parameters: {'lambda_P': 1.4115841383512027, 'lambda_B': 1.83923182906296, 'lambda_G': 0.7766013175301398, 'n_estimators': 7061, 'max_depth': 18, 'learning_rate': 0.1358455102806093, 'subsample': 0.9195994658709864, 'colsample_bytree': 0.36007646100204144, 'colsample_bylevel': 0.6595037858857998, 'reg_alpha': 1.4816542645862634, 'reg_lambda': 3.9166441415812767, 'gamma': 0.0006093667970795246, 'min_child_weight': 10}. Best is trial 413 with value: 3.3629712059134554e-06.

[Trial 481/5000] Starting at 06:23:36
  Lambdas: P=0.851, B=1.655, G=1.932
  XGBoost params: n_estimators=6343, max_depth=16
  Starting cross-validation...
  Trial 472 MSE: 0.000004 | MAPE: 0.15% | R²: -0.132513
  Trial time: 15.0s
[I 2026-03-13 06:23:38,432] Trial 472 finished with value: 4.21130834144286e-06 and parameters: {'lambda_P': 0.9601206104319245, 'lambda_B': 1.762061678630039, 'lambda_G': 1.9426680392142253, 'n_estimators': 2870, 'max_depth': 5, 'learning_rate': 0.31270335641007585, 'subsample': 0.8760961981683159, 'colsample_bytree': 0.5792794908721725, 'colsample_bylevel': 0.8630375531861046, 'reg_alpha': 0.17404610381112814, 'reg_lambda': 3.0911656601542425, 'gamma': 0.001088712351237142, 'min_child_weight': 8}. Best is trial 413 with value: 3.3629712059134554e-06.

[Trial 482/5000] Starting at 06:23:38
  Lambdas: P=0.603, B=1.417, G=1.965
  XGBoost params: n_estimators=4205, max_depth=18
  Starting cross-validation...
  Trial 465 MSE: 0.000005 | MAPE: 0.16% | R²: -0.314049
  Trial time: 29.5s
[I 2026-03-13 06:23:40,898] Trial 465 finished with value: 5.076887518448612e-06 and parameters: {'lambda_P': 1.9918330957438604, 'lambda_B': 1.9303240443181726, 'lambda_G': 0.516038109226875, 'n_estimators': 7067, 'max_depth': 18, 'learning_rate': 0.14729724602477984, 'subsample': 0.975953487851384, 'colsample_bytree': 0.3768998202692609, 'colsample_bylevel': 0.6374515118677295, 'reg_alpha': 1.5015482952714847, 'reg_lambda': 4.241603133241896, 'gamma': 0.0003266439349556197, 'min_child_weight': 10}. Best is trial 413 with value: 3.3629712059134554e-06.

[Trial 483/5000] Starting at 06:23:40
  Lambdas: P=1.239, B=1.892, G=1.936
  XGBoost params: n_estimators=4603, max_depth=20
  Starting cross-validation...
  Trial 470 MSE: 0.000005 | MAPE: 0.16% | R²: -0.314049
  Trial time: 24.7s
[I 2026-03-13 06:23:42,962] Trial 470 finished with value: 5.076887518448612e-06 and parameters: {'lambda_P': 0.6266649841313718, 'lambda_B': 1.5071980571947636, 'lambda_G': 1.9354220835150824, 'n_estimators': 4782, 'max_depth': 19, 'learning_rate': 0.025903196249905062, 'subsample': 0.6426428268578493, 'colsample_bytree': 0.759139316988858, 'colsample_bylevel': 0.3609172618930692, 'reg_alpha': 1.8391952592490997, 'reg_lambda': 4.13095561069383, 'gamma': 0.0014301569110740737, 'min_child_weight': 5}. Best is trial 413 with value: 3.3629712059134554e-06.

[Trial 484/5000] Starting at 06:23:43
  Lambdas: P=1.979, B=0.761, G=0.794
  XGBoost params: n_estimators=3836, max_depth=15
  Starting cross-validation...
  Trial 478 MSE: 0.000005 | MAPE: 0.16% | R²: -0.266730
  Trial time: 11.3s
[I 2026-03-13 06:23:46,611] Trial 478 finished with value: 4.9464945850185485e-06 and parameters: {'lambda_P': 0.8322662652463951, 'lambda_B': 1.5590550143863788, 'lambda_G': 1.6899912372145502, 'n_estimators': 2397, 'max_depth': 16, 'learning_rate': 0.00731418603423935, 'subsample': 0.6326217191093636, 'colsample_bytree': 0.7288968876592608, 'colsample_bylevel': 0.3608599302095504, 'reg_alpha': 0.8904898192319365, 'reg_lambda': 5.80546352422576, 'gamma': 0.00012452041887111334, 'min_child_weight': 4}. Best is trial 413 with value: 3.3629712059134554e-06.

[Trial 485/5000] Starting at 06:23:46
  Lambdas: P=1.150, B=1.883, G=1.572
  XGBoost params: n_estimators=3467, max_depth=9
  Starting cross-validation...
  Trial 464 MSE: 0.000005 | MAPE: 0.16% | R²: -0.314049
  Trial time: 40.5s
[I 2026-03-13 06:23:51,512] Trial 464 finished with value: 5.076887518448612e-06 and parameters: {'lambda_P': 1.2651595501636719, 'lambda_B': 1.2549289437093074, 'lambda_G': 1.1659751364192579, 'n_estimators': 8741, 'max_depth': 8, 'learning_rate': 0.32403308776794904, 'subsample': 0.6250210179089986, 'colsample_bytree': 0.31888946746630153, 'colsample_bylevel': 0.7377744953072599, 'reg_alpha': 2.264276768543968, 'reg_lambda': 1.2500095031029272, 'gamma': 0.000793755517860586, 'min_child_weight': 12}. Best is trial 413 with value: 3.3629712059134554e-06.

[Trial 486/5000] Starting at 06:23:51
  Lambdas: P=1.610, B=1.139, G=1.657
  XGBoost params: n_estimators=9050, max_depth=2
  Starting cross-validation...
  Trial 462 MSE: 0.000005 | MAPE: 0.16% | R²: -0.314049
  Trial time: 46.1s
