[I 2026-03-13 06:57:47,178] Trial 1576 finished with value: 5.076887518448612e-06 and parameters: {'lambda_P': 1.0661020240831833, 'lambda_B': 1.0750502852500141, 'lambda_G': 1.6578425545169688, 'n_estimators': 3670, 'max_depth': 17, 'learning_rate': 0.0010466714085804766, 'subsample': 0.9316046491932878, 'colsample_bytree': 0.44166571524839937, 'colsample_bylevel': 0.6619385588357649, 'reg_alpha': 2.759352669474021, 'reg_lambda': 2.9483079092829843, 'gamma': 0.0010499587157976396, 'min_child_weight': 14}. Best is trial 1422 with value: 2.996031181594198e-06.

[Trial 1590/5000] Starting at 06:57:47
  Lambdas: P=1.245, B=1.377, G=1.407
  Lambdas: P=1.045, B=1.165, G=1.465
  XGBoost params: n_estimators=573, max_depth=14
  Starting cross-validation...
  XGBoost params: n_estimators=4977, max_depth=12
  Starting cross-validation...
  Trial 1568 MSE: 0.000004 | MAPE: 0.15% | R²: -0.090851
  Trial time: 31.4s
[I 2026-03-13 06:57:48,555] Trial 1568 finished with value: 3.90365694138468e-06 and parameters: {'lambda_P': 0.6198775617850849, 'lambda_B': 1.258284794655474, 'lambda_G': 1.05879137613637, 'n_estimators': 5704, 'max_depth': 20, 'learning_rate': 0.04959993479928168, 'subsample': 0.802239809017659, 'colsample_bytree': 0.3383386121814838, 'colsample_bylevel': 0.4038328249503618, 'reg_alpha': 0.10031858527177673, 'reg_lambda': 0.5219389144854565, 'gamma': 0.0008108645975620451, 'min_child_weight': 13}. Best is trial 1422 with value: 2.996031181594198e-06.

[Trial 1591/5000] Starting at 06:57:48
  Lambdas: P=0.845, B=1.482, G=1.843
  XGBoost params: n_estimators=343, max_depth=10
  Starting cross-validation...
  Trial 1583 MSE: 0.000005 | MAPE: 0.16% | R²: -0.314049
  Trial time: 9.2s
[I 2026-03-13 06:57:49,151] Trial 1583 finished with value: 5.076887518448612e-06 and parameters: {'lambda_P': 1.2305773467514034, 'lambda_B': 1.270912280405258, 'lambda_G': 1.312890549125784, 'n_estimators': 2337, 'max_depth': 12, 'learning_rate': 0.0014552111491539495, 'subsample': 0.8559064719568308, 'colsample_bytree': 0.4055825022137127, 'colsample_bylevel': 0.6634757860108931, 'reg_alpha': 1.4213236129792466, 'reg_lambda': 3.387554287316637, 'gamma': 0.00040152384082604734, 'min_child_weight': 18}. Best is trial 1422 with value: 2.996031181594198e-06.

[Trial 1592/5000] Starting at 06:57:49
  Lambdas: P=0.825, B=1.538, G=1.746
  XGBoost params: n_estimators=7250, max_depth=19
  Starting cross-validation...
  Trial 1570 MSE: 0.000003 | MAPE: 0.14% | R²: 0.040233
  Trial time: 30.2s
[I 2026-03-13 06:57:50,659] Trial 1570 finished with value: 3.354254361705692e-06 and parameters: {'lambda_P': 0.7110982500283679, 'lambda_B': 1.2724763017011695, 'lambda_G': 1.1326238194038298, 'n_estimators': 5643, 'max_depth': 19, 'learning_rate': 0.19381769285389622, 'subsample': 0.9040871265170193, 'colsample_bytree': 0.3013162142633168, 'colsample_bylevel': 0.618534487732592, 'reg_alpha': 0.017837836506418847, 'reg_lambda': 1.1482630317436933, 'gamma': 0.00014857642568283263, 'min_child_weight': 13}. Best is trial 1422 with value: 2.996031181594198e-06.

[Trial 1593/5000] Starting at 06:57:50
  Lambdas: P=0.778, B=1.663, G=1.226
  XGBoost params: n_estimators=3638, max_depth=12
  Starting cross-validation...
  Trial 1588 MSE: 0.000005 | MAPE: 0.16% | R²: -0.255761
  Trial time: 4.1s
  Trial 1590 MSE: 0.000005 | MAPE: 0.16% | R²: -0.266551
  Trial time: 2.6s
[I 2026-03-13 06:57:51,262] Trial 1588 finished with value: 4.848106002841978e-06 and parameters: {'lambda_P': 1.2450706897164714, 'lambda_B': 1.3774372787403553, 'lambda_G': 1.407048327516094, 'n_estimators': 573, 'max_depth': 14, 'learning_rate': 0.0017214950051578724, 'subsample': 0.7946947257893252, 'colsample_bytree': 0.3544096245795166, 'colsample_bylevel': 0.7636556606405224, 'reg_alpha': 0.8918013130018314, 'reg_lambda': 2.4643805333540616, 'gamma': 0.0001287969060375229, 'min_child_weight': 20}. Best is trial 1422 with value: 2.996031181594198e-06.
[I 2026-03-13 06:57:51,346] Trial 1590 finished with value: 4.860220028226571e-06 and parameters: {'lambda_P': 0.8454957826765812, 'lambda_B': 1.481646929831911, 'lambda_G': 1.8428039695191898, 'n_estimators': 343, 'max_depth': 10, 'learning_rate': 0.002341159586273419, 'subsample': 0.7846038362575861, 'colsample_bytree': 0.3690605615031447, 'colsample_bylevel': 0.625298278929685, 'reg_alpha': 0.6900175115648863, 'reg_lambda': 2.830121111840543, 'gamma': 0.00037437332164272103, 'min_child_weight': 17}. Best is trial 1422 with value: 2.996031181594198e-06.

[Trial 1594/5000] Starting at 06:57:51

[Trial 1595/5000] Starting at 06:57:51
  Lambdas: P=0.993, B=1.548, G=1.773
  Lambdas: P=0.957, B=1.368, G=1.397
  XGBoost params: n_estimators=3057, max_depth=15
  Starting cross-validation...
  XGBoost params: n_estimators=5745, max_depth=19
  Starting cross-validation...
  Trial 1584 MSE: 0.000005 | MAPE: 0.16% | R²: -0.265559
  Trial time: 10.3s
[I 2026-03-13 06:57:53,517] Trial 1584 finished with value: 4.934248736138565e-06 and parameters: {'lambda_P': 1.2080004650923815, 'lambda_B': 1.6361195553926375, 'lambda_G': 1.4958375889441031, 'n_estimators': 1731, 'max_depth': 15, 'learning_rate': 0.0014689475943173574, 'subsample': 0.986360622488021, 'colsample_bytree': 0.3322841015238043, 'colsample_bylevel': 0.7810744747576371, 'reg_alpha': 0.8955652508011043, 'reg_lambda': 1.4820643064844388, 'gamma': 0.0007659663165761959, 'min_child_weight': 19}. Best is trial 1422 with value: 2.996031181594198e-06.

[Trial 1596/5000] Starting at 06:57:53
  Lambdas: P=1.107, B=1.122, G=1.755
  XGBoost params: n_estimators=8681, max_depth=20
  Starting cross-validation...
  Trial 1571 MSE: 0.000005 | MAPE: 0.16% | R²: -0.314049
  Trial time: 31.2s
[I 2026-03-13 06:57:54,344] Trial 1571 finished with value: 5.076887518448612e-06 and parameters: {'lambda_P': 1.0952988869931017, 'lambda_B': 0.9960176710821242, 'lambda_G': 1.5409089594915573, 'n_estimators': 5538, 'max_depth': 18, 'learning_rate': 0.0012877418638278602, 'subsample': 0.9719493434661006, 'colsample_bytree': 0.4121926308903055, 'colsample_bylevel': 0.6858761701849783, 'reg_alpha': 2.727494491195056, 'reg_lambda': 4.001390114695516, 'gamma': 0.00011776502364042673, 'min_child_weight': 20}. Best is trial 1422 with value: 2.996031181594198e-06.

[Trial 1597/5000] Starting at 06:57:54
  Lambdas: P=0.867, B=1.544, G=1.806
  XGBoost params: n_estimators=7352, max_depth=17
  Starting cross-validation...
  Trial 1587 MSE: 0.000004 | MAPE: 0.15% | R²: -0.103160
  Trial time: 14.0s
[I 2026-03-13 06:57:59,705] Trial 1587 finished with value: 4.109586847624532e-06 and parameters: {'lambda_P': 1.2628526246733354, 'lambda_B': 1.1912758346497465, 'lambda_G': 1.631304943640755, 'n_estimators': 2800, 'max_depth': 13, 'learning_rate': 0.0019672141618616067, 'subsample': 0.9530453079610471, 'colsample_bytree': 0.43054712775363985, 'colsample_bylevel': 0.793720557801718, 'reg_alpha': 0.6408185550551405, 'reg_lambda': 0.44119919568572186, 'gamma': 0.00018928746524511037, 'min_child_weight': 15}. Best is trial 1422 with value: 2.996031181594198e-06.

[Trial 1598/5000] Starting at 06:57:59
  Trial 1586 MSE: 0.000004 | MAPE: 0.15% | R²: -0.160688
  Trial time: 14.8s
[I 2026-03-13 06:58:00,111] Trial 1586 finished with value: 4.331900183174649e-06 and parameters: {'lambda_P': 1.039281555764479, 'lambda_B': 1.1737606975460548, 'lambda_G': 1.1367066274511979, 'n_estimators': 2908, 'max_depth': 11, 'learning_rate': 0.0036282106099692927, 'subsample': 0.959858108505293, 'colsample_bytree': 0.5615680577311107, 'colsample_bylevel': 0.6854459548678495, 'reg_alpha': 0.35803109688629253, 'reg_lambda': 0.8928894880660427, 'gamma': 0.0008267384536668981, 'min_child_weight': 18}. Best is trial 1422 with value: 2.996031181594198e-06.

[Trial 1599/5000] Starting at 06:58:00
  Lambdas: P=0.957, B=1.284, G=1.487
  XGBoost params: n_estimators=3338, max_depth=19
  Starting cross-validation...
  Lambdas: P=0.515, B=1.123, G=1.000
  XGBoost params: n_estimators=4877, max_depth=18
  Starting cross-validation...
  Trial 1585 MSE: 0.000004 | MAPE: 0.15% | R²: -0.067417
  Trial time: 17.2s
[I 2026-03-13 06:58:01,371] Trial 1585 finished with value: 3.7769659079978977e-06 and parameters: {'lambda_P': 0.7894125650600627, 'lambda_B': 1.2031884596225861, 'lambda_G': 1.6756001321407754, 'n_estimators': 3343, 'max_depth': 12, 'learning_rate': 0.0019677696257295973, 'subsample': 0.9539456122434418, 'colsample_bytree': 0.3859395790134294, 'colsample_bylevel': 0.9951685374910813, 'reg_alpha': 0.08230193191135513, 'reg_lambda': 0.6829682001953866, 'gamma': 0.000481343771188581, 'min_child_weight': 20}. Best is trial 1422 with value: 2.996031181594198e-06.

[Trial 1600/5000] Starting at 06:58:01
  Lambdas: P=0.848, B=1.249, G=1.589
  XGBoost params: n_estimators=5893, max_depth=17
  Starting cross-validation...
  Trial 1578 MSE: 0.000005 | MAPE: 0.16% | R²: -0.314049
  Trial time: 32.2s
[I 2026-03-13 06:58:02,149] Trial 1578 finished with value: 5.076887518448612e-06 and parameters: {'lambda_P': 1.0814581054362222, 'lambda_B': 1.633314089081489, 'lambda_G': 1.2364846022983438, 'n_estimators': 6205, 'max_depth': 19, 'learning_rate': 0.0028323635065828174, 'subsample': 0.883474153003215, 'colsample_bytree': 0.4643155858076996, 'colsample_bylevel': 0.649174919960396, 'reg_alpha': 2.1099196229581305, 'reg_lambda': 0.10508431272313223, 'gamma': 0.000127517417016432, 'min_child_weight': 20}. Best is trial 1422 with value: 2.996031181594198e-06.

[Trial 1601/5000] Starting at 06:58:02
  Trial 1580 MSE: 0.000005 | MAPE: 0.16% | R²: -0.255395
  Trial time: 30.6s
[I 2026-03-13 06:58:02,496] Trial 1580 finished with value: 4.89720314028565e-06 and parameters: {'lambda_P': 0.6290432970133618, 'lambda_B': 1.6622234521888788, 'lambda_G': 1.0429399372065207, 'n_estimators': 6582, 'max_depth': 15, 'learning_rate': 0.042424797425085085, 'subsample': 0.8969591895356409, 'colsample_bytree': 0.33269642991722276, 'colsample_bylevel': 0.648436026069458, 'reg_alpha': 1.0912969084226667, 'reg_lambda': 0.3793012961658513, 'gamma': 0.00022724402049664424, 'min_child_weight': 15}. Best is trial 1422 with value: 2.996031181594198e-06.

[Trial 1602/5000] Starting at 06:58:02
  Lambdas: P=0.675, B=1.440, G=1.048
  XGBoost params: n_estimators=734, max_depth=2
  Starting cross-validation...
  Lambdas: P=0.999, B=1.167, G=1.359
  XGBoost params: n_estimators=6242, max_depth=20
  Starting cross-validation...
  Trial 1600 MSE: 0.000005 | MAPE: 0.16% | R²: -0.282743
  Trial time: 3.8s
[I 2026-03-13 06:58:06,178] Trial 1600 finished with value: 4.987180979402363e-06 and parameters: {'lambda_P': 0.675193876723953, 'lambda_B': 1.4402306688427524, 'lambda_G': 1.048081981060492, 'n_estimators': 734, 'max_depth': 2, 'learning_rate': 0.0013113331409517867, 'subsample': 0.6217027980775819, 'colsample_bytree': 0.7297484338984509, 'colsample_bylevel': 0.3624527584126067, 'reg_alpha': 0.5227146870050171, 'reg_lambda': 9.819036192077606, 'gamma': 0.0007753906698357421, 'min_child_weight': 11}. Best is trial 1422 with value: 2.996031181594198e-06.

[Trial 1603/5000] Starting at 06:58:06
  Trial 1594 MSE: 0.000005 | MAPE: 0.16% | R²: -0.314049
  Trial time: 14.9s
[I 2026-03-13 06:58:06,562] Trial 1594 finished with value: 5.076887518448612e-06 and parameters: {'lambda_P': 0.9934583887686051, 'lambda_B': 1.5478929117704399, 'lambda_G': 1.7733628190692388, 'n_estimators': 3057, 'max_depth': 15, 'learning_rate': 0.003608235471779049, 'subsample': 0.9863825552481406, 'colsample_bytree': 0.5040031426557148, 'colsample_bylevel': 0.8799698746463804, 'reg_alpha': 1.2829253956786117, 'reg_lambda': 3.365821552632323, 'gamma': 0.0007893478886559457, 'min_child_weight': 20}. Best is trial 1422 with value: 2.996031181594198e-06.

[Trial 1604/5000] Starting at 06:58:06
  Lambdas: P=0.844, B=1.311, G=1.754
  XGBoost params: n_estimators=5309, max_depth=20
  Starting cross-validation...
  Lambdas: P=0.912, B=1.255, G=1.045
  XGBoost params: n_estimators=7013, max_depth=18
  Starting cross-validation...
  Trial 1592 MSE: 0.000004 | MAPE: 0.15% | R²: -0.095433
  Trial time: 16.4s
[I 2026-03-13 06:58:07,311] Trial 1592 finished with value: 4.108855572636282e-06 and parameters: {'lambda_P': 0.7780965481195383, 'lambda_B': 1.6632894376996528, 'lambda_G': 1.2264335983218817, 'n_estimators': 3638, 'max_depth': 12, 'learning_rate': 0.002560850647370021, 'subsample': 0.9308764415931268, 'colsample_bytree': 0.5535895072626857, 'colsample_bylevel': 0.8242714001845051, 'reg_alpha': 0.7261620449493503, 'reg_lambda': 1.2357902093799904, 'gamma': 0.00010288384472470961, 'min_child_weight': 19}. Best is trial 1422 with value: 2.996031181594198e-06.

[Trial 1605/5000] Starting at 06:58:07
  Lambdas: P=0.630, B=0.805, G=1.264
  XGBoost params: n_estimators=5210, max_depth=18
  Starting cross-validation...
  Trial 1582 MSE: 0.000005 | MAPE: 0.16% | R²: -0.250597
  Trial time: 32.5s
[I 2026-03-13 06:58:11,526] Trial 1582 finished with value: 4.89403385724212e-06 and parameters: {'lambda_P': 1.143523126516154, 'lambda_B': 1.042440912381799, 'lambda_G': 1.3252769260858355, 'n_estimators': 6411, 'max_depth': 20, 'learning_rate': 0.006071156360876316, 'subsample': 0.9006028359445986, 'colsample_bytree': 0.31863326057819014, 'colsample_bylevel': 0.7614917786689087, 'reg_alpha': 1.1959574955731802, 'reg_lambda': 1.3001479527809774, 'gamma': 0.00012425633288180602, 'min_child_weight': 15}. Best is trial 1422 with value: 2.996031181594198e-06.

[Trial 1606/5000] Starting at 06:58:11
  Lambdas: P=1.284, B=1.696, G=1.676
  XGBoost params: n_estimators=3587, max_depth=19
  Starting cross-validation...
  Trial 1589 MSE: 0.000005 | MAPE: 0.16% | R²: -0.314049
  Trial time: 25.2s
[I 2026-03-13 06:58:12,637] Trial 1589 finished with value: 5.076887518448612e-06 and parameters: {'lambda_P': 1.0449062367158732, 'lambda_B': 1.1651084483143956, 'lambda_G': 1.4652420415080314, 'n_estimators': 4977, 'max_depth': 12, 'learning_rate': 0.003881362177411148, 'subsample': 0.7091888829732308, 'colsample_bytree': 0.46231224197850596, 'colsample_bylevel': 0.8095623716639095, 'reg_alpha': 1.8848696819117583, 'reg_lambda': 1.2547282198412757, 'gamma': 0.00011587926071459459, 'min_child_weight': 20}. Best is trial 1422 with value: 2.996031181594198e-06.

[Trial 1607/5000] Starting at 06:58:12
  Lambdas: P=0.661, B=1.162, G=1.550
  XGBoost params: n_estimators=5178, max_depth=20
  Starting cross-validation...
  Trial 1581 MSE: 0.000005 | MAPE: 0.16% | R²: -0.314049
  Trial time: 37.2s
[I 2026-03-13 06:58:13,803] Trial 1581 finished with value: 5.076887518448612e-06 and parameters: {'lambda_P': 0.9812345462618901, 'lambda_B': 0.9987170172093933, 'lambda_G': 1.1315173850183131, 'n_estimators': 7141, 'max_depth': 18, 'learning_rate': 0.0015771229752057408, 'subsample': 0.9722945236175713, 'colsample_bytree': 0.3927765521775984, 'colsample_bylevel': 0.6983799589250937, 'reg_alpha': 3.017637278326584, 'reg_lambda': 1.8287553721920426, 'gamma': 0.0001371652669534618, 'min_child_weight': 20}. Best is trial 1422 with value: 2.996031181594198e-06.

[Trial 1608/5000] Starting at 06:58:13
  Lambdas: P=0.552, B=1.180, G=1.480
  XGBoost params: n_estimators=5204, max_depth=18
  Starting cross-validation...
  Trial 1597 MSE: 0.000005 | MAPE: 0.16% | R²: -0.314049
  Trial time: 14.7s
[I 2026-03-13 06:58:14,574] Trial 1597 finished with value: 5.076887518448612e-06 and parameters: {'lambda_P': 0.9569473744353674, 'lambda_B': 1.283762658418596, 'lambda_G': 1.4868786641022482, 'n_estimators': 3338, 'max_depth': 19, 'learning_rate': 0.0010361512107123782, 'subsample': 0.7912858987669569, 'colsample_bytree': 0.5048390018094864, 'colsample_bylevel': 0.6098559742000738, 'reg_alpha': 1.5732264766632376, 'reg_lambda': 0.8636269860315937, 'gamma': 0.00014958450723126046, 'min_child_weight': 18}. Best is trial 1422 with value: 2.996031181594198e-06.

[Trial 1609/5000] Starting at 06:58:14
  Lambdas: P=0.514, B=1.018, G=0.982
  XGBoost params: n_estimators=4756, max_depth=17
  Starting cross-validation...
  Trial 1593 MSE: 0.000005 | MAPE: 0.16% | R²: -0.314049
  Trial time: 27.6s
[I 2026-03-13 06:58:19,269] Trial 1593 finished with value: 5.076887518448612e-06 and parameters: {'lambda_P': 0.9572655234032946, 'lambda_B': 1.367640970073591, 'lambda_G': 1.3970164734199275, 'n_estimators': 5745, 'max_depth': 19, 'learning_rate': 0.005216339315928, 'subsample': 0.9632904558560152, 'colsample_bytree': 0.5367506641592072, 'colsample_bylevel': 0.5751747679851655, 'reg_alpha': 1.6928944435378515, 'reg_lambda': 0.04104823063699725, 'gamma': 0.00013847532816690838, 'min_child_weight': 20}. Best is trial 1422 with value: 2.996031181594198e-06.

[Trial 1610/5000] Starting at 06:58:19
  Lambdas: P=0.735, B=1.064, G=1.263
  XGBoost params: n_estimators=3866, max_depth=18
  Starting cross-validation...
  Trial 1591 MSE: 0.000004 | MAPE: 0.15% | R²: -0.133012
  Trial time: 33.4s
[I 2026-03-13 06:58:22,816] Trial 1591 finished with value: 4.31247579410591e-06 and parameters: {'lambda_P': 0.8252670903432271, 'lambda_B': 1.5378594142014412, 'lambda_G': 1.7462032652759567, 'n_estimators': 7250, 'max_depth': 19, 'learning_rate': 0.0028080586053547763, 'subsample': 0.8719456382350113, 'colsample_bytree': 0.4255910247061263, 'colsample_bylevel': 0.7120906023911995, 'reg_alpha': 0.8291804953301778, 'reg_lambda': 2.4535797335919174, 'gamma': 0.00010165803176844978, 'min_child_weight': 20}. Best is trial 1422 with value: 2.996031181594198e-06.

[Trial 1611/5000] Starting at 06:58:22
  Lambdas: P=0.809, B=1.113, G=0.694
  XGBoost params: n_estimators=6424, max_depth=19
  Starting cross-validation...
  Trial 1598 MSE: 0.000004 | MAPE: 0.15% | R²: -0.150905
  Trial time: 24.7s
[I 2026-03-13 06:58:25,031] Trial 1598 finished with value: 4.407523438407493e-06 and parameters: {'lambda_P': 0.5150228749201555, 'lambda_B': 1.1233486777583375, 'lambda_G': 1.0003898909187503, 'n_estimators': 4877, 'max_depth': 18, 'learning_rate': 0.0024646490573599386, 'subsample': 0.956624868826386, 'colsample_bytree': 0.44361432050994337, 'colsample_bylevel': 0.8048556885644181, 'reg_alpha': 0.9377705535606138, 'reg_lambda': 1.9034238757764599, 'gamma': 0.00013265292421564561, 'min_child_weight': 16}. Best is trial 1422 with value: 2.996031181594198e-06.

[Trial 1612/5000] Starting at 06:58:25
  Lambdas: P=0.572, B=1.489, G=0.896
  XGBoost params: n_estimators=3983, max_depth=18
  Starting cross-validation...
  Trial 1604 MSE: 0.000004 | MAPE: 0.15% | R²: -0.069425
  Trial time: 18.7s
[I 2026-03-13 06:58:26,212] Trial 1604 finished with value: 3.86129118801585e-06 and parameters: {'lambda_P': 0.629999813925525, 'lambda_B': 0.8054856287679752, 'lambda_G': 1.2635723344741385, 'n_estimators': 5210, 'max_depth': 18, 'learning_rate': 0.004392892617839726, 'subsample': 0.8385888084333308, 'colsample_bytree': 0.513240608293523, 'colsample_bylevel': 0.7439784567730996, 'reg_alpha': 0.2721561413841411, 'reg_lambda': 1.3509592663064287, 'gamma': 0.000275674728152258, 'min_child_weight': 19}. Best is trial 1422 with value: 2.996031181594198e-06.

[Trial 1613/5000] Starting at 06:58:26
  Lambdas: P=0.877, B=1.177, G=0.787
  XGBoost params: n_estimators=3613, max_depth=19
  Starting cross-validation...
  Trial 1605 MSE: 0.000003 | MAPE: 0.14% | R²: 0.043080
  Trial time: 17.2s
[I 2026-03-13 06:58:28,889] Trial 1605 finished with value: 3.327804792393649e-06 and parameters: {'lambda_P': 1.2840311199403025, 'lambda_B': 1.696230880885576, 'lambda_G': 1.6757237086785353, 'n_estimators': 3587, 'max_depth': 19, 'learning_rate': 0.0031923539147987443, 'subsample': 0.9018826790342577, 'colsample_bytree': 0.3269860978842083, 'colsample_bylevel': 0.5811505870757534, 'reg_alpha': 0.2143866654350065, 'reg_lambda': 1.3140480725335788, 'gamma': 0.00011978331242127841, 'min_child_weight': 7}. Best is trial 1422 with value: 2.996031181594198e-06.

[Trial 1614/5000] Starting at 06:58:28
  Lambdas: P=1.608, B=0.856, G=1.165
  XGBoost params: n_estimators=7957, max_depth=8
  Starting cross-validation...
  Trial 1596 MSE: 0.000005 | MAPE: 0.16% | R²: -0.314049
  Trial time: 35.6s
[I 2026-03-13 06:58:30,205] Trial 1596 finished with value: 5.076887518448612e-06 and parameters: {'lambda_P': 0.8674926825513469, 'lambda_B': 1.5436302117478045, 'lambda_G': 1.806052196169142, 'n_estimators': 7352, 'max_depth': 17, 'learning_rate': 0.00857308154232107, 'subsample': 0.9665113245157619, 'colsample_bytree': 0.41552755714863354, 'colsample_bylevel': 0.6615771943276999, 'reg_alpha': 2.6423810531817455, 'reg_lambda': 0.301061886050781, 'gamma': 0.00011926058393145978, 'min_child_weight': 14}. Best is trial 1422 with value: 2.996031181594198e-06.

[Trial 1615/5000] Starting at 06:58:30
  Lambdas: P=0.573, B=0.658, G=0.738
  Trial 1599 MSE: 0.000005 | MAPE: 0.16% | R²: -0.294017
  Trial time: 29.2s
[I 2026-03-13 06:58:30,778] Trial 1599 finished with value: 5.023562623063185e-06 and parameters: {'lambda_P': 0.8476999551025333, 'lambda_B': 1.2487025570610735, 'lambda_G': 1.5886441681430106, 'n_estimators': 5893, 'max_depth': 17, 'learning_rate': 0.006533358825326577, 'subsample': 0.937905547124323, 'colsample_bytree': 0.3435774214382193, 'colsample_bylevel': 0.6875555908215325, 'reg_alpha': 1.2772290982254597, 'reg_lambda': 2.7609192567493572, 'gamma': 0.0003187662519560518, 'min_child_weight': 19}. Best is trial 1422 with value: 2.996031181594198e-06.
  XGBoost params: n_estimators=9199, max_depth=8
  Starting cross-validation...

[Trial 1616/5000] Starting at 06:58:30
  Lambdas: P=1.886, B=1.195, G=0.598
  XGBoost params: n_estimators=9211, max_depth=12
  Starting cross-validation...
  Trial 1602 MSE: 0.000004 | MAPE: 0.15% | R²: -0.147211
  Trial time: 26.8s
