[I 2026-03-13 07:15:25,627] Trial 2104 finished with value: 3.385443214448045e-06 and parameters: {'lambda_P': 1.0393668143676762, 'lambda_B': 1.0421825785555383, 'lambda_G': 0.6315130239911042, 'n_estimators': 9917, 'max_depth': 12, 'learning_rate': 0.0030373664400035554, 'subsample': 0.7541822691851265, 'colsample_bytree': 0.6002211072704696, 'colsample_bylevel': 0.35304317623537274, 'reg_alpha': 0.18022808236224058, 'reg_lambda': 0.36483781015254124, 'gamma': 0.00011269936904071118, 'min_child_weight': 3}. Best is trial 1422 with value: 2.996031181594198e-06.

[Trial 2130/5000] Starting at 07:15:25
  Lambdas: P=1.246, B=0.823, G=1.014
  XGBoost params: n_estimators=8044, max_depth=15
  Starting cross-validation...
  Trial 2127 MSE: 0.000005 | MAPE: 0.16% | R²: -0.314049
  Trial time: 9.8s
[I 2026-03-13 07:15:27,483] Trial 2127 finished with value: 5.076887518448612e-06 and parameters: {'lambda_P': 0.6286002287460535, 'lambda_B': 0.8230386229498663, 'lambda_G': 1.5794320782686322, 'n_estimators': 2103, 'max_depth': 19, 'learning_rate': 0.28148598971982314, 'subsample': 0.9974243673295633, 'colsample_bytree': 0.73871246903752, 'colsample_bylevel': 0.4895682318405393, 'reg_alpha': 3.6291414463513147, 'reg_lambda': 5.490588747413897, 'gamma': 0.05195775751901258, 'min_child_weight': 7}. Best is trial 1422 with value: 2.996031181594198e-06.

[Trial 2131/5000] Starting at 07:15:27
  Lambdas: P=1.922, B=1.967, G=0.653
  XGBoost params: n_estimators=3509, max_depth=17
  Starting cross-validation...
  Trial 2111 MSE: 0.000005 | MAPE: 0.16% | R²: -0.314049
  Trial time: 35.3s
[I 2026-03-13 07:15:30,403] Trial 2111 finished with value: 5.076887518448612e-06 and parameters: {'lambda_P': 1.9808239863436197, 'lambda_B': 0.6626109032426454, 'lambda_G': 0.9239898829190409, 'n_estimators': 7031, 'max_depth': 8, 'learning_rate': 0.23773262804901885, 'subsample': 0.7388758876000048, 'colsample_bytree': 0.3959581036098715, 'colsample_bylevel': 0.32248720350867793, 'reg_alpha': 1.4987399187181998, 'reg_lambda': 8.240180064186223, 'gamma': 0.0002455718028680757, 'min_child_weight': 8}. Best is trial 1422 with value: 2.996031181594198e-06.

[Trial 2132/5000] Starting at 07:15:30
  Lambdas: P=1.173, B=1.876, G=1.784
  XGBoost params: n_estimators=6668, max_depth=9
  Starting cross-validation...
  Trial 2119 MSE: 0.000004 | MAPE: 0.14% | R²: -0.058753
  Trial time: 31.3s
[I 2026-03-13 07:15:33,388] Trial 2119 finished with value: 3.750607212369416e-06 and parameters: {'lambda_P': 1.9878302374530434, 'lambda_B': 0.5755091793947559, 'lambda_G': 0.8733365132545445, 'n_estimators': 6503, 'max_depth': 10, 'learning_rate': 0.024594657702573023, 'subsample': 0.5248500233555414, 'colsample_bytree': 0.348209849342853, 'colsample_bylevel': 0.3446200846260599, 'reg_alpha': 0.21330086680868826, 'reg_lambda': 9.960555730472572, 'gamma': 0.00012570612333270495, 'min_child_weight': 12}. Best is trial 1422 with value: 2.996031181594198e-06.

[Trial 2133/5000] Starting at 07:15:33
  Lambdas: P=1.796, B=0.519, G=0.949
  XGBoost params: n_estimators=6714, max_depth=4
  Starting cross-validation...
  Trial 2128 MSE: 0.000005 | MAPE: 0.16% | R²: -0.314049
  Trial time: 19.0s
[I 2026-03-13 07:15:37,573] Trial 2128 finished with value: 5.076887518448612e-06 and parameters: {'lambda_P': 1.9955456247845815, 'lambda_B': 1.8601641433046217, 'lambda_G': 1.944239018115264, 'n_estimators': 4107, 'max_depth': 18, 'learning_rate': 0.0026860990134658738, 'subsample': 0.8176666124127575, 'colsample_bytree': 0.8849604315973709, 'colsample_bylevel': 0.3525977189110057, 'reg_alpha': 6.441430493855232, 'reg_lambda': 6.460432062512057, 'gamma': 0.00028919417870081955, 'min_child_weight': 20}. Best is trial 1422 with value: 2.996031181594198e-06.

[Trial 2134/5000] Starting at 07:15:37
  Lambdas: P=1.674, B=1.387, G=0.524
  XGBoost params: n_estimators=6204, max_depth=13
  Starting cross-validation...
  Trial 2117 MSE: 0.000003 | MAPE: 0.13% | R²: 0.085731
  Trial time: 38.5s
[I 2026-03-13 07:15:39,170] Trial 2117 finished with value: 3.085590056512001e-06 and parameters: {'lambda_P': 1.3400440064097745, 'lambda_B': 0.9571230665988646, 'lambda_G': 1.3266449429077325, 'n_estimators': 8466, 'max_depth': 11, 'learning_rate': 0.0028013071239640086, 'subsample': 0.5479155141408163, 'colsample_bytree': 0.33767606774577275, 'colsample_bylevel': 0.62470994610106, 'reg_alpha': 0.0212566319997958, 'reg_lambda': 5.222711005891517, 'gamma': 0.00010280716107344663, 'min_child_weight': 5}. Best is trial 1422 with value: 2.996031181594198e-06.

[Trial 2135/5000] Starting at 07:15:39
  Lambdas: P=1.395, B=1.102, G=1.296
  XGBoost params: n_estimators=8154, max_depth=6
  Starting cross-validation...
  Trial 2123 MSE: 0.000003 | MAPE: 0.13% | R²: 0.090072
  Trial time: 31.7s
[I 2026-03-13 07:15:42,039] Trial 2123 finished with value: 3.0293096159785333e-06 and parameters: {'lambda_P': 1.9805771174803717, 'lambda_B': 0.7725270453165238, 'lambda_G': 1.0870207874578663, 'n_estimators': 7089, 'max_depth': 4, 'learning_rate': 0.03250155172473599, 'subsample': 0.6296376674337963, 'colsample_bytree': 0.3366831112784858, 'colsample_bylevel': 0.30822216526121254, 'reg_alpha': 0.012279101308522819, 'reg_lambda': 8.23822488331058, 'gamma': 0.00012575750223960512, 'min_child_weight': 12}. Best is trial 1422 with value: 2.996031181594198e-06.

[Trial 2136/5000] Starting at 07:15:42
  Trial 2113 MSE: 0.000005 | MAPE: 0.16% | R²: -0.314049
  Trial time: 45.2s
[I 2026-03-13 07:15:42,240] Trial 2113 finished with value: 5.076887518448612e-06 and parameters: {'lambda_P': 1.6830906218701458, 'lambda_B': 0.6161844898541783, 'lambda_G': 0.7810362055570079, 'n_estimators': 9379, 'max_depth': 3, 'learning_rate': 0.02814234008002026, 'subsample': 0.9652297906852482, 'colsample_bytree': 0.5104487257519231, 'colsample_bylevel': 0.5796893779125575, 'reg_alpha': 2.418955348337335, 'reg_lambda': 0.20587562582861382, 'gamma': 0.00010026069306472098, 'min_child_weight': 5}. Best is trial 1422 with value: 2.996031181594198e-06.

[Trial 2137/5000] Starting at 07:15:42
  Lambdas: P=1.095, B=1.007, G=1.273
  XGBoost params: n_estimators=5985, max_depth=15
  Starting cross-validation...
  Lambdas: P=1.268, B=0.696, G=1.299
  XGBoost params: n_estimators=7185, max_depth=7
  Starting cross-validation...
  Trial 2124 MSE: 0.000005 | MAPE: 0.16% | R²: -0.314049
  Trial time: 31.6s
[I 2026-03-13 07:15:43,506] Trial 2124 finished with value: 5.076887518448612e-06 and parameters: {'lambda_P': 0.8507525305094938, 'lambda_B': 1.7432297219507165, 'lambda_G': 0.8149544081936361, 'n_estimators': 8078, 'max_depth': 9, 'learning_rate': 0.15908060027658577, 'subsample': 0.3471967289091224, 'colsample_bytree': 0.7972830064342645, 'colsample_bylevel': 0.7722306147771721, 'reg_alpha': 5.157435150395754, 'reg_lambda': 4.285441888361877, 'gamma': 0.0005034563303520145, 'min_child_weight': 10}. Best is trial 1422 with value: 2.996031181594198e-06.

[Trial 2138/5000] Starting at 07:15:43
  Trial 2122 MSE: 0.000004 | MAPE: 0.14% | R²: -0.041754
  Trial time: 35.6s
[I 2026-03-13 07:15:43,874] Trial 2122 finished with value: 3.6191352781333646e-06 and parameters: {'lambda_P': 1.9814180535917978, 'lambda_B': 0.6927227603217998, 'lambda_G': 1.5428174981595295, 'n_estimators': 7185, 'max_depth': 9, 'learning_rate': 0.07985803054444207, 'subsample': 0.8128094400152913, 'colsample_bytree': 0.34954843438284877, 'colsample_bylevel': 0.5864315846265631, 'reg_alpha': 0.30763909507653425, 'reg_lambda': 9.191431676513655, 'gamma': 0.00020828666747727467, 'min_child_weight': 12}. Best is trial 1422 with value: 2.996031181594198e-06.

[Trial 2139/5000] Starting at 07:15:43
  Lambdas: P=1.009, B=0.947, G=1.588
  XGBoost params: n_estimators=8191, max_depth=12
  Starting cross-validation...
  Lambdas: P=1.311, B=0.981, G=1.288
  XGBoost params: n_estimators=9883, max_depth=12
  Starting cross-validation...
  Trial 2126 MSE: 0.000004 | MAPE: 0.15% | R²: -0.133892
  Trial time: 31.7s
[I 2026-03-13 07:15:45,082] Trial 2126 finished with value: 4.26156869973111e-06 and parameters: {'lambda_P': 1.9926873670145286, 'lambda_B': 1.3564522227798756, 'lambda_G': 1.505550916314949, 'n_estimators': 7266, 'max_depth': 9, 'learning_rate': 0.06444487454503976, 'subsample': 0.6374325870874286, 'colsample_bytree': 0.3004758056185946, 'colsample_bylevel': 0.38817923435007096, 'reg_alpha': 0.5084326381196711, 'reg_lambda': 8.048234678148637, 'gamma': 0.00019189707796804232, 'min_child_weight': 16}. Best is trial 1422 with value: 2.996031181594198e-06.

[Trial 2140/5000] Starting at 07:15:45
  Lambdas: P=0.941, B=0.875, G=1.555
  XGBoost params: n_estimators=7608, max_depth=11
  Starting cross-validation...
  Trial 2130 MSE: 0.000004 | MAPE: 0.15% | R²: -0.095775
  Trial time: 18.8s
[I 2026-03-13 07:15:46,515] Trial 2130 finished with value: 4.0467711230972075e-06 and parameters: {'lambda_P': 1.9218566010818894, 'lambda_B': 1.9667925384790401, 'lambda_G': 0.6528479603479104, 'n_estimators': 3509, 'max_depth': 17, 'learning_rate': 0.0019527313546088484, 'subsample': 0.794736780765002, 'colsample_bytree': 0.6388184395800485, 'colsample_bylevel': 0.7738762662101046, 'reg_alpha': 0.49416846771390266, 'reg_lambda': 2.44697120626186, 'gamma': 0.00016846869518930387, 'min_child_weight': 10}. Best is trial 1422 with value: 2.996031181594198e-06.

[Trial 2141/5000] Starting at 07:15:46
  Trial 2118 MSE: 0.000005 | MAPE: 0.16% | R²: -0.314049
  Trial time: 44.7s
[I 2026-03-13 07:15:46,722] Trial 2118 finished with value: 5.076887518448612e-06 and parameters: {'lambda_P': 1.402988202881728, 'lambda_B': 0.70205067586773, 'lambda_G': 1.4173215369145888, 'n_estimators': 8885, 'max_depth': 18, 'learning_rate': 0.13945902147365455, 'subsample': 0.5554701421698324, 'colsample_bytree': 0.7251736942990717, 'colsample_bylevel': 0.6061837698304535, 'reg_alpha': 9.545603594747798, 'reg_lambda': 0.45097673132199745, 'gamma': 0.004644372783252311, 'min_child_weight': 18}. Best is trial 1422 with value: 2.996031181594198e-06.

[Trial 2142/5000] Starting at 07:15:46
  Lambdas: P=1.331, B=1.235, G=1.204
  Lambdas: P=1.234, B=0.940, G=1.561
  XGBoost params: n_estimators=7059, max_depth=12
  Starting cross-validation...
  XGBoost params: n_estimators=7988, max_depth=11
  Starting cross-validation...
  Trial 2125 MSE: 0.000005 | MAPE: 0.16% | R²: -0.314049
  Trial time: 38.1s
[I 2026-03-13 07:15:50,763] Trial 2125 finished with value: 5.076887518448612e-06 and parameters: {'lambda_P': 1.437736169637, 'lambda_B': 1.811210829552199, 'lambda_G': 1.7785379044436462, 'n_estimators': 7251, 'max_depth': 11, 'learning_rate': 0.0031967159686837406, 'subsample': 0.8025997631708974, 'colsample_bytree': 0.5493263784683506, 'colsample_bylevel': 0.30997235024253234, 'reg_alpha': 1.644315680408613, 'reg_lambda': 9.94254429487862, 'gamma': 0.0001112865389497785, 'min_child_weight': 18}. Best is trial 1422 with value: 2.996031181594198e-06.

[Trial 2143/5000] Starting at 07:15:50
  Lambdas: P=0.964, B=0.801, G=1.142
  XGBoost params: n_estimators=9186, max_depth=9
  Starting cross-validation...
  Trial 2120 MSE: 0.000005 | MAPE: 0.16% | R²: -0.314049
  Trial time: 46.4s
[I 2026-03-13 07:15:52,430] Trial 2120 finished with value: 5.076887518448612e-06 and parameters: {'lambda_P': 1.91595319880927, 'lambda_B': 1.6820828122075633, 'lambda_G': 1.2183723650662484, 'n_estimators': 9022, 'max_depth': 15, 'learning_rate': 0.07332093572028542, 'subsample': 0.7943779071715201, 'colsample_bytree': 0.9950956693164884, 'colsample_bylevel': 0.914917552119728, 'reg_alpha': 7.777640969956048, 'reg_lambda': 1.39863616503817, 'gamma': 0.0469912018756477, 'min_child_weight': 19}. Best is trial 1422 with value: 2.996031181594198e-06.

[Trial 2144/5000] Starting at 07:15:52
  Lambdas: P=1.114, B=0.868, G=1.324
  XGBoost params: n_estimators=9507, max_depth=9
  Starting cross-validation...
  Trial 2129 MSE: 0.000005 | MAPE: 0.16% | R²: -0.314049
  Trial time: 36.6s
[I 2026-03-13 07:16:02,406] Trial 2129 finished with value: 5.076887518448612e-06 and parameters: {'lambda_P': 1.245860866884613, 'lambda_B': 0.822974028126864, 'lambda_G': 1.0137091884449396, 'n_estimators': 8044, 'max_depth': 15, 'learning_rate': 0.08647789266260156, 'subsample': 0.9089712436358115, 'colsample_bytree': 0.81819890769056, 'colsample_bylevel': 0.4116863974375071, 'reg_alpha': 9.960464077553734, 'reg_lambda': 5.564295776023234, 'gamma': 0.0019172805439938447, 'min_child_weight': 2}. Best is trial 1422 with value: 2.996031181594198e-06.

[Trial 2145/5000] Starting at 07:16:02
  Lambdas: P=1.731, B=0.939, G=1.710
  XGBoost params: n_estimators=7716, max_depth=10
  Starting cross-validation...
  Trial 2131 MSE: 0.000005 | MAPE: 0.16% | R²: -0.199121
  Trial time: 32.7s
[I 2026-03-13 07:16:03,312] Trial 2131 finished with value: 4.6545021858844666e-06 and parameters: {'lambda_P': 1.1728297599635777, 'lambda_B': 1.875510369140503, 'lambda_G': 1.7836138357760458, 'n_estimators': 6668, 'max_depth': 9, 'learning_rate': 0.014675168884091051, 'subsample': 0.9359503942264961, 'colsample_bytree': 0.5049206904304977, 'colsample_bylevel': 0.530675615443168, 'reg_alpha': 1.1208063056466762, 'reg_lambda': 6.561553633186632, 'gamma': 0.00010308554538041137, 'min_child_weight': 11}. Best is trial 1422 with value: 2.996031181594198e-06.

[Trial 2146/5000] Starting at 07:16:03
  Lambdas: P=1.090, B=0.638, G=1.716
  XGBoost params: n_estimators=7844, max_depth=5
  Starting cross-validation...
  Trial 2132 MSE: 0.000005 | MAPE: 0.16% | R²: -0.314049
  Trial time: 33.6s
[I 2026-03-13 07:16:07,250] Trial 2132 finished with value: 5.076887518448612e-06 and parameters: {'lambda_P': 1.7963960879912606, 'lambda_B': 0.5190640055579807, 'lambda_G': 0.9494185313846262, 'n_estimators': 6714, 'max_depth': 4, 'learning_rate': 0.1144225990862015, 'subsample': 0.8029587443164563, 'colsample_bytree': 0.8025367712687521, 'colsample_bylevel': 0.9747285556486421, 'reg_alpha': 1.2019467144492326, 'reg_lambda': 7.804518578621741, 'gamma': 0.03891084274743145, 'min_child_weight': 12}. Best is trial 1422 with value: 2.996031181594198e-06.

[Trial 2147/5000] Starting at 07:16:07
  Trial 2133 MSE: 0.000005 | MAPE: 0.16% | R²: -0.314049
  Trial time: 29.7s
[I 2026-03-13 07:16:07,450] Trial 2133 finished with value: 5.076887518448612e-06 and parameters: {'lambda_P': 1.6741696281983287, 'lambda_B': 1.386945425618874, 'lambda_G': 0.5235183947837821, 'n_estimators': 6204, 'max_depth': 13, 'learning_rate': 0.02402167033846951, 'subsample': 0.6341737874481879, 'colsample_bytree': 0.3387718290515396, 'colsample_bylevel': 0.405540398264949, 'reg_alpha': 4.293370794860581, 'reg_lambda': 3.460555076797382, 'gamma': 0.00021118355592296756, 'min_child_weight': 5}. Best is trial 1422 with value: 2.996031181594198e-06.

[Trial 2148/5000] Starting at 07:16:07
  Lambdas: P=0.825, B=0.639, G=0.794
  Lambdas: P=1.291, B=0.881, G=1.022
  XGBoost params: n_estimators=9547, max_depth=15
  Starting cross-validation...
  XGBoost params: n_estimators=9361, max_depth=11
  Starting cross-validation...
  Trial 2136 MSE: 0.000005 | MAPE: 0.16% | R²: -0.314049
  Trial time: 29.1s
[I 2026-03-13 07:16:11,575] Trial 2136 finished with value: 5.076887518448612e-06 and parameters: {'lambda_P': 1.0952100390293558, 'lambda_B': 1.0070824593541658, 'lambda_G': 1.2734018646907947, 'n_estimators': 5985, 'max_depth': 15, 'learning_rate': 0.0010095849733025215, 'subsample': 0.5102317917649931, 'colsample_bytree': 0.45375043162174095, 'colsample_bylevel': 0.6244900037958077, 'reg_alpha': 2.662823644846399, 'reg_lambda': 4.013681807893142, 'gamma': 0.00011989983702724015, 'min_child_weight': 13}. Best is trial 1422 with value: 2.996031181594198e-06.

[Trial 2149/5000] Starting at 07:16:11
  Lambdas: P=1.055, B=1.082, G=1.284
  XGBoost params: n_estimators=7990, max_depth=14
  Starting cross-validation...
  Trial 2134 MSE: 0.000005 | MAPE: 0.16% | R²: -0.314049
  Trial time: 34.2s
[I 2026-03-13 07:16:13,565] Trial 2134 finished with value: 5.076887518448612e-06 and parameters: {'lambda_P': 1.3949629192747208, 'lambda_B': 1.1022124263487059, 'lambda_G': 1.296205339363044, 'n_estimators': 8154, 'max_depth': 6, 'learning_rate': 0.001014113480017427, 'subsample': 0.45172530164302777, 'colsample_bytree': 0.4243563392923143, 'colsample_bylevel': 0.8499703751957797, 'reg_alpha': 1.1191136603904215, 'reg_lambda': 6.228862781920794, 'gamma': 0.0001108369254978892, 'min_child_weight': 8}. Best is trial 1422 with value: 2.996031181594198e-06.

[Trial 2150/5000] Starting at 07:16:13
  Lambdas: P=1.320, B=0.933, G=1.211
  XGBoost params: n_estimators=6706, max_depth=10
  Starting cross-validation...
  Trial 2135 MSE: 0.000005 | MAPE: 0.16% | R²: -0.287501
  Trial time: 35.8s
[I 2026-03-13 07:16:18,122] Trial 2135 finished with value: 4.999483347992208e-06 and parameters: {'lambda_P': 1.2682957830314054, 'lambda_B': 0.6963397938628628, 'lambda_G': 1.2991501103866112, 'n_estimators': 7185, 'max_depth': 7, 'learning_rate': 0.003528494264281898, 'subsample': 0.3374916372211757, 'colsample_bytree': 0.39173101542362754, 'colsample_bylevel': 0.49582221798838366, 'reg_alpha': 0.3808104640570813, 'reg_lambda': 6.9097136904313965, 'gamma': 0.0003015630375746477, 'min_child_weight': 8}. Best is trial 1422 with value: 2.996031181594198e-06.

[Trial 2151/5000] Starting at 07:16:18
  Lambdas: P=0.923, B=0.884, G=1.363
  XGBoost params: n_estimators=6602, max_depth=13
  Starting cross-validation...
  Trial 2137 MSE: 0.000005 | MAPE: 0.16% | R²: -0.314049
  Trial time: 35.7s
[I 2026-03-13 07:16:19,461] Trial 2137 finished with value: 5.076887518448612e-06 and parameters: {'lambda_P': 1.0086572621337095, 'lambda_B': 0.9471275487120869, 'lambda_G': 1.5882961834768279, 'n_estimators': 8191, 'max_depth': 12, 'learning_rate': 0.005532148862253215, 'subsample': 0.33880588562156855, 'colsample_bytree': 0.4194884931559385, 'colsample_bylevel': 0.5732221695955247, 'reg_alpha': 0.7960191420209108, 'reg_lambda': 4.974417285549013, 'gamma': 0.00012055194065434447, 'min_child_weight': 3}. Best is trial 1422 with value: 2.996031181594198e-06.

[Trial 2152/5000] Starting at 07:16:19
  Lambdas: P=1.969, B=0.534, G=1.042
  XGBoost params: n_estimators=8157, max_depth=2
  Starting cross-validation...
  Trial 2140 MSE: 0.000005 | MAPE: 0.16% | R²: -0.314049
  Trial time: 34.2s
[I 2026-03-13 07:16:20,962] Trial 2140 finished with value: 5.076887518448612e-06 and parameters: {'lambda_P': 1.3306541262686111, 'lambda_B': 1.234941685311536, 'lambda_G': 1.2040496099067914, 'n_estimators': 7059, 'max_depth': 12, 'learning_rate': 0.0014005382092534388, 'subsample': 0.5356809927564735, 'colsample_bytree': 0.31556543051184577, 'colsample_bylevel': 0.6284382053279078, 'reg_alpha': 0.9703014208013709, 'reg_lambda': 3.0992806755320212, 'gamma': 0.00010091530133715008, 'min_child_weight': 4}. Best is trial 1422 with value: 2.996031181594198e-06.

[Trial 2153/5000] Starting at 07:16:21
  Lambdas: P=1.368, B=0.554, G=0.924
  XGBoost params: n_estimators=8958, max_depth=11
  Starting cross-validation...
  Trial 2139 MSE: 0.000005 | MAPE: 0.16% | R²: -0.271851
  Trial time: 37.4s
[I 2026-03-13 07:16:22,719] Trial 2139 finished with value: 4.954451020888292e-06 and parameters: {'lambda_P': 0.9409889165168126, 'lambda_B': 0.8750151956897352, 'lambda_G': 1.5549154468337925, 'n_estimators': 7608, 'max_depth': 11, 'learning_rate': 0.0030201612867718094, 'subsample': 0.5338505740571012, 'colsample_bytree': 0.44899046062566256, 'colsample_bylevel': 0.6145965483458293, 'reg_alpha': 0.5622775835547144, 'reg_lambda': 3.6163517174448394, 'gamma': 0.0004186289777018258, 'min_child_weight': 2}. Best is trial 1422 with value: 2.996031181594198e-06.

[Trial 2154/5000] Starting at 07:16:22
  Lambdas: P=1.792, B=1.183, G=1.094
  XGBoost params: n_estimators=9852, max_depth=3
  Starting cross-validation...
  Trial 2141 MSE: 0.000004 | MAPE: 0.16% | R²: -0.179069
  Trial time: 40.2s
[I 2026-03-13 07:16:27,198] Trial 2141 finished with value: 4.3772433324495655e-06 and parameters: {'lambda_P': 1.2335072213281717, 'lambda_B': 0.9395589139462197, 'lambda_G': 1.560910510435059, 'n_estimators': 7988, 'max_depth': 11, 'learning_rate': 0.010492839687136041, 'subsample': 0.5822293334263821, 'colsample_bytree': 0.31022934489321, 'colsample_bylevel': 0.6127840347101712, 'reg_alpha': 0.09909086513777443, 'reg_lambda': 3.723996559245511, 'gamma': 0.0009333164369238058, 'min_child_weight': 10}. Best is trial 1422 with value: 2.996031181594198e-06.

[Trial 2155/5000] Starting at 07:16:27
  Lambdas: P=1.201, B=0.582, G=1.256
  XGBoost params: n_estimators=9355, max_depth=11
  Starting cross-validation...
  Trial 2138 MSE: 0.000005 | MAPE: 0.16% | R²: -0.314049
  Trial time: 47.8s
[I 2026-03-13 07:16:31,877] Trial 2138 finished with value: 5.076887518448612e-06 and parameters: {'lambda_P': 1.3109653335063298, 'lambda_B': 0.9806587390708159, 'lambda_G': 1.288268317276856, 'n_estimators': 9883, 'max_depth': 12, 'learning_rate': 0.0012617161245580268, 'subsample': 0.3775038213526223, 'colsample_bytree': 0.4007871529376281, 'colsample_bylevel': 0.6786597669578531, 'reg_alpha': 1.3609017865329787, 'reg_lambda': 5.537894028911186, 'gamma': 0.0008088022208387819, 'min_child_weight': 5}. Best is trial 1422 with value: 2.996031181594198e-06.

[Trial 2156/5000] Starting at 07:16:31
  Lambdas: P=1.358, B=1.114, G=1.208
  XGBoost params: n_estimators=7225, max_depth=13
  Starting cross-validation...
  Trial 2142 MSE: 0.000005 | MAPE: 0.16% | R²: -0.314049
  Trial time: 43.9s
