[I 2026-03-13 06:15:39,025] Trial 196 finished with value: 5.076887518448612e-06 and parameters: {'lambda_P': 0.7081297778604045, 'lambda_B': 0.7305339520100353, 'lambda_G': 1.749616594979102, 'n_estimators': 7443, 'max_depth': 11, 'learning_rate': 0.07451736432752483, 'subsample': 0.5736049793317002, 'colsample_bytree': 0.646187985115106, 'colsample_bylevel': 0.6351721500640848, 'reg_alpha': 1.1815089676527957, 'reg_lambda': 4.4676766945611215, 'gamma': 0.0001759790236455905, 'min_child_weight': 1}. Best is trial 138 with value: 3.778356983372113e-06.

[Trial 217/5000] Starting at 06:15:39
  Lambdas: P=0.947, B=0.817, G=1.315
  XGBoost params: n_estimators=3399, max_depth=14
  Starting cross-validation...
  Trial 203 MSE: 0.000005 | MAPE: 0.16% | R²: -0.314049
  Trial time: 26.5s
[I 2026-03-13 06:15:40,766] Trial 203 finished with value: 5.076887518448612e-06 and parameters: {'lambda_P': 0.5620101225165388, 'lambda_B': 1.1591538229808975, 'lambda_G': 1.11299534395117, 'n_estimators': 4953, 'max_depth': 4, 'learning_rate': 0.056850856768291005, 'subsample': 0.5803230315133479, 'colsample_bytree': 0.6455923629956495, 'colsample_bylevel': 0.3793604554667062, 'reg_alpha': 7.7242943979882135, 'reg_lambda': 0.05910655001697962, 'gamma': 0.00013248388398294522, 'min_child_weight': 11}. Best is trial 138 with value: 3.778356983372113e-06.

[Trial 218/5000] Starting at 06:15:40
  Lambdas: P=1.335, B=1.828, G=1.643
  XGBoost params: n_estimators=9815, max_depth=4
  Starting cross-validation...
  Trial 213 MSE: 0.000005 | MAPE: 0.16% | R²: -0.314049
  Trial time: 8.6s
[I 2026-03-13 06:15:41,482] Trial 213 finished with value: 5.076887518448612e-06 and parameters: {'lambda_P': 1.3369392831134115, 'lambda_B': 1.1887000060921147, 'lambda_G': 1.5210015409093125, 'n_estimators': 1955, 'max_depth': 15, 'learning_rate': 0.0012616160536542066, 'subsample': 0.31029798290154975, 'colsample_bytree': 0.6144888039330929, 'colsample_bylevel': 0.8999099866365041, 'reg_alpha': 4.907046850926217, 'reg_lambda': 1.3667782991372013, 'gamma': 0.0001618579819542053, 'min_child_weight': 17}. Best is trial 138 with value: 3.778356983372113e-06.

[Trial 219/5000] Starting at 06:15:41
  Lambdas: P=1.749, B=1.532, G=0.689
  XGBoost params: n_estimators=892, max_depth=15
  Starting cross-validation...
  Trial 218 MSE: 0.000005 | MAPE: 0.16% | R²: -0.314049
  Trial time: 3.9s
[I 2026-03-13 06:15:45,580] Trial 218 finished with value: 5.076887518448612e-06 and parameters: {'lambda_P': 1.7488528633038163, 'lambda_B': 1.532415047798438, 'lambda_G': 0.6886077197911771, 'n_estimators': 892, 'max_depth': 15, 'learning_rate': 0.02413747565780776, 'subsample': 0.3731298015362137, 'colsample_bytree': 0.4638633956540884, 'colsample_bylevel': 0.5754741252267623, 'reg_alpha': 0.8480166129993039, 'reg_lambda': 8.826345498228228, 'gamma': 0.0005052193078887899, 'min_child_weight': 17}. Best is trial 138 with value: 3.778356983372113e-06.

[Trial 220/5000] Starting at 06:15:45
  Lambdas: P=1.265, B=1.559, G=1.931
  XGBoost params: n_estimators=3242, max_depth=16
  Starting cross-validation...
  Trial 215 MSE: 0.000005 | MAPE: 0.16% | R²: -0.314049
  Trial time: 10.2s
[I 2026-03-13 06:15:47,664] Trial 215 finished with value: 5.076887518448612e-06 and parameters: {'lambda_P': 1.3746223166784153, 'lambda_B': 0.9984553515690588, 'lambda_G': 1.0093900828280982, 'n_estimators': 2063, 'max_depth': 11, 'learning_rate': 0.09875655154543962, 'subsample': 0.4961351280128381, 'colsample_bytree': 0.5194229344886919, 'colsample_bylevel': 0.3121787606110621, 'reg_alpha': 2.2743105700681197, 'reg_lambda': 9.061542431153379, 'gamma': 0.006625845058586588, 'min_child_weight': 15}. Best is trial 138 with value: 3.778356983372113e-06.

[Trial 221/5000] Starting at 06:15:47
  Lambdas: P=1.287, B=1.327, G=1.949
  XGBoost params: n_estimators=1841, max_depth=16
  Starting cross-validation...
  Trial 191 MSE: 0.000005 | MAPE: 0.16% | R²: -0.314049
  Trial time: 53.1s
[I 2026-03-13 06:15:48,201] Trial 191 finished with value: 5.076887518448612e-06 and parameters: {'lambda_P': 1.1838182801319437, 'lambda_B': 0.7375912791042614, 'lambda_G': 0.6787555895829694, 'n_estimators': 9700, 'max_depth': 2, 'learning_rate': 0.0026351888501478737, 'subsample': 0.36318776016965315, 'colsample_bytree': 0.46902831922660837, 'colsample_bylevel': 0.8801463454266432, 'reg_alpha': 6.997294310965102, 'reg_lambda': 9.241162281265268, 'gamma': 0.00371675210930789, 'min_child_weight': 7}. Best is trial 138 with value: 3.778356983372113e-06.

[Trial 222/5000] Starting at 06:15:48
  Lambdas: P=1.121, B=0.804, G=1.141
  XGBoost params: n_estimators=6606, max_depth=8
  Starting cross-validation...
  Trial 201 MSE: 0.000005 | MAPE: 0.16% | R²: -0.313864
  Trial time: 36.7s
[I 2026-03-13 06:15:49,423] Trial 201 finished with value: 5.074057783193198e-06 and parameters: {'lambda_P': 1.4618420316787055, 'lambda_B': 1.0265654341544177, 'lambda_G': 1.6384416907152755, 'n_estimators': 8891, 'max_depth': 19, 'learning_rate': 0.10869087989823567, 'subsample': 0.8314673686757124, 'colsample_bytree': 0.5598136188992788, 'colsample_bylevel': 0.5744876955314847, 'reg_alpha': 1.235394391211958, 'reg_lambda': 7.938733771879325, 'gamma': 0.0003398008878636079, 'min_child_weight': 8}. Best is trial 138 with value: 3.778356983372113e-06.

[Trial 223/5000] Starting at 06:15:49
  Lambdas: P=0.933, B=0.980, G=1.544
  XGBoost params: n_estimators=3310, max_depth=16
  Starting cross-validation...
  Trial 211 MSE: 0.000005 | MAPE: 0.16% | R²: -0.314049
  Trial time: 18.7s
[I 2026-03-13 06:15:50,542] Trial 211 finished with value: 5.076887518448612e-06 and parameters: {'lambda_P': 1.052111747007575, 'lambda_B': 1.6866938730765473, 'lambda_G': 1.2208886764189038, 'n_estimators': 3537, 'max_depth': 2, 'learning_rate': 0.0014303613396271547, 'subsample': 0.7043717696128637, 'colsample_bytree': 0.3863441679095108, 'colsample_bylevel': 0.836156251160681, 'reg_alpha': 4.7628939996143735, 'reg_lambda': 7.805967124948705, 'gamma': 0.004382015113840042, 'min_child_weight': 2}. Best is trial 138 with value: 3.778356983372113e-06.

[Trial 224/5000] Starting at 06:15:50
  Lambdas: P=0.778, B=1.201, G=0.926
  XGBoost params: n_estimators=2848, max_depth=7
  Starting cross-validation...
  Trial 206 MSE: 0.000004 | MAPE: 0.15% | R²: -0.117194
  Trial time: 34.0s
[I 2026-03-13 06:15:54,078] Trial 206 finished with value: 4.2285203541201755e-06 and parameters: {'lambda_P': 1.5025857592240819, 'lambda_B': 1.8757107570838576, 'lambda_G': 1.832683445146606, 'n_estimators': 6530, 'max_depth': 16, 'learning_rate': 0.4275941822133325, 'subsample': 0.6598429788698463, 'colsample_bytree': 0.7028302727367003, 'colsample_bylevel': 0.3676647901241369, 'reg_alpha': 0.320636343602686, 'reg_lambda': 5.8026826459997105, 'gamma': 0.001407993038424588, 'min_child_weight': 20}. Best is trial 138 with value: 3.778356983372113e-06.

[Trial 225/5000] Starting at 06:15:54
  Lambdas: P=0.961, B=1.666, G=1.849
  XGBoost params: n_estimators=1435, max_depth=6
  Starting cross-validation...
  Trial 216 MSE: 0.000005 | MAPE: 0.16% | R²: -0.314049
  Trial time: 16.8s
[I 2026-03-13 06:15:55,978] Trial 216 finished with value: 5.076887518448612e-06 and parameters: {'lambda_P': 0.9473552726273468, 'lambda_B': 0.8173186168262536, 'lambda_G': 1.3151462292470462, 'n_estimators': 3399, 'max_depth': 14, 'learning_rate': 0.05903669807095617, 'subsample': 0.3648487490189879, 'colsample_bytree': 0.9236141009418646, 'colsample_bylevel': 0.6547970889057015, 'reg_alpha': 7.883799700632247, 'reg_lambda': 3.9767652327461347, 'gamma': 0.0014527321967664417, 'min_child_weight': 8}. Best is trial 138 with value: 3.778356983372113e-06.

[Trial 226/5000] Starting at 06:15:56
  Lambdas: P=1.248, B=1.470, G=1.015
  XGBoost params: n_estimators=4718, max_depth=14
  Starting cross-validation...
  Trial 220 MSE: 0.000005 | MAPE: 0.16% | R²: -0.314049
  Trial time: 9.3s
[I 2026-03-13 06:15:57,168] Trial 220 finished with value: 5.076887518448612e-06 and parameters: {'lambda_P': 1.2874746515753106, 'lambda_B': 1.3271409394300744, 'lambda_G': 1.9494833091373054, 'n_estimators': 1841, 'max_depth': 16, 'learning_rate': 0.0010258161204285635, 'subsample': 0.4214472026033367, 'colsample_bytree': 0.6983497081700492, 'colsample_bylevel': 0.6194218382878081, 'reg_alpha': 3.9433380823887534, 'reg_lambda': 6.143923949567784, 'gamma': 0.00014470558184853218, 'min_child_weight': 3}. Best is trial 138 with value: 3.778356983372113e-06.

[Trial 227/5000] Starting at 06:15:57
  Lambdas: P=0.918, B=0.774, G=0.549
  XGBoost params: n_estimators=7950, max_depth=6
  Starting cross-validation...
  Trial 210 MSE: 0.000005 | MAPE: 0.16% | R²: -0.314049
  Trial time: 27.8s
[I 2026-03-13 06:15:58,102] Trial 210 finished with value: 5.076887518448612e-06 and parameters: {'lambda_P': 1.8785638941404545, 'lambda_B': 1.2917803815397875, 'lambda_G': 1.7097074580766674, 'n_estimators': 5189, 'max_depth': 14, 'learning_rate': 0.005244783154466933, 'subsample': 0.4515684707816992, 'colsample_bytree': 0.4128634414300354, 'colsample_bylevel': 0.639616684243579, 'reg_alpha': 9.209995042366101, 'reg_lambda': 9.709138403858455, 'gamma': 0.002107230125787644, 'min_child_weight': 4}. Best is trial 138 with value: 3.778356983372113e-06.

[Trial 228/5000] Starting at 06:15:58
  Lambdas: P=0.873, B=0.642, G=0.943
  XGBoost params: n_estimators=7052, max_depth=15
  Starting cross-validation...
  Trial 212 MSE: 0.000005 | MAPE: 0.16% | R²: -0.314049
  Trial time: 26.4s
[I 2026-03-13 06:15:58,799] Trial 212 finished with value: 5.076887518448612e-06 and parameters: {'lambda_P': 0.8671656066286775, 'lambda_B': 0.6266719397685, 'lambda_G': 1.419754609047321, 'n_estimators': 6366, 'max_depth': 11, 'learning_rate': 0.0073840065750648545, 'subsample': 0.5339883112485081, 'colsample_bytree': 0.7738946895336323, 'colsample_bylevel': 0.991276856898347, 'reg_alpha': 3.2820008139709635, 'reg_lambda': 0.6122332320630997, 'gamma': 0.010489118597530886, 'min_child_weight': 14}. Best is trial 138 with value: 3.778356983372113e-06.

[Trial 229/5000] Starting at 06:15:58
  Lambdas: P=1.052, B=0.918, G=1.622
  XGBoost params: n_estimators=1187, max_depth=12
  Starting cross-validation...
  Trial 224 MSE: 0.000005 | MAPE: 0.16% | R²: -0.314049
  Trial time: 7.5s
[I 2026-03-13 06:16:01,769] Trial 224 finished with value: 5.076887518448612e-06 and parameters: {'lambda_P': 0.9608608400711378, 'lambda_B': 1.666409417278906, 'lambda_G': 1.848670666044312, 'n_estimators': 1435, 'max_depth': 6, 'learning_rate': 0.02467193687396922, 'subsample': 0.7137824516237594, 'colsample_bytree': 0.3721787231166327, 'colsample_bylevel': 0.7805017487614213, 'reg_alpha': 7.779987038128234, 'reg_lambda': 6.964930520406908, 'gamma': 0.015397158168794809, 'min_child_weight': 12}. Best is trial 138 with value: 3.778356983372113e-06.

[Trial 230/5000] Starting at 06:16:01
  Lambdas: P=0.903, B=0.989, G=0.575
  XGBoost params: n_estimators=3282, max_depth=2
  Starting cross-validation...
  Trial 222 MSE: 0.000005 | MAPE: 0.16% | R²: -0.314049
  Trial time: 12.6s
[I 2026-03-13 06:16:02,234] Trial 222 finished with value: 5.076887518448612e-06 and parameters: {'lambda_P': 0.9330290451356777, 'lambda_B': 0.9800304800001771, 'lambda_G': 1.544087972704902, 'n_estimators': 3310, 'max_depth': 16, 'learning_rate': 0.002315570851648993, 'subsample': 0.6420803749605917, 'colsample_bytree': 0.9791473091615879, 'colsample_bylevel': 0.5120477564108709, 'reg_alpha': 1.7400407192235379, 'reg_lambda': 3.738606487007168, 'gamma': 0.0013684381658304351, 'min_child_weight': 20}. Best is trial 138 with value: 3.778356983372113e-06.

[Trial 231/5000] Starting at 06:16:02
  Lambdas: P=0.914, B=1.350, G=0.501
  XGBoost params: n_estimators=2320, max_depth=14
  Starting cross-validation...
  Trial 219 MSE: 0.000005 | MAPE: 0.16% | R²: -0.314049
  Trial time: 17.3s
[I 2026-03-13 06:16:03,125] Trial 219 finished with value: 5.076887518448612e-06 and parameters: {'lambda_P': 1.2651240668652988, 'lambda_B': 1.55893849332683, 'lambda_G': 1.9305435253924677, 'n_estimators': 3242, 'max_depth': 16, 'learning_rate': 0.22615985135761824, 'subsample': 0.6180665642995264, 'colsample_bytree': 0.9288957887122693, 'colsample_bylevel': 0.8968464293493958, 'reg_alpha': 5.193048450529662, 'reg_lambda': 9.458194168182398, 'gamma': 0.00021477778567985454, 'min_child_weight': 12}. Best is trial 138 with value: 3.778356983372113e-06.

[Trial 232/5000] Starting at 06:16:03
  Lambdas: P=0.804, B=1.472, G=1.872
  XGBoost params: n_estimators=2166, max_depth=2
  Starting cross-validation...
  Trial 207 MSE: 0.000005 | MAPE: 0.16% | R²: -0.314049
  Trial time: 38.4s
[I 2026-03-13 06:16:04,019] Trial 207 finished with value: 5.076887518448612e-06 and parameters: {'lambda_P': 1.6015062973990284, 'lambda_B': 0.8308005360817237, 'lambda_G': 1.6230227953250833, 'n_estimators': 7027, 'max_depth': 8, 'learning_rate': 0.07920229847821526, 'subsample': 0.33233508287796176, 'colsample_bytree': 0.691763061632112, 'colsample_bylevel': 0.9474775143146006, 'reg_alpha': 6.664306127343634, 'reg_lambda': 9.519385450097475, 'gamma': 0.004092900465548877, 'min_child_weight': 4}. Best is trial 138 with value: 3.778356983372113e-06.

[Trial 233/5000] Starting at 06:16:04
  Lambdas: P=1.679, B=1.932, G=1.939
  XGBoost params: n_estimators=96, max_depth=13
  Starting cross-validation...
  Trial 228 MSE: 0.000004 | MAPE: 0.15% | R²: -0.163170
  Trial time: 5.5s
[I 2026-03-13 06:16:04,514] Trial 228 finished with value: 4.377349434128825e-06 and parameters: {'lambda_P': 1.0519022488767376, 'lambda_B': 0.9180769870461356, 'lambda_G': 1.62176110704533, 'n_estimators': 1187, 'max_depth': 12, 'learning_rate': 0.001170501229762018, 'subsample': 0.3695951240301866, 'colsample_bytree': 0.8228326754388058, 'colsample_bylevel': 0.905930128766625, 'reg_alpha': 0.26848635365520956, 'reg_lambda': 2.244146727777779, 'gamma': 0.00014949904799998443, 'min_child_weight': 13}. Best is trial 138 with value: 3.778356983372113e-06.

[Trial 234/5000] Starting at 06:16:04
  Lambdas: P=1.612, B=0.900, G=0.749
  XGBoost params: n_estimators=141, max_depth=2
  Starting cross-validation...
  Trial 232 MSE: 0.000005 | MAPE: 0.16% | R²: -0.314049
  Trial time: 0.9s
[I 2026-03-13 06:16:05,182] Trial 232 finished with value: 5.076887518448612e-06 and parameters: {'lambda_P': 1.6793675951040228, 'lambda_B': 1.9320874812159845, 'lambda_G': 1.938773007386124, 'n_estimators': 96, 'max_depth': 13, 'learning_rate': 0.20245618705790963, 'subsample': 0.34999584545308215, 'colsample_bytree': 0.8824949319943547, 'colsample_bylevel': 0.7754245674590043, 'reg_alpha': 0.6269532018588608, 'reg_lambda': 2.8560052595154897, 'gamma': 0.0003865850116317917, 'min_child_weight': 18}. Best is trial 138 with value: 3.778356983372113e-06.

[Trial 235/5000] Starting at 06:16:05
  Lambdas: P=1.657, B=0.985, G=1.445
  XGBoost params: n_estimators=2217, max_depth=5
  Starting cross-validation...
  Trial 233 MSE: 0.000005 | MAPE: 0.16% | R²: -0.314049
  Trial time: 1.0s
[I 2026-03-13 06:16:05,698] Trial 233 finished with value: 5.076887518448612e-06 and parameters: {'lambda_P': 1.6119315537859857, 'lambda_B': 0.8995221444835602, 'lambda_G': 0.7490241760940151, 'n_estimators': 141, 'max_depth': 2, 'learning_rate': 0.0026122276033519513, 'subsample': 0.931688359218932, 'colsample_bytree': 0.49621922075857067, 'colsample_bylevel': 0.8626632455290666, 'reg_alpha': 2.67155854813761, 'reg_lambda': 7.70634593765457, 'gamma': 0.02678443294550655, 'min_child_weight': 15}. Best is trial 138 with value: 3.778356983372113e-06.

[Trial 236/5000] Starting at 06:16:05
  Lambdas: P=1.699, B=1.166, G=0.871
  XGBoost params: n_estimators=2286, max_depth=17
  Starting cross-validation...
  Trial 223 MSE: 0.000005 | MAPE: 0.16% | R²: -0.314049
  Trial time: 16.0s
[I 2026-03-13 06:16:06,792] Trial 223 finished with value: 5.076887518448612e-06 and parameters: {'lambda_P': 0.7784507446147522, 'lambda_B': 1.2013406344945028, 'lambda_G': 0.926372751349102, 'n_estimators': 2848, 'max_depth': 7, 'learning_rate': 0.3224026788764389, 'subsample': 0.8769352995360551, 'colsample_bytree': 0.5928416129953431, 'colsample_bylevel': 0.3137035406338353, 'reg_alpha': 7.920939526631309, 'reg_lambda': 5.287440798566192, 'gamma': 0.01942843440517675, 'min_child_weight': 10}. Best is trial 138 with value: 3.778356983372113e-06.

[Trial 237/5000] Starting at 06:16:06
  Lambdas: P=1.465, B=1.185, G=1.901
  XGBoost params: n_estimators=2082, max_depth=18
  Starting cross-validation...
  Trial 209 MSE: 0.000005 | MAPE: 0.16% | R²: -0.314049
  Trial time: 38.8s
[I 2026-03-13 06:16:08,374] Trial 209 finished with value: 5.076887518448612e-06 and parameters: {'lambda_P': 1.921892041108154, 'lambda_B': 1.2363249322101109, 'lambda_G': 1.5982127661356524, 'n_estimators': 7008, 'max_depth': 19, 'learning_rate': 0.023682261341343668, 'subsample': 0.8534416513883909, 'colsample_bytree': 0.5709635138012831, 'colsample_bylevel': 0.3127388577187949, 'reg_alpha': 5.36326569336813, 'reg_lambda': 1.1870833410255188, 'gamma': 0.0011508848556081952, 'min_child_weight': 13}. Best is trial 138 with value: 3.778356983372113e-06.

[Trial 238/5000] Starting at 06:16:08
  Lambdas: P=1.431, B=1.075, G=1.226
  XGBoost params: n_estimators=9581, max_depth=3
  Starting cross-validation...
  Trial 230 MSE: 0.000005 | MAPE: 0.16% | R²: -0.314049
  Trial time: 9.7s
[I 2026-03-13 06:16:12,165] Trial 230 finished with value: 5.076887518448612e-06 and parameters: {'lambda_P': 0.9144906766103983, 'lambda_B': 1.349709477308298, 'lambda_G': 0.5006654323447534, 'n_estimators': 2320, 'max_depth': 14, 'learning_rate': 0.2815792867380577, 'subsample': 0.5198719025814614, 'colsample_bytree': 0.9417803233986812, 'colsample_bylevel': 0.9905109460799031, 'reg_alpha': 4.588980364633062, 'reg_lambda': 4.24341839285903, 'gamma': 0.009736662541294521, 'min_child_weight': 8}. Best is trial 138 with value: 3.778356983372113e-06.

[Trial 239/5000] Starting at 06:16:12
  Lambdas: P=1.352, B=1.297, G=1.430
  XGBoost params: n_estimators=2412, max_depth=16
  Starting cross-validation...
  Trial 235 MSE: 0.000005 | MAPE: 0.16% | R²: -0.314049
  Trial time: 8.4s
[I 2026-03-13 06:16:14,263] Trial 235 finished with value: 5.076887518448612e-06 and parameters: {'lambda_P': 1.698625610368873, 'lambda_B': 1.165502793848505, 'lambda_G': 0.8708654750838281, 'n_estimators': 2286, 'max_depth': 17, 'learning_rate': 0.023441900146173922, 'subsample': 0.5485807944544097, 'colsample_bytree': 0.8878259128575638, 'colsample_bylevel': 0.9576187126421773, 'reg_alpha': 4.553095394021471, 'reg_lambda': 1.9411647809279597, 'gamma': 0.0027844105107737594, 'min_child_weight': 10}. Best is trial 138 with value: 3.778356983372113e-06.

[Trial 240/5000] Starting at 06:16:14
  Lambdas: P=1.273, B=1.949, G=1.320
  XGBoost params: n_estimators=3988, max_depth=2
  Starting cross-validation...
  Trial 231 MSE: 0.000005 | MAPE: 0.16% | R²: -0.314049
  Trial time: 12.3s
[I 2026-03-13 06:16:15,638] Trial 231 finished with value: 5.076887518448612e-06 and parameters: {'lambda_P': 0.8040335606875204, 'lambda_B': 1.4724671578421873, 'lambda_G': 1.8723014701640794, 'n_estimators': 2166, 'max_depth': 2, 'learning_rate': 0.0023633701980932485, 'subsample': 0.4891986826836521, 'colsample_bytree': 0.577986510108199, 'colsample_bylevel': 0.8512604869811731, 'reg_alpha': 1.9376247540370606, 'reg_lambda': 8.731304615831156, 'gamma': 0.08286917294635907, 'min_child_weight': 5}. Best is trial 138 with value: 3.778356983372113e-06.

[Trial 241/5000] Starting at 06:16:15
  Lambdas: P=1.846, B=1.388, G=1.558
  XGBoost params: n_estimators=787, max_depth=5
  Starting cross-validation...
  Trial 234 MSE: 0.000005 | MAPE: 0.16% | R²: -0.314049
  Trial time: 11.4s
[I 2026-03-13 06:16:16,812] Trial 234 finished with value: 5.076887518448612e-06 and parameters: {'lambda_P': 1.6570536952977732, 'lambda_B': 0.9846898894853533, 'lambda_G': 1.4446517540276442, 'n_estimators': 2217, 'max_depth': 5, 'learning_rate': 0.24531937510253285, 'subsample': 0.5931974032547226, 'colsample_bytree': 0.5976136044631474, 'colsample_bylevel': 0.47633998654665777, 'reg_alpha': 2.6699030816199576, 'reg_lambda': 1.6546406690571436, 'gamma': 0.004620765408513154, 'min_child_weight': 8}. Best is trial 138 with value: 3.778356983372113e-06.

[Trial 242/5000] Starting at 06:16:16
  Lambdas: P=1.246, B=1.535, G=1.973
  XGBoost params: n_estimators=3738, max_depth=18
  Starting cross-validation...
  Trial 236 MSE: 0.000005 | MAPE: 0.16% | R²: -0.314049
  Trial time: 10.6s
[I 2026-03-13 06:16:17,650] Trial 236 finished with value: 5.076887518448612e-06 and parameters: {'lambda_P': 1.4653830479118477, 'lambda_B': 1.1854579147410962, 'lambda_G': 1.9010802326666245, 'n_estimators': 2082, 'max_depth': 18, 'learning_rate': 0.14670155500317678, 'subsample': 0.9527076291080843, 'colsample_bytree': 0.7446393726371094, 'colsample_bylevel': 0.481576175280801, 'reg_alpha': 6.953700557195043, 'reg_lambda': 4.231901352159091, 'gamma': 0.00011031007358259975, 'min_child_weight': 5}. Best is trial 138 with value: 3.778356983372113e-06.

[Trial 243/5000] Starting at 06:16:17
  Lambdas: P=1.730, B=1.193, G=1.417
  XGBoost params: n_estimators=6551, max_depth=5
  Starting cross-validation...
  Trial 208 MSE: 0.000005 | MAPE: 0.16% | R²: -0.314049
  Trial time: 50.6s
