[I 2026-03-13 06:26:29,933] Trial 557 finished with value: 5.076887518448612e-06 and parameters: {'lambda_P': 0.9411920368392549, 'lambda_B': 1.78376705462501, 'lambda_G': 1.1419522888097176, 'n_estimators': 7478, 'max_depth': 10, 'learning_rate': 0.006951501971460935, 'subsample': 0.3881724489376359, 'colsample_bytree': 0.4577649675829453, 'colsample_bylevel': 0.9932412613900791, 'reg_alpha': 1.2470459767296007, 'reg_lambda': 7.548706619079845, 'gamma': 0.00011150256707569791, 'min_child_weight': 18}. Best is trial 413 with value: 3.3629712059134554e-06.

[Trial 568/5000] Starting at 06:26:30
  Lambdas: P=0.746, B=1.868, G=1.081
  XGBoost params: n_estimators=7816, max_depth=10
  Starting cross-validation...
  Trial 559 MSE: 0.000005 | MAPE: 0.16% | R²: -0.253081
  Trial time: 28.4s
[I 2026-03-13 06:26:30,700] Trial 559 finished with value: 4.859433012243256e-06 and parameters: {'lambda_P': 0.6692872979937571, 'lambda_B': 1.4736857776376842, 'lambda_G': 1.08429319597956, 'n_estimators': 6704, 'max_depth': 7, 'learning_rate': 0.00189686636573508, 'subsample': 0.5301176753793071, 'colsample_bytree': 0.3592078348903115, 'colsample_bylevel': 0.6363735777989379, 'reg_alpha': 0.36641302268235737, 'reg_lambda': 7.656087624691025, 'gamma': 0.0007184154326645935, 'min_child_weight': 13}. Best is trial 413 with value: 3.3629712059134554e-06.

[Trial 569/5000] Starting at 06:26:30
  Lambdas: P=0.723, B=0.563, G=1.452
  XGBoost params: n_estimators=6037, max_depth=18
  Starting cross-validation...
  Trial 551 MSE: 0.000005 | MAPE: 0.16% | R²: -0.285704
  Trial time: 42.2s
[I 2026-03-13 06:26:32,655] Trial 551 finished with value: 4.995041124905313e-06 and parameters: {'lambda_P': 1.0281569132274386, 'lambda_B': 1.0522195003201535, 'lambda_G': 1.7007074010700118, 'n_estimators': 9532, 'max_depth': 13, 'learning_rate': 0.0020794167405014854, 'subsample': 0.9547242128594825, 'colsample_bytree': 0.5951587328162606, 'colsample_bylevel': 0.871009758842593, 'reg_alpha': 1.1297314974026547, 'reg_lambda': 3.155069572219942, 'gamma': 0.0004855205432988543, 'min_child_weight': 14}. Best is trial 413 with value: 3.3629712059134554e-06.

[Trial 570/5000] Starting at 06:26:32
  Lambdas: P=0.904, B=1.844, G=1.209
  XGBoost params: n_estimators=9303, max_depth=14
  Starting cross-validation...
  Trial 558 MSE: 0.000005 | MAPE: 0.16% | R²: -0.192287
  Trial time: 32.2s
[I 2026-03-13 06:26:33,767] Trial 558 finished with value: 4.563108678220931e-06 and parameters: {'lambda_P': 0.9738148716520524, 'lambda_B': 1.4443691552625009, 'lambda_G': 1.0410333217592014, 'n_estimators': 7568, 'max_depth': 11, 'learning_rate': 0.004820054341780158, 'subsample': 0.5968755978442062, 'colsample_bytree': 0.6120951411754875, 'colsample_bylevel': 0.8316050226201986, 'reg_alpha': 0.5775439069010799, 'reg_lambda': 8.348117074180779, 'gamma': 0.00021222689238864704, 'min_child_weight': 10}. Best is trial 413 with value: 3.3629712059134554e-06.

[Trial 571/5000] Starting at 06:26:33
  Lambdas: P=1.054, B=1.472, G=1.356
  XGBoost params: n_estimators=3201, max_depth=6
  Starting cross-validation...
  Trial 553 MSE: 0.000005 | MAPE: 0.16% | R²: -0.219963
  Trial time: 40.5s
[I 2026-03-13 06:26:35,818] Trial 553 finished with value: 4.758259968246819e-06 and parameters: {'lambda_P': 1.027635675508032, 'lambda_B': 1.0197576979545062, 'lambda_G': 1.497361649880104, 'n_estimators': 8907, 'max_depth': 12, 'learning_rate': 0.0022473586102571136, 'subsample': 0.8769658075587106, 'colsample_bytree': 0.40074249465556283, 'colsample_bylevel': 0.9563973641113364, 'reg_alpha': 1.0954368372019125, 'reg_lambda': 3.573404491506814, 'gamma': 0.00011308240814888009, 'min_child_weight': 15}. Best is trial 413 with value: 3.3629712059134554e-06.

[Trial 572/5000] Starting at 06:26:35
  Lambdas: P=1.012, B=1.742, G=1.146
  XGBoost params: n_estimators=7629, max_depth=3
  Starting cross-validation...
  Trial 556 MSE: 0.000005 | MAPE: 0.16% | R²: -0.306104
  Trial time: 40.1s
[I 2026-03-13 06:26:38,702] Trial 556 finished with value: 5.056470489632841e-06 and parameters: {'lambda_P': 0.7789018401387778, 'lambda_B': 1.3119109760002117, 'lambda_G': 1.1686247529531482, 'n_estimators': 8892, 'max_depth': 10, 'learning_rate': 0.0014708726126894068, 'subsample': 0.43044499783851636, 'colsample_bytree': 0.35932365456514437, 'colsample_bylevel': 0.7679205571792977, 'reg_alpha': 0.5727179943498937, 'reg_lambda': 8.351125995163798, 'gamma': 0.00031047938557794897, 'min_child_weight': 18}. Best is trial 413 with value: 3.3629712059134554e-06.

[Trial 573/5000] Starting at 06:26:38
  Lambdas: P=0.852, B=1.994, G=1.520
  XGBoost params: n_estimators=8300, max_depth=5
  Starting cross-validation...
  Trial 563 MSE: 0.000005 | MAPE: 0.16% | R²: -0.301672
  Trial time: 14.8s
[I 2026-03-13 06:26:39,445] Trial 563 finished with value: 5.044601825921476e-06 and parameters: {'lambda_P': 0.8247240017229722, 'lambda_B': 1.7853487888183766, 'lambda_G': 1.683993708533407, 'n_estimators': 3049, 'max_depth': 8, 'learning_rate': 0.16415992519752795, 'subsample': 0.7325102862506829, 'colsample_bytree': 0.43476150195168595, 'colsample_bylevel': 0.9536285509851886, 'reg_alpha': 0.954533292341479, 'reg_lambda': 3.2810002185111693, 'gamma': 0.0006195217868407723, 'min_child_weight': 14}. Best is trial 413 with value: 3.3629712059134554e-06.

[Trial 574/5000] Starting at 06:26:39
  Lambdas: P=0.662, B=0.561, G=1.271
  XGBoost params: n_estimators=7927, max_depth=20
  Starting cross-validation...
  Trial 555 MSE: 0.000004 | MAPE: 0.16% | R²: -0.185468
  Trial time: 43.7s
[I 2026-03-13 06:26:41,377] Trial 555 finished with value: 4.457906878285639e-06 and parameters: {'lambda_P': 0.9951506673502689, 'lambda_B': 0.7206210718733549, 'lambda_G': 1.846189082029402, 'n_estimators': 9829, 'max_depth': 11, 'learning_rate': 0.014778709817363072, 'subsample': 0.9198433594785166, 'colsample_bytree': 0.3672195788661129, 'colsample_bylevel': 0.902053998143754, 'reg_alpha': 0.21706636604753382, 'reg_lambda': 1.883818907870545, 'gamma': 0.0014314177937978757, 'min_child_weight': 9}. Best is trial 413 with value: 3.3629712059134554e-06.

[Trial 575/5000] Starting at 06:26:41
  Lambdas: P=1.019, B=1.780, G=1.259
  XGBoost params: n_estimators=9548, max_depth=6
  Starting cross-validation...
  Trial 560 MSE: 0.000004 | MAPE: 0.15% | R²: -0.110845
  Trial time: 40.8s
[I 2026-03-13 06:26:45,363] Trial 560 finished with value: 4.1749017051321644e-06 and parameters: {'lambda_P': 0.9746675192858271, 'lambda_B': 1.0727214154686409, 'lambda_G': 1.402643355407593, 'n_estimators': 9794, 'max_depth': 11, 'learning_rate': 0.007489038433913518, 'subsample': 0.9692033678359043, 'colsample_bytree': 0.43615348267420856, 'colsample_bylevel': 0.8651385050432145, 'reg_alpha': 0.7674847390477035, 'reg_lambda': 0.5944801245848401, 'gamma': 0.0001363254454593794, 'min_child_weight': 13}. Best is trial 413 with value: 3.3629712059134554e-06.

[Trial 576/5000] Starting at 06:26:45
  Lambdas: P=0.615, B=0.615, G=1.323
  XGBoost params: n_estimators=7765, max_depth=20
  Starting cross-validation...
  Trial 570 MSE: 0.000005 | MAPE: 0.16% | R²: -0.314049
  Trial time: 13.7s
[I 2026-03-13 06:26:47,651] Trial 570 finished with value: 5.076887518448612e-06 and parameters: {'lambda_P': 1.0540227688048742, 'lambda_B': 1.4722071858584596, 'lambda_G': 1.3561007443968935, 'n_estimators': 3201, 'max_depth': 6, 'learning_rate': 0.019324419098026187, 'subsample': 0.4674158048149211, 'colsample_bytree': 0.7052317970660988, 'colsample_bylevel': 0.6199379342406971, 'reg_alpha': 1.0349238324950374, 'reg_lambda': 8.663275636491427, 'gamma': 0.00042829789650743926, 'min_child_weight': 18}. Best is trial 413 with value: 3.3629712059134554e-06.

[Trial 577/5000] Starting at 06:26:47
  Lambdas: P=0.832, B=1.984, G=1.060
  XGBoost params: n_estimators=7144, max_depth=3
  Starting cross-validation...
  Trial 562 MSE: 0.000005 | MAPE: 0.16% | R²: -0.314049
  Trial time: 28.6s
[I 2026-03-13 06:26:48,561] Trial 562 finished with value: 5.076887518448612e-06 and parameters: {'lambda_P': 1.3603007954647357, 'lambda_B': 1.5124376299733446, 'lambda_G': 1.5649352626746595, 'n_estimators': 6862, 'max_depth': 4, 'learning_rate': 0.020618658888658447, 'subsample': 0.43603798874522903, 'colsample_bytree': 0.6472158782409465, 'colsample_bylevel': 0.8487503745558607, 'reg_alpha': 1.4738432615421115, 'reg_lambda': 8.781261436560168, 'gamma': 0.0003890974210366584, 'min_child_weight': 20}. Best is trial 413 with value: 3.3629712059134554e-06.

[Trial 578/5000] Starting at 06:26:48
  Lambdas: P=0.960, B=0.590, G=1.453
  XGBoost params: n_estimators=7689, max_depth=16
  Starting cross-validation...
  Trial 561 MSE: 0.000003 | MAPE: 0.14% | R²: 0.009546
  Trial time: 42.6s
[I 2026-03-13 06:26:55,236] Trial 561 finished with value: 3.4298341324546597e-06 and parameters: {'lambda_P': 0.7300259223489259, 'lambda_B': 1.8299601689430631, 'lambda_G': 1.4969714928654585, 'n_estimators': 9917, 'max_depth': 9, 'learning_rate': 0.0011777550027228802, 'subsample': 0.4629829404722615, 'colsample_bytree': 0.36398455230690074, 'colsample_bylevel': 0.7441568173856079, 'reg_alpha': 0.033410805497757934, 'reg_lambda': 5.686026084962829, 'gamma': 0.00020016806942808408, 'min_child_weight': 18}. Best is trial 413 with value: 3.3629712059134554e-06.

[Trial 579/5000] Starting at 06:26:55
  Lambdas: P=0.800, B=1.996, G=0.797
  XGBoost params: n_estimators=9792, max_depth=3
  Starting cross-validation...
  Trial 568 MSE: 0.000005 | MAPE: 0.16% | R²: -0.263732
  Trial time: 27.1s
[I 2026-03-13 06:26:57,955] Trial 568 finished with value: 4.930350496105757e-06 and parameters: {'lambda_P': 0.7225262202833154, 'lambda_B': 0.5625224910197844, 'lambda_G': 1.4517591111242416, 'n_estimators': 6037, 'max_depth': 18, 'learning_rate': 0.004834975207897627, 'subsample': 0.8787265277241949, 'colsample_bytree': 0.55117200210382, 'colsample_bylevel': 0.8014971094056725, 'reg_alpha': 1.0130348029039737, 'reg_lambda': 1.009034238616086, 'gamma': 0.0003453155964812573, 'min_child_weight': 9}. Best is trial 413 with value: 3.3629712059134554e-06.

[Trial 580/5000] Starting at 06:26:58
  Lambdas: P=1.152, B=1.719, G=1.508
  XGBoost params: n_estimators=9546, max_depth=10
  Starting cross-validation...
  Trial 567 MSE: 0.000005 | MAPE: 0.16% | R²: -0.314049
  Trial time: 29.5s
[I 2026-03-13 06:26:59,659] Trial 567 finished with value: 5.076887518448612e-06 and parameters: {'lambda_P': 0.7460420447995422, 'lambda_B': 1.8680939422098486, 'lambda_G': 1.081350917900138, 'n_estimators': 7816, 'max_depth': 10, 'learning_rate': 0.0019370403247282867, 'subsample': 0.5804404507588828, 'colsample_bytree': 0.3246604587972298, 'colsample_bylevel': 0.6365578547172144, 'reg_alpha': 2.1101428755009466, 'reg_lambda': 4.49340667725666, 'gamma': 0.0006865774184814866, 'min_child_weight': 14}. Best is trial 413 with value: 3.3629712059134554e-06.

[Trial 581/5000] Starting at 06:26:59
  Lambdas: P=0.819, B=1.742, G=1.825
  XGBoost params: n_estimators=9888, max_depth=4
  Starting cross-validation...
  Trial 565 MSE: 0.000004 | MAPE: 0.15% | R²: -0.106235
  Trial time: 33.9s
[I 2026-03-13 06:27:01,409] Trial 565 finished with value: 4.118783765117536e-06 and parameters: {'lambda_P': 0.9597815831948995, 'lambda_B': 1.967179484175611, 'lambda_G': 0.9515287195141962, 'n_estimators': 7412, 'max_depth': 2, 'learning_rate': 0.0035957869710325882, 'subsample': 0.7221491210577391, 'colsample_bytree': 0.3414882521502868, 'colsample_bylevel': 0.5707456997433118, 'reg_alpha': 0.47565942481287815, 'reg_lambda': 8.429272207451922, 'gamma': 0.00019582494852283792, 'min_child_weight': 18}. Best is trial 413 with value: 3.3629712059134554e-06.

[Trial 582/5000] Starting at 06:27:01
  Lambdas: P=0.620, B=1.695, G=1.819
  XGBoost params: n_estimators=7286, max_depth=10
  Starting cross-validation...
  Trial 564 MSE: 0.000005 | MAPE: 0.16% | R²: -0.314049
  Trial time: 38.3s
[I 2026-03-13 06:27:05,561] Trial 564 finished with value: 5.076887518448612e-06 and parameters: {'lambda_P': 0.9412137660191633, 'lambda_B': 1.94312823586885, 'lambda_G': 1.4308453094514884, 'n_estimators': 9106, 'max_depth': 9, 'learning_rate': 0.0011617745697059295, 'subsample': 0.5466220719813302, 'colsample_bytree': 0.3242331198833046, 'colsample_bylevel': 0.6319269687107288, 'reg_alpha': 0.6943714666632516, 'reg_lambda': 7.6490110210268485, 'gamma': 0.0030269562635171303, 'min_child_weight': 18}. Best is trial 413 with value: 3.3629712059134554e-06.

[Trial 583/5000] Starting at 06:27:05
  Lambdas: P=0.631, B=1.872, G=0.777
  XGBoost params: n_estimators=6848, max_depth=3
  Starting cross-validation...
  Trial 566 MSE: 0.000005 | MAPE: 0.16% | R²: -0.314049
  Trial time: 42.4s
[I 2026-03-13 06:27:11,049] Trial 566 finished with value: 5.076887518448612e-06 and parameters: {'lambda_P': 0.72705410546894, 'lambda_B': 0.8197474386815615, 'lambda_G': 1.4191281556245678, 'n_estimators': 9903, 'max_depth': 16, 'learning_rate': 0.001757257863279616, 'subsample': 0.8659328133575807, 'colsample_bytree': 0.734756473133964, 'colsample_bylevel': 0.6531918532579823, 'reg_alpha': 1.9887908850256801, 'reg_lambda': 0.45245531375358006, 'gamma': 0.00013692478607314225, 'min_child_weight': 11}. Best is trial 413 with value: 3.3629712059134554e-06.

[Trial 584/5000] Starting at 06:27:11
  Lambdas: P=1.089, B=1.760, G=0.809
  XGBoost params: n_estimators=8664, max_depth=2
  Starting cross-validation...
  Trial 571 MSE: 0.000004 | MAPE: 0.15% | R²: -0.090759
  Trial time: 36.0s
[I 2026-03-13 06:27:12,010] Trial 571 finished with value: 4.058256388237798e-06 and parameters: {'lambda_P': 1.012402799571292, 'lambda_B': 1.7422748893405804, 'lambda_G': 1.1464055319978963, 'n_estimators': 7629, 'max_depth': 3, 'learning_rate': 0.0021541622464211884, 'subsample': 0.7473682684252502, 'colsample_bytree': 0.33026392128639104, 'colsample_bylevel': 0.5902408368881886, 'reg_alpha': 0.5501650936732192, 'reg_lambda': 6.396780550315001, 'gamma': 0.00010181667336858626, 'min_child_weight': 19}. Best is trial 413 with value: 3.3629712059134554e-06.

[Trial 585/5000] Starting at 06:27:12
  Lambdas: P=1.097, B=1.685, G=1.304
  XGBoost params: n_estimators=6668, max_depth=3
  Starting cross-validation...
  Trial 575 MSE: 0.000005 | MAPE: 0.16% | R²: -0.314049
  Trial time: 27.5s
[I 2026-03-13 06:27:13,114] Trial 575 finished with value: 5.076887518448612e-06 and parameters: {'lambda_P': 0.6153333380010841, 'lambda_B': 0.6150749423378306, 'lambda_G': 1.32255908838172, 'n_estimators': 7765, 'max_depth': 20, 'learning_rate': 0.004474484722409108, 'subsample': 0.9952420440109782, 'colsample_bytree': 0.6292161214407616, 'colsample_bylevel': 0.7569519408852723, 'reg_alpha': 1.8038528552692261, 'reg_lambda': 2.209389040223857, 'gamma': 0.00013643825308409484, 'min_child_weight': 18}. Best is trial 413 with value: 3.3629712059134554e-06.

[Trial 586/5000] Starting at 06:27:13
  Lambdas: P=0.965, B=1.669, G=0.965
  XGBoost params: n_estimators=7098, max_depth=3
  Starting cross-validation...
  Trial 572 MSE: 0.000005 | MAPE: 0.16% | R²: -0.263947
  Trial time: 36.5s
[I 2026-03-13 06:27:15,445] Trial 572 finished with value: 4.934303643489649e-06 and parameters: {'lambda_P': 0.8515354170991924, 'lambda_B': 1.9941876522906012, 'lambda_G': 1.5195930976669683, 'n_estimators': 8300, 'max_depth': 5, 'learning_rate': 0.0065937613239965605, 'subsample': 0.6672013035676778, 'colsample_bytree': 0.37478504770190896, 'colsample_bylevel': 0.752274438535679, 'reg_alpha': 0.8261438509715796, 'reg_lambda': 6.49232737098341, 'gamma': 0.0002478965687431144, 'min_child_weight': 19}. Best is trial 413 with value: 3.3629712059134554e-06.

[Trial 587/5000] Starting at 06:27:15
  Lambdas: P=1.132, B=1.806, G=0.654
  XGBoost params: n_estimators=9206, max_depth=5
  Starting cross-validation...
  Trial 569 MSE: 0.000005 | MAPE: 0.16% | R²: -0.249896
  Trial time: 43.1s
[I 2026-03-13 06:27:15,946] Trial 569 finished with value: 4.800089725717859e-06 and parameters: {'lambda_P': 0.9038179559214656, 'lambda_B': 1.8435929007378522, 'lambda_G': 1.2089834260925048, 'n_estimators': 9303, 'max_depth': 14, 'learning_rate': 0.001478146613635987, 'subsample': 0.5346547606036207, 'colsample_bytree': 0.38161843806508494, 'colsample_bylevel': 0.6533206161459991, 'reg_alpha': 0.2345342033507282, 'reg_lambda': 6.394679404760993, 'gamma': 0.0010548106364819789, 'min_child_weight': 20}. Best is trial 413 with value: 3.3629712059134554e-06.

[Trial 588/5000] Starting at 06:27:16
  Lambdas: P=0.828, B=1.972, G=0.625
  XGBoost params: n_estimators=8529, max_depth=2
  Starting cross-validation...
  Trial 573 MSE: 0.000005 | MAPE: 0.16% | R²: -0.314049
  Trial time: 37.1s
[I 2026-03-13 06:27:16,767] Trial 573 finished with value: 5.076887518448612e-06 and parameters: {'lambda_P': 0.6622063359366501, 'lambda_B': 0.560757424374379, 'lambda_G': 1.2706025581481204, 'n_estimators': 7927, 'max_depth': 20, 'learning_rate': 0.004449200832610106, 'subsample': 0.9242793034818424, 'colsample_bytree': 0.5738408886070796, 'colsample_bylevel': 0.8737436527129585, 'reg_alpha': 1.7099209136075757, 'reg_lambda': 3.794527062788374, 'gamma': 0.0008158608732993067, 'min_child_weight': 7}. Best is trial 413 with value: 3.3629712059134554e-06.

[Trial 589/5000] Starting at 06:27:16
  Lambdas: P=1.164, B=1.759, G=0.900
  XGBoost params: n_estimators=9344, max_depth=6
  Starting cross-validation...
  Trial 576 MSE: 0.000005 | MAPE: 0.16% | R²: -0.314049
  Trial time: 32.7s
[I 2026-03-13 06:27:20,566] Trial 576 finished with value: 5.076887518448612e-06 and parameters: {'lambda_P': 0.8324868988874358, 'lambda_B': 1.9838443658356117, 'lambda_G': 1.060359101145969, 'n_estimators': 7144, 'max_depth': 3, 'learning_rate': 0.0011356805918390613, 'subsample': 0.753027398434233, 'colsample_bytree': 0.3251169819225296, 'colsample_bylevel': 0.9310671603880216, 'reg_alpha': 1.4092237828364982, 'reg_lambda': 7.104299942764142, 'gamma': 0.0009602592084812705, 'min_child_weight': 16}. Best is trial 413 with value: 3.3629712059134554e-06.

[Trial 590/5000] Starting at 06:27:20
  Lambdas: P=0.976, B=1.784, G=1.173
  XGBoost params: n_estimators=7006, max_depth=2
  Starting cross-validation...
  Trial 577 MSE: 0.000005 | MAPE: 0.16% | R²: -0.314049
  Trial time: 35.8s
[I 2026-03-13 06:27:24,511] Trial 577 finished with value: 5.076887518448612e-06 and parameters: {'lambda_P': 0.960126521367306, 'lambda_B': 0.5901711752800379, 'lambda_G': 1.4531429868965344, 'n_estimators': 7689, 'max_depth': 16, 'learning_rate': 0.006925499110306737, 'subsample': 0.9319781825570661, 'colsample_bytree': 0.5471606399100737, 'colsample_bylevel': 0.7256342621969585, 'reg_alpha': 2.1406819641953327, 'reg_lambda': 2.5715840546587674, 'gamma': 0.00010014399600804041, 'min_child_weight': 12}. Best is trial 413 with value: 3.3629712059134554e-06.

[Trial 591/5000] Starting at 06:27:24
  Lambdas: P=1.218, B=1.861, G=0.955
  XGBoost params: n_estimators=8099, max_depth=4
  Starting cross-validation...
  Trial 574 MSE: 0.000004 | MAPE: 0.15% | R²: -0.142215
  Trial time: 44.4s
[I 2026-03-13 06:27:25,951] Trial 574 finished with value: 4.333503430305792e-06 and parameters: {'lambda_P': 1.018740337894859, 'lambda_B': 1.78005927779829, 'lambda_G': 1.2585058317752902, 'n_estimators': 9548, 'max_depth': 6, 'learning_rate': 0.009235553373564895, 'subsample': 0.7515343457247652, 'colsample_bytree': 0.36637154036749736, 'colsample_bylevel': 0.6570851900198157, 'reg_alpha': 0.6836157257245652, 'reg_lambda': 6.5579006154251545, 'gamma': 0.00014167385590442146, 'min_child_weight': 17}. Best is trial 413 with value: 3.3629712059134554e-06.

[Trial 592/5000] Starting at 06:27:26
  Lambdas: P=0.744, B=1.574, G=1.060
  XGBoost params: n_estimators=7034, max_depth=5
  Starting cross-validation...
  Trial 582 MSE: 0.000004 | MAPE: 0.15% | R²: -0.088898
  Trial time: 23.8s
[I 2026-03-13 06:27:29,591] Trial 582 finished with value: 4.005809034220217e-06 and parameters: {'lambda_P': 0.6307260568790398, 'lambda_B': 1.8722369368284608, 'lambda_G': 0.777095209398337, 'n_estimators': 6848, 'max_depth': 3, 'learning_rate': 0.005850164168563261, 'subsample': 0.8033435843961585, 'colsample_bytree': 0.4499751579385342, 'colsample_bylevel': 0.6308028827291428, 'reg_alpha': 0.48285578030333415, 'reg_lambda': 8.223242190837375, 'gamma': 0.00017222217747398807, 'min_child_weight': 17}. Best is trial 413 with value: 3.3629712059134554e-06.

[Trial 593/5000] Starting at 06:27:29
  Lambdas: P=1.003, B=1.809, G=0.947
  XGBoost params: n_estimators=6951, max_depth=2
  Starting cross-validation...
  Trial 581 MSE: 0.000005 | MAPE: 0.16% | R²: -0.314049
  Trial time: 33.2s
[I 2026-03-13 06:27:34,787] Trial 581 finished with value: 5.076887518448612e-06 and parameters: {'lambda_P': 0.6200734483576643, 'lambda_B': 1.6954009654899211, 'lambda_G': 1.8194637061318568, 'n_estimators': 7286, 'max_depth': 10, 'learning_rate': 0.001439876795639248, 'subsample': 0.4117953787876572, 'colsample_bytree': 0.35374137311218795, 'colsample_bylevel': 0.6348286270983337, 'reg_alpha': 0.8773416063888215, 'reg_lambda': 3.8643414264074796, 'gamma': 0.0001820737707939233, 'min_child_weight': 19}. Best is trial 413 with value: 3.3629712059134554e-06.

[Trial 594/5000] Starting at 06:27:34
  Lambdas: P=0.899, B=1.778, G=0.643
  XGBoost params: n_estimators=6567, max_depth=3
  Starting cross-validation...
  Trial 578 MSE: 0.000004 | MAPE: 0.15% | R²: -0.137963
  Trial time: 44.0s
