[I 2026-03-13 07:21:00,475] Trial 2253 finished with value: 4.251780507628925e-06 and parameters: {'lambda_P': 1.1552688154625028, 'lambda_B': 0.5281164985280319, 'lambda_G': 1.269547525205426, 'n_estimators': 7371, 'max_depth': 6, 'learning_rate': 0.024108390015608997, 'subsample': 0.6255146337784747, 'colsample_bytree': 0.4539284808458114, 'colsample_bylevel': 0.3302724367912238, 'reg_alpha': 0.49650760390983406, 'reg_lambda': 1.5262753708306969, 'gamma': 0.0001665456430434787, 'min_child_weight': 17}. Best is trial 2210 with value: 2.986319055234564e-06.

[Trial 2265/5000] Starting at 07:21:00
  Lambdas: P=0.656, B=0.678, G=1.404
  XGBoost params: n_estimators=7565, max_depth=7
  Starting cross-validation...
  Trial 2250 MSE: 0.000004 | MAPE: 0.15% | R²: -0.124008
  Trial time: 38.2s
[I 2026-03-13 07:21:01,905] Trial 2250 finished with value: 4.178083757565623e-06 and parameters: {'lambda_P': 1.089856587264813, 'lambda_B': 0.5575906516914673, 'lambda_G': 1.412634042548865, 'n_estimators': 8263, 'max_depth': 6, 'learning_rate': 0.03316485694338442, 'subsample': 0.6832059041198049, 'colsample_bytree': 0.7739744110856791, 'colsample_bylevel': 0.3166659635104504, 'reg_alpha': 0.47272098206257085, 'reg_lambda': 1.018054745154372, 'gamma': 0.0002158564997060521, 'min_child_weight': 12}. Best is trial 2210 with value: 2.986319055234564e-06.

[Trial 2266/5000] Starting at 07:21:01
  Lambdas: P=1.424, B=0.994, G=1.095
  XGBoost params: n_estimators=8422, max_depth=3
  Starting cross-validation...
  Trial 2251 MSE: 0.000003 | MAPE: 0.14% | R²: 0.045538
  Trial time: 40.3s
[I 2026-03-13 07:21:06,260] Trial 2251 finished with value: 3.298491951198867e-06 and parameters: {'lambda_P': 1.4005981436824804, 'lambda_B': 1.2053458388554643, 'lambda_G': 0.9912366752057191, 'n_estimators': 8253, 'max_depth': 3, 'learning_rate': 0.005140679963967243, 'subsample': 0.7673681562227275, 'colsample_bytree': 0.5107665775510888, 'colsample_bylevel': 0.3971782472424662, 'reg_alpha': 0.1416368969867398, 'reg_lambda': 1.2963467896417002, 'gamma': 0.00012602933922227058, 'min_child_weight': 18}. Best is trial 2210 with value: 2.986319055234564e-06.

[Trial 2267/5000] Starting at 07:21:06
  Trial 2248 MSE: 0.000005 | MAPE: 0.16% | R²: -0.174565
  Trial time: 47.0s
[I 2026-03-13 07:21:06,636] Trial 2248 finished with value: 4.514893414228553e-06 and parameters: {'lambda_P': 1.2941490399156386, 'lambda_B': 0.7072629020660443, 'lambda_G': 1.3219360878295143, 'n_estimators': 9861, 'max_depth': 7, 'learning_rate': 0.015393283049578344, 'subsample': 0.7757702422581464, 'colsample_bytree': 0.6822100743121655, 'colsample_bylevel': 0.41146670282401376, 'reg_alpha': 0.8501975210185747, 'reg_lambda': 2.7514293838691413, 'gamma': 0.00011246144725151266, 'min_child_weight': 20}. Best is trial 2210 with value: 2.986319055234564e-06.

[Trial 2268/5000] Starting at 07:21:06
  Lambdas: P=1.368, B=0.957, G=1.105
  XGBoost params: n_estimators=8940, max_depth=3
  Starting cross-validation...
  Lambdas: P=1.489, B=0.959, G=0.917
  XGBoost params: n_estimators=8807, max_depth=5
  Starting cross-validation...
  Trial 2256 MSE: 0.000004 | MAPE: 0.16% | R²: -0.171239
  Trial time: 26.3s
[I 2026-03-13 07:21:11,841] Trial 2256 finished with value: 4.4561642136025575e-06 and parameters: {'lambda_P': 0.9144130037915428, 'lambda_B': 0.6680385959796119, 'lambda_G': 1.0506803446279644, 'n_estimators': 6066, 'max_depth': 4, 'learning_rate': 0.023817955566506677, 'subsample': 0.7587427028849332, 'colsample_bytree': 0.5423453888730059, 'colsample_bylevel': 0.5242026192784284, 'reg_alpha': 0.6183771818505331, 'reg_lambda': 6.516210388240685, 'gamma': 0.00032413372390546194, 'min_child_weight': 19}. Best is trial 2210 with value: 2.986319055234564e-06.

[Trial 2269/5000] Starting at 07:21:11
  Lambdas: P=1.224, B=0.881, G=0.708
  XGBoost params: n_estimators=8754, max_depth=4
  Starting cross-validation...
  Trial 2252 MSE: 0.000004 | MAPE: 0.14% | R²: -0.048844
  Trial time: 45.6s
[I 2026-03-13 07:21:12,808] Trial 2252 finished with value: 3.725449297240879e-06 and parameters: {'lambda_P': 1.1135372767371012, 'lambda_B': 0.7797207519473199, 'lambda_G': 0.9089662186459888, 'n_estimators': 9723, 'max_depth': 2, 'learning_rate': 0.011168029114983418, 'subsample': 0.7041758727009645, 'colsample_bytree': 0.6000827116739452, 'colsample_bylevel': 0.40890983008956094, 'reg_alpha': 0.2656488489659572, 'reg_lambda': 1.7444866622547381, 'gamma': 0.00015772238977350457, 'min_child_weight': 19}. Best is trial 2210 with value: 2.986319055234564e-06.

[Trial 2270/5000] Starting at 07:21:12
  Lambdas: P=0.812, B=1.163, G=1.182
  XGBoost params: n_estimators=9962, max_depth=7
  Starting cross-validation...
  Trial 2259 MSE: 0.000005 | MAPE: 0.16% | R²: -0.314049
  Trial time: 29.1s
[I 2026-03-13 07:21:18,263] Trial 2259 finished with value: 5.076887518448612e-06 and parameters: {'lambda_P': 1.880301299398764, 'lambda_B': 0.6380736205750175, 'lambda_G': 1.1882787727967603, 'n_estimators': 7179, 'max_depth': 2, 'learning_rate': 0.03142936032768468, 'subsample': 0.7971386797889666, 'colsample_bytree': 0.6848428860477336, 'colsample_bylevel': 0.4599356157303638, 'reg_alpha': 1.825125192686081, 'reg_lambda': 3.373950641043096, 'gamma': 0.0006011251410147215, 'min_child_weight': 20}. Best is trial 2210 with value: 2.986319055234564e-06.

[Trial 2271/5000] Starting at 07:21:18
  Lambdas: P=1.265, B=0.535, G=0.823
  XGBoost params: n_estimators=8013, max_depth=3
  Starting cross-validation...
  Trial 2261 MSE: 0.000004 | MAPE: 0.16% | R²: -0.181097
  Trial time: 27.3s
[I 2026-03-13 07:21:19,219] Trial 2261 finished with value: 4.445854578635296e-06 and parameters: {'lambda_P': 1.2226482598121604, 'lambda_B': 1.2397505918485825, 'lambda_G': 1.2430825029581984, 'n_estimators': 7198, 'max_depth': 6, 'learning_rate': 0.0010754835480959017, 'subsample': 0.7587200155273652, 'colsample_bytree': 0.3810816852641343, 'colsample_bylevel': 0.3901722438711714, 'reg_alpha': 0.37277619341268287, 'reg_lambda': 3.8399087071180675, 'gamma': 0.000690840861885214, 'min_child_weight': 20}. Best is trial 2210 with value: 2.986319055234564e-06.

[Trial 2272/5000] Starting at 07:21:19
  Lambdas: P=0.578, B=0.685, G=1.806
  XGBoost params: n_estimators=4070, max_depth=11
  Starting cross-validation...
  Trial 2255 MSE: 0.000005 | MAPE: 0.16% | R²: -0.187872
  Trial time: 37.9s
[I 2026-03-13 07:21:22,231] Trial 2255 finished with value: 4.578330075287397e-06 and parameters: {'lambda_P': 1.5226418636986785, 'lambda_B': 1.0068103709667944, 'lambda_G': 1.0284098258297951, 'n_estimators': 7401, 'max_depth': 3, 'learning_rate': 0.054928127970964184, 'subsample': 0.8007369097936221, 'colsample_bytree': 0.7120276472213163, 'colsample_bylevel': 0.3409371980989672, 'reg_alpha': 0.8969575035832423, 'reg_lambda': 3.599393509615198, 'gamma': 0.00014195767164272124, 'min_child_weight': 19}. Best is trial 2210 with value: 2.986319055234564e-06.

[Trial 2273/5000] Starting at 07:21:22
  Lambdas: P=1.970, B=0.741, G=1.008
  XGBoost params: n_estimators=9690, max_depth=3
  Starting cross-validation...
  Trial 2257 MSE: 0.000005 | MAPE: 0.16% | R²: -0.295816
  Trial time: 38.2s
[I 2026-03-13 07:21:25,617] Trial 2257 finished with value: 5.032462189844832e-06 and parameters: {'lambda_P': 1.3426041501427342, 'lambda_B': 0.6794300120637387, 'lambda_G': 0.6978247901751176, 'n_estimators': 8022, 'max_depth': 4, 'learning_rate': 0.007711409519060117, 'subsample': 0.8141894381031451, 'colsample_bytree': 0.9414751853552218, 'colsample_bylevel': 0.48892995288182656, 'reg_alpha': 1.2680310181383883, 'reg_lambda': 0.9700608624400768, 'gamma': 0.00016487146430954204, 'min_child_weight': 17}. Best is trial 2210 with value: 2.986319055234564e-06.

[Trial 2274/5000] Starting at 07:21:25
  Lambdas: P=1.713, B=0.632, G=1.058
  XGBoost params: n_estimators=7265, max_depth=7
  Starting cross-validation...
  Trial 2258 MSE: 0.000004 | MAPE: 0.14% | R²: -0.002171
  Trial time: 41.1s
[I 2026-03-13 07:21:29,599] Trial 2258 finished with value: 3.5662650150497732e-06 and parameters: {'lambda_P': 1.5669119085777459, 'lambda_B': 1.444886580615015, 'lambda_G': 0.5068071597241582, 'n_estimators': 8725, 'max_depth': 7, 'learning_rate': 0.0034158364940039365, 'subsample': 0.922476348401545, 'colsample_bytree': 0.4143931913460589, 'colsample_bylevel': 0.4092651506261914, 'reg_alpha': 0.38519404098518106, 'reg_lambda': 0.8713545845781541, 'gamma': 0.00011133848165420594, 'min_child_weight': 17}. Best is trial 2210 with value: 2.986319055234564e-06.

[Trial 2275/5000] Starting at 07:21:29
  Lambdas: P=1.483, B=0.923, G=0.636
  XGBoost params: n_estimators=8478, max_depth=3
  Starting cross-validation...
  Trial 2260 MSE: 0.000005 | MAPE: 0.16% | R²: -0.314049
  Trial time: 39.7s
[I 2026-03-13 07:21:30,893] Trial 2260 finished with value: 5.076887518448612e-06 and parameters: {'lambda_P': 1.5591053811413156, 'lambda_B': 0.5379738513989065, 'lambda_G': 1.0551968933476406, 'n_estimators': 8303, 'max_depth': 8, 'learning_rate': 0.014273599672158105, 'subsample': 0.7350546162205922, 'colsample_bytree': 0.7930108990533419, 'colsample_bylevel': 0.35119171511119424, 'reg_alpha': 3.5684689050650484, 'reg_lambda': 2.6030064791516203, 'gamma': 0.00011356614951151577, 'min_child_weight': 18}. Best is trial 2210 with value: 2.986319055234564e-06.

[Trial 2276/5000] Starting at 07:21:30
  Lambdas: P=1.497, B=0.656, G=0.528
  XGBoost params: n_estimators=9547, max_depth=10
  Starting cross-validation...
  Trial 2262 MSE: 0.000005 | MAPE: 0.16% | R²: -0.260690
  Trial time: 40.9s
[I 2026-03-13 07:21:33,585] Trial 2262 finished with value: 4.924400211358664e-06 and parameters: {'lambda_P': 1.2813106235317113, 'lambda_B': 1.3889570710271268, 'lambda_G': 0.7015640045287896, 'n_estimators': 8457, 'max_depth': 5, 'learning_rate': 0.002259659727585303, 'subsample': 0.8934685557092554, 'colsample_bytree': 0.4162802736454656, 'colsample_bylevel': 0.3724764180893427, 'reg_alpha': 1.0695060746931713, 'reg_lambda': 1.3994329254770574, 'gamma': 0.000280484109665484, 'min_child_weight': 17}. Best is trial 2210 with value: 2.986319055234564e-06.

[Trial 2277/5000] Starting at 07:21:33
  Lambdas: P=1.300, B=1.986, G=1.133
  XGBoost params: n_estimators=5835, max_depth=16
  Starting cross-validation...
  Trial 2263 MSE: 0.000005 | MAPE: 0.16% | R²: -0.314049
  Trial time: 39.8s
[I 2026-03-13 07:21:34,465] Trial 2263 finished with value: 5.076887518448612e-06 and parameters: {'lambda_P': 1.2845224112929832, 'lambda_B': 1.2519156474124733, 'lambda_G': 0.8856379247538207, 'n_estimators': 8430, 'max_depth': 2, 'learning_rate': 0.009978822500468474, 'subsample': 0.6207919240806847, 'colsample_bytree': 0.5409951428775814, 'colsample_bylevel': 0.4546523513483121, 'reg_alpha': 1.5710249416808204, 'reg_lambda': 5.114925745927454, 'gamma': 0.00017353750968960633, 'min_child_weight': 19}. Best is trial 2210 with value: 2.986319055234564e-06.

[Trial 2278/5000] Starting at 07:21:34
  Lambdas: P=1.540, B=0.577, G=0.870
  XGBoost params: n_estimators=8571, max_depth=3
  Starting cross-validation...
  Trial 2271 MSE: 0.000005 | MAPE: 0.16% | R²: -0.314049
  Trial time: 16.4s
[I 2026-03-13 07:21:35,855] Trial 2271 finished with value: 5.076887518448612e-06 and parameters: {'lambda_P': 0.5775169793631887, 'lambda_B': 0.6846885370278826, 'lambda_G': 1.8057186438196358, 'n_estimators': 4070, 'max_depth': 11, 'learning_rate': 0.29258141348150435, 'subsample': 0.3793407086256405, 'colsample_bytree': 0.3859220140771408, 'colsample_bylevel': 0.8915673133314186, 'reg_alpha': 3.3308034683569945, 'reg_lambda': 8.286219085766906, 'gamma': 0.0001561015346760335, 'min_child_weight': 13}. Best is trial 2210 with value: 2.986319055234564e-06.

[Trial 2279/5000] Starting at 07:21:35
  Lambdas: P=1.548, B=0.994, G=1.251
  XGBoost params: n_estimators=8410, max_depth=6
  Starting cross-validation...
  Trial 2264 MSE: 0.000005 | MAPE: 0.16% | R²: -0.314049
  Trial time: 36.8s
[I 2026-03-13 07:21:37,463] Trial 2264 finished with value: 5.076887518448612e-06 and parameters: {'lambda_P': 0.6561892434915051, 'lambda_B': 0.6777731291759158, 'lambda_G': 1.4041686519515775, 'n_estimators': 7565, 'max_depth': 7, 'learning_rate': 0.018173769201057368, 'subsample': 0.6407734510656551, 'colsample_bytree': 0.732323677107861, 'colsample_bylevel': 0.3422952503538728, 'reg_alpha': 2.0974629068534476, 'reg_lambda': 6.456482661843394, 'gamma': 0.0015661088704467157, 'min_child_weight': 17}. Best is trial 2210 with value: 2.986319055234564e-06.

[Trial 2280/5000] Starting at 07:21:37
  Lambdas: P=1.429, B=0.546, G=0.588
  XGBoost params: n_estimators=5738, max_depth=4
  Starting cross-validation...
  Trial 2265 MSE: 0.000005 | MAPE: 0.16% | R²: -0.314049
  Trial time: 41.2s
[I 2026-03-13 07:21:43,293] Trial 2265 finished with value: 5.076887518448612e-06 and parameters: {'lambda_P': 1.4244797316761484, 'lambda_B': 0.9935056008381248, 'lambda_G': 1.0947341520835112, 'n_estimators': 8422, 'max_depth': 3, 'learning_rate': 0.0018679926192718378, 'subsample': 0.8741401503879732, 'colsample_bytree': 0.5766109008403146, 'colsample_bylevel': 0.3012750023092957, 'reg_alpha': 3.464775820419458, 'reg_lambda': 4.4931066380930655, 'gamma': 0.00038185278558027137, 'min_child_weight': 18}. Best is trial 2210 with value: 2.986319055234564e-06.

[Trial 2281/5000] Starting at 07:21:43
  Lambdas: P=0.780, B=0.796, G=0.700
  XGBoost params: n_estimators=7329, max_depth=8
  Starting cross-validation...
  Trial 2270 MSE: 0.000003 | MAPE: 0.14% | R²: -0.001496
  Trial time: 30.2s
[I 2026-03-13 07:21:48,714] Trial 2270 finished with value: 3.4860623298061975e-06 and parameters: {'lambda_P': 1.2651355705933203, 'lambda_B': 0.5350102857327161, 'lambda_G': 0.8234399506233349, 'n_estimators': 8013, 'max_depth': 3, 'learning_rate': 0.003509418025807225, 'subsample': 0.6566100353040651, 'colsample_bytree': 0.7128918933637813, 'colsample_bylevel': 0.35610047896744396, 'reg_alpha': 0.11171666634153476, 'reg_lambda': 4.16101035555882, 'gamma': 0.0002021636021270843, 'min_child_weight': 16}. Best is trial 2210 with value: 2.986319055234564e-06.
  Trial 2268 MSE: 0.000004 | MAPE: 0.15% | R²: -0.094656
  Trial time: 36.9s
[I 2026-03-13 07:21:48,924] Trial 2268 finished with value: 3.996516630655454e-06 and parameters: {'lambda_P': 1.2236319490652177, 'lambda_B': 0.8813302551169551, 'lambda_G': 0.7076084519543873, 'n_estimators': 8754, 'max_depth': 4, 'learning_rate': 0.005629766633196739, 'subsample': 0.6850945083230837, 'colsample_bytree': 0.44150935273291175, 'colsample_bylevel': 0.6132075329941821, 'reg_alpha': 0.39345982496104037, 'reg_lambda': 4.494091213207625, 'gamma': 0.00016773963207984954, 'min_child_weight': 18}. Best is trial 2210 with value: 2.986319055234564e-06.

[Trial 2282/5000] Starting at 07:21:49

[Trial 2283/5000] Starting at 07:21:49
  Lambdas: P=1.225, B=0.761, G=1.248
  Lambdas: P=1.431, B=0.963, G=1.728
  XGBoost params: n_estimators=9337, max_depth=3
  Starting cross-validation...
  XGBoost params: n_estimators=8798, max_depth=10
  Starting cross-validation...
  Trial 2266 MSE: 0.000005 | MAPE: 0.16% | R²: -0.182266
  Trial time: 43.9s
[I 2026-03-13 07:21:50,426] Trial 2266 finished with value: 4.519721229959431e-06 and parameters: {'lambda_P': 1.3681513561097962, 'lambda_B': 0.9565200914746451, 'lambda_G': 1.104566442887989, 'n_estimators': 8940, 'max_depth': 3, 'learning_rate': 0.0035218975039285104, 'subsample': 0.7684032972381928, 'colsample_bytree': 0.4423686071809665, 'colsample_bylevel': 0.36922392839020196, 'reg_alpha': 0.7678173422820765, 'reg_lambda': 5.755513037326595, 'gamma': 0.00015891290608953428, 'min_child_weight': 20}. Best is trial 2210 with value: 2.986319055234564e-06.

[Trial 2284/5000] Starting at 07:21:50
  Lambdas: P=1.508, B=1.046, G=1.131
  XGBoost params: n_estimators=7037, max_depth=13
  Starting cross-validation...
  Trial 2267 MSE: 0.000003 | MAPE: 0.14% | R²: 0.009168
  Trial time: 44.8s
[I 2026-03-13 07:21:51,688] Trial 2267 finished with value: 3.421521547469811e-06 and parameters: {'lambda_P': 1.489056781238241, 'lambda_B': 0.9591734058036072, 'lambda_G': 0.9173855524176876, 'n_estimators': 8807, 'max_depth': 5, 'learning_rate': 0.00118306784084385, 'subsample': 0.7685163863836139, 'colsample_bytree': 0.623564379277781, 'colsample_bylevel': 0.33153396956148556, 'reg_alpha': 0.07950195296521201, 'reg_lambda': 3.186070996947264, 'gamma': 0.00026287533704001046, 'min_child_weight': 18}. Best is trial 2210 with value: 2.986319055234564e-06.

[Trial 2285/5000] Starting at 07:21:51
  Lambdas: P=1.375, B=0.767, G=1.975
  XGBoost params: n_estimators=540, max_depth=18
  Starting cross-validation...
  Trial 2284 MSE: 0.000005 | MAPE: 0.16% | R²: -0.314049
  Trial time: 2.8s
[I 2026-03-13 07:21:54,707] Trial 2284 finished with value: 5.076887518448612e-06 and parameters: {'lambda_P': 1.3754236442982597, 'lambda_B': 0.7668401084051908, 'lambda_G': 1.9752486194252934, 'n_estimators': 540, 'max_depth': 18, 'learning_rate': 0.4722944633857429, 'subsample': 0.5385271130830968, 'colsample_bytree': 0.40093504886074394, 'colsample_bylevel': 0.9524789293401017, 'reg_alpha': 0.9587473072351225, 'reg_lambda': 7.839703373229096, 'gamma': 0.000108901849922865, 'min_child_weight': 4}. Best is trial 2210 with value: 2.986319055234564e-06.

[Trial 2286/5000] Starting at 07:21:54
  Lambdas: P=0.878, B=0.870, G=1.973
  XGBoost params: n_estimators=7485, max_depth=2
  Starting cross-validation...
  Trial 2273 MSE: 0.000004 | MAPE: 0.16% | R²: -0.188868
  Trial time: 35.4s
[I 2026-03-13 07:22:01,217] Trial 2273 finished with value: 4.462819875049945e-06 and parameters: {'lambda_P': 1.7125474774643379, 'lambda_B': 0.6316368272537712, 'lambda_G': 1.057826869992601, 'n_estimators': 7265, 'max_depth': 7, 'learning_rate': 0.0037173786733246308, 'subsample': 0.8177541329030766, 'colsample_bytree': 0.6647028023792215, 'colsample_bylevel': 0.33660116234776244, 'reg_alpha': 0.16357175920856293, 'reg_lambda': 3.842989866490817, 'gamma': 0.0014022197724976385, 'min_child_weight': 14}. Best is trial 2210 with value: 2.986319055234564e-06.

[Trial 2287/5000] Starting at 07:22:01
  Lambdas: P=1.766, B=0.824, G=0.720
  XGBoost params: n_estimators=6031, max_depth=2
  Starting cross-validation...
  Trial 2269 MSE: 0.000005 | MAPE: 0.16% | R²: -0.314049
  Trial time: 49.8s
[I 2026-03-13 07:22:02,856] Trial 2269 finished with value: 5.076887518448612e-06 and parameters: {'lambda_P': 0.8115074458130452, 'lambda_B': 1.1628090560959543, 'lambda_G': 1.1816632588036378, 'n_estimators': 9962, 'max_depth': 7, 'learning_rate': 0.028404871892218877, 'subsample': 0.5337293334459569, 'colsample_bytree': 0.5543900612651249, 'colsample_bylevel': 0.4616494677838801, 'reg_alpha': 0.9497858292643606, 'reg_lambda': 5.9284083506531715, 'gamma': 0.00027525991524216935, 'min_child_weight': 1}. Best is trial 2210 with value: 2.986319055234564e-06.

[Trial 2288/5000] Starting at 07:22:02
  Trial 2276 MSE: 0.000005 | MAPE: 0.16% | R²: -0.314049
  Trial time: 29.5s
[I 2026-03-13 07:22:03,266] Trial 2276 finished with value: 5.076887518448612e-06 and parameters: {'lambda_P': 1.3000707111945864, 'lambda_B': 1.9861599083738168, 'lambda_G': 1.1329586882155545, 'n_estimators': 5835, 'max_depth': 16, 'learning_rate': 0.05154544776724239, 'subsample': 0.4665099999119623, 'colsample_bytree': 0.3123154534545409, 'colsample_bylevel': 0.832248342871645, 'reg_alpha': 6.641129794951889, 'reg_lambda': 4.224698342340059, 'gamma': 0.08748691562594212, 'min_child_weight': 9}. Best is trial 2210 with value: 2.986319055234564e-06.

[Trial 2289/5000] Starting at 07:22:03
  Lambdas: P=0.635, B=1.048, G=1.904
  XGBoost params: n_estimators=5970, max_depth=3
  Starting cross-validation...
  Lambdas: P=0.796, B=1.955, G=1.176
  XGBoost params: n_estimators=7455, max_depth=7
  Starting cross-validation...
  Trial 2279 MSE: 0.000004 | MAPE: 0.15% | R²: -0.098562
  Trial time: 27.1s
[I 2026-03-13 07:22:04,810] Trial 2279 finished with value: 3.924412148298916e-06 and parameters: {'lambda_P': 1.4289222521310638, 'lambda_B': 0.54647600045753, 'lambda_G': 0.5880167220179218, 'n_estimators': 5738, 'max_depth': 4, 'learning_rate': 0.05244060651879108, 'subsample': 0.8679000368960763, 'colsample_bytree': 0.6898439232410579, 'colsample_bylevel': 0.35867817578253053, 'reg_alpha': 0.07258068666175424, 'reg_lambda': 1.565780388940525, 'gamma': 0.0008099542988099322, 'min_child_weight': 19}. Best is trial 2210 with value: 2.986319055234564e-06.

[Trial 2290/5000] Starting at 07:22:04
  Lambdas: P=1.936, B=1.951, G=1.120
  XGBoost params: n_estimators=6031, max_depth=8
  Starting cross-validation...
  Trial 2278 MSE: 0.000004 | MAPE: 0.15% | R²: -0.083227
  Trial time: 32.0s
[I 2026-03-13 07:22:08,117] Trial 2278 finished with value: 3.8624977798303315e-06 and parameters: {'lambda_P': 1.5477661198791952, 'lambda_B': 0.9938163941470037, 'lambda_G': 1.250756568131629, 'n_estimators': 8410, 'max_depth': 6, 'learning_rate': 0.013689211436057827, 'subsample': 0.7177411385641429, 'colsample_bytree': 0.5881301917301364, 'colsample_bylevel': 0.32930137587104386, 'reg_alpha': 0.16782328898241708, 'reg_lambda': 4.666707634102418, 'gamma': 0.0004381198901749076, 'min_child_weight': 14}. Best is trial 2210 with value: 2.986319055234564e-06.

[Trial 2291/5000] Starting at 07:22:08
  Lambdas: P=1.674, B=1.010, G=0.818
  XGBoost params: n_estimators=8476, max_depth=9
  Starting cross-validation...
  Trial 2272 MSE: 0.000005 | MAPE: 0.16% | R²: -0.314049
  Trial time: 48.8s
