[I 2026-03-13 06:19:23,107] Trial 350 finished with value: 4.332037219697153e-06 and parameters: {'lambda_P': 1.6699684720144956, 'lambda_B': 1.7524818793095605, 'lambda_G': 1.7925759490512307, 'n_estimators': 238, 'max_depth': 6, 'learning_rate': 0.2876641691437877, 'subsample': 0.9495547241671445, 'colsample_bytree': 0.5639038161613004, 'colsample_bylevel': 0.9133921286777713, 'reg_alpha': 0.8769451111498072, 'reg_lambda': 1.4880649689246306, 'gamma': 0.0002175160255006782, 'min_child_weight': 9}. Best is trial 237 with value: 3.410930139944745e-06.

[Trial 352/5000] Starting at 06:19:23
  Lambdas: P=1.512, B=1.374, G=0.713
  XGBoost params: n_estimators=3218, max_depth=13
  Starting cross-validation...
  Trial 334 MSE: 0.000005 | MAPE: 0.16% | R²: -0.314049
  Trial time: 34.4s
[I 2026-03-13 06:19:25,847] Trial 334 finished with value: 5.076887518448612e-06 and parameters: {'lambda_P': 1.1617940323191782, 'lambda_B': 1.6290507860264434, 'lambda_G': 0.7576706543767991, 'n_estimators': 9026, 'max_depth': 15, 'learning_rate': 0.006273536358423153, 'subsample': 0.8225099974280046, 'colsample_bytree': 0.433360307743479, 'colsample_bylevel': 0.36250445604981524, 'reg_alpha': 5.2085001760683705, 'reg_lambda': 0.22043041087929427, 'gamma': 0.003141136451409152, 'min_child_weight': 5}. Best is trial 237 with value: 3.410930139944745e-06.

[Trial 353/5000] Starting at 06:19:25
  Lambdas: P=1.531, B=1.534, G=1.781
  XGBoost params: n_estimators=7081, max_depth=13
  Starting cross-validation...
  Trial 337 MSE: 0.000005 | MAPE: 0.16% | R²: -0.314049
  Trial time: 30.8s
[I 2026-03-13 06:19:29,060] Trial 337 finished with value: 5.076887518448612e-06 and parameters: {'lambda_P': 1.3999686556560957, 'lambda_B': 0.5158673961217541, 'lambda_G': 1.5191411443268195, 'n_estimators': 6193, 'max_depth': 15, 'learning_rate': 0.006437932956073819, 'subsample': 0.8017038222010744, 'colsample_bytree': 0.42916629227517306, 'colsample_bylevel': 0.8711487411854753, 'reg_alpha': 6.714282828104934, 'reg_lambda': 2.7360561944593567, 'gamma': 0.006172973092841659, 'min_child_weight': 11}. Best is trial 237 with value: 3.410930139944745e-06.

[Trial 354/5000] Starting at 06:19:29
  Lambdas: P=1.664, B=1.555, G=1.095
  XGBoost params: n_estimators=9422, max_depth=15
  Starting cross-validation...
  Trial 340 MSE: 0.000005 | MAPE: 0.16% | R²: -0.314049
  Trial time: 26.7s
[I 2026-03-13 06:19:31,026] Trial 340 finished with value: 5.076887518448612e-06 and parameters: {'lambda_P': 0.5458683299542713, 'lambda_B': 1.1782099268321984, 'lambda_G': 1.7296751157364585, 'n_estimators': 5247, 'max_depth': 8, 'learning_rate': 0.00408990202735176, 'subsample': 0.5513100712998438, 'colsample_bytree': 0.8420069957220702, 'colsample_bylevel': 0.8593159805602151, 'reg_alpha': 1.6286452023790343, 'reg_lambda': 1.9661151692020906, 'gamma': 0.0021770442109781216, 'min_child_weight': 9}. Best is trial 237 with value: 3.410930139944745e-06.

[Trial 355/5000] Starting at 06:19:31
  Lambdas: P=1.316, B=0.851, G=1.411
  XGBoost params: n_estimators=5503, max_depth=19
  Starting cross-validation...
  Trial 338 MSE: 0.000005 | MAPE: 0.16% | R²: -0.314049
  Trial time: 30.1s
[I 2026-03-13 06:19:31,498] Trial 338 finished with value: 5.076887518448612e-06 and parameters: {'lambda_P': 0.6810927779306819, 'lambda_B': 0.7442658275417917, 'lambda_G': 0.9188401854295847, 'n_estimators': 6185, 'max_depth': 17, 'learning_rate': 0.07694914542805636, 'subsample': 0.7560533503449943, 'colsample_bytree': 0.6465674822174279, 'colsample_bylevel': 0.46096215470521007, 'reg_alpha': 4.921320782013542, 'reg_lambda': 4.914049086512536, 'gamma': 0.0300529143078147, 'min_child_weight': 11}. Best is trial 237 with value: 3.410930139944745e-06.

[Trial 356/5000] Starting at 06:19:31
  Lambdas: P=1.043, B=0.966, G=1.426
  XGBoost params: n_estimators=7558, max_depth=2
  Starting cross-validation...
  Trial 336 MSE: 0.000005 | MAPE: 0.16% | R²: -0.314049
  Trial time: 36.8s
[I 2026-03-13 06:19:33,535] Trial 336 finished with value: 5.076887518448612e-06 and parameters: {'lambda_P': 0.5347134534297073, 'lambda_B': 1.5860475418275917, 'lambda_G': 0.8432539514691553, 'n_estimators': 7129, 'max_depth': 5, 'learning_rate': 0.0017294180115874464, 'subsample': 0.5095693668223193, 'colsample_bytree': 0.8046642014893906, 'colsample_bylevel': 0.9079684086290014, 'reg_alpha': 2.4186981465681487, 'reg_lambda': 6.966465435005411, 'gamma': 0.03597396815516307, 'min_child_weight': 7}. Best is trial 237 with value: 3.410930139944745e-06.

[Trial 357/5000] Starting at 06:19:33
  Lambdas: P=1.134, B=1.193, G=0.663
  XGBoost params: n_estimators=2808, max_depth=2
  Starting cross-validation...
  Trial 349 MSE: 0.000005 | MAPE: 0.16% | R²: -0.314049
  Trial time: 16.0s
[I 2026-03-13 06:19:37,374] Trial 349 finished with value: 5.076887518448612e-06 and parameters: {'lambda_P': 1.8037848586823542, 'lambda_B': 1.0249354723980342, 'lambda_G': 1.7895241598965501, 'n_estimators': 3276, 'max_depth': 4, 'learning_rate': 0.003997103886371035, 'subsample': 0.9025984619207088, 'colsample_bytree': 0.8356700496509766, 'colsample_bylevel': 0.4825922242405879, 'reg_alpha': 9.72115676718606, 'reg_lambda': 9.162995138952947, 'gamma': 0.00037473685019853627, 'min_child_weight': 3}. Best is trial 237 with value: 3.410930139944745e-06.

[Trial 358/5000] Starting at 06:19:37
  Lambdas: P=0.515, B=1.882, G=0.600
  XGBoost params: n_estimators=2816, max_depth=20
  Starting cross-validation...
  Trial 351 MSE: 0.000005 | MAPE: 0.16% | R²: -0.314049
  Trial time: 15.2s
[I 2026-03-13 06:19:38,541] Trial 351 finished with value: 5.076887518448612e-06 and parameters: {'lambda_P': 1.5123780115676668, 'lambda_B': 1.3741428850079913, 'lambda_G': 0.7134585329705986, 'n_estimators': 3218, 'max_depth': 13, 'learning_rate': 0.0027861497568066893, 'subsample': 0.35405391753456766, 'colsample_bytree': 0.643454279426335, 'colsample_bylevel': 0.7335423487709263, 'reg_alpha': 9.60572948563965, 'reg_lambda': 9.0322599318589, 'gamma': 0.04145744889692674, 'min_child_weight': 6}. Best is trial 237 with value: 3.410930139944745e-06.

[Trial 359/5000] Starting at 06:19:38
  Lambdas: P=1.816, B=1.212, G=1.364
  XGBoost params: n_estimators=2806, max_depth=3
  Starting cross-validation...
  Trial 346 MSE: 0.000005 | MAPE: 0.16% | R²: -0.314049
  Trial time: 25.7s
[I 2026-03-13 06:19:40,936] Trial 346 finished with value: 5.076887518448612e-06 and parameters: {'lambda_P': 0.6667169224804755, 'lambda_B': 1.1666957887006917, 'lambda_G': 1.1493776733511885, 'n_estimators': 7347, 'max_depth': 3, 'learning_rate': 0.07360282116503056, 'subsample': 0.9698850516536572, 'colsample_bytree': 0.7192653854872616, 'colsample_bylevel': 0.3352308574783172, 'reg_alpha': 2.0274426581141727, 'reg_lambda': 6.922046230598809, 'gamma': 0.0011480925173407769, 'min_child_weight': 10}. Best is trial 237 with value: 3.410930139944745e-06.

[Trial 360/5000] Starting at 06:19:41
  Lambdas: P=1.140, B=1.791, G=1.886
  Trial 341 MSE: 0.000005 | MAPE: 0.16% | R²: -0.314049
  Trial time: 35.7s
[I 2026-03-13 06:19:41,195] Trial 341 finished with value: 5.076887518448612e-06 and parameters: {'lambda_P': 0.5074381360413653, 'lambda_B': 0.9218902664509581, 'lambda_G': 1.522299216467197, 'n_estimators': 6814, 'max_depth': 20, 'learning_rate': 0.0444293683933434, 'subsample': 0.856302082546212, 'colsample_bytree': 0.6432888720396545, 'colsample_bylevel': 0.9245967406066149, 'reg_alpha': 2.704514129647145, 'reg_lambda': 9.411315052728103, 'gamma': 0.00677809581927899, 'min_child_weight': 13}. Best is trial 237 with value: 3.410930139944745e-06.

[Trial 361/5000] Starting at 06:19:41
  Lambdas: P=1.714, B=0.508, G=0.933
  XGBoost params: n_estimators=5394, max_depth=4
  Starting cross-validation...
  XGBoost params: n_estimators=7020, max_depth=9
  Starting cross-validation...
  Trial 345 MSE: 0.000005 | MAPE: 0.16% | R²: -0.314049
  Trial time: 30.2s
[I 2026-03-13 06:19:41,879] Trial 345 finished with value: 5.076887518448612e-06 and parameters: {'lambda_P': 1.2841479266449158, 'lambda_B': 1.715540589704743, 'lambda_G': 1.3487304185994788, 'n_estimators': 5975, 'max_depth': 19, 'learning_rate': 0.00606078248282667, 'subsample': 0.8139194701861578, 'colsample_bytree': 0.3249042229252415, 'colsample_bylevel': 0.4479287879555748, 'reg_alpha': 1.1044019632030477, 'reg_lambda': 6.044014168671471, 'gamma': 0.01673279966318595, 'min_child_weight': 11}. Best is trial 237 with value: 3.410930139944745e-06.

[Trial 362/5000] Starting at 06:19:41
  Lambdas: P=1.120, B=1.832, G=0.774
  XGBoost params: n_estimators=4456, max_depth=5
  Starting cross-validation...
  Trial 343 MSE: 0.000005 | MAPE: 0.16% | R²: -0.314049
  Trial time: 33.9s
[I 2026-03-13 06:19:44,464] Trial 343 finished with value: 5.076887518448612e-06 and parameters: {'lambda_P': 1.518755627378273, 'lambda_B': 1.7453989146132671, 'lambda_G': 1.4205939125286071, 'n_estimators': 6583, 'max_depth': 3, 'learning_rate': 0.2913464417578399, 'subsample': 0.4645558289034358, 'colsample_bytree': 0.9756048854398072, 'colsample_bylevel': 0.557195320801969, 'reg_alpha': 4.276359648256039, 'reg_lambda': 3.537654517255342, 'gamma': 0.0005225341156923106, 'min_child_weight': 7}. Best is trial 237 with value: 3.410930139944745e-06.

[Trial 363/5000] Starting at 06:19:44
  Lambdas: P=1.172, B=1.425, G=1.245
  XGBoost params: n_estimators=9722, max_depth=3
  Starting cross-validation...
  Trial 356 MSE: 0.000005 | MAPE: 0.16% | R²: -0.314049
  Trial time: 13.9s
[I 2026-03-13 06:19:47,687] Trial 356 finished with value: 5.076887518448612e-06 and parameters: {'lambda_P': 1.1339037333613387, 'lambda_B': 1.192772152212942, 'lambda_G': 0.6625085060004416, 'n_estimators': 2808, 'max_depth': 2, 'learning_rate': 0.23540893558710554, 'subsample': 0.5076901559828343, 'colsample_bytree': 0.34510055078682056, 'colsample_bylevel': 0.5326468924342762, 'reg_alpha': 9.267711174786143, 'reg_lambda': 2.5234218263631814, 'gamma': 0.009421499709869212, 'min_child_weight': 16}. Best is trial 237 with value: 3.410930139944745e-06.

[Trial 364/5000] Starting at 06:19:47
  Lambdas: P=1.016, B=1.460, G=0.502
  XGBoost params: n_estimators=227, max_depth=10
  Starting cross-validation...
  Trial 363 MSE: 0.000005 | MAPE: 0.16% | R²: -0.314049
  Trial time: 1.2s
[I 2026-03-13 06:19:49,071] Trial 363 finished with value: 5.076887518448612e-06 and parameters: {'lambda_P': 1.0157804236567534, 'lambda_B': 1.4595876872511957, 'lambda_G': 0.5022308916273996, 'n_estimators': 227, 'max_depth': 10, 'learning_rate': 0.08906626598114693, 'subsample': 0.661880635318957, 'colsample_bytree': 0.3690677937784604, 'colsample_bylevel': 0.6648270547747512, 'reg_alpha': 0.27975493084899883, 'reg_lambda': 0.9910726078950904, 'gamma': 0.007187608450133402, 'min_child_weight': 19}. Best is trial 237 with value: 3.410930139944745e-06.

[Trial 365/5000] Starting at 06:19:49
  Lambdas: P=1.248, B=0.747, G=0.685
  XGBoost params: n_estimators=6098, max_depth=19
  Starting cross-validation...
  Trial 352 MSE: 0.000005 | MAPE: 0.16% | R²: -0.314049
  Trial time: 25.5s
[I 2026-03-13 06:19:51,556] Trial 352 finished with value: 5.076887518448612e-06 and parameters: {'lambda_P': 1.5312679817225185, 'lambda_B': 1.5342840611565853, 'lambda_G': 1.7813508863740855, 'n_estimators': 7081, 'max_depth': 13, 'learning_rate': 0.3997716843104332, 'subsample': 0.923947115717141, 'colsample_bytree': 0.41960325753059613, 'colsample_bylevel': 0.62206554736121, 'reg_alpha': 0.9522028658413129, 'reg_lambda': 7.564619792413698, 'gamma': 0.03151789262612644, 'min_child_weight': 17}. Best is trial 237 with value: 3.410930139944745e-06.

[Trial 366/5000] Starting at 06:19:51
  Lambdas: P=1.320, B=1.169, G=1.507
  Trial 342 MSE: 0.000005 | MAPE: 0.16% | R²: -0.314049
  Trial time: 42.4s
[I 2026-03-13 06:19:51,832] Trial 342 finished with value: 5.076887518448612e-06 and parameters: {'lambda_P': 1.8460283811759273, 'lambda_B': 1.7982798554607566, 'lambda_G': 1.7110315824460445, 'n_estimators': 8334, 'max_depth': 12, 'learning_rate': 0.006996542837675233, 'subsample': 0.9392873815673692, 'colsample_bytree': 0.6175974149015826, 'colsample_bylevel': 0.7388903408303378, 'reg_alpha': 4.845315694122625, 'reg_lambda': 9.863168164684954, 'gamma': 0.00018614542971011076, 'min_child_weight': 17}. Best is trial 237 with value: 3.410930139944745e-06.

[Trial 367/5000] Starting at 06:19:52
  Lambdas: P=1.501, B=1.866, G=1.748
  XGBoost params: n_estimators=2446, max_depth=11
  Starting cross-validation...
  XGBoost params: n_estimators=5584, max_depth=16
  Starting cross-validation...
  Trial 357 MSE: 0.000005 | MAPE: 0.16% | R²: -0.314049
  Trial time: 14.9s
[I 2026-03-13 06:19:52,474] Trial 357 finished with value: 5.076887518448612e-06 and parameters: {'lambda_P': 0.5152338668489286, 'lambda_B': 1.881761821157681, 'lambda_G': 0.5996603763634907, 'n_estimators': 2816, 'max_depth': 20, 'learning_rate': 0.0015239710509457644, 'subsample': 0.8456457709598915, 'colsample_bytree': 0.9160658180336592, 'colsample_bylevel': 0.7545330036491353, 'reg_alpha': 7.150635330331545, 'reg_lambda': 3.1438509605884244, 'gamma': 0.014402261051505135, 'min_child_weight': 3}. Best is trial 237 with value: 3.410930139944745e-06.

[Trial 368/5000] Starting at 06:19:52
  Lambdas: P=1.518, B=1.229, G=0.765
  XGBoost params: n_estimators=2145, max_depth=4
  Starting cross-validation...
  Trial 358 MSE: 0.000005 | MAPE: 0.16% | R²: -0.314049
  Trial time: 15.2s
[I 2026-03-13 06:19:53,976] Trial 358 finished with value: 5.076887518448612e-06 and parameters: {'lambda_P': 1.8157546630800965, 'lambda_B': 1.2122518922349297, 'lambda_G': 1.3638683627388035, 'n_estimators': 2806, 'max_depth': 3, 'learning_rate': 0.25790306701141164, 'subsample': 0.37817490425210465, 'colsample_bytree': 0.6531856414408875, 'colsample_bylevel': 0.875176028715831, 'reg_alpha': 9.744685284640912, 'reg_lambda': 7.227356398147972, 'gamma': 0.0008025326541444722, 'min_child_weight': 12}. Best is trial 237 with value: 3.410930139944745e-06.

[Trial 369/5000] Starting at 06:19:54
  Lambdas: P=1.960, B=1.528, G=0.791
  XGBoost params: n_estimators=8207, max_depth=20
  Starting cross-validation...
  Trial 354 MSE: 0.000005 | MAPE: 0.16% | R²: -0.314049
  Trial time: 28.3s
[I 2026-03-13 06:19:59,583] Trial 354 finished with value: 5.076887518448612e-06 and parameters: {'lambda_P': 1.3164747087643145, 'lambda_B': 0.8507942180567138, 'lambda_G': 1.4106209765996867, 'n_estimators': 5503, 'max_depth': 19, 'learning_rate': 0.003085129917902683, 'subsample': 0.3219393761380799, 'colsample_bytree': 0.4127203358494319, 'colsample_bylevel': 0.5874008936728907, 'reg_alpha': 3.36752063883654, 'reg_lambda': 9.474361401338346, 'gamma': 0.034481609719788454, 'min_child_weight': 3}. Best is trial 237 with value: 3.410930139944745e-06.

[Trial 370/5000] Starting at 06:19:59
  Lambdas: P=1.043, B=1.409, G=0.530
  XGBoost params: n_estimators=8793, max_depth=12
  Starting cross-validation...
  Trial 365 MSE: 0.000005 | MAPE: 0.16% | R²: -0.314049
  Trial time: 8.8s
[I 2026-03-13 06:20:00,550] Trial 365 finished with value: 5.076887518448612e-06 and parameters: {'lambda_P': 1.3197829222755288, 'lambda_B': 1.1687377029928219, 'lambda_G': 1.5066173300717585, 'n_estimators': 2446, 'max_depth': 11, 'learning_rate': 0.0077245224583332665, 'subsample': 0.5646626791394509, 'colsample_bytree': 0.7369505528920632, 'colsample_bylevel': 0.7510301178301746, 'reg_alpha': 1.836299817067908, 'reg_lambda': 8.255021657864962, 'gamma': 0.023309897939592088, 'min_child_weight': 4}. Best is trial 237 with value: 3.410930139944745e-06.

[Trial 371/5000] Starting at 06:20:00
  Lambdas: P=0.732, B=1.794, G=1.094
  XGBoost params: n_estimators=8384, max_depth=13
  Starting cross-validation...
  Trial 359 MSE: 0.000005 | MAPE: 0.16% | R²: -0.314049
  Trial time: 20.2s
[I 2026-03-13 06:20:01,277] Trial 359 finished with value: 5.076887518448612e-06 and parameters: {'lambda_P': 1.140384818833465, 'lambda_B': 1.7912502088350322, 'lambda_G': 1.88619079062694, 'n_estimators': 5394, 'max_depth': 4, 'learning_rate': 0.02241528597950562, 'subsample': 0.40536420836855497, 'colsample_bytree': 0.4496099140200293, 'colsample_bylevel': 0.4797134103873483, 'reg_alpha': 4.657326901661336, 'reg_lambda': 5.339409352187374, 'gamma': 0.011840306311706263, 'min_child_weight': 14}. Best is trial 237 with value: 3.410930139944745e-06.

[Trial 372/5000] Starting at 06:20:01
  Lambdas: P=0.637, B=0.848, G=0.792
  XGBoost params: n_estimators=8624, max_depth=13
  Starting cross-validation...
  Trial 347 MSE: 0.000005 | MAPE: 0.16% | R²: -0.314049
  Trial time: 44.2s
[I 2026-03-13 06:20:02,294] Trial 347 finished with value: 5.076887518448612e-06 and parameters: {'lambda_P': 1.6948277170688724, 'lambda_B': 0.8587151905067253, 'lambda_G': 1.0170405177524067, 'n_estimators': 8309, 'max_depth': 19, 'learning_rate': 0.37038750916924157, 'subsample': 0.7790321160053756, 'colsample_bytree': 0.6166632624824633, 'colsample_bylevel': 0.7813397092410951, 'reg_alpha': 5.744893568136158, 'reg_lambda': 1.1060921200101859, 'gamma': 0.09650175198671125, 'min_child_weight': 19}. Best is trial 237 with value: 3.410930139944745e-06.

[Trial 373/5000] Starting at 06:20:02
  Lambdas: P=1.379, B=0.785, G=1.149
  XGBoost params: n_estimators=3249, max_depth=19
  Starting cross-validation...
  Trial 367 MSE: 0.000005 | MAPE: 0.16% | R²: -0.314049
  Trial time: 10.6s
[I 2026-03-13 06:20:03,306] Trial 367 finished with value: 5.076887518448612e-06 and parameters: {'lambda_P': 1.5178051934564438, 'lambda_B': 1.2294629286559091, 'lambda_G': 0.7645126150279709, 'n_estimators': 2145, 'max_depth': 4, 'learning_rate': 0.004394688082014287, 'subsample': 0.6075581714874749, 'colsample_bytree': 0.8851910686783482, 'colsample_bylevel': 0.4081960707895647, 'reg_alpha': 9.617236631335443, 'reg_lambda': 2.6499496001450895, 'gamma': 0.0029431476983965196, 'min_child_weight': 12}. Best is trial 237 with value: 3.410930139944745e-06.

[Trial 374/5000] Starting at 06:20:03
  Lambdas: P=1.509, B=1.443, G=1.856
  XGBoost params: n_estimators=5161, max_depth=12
  Starting cross-validation...
  Trial 361 MSE: 0.000005 | MAPE: 0.16% | R²: -0.314049
  Trial time: 21.9s
[I 2026-03-13 06:20:03,950] Trial 361 finished with value: 5.076887518448612e-06 and parameters: {'lambda_P': 1.120149953694405, 'lambda_B': 1.8316720536860898, 'lambda_G': 0.7741493257625353, 'n_estimators': 4456, 'max_depth': 5, 'learning_rate': 0.01955234289333662, 'subsample': 0.359192174799438, 'colsample_bytree': 0.33223958841470863, 'colsample_bylevel': 0.8621285083686105, 'reg_alpha': 8.275259244236107, 'reg_lambda': 0.4533033323310165, 'gamma': 0.0005044277921676439, 'min_child_weight': 8}. Best is trial 237 with value: 3.410930139944745e-06.

[Trial 375/5000] Starting at 06:20:04
  Lambdas: P=1.869, B=0.669, G=1.363
  XGBoost params: n_estimators=4333, max_depth=8
  Starting cross-validation...
  Trial 348 MSE: 0.000005 | MAPE: 0.16% | R²: -0.314049
  Trial time: 44.4s
[I 2026-03-13 06:20:04,923] Trial 348 finished with value: 5.076887518448612e-06 and parameters: {'lambda_P': 1.496100723713297, 'lambda_B': 1.3865871896896207, 'lambda_G': 1.5234856718531573, 'n_estimators': 8724, 'max_depth': 16, 'learning_rate': 0.0014253893702342935, 'subsample': 0.6012060235517281, 'colsample_bytree': 0.7446676018219225, 'colsample_bylevel': 0.5505170920236566, 'reg_alpha': 8.46230226624524, 'reg_lambda': 6.891733799634813, 'gamma': 0.00015817245328929736, 'min_child_weight': 20}. Best is trial 237 with value: 3.410930139944745e-06.

[Trial 376/5000] Starting at 06:20:05
  Lambdas: P=0.683, B=0.772, G=0.751
  XGBoost params: n_estimators=4325, max_depth=6
  Starting cross-validation...
  Trial 355 MSE: 0.000005 | MAPE: 0.16% | R²: -0.314049
  Trial time: 37.0s
[I 2026-03-13 06:20:08,664] Trial 355 finished with value: 5.076887518448612e-06 and parameters: {'lambda_P': 1.0431699366582197, 'lambda_B': 0.9655338361873902, 'lambda_G': 1.4263229600187644, 'n_estimators': 7558, 'max_depth': 2, 'learning_rate': 0.327311435974955, 'subsample': 0.9270609507007335, 'colsample_bytree': 0.727871188459245, 'colsample_bylevel': 0.3455680936602036, 'reg_alpha': 8.491783268056897, 'reg_lambda': 4.4386539143376815, 'gamma': 0.007616942950488262, 'min_child_weight': 4}. Best is trial 237 with value: 3.410930139944745e-06.

[Trial 377/5000] Starting at 06:20:08
  Lambdas: P=1.306, B=1.538, G=0.855
  XGBoost params: n_estimators=2147, max_depth=18
  Starting cross-validation...
  Trial 360 MSE: 0.000005 | MAPE: 0.16% | R²: -0.314049
  Trial time: 35.0s
[I 2026-03-13 06:20:16,483] Trial 360 finished with value: 5.076887518448612e-06 and parameters: {'lambda_P': 1.7136916923309702, 'lambda_B': 0.5079245529793666, 'lambda_G': 0.9334597826217441, 'n_estimators': 7020, 'max_depth': 9, 'learning_rate': 0.4416689417858001, 'subsample': 0.31104505937400806, 'colsample_bytree': 0.9883999702132453, 'colsample_bylevel': 0.3814644380628621, 'reg_alpha': 6.67803902929407, 'reg_lambda': 0.48739540731522424, 'gamma': 0.009413959634823863, 'min_child_weight': 3}. Best is trial 237 with value: 3.410930139944745e-06.

[Trial 378/5000] Starting at 06:20:16
  Lambdas: P=1.744, B=0.925, G=1.702
  XGBoost params: n_estimators=3156, max_depth=5
  Starting cross-validation...
  Trial 353 MSE: 0.000005 | MAPE: 0.16% | R²: -0.284075
  Trial time: 47.8s
