[I 2026-03-13 07:09:01,824] Trial 1921 finished with value: 4.574478440069381e-06 and parameters: {'lambda_P': 0.9230929176014064, 'lambda_B': 1.7140811142123826, 'lambda_G': 1.2748576280941888, 'n_estimators': 8687, 'max_depth': 20, 'learning_rate': 0.0015433079075901357, 'subsample': 0.5274376537201201, 'colsample_bytree': 0.6900634115722093, 'colsample_bylevel': 0.4623778049306447, 'reg_alpha': 0.5607750913362055, 'reg_lambda': 1.3565551065104806, 'gamma': 0.00012215141563647685, 'min_child_weight': 20}. Best is trial 1422 with value: 2.996031181594198e-06.

[Trial 1941/5000] Starting at 07:09:01
  Lambdas: P=0.653, B=1.731, G=1.838
  XGBoost params: n_estimators=3741, max_depth=18
  Starting cross-validation...
  Trial 1937 MSE: 0.000005 | MAPE: 0.16% | R²: -0.314049
  Trial time: 16.2s
[I 2026-03-13 07:09:04,376] Trial 1937 finished with value: 5.076887518448612e-06 and parameters: {'lambda_P': 1.3231305836801392, 'lambda_B': 1.1902092388466796, 'lambda_G': 1.4649496146432444, 'n_estimators': 4375, 'max_depth': 3, 'learning_rate': 0.0016697793607699804, 'subsample': 0.9586734976354236, 'colsample_bytree': 0.4087422016003506, 'colsample_bylevel': 0.3861215408509877, 'reg_alpha': 9.527561995914276, 'reg_lambda': 0.7178212396710855, 'gamma': 0.012825840650787776, 'min_child_weight': 6}. Best is trial 1422 with value: 2.996031181594198e-06.

[Trial 1942/5000] Starting at 07:09:04
  Lambdas: P=1.560, B=0.984, G=0.684
  XGBoost params: n_estimators=6551, max_depth=7
  Starting cross-validation...
  Trial 1935 MSE: 0.000005 | MAPE: 0.16% | R²: -0.314049
  Trial time: 20.9s
[I 2026-03-13 07:09:05,938] Trial 1935 finished with value: 5.076887518448612e-06 and parameters: {'lambda_P': 1.862361365285861, 'lambda_B': 1.9367929159667858, 'lambda_G': 1.5741520975555472, 'n_estimators': 4247, 'max_depth': 12, 'learning_rate': 0.0018783680435644672, 'subsample': 0.7047315359815235, 'colsample_bytree': 0.31384270117647933, 'colsample_bylevel': 0.3213196294803772, 'reg_alpha': 1.0720084307681443, 'reg_lambda': 6.735553548475684, 'gamma': 0.0015952538228451163, 'min_child_weight': 19}. Best is trial 1422 with value: 2.996031181594198e-06.

[Trial 1943/5000] Starting at 07:09:06
  Lambdas: P=0.702, B=1.606, G=1.543
  XGBoost params: n_estimators=5970, max_depth=17
  Starting cross-validation...
  Trial 1934 MSE: 0.000004 | MAPE: 0.15% | R²: -0.109989
  Trial time: 24.3s
[I 2026-03-13 07:09:07,008] Trial 1934 finished with value: 4.083154215095036e-06 and parameters: {'lambda_P': 1.2879571572754946, 'lambda_B': 1.9752570970718208, 'lambda_G': 1.2447944548072551, 'n_estimators': 5082, 'max_depth': 7, 'learning_rate': 0.016896320645875602, 'subsample': 0.6194443526956191, 'colsample_bytree': 0.5707039584227457, 'colsample_bylevel': 0.38461467693673695, 'reg_alpha': 0.40085738449281044, 'reg_lambda': 9.437602229361445, 'gamma': 0.00015015869878844365, 'min_child_weight': 11}. Best is trial 1422 with value: 2.996031181594198e-06.

[Trial 1944/5000] Starting at 07:09:07
  Lambdas: P=0.766, B=0.705, G=1.727
  Trial 1922 MSE: 0.000005 | MAPE: 0.16% | R²: -0.275768
  Trial time: 45.6s
  XGBoost params: n_estimators=9426, max_depth=3
  Starting cross-validation...
[I 2026-03-13 07:09:07,613] Trial 1922 finished with value: 4.958193313878035e-06 and parameters: {'lambda_P': 1.2044347591553957, 'lambda_B': 0.8398173418328577, 'lambda_G': 0.502093881986336, 'n_estimators': 9623, 'max_depth': 12, 'learning_rate': 0.007418709829231986, 'subsample': 0.6796711942754973, 'colsample_bytree': 0.4327119687076696, 'colsample_bylevel': 0.47415090466710846, 'reg_alpha': 0.5008590183970357, 'reg_lambda': 6.8432519314165745, 'gamma': 0.001016064456829953, 'min_child_weight': 14}. Best is trial 1422 with value: 2.996031181594198e-06.

[Trial 1945/5000] Starting at 07:09:07
  Lambdas: P=1.538, B=1.224, G=1.710
  XGBoost params: n_estimators=5141, max_depth=19
  Starting cross-validation...
  Trial 1933 MSE: 0.000003 | MAPE: 0.14% | R²: 0.025226
  Trial time: 26.1s
[I 2026-03-13 07:09:08,356] Trial 1933 finished with value: 3.4266465184267686e-06 and parameters: {'lambda_P': 0.5024468982958659, 'lambda_B': 1.354977583586971, 'lambda_G': 1.5059742287087956, 'n_estimators': 4990, 'max_depth': 17, 'learning_rate': 0.0013249629389917791, 'subsample': 0.9761552769508597, 'colsample_bytree': 0.3849158293688596, 'colsample_bylevel': 0.3913255681021041, 'reg_alpha': 0.31128565884908255, 'reg_lambda': 2.7521186379228286, 'gamma': 0.0001021428607015122, 'min_child_weight': 14}. Best is trial 1422 with value: 2.996031181594198e-06.

[Trial 1946/5000] Starting at 07:09:08
  Lambdas: P=1.604, B=1.223, G=1.318
  XGBoost params: n_estimators=1239, max_depth=4
  Starting cross-validation...
  Trial 1925 MSE: 0.000005 | MAPE: 0.16% | R²: -0.314049
  Trial time: 42.4s
[I 2026-03-13 07:09:09,794] Trial 1925 finished with value: 5.076887518448612e-06 and parameters: {'lambda_P': 1.8591510340394697, 'lambda_B': 1.2503543986869574, 'lambda_G': 1.85631781469133, 'n_estimators': 8327, 'max_depth': 18, 'learning_rate': 0.011055418337213059, 'subsample': 0.3736113317557867, 'colsample_bytree': 0.9647941024172899, 'colsample_bylevel': 0.5514298772106794, 'reg_alpha': 8.516912656271911, 'reg_lambda': 8.747543524386435, 'gamma': 0.007387306706651135, 'min_child_weight': 2}. Best is trial 1422 with value: 2.996031181594198e-06.

[Trial 1947/5000] Starting at 07:09:09
  Lambdas: P=0.764, B=0.892, G=1.207
  XGBoost params: n_estimators=693, max_depth=17
  Starting cross-validation...
  Trial 1936 MSE: 0.000003 | MAPE: 0.14% | R²: 0.046300
  Trial time: 25.2s
[I 2026-03-13 07:09:11,060] Trial 1936 finished with value: 3.285374284482434e-06 and parameters: {'lambda_P': 0.9995473236980704, 'lambda_B': 1.681143635952739, 'lambda_G': 0.8483624344387606, 'n_estimators': 5071, 'max_depth': 8, 'learning_rate': 0.006291195160397667, 'subsample': 0.9853517958783573, 'colsample_bytree': 0.771319771023774, 'colsample_bylevel': 0.3659543282737473, 'reg_alpha': 0.14423387550286984, 'reg_lambda': 0.3203133487020684, 'gamma': 0.00010783032487434729, 'min_child_weight': 4}. Best is trial 1422 with value: 2.996031181594198e-06.

[Trial 1948/5000] Starting at 07:09:11
  Lambdas: P=0.692, B=1.698, G=0.677
  XGBoost params: n_estimators=2568, max_depth=8
  Starting cross-validation...
  Trial 1946 MSE: 0.000005 | MAPE: 0.16% | R²: -0.314049
  Trial time: 3.9s
[I 2026-03-13 07:09:13,870] Trial 1946 finished with value: 5.076887518448612e-06 and parameters: {'lambda_P': 0.7639165510967788, 'lambda_B': 0.8924514052922461, 'lambda_G': 1.206537354276525, 'n_estimators': 693, 'max_depth': 17, 'learning_rate': 0.04558246958672156, 'subsample': 0.7427923208671978, 'colsample_bytree': 0.5322609532009189, 'colsample_bylevel': 0.7955096831806697, 'reg_alpha': 8.709627532087781, 'reg_lambda': 2.507723577568469, 'gamma': 0.027560083470087603, 'min_child_weight': 14}. Best is trial 1422 with value: 2.996031181594198e-06.

[Trial 1949/5000] Starting at 07:09:13
  Lambdas: P=0.651, B=1.571, G=1.449
  XGBoost params: n_estimators=5338, max_depth=10
  Starting cross-validation...
  Trial 1945 MSE: 0.000005 | MAPE: 0.16% | R²: -0.314049
  Trial time: 6.8s
[I 2026-03-13 07:09:15,416] Trial 1945 finished with value: 5.076887518448612e-06 and parameters: {'lambda_P': 1.6038139777769054, 'lambda_B': 1.2227557501156823, 'lambda_G': 1.317865776819017, 'n_estimators': 1239, 'max_depth': 4, 'learning_rate': 0.002562304906730313, 'subsample': 0.5232957316444393, 'colsample_bytree': 0.8739746462150118, 'colsample_bylevel': 0.8105078486628355, 'reg_alpha': 6.312984207910827, 'reg_lambda': 2.2594428507755597, 'gamma': 0.0019419148865997043, 'min_child_weight': 13}. Best is trial 1422 with value: 2.996031181594198e-06.

[Trial 1950/5000] Starting at 07:09:15
  Lambdas: P=1.036, B=1.869, G=0.548
  XGBoost params: n_estimators=6210, max_depth=3
  Starting cross-validation...
  Trial 1932 MSE: 0.000005 | MAPE: 0.16% | R²: -0.314049
  Trial time: 34.6s
[I 2026-03-13 07:09:16,448] Trial 1932 finished with value: 5.076887518448612e-06 and parameters: {'lambda_P': 1.9644149957774675, 'lambda_B': 1.58530481419953, 'lambda_G': 1.6898409262372414, 'n_estimators': 6549, 'max_depth': 9, 'learning_rate': 0.0029266819922080757, 'subsample': 0.5551786897238578, 'colsample_bytree': 0.5006529373517247, 'colsample_bylevel': 0.3175332848900601, 'reg_alpha': 0.4960534778734274, 'reg_lambda': 9.621414767211082, 'gamma': 0.0019739336452843374, 'min_child_weight': 17}. Best is trial 1422 with value: 2.996031181594198e-06.

[Trial 1951/5000] Starting at 07:09:16
  Lambdas: P=0.823, B=1.762, G=0.609
  XGBoost params: n_estimators=2456, max_depth=10
  Starting cross-validation...
  Trial 1931 MSE: 0.000005 | MAPE: 0.16% | R²: -0.314049
  Trial time: 38.9s
[I 2026-03-13 07:09:19,160] Trial 1931 finished with value: 5.076887518448612e-06 and parameters: {'lambda_P': 0.9575294335448792, 'lambda_B': 1.6153579553945, 'lambda_G': 0.833292770814995, 'n_estimators': 8493, 'max_depth': 9, 'learning_rate': 0.009402073789798248, 'subsample': 0.8990520552209372, 'colsample_bytree': 0.8555812035733054, 'colsample_bylevel': 0.30879631091586907, 'reg_alpha': 1.9452592736559013, 'reg_lambda': 1.2346248141702794, 'gamma': 0.00016344395227274396, 'min_child_weight': 5}. Best is trial 1422 with value: 2.996031181594198e-06.

[Trial 1952/5000] Starting at 07:09:19
  Lambdas: P=0.885, B=1.866, G=0.894
  XGBoost params: n_estimators=3160, max_depth=2
  Starting cross-validation...
  Trial 1929 MSE: 0.000003 | MAPE: 0.14% | R²: 0.004032
  Trial time: 45.1s
[I 2026-03-13 07:09:21,691] Trial 1929 finished with value: 3.481306235328312e-06 and parameters: {'lambda_P': 1.1105859902907749, 'lambda_B': 1.8458831201244064, 'lambda_G': 0.8123608381044142, 'n_estimators': 8763, 'max_depth': 12, 'learning_rate': 0.03421692198807697, 'subsample': 0.7910266180998632, 'colsample_bytree': 0.9910623885636369, 'colsample_bylevel': 0.3143414327839802, 'reg_alpha': 0.12286093164653208, 'reg_lambda': 0.300094523863663, 'gamma': 0.00017990018551274892, 'min_child_weight': 2}. Best is trial 1422 with value: 2.996031181594198e-06.

[Trial 1953/5000] Starting at 07:09:21
  Trial 1928 MSE: 0.000005 | MAPE: 0.16% | R²: -0.314049
  Trial time: 47.8s
[I 2026-03-13 07:09:21,884] Trial 1928 finished with value: 5.076887518448612e-06 and parameters: {'lambda_P': 0.9172500218578746, 'lambda_B': 1.9174154931874612, 'lambda_G': 1.128879013266324, 'n_estimators': 9147, 'max_depth': 19, 'learning_rate': 0.0016784190735495026, 'subsample': 0.41946036056109925, 'colsample_bytree': 0.5039679563955801, 'colsample_bylevel': 0.5764175576938675, 'reg_alpha': 0.6017230000780197, 'reg_lambda': 0.44749172619170485, 'gamma': 0.0008318286359150801, 'min_child_weight': 13}. Best is trial 1422 with value: 2.996031181594198e-06.

[Trial 1954/5000] Starting at 07:09:21
  Lambdas: P=0.807, B=1.168, G=0.660
  Lambdas: P=0.740, B=1.510, G=0.970
  XGBoost params: n_estimators=4526, max_depth=7
  Starting cross-validation...
  XGBoost params: n_estimators=4709, max_depth=6
  Starting cross-validation...
  Trial 1940 MSE: 0.000005 | MAPE: 0.16% | R²: -0.314049
  Trial time: 21.1s
[I 2026-03-13 07:09:23,103] Trial 1940 finished with value: 5.076887518448612e-06 and parameters: {'lambda_P': 0.6531124507992244, 'lambda_B': 1.7312552735497082, 'lambda_G': 1.8380808731292664, 'n_estimators': 3741, 'max_depth': 18, 'learning_rate': 0.09459063945488085, 'subsample': 0.9584350728399902, 'colsample_bytree': 0.8811502897381402, 'colsample_bylevel': 0.7754623187083353, 'reg_alpha': 4.453383629294887, 'reg_lambda': 4.0775050108302775, 'gamma': 0.07099640894729835, 'min_child_weight': 6}. Best is trial 1422 with value: 2.996031181594198e-06.

[Trial 1955/5000] Starting at 07:09:23
  Lambdas: P=1.012, B=1.712, G=1.863
  XGBoost params: n_estimators=6429, max_depth=7
  Starting cross-validation...
  Trial 1947 MSE: 0.000005 | MAPE: 0.16% | R²: -0.228073
  Trial time: 13.7s
[I 2026-03-13 07:09:24,972] Trial 1947 finished with value: 4.7547241335692745e-06 and parameters: {'lambda_P': 0.692448947078781, 'lambda_B': 1.697699416249827, 'lambda_G': 0.6773786981404536, 'n_estimators': 2568, 'max_depth': 8, 'learning_rate': 0.0049851089207390105, 'subsample': 0.8445287121774496, 'colsample_bytree': 0.759080485066641, 'colsample_bylevel': 0.45044464429119724, 'reg_alpha': 0.9154067598018282, 'reg_lambda': 1.1171137983271069, 'gamma': 0.00024165781115958188, 'min_child_weight': 6}. Best is trial 1422 with value: 2.996031181594198e-06.

[Trial 1956/5000] Starting at 07:09:25
  Trial 1938 MSE: 0.000005 | MAPE: 0.16% | R²: -0.314049
  Trial time: 36.1s
[I 2026-03-13 07:09:25,388] Trial 1938 finished with value: 5.076887518448612e-06 and parameters: {'lambda_P': 1.1950593445115416, 'lambda_B': 1.992248283319916, 'lambda_G': 1.3763897351853813, 'n_estimators': 7513, 'max_depth': 17, 'learning_rate': 0.0033491869039493642, 'subsample': 0.7028142951991267, 'colsample_bytree': 0.4700754777317361, 'colsample_bylevel': 0.5024072168274051, 'reg_alpha': 1.3875870961986663, 'reg_lambda': 3.9330942569568137, 'gamma': 0.0001312156789766233, 'min_child_weight': 2}. Best is trial 1422 with value: 2.996031181594198e-06.

[Trial 1957/5000] Starting at 07:09:25
  Lambdas: P=1.018, B=1.462, G=1.123
  XGBoost params: n_estimators=3989, max_depth=4
  Starting cross-validation...
  Lambdas: P=0.550, B=0.846, G=1.341
  XGBoost params: n_estimators=4347, max_depth=20
  Starting cross-validation...
  Trial 1939 MSE: 0.000003 | MAPE: 0.14% | R²: 0.046562
  Trial time: 37.1s
[I 2026-03-13 07:09:28,933] Trial 1939 finished with value: 3.290487422509578e-06 and parameters: {'lambda_P': 1.4167858697785176, 'lambda_B': 1.8274231966777768, 'lambda_G': 1.317424813537739, 'n_estimators': 7911, 'max_depth': 13, 'learning_rate': 0.007367366112412392, 'subsample': 0.8526901287810382, 'colsample_bytree': 0.4914426067622969, 'colsample_bylevel': 0.4424567253384318, 'reg_alpha': 0.15410796780796018, 'reg_lambda': 5.341941524241695, 'gamma': 0.00011392910352628242, 'min_child_weight': 2}. Best is trial 1422 with value: 2.996031181594198e-06.

[Trial 1958/5000] Starting at 07:09:29
  Lambdas: P=0.962, B=1.820, G=1.149
  XGBoost params: n_estimators=4840, max_depth=6
  Starting cross-validation...
  Trial 1950 MSE: 0.000005 | MAPE: 0.16% | R²: -0.244971
  Trial time: 13.2s
[I 2026-03-13 07:09:29,910] Trial 1950 finished with value: 4.882499118166098e-06 and parameters: {'lambda_P': 0.8234941094263676, 'lambda_B': 1.7621474362535996, 'lambda_G': 0.6086372751425215, 'n_estimators': 2456, 'max_depth': 10, 'learning_rate': 0.005281228571410886, 'subsample': 0.9664677489940584, 'colsample_bytree': 0.7160544375298321, 'colsample_bylevel': 0.3613961509474679, 'reg_alpha': 1.3023725148793677, 'reg_lambda': 1.6645384672484658, 'gamma': 0.00010147339722270618, 'min_child_weight': 7}. Best is trial 1422 with value: 2.996031181594198e-06.

[Trial 1959/5000] Starting at 07:09:30
  Lambdas: P=1.247, B=1.350, G=0.895
  XGBoost params: n_estimators=4411, max_depth=6
  Starting cross-validation...
  Trial 1951 MSE: 0.000005 | MAPE: 0.16% | R²: -0.314049
  Trial time: 14.0s
[I 2026-03-13 07:09:33,415] Trial 1951 finished with value: 5.076887518448612e-06 and parameters: {'lambda_P': 0.8845126468798488, 'lambda_B': 1.8662035404945616, 'lambda_G': 0.8943889188351223, 'n_estimators': 3160, 'max_depth': 2, 'learning_rate': 0.009836098102038822, 'subsample': 0.8742451831458503, 'colsample_bytree': 0.7307080533915212, 'colsample_bylevel': 0.38452975404158507, 'reg_alpha': 3.866383308185917, 'reg_lambda': 1.6537015394972072, 'gamma': 0.0002238570893286617, 'min_child_weight': 4}. Best is trial 1422 with value: 2.996031181594198e-06.

[Trial 1960/5000] Starting at 07:09:33
  Lambdas: P=0.725, B=1.888, G=0.811
  XGBoost params: n_estimators=5262, max_depth=8
  Starting cross-validation...
  Trial 1941 MSE: 0.000004 | MAPE: 0.16% | R²: -0.185174
  Trial time: 30.4s
[I 2026-03-13 07:09:35,024] Trial 1941 finished with value: 4.454542438916305e-06 and parameters: {'lambda_P': 1.5597683603135462, 'lambda_B': 0.9842418499971182, 'lambda_G': 0.6844028237544856, 'n_estimators': 6551, 'max_depth': 7, 'learning_rate': 0.0011000190785715501, 'subsample': 0.8090225165242594, 'colsample_bytree': 0.30216915363745933, 'colsample_bylevel': 0.5011042445269943, 'reg_alpha': 0.3262378535216446, 'reg_lambda': 3.753801496536865, 'gamma': 0.0008983074469364373, 'min_child_weight': 6}. Best is trial 1422 with value: 2.996031181594198e-06.

[Trial 1961/5000] Starting at 07:09:35
  Lambdas: P=0.556, B=1.659, G=1.199
  XGBoost params: n_estimators=6620, max_depth=20
  Starting cross-validation...
  Trial 1944 MSE: 0.000005 | MAPE: 0.16% | R²: -0.314049
  Trial time: 27.9s
[I 2026-03-13 07:09:35,787] Trial 1944 finished with value: 5.076887518448612e-06 and parameters: {'lambda_P': 1.5382443239667727, 'lambda_B': 1.224318060209684, 'lambda_G': 1.7098443759078368, 'n_estimators': 5141, 'max_depth': 19, 'learning_rate': 0.025518450462129926, 'subsample': 0.5857942592558899, 'colsample_bytree': 0.3942940171548387, 'colsample_bylevel': 0.8115372674832145, 'reg_alpha': 6.379026254535281, 'reg_lambda': 0.20887281890048381, 'gamma': 0.02238740546275067, 'min_child_weight': 19}. Best is trial 1422 with value: 2.996031181594198e-06.

[Trial 1962/5000] Starting at 07:09:35
  Lambdas: P=1.242, B=0.746, G=1.994
  XGBoost params: n_estimators=4364, max_depth=7
  Starting cross-validation...
  Trial 1942 MSE: 0.000005 | MAPE: 0.16% | R²: -0.314049
  Trial time: 32.8s
[I 2026-03-13 07:09:38,971] Trial 1942 finished with value: 5.076887518448612e-06 and parameters: {'lambda_P': 0.7019053195633433, 'lambda_B': 1.6059786825773703, 'lambda_G': 1.5427217779941569, 'n_estimators': 5970, 'max_depth': 17, 'learning_rate': 0.08151258897320338, 'subsample': 0.9550950878701197, 'colsample_bytree': 0.8462482562483822, 'colsample_bylevel': 0.9321278926850245, 'reg_alpha': 6.8233757715971155, 'reg_lambda': 9.150258726634707, 'gamma': 0.00044880334699175944, 'min_child_weight': 12}. Best is trial 1422 with value: 2.996031181594198e-06.

[Trial 1963/5000] Starting at 07:09:39
  Lambdas: P=1.379, B=0.931, G=1.587
  XGBoost params: n_estimators=5732, max_depth=16
  Starting cross-validation...
  Trial 1948 MSE: 0.000005 | MAPE: 0.16% | R²: -0.294915
  Trial time: 28.6s
[I 2026-03-13 07:09:42,669] Trial 1948 finished with value: 5.025930821538366e-06 and parameters: {'lambda_P': 0.6513527292971912, 'lambda_B': 1.5713650288556429, 'lambda_G': 1.4489342783712398, 'n_estimators': 5338, 'max_depth': 10, 'learning_rate': 0.006656289523781941, 'subsample': 0.9652341346940191, 'colsample_bytree': 0.8633003955765233, 'colsample_bylevel': 0.3321999061754478, 'reg_alpha': 1.280935646663852, 'reg_lambda': 0.16709690857368614, 'gamma': 0.0003679093949101553, 'min_child_weight': 8}. Best is trial 1422 with value: 2.996031181594198e-06.

[Trial 1964/5000] Starting at 07:09:42
  Lambdas: P=0.931, B=1.481, G=0.686
  XGBoost params: n_estimators=4418, max_depth=8
  Starting cross-validation...
  Trial 1956 MSE: 0.000004 | MAPE: 0.14% | R²: -0.040193
  Trial time: 17.8s
[I 2026-03-13 07:09:43,382] Trial 1956 finished with value: 3.817693628081688e-06 and parameters: {'lambda_P': 0.5502987337688252, 'lambda_B': 0.8456059173700986, 'lambda_G': 1.3409831173810483, 'n_estimators': 4347, 'max_depth': 20, 'learning_rate': 0.021491581131701812, 'subsample': 0.9404233620033444, 'colsample_bytree': 0.32352608854002673, 'colsample_bylevel': 0.6489465801469793, 'reg_alpha': 0.5520856901805417, 'reg_lambda': 2.009408080171223, 'gamma': 0.000126276142966008, 'min_child_weight': 18}. Best is trial 1422 with value: 2.996031181594198e-06.

[Trial 1965/5000] Starting at 07:09:43
  Lambdas: P=1.024, B=1.861, G=0.907
  XGBoost params: n_estimators=3233, max_depth=7
  Starting cross-validation...
  Trial 1955 MSE: 0.000004 | MAPE: 0.15% | R²: -0.126993
  Trial time: 20.2s
[I 2026-03-13 07:09:45,452] Trial 1955 finished with value: 4.21923677377268e-06 and parameters: {'lambda_P': 1.0180411050044138, 'lambda_B': 1.461938923791846, 'lambda_G': 1.1234155782480915, 'n_estimators': 3989, 'max_depth': 4, 'learning_rate': 0.009185698976585194, 'subsample': 0.8998845800755739, 'colsample_bytree': 0.9146677479083583, 'colsample_bylevel': 0.3669703721985211, 'reg_alpha': 0.6593430328832941, 'reg_lambda': 0.5445960981735862, 'gamma': 0.00020652467116306886, 'min_child_weight': 1}. Best is trial 1422 with value: 2.996031181594198e-06.

[Trial 1966/5000] Starting at 07:09:45
  Lambdas: P=1.094, B=1.701, G=1.073
  XGBoost params: n_estimators=5499, max_depth=9
  Starting cross-validation...
  Trial 1952 MSE: 0.000005 | MAPE: 0.16% | R²: -0.306965
  Trial time: 24.6s
[I 2026-03-13 07:09:46,514] Trial 1952 finished with value: 5.059626309761543e-06 and parameters: {'lambda_P': 0.8074113680640096, 'lambda_B': 1.168022989975472, 'lambda_G': 0.659792559556126, 'n_estimators': 4526, 'max_depth': 7, 'learning_rate': 0.012390981700809139, 'subsample': 0.9355904274913541, 'colsample_bytree': 0.7141194473721989, 'colsample_bylevel': 0.3721731173933029, 'reg_alpha': 1.3939000579604401, 'reg_lambda': 0.0480508494014491, 'gamma': 0.00030286422871448194, 'min_child_weight': 6}. Best is trial 1422 with value: 2.996031181594198e-06.

[Trial 1967/5000] Starting at 07:09:46
  Lambdas: P=1.120, B=1.523, G=0.920
  XGBoost params: n_estimators=2235, max_depth=7
  Starting cross-validation...
  Trial 1953 MSE: 0.000005 | MAPE: 0.16% | R²: -0.307844
  Trial time: 26.4s
