[I 2026-03-13 06:09:44,092] Trial 21 finished with value: 5.081418016088458e-06 and parameters: {'lambda_P': 1.9708180661283226, 'lambda_B': 1.9486901881974936, 'lambda_G': 1.8865927894549088, 'n_estimators': 857, 'max_depth': 6, 'learning_rate': 0.011492009722579584, 'subsample': 0.728397285959119, 'colsample_bytree': 0.4553270386734848, 'colsample_bylevel': 0.6031431662621594, 'reg_alpha': 0.24782438959148778, 'reg_lambda': 7.9034053243416045, 'gamma': 0.003421180788217576, 'min_child_weight': 13}. Best is trial 6 with value: 4.367259064411295e-06.

[Trial 27/5000] Starting at 06:09:44
  Lambdas: P=1.074, B=1.559, G=1.189
  XGBoost params: n_estimators=8677, max_depth=18
  Starting cross-validation...
  Trial 12 MSE: 0.000005 | MAPE: 0.16% | R²: -0.314049
  Trial time: 26.6s
[I 2026-03-13 06:09:45,453] Trial 12 finished with value: 5.076887518448612e-06 and parameters: {'lambda_P': 1.9343855453295165, 'lambda_B': 1.3511704832948401, 'lambda_G': 0.8940993523551418, 'n_estimators': 5679, 'max_depth': 4, 'learning_rate': 0.0010643123837775395, 'subsample': 0.6867925575514853, 'colsample_bytree': 0.32063958468961035, 'colsample_bylevel': 0.483300804822656, 'reg_alpha': 3.660986867477485, 'reg_lambda': 2.211132267009752, 'gamma': 0.00030437589754056125, 'min_child_weight': 12}. Best is trial 6 with value: 4.367259064411295e-06.

[Trial 28/5000] Starting at 06:09:45
  Lambdas: P=1.859, B=1.143, G=0.907
  XGBoost params: n_estimators=8097, max_depth=15
  Starting cross-validation...
  Trial 18 MSE: 0.000005 | MAPE: 0.16% | R²: -0.314049
  Trial time: 14.7s
[I 2026-03-13 06:09:46,382] Trial 18 finished with value: 5.076887518448612e-06 and parameters: {'lambda_P': 1.6608817882932563, 'lambda_B': 1.7183956669579183, 'lambda_G': 1.0618815869834652, 'n_estimators': 3122, 'max_depth': 12, 'learning_rate': 0.35608164209174964, 'subsample': 0.7438439460412317, 'colsample_bytree': 0.3588061413009341, 'colsample_bylevel': 0.99995044480592, 'reg_alpha': 8.082158049517789, 'reg_lambda': 9.135430014950375, 'gamma': 0.0005174370593355879, 'min_child_weight': 2}. Best is trial 6 with value: 4.367259064411295e-06.

[Trial 29/5000] Starting at 06:09:46
  Lambdas: P=1.428, B=1.477, G=1.274
  XGBoost params: n_estimators=6989, max_depth=6
  Starting cross-validation...
  Trial 5 MSE: 0.000005 | MAPE: 0.16% | R²: -0.314049
  Trial time: 29.4s
[I 2026-03-13 06:09:47,403] Trial 5 finished with value: 5.076887518448612e-06 and parameters: {'lambda_P': 1.076651649657765, 'lambda_B': 1.5990265499605798, 'lambda_G': 1.5182668751547292, 'n_estimators': 5911, 'max_depth': 7, 'learning_rate': 0.032234478763953724, 'subsample': 0.9395016049749645, 'colsample_bytree': 0.7309107114734238, 'colsample_bylevel': 0.4902210047408656, 'reg_alpha': 9.41772179030858, 'reg_lambda': 3.8900129313609932, 'gamma': 0.0051386192953693085, 'min_child_weight': 13}. Best is trial 6 with value: 4.367259064411295e-06.
  Trial 9 MSE: 0.000005 | MAPE: 0.16% | R²: -0.314049
  Trial time: 29.0s

[Trial 30/5000] Starting at 06:09:47[I 2026-03-13 06:09:47,608] Trial 9 finished with value: 5.076887518448612e-06 and parameters: {'lambda_P': 0.6825859467828288, 'lambda_B': 0.7625665783021158, 'lambda_G': 1.8165051402245673, 'n_estimators': 6989, 'max_depth': 2, 'learning_rate': 0.025851042188823305, 'subsample': 0.7802604288474742, 'colsample_bytree': 0.955736470233957, 'colsample_bylevel': 0.36283520060987534, 'reg_alpha': 7.826695703733257, 'reg_lambda': 1.6859713267049292, 'gamma': 0.07263807038330984, 'min_child_weight': 3}. Best is trial 6 with value: 4.367259064411295e-06.

  Lambdas: P=1.543, B=1.767, G=0.509

[Trial 31/5000] Starting at 06:09:47
  Lambdas: P=0.835, B=1.111, G=0.654
  XGBoost params: n_estimators=3201, max_depth=7  XGBoost params: n_estimators=4765, max_depth=13
  Starting cross-validation...

  Starting cross-validation...
  Trial 14 MSE: 0.000005 | MAPE: 0.16% | R²: -0.314049
  Trial time: 25.7s
[I 2026-03-13 06:09:51,465] Trial 14 finished with value: 5.076887518448612e-06 and parameters: {'lambda_P': 1.79782034286753, 'lambda_B': 1.2084093387392563, 'lambda_G': 1.8563085829940447, 'n_estimators': 5307, 'max_depth': 11, 'learning_rate': 0.235361012681158, 'subsample': 0.4166989564547225, 'colsample_bytree': 0.3853313117420669, 'colsample_bylevel': 0.32368073663607694, 'reg_alpha': 9.306778662850043, 'reg_lambda': 7.549014127361298, 'gamma': 0.0018637946283055647, 'min_child_weight': 18}. Best is trial 6 with value: 4.367259064411295e-06.

[Trial 32/5000] Starting at 06:09:51
  Lambdas: P=1.774, B=1.599, G=1.928
  XGBoost params: n_estimators=133, max_depth=7
  Starting cross-validation...
  Trial 31 MSE: 0.000005 | MAPE: 0.16% | R²: -0.314049
  Trial time: 0.7s
[I 2026-03-13 06:09:52,421] Trial 31 finished with value: 5.076887518448612e-06 and parameters: {'lambda_P': 1.7744856076533437, 'lambda_B': 1.599010058392777, 'lambda_G': 1.9279362087981946, 'n_estimators': 133, 'max_depth': 7, 'learning_rate': 0.15857438902291301, 'subsample': 0.7770146871036747, 'colsample_bytree': 0.6218667966885503, 'colsample_bylevel': 0.5346905758761494, 'reg_alpha': 9.115355944365984, 'reg_lambda': 8.860422138705117, 'gamma': 0.0002678528060536964, 'min_child_weight': 12}. Best is trial 6 with value: 4.367259064411295e-06.

[Trial 33/5000] Starting at 06:09:52
  Lambdas: P=1.905, B=1.658, G=1.533
  XGBoost params: n_estimators=9643, max_depth=13
  Starting cross-validation...
  Trial 25 MSE: 0.000005 | MAPE: 0.16% | R²: -0.314049
  Trial time: 9.4s
[I 2026-03-13 06:09:53,275] Trial 25 finished with value: 5.076887518448612e-06 and parameters: {'lambda_P': 1.776992382881718, 'lambda_B': 1.6344800373909225, 'lambda_G': 1.9088686312618606, 'n_estimators': 1757, 'max_depth': 5, 'learning_rate': 0.004667354135267029, 'subsample': 0.5585789349362318, 'colsample_bytree': 0.37924884601886577, 'colsample_bylevel': 0.47953143941021337, 'reg_alpha': 9.702813615525907, 'reg_lambda': 5.520498447680479, 'gamma': 0.0011033586034524363, 'min_child_weight': 14}. Best is trial 6 with value: 4.367259064411295e-06.

[Trial 34/5000] Starting at 06:09:53
  Lambdas: P=1.443, B=1.209, G=1.370
  XGBoost params: n_estimators=7157, max_depth=8
  Starting cross-validation...
  Trial 19 MSE: 0.000005 | MAPE: 0.16% | R²: -0.314049
  Trial time: 22.7s
[I 2026-03-13 06:09:56,189] Trial 19 finished with value: 5.076887518448612e-06 and parameters: {'lambda_P': 1.0545373505271436, 'lambda_B': 0.6107506295200411, 'lambda_G': 0.676434561041815, 'n_estimators': 4401, 'max_depth': 8, 'learning_rate': 0.013869825187386754, 'subsample': 0.6139436334737477, 'colsample_bytree': 0.3188896260320037, 'colsample_bylevel': 0.5650641733027164, 'reg_alpha': 4.478785401673541, 'reg_lambda': 4.71868875526507, 'gamma': 0.0008465717830267232, 'min_child_weight': 5}. Best is trial 6 with value: 4.367259064411295e-06.

[Trial 35/5000] Starting at 06:09:56
  Lambdas: P=0.953, B=1.556, G=1.520
  XGBoost params: n_estimators=9436, max_depth=2
  Starting cross-validation...
  Trial 30 MSE: 0.000005 | MAPE: 0.16% | R²: -0.314049
  Trial time: 10.7s
[I 2026-03-13 06:09:58,541] Trial 30 finished with value: 5.076887518448612e-06 and parameters: {'lambda_P': 0.834930984218887, 'lambda_B': 1.1106521029077, 'lambda_G': 0.6537055104912439, 'n_estimators': 3201, 'max_depth': 7, 'learning_rate': 0.005744814082468429, 'subsample': 0.8908288860613214, 'colsample_bytree': 0.8787372059244793, 'colsample_bylevel': 0.6273255992777103, 'reg_alpha': 2.827291445025769, 'reg_lambda': 4.032314177643447, 'gamma': 0.004830559747615289, 'min_child_weight': 6}. Best is trial 6 with value: 4.367259064411295e-06.

[Trial 36/5000] Starting at 06:09:58
  Lambdas: P=1.971, B=0.947, G=1.137
  XGBoost params: n_estimators=8661, max_depth=4
  Starting cross-validation...
  Trial 16 MSE: 0.000005 | MAPE: 0.16% | R²: -0.314049
  Trial time: 30.3s
[I 2026-03-13 06:09:58,951] Trial 16 finished with value: 5.076887518448612e-06 and parameters: {'lambda_P': 1.7783616771915995, 'lambda_B': 1.5108046355176121, 'lambda_G': 1.3544523121908993, 'n_estimators': 6049, 'max_depth': 16, 'learning_rate': 0.05096388134296004, 'subsample': 0.6652982255368851, 'colsample_bytree': 0.9570941737762471, 'colsample_bylevel': 0.7450836858909281, 'reg_alpha': 3.686456448313138, 'reg_lambda': 0.7087648035721683, 'gamma': 0.0074210709608849386, 'min_child_weight': 6}. Best is trial 6 with value: 4.367259064411295e-06.

[Trial 37/5000] Starting at 06:09:59
  Lambdas: P=1.497, B=1.914, G=1.822
  XGBoost params: n_estimators=8396, max_depth=11
  Starting cross-validation...
  Trial 22 MSE: 0.000005 | MAPE: 0.16% | R²: -0.314049
  Trial time: 20.9s
[I 2026-03-13 06:10:00,442] Trial 22 finished with value: 5.076887518448612e-06 and parameters: {'lambda_P': 1.9179624558839494, 'lambda_B': 1.2392480603821543, 'lambda_G': 0.5689172980524884, 'n_estimators': 4137, 'max_depth': 7, 'learning_rate': 0.18970207108450815, 'subsample': 0.34888247479416823, 'colsample_bytree': 0.534346965682244, 'colsample_bylevel': 0.8531255374714728, 'reg_alpha': 6.4379616740260595, 'reg_lambda': 4.141005013231199, 'gamma': 0.08889117441781774, 'min_child_weight': 3}. Best is trial 6 with value: 4.367259064411295e-06.

[Trial 38/5000] Starting at 06:10:00
  Lambdas: P=0.957, B=0.639, G=1.408
  XGBoost params: n_estimators=2565, max_depth=7
  Starting cross-validation...
  Trial 23 MSE: 0.000005 | MAPE: 0.16% | R²: -0.314049
  Trial time: 18.6s
[I 2026-03-13 06:10:01,265] Trial 23 finished with value: 5.076887518448612e-06 and parameters: {'lambda_P': 1.7133154830911566, 'lambda_B': 1.486585657310467, 'lambda_G': 1.9447748556500493, 'n_estimators': 4686, 'max_depth': 11, 'learning_rate': 0.02495437635582423, 'subsample': 0.7495301524765727, 'colsample_bytree': 0.4919513777653266, 'colsample_bylevel': 0.6358479673840839, 'reg_alpha': 3.6875175890434053, 'reg_lambda': 1.7400425371062223, 'gamma': 0.06685274107004147, 'min_child_weight': 20}. Best is trial 6 with value: 4.367259064411295e-06.

[Trial 39/5000] Starting at 06:10:01
  Lambdas: P=1.952, B=0.837, G=1.762
  XGBoost params: n_estimators=1505, max_depth=20
  Starting cross-validation...
  Trial 38 MSE: 0.000005 | MAPE: 0.16% | R²: -0.314049
  Trial time: 4.6s
[I 2026-03-13 06:10:06,038] Trial 38 finished with value: 5.076887518448612e-06 and parameters: {'lambda_P': 1.9521494302030695, 'lambda_B': 0.8369384727012886, 'lambda_G': 1.7615806148933757, 'n_estimators': 1505, 'max_depth': 20, 'learning_rate': 0.023224237438089924, 'subsample': 0.3205229978832631, 'colsample_bytree': 0.34832563303188496, 'colsample_bylevel': 0.7966271648313784, 'reg_alpha': 4.068765292243599, 'reg_lambda': 2.8045076812162684, 'gamma': 0.0004093035092398197, 'min_child_weight': 5}. Best is trial 6 with value: 4.367259064411295e-06.

[Trial 40/5000] Starting at 06:10:06
  Lambdas: P=1.340, B=0.729, G=0.979
  XGBoost params: n_estimators=8817, max_depth=7
  Starting cross-validation...
  Trial 15 MSE: 0.000005 | MAPE: 0.16% | R²: -0.314049
  Trial time: 40.8s
[I 2026-03-13 06:10:07,868] Trial 15 finished with value: 5.076887518448612e-06 and parameters: {'lambda_P': 0.8625792761359086, 'lambda_B': 1.1523350627384283, 'lambda_G': 1.9106277489502501, 'n_estimators': 8637, 'max_depth': 3, 'learning_rate': 0.07177456183335229, 'subsample': 0.822680366231346, 'colsample_bytree': 0.5484760004250663, 'colsample_bylevel': 0.5652004577551255, 'reg_alpha': 7.350387625534514, 'reg_lambda': 9.319166996131255, 'gamma': 0.00023099873186178363, 'min_child_weight': 8}. Best is trial 6 with value: 4.367259064411295e-06.

[Trial 41/5000] Starting at 06:10:07
  Lambdas: P=1.521, B=1.747, G=0.506
  XGBoost params: n_estimators=5530, max_depth=6
  Starting cross-validation...
  Trial 29 MSE: 0.000005 | MAPE: 0.16% | R²: -0.314049
  Trial time: 22.8s
[I 2026-03-13 06:10:10,497] Trial 29 finished with value: 5.076887518448612e-06 and parameters: {'lambda_P': 1.543258621107665, 'lambda_B': 1.7670767027822318, 'lambda_G': 0.5088887559075168, 'n_estimators': 4765, 'max_depth': 13, 'learning_rate': 0.2680737612379274, 'subsample': 0.7068247963292926, 'colsample_bytree': 0.8134559280542675, 'colsample_bylevel': 0.9474288734631475, 'reg_alpha': 0.7275605553027842, 'reg_lambda': 4.607418045239539, 'gamma': 0.047497776922927594, 'min_child_weight': 3}. Best is trial 6 with value: 4.367259064411295e-06.

[Trial 42/5000] Starting at 06:10:10
  Lambdas: P=0.864, B=1.113, G=1.566
  XGBoost params: n_estimators=5865, max_depth=5
  Starting cross-validation...
  Trial 37 MSE: 0.000005 | MAPE: 0.16% | R²: -0.314049
  Trial time: 11.7s
[I 2026-03-13 06:10:12,365] Trial 37 finished with value: 5.076887518448612e-06 and parameters: {'lambda_P': 0.9571939708383213, 'lambda_B': 0.6385317315275786, 'lambda_G': 1.407786097972623, 'n_estimators': 2565, 'max_depth': 7, 'learning_rate': 0.007171622286541129, 'subsample': 0.8632854944323747, 'colsample_bytree': 0.9269375427919047, 'colsample_bylevel': 0.3968721580189475, 'reg_alpha': 9.486473377658232, 'reg_lambda': 5.036575521654938, 'gamma': 0.00013824838398121748, 'min_child_weight': 10}. Best is trial 6 with value: 4.367259064411295e-06.

[Trial 43/5000] Starting at 06:10:12
  Lambdas: P=1.359, B=1.413, G=0.914
  XGBoost params: n_estimators=5936, max_depth=19
  Starting cross-validation...
  Trial 20 MSE: 0.000005 | MAPE: 0.16% | R²: -0.314049
  Trial time: 39.7s
[I 2026-03-13 06:10:18,207] Trial 20 finished with value: 5.076887518448612e-06 and parameters: {'lambda_P': 1.9475500144315656, 'lambda_B': 1.7156793609789847, 'lambda_G': 0.9658167614946691, 'n_estimators': 8009, 'max_depth': 6, 'learning_rate': 0.06570309627404783, 'subsample': 0.5171618961398339, 'colsample_bytree': 0.8374749347537072, 'colsample_bylevel': 0.30570124325514647, 'reg_alpha': 1.6068260688523461, 'reg_lambda': 5.630632178063419, 'gamma': 0.0018615593041757623, 'min_child_weight': 5}. Best is trial 6 with value: 4.367259064411295e-06.

[Trial 44/5000] Starting at 06:10:18
  Lambdas: P=1.480, B=1.635, G=1.039
  XGBoost params: n_estimators=1701, max_depth=9
  Starting cross-validation...
  Trial 28 MSE: 0.000005 | MAPE: 0.16% | R²: -0.314049
  Trial time: 32.6s
[I 2026-03-13 06:10:19,205] Trial 28 finished with value: 5.076887518448612e-06 and parameters: {'lambda_P': 1.4281646630983995, 'lambda_B': 1.4768530428707178, 'lambda_G': 1.2741416969026547, 'n_estimators': 6989, 'max_depth': 6, 'learning_rate': 0.0018206919421731344, 'subsample': 0.5318201918310836, 'colsample_bytree': 0.6450224351012257, 'colsample_bylevel': 0.3614204775308564, 'reg_alpha': 7.935110864359527, 'reg_lambda': 6.936620820698246, 'gamma': 0.08388482648871197, 'min_child_weight': 2}. Best is trial 6 with value: 4.367259064411295e-06.

[Trial 45/5000] Starting at 06:10:19
  Lambdas: P=1.080, B=1.074, G=0.912
  XGBoost params: n_estimators=8479, max_depth=6
  Starting cross-validation...
  Trial 27 MSE: 0.000005 | MAPE: 0.16% | R²: -0.314049
  Trial time: 38.2s
[I 2026-03-13 06:10:23,869] Trial 27 finished with value: 5.076887518448612e-06 and parameters: {'lambda_P': 1.8589382977100681, 'lambda_B': 1.1430134687096334, 'lambda_G': 0.9070807866563639, 'n_estimators': 8097, 'max_depth': 15, 'learning_rate': 0.14034630019332323, 'subsample': 0.9083003123312614, 'colsample_bytree': 0.3055334987640091, 'colsample_bylevel': 0.706025227198338, 'reg_alpha': 7.733642382148411, 'reg_lambda': 4.636065299748785, 'gamma': 0.0377187569127063, 'min_child_weight': 12}. Best is trial 6 with value: 4.367259064411295e-06.

[Trial 46/5000] Starting at 06:10:23
  Lambdas: P=0.878, B=1.163, G=0.817
  XGBoost params: n_estimators=5176, max_depth=19
  Starting cross-validation...
  Trial 24 MSE: 0.000005 | MAPE: 0.16% | R²: -0.314049
  Trial time: 41.7s
[I 2026-03-13 06:10:24,800] Trial 24 finished with value: 5.076887518448612e-06 and parameters: {'lambda_P': 1.274257906249322, 'lambda_B': 0.6273383282244966, 'lambda_G': 1.2981459757489537, 'n_estimators': 8672, 'max_depth': 9, 'learning_rate': 0.021180992354683167, 'subsample': 0.4024897510067037, 'colsample_bytree': 0.4082376986243544, 'colsample_bylevel': 0.9721043142232764, 'reg_alpha': 0.717696979623138, 'reg_lambda': 0.1310495447977844, 'gamma': 0.0011129426002531582, 'min_child_weight': 13}. Best is trial 6 with value: 4.367259064411295e-06.

[Trial 47/5000] Starting at 06:10:24
  Lambdas: P=0.555, B=1.374, G=1.393
  XGBoost params: n_estimators=9630, max_depth=9
  Starting cross-validation...
  Trial 43 MSE: 0.000005 | MAPE: 0.16% | R²: -0.314049
  Trial time: 8.0s
[I 2026-03-13 06:10:26,400] Trial 43 finished with value: 5.076887518448612e-06 and parameters: {'lambda_P': 1.4799776534604523, 'lambda_B': 1.6351748342315833, 'lambda_G': 1.0391667147635837, 'n_estimators': 1701, 'max_depth': 9, 'learning_rate': 0.023330972405764858, 'subsample': 0.6128762899336897, 'colsample_bytree': 0.8682037060254997, 'colsample_bylevel': 0.6639522979665129, 'reg_alpha': 1.0340322290077697, 'reg_lambda': 9.178855874645272, 'gamma': 0.00833826623644949, 'min_child_weight': 6}. Best is trial 6 with value: 4.367259064411295e-06.

[Trial 48/5000] Starting at 06:10:26
  Lambdas: P=1.969, B=1.758, G=1.935
  XGBoost params: n_estimators=1128, max_depth=14
  Starting cross-validation...
  Trial 33 MSE: 0.000005 | MAPE: 0.16% | R²: -0.314049
  Trial time: 33.5s
[I 2026-03-13 06:10:26,990] Trial 33 finished with value: 5.076887518448612e-06 and parameters: {'lambda_P': 1.4434490280249692, 'lambda_B': 1.2085624413154816, 'lambda_G': 1.3695419158759128, 'n_estimators': 7157, 'max_depth': 8, 'learning_rate': 0.0014381370765371455, 'subsample': 0.7727749666950632, 'colsample_bytree': 0.7534175831176013, 'colsample_bylevel': 0.8822869552967845, 'reg_alpha': 3.0345365691084303, 'reg_lambda': 6.547505615028517, 'gamma': 0.02807673573746372, 'min_child_weight': 3}. Best is trial 6 with value: 4.367259064411295e-06.

[Trial 49/5000] Starting at 06:10:27
  Lambdas: P=1.324, B=1.694, G=0.788
  XGBoost params: n_estimators=6330, max_depth=3
  Starting cross-validation...
  Trial 35 MSE: 0.000005 | MAPE: 0.16% | R²: -0.314049
  Trial time: 29.2s
[I 2026-03-13 06:10:27,886] Trial 35 finished with value: 5.076887518448612e-06 and parameters: {'lambda_P': 1.9711479491630808, 'lambda_B': 0.9472520368831681, 'lambda_G': 1.137323063096689, 'n_estimators': 8661, 'max_depth': 4, 'learning_rate': 0.0022102147662876282, 'subsample': 0.4338440923526437, 'colsample_bytree': 0.4387505196058046, 'colsample_bylevel': 0.33309631852179383, 'reg_alpha': 3.710701507946239, 'reg_lambda': 4.4707200573793155, 'gamma': 0.006687255528875029, 'min_child_weight': 19}. Best is trial 6 with value: 4.367259064411295e-06.

[Trial 50/5000] Starting at 06:10:27
  Lambdas: P=0.842, B=0.662, G=1.179
  XGBoost params: n_estimators=3065, max_depth=8
  Starting cross-validation...
  Trial 26 MSE: 0.000005 | MAPE: 0.16% | R²: -0.314049
  Trial time: 44.2s
[I 2026-03-13 06:10:28,491] Trial 26 finished with value: 5.076887518448612e-06 and parameters: {'lambda_P': 1.0743119473975709, 'lambda_B': 1.5594256742318189, 'lambda_G': 1.188805008890359, 'n_estimators': 8677, 'max_depth': 18, 'learning_rate': 0.22416765507606232, 'subsample': 0.6201606033992085, 'colsample_bytree': 0.5663936929071482, 'colsample_bylevel': 0.951867278342323, 'reg_alpha': 2.910633081282862, 'reg_lambda': 0.6006279516613289, 'gamma': 0.000367143957831301, 'min_child_weight': 4}. Best is trial 6 with value: 4.367259064411295e-06.

[Trial 51/5000] Starting at 06:10:28
  Lambdas: P=1.806, B=1.068, G=1.903
  XGBoost params: n_estimators=6820, max_depth=16
  Starting cross-validation...
  Trial 47 MSE: 0.000005 | MAPE: 0.16% | R²: -0.314049
  Trial time: 5.5s
[I 2026-03-13 06:10:32,140] Trial 47 finished with value: 5.076887518448612e-06 and parameters: {'lambda_P': 1.969127166442423, 'lambda_B': 1.7576993089216644, 'lambda_G': 1.934534196316865, 'n_estimators': 1128, 'max_depth': 14, 'learning_rate': 0.014869820037816577, 'subsample': 0.9800037764955598, 'colsample_bytree': 0.48358706746372093, 'colsample_bylevel': 0.9824496000532439, 'reg_alpha': 7.351549378395818, 'reg_lambda': 5.675448164997756, 'gamma': 0.001177555754408178, 'min_child_weight': 4}. Best is trial 6 with value: 4.367259064411295e-06.

[Trial 52/5000] Starting at 06:10:32
  Lambdas: P=1.159, B=1.480, G=0.699
  XGBoost params: n_estimators=8100, max_depth=17
  Starting cross-validation...
  Trial 40 MSE: 0.000005 | MAPE: 0.16% | R²: -0.314049
  Trial time: 25.6s
[I 2026-03-13 06:10:33,633] Trial 40 finished with value: 5.076887518448612e-06 and parameters: {'lambda_P': 1.5207264844184503, 'lambda_B': 1.7472298609747932, 'lambda_G': 0.5056816489653924, 'n_estimators': 5530, 'max_depth': 6, 'learning_rate': 0.032947964219262826, 'subsample': 0.38377186999116036, 'colsample_bytree': 0.6744540499054817, 'colsample_bylevel': 0.5365064494676212, 'reg_alpha': 1.0119828127919017, 'reg_lambda': 3.6434962340505974, 'gamma': 0.00011952861632344744, 'min_child_weight': 5}. Best is trial 6 with value: 4.367259064411295e-06.

[Trial 53/5000] Starting at 06:10:33
  Lambdas: P=1.691, B=1.840, G=1.515
  XGBoost params: n_estimators=5632, max_depth=15
  Starting cross-validation...
  Trial 39 MSE: 0.000005 | MAPE: 0.16% | R²: -0.314049
  Trial time: 29.8s
[I 2026-03-13 06:10:36,064] Trial 39 finished with value: 5.076887518448612e-06 and parameters: {'lambda_P': 1.3395586686357601, 'lambda_B': 0.7290483534701322, 'lambda_G': 0.9793975305737999, 'n_estimators': 8817, 'max_depth': 7, 'learning_rate': 0.4442865426827822, 'subsample': 0.5333435223690902, 'colsample_bytree': 0.759306360424421, 'colsample_bylevel': 0.972729618180654, 'reg_alpha': 7.514655941171107, 'reg_lambda': 0.7100834417730195, 'gamma': 0.03239438091694536, 'min_child_weight': 17}. Best is trial 6 with value: 4.367259064411295e-06.

[Trial 54/5000] Starting at 06:10:36
  Lambdas: P=0.853, B=0.734, G=0.525
  XGBoost params: n_estimators=4037, max_depth=20
  Starting cross-validation...
  Trial 41 MSE: 0.000005 | MAPE: 0.16% | R²: -0.314049
  Trial time: 27.1s
