[I 2026-03-13 07:00:11,580] Trial 1648 finished with value: 3.4837548481173874e-06 and parameters: {'lambda_P': 0.8861984989722038, 'lambda_B': 1.7186016236211747, 'lambda_G': 0.8535053966038264, 'n_estimators': 8024, 'max_depth': 18, 'learning_rate': 0.01088459892581032, 'subsample': 0.7818808899701557, 'colsample_bytree': 0.661724402896564, 'colsample_bylevel': 0.35666922478313373, 'reg_alpha': 0.1818116905824041, 'reg_lambda': 0.17767191346139033, 'gamma': 0.00016630333118625675, 'min_child_weight': 3}. Best is trial 1422 with value: 2.996031181594198e-06.

[Trial 1671/5000] Starting at 07:00:11
  Lambdas: P=0.572, B=1.764, G=0.830
  XGBoost params: n_estimators=4625, max_depth=20
  Starting cross-validation...
  Lambdas: P=1.546, B=1.554, G=1.176
  XGBoost params: n_estimators=3271, max_depth=19
  Starting cross-validation...
  Trial 1667 MSE: 0.000005 | MAPE: 0.16% | R²: -0.314049
  Trial time: 5.9s
[I 2026-03-13 07:00:14,482] Trial 1667 finished with value: 5.076887518448612e-06 and parameters: {'lambda_P': 1.8768305670823406, 'lambda_B': 1.8195859708004534, 'lambda_G': 1.8964331490866408, 'n_estimators': 1045, 'max_depth': 7, 'learning_rate': 0.00555339197375635, 'subsample': 0.5650127920474403, 'colsample_bytree': 0.4166947239513899, 'colsample_bylevel': 0.6762945592395742, 'reg_alpha': 7.251869839033686, 'reg_lambda': 0.4710314139649636, 'gamma': 0.00018309917858842347, 'min_child_weight': 11}. Best is trial 1422 with value: 2.996031181594198e-06.

[Trial 1672/5000] Starting at 07:00:14
  Trial 1662 MSE: 0.000003 | MAPE: 0.14% | R²: 0.024944
  Trial time: 18.1s
[I 2026-03-13 07:00:14,815] Trial 1662 finished with value: 3.4007804671563933e-06 and parameters: {'lambda_P': 0.5767550913657458, 'lambda_B': 1.815811262636599, 'lambda_G': 0.8238419364403935, 'n_estimators': 3594, 'max_depth': 14, 'learning_rate': 0.009267316960238322, 'subsample': 0.568269019078683, 'colsample_bytree': 0.3577029645341359, 'colsample_bylevel': 0.5012417537787179, 'reg_alpha': 0.13343303278104546, 'reg_lambda': 6.02163969359999, 'gamma': 0.00015032632668110084, 'min_child_weight': 4}. Best is trial 1422 with value: 2.996031181594198e-06.

[Trial 1673/5000] Starting at 07:00:14
  Lambdas: P=1.164, B=1.960, G=1.763
  XGBoost params: n_estimators=4040, max_depth=12
  Starting cross-validation...
  Lambdas: P=0.577, B=1.980, G=0.974
  XGBoost params: n_estimators=4511, max_depth=16
  Starting cross-validation...
  Trial 1660 MSE: 0.000004 | MAPE: 0.15% | R²: -0.122549
  Trial time: 24.8s
[I 2026-03-13 07:00:17,934] Trial 1660 finished with value: 4.228861836067465e-06 and parameters: {'lambda_P': 1.465850343814603, 'lambda_B': 1.8527820052720112, 'lambda_G': 0.8973417707447034, 'n_estimators': 5129, 'max_depth': 18, 'learning_rate': 0.004565821554064161, 'subsample': 0.9846870509414314, 'colsample_bytree': 0.4080524381944448, 'colsample_bylevel': 0.6337656408516925, 'reg_alpha': 0.7849469250395564, 'reg_lambda': 4.946971862016222, 'gamma': 0.00015882153495668804, 'min_child_weight': 5}. Best is trial 1422 with value: 2.996031181594198e-06.

[Trial 1674/5000] Starting at 07:00:18
  Lambdas: P=0.928, B=1.570, G=0.720
  XGBoost params: n_estimators=1252, max_depth=16
  Starting cross-validation...
  Trial 1655 MSE: 0.000004 | MAPE: 0.14% | R²: -0.031029
  Trial time: 33.9s
[I 2026-03-13 07:00:18,745] Trial 1655 finished with value: 3.702569249827348e-06 and parameters: {'lambda_P': 0.8726106434230753, 'lambda_B': 1.2264398251886999, 'lambda_G': 0.533362385460576, 'n_estimators': 6874, 'max_depth': 10, 'learning_rate': 0.020516464292738932, 'subsample': 0.9854967783730721, 'colsample_bytree': 0.4332417352534356, 'colsample_bylevel': 0.6022849908003707, 'reg_alpha': 0.4410760465518016, 'reg_lambda': 1.1427289504971598, 'gamma': 0.00012742422015828267, 'min_child_weight': 14}. Best is trial 1422 with value: 2.996031181594198e-06.

[Trial 1675/5000] Starting at 07:00:18
  Lambdas: P=1.199, B=1.560, G=1.435
  XGBoost params: n_estimators=6028, max_depth=14
  Starting cross-validation...
  Trial 1661 MSE: 0.000005 | MAPE: 0.16% | R²: -0.301798
  Trial time: 26.4s
[I 2026-03-13 07:00:19,895] Trial 1661 finished with value: 5.047404259109989e-06 and parameters: {'lambda_P': 1.433124572624983, 'lambda_B': 1.794932790936208, 'lambda_G': 1.4136823778996916, 'n_estimators': 5416, 'max_depth': 19, 'learning_rate': 0.00568182488304762, 'subsample': 0.8807644864772798, 'colsample_bytree': 0.7814525394651908, 'colsample_bylevel': 0.32957123386350284, 'reg_alpha': 1.383406865455359, 'reg_lambda': 2.0036670558968392, 'gamma': 0.00018161975884218125, 'min_child_weight': 3}. Best is trial 1422 with value: 2.996031181594198e-06.

[Trial 1676/5000] Starting at 07:00:19
  Lambdas: P=1.089, B=1.694, G=1.382
  Trial 1666 MSE: 0.000005 | MAPE: 0.16% | R²: -0.314049
  Trial time: 13.4s
[I 2026-03-13 07:00:20,426] Trial 1666 finished with value: 5.076887518448612e-06 and parameters: {'lambda_P': 0.9474593807128033, 'lambda_B': 1.1471729145067435, 'lambda_G': 0.5760615083464201, 'n_estimators': 2685, 'max_depth': 20, 'learning_rate': 0.027602900512468928, 'subsample': 0.9801737932316745, 'colsample_bytree': 0.39127769720267735, 'colsample_bylevel': 0.43885601120354845, 'reg_alpha': 2.4467317561294863, 'reg_lambda': 3.4495356579113055, 'gamma': 0.00023410164995843146, 'min_child_weight': 4}. Best is trial 1422 with value: 2.996031181594198e-06.

[Trial 1677/5000] Starting at 07:00:20
  XGBoost params: n_estimators=2933, max_depth=20
  Starting cross-validation...
  Lambdas: P=0.520, B=1.684, G=0.623
  XGBoost params: n_estimators=5122, max_depth=15
  Starting cross-validation...
  Trial 1663 MSE: 0.000005 | MAPE: 0.16% | R²: -0.224516
  Trial time: 22.3s
[I 2026-03-13 07:00:23,614] Trial 1663 finished with value: 4.799020006595607e-06 and parameters: {'lambda_P': 0.5970682303517104, 'lambda_B': 1.5026097508766996, 'lambda_G': 1.069356082317834, 'n_estimators': 4503, 'max_depth': 20, 'learning_rate': 0.008078767236370712, 'subsample': 0.9462120270937181, 'colsample_bytree': 0.3048073689248719, 'colsample_bylevel': 0.8369284833747148, 'reg_alpha': 1.222600227360455, 'reg_lambda': 2.885926482299926, 'gamma': 0.00010247983671988535, 'min_child_weight': 10}. Best is trial 1422 with value: 2.996031181594198e-06.

[Trial 1678/5000] Starting at 07:00:23
  Lambdas: P=1.725, B=0.677, G=0.510
  XGBoost params: n_estimators=9369, max_depth=4
  Starting cross-validation...
  Trial 1673 MSE: 0.000004 | MAPE: 0.15% | R²: -0.102128
  Trial time: 6.7s
[I 2026-03-13 07:00:24,798] Trial 1673 finished with value: 4.049841399880216e-06 and parameters: {'lambda_P': 0.9278877139760425, 'lambda_B': 1.5695754304511227, 'lambda_G': 0.7199189462370588, 'n_estimators': 1252, 'max_depth': 16, 'learning_rate': 0.0015606539866700536, 'subsample': 0.8718074200300048, 'colsample_bytree': 0.38139213170352104, 'colsample_bylevel': 0.5416166898296818, 'reg_alpha': 0.40641709484626043, 'reg_lambda': 2.02095111411193, 'gamma': 0.00020006913952689843, 'min_child_weight': 8}. Best is trial 1422 with value: 2.996031181594198e-06.

[Trial 1679/5000] Starting at 07:00:24
  Lambdas: P=1.062, B=1.444, G=1.038
  XGBoost params: n_estimators=2229, max_depth=15
  Starting cross-validation...
  Trial 1657 MSE: 0.000005 | MAPE: 0.16% | R²: -0.273989
  Trial time: 37.0s
[I 2026-03-13 07:00:25,578] Trial 1657 finished with value: 4.906493863579851e-06 and parameters: {'lambda_P': 1.3790233780246146, 'lambda_B': 0.5281554272577538, 'lambda_G': 0.5436721086586912, 'n_estimators': 7372, 'max_depth': 8, 'learning_rate': 0.003326165897478095, 'subsample': 0.9508265409277262, 'colsample_bytree': 0.44770554869578266, 'colsample_bylevel': 0.4745584924192896, 'reg_alpha': 0.15460875442411634, 'reg_lambda': 5.829849813044839, 'gamma': 0.002841615303053744, 'min_child_weight': 5}. Best is trial 1422 with value: 2.996031181594198e-06.

[Trial 1680/5000] Starting at 07:00:25
  Lambdas: P=1.301, B=1.698, G=1.155
  XGBoost params: n_estimators=7932, max_depth=9
  Starting cross-validation...
  Trial 1659 MSE: 0.000004 | MAPE: 0.15% | R²: -0.108203
  Trial time: 36.3s
[I 2026-03-13 07:00:27,735] Trial 1659 finished with value: 4.017581583207617e-06 and parameters: {'lambda_P': 1.352632298199626, 'lambda_B': 1.5823854399339912, 'lambda_G': 1.5069478701682475, 'n_estimators': 7344, 'max_depth': 19, 'learning_rate': 0.006509132521818632, 'subsample': 0.9717067303992649, 'colsample_bytree': 0.3105516705694956, 'colsample_bylevel': 0.6875872918704361, 'reg_alpha': 0.30997808559247797, 'reg_lambda': 5.253974363114248, 'gamma': 0.0005449809048233352, 'min_child_weight': 7}. Best is trial 1422 with value: 2.996031181594198e-06.

[Trial 1681/5000] Starting at 07:00:27
  Trial 1668 MSE: 0.000005 | MAPE: 0.16% | R²: -0.232519
  Trial time: 18.7s
[I 2026-03-13 07:00:27,995] Trial 1668 finished with value: 4.7949475527297e-06 and parameters: {'lambda_P': 1.1582547422540586, 'lambda_B': 1.8847305615201444, 'lambda_G': 0.8623603789806096, 'n_estimators': 3711, 'max_depth': 7, 'learning_rate': 0.05174318793748324, 'subsample': 0.7084887580210523, 'colsample_bytree': 0.5225462266530562, 'colsample_bylevel': 0.6553556019660629, 'reg_alpha': 0.8663267407463797, 'reg_lambda': 9.077101868455147, 'gamma': 0.0001517072783878758, 'min_child_weight': 12}. Best is trial 1422 with value: 2.996031181594198e-06.

[Trial 1682/5000] Starting at 07:00:28
  Lambdas: P=1.334, B=1.200, G=1.499
  XGBoost params: n_estimators=4320, max_depth=11
  Starting cross-validation...
  Lambdas: P=0.509, B=1.276, G=0.817
  XGBoost params: n_estimators=1266, max_depth=2
  Starting cross-validation...
  Trial 1670 MSE: 0.000005 | MAPE: 0.16% | R²: -0.314049
  Trial time: 17.4s
[I 2026-03-13 07:00:29,229] Trial 1670 finished with value: 5.076887518448612e-06 and parameters: {'lambda_P': 1.5463276127186074, 'lambda_B': 1.5540888796892807, 'lambda_G': 1.1755316629162906, 'n_estimators': 3271, 'max_depth': 19, 'learning_rate': 0.0022545697213015763, 'subsample': 0.8789562459515262, 'colsample_bytree': 0.32168679892298657, 'colsample_bylevel': 0.5951127002188904, 'reg_alpha': 2.100744587230189, 'reg_lambda': 4.538426246851649, 'gamma': 0.00015701894044440804, 'min_child_weight': 7}. Best is trial 1422 with value: 2.996031181594198e-06.

[Trial 1683/5000] Starting at 07:00:29
  Trial 1664 MSE: 0.000004 | MAPE: 0.16% | R²: -0.173089
  Trial time: 27.9s
[I 2026-03-13 07:00:29,409] Trial 1664 finished with value: 4.387807203656408e-06 and parameters: {'lambda_P': 0.9754556405047143, 'lambda_B': 1.6463261398314077, 'lambda_G': 1.42726505010462, 'n_estimators': 5447, 'max_depth': 14, 'learning_rate': 0.06077347761366748, 'subsample': 0.6566725433945174, 'colsample_bytree': 0.8281786700663404, 'colsample_bylevel': 0.48937015809818984, 'reg_alpha': 0.3441125532519885, 'reg_lambda': 3.0342924900831045, 'gamma': 0.0005960726621083512, 'min_child_weight': 10}. Best is trial 1422 with value: 2.996031181594198e-06.

[Trial 1684/5000] Starting at 07:00:29
  Lambdas: P=1.454, B=1.495, G=0.692
  Lambdas: P=0.627, B=1.643, G=0.613
  XGBoost params: n_estimators=6071, max_depth=13
  Starting cross-validation...
  XGBoost params: n_estimators=4851, max_depth=20
  Starting cross-validation...
  Trial 1669 MSE: 0.000005 | MAPE: 0.16% | R²: -0.314049
  Trial time: 20.3s
[I 2026-03-13 07:00:31,978] Trial 1669 finished with value: 5.076887518448612e-06 and parameters: {'lambda_P': 0.5721133533101259, 'lambda_B': 1.7643528419784245, 'lambda_G': 0.8299287733746167, 'n_estimators': 4625, 'max_depth': 20, 'learning_rate': 0.010161424082511689, 'subsample': 0.6175325213124756, 'colsample_bytree': 0.34137286473133044, 'colsample_bylevel': 0.7482685933098161, 'reg_alpha': 1.1695880244316519, 'reg_lambda': 1.9990581993218641, 'gamma': 0.00011980777498107843, 'min_child_weight': 4}. Best is trial 1422 with value: 2.996031181594198e-06.

[Trial 1685/5000] Starting at 07:00:32
  Lambdas: P=1.096, B=1.900, G=1.552
  XGBoost params: n_estimators=1502, max_depth=19
  Starting cross-validation...
  Trial 1675 MSE: 0.000004 | MAPE: 0.14% | R²: -0.026545
  Trial time: 13.8s
[I 2026-03-13 07:00:33,953] Trial 1675 finished with value: 3.654186171798035e-06 and parameters: {'lambda_P': 1.0891787925043837, 'lambda_B': 1.6937018006731184, 'lambda_G': 1.3819793603854906, 'n_estimators': 2933, 'max_depth': 20, 'learning_rate': 0.004284348999507203, 'subsample': 0.7149622354045233, 'colsample_bytree': 0.5959803935731495, 'colsample_bylevel': 0.46030010052381837, 'reg_alpha': 0.24247279228218682, 'reg_lambda': 5.671677620932376, 'gamma': 0.0001594010282984555, 'min_child_weight': 4}. Best is trial 1422 with value: 2.996031181594198e-06.

[Trial 1686/5000] Starting at 07:00:34
  Lambdas: P=1.222, B=1.913, G=1.359
  XGBoost params: n_estimators=4677, max_depth=20
  Starting cross-validation...
  Trial 1681 MSE: 0.000005 | MAPE: 0.16% | R²: -0.314049
  Trial time: 6.4s
[I 2026-03-13 07:00:34,639] Trial 1681 finished with value: 5.076887518448612e-06 and parameters: {'lambda_P': 0.5092174298114788, 'lambda_B': 1.2757834370095618, 'lambda_G': 0.817253996990102, 'n_estimators': 1266, 'max_depth': 2, 'learning_rate': 0.0010167864518614293, 'subsample': 0.6215158977614439, 'colsample_bytree': 0.710304937675351, 'colsample_bylevel': 0.5346630634939359, 'reg_alpha': 1.4052639452102365, 'reg_lambda': 9.565079136922959, 'gamma': 0.00026538762877157296, 'min_child_weight': 8}. Best is trial 1422 with value: 2.996031181594198e-06.

[Trial 1687/5000] Starting at 07:00:34
  Lambdas: P=0.952, B=1.734, G=1.412
  XGBoost params: n_estimators=8524, max_depth=18
  Starting cross-validation...
  Trial 1671 MSE: 0.000004 | MAPE: 0.15% | R²: -0.020613
  Trial time: 20.7s
[I 2026-03-13 07:00:35,348] Trial 1671 finished with value: 3.850012311368907e-06 and parameters: {'lambda_P': 1.1640946307404685, 'lambda_B': 1.9603660798968654, 'lambda_G': 1.7628819421091793, 'n_estimators': 4040, 'max_depth': 12, 'learning_rate': 0.31388129702126283, 'subsample': 0.688270051528813, 'colsample_bytree': 0.6139436143019547, 'colsample_bylevel': 0.3014564909154718, 'reg_alpha': 0.17116845086343307, 'reg_lambda': 2.8503614904871046, 'gamma': 0.000997274335790581, 'min_child_weight': 7}. Best is trial 1422 with value: 2.996031181594198e-06.

[Trial 1688/5000] Starting at 07:00:35
  Lambdas: P=1.410, B=1.584, G=1.205
  XGBoost params: n_estimators=4107, max_depth=18
  Starting cross-validation...
  Trial 1678 MSE: 0.000005 | MAPE: 0.16% | R²: -0.203705
  Trial time: 11.5s
[I 2026-03-13 07:00:36,545] Trial 1678 finished with value: 4.66816320274036e-06 and parameters: {'lambda_P': 1.0622163432029155, 'lambda_B': 1.4439734494804541, 'lambda_G': 1.0382959134345304, 'n_estimators': 2229, 'max_depth': 15, 'learning_rate': 0.006143251802330112, 'subsample': 0.7925012900156112, 'colsample_bytree': 0.4932665899768586, 'colsample_bylevel': 0.5027643460831933, 'reg_alpha': 0.9021426039153082, 'reg_lambda': 5.096724277159027, 'gamma': 0.00014267615647291644, 'min_child_weight': 10}. Best is trial 1422 with value: 2.996031181594198e-06.

[Trial 1689/5000] Starting at 07:00:36
  Lambdas: P=1.993, B=1.648, G=1.152
  XGBoost params: n_estimators=6890, max_depth=11
  Starting cross-validation...
  Trial 1672 MSE: 0.000004 | MAPE: 0.14% | R²: -0.002942
  Trial time: 23.1s
[I 2026-03-13 07:00:38,146] Trial 1672 finished with value: 3.515946114922484e-06 and parameters: {'lambda_P': 0.5771326206238157, 'lambda_B': 1.9797082290404129, 'lambda_G': 0.9736788599977162, 'n_estimators': 4511, 'max_depth': 16, 'learning_rate': 0.006563785295772978, 'subsample': 0.5145474631124651, 'colsample_bytree': 0.661800030771424, 'colsample_bylevel': 0.5227143689123477, 'reg_alpha': 0.08721836599727617, 'reg_lambda': 1.431865015185866, 'gamma': 0.00016612665574531897, 'min_child_weight': 16}. Best is trial 1422 with value: 2.996031181594198e-06.

[Trial 1690/5000] Starting at 07:00:38
  Lambdas: P=1.776, B=1.641, G=0.505
  XGBoost params: n_estimators=2964, max_depth=17
  Starting cross-validation...
  Trial 1684 MSE: 0.000004 | MAPE: 0.14% | R²: -0.006129
  Trial time: 7.7s
[I 2026-03-13 07:00:39,920] Trial 1684 finished with value: 3.5687750219543558e-06 and parameters: {'lambda_P': 1.0959999433695284, 'lambda_B': 1.900274141100053, 'lambda_G': 1.5518720897075204, 'n_estimators': 1502, 'max_depth': 19, 'learning_rate': 0.030779048624593436, 'subsample': 0.9375339562735647, 'colsample_bytree': 0.5460344216907468, 'colsample_bylevel': 0.6402009228867319, 'reg_alpha': 0.34927843143947335, 'reg_lambda': 5.919301655345322, 'gamma': 0.00013002847288338362, 'min_child_weight': 3}. Best is trial 1422 with value: 2.996031181594198e-06.

[Trial 1691/5000] Starting at 07:00:40
  Lambdas: P=1.284, B=1.873, G=1.327
  XGBoost params: n_estimators=3377, max_depth=20
  Starting cross-validation...
  Trial 1676 MSE: 0.000005 | MAPE: 0.16% | R²: -0.314049
  Trial time: 24.1s
[I 2026-03-13 07:00:44,826] Trial 1676 finished with value: 5.076887518448612e-06 and parameters: {'lambda_P': 0.5196027912483665, 'lambda_B': 1.6837593265404582, 'lambda_G': 0.6228282852620652, 'n_estimators': 5122, 'max_depth': 15, 'learning_rate': 0.027934191415951236, 'subsample': 0.9812303126150133, 'colsample_bytree': 0.5162258859690481, 'colsample_bylevel': 0.47459847143821277, 'reg_alpha': 3.9651064769665547, 'reg_lambda': 6.1433444712946494, 'gamma': 0.00026848548313298994, 'min_child_weight': 3}. Best is trial 1422 with value: 2.996031181594198e-06.

[Trial 1692/5000] Starting at 07:00:44
  Lambdas: P=0.965, B=0.938, G=1.182
  XGBoost params: n_estimators=1854, max_depth=4
  Starting cross-validation...
  Trial 1674 MSE: 0.000004 | MAPE: 0.15% | R²: -0.118778
  Trial time: 28.1s
[I 2026-03-13 07:00:47,068] Trial 1674 finished with value: 4.182592197332955e-06 and parameters: {'lambda_P': 1.1986674201710215, 'lambda_B': 1.5600452892083196, 'lambda_G': 1.434983384988941, 'n_estimators': 6028, 'max_depth': 14, 'learning_rate': 0.010493123879444744, 'subsample': 0.9748374827164942, 'colsample_bytree': 0.7763005054880142, 'colsample_bylevel': 0.3513677691637357, 'reg_alpha': 0.7700936423692505, 'reg_lambda': 2.0241407566725633, 'gamma': 0.00012044369356338683, 'min_child_weight': 3}. Best is trial 1422 with value: 2.996031181594198e-06.

[Trial 1693/5000] Starting at 07:00:47
  Lambdas: P=0.733, B=1.329, G=1.506
  XGBoost params: n_estimators=4393, max_depth=11
  Starting cross-validation...
  Trial 1665 MSE: 0.000004 | MAPE: 0.14% | R²: -0.027021
  Trial time: 46.8s
[I 2026-03-13 07:00:49,270] Trial 1665 finished with value: 3.64247782993057e-06 and parameters: {'lambda_P': 1.0273563478479275, 'lambda_B': 1.8712127739308335, 'lambda_G': 0.5595392200890316, 'n_estimators': 9931, 'max_depth': 10, 'learning_rate': 0.03280616959968425, 'subsample': 0.8541820486427327, 'colsample_bytree': 0.4713404122064332, 'colsample_bylevel': 0.30716946372788106, 'reg_alpha': 0.34314496066467026, 'reg_lambda': 2.59405937621655, 'gamma': 0.00012236321123674582, 'min_child_weight': 2}. Best is trial 1422 with value: 2.996031181594198e-06.

[Trial 1694/5000] Starting at 07:00:49
  Lambdas: P=1.024, B=1.668, G=0.949
  XGBoost params: n_estimators=349, max_depth=11
  Starting cross-validation...
  Trial 1680 MSE: 0.000004 | MAPE: 0.15% | R²: -0.068347
  Trial time: 22.1s
[I 2026-03-13 07:00:50,024] Trial 1680 finished with value: 3.862079265838943e-06 and parameters: {'lambda_P': 1.334235443826362, 'lambda_B': 1.2000494088132843, 'lambda_G': 1.4992526476105446, 'n_estimators': 4320, 'max_depth': 11, 'learning_rate': 0.0019284910773819251, 'subsample': 0.9769168456931879, 'colsample_bytree': 0.6537800923722177, 'colsample_bylevel': 0.9632129552885991, 'reg_alpha': 0.2695182104884687, 'reg_lambda': 3.1870398036347107, 'gamma': 0.00013793681184842677, 'min_child_weight': 20}. Best is trial 1422 with value: 2.996031181594198e-06.

[Trial 1695/5000] Starting at 07:00:50
  Lambdas: P=0.724, B=1.892, G=0.704
  XGBoost params: n_estimators=4313, max_depth=19
  Starting cross-validation...
  Trial 1693 MSE: 0.000005 | MAPE: 0.16% | R²: -0.265885
  Trial time: 1.9s
[I 2026-03-13 07:00:51,412] Trial 1693 finished with value: 4.922458542466691e-06 and parameters: {'lambda_P': 1.024003220065844, 'lambda_B': 1.6681956872398793, 'lambda_G': 0.9487770101841027, 'n_estimators': 349, 'max_depth': 11, 'learning_rate': 0.023787558875117437, 'subsample': 0.47853366445056683, 'colsample_bytree': 0.9657753393940248, 'colsample_bylevel': 0.544559056152929, 'reg_alpha': 0.5710349612826335, 'reg_lambda': 2.5928764836539417, 'gamma': 0.00019051338492666905, 'min_child_weight': 14}. Best is trial 1422 with value: 2.996031181594198e-06.

[Trial 1696/5000] Starting at 07:00:51
  Lambdas: P=0.576, B=1.311, G=1.741
  XGBoost params: n_estimators=8587, max_depth=14
  Starting cross-validation...
  Trial 1682 MSE: 0.000005 | MAPE: 0.16% | R²: -0.239461
  Trial time: 22.8s
[I 2026-03-13 07:00:52,240] Trial 1682 finished with value: 4.8387665059887976e-06 and parameters: {'lambda_P': 0.6274900765137519, 'lambda_B': 1.642718573389013, 'lambda_G': 0.6126488385211442, 'n_estimators': 4851, 'max_depth': 20, 'learning_rate': 0.005624623595710783, 'subsample': 0.7571592568174894, 'colsample_bytree': 0.3212931411931376, 'colsample_bylevel': 0.5165657414823889, 'reg_alpha': 0.966651944862191, 'reg_lambda': 3.598263707346148, 'gamma': 0.00011874922684531456, 'min_child_weight': 6}. Best is trial 1422 with value: 2.996031181594198e-06.

[Trial 1697/5000] Starting at 07:00:52
  Lambdas: P=0.620, B=1.494, G=0.500
  XGBoost params: n_estimators=8154, max_depth=20
  Starting cross-validation...
  Trial 1689 MSE: 0.000005 | MAPE: 0.16% | R²: -0.314049
  Trial time: 14.5s
