[I 2026-03-13 06:27:39,452] Trial 578 finished with value: 4.219020939278322e-06 and parameters: {'lambda_P': 0.8003465693423311, 'lambda_B': 1.995826402286317, 'lambda_G': 0.7965099458827658, 'n_estimators': 9792, 'max_depth': 3, 'learning_rate': 0.0013044192523212173, 'subsample': 0.660625155686555, 'colsample_bytree': 0.5793602114451815, 'colsample_bylevel': 0.7840882681302358, 'reg_alpha': 0.392425226941589, 'reg_lambda': 6.0777254684079915, 'gamma': 0.00028354773987650196, 'min_child_weight': 16}. Best is trial 413 with value: 3.3629712059134554e-06.

[Trial 595/5000] Starting at 06:27:39
  Lambdas: P=0.539, B=1.699, G=0.881
  XGBoost params: n_estimators=5966, max_depth=5
  Starting cross-validation...
  Trial 579 MSE: 0.000004 | MAPE: 0.15% | R²: -0.137674
  Trial time: 43.7s
[I 2026-03-13 06:27:41,855] Trial 579 finished with value: 4.227139081077263e-06 and parameters: {'lambda_P': 1.1515679280368725, 'lambda_B': 1.719023181637221, 'lambda_G': 1.5082083139464622, 'n_estimators': 9546, 'max_depth': 10, 'learning_rate': 0.001575933403289696, 'subsample': 0.5184201192667549, 'colsample_bytree': 0.41753863515207124, 'colsample_bylevel': 0.7456434230613826, 'reg_alpha': 0.32776191489837136, 'reg_lambda': 5.029088510556713, 'gamma': 0.00021558965816847336, 'min_child_weight': 15}. Best is trial 413 with value: 3.3629712059134554e-06.

[Trial 596/5000] Starting at 06:27:41
  Lambdas: P=0.755, B=1.765, G=0.512
  XGBoost params: n_estimators=5849, max_depth=5
  Starting cross-validation...
  Trial 584 MSE: 0.000005 | MAPE: 0.16% | R²: -0.314049
  Trial time: 30.4s
[I 2026-03-13 06:27:42,632] Trial 584 finished with value: 5.076887518448612e-06 and parameters: {'lambda_P': 1.0970060517341373, 'lambda_B': 1.6849051187993236, 'lambda_G': 1.303630814287058, 'n_estimators': 6668, 'max_depth': 3, 'learning_rate': 0.002979785765016817, 'subsample': 0.7091985139813045, 'colsample_bytree': 0.39251475933618846, 'colsample_bylevel': 0.4242478003882432, 'reg_alpha': 2.533178358626637, 'reg_lambda': 8.896137584538577, 'gamma': 0.00024153678341593842, 'min_child_weight': 18}. Best is trial 413 with value: 3.3629712059134554e-06.

[Trial 597/5000] Starting at 06:27:42
  Lambdas: P=0.701, B=1.858, G=0.535
  XGBoost params: n_estimators=6648, max_depth=6
  Starting cross-validation...
  Trial 580 MSE: 0.000004 | MAPE: 0.14% | R²: -0.043066
  Trial time: 45.6s
[I 2026-03-13 06:27:45,481] Trial 580 finished with value: 3.695243258396213e-06 and parameters: {'lambda_P': 0.819381786360671, 'lambda_B': 1.7422880629837119, 'lambda_G': 1.8245532709795242, 'n_estimators': 9888, 'max_depth': 4, 'learning_rate': 0.001529108918695467, 'subsample': 0.5685814577068705, 'colsample_bytree': 0.38608466722084966, 'colsample_bylevel': 0.7566331643976374, 'reg_alpha': 0.1220480365622019, 'reg_lambda': 5.516626533740666, 'gamma': 0.0002552874560970618, 'min_child_weight': 15}. Best is trial 413 with value: 3.3629712059134554e-06.

[Trial 598/5000] Starting at 06:27:45
  Lambdas: P=0.548, B=1.822, G=0.701
  XGBoost params: n_estimators=7884, max_depth=3
  Starting cross-validation...
  Trial 585 MSE: 0.000005 | MAPE: 0.16% | R²: -0.276919
  Trial time: 32.9s
[I 2026-03-13 06:27:46,208] Trial 585 finished with value: 4.9774859755270085e-06 and parameters: {'lambda_P': 0.9648821301360638, 'lambda_B': 1.6685909888619093, 'lambda_G': 0.9653913021570583, 'n_estimators': 7098, 'max_depth': 3, 'learning_rate': 0.002957759816402309, 'subsample': 0.7840420966227319, 'colsample_bytree': 0.41207589628082175, 'colsample_bylevel': 0.4501634687287555, 'reg_alpha': 1.1368566239049005, 'reg_lambda': 8.640268411102003, 'gamma': 0.0001434198972990345, 'min_child_weight': 20}. Best is trial 413 with value: 3.3629712059134554e-06.

[Trial 599/5000] Starting at 06:27:46
  Trial 583 MSE: 0.000004 | MAPE: 0.15% | R²: -0.152907
  Trial time: 35.2s
[I 2026-03-13 06:27:46,383] Trial 583 finished with value: 4.353238935452326e-06 and parameters: {'lambda_P': 1.088820481373271, 'lambda_B': 1.7600476862004684, 'lambda_G': 0.8093017495729632, 'n_estimators': 8664, 'max_depth': 2, 'learning_rate': 0.006075914347265517, 'subsample': 0.6765182733262021, 'colsample_bytree': 0.48733094142713906, 'colsample_bylevel': 0.32567663770183214, 'reg_alpha': 0.5779341014445024, 'reg_lambda': 9.409243789189052, 'gamma': 0.00016761087419071954, 'min_child_weight': 20}. Best is trial 413 with value: 3.3629712059134554e-06.

[Trial 600/5000] Starting at 06:27:46
  Lambdas: P=1.058, B=1.860, G=1.957
  Lambdas: P=0.683, B=1.958, G=0.732
  XGBoost params: n_estimators=9363, max_depth=4
  Starting cross-validation...
  XGBoost params: n_estimators=6675, max_depth=4
  Starting cross-validation...
  Trial 589 MSE: 0.000005 | MAPE: 0.16% | R²: -0.314049
  Trial time: 30.0s
[I 2026-03-13 06:27:50,797] Trial 589 finished with value: 5.076887518448612e-06 and parameters: {'lambda_P': 0.9758122872219633, 'lambda_B': 1.7843899452919463, 'lambda_G': 1.172854825588163, 'n_estimators': 7006, 'max_depth': 2, 'learning_rate': 0.001018374711162957, 'subsample': 0.9845081755124813, 'colsample_bytree': 0.4473301819322134, 'colsample_bylevel': 0.5402865974194666, 'reg_alpha': 2.273735223467505, 'reg_lambda': 9.405403300089183, 'gamma': 0.00021572518073216713, 'min_child_weight': 18}. Best is trial 413 with value: 3.3629712059134554e-06.

[Trial 601/5000] Starting at 06:27:50
  Lambdas: P=0.611, B=1.683, G=0.819
  XGBoost params: n_estimators=4049, max_depth=2
  Starting cross-validation...
  Trial 591 MSE: 0.000005 | MAPE: 0.16% | R²: -0.284597
  Trial time: 27.6s
[I 2026-03-13 06:27:53,696] Trial 591 finished with value: 4.996994479071577e-06 and parameters: {'lambda_P': 0.7440187419398754, 'lambda_B': 1.5743781978785427, 'lambda_G': 1.059793878600174, 'n_estimators': 7034, 'max_depth': 5, 'learning_rate': 0.003999168272150427, 'subsample': 0.7696770381836999, 'colsample_bytree': 0.411976769459659, 'colsample_bylevel': 0.32488843120047667, 'reg_alpha': 1.076918402839503, 'reg_lambda': 6.675131667174712, 'gamma': 0.000209193882938206, 'min_child_weight': 18}. Best is trial 413 with value: 3.3629712059134554e-06.

[Trial 602/5000] Starting at 06:27:53
  Lambdas: P=1.438, B=0.780, G=1.797
  XGBoost params: n_estimators=9346, max_depth=5
  Starting cross-validation...
  Trial 587 MSE: 0.000005 | MAPE: 0.16% | R²: -0.314049
  Trial time: 38.5s
[I 2026-03-13 06:27:54,641] Trial 587 finished with value: 5.076887518448612e-06 and parameters: {'lambda_P': 0.8283437300942225, 'lambda_B': 1.9723343592907678, 'lambda_G': 0.6246754740524314, 'n_estimators': 8529, 'max_depth': 2, 'learning_rate': 0.010162399616158722, 'subsample': 0.6899213074610404, 'colsample_bytree': 0.35172416630209397, 'colsample_bylevel': 0.6196287290847746, 'reg_alpha': 2.864766627884216, 'reg_lambda': 7.473326624964584, 'gamma': 0.0001398731384633103, 'min_child_weight': 15}. Best is trial 413 with value: 3.3629712059134554e-06.

[Trial 603/5000] Starting at 06:27:54
  Lambdas: P=0.777, B=1.159, G=1.372
  XGBoost params: n_estimators=9629, max_depth=11
  Starting cross-validation...
  Trial 592 MSE: 0.000005 | MAPE: 0.16% | R²: -0.314049
  Trial time: 26.0s
[I 2026-03-13 06:27:55,838] Trial 592 finished with value: 5.076887518448612e-06 and parameters: {'lambda_P': 1.0030855435819594, 'lambda_B': 1.8090700609230321, 'lambda_G': 0.9470172736179597, 'n_estimators': 6951, 'max_depth': 2, 'learning_rate': 0.006112394342769637, 'subsample': 0.7126734188944116, 'colsample_bytree': 0.3242271002284574, 'colsample_bylevel': 0.5294827027549989, 'reg_alpha': 2.194560262718705, 'reg_lambda': 9.695003891294968, 'gamma': 0.00011074332898354714, 'min_child_weight': 13}. Best is trial 413 with value: 3.3629712059134554e-06.

[Trial 604/5000] Starting at 06:27:55
  Lambdas: P=0.861, B=1.662, G=1.965
  XGBoost params: n_estimators=9392, max_depth=2
  Starting cross-validation...
  Trial 586 MSE: 0.000004 | MAPE: 0.15% | R²: -0.072791
  Trial time: 41.1s
[I 2026-03-13 06:27:56,752] Trial 586 finished with value: 3.864539645997957e-06 and parameters: {'lambda_P': 1.1316505040964546, 'lambda_B': 1.8059254862519816, 'lambda_G': 0.653677795985131, 'n_estimators': 9206, 'max_depth': 5, 'learning_rate': 0.002063317228424976, 'subsample': 0.8398720549801806, 'colsample_bytree': 0.415842388399716, 'colsample_bylevel': 0.6230144190296658, 'reg_alpha': 0.28214900802311876, 'reg_lambda': 8.176175622896654, 'gamma': 0.0003519451065109982, 'min_child_weight': 20}. Best is trial 413 with value: 3.3629712059134554e-06.

[Trial 605/5000] Starting at 06:27:56
  Lambdas: P=0.905, B=1.600, G=1.283
  XGBoost params: n_estimators=6923, max_depth=15
  Starting cross-validation...
  Trial 588 MSE: 0.000004 | MAPE: 0.14% | R²: -0.025160
  Trial time: 43.2s
[I 2026-03-13 06:28:00,214] Trial 588 finished with value: 3.5975747953415663e-06 and parameters: {'lambda_P': 1.1639382667544762, 'lambda_B': 1.7594456163025374, 'lambda_G': 0.8996169357253616, 'n_estimators': 9344, 'max_depth': 6, 'learning_rate': 0.00140037064526402, 'subsample': 0.8153876800759144, 'colsample_bytree': 0.38058071291349393, 'colsample_bylevel': 0.5862433595089004, 'reg_alpha': 0.17195824887738836, 'reg_lambda': 9.002470043947614, 'gamma': 0.00027511770339066956, 'min_child_weight': 16}. Best is trial 413 with value: 3.3629712059134554e-06.

[Trial 606/5000] Starting at 06:28:00
  Lambdas: P=1.028, B=0.831, G=1.438
  XGBoost params: n_estimators=9358, max_depth=10
  Starting cross-validation...
  Trial 590 MSE: 0.000005 | MAPE: 0.16% | R²: -0.224722
  Trial time: 36.7s
[I 2026-03-13 06:28:01,428] Trial 590 finished with value: 4.7229596562471275e-06 and parameters: {'lambda_P': 1.2177835871548275, 'lambda_B': 1.8605698868734692, 'lambda_G': 0.9546980582538688, 'n_estimators': 8099, 'max_depth': 4, 'learning_rate': 0.010185225205360214, 'subsample': 0.8710434628477441, 'colsample_bytree': 0.31250960590836063, 'colsample_bylevel': 0.6285182313074329, 'reg_alpha': 0.7442089390398282, 'reg_lambda': 9.026802562400121, 'gamma': 0.0005350216679898596, 'min_child_weight': 16}. Best is trial 413 with value: 3.3629712059134554e-06.

[Trial 607/5000] Starting at 06:28:01
  Lambdas: P=0.618, B=1.734, G=0.625
  XGBoost params: n_estimators=4490, max_depth=8
  Starting cross-validation...
  Trial 593 MSE: 0.000005 | MAPE: 0.16% | R²: -0.314049
  Trial time: 27.8s
[I 2026-03-13 06:28:02,792] Trial 593 finished with value: 5.076887518448612e-06 and parameters: {'lambda_P': 0.8987767709521198, 'lambda_B': 1.7782337408036235, 'lambda_G': 0.6427779715019465, 'n_estimators': 6567, 'max_depth': 3, 'learning_rate': 0.0030225146753294655, 'subsample': 0.8075145074694154, 'colsample_bytree': 0.37467313526184653, 'colsample_bylevel': 0.4996626139110464, 'reg_alpha': 3.4769201651353834, 'reg_lambda': 6.58765490619352, 'gamma': 0.00015531203019037546, 'min_child_weight': 14}. Best is trial 413 with value: 3.3629712059134554e-06.

[Trial 608/5000] Starting at 06:28:02
  Lambdas: P=0.723, B=1.622, G=1.905
  XGBoost params: n_estimators=7716, max_depth=2
  Starting cross-validation...
  Trial 594 MSE: 0.000004 | MAPE: 0.15% | R²: -0.098586
  Trial time: 29.7s
[I 2026-03-13 06:28:09,403] Trial 594 finished with value: 4.034415685512518e-06 and parameters: {'lambda_P': 0.5391552725583285, 'lambda_B': 1.6994491938722192, 'lambda_G': 0.8806591018601194, 'n_estimators': 5966, 'max_depth': 5, 'learning_rate': 0.0044925263512921145, 'subsample': 0.9675257662723741, 'colsample_bytree': 0.5515228182733054, 'colsample_bylevel': 0.6782891248204509, 'reg_alpha': 0.43646241414013714, 'reg_lambda': 9.661318566331758, 'gamma': 0.0003413512116080585, 'min_child_weight': 16}. Best is trial 413 with value: 3.3629712059134554e-06.

[Trial 609/5000] Starting at 06:28:09
  Lambdas: P=0.508, B=1.547, G=0.953
  XGBoost params: n_estimators=5462, max_depth=3
  Starting cross-validation...
  Trial 600 MSE: 0.000005 | MAPE: 0.16% | R²: -0.275734
  Trial time: 19.9s
[I 2026-03-13 06:28:10,932] Trial 600 finished with value: 4.974036815217461e-06 and parameters: {'lambda_P': 0.6114725434760249, 'lambda_B': 1.6834193823288857, 'lambda_G': 0.8189365596628707, 'n_estimators': 4049, 'max_depth': 2, 'learning_rate': 0.015809141866479862, 'subsample': 0.788788947156764, 'colsample_bytree': 0.3728077946798861, 'colsample_bylevel': 0.6380468055460942, 'reg_alpha': 1.1201412864365712, 'reg_lambda': 9.132902471005254, 'gamma': 0.00017723070535198855, 'min_child_weight': 15}. Best is trial 413 with value: 3.3629712059134554e-06.

[Trial 610/5000] Starting at 06:28:11
  Lambdas: P=0.754, B=1.592, G=1.836
  XGBoost params: n_estimators=7717, max_depth=2
  Starting cross-validation...
  Trial 595 MSE: 0.000005 | MAPE: 0.16% | R²: -0.314049
  Trial time: 29.8s
[I 2026-03-13 06:28:11,861] Trial 595 finished with value: 5.076887518448612e-06 and parameters: {'lambda_P': 0.7550104304704515, 'lambda_B': 1.765488764432064, 'lambda_G': 0.511953395778336, 'n_estimators': 5849, 'max_depth': 5, 'learning_rate': 0.007224391265434227, 'subsample': 0.7628270251854996, 'colsample_bytree': 0.30605224018642896, 'colsample_bylevel': 0.6400992635402295, 'reg_alpha': 3.146963255895914, 'reg_lambda': 8.99776738649231, 'gamma': 0.0004018189188136281, 'min_child_weight': 15}. Best is trial 413 with value: 3.3629712059134554e-06.

[Trial 611/5000] Starting at 06:28:11
  Lambdas: P=0.555, B=1.747, G=1.825
  XGBoost params: n_estimators=9170, max_depth=5
  Starting cross-validation...
  Trial 596 MSE: 0.000005 | MAPE: 0.16% | R²: -0.314049
  Trial time: 33.3s
[I 2026-03-13 06:28:16,124] Trial 596 finished with value: 5.076887518448612e-06 and parameters: {'lambda_P': 0.70062366681029, 'lambda_B': 1.8575788929056243, 'lambda_G': 0.5348903400761682, 'n_estimators': 6648, 'max_depth': 6, 'learning_rate': 0.03243330719798211, 'subsample': 0.8688755671720514, 'colsample_bytree': 0.5431212018102743, 'colsample_bylevel': 0.5210167933184146, 'reg_alpha': 1.7032069412028614, 'reg_lambda': 8.042619658323954, 'gamma': 0.0003980177631434962, 'min_child_weight': 14}. Best is trial 413 with value: 3.3629712059134554e-06.

[Trial 612/5000] Starting at 06:28:16
  Lambdas: P=0.910, B=1.938, G=0.517
  XGBoost params: n_estimators=9076, max_depth=8
  Starting cross-validation...
  Trial 598 MSE: 0.000005 | MAPE: 0.16% | R²: -0.314049
  Trial time: 32.6s
[I 2026-03-13 06:28:19,032] Trial 598 finished with value: 5.076887518448612e-06 and parameters: {'lambda_P': 0.6833413871795037, 'lambda_B': 1.957756636542865, 'lambda_G': 0.7319922655046684, 'n_estimators': 6675, 'max_depth': 4, 'learning_rate': 0.01944944745427978, 'subsample': 0.7130300120453003, 'colsample_bytree': 0.4362145577496197, 'colsample_bylevel': 0.6883064492692342, 'reg_alpha': 2.7121121458116937, 'reg_lambda': 8.648047133912538, 'gamma': 0.00020284451610704768, 'min_child_weight': 17}. Best is trial 413 with value: 3.3629712059134554e-06.

[Trial 613/5000] Starting at 06:28:19
  Lambdas: P=0.522, B=1.401, G=0.855
  XGBoost params: n_estimators=6657, max_depth=4
  Starting cross-validation...
  Trial 606 MSE: 0.000004 | MAPE: 0.14% | R²: 0.000030
  Trial time: 21.2s
[I 2026-03-13 06:28:22,867] Trial 606 finished with value: 3.5000823771787338e-06 and parameters: {'lambda_P': 0.6175755186323801, 'lambda_B': 1.733748645082202, 'lambda_G': 0.6248522974161017, 'n_estimators': 4490, 'max_depth': 8, 'learning_rate': 0.0072966236236333935, 'subsample': 0.8675832402706116, 'colsample_bytree': 0.6746996421224339, 'colsample_bylevel': 0.5574548314928813, 'reg_alpha': 0.11959851209317579, 'reg_lambda': 7.611063962733448, 'gamma': 0.00013662594540065522, 'min_child_weight': 12}. Best is trial 413 with value: 3.3629712059134554e-06.

[Trial 614/5000] Starting at 06:28:22
  Lambdas: P=0.516, B=1.670, G=0.845
  XGBoost params: n_estimators=6944, max_depth=9
  Starting cross-validation...
  Trial 597 MSE: 0.000005 | MAPE: 0.16% | R²: -0.233667
  Trial time: 38.7s
[I 2026-03-13 06:28:24,398] Trial 597 finished with value: 4.777209650029318e-06 and parameters: {'lambda_P': 0.5476846976530524, 'lambda_B': 1.8216105498196948, 'lambda_G': 0.7014733230847308, 'n_estimators': 7884, 'max_depth': 3, 'learning_rate': 0.04238704097715578, 'subsample': 0.8098102432291202, 'colsample_bytree': 0.42396440729957, 'colsample_bylevel': 0.5469019579892612, 'reg_alpha': 0.8474067112265223, 'reg_lambda': 7.517914081838088, 'gamma': 0.0003338569515927134, 'min_child_weight': 15}. Best is trial 413 with value: 3.3629712059134554e-06.

[Trial 615/5000] Starting at 06:28:24
  Lambdas: P=0.548, B=1.779, G=0.839
  XGBoost params: n_estimators=3646, max_depth=5
  Starting cross-validation...
  Trial 604 MSE: 0.000005 | MAPE: 0.16% | R²: -0.314049
  Trial time: 31.7s
[I 2026-03-13 06:28:28,708] Trial 604 finished with value: 5.076887518448612e-06 and parameters: {'lambda_P': 0.9049423321891592, 'lambda_B': 1.59998604304895, 'lambda_G': 1.283277976151897, 'n_estimators': 6923, 'max_depth': 15, 'learning_rate': 0.014283996651924102, 'subsample': 0.8523205523965744, 'colsample_bytree': 0.4984692449631032, 'colsample_bylevel': 0.9257063749634652, 'reg_alpha': 2.4126170595225735, 'reg_lambda': 0.2539797286481438, 'gamma': 0.0002698748296671703, 'min_child_weight': 16}. Best is trial 413 with value: 3.3629712059134554e-06.

[Trial 616/5000] Starting at 06:28:28
  Lambdas: P=0.577, B=1.724, G=0.895
  XGBoost params: n_estimators=6108, max_depth=7
  Starting cross-validation...
  Trial 601 MSE: 0.000005 | MAPE: 0.16% | R²: -0.236122
  Trial time: 35.7s
[I 2026-03-13 06:28:29,645] Trial 601 finished with value: 4.840562140736223e-06 and parameters: {'lambda_P': 1.4380156418558354, 'lambda_B': 0.7799162694210089, 'lambda_G': 1.7968854208558382, 'n_estimators': 9346, 'max_depth': 5, 'learning_rate': 0.0010441893097776185, 'subsample': 0.9167627937630488, 'colsample_bytree': 0.4543896421044794, 'colsample_bylevel': 0.5978968564663159, 'reg_alpha': 1.1857865239047936, 'reg_lambda': 0.5140404394109448, 'gamma': 0.00011562912853957514, 'min_child_weight': 1}. Best is trial 413 with value: 3.3629712059134554e-06.

[Trial 617/5000] Starting at 06:28:29
  Lambdas: P=1.160, B=1.480, G=0.695
  XGBoost params: n_estimators=2531, max_depth=12
  Starting cross-validation...
  Trial 607 MSE: 0.000005 | MAPE: 0.16% | R²: -0.314049
  Trial time: 29.2s
[I 2026-03-13 06:28:32,133] Trial 607 finished with value: 5.076887518448612e-06 and parameters: {'lambda_P': 0.722963368439306, 'lambda_B': 1.6220584461870033, 'lambda_G': 1.9045709748582218, 'n_estimators': 7716, 'max_depth': 2, 'learning_rate': 0.0018321288507599086, 'subsample': 0.31128022727873556, 'colsample_bytree': 0.5349419237041151, 'colsample_bylevel': 0.6629048185167848, 'reg_alpha': 2.430877392761497, 'reg_lambda': 8.223291805034854, 'gamma': 0.0003114218162477441, 'min_child_weight': 11}. Best is trial 413 with value: 3.3629712059134554e-06.

[Trial 618/5000] Starting at 06:28:32
  Lambdas: P=1.063, B=1.677, G=0.578
  XGBoost params: n_estimators=3633, max_depth=9
  Starting cross-validation...
  Trial 599 MSE: 0.000005 | MAPE: 0.16% | R²: -0.220649
  Trial time: 46.7s
[I 2026-03-13 06:28:33,240] Trial 599 finished with value: 4.717230449700092e-06 and parameters: {'lambda_P': 1.0579331369081428, 'lambda_B': 1.8602334476656097, 'lambda_G': 1.9569587154271646, 'n_estimators': 9363, 'max_depth': 4, 'learning_rate': 0.0024216789782347168, 'subsample': 0.7068542793548542, 'colsample_bytree': 0.30052445267726025, 'colsample_bylevel': 0.9231241532541493, 'reg_alpha': 0.7741038999107089, 'reg_lambda': 4.9022558808517545, 'gamma': 0.00019512008734226655, 'min_child_weight': 9}. Best is trial 413 with value: 3.3629712059134554e-06.

[Trial 619/5000] Starting at 06:28:33
  Lambdas: P=0.772, B=1.048, G=1.042
  XGBoost params: n_estimators=9365, max_depth=9
  Starting cross-validation...
  Trial 608 MSE: 0.000005 | MAPE: 0.16% | R²: -0.314049
  Trial time: 25.7s
[I 2026-03-13 06:28:35,339] Trial 608 finished with value: 5.076887518448612e-06 and parameters: {'lambda_P': 0.5083518323453787, 'lambda_B': 1.547007155715676, 'lambda_G': 0.9527438602524698, 'n_estimators': 5462, 'max_depth': 3, 'learning_rate': 0.015216036306233326, 'subsample': 0.9887328531846199, 'colsample_bytree': 0.6832168753839556, 'colsample_bylevel': 0.6879995902839101, 'reg_alpha': 2.3879299912565473, 'reg_lambda': 5.807913274185967, 'gamma': 0.00022381420252301046, 'min_child_weight': 17}. Best is trial 413 with value: 3.3629712059134554e-06.

[Trial 620/5000] Starting at 06:28:35
  Lambdas: P=0.612, B=1.891, G=1.090
  XGBoost params: n_estimators=1520, max_depth=12
  Starting cross-validation...
  Trial 603 MSE: 0.000005 | MAPE: 0.16% | R²: -0.314049
  Trial time: 40.2s
[I 2026-03-13 06:28:36,192] Trial 603 finished with value: 5.076887518448612e-06 and parameters: {'lambda_P': 0.8612802475815847, 'lambda_B': 1.6622232815503184, 'lambda_G': 1.964879663477272, 'n_estimators': 9392, 'max_depth': 2, 'learning_rate': 0.001104248255401962, 'subsample': 0.6949060617658326, 'colsample_bytree': 0.351139367804677, 'colsample_bylevel': 0.8068061265737103, 'reg_alpha': 1.3233291642147054, 'reg_lambda': 4.899585143872496, 'gamma': 0.00014195915268834728, 'min_child_weight': 19}. Best is trial 413 with value: 3.3629712059134554e-06.

[Trial 621/5000] Starting at 06:28:36
  Lambdas: P=1.326, B=1.648, G=0.726
  XGBoost params: n_estimators=7000, max_depth=10
  Starting cross-validation...
  Trial 616 MSE: 0.000004 | MAPE: 0.15% | R²: -0.091388
  Trial time: 10.4s
