[I 2026-03-13 06:39:10,395] Trial 900 finished with value: 5.076887518448612e-06 and parameters: {'lambda_P': 1.0395782625008296, 'lambda_B': 0.8583807940838435, 'lambda_G': 0.8243619262935065, 'n_estimators': 9556, 'max_depth': 12, 'learning_rate': 0.00122091059615724, 'subsample': 0.8857128169146475, 'colsample_bytree': 0.6788460973606302, 'colsample_bylevel': 0.874697674741825, 'reg_alpha': 1.6325577646862686, 'reg_lambda': 0.6057656574840613, 'gamma': 0.00010210201018623293, 'min_child_weight': 9}. Best is trial 660 with value: 3.2379913054860083e-06.

[Trial 918/5000] Starting at 06:39:10
  Lambdas: P=1.198, B=1.469, G=1.055
  XGBoost params: n_estimators=3023, max_depth=18
  Starting cross-validation...
  Trial 902 MSE: 0.000003 | MAPE: 0.14% | R²: 0.020562
  Trial time: 40.6s
[I 2026-03-13 06:39:11,067] Trial 902 finished with value: 3.39436587325177e-06 and parameters: {'lambda_P': 1.6538644553951904, 'lambda_B': 1.7440972397300982, 'lambda_G': 1.6363463472580058, 'n_estimators': 7703, 'max_depth': 18, 'learning_rate': 0.11104507243948064, 'subsample': 0.686780296272289, 'colsample_bytree': 0.3823209746483154, 'colsample_bylevel': 0.38367315263274354, 'reg_alpha': 0.10216222535023108, 'reg_lambda': 5.397239481196089, 'gamma': 0.00010950125432802192, 'min_child_weight': 7}. Best is trial 660 with value: 3.2379913054860083e-06.

[Trial 919/5000] Starting at 06:39:11
  Trial 915 MSE: 0.000004 | MAPE: 0.15% | R²: -0.102680
  Trial time: 5.1s
[I 2026-03-13 06:39:11,402] Trial 915 finished with value: 4.093105245122649e-06 and parameters: {'lambda_P': 1.4247145442796871, 'lambda_B': 1.5555723906420766, 'lambda_G': 0.8815654005195873, 'n_estimators': 944, 'max_depth': 19, 'learning_rate': 0.11065179013784353, 'subsample': 0.7994925294888375, 'colsample_bytree': 0.8691902483395676, 'colsample_bylevel': 0.4545033436658908, 'reg_alpha': 0.6256495223827325, 'reg_lambda': 3.948412035774179, 'gamma': 0.00010484697620240168, 'min_child_weight': 14}. Best is trial 660 with value: 3.2379913054860083e-06.

[Trial 920/5000] Starting at 06:39:11
  Lambdas: P=1.893, B=1.449, G=1.393
  XGBoost params: n_estimators=9644, max_depth=19
  Starting cross-validation...
  Lambdas: P=1.945, B=1.865, G=0.879
  XGBoost params: n_estimators=5574, max_depth=15
  Starting cross-validation...
  Trial 906 MSE: 0.000005 | MAPE: 0.16% | R²: -0.216764
  Trial time: 38.7s
[I 2026-03-13 06:39:14,050] Trial 906 finished with value: 4.684583338884937e-06 and parameters: {'lambda_P': 0.7605954181457529, 'lambda_B': 1.4199772375509703, 'lambda_G': 1.257770851217677, 'n_estimators': 7638, 'max_depth': 13, 'learning_rate': 0.009308407412119694, 'subsample': 0.5114821041279699, 'colsample_bytree': 0.6467402180746142, 'colsample_bylevel': 0.55677844384916, 'reg_alpha': 0.2940337988975018, 'reg_lambda': 3.1894174256637013, 'gamma': 0.0007549301841457033, 'min_child_weight': 17}. Best is trial 660 with value: 3.2379913054860083e-06.

[Trial 921/5000] Starting at 06:39:14
  Lambdas: P=1.980, B=1.930, G=0.519
  XGBoost params: n_estimators=7165, max_depth=13
  Starting cross-validation...
  Trial 911 MSE: 0.000004 | MAPE: 0.15% | R²: -0.127079
  Trial time: 22.4s
[I 2026-03-13 06:39:15,443] Trial 911 finished with value: 4.163593308897646e-06 and parameters: {'lambda_P': 1.7089608597878692, 'lambda_B': 1.9950153384331029, 'lambda_G': 0.6971934149761664, 'n_estimators': 4957, 'max_depth': 13, 'learning_rate': 0.0018247207277959376, 'subsample': 0.7329804516982347, 'colsample_bytree': 0.3745051678990147, 'colsample_bylevel': 0.46445956593237286, 'reg_alpha': 0.3423838954635541, 'reg_lambda': 8.65381941183118, 'gamma': 0.00038420460272934833, 'min_child_weight': 13}. Best is trial 660 with value: 3.2379913054860083e-06.

[Trial 922/5000] Starting at 06:39:15
  Lambdas: P=1.958, B=1.976, G=0.530
  XGBoost params: n_estimators=7854, max_depth=11
  Starting cross-validation...
  Trial 898 MSE: 0.000005 | MAPE: 0.16% | R²: -0.287479
  Trial time: 49.4s
[I 2026-03-13 06:39:16,236] Trial 898 finished with value: 5.009513453895062e-06 and parameters: {'lambda_P': 1.4792418269338599, 'lambda_B': 1.1327746554436027, 'lambda_G': 1.1204037825608515, 'n_estimators': 9294, 'max_depth': 14, 'learning_rate': 0.002295916701066222, 'subsample': 0.9905439262545569, 'colsample_bytree': 0.8223869935977556, 'colsample_bylevel': 0.9308525550374264, 'reg_alpha': 1.431512389925631, 'reg_lambda': 3.4270883198077096, 'gamma': 0.00019903857640222284, 'min_child_weight': 16}. Best is trial 660 with value: 3.2379913054860083e-06.

[Trial 923/5000] Starting at 06:39:16
  Trial 913 MSE: 0.000005 | MAPE: 0.16% | R²: -0.263429
  Trial time: 19.2s
[I 2026-03-13 06:39:16,415] Trial 913 finished with value: 4.9350258800581895e-06 and parameters: {'lambda_P': 1.823680260553685, 'lambda_B': 1.8519649296643794, 'lambda_G': 0.7115793497157072, 'n_estimators': 3563, 'max_depth': 13, 'learning_rate': 0.0035879334164598533, 'subsample': 0.6788631292296485, 'colsample_bytree': 0.41866375687097485, 'colsample_bylevel': 0.656871683012279, 'reg_alpha': 0.8860931640929586, 'reg_lambda': 7.942101470344632, 'gamma': 0.00018204680586886564, 'min_child_weight': 7}. Best is trial 660 with value: 3.2379913054860083e-06.

[Trial 924/5000] Starting at 06:39:16
  Lambdas: P=1.758, B=1.853, G=1.962
  XGBoost params: n_estimators=8089, max_depth=16  Lambdas: P=1.970, B=1.754, G=1.780

  Starting cross-validation...
  XGBoost params: n_estimators=9392, max_depth=18
  Starting cross-validation...
  Trial 903 MSE: 0.000004 | MAPE: 0.15% | R²: -0.105921
  Trial time: 49.2s
[I 2026-03-13 06:39:20,189] Trial 903 finished with value: 4.172973522307603e-06 and parameters: {'lambda_P': 1.4694904701093832, 'lambda_B': 0.5005233744337518, 'lambda_G': 1.2308080353652788, 'n_estimators': 9869, 'max_depth': 5, 'learning_rate': 0.001110128811332782, 'subsample': 0.9133294848909488, 'colsample_bytree': 0.4076691446236328, 'colsample_bylevel': 0.745693508169871, 'reg_alpha': 0.7573126316285702, 'reg_lambda': 5.333340233178809, 'gamma': 0.00010688895316739767, 'min_child_weight': 2}. Best is trial 660 with value: 3.2379913054860083e-06.

[Trial 925/5000] Starting at 06:39:20
  Trial 914 MSE: 0.000005 | MAPE: 0.16% | R²: -0.188257
  Trial time: 21.1s
[I 2026-03-13 06:39:20,376] Trial 914 finished with value: 4.585080653929128e-06 and parameters: {'lambda_P': 1.9511354325256915, 'lambda_B': 1.9060920094202078, 'lambda_G': 0.5308086875102087, 'n_estimators': 3986, 'max_depth': 14, 'learning_rate': 0.004599976658564009, 'subsample': 0.6860322989529971, 'colsample_bytree': 0.3179031645455702, 'colsample_bylevel': 0.6796189685523241, 'reg_alpha': 0.7569959707266415, 'reg_lambda': 9.377369449152823, 'gamma': 0.00011777005641582483, 'min_child_weight': 5}. Best is trial 660 with value: 3.2379913054860083e-06.

[Trial 926/5000] Starting at 06:39:20
  Lambdas: P=1.558, B=1.868, G=1.489
  Lambdas: P=1.738, B=1.797, G=1.189
  XGBoost params: n_estimators=7684, max_depth=19
  Starting cross-validation...
  XGBoost params: n_estimators=9163, max_depth=19
  Starting cross-validation...
  Trial 908 MSE: 0.000005 | MAPE: 0.16% | R²: -0.314049
  Trial time: 41.6s
[I 2026-03-13 06:39:21,043] Trial 908 finished with value: 5.076887518448612e-06 and parameters: {'lambda_P': 1.0165365183848094, 'lambda_B': 0.6599339935991123, 'lambda_G': 0.5616107376569306, 'n_estimators': 9624, 'max_depth': 13, 'learning_rate': 0.005682368112067821, 'subsample': 0.7248217927574203, 'colsample_bytree': 0.5325043896693823, 'colsample_bylevel': 0.9001247097020203, 'reg_alpha': 3.239466490151357, 'reg_lambda': 5.815636099235951, 'gamma': 0.00011967391331626215, 'min_child_weight': 5}. Best is trial 660 with value: 3.2379913054860083e-06.

[Trial 927/5000] Starting at 06:39:21
  Lambdas: P=1.959, B=1.629, G=1.148
  XGBoost params: n_estimators=6833, max_depth=20
  Starting cross-validation...
  Trial 905 MSE: 0.000004 | MAPE: 0.15% | R²: -0.090716
  Trial time: 48.4s
[I 2026-03-13 06:39:22,876] Trial 905 finished with value: 3.95208157955627e-06 and parameters: {'lambda_P': 1.2566760388191114, 'lambda_B': 1.7036582089232468, 'lambda_G': 0.8626482250141283, 'n_estimators': 9052, 'max_depth': 3, 'learning_rate': 0.0028936512908114545, 'subsample': 0.8482097099772048, 'colsample_bytree': 0.8312600231449786, 'colsample_bylevel': 0.7931386089836417, 'reg_alpha': 0.22290682211334434, 'reg_lambda': 9.008012148881043, 'gamma': 0.0003120349510773978, 'min_child_weight': 15}. Best is trial 660 with value: 3.2379913054860083e-06.

[Trial 928/5000] Starting at 06:39:22
  Lambdas: P=1.544, B=1.387, G=1.363
  XGBoost params: n_estimators=8663, max_depth=18
  Starting cross-validation...
  Trial 907 MSE: 0.000005 | MAPE: 0.16% | R²: -0.314049
  Trial time: 47.8s
[I 2026-03-13 06:39:26,045] Trial 907 finished with value: 5.076887518448612e-06 and parameters: {'lambda_P': 1.005481066377168, 'lambda_B': 0.5688468081987061, 'lambda_G': 0.5672976491320637, 'n_estimators': 9494, 'max_depth': 8, 'learning_rate': 0.0027263881421946802, 'subsample': 0.7411718626175274, 'colsample_bytree': 0.8666204062902186, 'colsample_bylevel': 0.9008497572074772, 'reg_alpha': 1.6170008173224282, 'reg_lambda': 1.8308676839863125, 'gamma': 0.0001005790027100132, 'min_child_weight': 2}. Best is trial 660 with value: 3.2379913054860083e-06.

[Trial 929/5000] Starting at 06:39:26
  Trial 917 MSE: 0.000004 | MAPE: 0.15% | R²: -0.160273
  Trial time: 15.7s
[I 2026-03-13 06:39:26,314] Trial 917 finished with value: 4.308122386458835e-06 and parameters: {'lambda_P': 1.197711873559575, 'lambda_B': 1.468569754623263, 'lambda_G': 1.0546727318412643, 'n_estimators': 3023, 'max_depth': 18, 'learning_rate': 0.07295532227738359, 'subsample': 0.5557958544261834, 'colsample_bytree': 0.8431020336679637, 'colsample_bylevel': 0.33827511829406665, 'reg_alpha': 0.41350024154896714, 'reg_lambda': 3.083718139019724, 'gamma': 0.00017274241019038077, 'min_child_weight': 17}. Best is trial 660 with value: 3.2379913054860083e-06.

[Trial 930/5000] Starting at 06:39:26
  Lambdas: P=1.787, B=1.623, G=1.514
  XGBoost params: n_estimators=9223, max_depth=17
  Starting cross-validation...
  Lambdas: P=0.817, B=1.344, G=0.687
  XGBoost params: n_estimators=1628, max_depth=16
  Starting cross-validation...
  Trial 909 MSE: 0.000004 | MAPE: 0.15% | R²: -0.106282
  Trial time: 47.4s
[I 2026-03-13 06:39:31,887] Trial 909 finished with value: 4.032807615133163e-06 and parameters: {'lambda_P': 0.660021883404854, 'lambda_B': 0.5423236029344219, 'lambda_G': 0.6081942655608189, 'n_estimators': 9046, 'max_depth': 20, 'learning_rate': 0.004148839932625434, 'subsample': 0.7042479827916049, 'colsample_bytree': 0.9556582883474143, 'colsample_bylevel': 0.9565460020030084, 'reg_alpha': 0.27027027028215894, 'reg_lambda': 1.8704622861060867, 'gamma': 0.0002327087726807771, 'min_child_weight': 4}. Best is trial 660 with value: 3.2379913054860083e-06.

[Trial 931/5000] Starting at 06:39:31
  Lambdas: P=0.632, B=1.862, G=0.587
  XGBoost params: n_estimators=462, max_depth=20
  Starting cross-validation...
  Trial 929 MSE: 0.000004 | MAPE: 0.15% | R²: -0.185580
  Trial time: 6.4s
[I 2026-03-13 06:39:32,957] Trial 929 finished with value: 4.256828800461116e-06 and parameters: {'lambda_P': 0.817144270922044, 'lambda_B': 1.344388501098154, 'lambda_G': 0.6871384849657866, 'n_estimators': 1628, 'max_depth': 16, 'learning_rate': 0.17982544863524094, 'subsample': 0.6135707106652478, 'colsample_bytree': 0.7859720311538516, 'colsample_bylevel': 0.4589491129876484, 'reg_alpha': 0.1750274150627684, 'reg_lambda': 6.598412817336366, 'gamma': 0.00042369794524021813, 'min_child_weight': 16}. Best is trial 660 with value: 3.2379913054860083e-06.

[Trial 932/5000] Starting at 06:39:33
  Lambdas: P=1.935, B=1.823, G=1.754
  XGBoost params: n_estimators=8767, max_depth=14
  Starting cross-validation...
  Trial 930 MSE: 0.000004 | MAPE: 0.15% | R²: -0.065032
  Trial time: 2.7s
[I 2026-03-13 06:39:34,794] Trial 930 finished with value: 3.741767992495273e-06 and parameters: {'lambda_P': 0.6315724813229452, 'lambda_B': 1.8621965075943794, 'lambda_G': 0.5872111189616569, 'n_estimators': 462, 'max_depth': 20, 'learning_rate': 0.11506571081538058, 'subsample': 0.653163958944211, 'colsample_bytree': 0.6784559924353557, 'colsample_bylevel': 0.5475888362526753, 'reg_alpha': 0.09734348120585129, 'reg_lambda': 6.228696252592574, 'gamma': 0.00027819910406154234, 'min_child_weight': 16}. Best is trial 660 with value: 3.2379913054860083e-06.

[Trial 933/5000] Starting at 06:39:34
  Lambdas: P=1.803, B=1.564, G=1.572
  XGBoost params: n_estimators=5552, max_depth=19
  Starting cross-validation...
  Trial 919 MSE: 0.000005 | MAPE: 0.16% | R²: -0.314049
  Trial time: 25.1s
[I 2026-03-13 06:39:36,753] Trial 919 finished with value: 5.076887518448612e-06 and parameters: {'lambda_P': 1.9453632824145297, 'lambda_B': 1.8648829244814886, 'lambda_G': 0.8792826507274989, 'n_estimators': 5574, 'max_depth': 15, 'learning_rate': 0.0021423974632287495, 'subsample': 0.6156767605020107, 'colsample_bytree': 0.42879044870416877, 'colsample_bylevel': 0.8104136284225133, 'reg_alpha': 1.5807206109206677, 'reg_lambda': 9.701784733372408, 'gamma': 0.00010254501358084417, 'min_child_weight': 6}. Best is trial 660 with value: 3.2379913054860083e-06.

[Trial 934/5000] Starting at 06:39:36
  Lambdas: P=1.692, B=1.694, G=1.552
  XGBoost params: n_estimators=7275, max_depth=19
  Starting cross-validation...
  Trial 916 MSE: 0.000005 | MAPE: 0.16% | R²: -0.209299
  Trial time: 29.6s
[I 2026-03-13 06:39:39,385] Trial 916 finished with value: 4.629373907464765e-06 and parameters: {'lambda_P': 1.938151925058074, 'lambda_B': 1.5790528434992406, 'lambda_G': 0.7216302985851623, 'n_estimators': 5138, 'max_depth': 15, 'learning_rate': 0.0011786181460350384, 'subsample': 0.8081481560909873, 'colsample_bytree': 0.3331494454777827, 'colsample_bylevel': 0.6787678287265239, 'reg_alpha': 0.6715425433113197, 'reg_lambda': 9.875177148002782, 'gamma': 0.00041723945759567887, 'min_child_weight': 4}. Best is trial 660 with value: 3.2379913054860083e-06.

[Trial 935/5000] Starting at 06:39:39
  Lambdas: P=1.259, B=1.486, G=0.839
  XGBoost params: n_estimators=459, max_depth=12
  Starting cross-validation...
  Trial 934 MSE: 0.000005 | MAPE: 0.16% | R²: -0.314049
  Trial time: 2.3s
[I 2026-03-13 06:39:41,927] Trial 934 finished with value: 5.076887518448612e-06 and parameters: {'lambda_P': 1.2588868518613476, 'lambda_B': 1.4862792014770432, 'lambda_G': 0.8385258274039862, 'n_estimators': 459, 'max_depth': 12, 'learning_rate': 0.020904762672454082, 'subsample': 0.7983626083872857, 'colsample_bytree': 0.7157676813276928, 'colsample_bylevel': 0.415816968132458, 'reg_alpha': 2.097057473665691, 'reg_lambda': 4.682409033275168, 'gamma': 0.0008006651987632732, 'min_child_weight': 18}. Best is trial 660 with value: 3.2379913054860083e-06.

[Trial 936/5000] Starting at 06:39:42
  Lambdas: P=1.482, B=1.841, G=1.647
  XGBoost params: n_estimators=8385, max_depth=16
  Starting cross-validation...
  Trial 921 MSE: 0.000004 | MAPE: 0.16% | R²: -0.176856
  Trial time: 32.9s
[I 2026-03-13 06:39:48,558] Trial 921 finished with value: 4.482074884735441e-06 and parameters: {'lambda_P': 1.9581676990279901, 'lambda_B': 1.975636352013661, 'lambda_G': 0.5300701005394557, 'n_estimators': 7854, 'max_depth': 11, 'learning_rate': 0.0024673946884094305, 'subsample': 0.822842400886, 'colsample_bytree': 0.36944810904898495, 'colsample_bylevel': 0.8212505362363456, 'reg_alpha': 0.7434569270983703, 'reg_lambda': 8.221468795796344, 'gamma': 0.00022932103708131157, 'min_child_weight': 7}. Best is trial 660 with value: 3.2379913054860083e-06.

[Trial 937/5000] Starting at 06:39:48
  Lambdas: P=1.670, B=1.313, G=1.626
  XGBoost params: n_estimators=7045, max_depth=16
  Starting cross-validation...
  Trial 920 MSE: 0.000005 | MAPE: 0.16% | R²: -0.282629
  Trial time: 36.0s
[I 2026-03-13 06:39:50,218] Trial 920 finished with value: 4.971169695016705e-06 and parameters: {'lambda_P': 1.980096610825505, 'lambda_B': 1.9297873874277656, 'lambda_G': 0.5190042924711572, 'n_estimators': 7165, 'max_depth': 13, 'learning_rate': 0.001614397408945141, 'subsample': 0.6132370857175171, 'colsample_bytree': 0.33786524423062697, 'colsample_bylevel': 0.4978993001444018, 'reg_alpha': 0.24898655386910085, 'reg_lambda': 7.793081305139163, 'gamma': 0.001550941453060688, 'min_child_weight': 10}. Best is trial 660 with value: 3.2379913054860083e-06.

[Trial 938/5000] Starting at 06:39:50
  Lambdas: P=1.942, B=1.920, G=1.526
  XGBoost params: n_estimators=7202, max_depth=18
  Starting cross-validation...
  Trial 926 MSE: 0.000004 | MAPE: 0.15% | R²: -0.132322
  Trial time: 31.2s
[I 2026-03-13 06:39:52,447] Trial 926 finished with value: 4.129434444274456e-06 and parameters: {'lambda_P': 1.9592949449010675, 'lambda_B': 1.6285099227942146, 'lambda_G': 1.1476840476306949, 'n_estimators': 6833, 'max_depth': 20, 'learning_rate': 0.06574507378310913, 'subsample': 0.6015364106661671, 'colsample_bytree': 0.46125565295653653, 'colsample_bylevel': 0.356863032477743, 'reg_alpha': 0.23438373296922393, 'reg_lambda': 4.6633734718860245, 'gamma': 0.0003992009451056825, 'min_child_weight': 11}. Best is trial 660 with value: 3.2379913054860083e-06.

[Trial 939/5000] Starting at 06:39:52
  Lambdas: P=1.566, B=1.478, G=1.486
  XGBoost params: n_estimators=9276, max_depth=20
  Starting cross-validation...
  Trial 922 MSE: 0.000005 | MAPE: 0.16% | R²: -0.246584
  Trial time: 39.0s
[I 2026-03-13 06:39:55,490] Trial 922 finished with value: 4.858197014070715e-06 and parameters: {'lambda_P': 1.7580188766086853, 'lambda_B': 1.8526233286080576, 'lambda_G': 1.9617150510302537, 'n_estimators': 8089, 'max_depth': 16, 'learning_rate': 0.12467003087394304, 'subsample': 0.7215579877500318, 'colsample_bytree': 0.3940515294676343, 'colsample_bylevel': 0.3910612007461332, 'reg_alpha': 0.9082460096643243, 'reg_lambda': 4.197294340960865, 'gamma': 0.000191313899728058, 'min_child_weight': 12}. Best is trial 660 with value: 3.2379913054860083e-06.

[Trial 940/5000] Starting at 06:39:55
  Lambdas: P=1.683, B=1.697, G=1.478
  XGBoost params: n_estimators=6918, max_depth=19
  Starting cross-validation...
  Trial 924 MSE: 0.000005 | MAPE: 0.16% | R²: -0.304341
  Trial time: 36.7s
[I 2026-03-13 06:39:57,064] Trial 924 finished with value: 5.053896801060937e-06 and parameters: {'lambda_P': 1.5582922861966764, 'lambda_B': 1.8678603383925214, 'lambda_G': 1.489415534819805, 'n_estimators': 7684, 'max_depth': 19, 'learning_rate': 0.021637482067616804, 'subsample': 0.5371716734763822, 'colsample_bytree': 0.35478008661839827, 'colsample_bylevel': 0.38695610890626353, 'reg_alpha': 0.8420035238384086, 'reg_lambda': 4.017137837647552, 'gamma': 0.00021023580917405038, 'min_child_weight': 8}. Best is trial 660 with value: 3.2379913054860083e-06.

[Trial 941/5000] Starting at 06:39:57
  Lambdas: P=1.788, B=1.963, G=0.681
  XGBoost params: n_estimators=3209, max_depth=11
  Starting cross-validation...
  Trial 932 MSE: 0.000004 | MAPE: 0.15% | R²: -0.154613
  Trial time: 26.6s
[I 2026-03-13 06:40:01,543] Trial 932 finished with value: 4.321585869581538e-06 and parameters: {'lambda_P': 1.8025809681934486, 'lambda_B': 1.5644719083140703, 'lambda_G': 1.5716909733731643, 'n_estimators': 5552, 'max_depth': 19, 'learning_rate': 0.06809651744084812, 'subsample': 0.7325985761804144, 'colsample_bytree': 0.36797616350266826, 'colsample_bylevel': 0.3814029710081119, 'reg_alpha': 0.452298832034419, 'reg_lambda': 4.539520834843029, 'gamma': 0.00041723813681790825, 'min_child_weight': 8}. Best is trial 660 with value: 3.2379913054860083e-06.

[Trial 942/5000] Starting at 06:40:01
  Lambdas: P=1.252, B=1.780, G=0.888
  XGBoost params: n_estimators=1716, max_depth=12
  Starting cross-validation...
  Trial 918 MSE: 0.000005 | MAPE: 0.16% | R²: -0.314049
  Trial time: 51.2s
[I 2026-03-13 06:40:02,427] Trial 918 finished with value: 5.076887518448612e-06 and parameters: {'lambda_P': 1.8927872372490142, 'lambda_B': 1.4485213243234398, 'lambda_G': 1.3934419067798454, 'n_estimators': 9644, 'max_depth': 19, 'learning_rate': 0.24218056933040613, 'subsample': 0.6571885307688925, 'colsample_bytree': 0.39044300862076226, 'colsample_bylevel': 0.3049865066781032, 'reg_alpha': 1.6097657432145511, 'reg_lambda': 2.5377664818652295, 'gamma': 0.00012229887535112675, 'min_child_weight': 9}. Best is trial 660 with value: 3.2379913054860083e-06.

[Trial 943/5000] Starting at 06:40:02
  Lambdas: P=0.940, B=1.581, G=0.748
  XGBoost params: n_estimators=1525, max_depth=11
  Starting cross-validation...
  Trial 933 MSE: 0.000005 | MAPE: 0.16% | R²: -0.314049
  Trial time: 27.0s
[I 2026-03-13 06:40:03,925] Trial 933 finished with value: 5.076887518448612e-06 and parameters: {'lambda_P': 1.6921225745347723, 'lambda_B': 1.6943949156880458, 'lambda_G': 1.552106820504307, 'n_estimators': 7275, 'max_depth': 19, 'learning_rate': 0.27343287500444396, 'subsample': 0.34087870693883865, 'colsample_bytree': 0.30842663463536885, 'colsample_bylevel': 0.4354859641710523, 'reg_alpha': 1.056327598216196, 'reg_lambda': 5.096782801575819, 'gamma': 0.00011788023081391171, 'min_child_weight': 8}. Best is trial 660 with value: 3.2379913054860083e-06.

[Trial 944/5000] Starting at 06:40:04
  Lambdas: P=1.171, B=1.252, G=0.740
  XGBoost params: n_estimators=2402, max_depth=14
  Starting cross-validation...
  Trial 923 MSE: 0.000004 | MAPE: 0.15% | R²: -0.073134
  Trial time: 47.8s
