[I 2026-03-13 06:20:17,044] Trial 353 finished with value: 4.990035119414521e-06 and parameters: {'lambda_P': 1.6637712410821375, 'lambda_B': 1.554881203941853, 'lambda_G': 1.0951417221784217, 'n_estimators': 9422, 'max_depth': 15, 'learning_rate': 0.016424336620221067, 'subsample': 0.3651579849921888, 'colsample_bytree': 0.8590854590011392, 'colsample_bylevel': 0.832126396793049, 'reg_alpha': 0.47364320780249214, 'reg_lambda': 6.319709134719545, 'gamma': 0.00023798531688173165, 'min_child_weight': 5}. Best is trial 237 with value: 3.410930139944745e-06.

[Trial 379/5000] Starting at 06:20:17
  Lambdas: P=1.776, B=0.983, G=1.771
  XGBoost params: n_estimators=753, max_depth=11
  Starting cross-validation...
  Trial 372 MSE: 0.000005 | MAPE: 0.16% | R²: -0.314049
  Trial time: 15.7s
[I 2026-03-13 06:20:18,198] Trial 372 finished with value: 5.076887518448612e-06 and parameters: {'lambda_P': 1.3792983776910583, 'lambda_B': 0.7852144277363668, 'lambda_G': 1.149069006954828, 'n_estimators': 3249, 'max_depth': 19, 'learning_rate': 0.059431528451602836, 'subsample': 0.3255455174053836, 'colsample_bytree': 0.39753901875826203, 'colsample_bylevel': 0.808409890819731, 'reg_alpha': 7.098872622251514, 'reg_lambda': 3.8914974697034923, 'gamma': 0.05298512745904218, 'min_child_weight': 2}. Best is trial 237 with value: 3.410930139944745e-06.

[Trial 380/5000] Starting at 06:20:18
  Lambdas: P=1.804, B=1.166, G=1.554
  XGBoost params: n_estimators=622, max_depth=3
  Starting cross-validation...
  Trial 376 MSE: 0.000005 | MAPE: 0.16% | R²: -0.314049
  Trial time: 9.8s
[I 2026-03-13 06:20:18,681] Trial 376 finished with value: 5.076887518448612e-06 and parameters: {'lambda_P': 1.3059455104982083, 'lambda_B': 1.5379321987888852, 'lambda_G': 0.8554402847360708, 'n_estimators': 2147, 'max_depth': 18, 'learning_rate': 0.256755251809664, 'subsample': 0.4296298583975955, 'colsample_bytree': 0.5506107026487561, 'colsample_bylevel': 0.47752203973540425, 'reg_alpha': 2.0837983473730572, 'reg_lambda': 1.091790102459026, 'gamma': 0.004282167582346758, 'min_child_weight': 7}. Best is trial 237 with value: 3.410930139944745e-06.

[Trial 381/5000] Starting at 06:20:18
  Lambdas: P=1.721, B=1.977, G=1.427
  XGBoost params: n_estimators=7079, max_depth=5
  Starting cross-validation...
  Trial 364 MSE: 0.000005 | MAPE: 0.16% | R²: -0.314049
  Trial time: 30.5s
[I 2026-03-13 06:20:19,787] Trial 364 finished with value: 5.076887518448612e-06 and parameters: {'lambda_P': 1.247520110156699, 'lambda_B': 0.7465486224657835, 'lambda_G': 0.685019102706776, 'n_estimators': 6098, 'max_depth': 19, 'learning_rate': 0.40681112174672057, 'subsample': 0.9579156999429699, 'colsample_bytree': 0.5898503688885854, 'colsample_bylevel': 0.8313694066801336, 'reg_alpha': 6.674692966837661, 'reg_lambda': 5.534144931840172, 'gamma': 0.02378852267525149, 'min_child_weight': 20}. Best is trial 237 with value: 3.410930139944745e-06.

[Trial 382/5000] Starting at 06:20:19
  Lambdas: P=0.779, B=0.514, G=0.970
  XGBoost params: n_estimators=1003, max_depth=4
  Starting cross-validation...
  Trial 366 MSE: 0.000005 | MAPE: 0.16% | R²: -0.314049
  Trial time: 28.5s
[I 2026-03-13 06:20:20,652] Trial 366 finished with value: 5.076887518448612e-06 and parameters: {'lambda_P': 1.5013541363055822, 'lambda_B': 1.8659547802905385, 'lambda_G': 1.7476385042749778, 'n_estimators': 5584, 'max_depth': 16, 'learning_rate': 0.0020334999519831523, 'subsample': 0.32595427396625787, 'colsample_bytree': 0.9260223655338651, 'colsample_bylevel': 0.932301744941826, 'reg_alpha': 1.0291009767976356, 'reg_lambda': 1.0844401675635118, 'gamma': 0.00024131386246700637, 'min_child_weight': 1}. Best is trial 237 with value: 3.410930139944745e-06.

[Trial 383/5000] Starting at 06:20:20
  Lambdas: P=1.279, B=0.819, G=0.863
  XGBoost params: n_estimators=9493, max_depth=6
  Starting cross-validation...
  Trial 378 MSE: 0.000005 | MAPE: 0.16% | R²: -0.314049
  Trial time: 4.7s
[I 2026-03-13 06:20:21,934] Trial 378 finished with value: 5.076887518448612e-06 and parameters: {'lambda_P': 1.7755408103984727, 'lambda_B': 0.9827158905084815, 'lambda_G': 1.7705918785915882, 'n_estimators': 753, 'max_depth': 11, 'learning_rate': 0.011702624926736684, 'subsample': 0.8810046428280953, 'colsample_bytree': 0.8669475786739138, 'colsample_bylevel': 0.40936655122181204, 'reg_alpha': 1.8259069052384602, 'reg_lambda': 4.065711810608913, 'gamma': 0.0019408844864527701, 'min_child_weight': 10}. Best is trial 237 with value: 3.410930139944745e-06.

[Trial 384/5000] Starting at 06:20:22
  Lambdas: P=1.739, B=1.003, G=0.699
  XGBoost params: n_estimators=3258, max_depth=15
  Starting cross-validation...
  Trial 379 MSE: 0.000005 | MAPE: 0.16% | R²: -0.314049
  Trial time: 4.3s
[I 2026-03-13 06:20:22,707] Trial 379 finished with value: 5.076887518448612e-06 and parameters: {'lambda_P': 1.8037456617593062, 'lambda_B': 1.166385809014319, 'lambda_G': 1.5539750146813123, 'n_estimators': 622, 'max_depth': 3, 'learning_rate': 0.05847107306388505, 'subsample': 0.3133019471410445, 'colsample_bytree': 0.5265270738730973, 'colsample_bylevel': 0.7017314226550304, 'reg_alpha': 3.7030273375631486, 'reg_lambda': 9.149773761243233, 'gamma': 0.009221186108936186, 'min_child_weight': 7}. Best is trial 237 with value: 3.410930139944745e-06.

[Trial 385/5000] Starting at 06:20:22
  Lambdas: P=1.579, B=1.140, G=1.453
  XGBoost params: n_estimators=6030, max_depth=3
  Starting cross-validation...
  Trial 374 MSE: 0.000005 | MAPE: 0.16% | R²: -0.314049
  Trial time: 20.8s
[I 2026-03-13 06:20:24,896] Trial 374 finished with value: 5.076887518448612e-06 and parameters: {'lambda_P': 1.8692423168293264, 'lambda_B': 0.6690183391725943, 'lambda_G': 1.3628776444030448, 'n_estimators': 4333, 'max_depth': 8, 'learning_rate': 0.0022072340168973704, 'subsample': 0.39777695470982677, 'colsample_bytree': 0.45900514890492666, 'colsample_bylevel': 0.7079492903037424, 'reg_alpha': 4.8005549686288, 'reg_lambda': 6.734865892229225, 'gamma': 0.014093686135586325, 'min_child_weight': 1}. Best is trial 237 with value: 3.410930139944745e-06.

[Trial 386/5000] Starting at 06:20:24
  Lambdas: P=1.910, B=1.391, G=1.340
  XGBoost params: n_estimators=3546, max_depth=3
  Starting cross-validation...
  Trial 381 MSE: 0.000005 | MAPE: 0.16% | R²: -0.314049
  Trial time: 5.8s
[I 2026-03-13 06:20:25,821] Trial 381 finished with value: 5.076887518448612e-06 and parameters: {'lambda_P': 0.7793039798159737, 'lambda_B': 0.5136589831350917, 'lambda_G': 0.9697719754114893, 'n_estimators': 1003, 'max_depth': 4, 'learning_rate': 0.08233070536954716, 'subsample': 0.4712974990200035, 'colsample_bytree': 0.3380793083475409, 'colsample_bylevel': 0.4498811211857411, 'reg_alpha': 3.843082848654036, 'reg_lambda': 4.714897360829936, 'gamma': 0.004432582913325418, 'min_child_weight': 17}. Best is trial 237 with value: 3.410930139944745e-06.

[Trial 387/5000] Starting at 06:20:25
  Lambdas: P=0.887, B=0.974, G=1.019
  XGBoost params: n_estimators=8941, max_depth=3
  Starting cross-validation...
  Trial 375 MSE: 0.000005 | MAPE: 0.16% | R²: -0.314049
  Trial time: 21.5s
[I 2026-03-13 06:20:26,617] Trial 375 finished with value: 5.076887518448612e-06 and parameters: {'lambda_P': 0.6834890008001406, 'lambda_B': 0.7716986975933915, 'lambda_G': 0.7512427993487031, 'n_estimators': 4325, 'max_depth': 6, 'learning_rate': 0.0011458168967253576, 'subsample': 0.5442056634197986, 'colsample_bytree': 0.6771855374437211, 'colsample_bylevel': 0.6991527744202211, 'reg_alpha': 5.186056711108568, 'reg_lambda': 3.7326905596498983, 'gamma': 0.00040617512626629754, 'min_child_weight': 1}. Best is trial 237 with value: 3.410930139944745e-06.

[Trial 388/5000] Starting at 06:20:26
  Lambdas: P=0.606, B=1.701, G=1.037
  XGBoost params: n_estimators=3095, max_depth=10
  Starting cross-validation...
  Trial 373 MSE: 0.000005 | MAPE: 0.16% | R²: -0.314049
  Trial time: 26.6s
[I 2026-03-13 06:20:30,093] Trial 373 finished with value: 5.076887518448612e-06 and parameters: {'lambda_P': 1.509404238516187, 'lambda_B': 1.4427915906761626, 'lambda_G': 1.8558341990799023, 'n_estimators': 5161, 'max_depth': 12, 'learning_rate': 0.0014662263843744372, 'subsample': 0.572772854366906, 'colsample_bytree': 0.9061333519638086, 'colsample_bylevel': 0.7595166898239677, 'reg_alpha': 6.884355559695246, 'reg_lambda': 9.793385722436794, 'gamma': 0.004936402793320447, 'min_child_weight': 13}. Best is trial 237 with value: 3.410930139944745e-06.

[Trial 389/5000] Starting at 06:20:30
  Lambdas: P=1.862, B=1.205, G=1.258
  XGBoost params: n_estimators=1931, max_depth=7
  Starting cross-validation...
  Trial 370 MSE: 0.000005 | MAPE: 0.16% | R²: -0.312805
  Trial time: 31.1s
[I 2026-03-13 06:20:31,862] Trial 370 finished with value: 5.074295699608087e-06 and parameters: {'lambda_P': 0.7322148283838588, 'lambda_B': 1.7939880364498106, 'lambda_G': 1.0938786238180807, 'n_estimators': 8384, 'max_depth': 13, 'learning_rate': 0.11075652005211037, 'subsample': 0.8098050978904932, 'colsample_bytree': 0.35564393922842114, 'colsample_bylevel': 0.42859566494390244, 'reg_alpha': 0.03169414234966861, 'reg_lambda': 6.34834592023764, 'gamma': 0.006138253169633347, 'min_child_weight': 2}. Best is trial 237 with value: 3.410930139944745e-06.

[Trial 390/5000] Starting at 06:20:31
  Lambdas: P=1.825, B=1.368, G=1.989
  XGBoost params: n_estimators=8856, max_depth=17
  Starting cross-validation...
  Trial 377 MSE: 0.000005 | MAPE: 0.16% | R²: -0.314049
  Trial time: 15.8s
[I 2026-03-13 06:20:32,507] Trial 377 finished with value: 5.076887518448612e-06 and parameters: {'lambda_P': 1.7442203496855049, 'lambda_B': 0.9249470754846663, 'lambda_G': 1.7018025685480107, 'n_estimators': 3156, 'max_depth': 5, 'learning_rate': 0.02646917410767139, 'subsample': 0.5084220115449241, 'colsample_bytree': 0.5836906377656434, 'colsample_bylevel': 0.3978946846731204, 'reg_alpha': 2.8218758787859333, 'reg_lambda': 8.665568613200943, 'gamma': 0.01114528403874274, 'min_child_weight': 9}. Best is trial 237 with value: 3.410930139944745e-06.

[Trial 391/5000] Starting at 06:20:32
  Lambdas: P=1.836, B=1.806, G=1.402
  XGBoost params: n_estimators=7621, max_depth=18
  Starting cross-validation...
  Trial 371 MSE: 0.000005 | MAPE: 0.16% | R²: -0.314049
  Trial time: 32.4s
[I 2026-03-13 06:20:33,825] Trial 371 finished with value: 5.076887518448612e-06 and parameters: {'lambda_P': 0.6370526660073851, 'lambda_B': 0.8482380441159282, 'lambda_G': 0.7920782468138647, 'n_estimators': 8624, 'max_depth': 13, 'learning_rate': 0.38659874621551377, 'subsample': 0.6999758242216205, 'colsample_bytree': 0.40871121025174034, 'colsample_bylevel': 0.430579500026796, 'reg_alpha': 6.874707543325788, 'reg_lambda': 5.509933028214115, 'gamma': 0.016612385674675878, 'min_child_weight': 4}. Best is trial 237 with value: 3.410930139944745e-06.

[Trial 392/5000] Starting at 06:20:33
  Lambdas: P=1.960, B=1.185, G=1.537
  XGBoost params: n_estimators=7945, max_depth=5
  Starting cross-validation...
  Trial 362 MSE: 0.000005 | MAPE: 0.16% | R²: -0.314049
  Trial time: 50.7s
[I 2026-03-13 06:20:35,404] Trial 362 finished with value: 5.076887518448612e-06 and parameters: {'lambda_P': 1.171617264905066, 'lambda_B': 1.4249489696660875, 'lambda_G': 1.2449963958588075, 'n_estimators': 9722, 'max_depth': 3, 'learning_rate': 0.01190585506012154, 'subsample': 0.45349146412450164, 'colsample_bytree': 0.5832736241813026, 'colsample_bylevel': 0.6964320337120108, 'reg_alpha': 1.543140103619014, 'reg_lambda': 8.46592754362187, 'gamma': 0.04094545761303707, 'min_child_weight': 19}. Best is trial 237 with value: 3.410930139944745e-06.

[Trial 393/5000] Starting at 06:20:35
  Lambdas: P=0.797, B=0.938, G=0.907
  XGBoost params: n_estimators=8608, max_depth=9
  Starting cross-validation...
  Trial 368 MSE: 0.000004 | MAPE: 0.16% | R²: -0.185998
  Trial time: 42.2s
[I 2026-03-13 06:20:36,425] Trial 368 finished with value: 4.4555871339085555e-06 and parameters: {'lambda_P': 1.9595901697110465, 'lambda_B': 1.5280517208457025, 'lambda_G': 0.790907577059183, 'n_estimators': 8207, 'max_depth': 20, 'learning_rate': 0.008591083978910447, 'subsample': 0.5373458104309764, 'colsample_bytree': 0.5251277115255386, 'colsample_bylevel': 0.6740371792682472, 'reg_alpha': 0.28759879921435916, 'reg_lambda': 6.40097091235173, 'gamma': 0.0005324619141347563, 'min_child_weight': 16}. Best is trial 237 with value: 3.410930139944745e-06.

[Trial 394/5000] Starting at 06:20:36
  Lambdas: P=0.738, B=1.336, G=0.630
  XGBoost params: n_estimators=5041, max_depth=12
  Starting cross-validation...
  Trial 383 MSE: 0.000005 | MAPE: 0.16% | R²: -0.314049
  Trial time: 16.9s
[I 2026-03-13 06:20:39,023] Trial 383 finished with value: 5.076887518448612e-06 and parameters: {'lambda_P': 1.7388213550858227, 'lambda_B': 1.0029844192531927, 'lambda_G': 0.6994324068321165, 'n_estimators': 3258, 'max_depth': 15, 'learning_rate': 0.0018394953953348684, 'subsample': 0.9424415109696056, 'colsample_bytree': 0.7017281170823728, 'colsample_bylevel': 0.37387492609701467, 'reg_alpha': 8.660329966234087, 'reg_lambda': 0.32772439073458615, 'gamma': 0.0002598706378419654, 'min_child_weight': 3}. Best is trial 237 with value: 3.410930139944745e-06.

[Trial 395/5000] Starting at 06:20:39
  Lambdas: P=0.792, B=0.693, G=1.957
  XGBoost params: n_estimators=4881, max_depth=17
  Starting cross-validation...
  Trial 388 MSE: 0.000005 | MAPE: 0.16% | R²: -0.314049
  Trial time: 10.3s
[I 2026-03-13 06:20:40,622] Trial 388 finished with value: 5.076887518448612e-06 and parameters: {'lambda_P': 1.8621265929875859, 'lambda_B': 1.2049884711869716, 'lambda_G': 1.2576606155276995, 'n_estimators': 1931, 'max_depth': 7, 'learning_rate': 0.11059939178431932, 'subsample': 0.8311241142461814, 'colsample_bytree': 0.6402944278516027, 'colsample_bylevel': 0.5737538715752842, 'reg_alpha': 3.0741018357839667, 'reg_lambda': 9.605090859673233, 'gamma': 0.0005327572069192512, 'min_child_weight': 14}. Best is trial 237 with value: 3.410930139944745e-06.

[Trial 396/5000] Starting at 06:20:40
  Lambdas: P=1.524, B=0.777, G=1.255
  XGBoost params: n_estimators=7615, max_depth=6
  Starting cross-validation...
  Trial 387 MSE: 0.000005 | MAPE: 0.16% | R²: -0.314049
  Trial time: 15.9s
[I 2026-03-13 06:20:42,708] Trial 387 finished with value: 5.076887518448612e-06 and parameters: {'lambda_P': 0.6060100036328064, 'lambda_B': 1.7013897960128952, 'lambda_G': 1.036731356957564, 'n_estimators': 3095, 'max_depth': 10, 'learning_rate': 0.038037602965021546, 'subsample': 0.9244670091763352, 'colsample_bytree': 0.8765158569957274, 'colsample_bylevel': 0.9553130315687308, 'reg_alpha': 0.8142527359604035, 'reg_lambda': 0.8531036051333263, 'gamma': 0.01763303056686962, 'min_child_weight': 9}. Best is trial 237 with value: 3.410930139944745e-06.

[Trial 397/5000] Starting at 06:20:42
  Lambdas: P=1.969, B=1.942, G=1.110
  XGBoost params: n_estimators=1470, max_depth=15
  Starting cross-validation...
  Trial 385 MSE: 0.000005 | MAPE: 0.16% | R²: -0.314049
  Trial time: 18.5s
[I 2026-03-13 06:20:43,605] Trial 385 finished with value: 5.076887518448612e-06 and parameters: {'lambda_P': 1.9097365585870936, 'lambda_B': 1.3911262726837583, 'lambda_G': 1.339911797490708, 'n_estimators': 3546, 'max_depth': 3, 'learning_rate': 0.0013770227740560388, 'subsample': 0.33572489997966337, 'colsample_bytree': 0.6876190999174562, 'colsample_bylevel': 0.6231581854994952, 'reg_alpha': 2.79609688380436, 'reg_lambda': 8.403251412728617, 'gamma': 0.008565054240640843, 'min_child_weight': 15}. Best is trial 237 with value: 3.410930139944745e-06.

[Trial 398/5000] Starting at 06:20:43
  Lambdas: P=1.981, B=1.311, G=1.063
  XGBoost params: n_estimators=2034, max_depth=6
  Starting cross-validation...
  Trial 369 MSE: 0.000005 | MAPE: 0.16% | R²: -0.314049
  Trial time: 46.3s
[I 2026-03-13 06:20:46,096] Trial 369 finished with value: 5.076887518448612e-06 and parameters: {'lambda_P': 1.0429191113128264, 'lambda_B': 1.4090054222753023, 'lambda_G': 0.5297388387682092, 'n_estimators': 8793, 'max_depth': 12, 'learning_rate': 0.03380112078454104, 'subsample': 0.516837053020477, 'colsample_bytree': 0.6547508425756678, 'colsample_bylevel': 0.5400903822836823, 'reg_alpha': 1.740409659367853, 'reg_lambda': 5.001595726548168, 'gamma': 0.06540541336807458, 'min_child_weight': 2}. Best is trial 237 with value: 3.410930139944745e-06.

[Trial 399/5000] Starting at 06:20:46
  Lambdas: P=1.678, B=1.741, G=1.606
  XGBoost params: n_estimators=9774, max_depth=13
  Starting cross-validation...
  Trial 396 MSE: 0.000005 | MAPE: 0.16% | R²: -0.314049
  Trial time: 7.0s
[I 2026-03-13 06:20:49,895] Trial 396 finished with value: 5.076887518448612e-06 and parameters: {'lambda_P': 1.96899750876489, 'lambda_B': 1.9417099330606926, 'lambda_G': 1.110043530295588, 'n_estimators': 1470, 'max_depth': 15, 'learning_rate': 0.03310546251827013, 'subsample': 0.5402928161207108, 'colsample_bytree': 0.5770906630759662, 'colsample_bylevel': 0.4038387844154852, 'reg_alpha': 2.5348648681102572, 'reg_lambda': 2.7452736923907715, 'gamma': 0.012562689713208272, 'min_child_weight': 18}. Best is trial 237 with value: 3.410930139944745e-06.

[Trial 400/5000] Starting at 06:20:49
  Lambdas: P=1.613, B=1.220, G=0.708
  XGBoost params: n_estimators=5876, max_depth=2
  Starting cross-validation...
  Trial 397 MSE: 0.000005 | MAPE: 0.16% | R²: -0.314049
  Trial time: 9.5s
[I 2026-03-13 06:20:53,349] Trial 397 finished with value: 5.076887518448612e-06 and parameters: {'lambda_P': 1.980571480089203, 'lambda_B': 1.3106880887567371, 'lambda_G': 1.063178887404993, 'n_estimators': 2034, 'max_depth': 6, 'learning_rate': 0.006280247730807121, 'subsample': 0.7677630716618828, 'colsample_bytree': 0.7027446800876539, 'colsample_bylevel': 0.9278101891113157, 'reg_alpha': 2.0118824455904685, 'reg_lambda': 5.890821497730875, 'gamma': 0.014455216284087422, 'min_child_weight': 7}. Best is trial 237 with value: 3.410930139944745e-06.

[Trial 401/5000] Starting at 06:20:53
  Lambdas: P=1.416, B=1.027, G=1.997
  XGBoost params: n_estimators=4840, max_depth=18
  Starting cross-validation...
  Trial 384 MSE: 0.000005 | MAPE: 0.16% | R²: -0.314049
  Trial time: 31.1s
[I 2026-03-13 06:20:54,057] Trial 384 finished with value: 5.076887518448612e-06 and parameters: {'lambda_P': 1.5790481443358555, 'lambda_B': 1.1404489356884737, 'lambda_G': 1.4534742427677, 'n_estimators': 6030, 'max_depth': 3, 'learning_rate': 0.019355023188189005, 'subsample': 0.854992099428554, 'colsample_bytree': 0.7475091510941683, 'colsample_bylevel': 0.4598450191706148, 'reg_alpha': 3.964107205469368, 'reg_lambda': 0.4381960023397935, 'gamma': 0.0003868612376805024, 'min_child_weight': 1}. Best is trial 237 with value: 3.410930139944745e-06.

[Trial 402/5000] Starting at 06:20:54
  Lambdas: P=1.205, B=0.540, G=1.438
  XGBoost params: n_estimators=6420, max_depth=15
  Starting cross-validation...
  Trial 380 MSE: 0.000005 | MAPE: 0.16% | R²: -0.314049
  Trial time: 37.2s
[I 2026-03-13 06:20:56,046] Trial 380 finished with value: 5.076887518448612e-06 and parameters: {'lambda_P': 1.7211060402881835, 'lambda_B': 1.9774337014146006, 'lambda_G': 1.4272428171863152, 'n_estimators': 7079, 'max_depth': 5, 'learning_rate': 0.0032542875442404836, 'subsample': 0.5494474350264685, 'colsample_bytree': 0.7857938352532985, 'colsample_bylevel': 0.6963434964250939, 'reg_alpha': 2.303440896317391, 'reg_lambda': 7.816631133302675, 'gamma': 0.014379379531201924, 'min_child_weight': 10}. Best is trial 237 with value: 3.410930139944745e-06.

[Trial 403/5000] Starting at 06:20:56
  Lambdas: P=1.783, B=1.512, G=1.088
  XGBoost params: n_estimators=2409, max_depth=4
  Starting cross-validation...
  Trial 393 MSE: 0.000005 | MAPE: 0.16% | R²: -0.314049
  Trial time: 24.6s
[I 2026-03-13 06:21:01,220] Trial 393 finished with value: 5.076887518448612e-06 and parameters: {'lambda_P': 0.7375371990559457, 'lambda_B': 1.3355540081022061, 'lambda_G': 0.6304492841849914, 'n_estimators': 5041, 'max_depth': 12, 'learning_rate': 0.0020038452576792948, 'subsample': 0.4647046939717997, 'colsample_bytree': 0.7285583161397594, 'colsample_bylevel': 0.35933992088544064, 'reg_alpha': 3.358119050760232, 'reg_lambda': 9.590152444071768, 'gamma': 0.01009246512386763, 'min_child_weight': 6}. Best is trial 237 with value: 3.410930139944745e-06.

[Trial 404/5000] Starting at 06:21:01
  Lambdas: P=0.918, B=1.191, G=1.598
  XGBoost params: n_estimators=2491, max_depth=18
  Starting cross-validation...
  Trial 390 MSE: 0.000005 | MAPE: 0.16% | R²: -0.314049
  Trial time: 29.2s
[I 2026-03-13 06:21:01,936] Trial 390 finished with value: 5.076887518448612e-06 and parameters: {'lambda_P': 1.8360379436878405, 'lambda_B': 1.8063290199480697, 'lambda_G': 1.4023138280807457, 'n_estimators': 7621, 'max_depth': 18, 'learning_rate': 0.001008730438167438, 'subsample': 0.9622375211541767, 'colsample_bytree': 0.8662525615384922, 'colsample_bylevel': 0.7928407140734055, 'reg_alpha': 3.7177434734017334, 'reg_lambda': 9.66655906562172, 'gamma': 0.005384793585151925, 'min_child_weight': 2}. Best is trial 237 with value: 3.410930139944745e-06.

[Trial 405/5000] Starting at 06:21:02
  Lambdas: P=1.130, B=1.945, G=1.341
  XGBoost params: n_estimators=4889, max_depth=13
  Starting cross-validation...
  Trial 394 MSE: 0.000005 | MAPE: 0.16% | R²: -0.314049
  Trial time: 24.6s
