[I 2026-03-13 07:14:36,582] Trial 2091 finished with value: 4.3165319409463005e-06 and parameters: {'lambda_P': 1.801486961140481, 'lambda_B': 0.5076340501481249, 'lambda_G': 0.8643493334612298, 'n_estimators': 5756, 'max_depth': 9, 'learning_rate': 0.010382807198908066, 'subsample': 0.8821921797334421, 'colsample_bytree': 0.36811101249531736, 'colsample_bylevel': 0.5132809988800504, 'reg_alpha': 0.5639670974137814, 'reg_lambda': 9.266997115331105, 'gamma': 0.00040172186038557573, 'min_child_weight': 10}. Best is trial 1422 with value: 2.996031181594198e-06.

[Trial 2103/5000] Starting at 07:14:36
  Lambdas: P=1.861, B=0.544, G=1.157
  XGBoost params: n_estimators=4154, max_depth=6
  Starting cross-validation...
  Trial 2094 MSE: 0.000005 | MAPE: 0.16% | R²: -0.314049
  Trial time: 24.2s
[I 2026-03-13 07:14:37,783] Trial 2094 finished with value: 5.076887518448612e-06 and parameters: {'lambda_P': 1.74815484988501, 'lambda_B': 0.5455042561657288, 'lambda_G': 1.1652950919774403, 'n_estimators': 5084, 'max_depth': 9, 'learning_rate': 0.0054382591380609906, 'subsample': 0.5862860448919816, 'colsample_bytree': 0.32192956791086924, 'colsample_bylevel': 0.517245037045664, 'reg_alpha': 1.5735818983276832, 'reg_lambda': 8.355808595797033, 'gamma': 0.00019882805847407767, 'min_child_weight': 13}. Best is trial 1422 with value: 2.996031181594198e-06.

[Trial 2104/5000] Starting at 07:14:37
  Lambdas: P=1.960, B=0.760, G=1.337
  XGBoost params: n_estimators=7698, max_depth=6
  Starting cross-validation...
  Trial 2085 MSE: 0.000004 | MAPE: 0.14% | R²: 0.000761
  Trial time: 42.2s
[I 2026-03-13 07:14:38,409] Trial 2085 finished with value: 3.511428173890884e-06 and parameters: {'lambda_P': 1.7057244419786841, 'lambda_B': 0.5913055802107697, 'lambda_G': 0.5167542053804608, 'n_estimators': 9637, 'max_depth': 9, 'learning_rate': 0.005908663629736989, 'subsample': 0.9762357737476841, 'colsample_bytree': 0.5390957773785886, 'colsample_bylevel': 0.4731521737248794, 'reg_alpha': 0.27232211451121596, 'reg_lambda': 2.885100315755888, 'gamma': 0.00018530770810055536, 'min_child_weight': 6}. Best is trial 1422 with value: 2.996031181594198e-06.

[Trial 2105/5000] Starting at 07:14:38
  Lambdas: P=1.039, B=1.042, G=0.632
  XGBoost params: n_estimators=9917, max_depth=12
  Starting cross-validation...
  Trial 2089 MSE: 0.000005 | MAPE: 0.16% | R²: -0.314049
  Trial time: 36.3s
[I 2026-03-13 07:14:39,102] Trial 2089 finished with value: 5.076887518448612e-06 and parameters: {'lambda_P': 1.7200166523419607, 'lambda_B': 0.6918058041936448, 'lambda_G': 1.051700293359007, 'n_estimators': 7433, 'max_depth': 6, 'learning_rate': 0.029990168046873704, 'subsample': 0.7272077348804739, 'colsample_bytree': 0.3728534616364918, 'colsample_bylevel': 0.4200609937040924, 'reg_alpha': 0.7125401464901779, 'reg_lambda': 7.701099862584037, 'gamma': 0.002452309239881118, 'min_child_weight': 12}. Best is trial 1422 with value: 2.996031181594198e-06.

[Trial 2106/5000] Starting at 07:14:39
  Lambdas: P=1.972, B=0.727, G=1.443
  XGBoost params: n_estimators=4246, max_depth=6
  Starting cross-validation...
  Trial 2082 MSE: 0.000004 | MAPE: 0.16% | R²: -0.168974
  Trial time: 49.6s
[I 2026-03-13 07:14:41,228] Trial 2082 finished with value: 4.45306452088969e-06 and parameters: {'lambda_P': 1.6696755980339273, 'lambda_B': 0.7235338798208943, 'lambda_G': 0.5788075077369538, 'n_estimators': 9617, 'max_depth': 7, 'learning_rate': 0.00631740111337681, 'subsample': 0.8279689758463868, 'colsample_bytree': 0.5873150613850121, 'colsample_bylevel': 0.46941309611705273, 'reg_alpha': 0.7922240465145086, 'reg_lambda': 1.692223257351007, 'gamma': 0.00016803161687384437, 'min_child_weight': 7}. Best is trial 1422 with value: 2.996031181594198e-06.

[Trial 2107/5000] Starting at 07:14:41
  Lambdas: P=1.687, B=0.643, G=1.415
  XGBoost params: n_estimators=3163, max_depth=2
  Starting cross-validation...
  Trial 2084 MSE: 0.000004 | MAPE: 0.16% | R²: -0.187348
  Trial time: 46.6s
[I 2026-03-13 07:14:42,455] Trial 2084 finished with value: 4.423243848113331e-06 and parameters: {'lambda_P': 1.887280388732803, 'lambda_B': 0.8583938428176962, 'lambda_G': 1.5557262086011616, 'n_estimators': 9303, 'max_depth': 8, 'learning_rate': 0.06684653727196906, 'subsample': 0.6745710858325062, 'colsample_bytree': 0.3669793867891573, 'colsample_bylevel': 0.37724604279295043, 'reg_alpha': 0.39482308256641113, 'reg_lambda': 6.877923356390811, 'gamma': 0.0005049051867884691, 'min_child_weight': 9}. Best is trial 1422 with value: 2.996031181594198e-06.

[Trial 2108/5000] Starting at 07:14:42
  Lambdas: P=0.643, B=0.948, G=1.527
  XGBoost params: n_estimators=4900, max_depth=4
  Starting cross-validation...
  Trial 2099 MSE: 0.000004 | MAPE: 0.14% | R²: -0.046612
  Trial time: 19.5s
[I 2026-03-13 07:14:50,101] Trial 2099 finished with value: 3.67009647746364e-06 and parameters: {'lambda_P': 1.9952892418221053, 'lambda_B': 0.5141566781531922, 'lambda_G': 0.9832495475059073, 'n_estimators': 4573, 'max_depth': 6, 'learning_rate': 0.013704124301145535, 'subsample': 0.8292386634425953, 'colsample_bytree': 0.4766550351403052, 'colsample_bylevel': 0.5647028700225012, 'reg_alpha': 0.08923875357347127, 'reg_lambda': 6.965109850887906, 'gamma': 0.00042224369912622343, 'min_child_weight': 10}. Best is trial 1422 with value: 2.996031181594198e-06.

[Trial 2109/5000] Starting at 07:14:50
  Lambdas: P=1.981, B=0.511, G=1.333
  XGBoost params: n_estimators=5366, max_depth=9
  Starting cross-validation...
  Trial 2098 MSE: 0.000005 | MAPE: 0.16% | R²: -0.314049
  Trial time: 22.7s
[I 2026-03-13 07:14:50,802] Trial 2098 finished with value: 5.076887518448612e-06 and parameters: {'lambda_P': 1.85814119035542, 'lambda_B': 0.563209118616861, 'lambda_G': 1.0507330385644502, 'n_estimators': 4329, 'max_depth': 6, 'learning_rate': 0.012296865286379391, 'subsample': 0.7568067241313625, 'colsample_bytree': 0.49054257830474685, 'colsample_bylevel': 0.3882159248278656, 'reg_alpha': 1.561335659059598, 'reg_lambda': 8.750355310093411, 'gamma': 0.00022428519310177885, 'min_child_weight': 12}. Best is trial 1422 with value: 2.996031181594198e-06.

[Trial 2110/5000] Starting at 07:14:50
  Lambdas: P=1.993, B=0.609, G=1.566
  XGBoost params: n_estimators=2666, max_depth=3
  Starting cross-validation...
  Trial 2096 MSE: 0.000005 | MAPE: 0.16% | R²: -0.314049
  Trial time: 31.0s
[I 2026-03-13 07:14:51,607] Trial 2096 finished with value: 5.076887518448612e-06 and parameters: {'lambda_P': 1.9666969890753105, 'lambda_B': 0.779882881019132, 'lambda_G': 1.2254545596340578, 'n_estimators': 6081, 'max_depth': 8, 'learning_rate': 0.01491784338044802, 'subsample': 0.6674553266926249, 'colsample_bytree': 0.31362479582152053, 'colsample_bylevel': 0.43051736087866593, 'reg_alpha': 2.2132776035251944, 'reg_lambda': 7.084581462930227, 'gamma': 0.0003587480071778382, 'min_child_weight': 12}. Best is trial 1422 with value: 2.996031181594198e-06.

[Trial 2111/5000] Starting at 07:14:51
  Lambdas: P=1.756, B=0.699, G=1.023
  XGBoost params: n_estimators=4984, max_depth=7
  Starting cross-validation...
  Trial 2095 MSE: 0.000005 | MAPE: 0.16% | R²: -0.314049
  Trial time: 34.6s
[I 2026-03-13 07:14:54,875] Trial 2095 finished with value: 5.076887518448612e-06 and parameters: {'lambda_P': 1.7004949490152288, 'lambda_B': 0.6030860161415749, 'lambda_G': 0.9374904996037627, 'n_estimators': 6866, 'max_depth': 8, 'learning_rate': 0.023793784105712524, 'subsample': 0.6489399258278225, 'colsample_bytree': 0.32832244874575184, 'colsample_bylevel': 0.36876818446908877, 'reg_alpha': 1.8889321914147672, 'reg_lambda': 7.7235368576563355, 'gamma': 0.0011972676891248409, 'min_child_weight': 16}. Best is trial 1422 with value: 2.996031181594198e-06.

[Trial 2112/5000] Starting at 07:14:54
  Lambdas: P=1.981, B=0.663, G=0.924
  XGBoost params: n_estimators=7031, max_depth=8
  Starting cross-validation...
  Trial 2100 MSE: 0.000005 | MAPE: 0.16% | R²: -0.314049
  Trial time: 24.9s
[I 2026-03-13 07:14:55,894] Trial 2100 finished with value: 5.076887518448612e-06 and parameters: {'lambda_P': 1.9023022617566456, 'lambda_B': 0.5531829307062741, 'lambda_G': 0.9306938404104328, 'n_estimators': 5829, 'max_depth': 4, 'learning_rate': 0.048144615121053044, 'subsample': 0.8974191642406174, 'colsample_bytree': 0.3358621541903696, 'colsample_bylevel': 0.4206733821262362, 'reg_alpha': 1.7121395069452647, 'reg_lambda': 9.020714897248354, 'gamma': 0.0002263848880373291, 'min_child_weight': 13}. Best is trial 1422 with value: 2.996031181594198e-06.

[Trial 2113/5000] Starting at 07:14:55
  Lambdas: P=1.762, B=1.923, G=1.677
  XGBoost params: n_estimators=75, max_depth=18
  Starting cross-validation...
  Trial 2112 MSE: 0.000005 | MAPE: 0.16% | R²: -0.314049
  Trial time: 0.7s
[I 2026-03-13 07:14:56,857] Trial 2112 finished with value: 5.076887518448612e-06 and parameters: {'lambda_P': 1.762335136231992, 'lambda_B': 1.9231200244374178, 'lambda_G': 1.677236462620881, 'n_estimators': 75, 'max_depth': 18, 'learning_rate': 0.008222846438120988, 'subsample': 0.4558874488360526, 'colsample_bytree': 0.7963702075722009, 'colsample_bylevel': 0.5223769283512075, 'reg_alpha': 3.8955591572297386, 'reg_lambda': 9.512540945437841, 'gamma': 0.0067657614252280155, 'min_child_weight': 16}. Best is trial 1422 with value: 2.996031181594198e-06.

[Trial 2114/5000] Starting at 07:14:56
  Lambdas: P=1.683, B=0.616, G=0.781
  XGBoost params: n_estimators=9379, max_depth=3
  Starting cross-validation...
  Trial 2106 MSE: 0.000005 | MAPE: 0.16% | R²: -0.314049
  Trial time: 16.1s
[I 2026-03-13 07:14:57,525] Trial 2106 finished with value: 5.076887518448612e-06 and parameters: {'lambda_P': 1.68744075323874, 'lambda_B': 0.6429300069586121, 'lambda_G': 1.4145468833990507, 'n_estimators': 3163, 'max_depth': 2, 'learning_rate': 0.09178134468219669, 'subsample': 0.8444580433566878, 'colsample_bytree': 0.5262847972958564, 'colsample_bylevel': 0.4290737339198919, 'reg_alpha': 2.1159802405831485, 'reg_lambda': 8.96450864314145, 'gamma': 0.00019571205956647042, 'min_child_weight': 14}. Best is trial 1422 with value: 2.996031181594198e-06.

[Trial 2115/5000] Starting at 07:14:57
  Lambdas: P=0.572, B=0.913, G=1.439
  XGBoost params: n_estimators=1758, max_depth=4
  Starting cross-validation...
  Trial 2102 MSE: 0.000005 | MAPE: 0.16% | R²: -0.314049
  Trial time: 21.8s
[I 2026-03-13 07:14:58,631] Trial 2102 finished with value: 5.076887518448612e-06 and parameters: {'lambda_P': 1.8608173686478267, 'lambda_B': 0.5441943545188052, 'lambda_G': 1.1565904175658042, 'n_estimators': 4154, 'max_depth': 6, 'learning_rate': 0.15017526113300236, 'subsample': 0.6302393403141634, 'colsample_bytree': 0.33223170039422306, 'colsample_bylevel': 0.3400147722775697, 'reg_alpha': 1.6006892298134432, 'reg_lambda': 8.87894615321012, 'gamma': 0.0008064725519699593, 'min_child_weight': 13}. Best is trial 1422 with value: 2.996031181594198e-06.

[Trial 2116/5000] Starting at 07:14:58
  Lambdas: P=0.692, B=0.551, G=1.676
  XGBoost params: n_estimators=2112, max_depth=6
  Starting cross-validation...
  Trial 2097 MSE: 0.000005 | MAPE: 0.16% | R²: -0.314049
  Trial time: 35.3s
[I 2026-03-13 07:14:59,660] Trial 2097 finished with value: 5.076887518448612e-06 and parameters: {'lambda_P': 1.6103709126005152, 'lambda_B': 0.7071404406301409, 'lambda_G': 1.0405618980390496, 'n_estimators': 6581, 'max_depth': 8, 'learning_rate': 0.02698711801454205, 'subsample': 0.986544701995153, 'colsample_bytree': 0.33330074475809807, 'colsample_bylevel': 0.45473843380926693, 'reg_alpha': 2.3168384952239864, 'reg_lambda': 9.214556969925907, 'gamma': 0.0010112525105673343, 'min_child_weight': 14}. Best is trial 1422 with value: 2.996031181594198e-06.

[Trial 2117/5000] Starting at 07:14:59
  Lambdas: P=1.964, B=1.019, G=1.371
  XGBoost params: n_estimators=2403, max_depth=11
  Starting cross-validation...
  Trial 2101 MSE: 0.000005 | MAPE: 0.16% | R²: -0.314049
  Trial time: 29.0s
[I 2026-03-13 07:15:00,425] Trial 2101 finished with value: 5.076887518448612e-06 and parameters: {'lambda_P': 1.976196542542126, 'lambda_B': 0.7056791739937545, 'lambda_G': 1.4480776809094384, 'n_estimators': 5482, 'max_depth': 8, 'learning_rate': 0.02181876037386828, 'subsample': 0.6899083348193233, 'colsample_bytree': 0.3884451386326514, 'colsample_bylevel': 0.38435166802629495, 'reg_alpha': 1.3755913614046489, 'reg_lambda': 7.187288636539332, 'gamma': 0.0003436837461305434, 'min_child_weight': 11}. Best is trial 1422 with value: 2.996031181594198e-06.

[Trial 2118/5000] Starting at 07:15:00
  Lambdas: P=1.340, B=0.957, G=1.327
  XGBoost params: n_estimators=8466, max_depth=11
  Starting cross-validation...
  Trial 2093 MSE: 0.000004 | MAPE: 0.14% | R²: -0.044593
  Trial time: 49.9s
  Trial 2105 MSE: 0.000004 | MAPE: 0.15% | R²: -0.126672[I 2026-03-13 07:15:01,646] Trial 2093 finished with value: 3.7602432017798255e-06 and parameters: {'lambda_P': 1.4059030841227078, 'lambda_B': 1.0031391236822298, 'lambda_G': 0.7937369422271299, 'n_estimators': 9928, 'max_depth': 3, 'learning_rate': 0.10027315410825277, 'subsample': 0.7661210021347018, 'colsample_bytree': 0.6179730214133172, 'colsample_bylevel': 0.5378252121630358, 'reg_alpha': 0.40278868151116914, 'reg_lambda': 0.49375648584285037, 'gamma': 0.00012948557220038482, 'min_child_weight': 6}. Best is trial 1422 with value: 2.996031181594198e-06.

  Trial time: 22.5s
[I 2026-03-13 07:15:01,830] Trial 2105 finished with value: 4.195985779473964e-06 and parameters: {'lambda_P': 1.9720693278062298, 'lambda_B': 0.7274306052937016, 'lambda_G': 1.4431351376494936, 'n_estimators': 4246, 'max_depth': 6, 'learning_rate': 0.030081744581956678, 'subsample': 0.7310553363195257, 'colsample_bytree': 0.3853682524047918, 'colsample_bylevel': 0.406072003505187, 'reg_alpha': 0.3810996556544771, 'reg_lambda': 7.86256652265423, 'gamma': 0.00042401066726294623, 'min_child_weight': 11}. Best is trial 1422 with value: 2.996031181594198e-06.

[Trial 2119/5000] Starting at 07:15:01

[Trial 2120/5000] Starting at 07:15:01
  Lambdas: P=1.403, B=0.702, G=1.417
  Lambdas: P=1.988, B=0.576, G=0.873
  XGBoost params: n_estimators=6503, max_depth=10
  Starting cross-validation...
  XGBoost params: n_estimators=8885, max_depth=18
  Starting cross-validation...
  Trial 2109 MSE: 0.000004 | MAPE: 0.14% | R²: -0.037007
  Trial time: 14.8s
[I 2026-03-13 07:15:05,799] Trial 2109 finished with value: 3.6599422609814243e-06 and parameters: {'lambda_P': 1.9929372739033855, 'lambda_B': 0.6093667821102251, 'lambda_G': 1.565516169234919, 'n_estimators': 2666, 'max_depth': 3, 'learning_rate': 0.004847977548707008, 'subsample': 0.820452635379607, 'colsample_bytree': 0.42432113186067333, 'colsample_bylevel': 0.30802654311427363, 'reg_alpha': 0.28395833194526143, 'reg_lambda': 7.611028303104538, 'gamma': 0.00021302211390521907, 'min_child_weight': 13}. Best is trial 1422 with value: 2.996031181594198e-06.

[Trial 2121/5000] Starting at 07:15:05
  Lambdas: P=1.916, B=1.682, G=1.218
  XGBoost params: n_estimators=9022, max_depth=15
  Starting cross-validation...
  Trial 2114 MSE: 0.000005 | MAPE: 0.16% | R²: -0.314049
  Trial time: 9.2s
[I 2026-03-13 07:15:06,979] Trial 2114 finished with value: 5.076887518448612e-06 and parameters: {'lambda_P': 0.572364302097003, 'lambda_B': 0.9131743203645859, 'lambda_G': 1.4385282119687606, 'n_estimators': 1758, 'max_depth': 4, 'learning_rate': 0.44474927702137423, 'subsample': 0.33784610777854546, 'colsample_bytree': 0.5712343371167935, 'colsample_bylevel': 0.9794263365648957, 'reg_alpha': 9.327709052656722, 'reg_lambda': 6.582001710522188, 'gamma': 0.013619688640387564, 'min_child_weight': 17}. Best is trial 1422 with value: 2.996031181594198e-06.

[Trial 2122/5000] Starting at 07:15:07
  Lambdas: P=1.553, B=0.867, G=1.301
  XGBoost params: n_estimators=1065, max_depth=3
  Starting cross-validation...
  Trial 2107 MSE: 0.000005 | MAPE: 0.16% | R²: -0.314049
  Trial time: 25.4s
[I 2026-03-13 07:15:08,091] Trial 2107 finished with value: 5.076887518448612e-06 and parameters: {'lambda_P': 0.6425390631588481, 'lambda_B': 0.9479813895432637, 'lambda_G': 1.526519865903799, 'n_estimators': 4900, 'max_depth': 4, 'learning_rate': 0.2045156329701145, 'subsample': 0.6472106489524808, 'colsample_bytree': 0.7524210007735503, 'colsample_bylevel': 0.4019082817124553, 'reg_alpha': 2.401977731166538, 'reg_lambda': 9.963296298186975, 'gamma': 0.024635478656390986, 'min_child_weight': 19}. Best is trial 1422 with value: 2.996031181594198e-06.

[Trial 2123/5000] Starting at 07:15:08
  Lambdas: P=1.981, B=0.693, G=1.543
  XGBoost params: n_estimators=7185, max_depth=9
  Starting cross-validation...
  Trial 2115 MSE: 0.000005 | MAPE: 0.16% | R²: -0.314049
  Trial time: 11.3s
[I 2026-03-13 07:15:10,119] Trial 2115 finished with value: 5.076887518448612e-06 and parameters: {'lambda_P': 0.6915177302424411, 'lambda_B': 0.5507415985169096, 'lambda_G': 1.6760019696117472, 'n_estimators': 2112, 'max_depth': 6, 'learning_rate': 0.0017215842306417281, 'subsample': 0.4274587910891804, 'colsample_bytree': 0.5827102298606758, 'colsample_bylevel': 0.5532322814916752, 'reg_alpha': 7.521220501322773, 'reg_lambda': 5.924078481274333, 'gamma': 0.08678990185768803, 'min_child_weight': 1}. Best is trial 1422 with value: 2.996031181594198e-06.

[Trial 2124/5000] Starting at 07:15:10
  Lambdas: P=1.981, B=0.773, G=1.087
  XGBoost params: n_estimators=7089, max_depth=4
  Starting cross-validation...
  Trial 2108 MSE: 0.000005 | MAPE: 0.16% | R²: -0.244932
  Trial time: 21.4s
[I 2026-03-13 07:15:11,717] Trial 2108 finished with value: 4.766746785190283e-06 and parameters: {'lambda_P': 1.9810765804895067, 'lambda_B': 0.5107718982464776, 'lambda_G': 1.3329581432203952, 'n_estimators': 5366, 'max_depth': 9, 'learning_rate': 0.007304597340725063, 'subsample': 0.7963619750115088, 'colsample_bytree': 0.34598262774261895, 'colsample_bylevel': 0.33984550900589405, 'reg_alpha': 0.27991728000192684, 'reg_lambda': 6.960144329645644, 'gamma': 0.0016142622244405208, 'min_child_weight': 10}. Best is trial 1422 with value: 2.996031181594198e-06.

[Trial 2125/5000] Starting at 07:15:11
  Lambdas: P=0.851, B=1.743, G=0.815
  XGBoost params: n_estimators=8078, max_depth=9
  Starting cross-validation...
  Trial 2116 MSE: 0.000003 | MAPE: 0.14% | R²: 0.036016
  Trial time: 12.6s
[I 2026-03-13 07:15:12,473] Trial 2116 finished with value: 3.308415428841593e-06 and parameters: {'lambda_P': 1.9639617600994095, 'lambda_B': 1.0187131439356802, 'lambda_G': 1.3706055107739719, 'n_estimators': 2403, 'max_depth': 11, 'learning_rate': 0.0072791743923768795, 'subsample': 0.7498384472100583, 'colsample_bytree': 0.41220737700001603, 'colsample_bylevel': 0.49520367883335226, 'reg_alpha': 0.0800956475726381, 'reg_lambda': 8.02582184780836, 'gamma': 0.00017618246517778842, 'min_child_weight': 10}. Best is trial 1422 with value: 2.996031181594198e-06.

[Trial 2126/5000] Starting at 07:15:12
  Lambdas: P=1.438, B=1.811, G=1.779
  XGBoost params: n_estimators=7251, max_depth=11
  Starting cross-validation...
  Trial 2121 MSE: 0.000003 | MAPE: 0.14% | R²: 0.027262
  Trial time: 5.9s
[I 2026-03-13 07:15:13,114] Trial 2121 finished with value: 3.3077778646287577e-06 and parameters: {'lambda_P': 1.5528088977989674, 'lambda_B': 0.8669850151787316, 'lambda_G': 1.3014851794027713, 'n_estimators': 1065, 'max_depth': 3, 'learning_rate': 0.015773655851762, 'subsample': 0.4307530914507737, 'colsample_bytree': 0.3916471843023329, 'colsample_bylevel': 0.32595111129332677, 'reg_alpha': 0.04554488827746457, 'reg_lambda': 6.53309245530038, 'gamma': 0.00016735743518339678, 'min_child_weight': 16}. Best is trial 1422 with value: 2.996031181594198e-06.

[Trial 2127/5000] Starting at 07:15:13
  Lambdas: P=1.993, B=1.356, G=1.506
  XGBoost params: n_estimators=7266, max_depth=9
  Starting cross-validation...
  Trial 2110 MSE: 0.000003 | MAPE: 0.14% | R²: 0.004775
  Trial time: 25.6s
[I 2026-03-13 07:15:17,431] Trial 2110 finished with value: 3.4610124007403746e-06 and parameters: {'lambda_P': 1.7558437587981501, 'lambda_B': 0.6992134146901603, 'lambda_G': 1.0234069083313195, 'n_estimators': 4984, 'max_depth': 7, 'learning_rate': 0.0782114222389175, 'subsample': 0.7925897365195869, 'colsample_bytree': 0.3584403967100082, 'colsample_bylevel': 0.33906921526540335, 'reg_alpha': 0.16730506092692976, 'reg_lambda': 8.959750528042026, 'gamma': 0.0002650495154357543, 'min_child_weight': 12}. Best is trial 1422 with value: 2.996031181594198e-06.

[Trial 2128/5000] Starting at 07:15:17
  Lambdas: P=0.629, B=0.823, G=1.579
  XGBoost params: n_estimators=2103, max_depth=19
  Starting cross-validation...
  Trial 2103 MSE: 0.000004 | MAPE: 0.15% | R²: -0.062549
  Trial time: 40.4s
[I 2026-03-13 07:15:18,371] Trial 2103 finished with value: 3.7925152567895994e-06 and parameters: {'lambda_P': 1.9595464009233894, 'lambda_B': 0.7600660898768801, 'lambda_G': 1.3369605616942066, 'n_estimators': 7698, 'max_depth': 6, 'learning_rate': 0.015169258112233382, 'subsample': 0.7441267694991521, 'colsample_bytree': 0.40021368806619617, 'colsample_bylevel': 0.5299485033936433, 'reg_alpha': 0.3464541143373932, 'reg_lambda': 9.699061975521715, 'gamma': 0.00016922532727500517, 'min_child_weight': 9}. Best is trial 1422 with value: 2.996031181594198e-06.

[Trial 2129/5000] Starting at 07:15:18
  Lambdas: P=1.996, B=1.860, G=1.944
  XGBoost params: n_estimators=4107, max_depth=18
  Starting cross-validation...
  Trial 2104 MSE: 0.000003 | MAPE: 0.14% | R²: 0.030448
  Trial time: 47.0s
