[I 2026-03-13 07:04:33,694] Trial 1802 finished with value: 5.076887518448612e-06 and parameters: {'lambda_P': 1.5020913395450233, 'lambda_B': 1.5628449072463837, 'lambda_G': 1.182782305484947, 'n_estimators': 1401, 'max_depth': 2, 'learning_rate': 0.12589798453408302, 'subsample': 0.8369373068782315, 'colsample_bytree': 0.9747758592885846, 'colsample_bylevel': 0.8565800052939048, 'reg_alpha': 5.193205994512674, 'reg_lambda': 7.081723397954646, 'gamma': 0.0012573010610539956, 'min_child_weight': 11}. Best is trial 1422 with value: 2.996031181594198e-06.

[Trial 1806/5000] Starting at 07:04:33
  Lambdas: P=1.851, B=1.479, G=0.595
  XGBoost params: n_estimators=7364, max_depth=7
  Starting cross-validation...
  Trial 1792 MSE: 0.000005 | MAPE: 0.16% | R²: -0.314049
  Trial time: 30.8s
[I 2026-03-13 07:04:35,175] Trial 1792 finished with value: 5.076887518448612e-06 and parameters: {'lambda_P': 1.7633292837945922, 'lambda_B': 1.6943482440953574, 'lambda_G': 1.7150742016453489, 'n_estimators': 6159, 'max_depth': 7, 'learning_rate': 0.009589667725907705, 'subsample': 0.443133864949492, 'colsample_bytree': 0.3560761995257609, 'colsample_bylevel': 0.41672124335966715, 'reg_alpha': 0.9769077573107429, 'reg_lambda': 9.609652565241241, 'gamma': 0.0007980647088936721, 'min_child_weight': 9}. Best is trial 1422 with value: 2.996031181594198e-06.

[Trial 1807/5000] Starting at 07:04:35
  Lambdas: P=1.840, B=1.675, G=0.579
  XGBoost params: n_estimators=8460, max_depth=9
  Starting cross-validation...
  Trial 1794 MSE: 0.000005 | MAPE: 0.16% | R²: -0.313245
  Trial time: 27.0s
[I 2026-03-13 07:04:37,642] Trial 1794 finished with value: 5.072185155158015e-06 and parameters: {'lambda_P': 1.8223653832528934, 'lambda_B': 1.6299956366105255, 'lambda_G': 1.6943564965345317, 'n_estimators': 5683, 'max_depth': 8, 'learning_rate': 0.026260751650623658, 'subsample': 0.32774876189043495, 'colsample_bytree': 0.32985859331383977, 'colsample_bylevel': 0.3139049842421373, 'reg_alpha': 0.40273178939462445, 'reg_lambda': 8.512697453523417, 'gamma': 0.0004030816556384949, 'min_child_weight': 8}. Best is trial 1422 with value: 2.996031181594198e-06.

[Trial 1808/5000] Starting at 07:04:37
  Lambdas: P=1.951, B=1.838, G=0.515
  XGBoost params: n_estimators=7131, max_depth=10
  Starting cross-validation...
  Trial 1791 MSE: 0.000004 | MAPE: 0.15% | R²: -0.130041
  Trial time: 36.6s
[I 2026-03-13 07:04:40,272] Trial 1791 finished with value: 4.27353530033814e-06 and parameters: {'lambda_P': 1.9164424620737568, 'lambda_B': 1.84361366820606, 'lambda_G': 0.6175019670246604, 'n_estimators': 7432, 'max_depth': 8, 'learning_rate': 0.03651127930707989, 'subsample': 0.9501992212448397, 'colsample_bytree': 0.6122618333006757, 'colsample_bylevel': 0.6885585698803475, 'reg_alpha': 0.8528149655812857, 'reg_lambda': 3.214462222191092, 'gamma': 0.00012050448129478373, 'min_child_weight': 8}. Best is trial 1422 with value: 2.996031181594198e-06.

[Trial 1809/5000] Starting at 07:04:40
  Lambdas: P=1.980, B=1.801, G=0.707
  XGBoost params: n_estimators=7655, max_depth=11
  Starting cross-validation...
  Trial 1788 MSE: 0.000005 | MAPE: 0.16% | R²: -0.314049
  Trial time: 45.7s
[I 2026-03-13 07:04:41,072] Trial 1788 finished with value: 5.076887518448612e-06 and parameters: {'lambda_P': 1.948485882738127, 'lambda_B': 1.8882470381677448, 'lambda_G': 1.439550136996763, 'n_estimators': 9300, 'max_depth': 8, 'learning_rate': 0.031205961224541227, 'subsample': 0.6242982463344274, 'colsample_bytree': 0.4142517469471681, 'colsample_bylevel': 0.4081007360997098, 'reg_alpha': 0.9651156670126388, 'reg_lambda': 6.694977655195891, 'gamma': 0.002356512417403894, 'min_child_weight': 11}. Best is trial 1422 with value: 2.996031181594198e-06.

[Trial 1810/5000] Starting at 07:04:41
  Lambdas: P=0.599, B=1.931, G=0.788
  XGBoost params: n_estimators=1612, max_depth=13
  Starting cross-validation...
  Trial 1801 MSE: 0.000005 | MAPE: 0.16% | R²: -0.314049
  Trial time: 17.7s
[I 2026-03-13 07:04:42,991] Trial 1801 finished with value: 5.076887518448612e-06 and parameters: {'lambda_P': 1.7887278194010903, 'lambda_B': 1.7185251080126183, 'lambda_G': 1.8669880642994556, 'n_estimators': 4426, 'max_depth': 3, 'learning_rate': 0.027456579436702242, 'subsample': 0.6416942792327378, 'colsample_bytree': 0.5132350769883306, 'colsample_bylevel': 0.7941118421617068, 'reg_alpha': 8.398213089961844, 'reg_lambda': 9.667063387728085, 'gamma': 0.00018664747761278885, 'min_child_weight': 1}. Best is trial 1422 with value: 2.996031181594198e-06.

[Trial 1811/5000] Starting at 07:04:43
  Lambdas: P=0.666, B=0.574, G=1.055
  XGBoost params: n_estimators=2796, max_depth=3
  Starting cross-validation...
  Trial 1793 MSE: 0.000005 | MAPE: 0.16% | R²: -0.225255
  Trial time: 38.4s
[I 2026-03-13 07:04:48,266] Trial 1793 finished with value: 4.75870113001058e-06 and parameters: {'lambda_P': 0.7717771082824844, 'lambda_B': 1.465368757682022, 'lambda_G': 0.664500912608267, 'n_estimators': 7574, 'max_depth': 19, 'learning_rate': 0.1953554350596127, 'subsample': 0.8405441624535258, 'colsample_bytree': 0.36278480578334493, 'colsample_bylevel': 0.3878190502530644, 'reg_alpha': 0.9500338825972403, 'reg_lambda': 0.13647928239418317, 'gamma': 0.00023474243460427116, 'min_child_weight': 5}. Best is trial 1422 with value: 2.996031181594198e-06.

[Trial 1812/5000] Starting at 07:04:48
  Trial 1809 MSE: 0.000005 | MAPE: 0.16% | R²: -0.314049
  Trial time: 7.2s
[I 2026-03-13 07:04:48,498] Trial 1809 finished with value: 5.076887518448612e-06 and parameters: {'lambda_P': 0.5994978098575482, 'lambda_B': 1.931450264886489, 'lambda_G': 0.7883332519614223, 'n_estimators': 1612, 'max_depth': 13, 'learning_rate': 0.027976555910277177, 'subsample': 0.36446267563349527, 'colsample_bytree': 0.6414976137991538, 'colsample_bylevel': 0.9891742435873032, 'reg_alpha': 9.047026442941167, 'reg_lambda': 5.582102948371, 'gamma': 0.0004836852720625627, 'min_child_weight': 19}. Best is trial 1422 with value: 2.996031181594198e-06.

[Trial 1813/5000] Starting at 07:04:48
  Lambdas: P=1.979, B=1.410, G=0.798
  XGBoost params: n_estimators=6352, max_depth=6
  Starting cross-validation...
  Lambdas: P=1.998, B=1.747, G=0.848
  XGBoost params: n_estimators=7262, max_depth=13
  Starting cross-validation...
  Trial 1799 MSE: 0.000005 | MAPE: 0.16% | R²: -0.314049
  Trial time: 30.0s
[I 2026-03-13 07:04:51,093] Trial 1799 finished with value: 5.076887518448612e-06 and parameters: {'lambda_P': 1.8486217679168917, 'lambda_B': 1.3487307594213274, 'lambda_G': 1.1785352758979095, 'n_estimators': 8060, 'max_depth': 10, 'learning_rate': 0.01748407586892966, 'subsample': 0.7595206285223841, 'colsample_bytree': 0.4139669556245625, 'colsample_bylevel': 0.6816331996718625, 'reg_alpha': 2.284185609545486, 'reg_lambda': 7.388869845592712, 'gamma': 0.00023313270569078358, 'min_child_weight': 3}. Best is trial 1422 with value: 2.996031181594198e-06.

[Trial 1814/5000] Starting at 07:04:51
  Lambdas: P=0.539, B=1.556, G=0.722
  XGBoost params: n_estimators=5967, max_depth=16
  Starting cross-validation...
  Trial 1796 MSE: 0.000004 | MAPE: 0.15% | R²: -0.129372
  Trial time: 35.3s
[I 2026-03-13 07:04:52,460] Trial 1796 finished with value: 4.294154275032867e-06 and parameters: {'lambda_P': 1.9288882823184603, 'lambda_B': 1.422671749126353, 'lambda_G': 1.0666976594199447, 'n_estimators': 7272, 'max_depth': 10, 'learning_rate': 0.0035841178590042466, 'subsample': 0.9036765792509663, 'colsample_bytree': 0.4677299167840884, 'colsample_bylevel': 0.6656739654854953, 'reg_alpha': 0.8482930504710362, 'reg_lambda': 4.954490544124102, 'gamma': 0.00010184160281600485, 'min_child_weight': 4}. Best is trial 1422 with value: 2.996031181594198e-06.

[Trial 1815/5000] Starting at 07:04:52
  Lambdas: P=1.543, B=1.167, G=1.517
  XGBoost params: n_estimators=5491, max_depth=14
  Starting cross-validation...
  Trial 1810 MSE: 0.000005 | MAPE: 0.16% | R²: -0.314049
  Trial time: 10.1s
[I 2026-03-13 07:04:53,330] Trial 1810 finished with value: 5.076887518448612e-06 and parameters: {'lambda_P': 0.6660165264998574, 'lambda_B': 0.5740224828050852, 'lambda_G': 1.0548343699004503, 'n_estimators': 2796, 'max_depth': 3, 'learning_rate': 0.028375452389924657, 'subsample': 0.7998291932270453, 'colsample_bytree': 0.9326968919614234, 'colsample_bylevel': 0.6255537097868276, 'reg_alpha': 7.103717038010746, 'reg_lambda': 0.043963106553809084, 'gamma': 0.00689401356512293, 'min_child_weight': 6}. Best is trial 1422 with value: 2.996031181594198e-06.

[Trial 1816/5000] Starting at 07:04:53
  Lambdas: P=1.636, B=1.918, G=1.791
  XGBoost params: n_estimators=5202, max_depth=4
  Starting cross-validation...
  Trial 1800 MSE: 0.000005 | MAPE: 0.16% | R²: -0.314049
  Trial time: 32.6s
[I 2026-03-13 07:04:56,658] Trial 1800 finished with value: 5.076887518448612e-06 and parameters: {'lambda_P': 1.9029493904987962, 'lambda_B': 1.3105456283237373, 'lambda_G': 0.9473524723718658, 'n_estimators': 6875, 'max_depth': 12, 'learning_rate': 0.00785127486014835, 'subsample': 0.8914424197989035, 'colsample_bytree': 0.5199143042554846, 'colsample_bylevel': 0.7052616388060292, 'reg_alpha': 3.4147561761523466, 'reg_lambda': 6.259867146052168, 'gamma': 0.0003272366992029934, 'min_child_weight': 6}. Best is trial 1422 with value: 2.996031181594198e-06.

[Trial 1817/5000] Starting at 07:04:56
  Lambdas: P=1.373, B=1.990, G=1.501
  XGBoost params: n_estimators=3500, max_depth=5
  Starting cross-validation...
  Trial 1803 MSE: 0.000004 | MAPE: 0.15% | R²: -0.130644
  Trial time: 29.5s
[I 2026-03-13 07:04:58,743] Trial 1803 finished with value: 4.274716608654178e-06 and parameters: {'lambda_P': 1.7377243543528074, 'lambda_B': 1.7560048026570705, 'lambda_G': 0.6601041311375899, 'n_estimators': 6267, 'max_depth': 8, 'learning_rate': 0.007847868322461248, 'subsample': 0.982725322867107, 'colsample_bytree': 0.40514203781656677, 'colsample_bylevel': 0.6785026934006858, 'reg_alpha': 0.832933931647568, 'reg_lambda': 5.85295842850355, 'gamma': 0.00014012260565006885, 'min_child_weight': 10}. Best is trial 1422 with value: 2.996031181594198e-06.

[Trial 1818/5000] Starting at 07:04:58
  Lambdas: P=1.875, B=1.642, G=0.668
  XGBoost params: n_estimators=7792, max_depth=11
  Starting cross-validation...
  Trial 1798 MSE: 0.000005 | MAPE: 0.16% | R²: -0.314049
  Trial time: 42.1s
[I 2026-03-13 07:05:01,215] Trial 1798 finished with value: 5.076887518448612e-06 and parameters: {'lambda_P': 1.848116699514422, 'lambda_B': 1.5780196786858114, 'lambda_G': 0.6872387291832311, 'n_estimators': 7761, 'max_depth': 14, 'learning_rate': 0.020184450457066322, 'subsample': 0.9825605371198869, 'colsample_bytree': 0.34228861082606843, 'colsample_bylevel': 0.6293838325516596, 'reg_alpha': 2.872182018271131, 'reg_lambda': 8.891870144209483, 'gamma': 0.00020945962508392847, 'min_child_weight': 7}. Best is trial 1422 with value: 2.996031181594198e-06.

[Trial 1819/5000] Starting at 07:05:01
  Lambdas: P=1.997, B=1.783, G=1.741
  XGBoost params: n_estimators=6144, max_depth=7
  Starting cross-validation...
  Trial 1797 MSE: 0.000005 | MAPE: 0.16% | R²: -0.297545
  Trial time: 46.0s
[I 2026-03-13 07:05:04,130] Trial 1797 finished with value: 5.036443176082926e-06 and parameters: {'lambda_P': 1.8789598989191223, 'lambda_B': 1.8083874451913307, 'lambda_G': 0.9960788995703693, 'n_estimators': 9758, 'max_depth': 8, 'learning_rate': 0.00591570500363365, 'subsample': 0.7577717531674142, 'colsample_bytree': 0.5331450279448066, 'colsample_bylevel': 0.7337060582462342, 'reg_alpha': 1.2215799763571067, 'reg_lambda': 5.325688357348935, 'gamma': 0.00012505408119877292, 'min_child_weight': 5}. Best is trial 1422 with value: 2.996031181594198e-06.

[Trial 1820/5000] Starting at 07:05:04
  Lambdas: P=1.673, B=1.912, G=0.749
  XGBoost params: n_estimators=8267, max_depth=13
  Starting cross-validation...
  Trial 1804 MSE: 0.000004 | MAPE: 0.15% | R²: -0.117581
  Trial time: 34.3s
[I 2026-03-13 07:05:06,383] Trial 1804 finished with value: 4.130556646350743e-06 and parameters: {'lambda_P': 1.5689691120612836, 'lambda_B': 1.6018599341327886, 'lambda_G': 1.1516078587852299, 'n_estimators': 7441, 'max_depth': 11, 'learning_rate': 0.02065425387718812, 'subsample': 0.8516631873891908, 'colsample_bytree': 0.6460223289248628, 'colsample_bylevel': 0.7656407531503325, 'reg_alpha': 0.5613073092972624, 'reg_lambda': 4.76399682658504, 'gamma': 0.0001996838761897731, 'min_child_weight': 6}. Best is trial 1422 with value: 2.996031181594198e-06.

[Trial 1821/5000] Starting at 07:05:06
  Lambdas: P=0.590, B=1.317, G=1.077
  XGBoost params: n_estimators=4338, max_depth=17
  Starting cross-validation...
  Trial 1805 MSE: 0.000005 | MAPE: 0.16% | R²: -0.223515
  Trial time: 34.8s
[I 2026-03-13 07:05:08,683] Trial 1805 finished with value: 4.783153143315804e-06 and parameters: {'lambda_P': 1.8510223744499248, 'lambda_B': 1.478574678654503, 'lambda_G': 0.5952758810029863, 'n_estimators': 7364, 'max_depth': 7, 'learning_rate': 0.013043492407254132, 'subsample': 0.9253994886210856, 'colsample_bytree': 0.6410762157476713, 'colsample_bylevel': 0.6538802655489581, 'reg_alpha': 1.1743429078015264, 'reg_lambda': 5.4253399546171455, 'gamma': 0.00011717429013736796, 'min_child_weight': 5}. Best is trial 1422 with value: 2.996031181594198e-06.

[Trial 1822/5000] Starting at 07:05:08
  Lambdas: P=1.696, B=1.868, G=1.739
  XGBoost params: n_estimators=7253, max_depth=8
  Starting cross-validation...
  Trial 1807 MSE: 0.000003 | MAPE: 0.14% | R²: 0.029102
  Trial time: 33.6s
[I 2026-03-13 07:05:11,440] Trial 1807 finished with value: 3.3839610849408537e-06 and parameters: {'lambda_P': 1.9510773378616024, 'lambda_B': 1.8384156032389656, 'lambda_G': 0.5153582685205418, 'n_estimators': 7131, 'max_depth': 10, 'learning_rate': 0.011092251331399313, 'subsample': 0.7507357081100632, 'colsample_bytree': 0.43496970061693974, 'colsample_bylevel': 0.6155334950143814, 'reg_alpha': 0.139122159460627, 'reg_lambda': 6.518576731990308, 'gamma': 0.00015681636125123083, 'min_child_weight': 9}. Best is trial 1422 with value: 2.996031181594198e-06.

[Trial 1823/5000] Starting at 07:05:11
  Lambdas: P=1.593, B=1.407, G=0.604
  XGBoost params: n_estimators=1392, max_depth=14
  Starting cross-validation...
  Trial 1813 MSE: 0.000004 | MAPE: 0.15% | R²: -0.077657
  Trial time: 21.4s
[I 2026-03-13 07:05:12,752] Trial 1813 finished with value: 3.94070399233304e-06 and parameters: {'lambda_P': 0.53881267980397, 'lambda_B': 1.5556098060055088, 'lambda_G': 0.7218442587461633, 'n_estimators': 5967, 'max_depth': 16, 'learning_rate': 0.06451002422930475, 'subsample': 0.8939712172132467, 'colsample_bytree': 0.5006457580696675, 'colsample_bylevel': 0.6084906692007721, 'reg_alpha': 0.5650114954470381, 'reg_lambda': 1.057777443016491, 'gamma': 0.00010179149349131642, 'min_child_weight': 3}. Best is trial 1422 with value: 2.996031181594198e-06.

[Trial 1824/5000] Starting at 07:05:12
  Lambdas: P=1.909, B=1.348, G=0.715
  XGBoost params: n_estimators=6562, max_depth=10
  Starting cross-validation...
  Trial 1808 MSE: 0.000005 | MAPE: 0.16% | R²: -0.314049
  Trial time: 33.0s
[I 2026-03-13 07:05:13,516] Trial 1808 finished with value: 5.076887518448612e-06 and parameters: {'lambda_P': 1.980385473417365, 'lambda_B': 1.800757277618522, 'lambda_G': 0.7072770575015787, 'n_estimators': 7655, 'max_depth': 11, 'learning_rate': 0.043955077078446904, 'subsample': 0.7750756474260379, 'colsample_bytree': 0.40673565710620047, 'colsample_bylevel': 0.6131007426381501, 'reg_alpha': 1.7335883332648003, 'reg_lambda': 6.751914412892854, 'gamma': 0.00031934141510784144, 'min_child_weight': 3}. Best is trial 1422 with value: 2.996031181594198e-06.

[Trial 1825/5000] Starting at 07:05:13
  Trial 1816 MSE: 0.000004 | MAPE: 0.14% | R²: -0.081829
  Trial time: 17.0s
[I 2026-03-13 07:05:13,832] Trial 1816 finished with value: 3.819816652091041e-06 and parameters: {'lambda_P': 1.3726851588735538, 'lambda_B': 1.9901532223125162, 'lambda_G': 1.5013516427970657, 'n_estimators': 3500, 'max_depth': 5, 'learning_rate': 0.14528754321773912, 'subsample': 0.6080040560961971, 'colsample_bytree': 0.3379852608456598, 'colsample_bylevel': 0.5122441680197597, 'reg_alpha': 0.11434267956038574, 'reg_lambda': 9.030223769858708, 'gamma': 0.00048756038951989616, 'min_child_weight': 17}. Best is trial 1422 with value: 2.996031181594198e-06.

[Trial 1826/5000] Starting at 07:05:13
  Lambdas: P=0.634, B=1.673, G=0.998
  XGBoost params: n_estimators=2139, max_depth=18
  Starting cross-validation...
  Lambdas: P=1.888, B=1.751, G=1.554
  XGBoost params: n_estimators=5907, max_depth=6
  Starting cross-validation...
  Trial 1806 MSE: 0.000004 | MAPE: 0.15% | R²: -0.103188
  Trial time: 40.6s
[I 2026-03-13 07:05:16,030] Trial 1806 finished with value: 4.086895342052596e-06 and parameters: {'lambda_P': 1.8402543860027094, 'lambda_B': 1.6751598515275312, 'lambda_G': 0.5789982323558879, 'n_estimators': 8460, 'max_depth': 9, 'learning_rate': 0.014094786082522735, 'subsample': 0.8232921096235503, 'colsample_bytree': 0.37674090585572334, 'colsample_bylevel': 0.6509535063423605, 'reg_alpha': 0.5319311360566615, 'reg_lambda': 6.600905818059997, 'gamma': 0.00019627371824122855, 'min_child_weight': 4}. Best is trial 1422 with value: 2.996031181594198e-06.

[Trial 1827/5000] Starting at 07:05:16
  Lambdas: P=1.621, B=1.995, G=1.312
  XGBoost params: n_estimators=6088, max_depth=15
  Starting cross-validation...
  Trial 1815 MSE: 0.000004 | MAPE: 0.15% | R²: -0.111493
  Trial time: 25.3s
[I 2026-03-13 07:05:18,841] Trial 1815 finished with value: 4.066932630120311e-06 and parameters: {'lambda_P': 1.6357163622504223, 'lambda_B': 1.9182445858536201, 'lambda_G': 1.791272900905719, 'n_estimators': 5202, 'max_depth': 4, 'learning_rate': 0.0049144913810184, 'subsample': 0.7007762104844149, 'colsample_bytree': 0.42343262265462817, 'colsample_bylevel': 0.3036865212269131, 'reg_alpha': 0.3518294425865326, 'reg_lambda': 9.179054463660538, 'gamma': 0.0002784476371946379, 'min_child_weight': 12}. Best is trial 1422 with value: 2.996031181594198e-06.

[Trial 1828/5000] Starting at 07:05:18
  Lambdas: P=0.894, B=1.565, G=1.175
  Trial 1811 MSE: 0.000005 | MAPE: 0.16% | R²: -0.314049
  Trial time: 30.9s
[I 2026-03-13 07:05:19,410] Trial 1811 finished with value: 5.076887518448612e-06 and parameters: {'lambda_P': 1.9791077498114176, 'lambda_B': 1.41036203763352, 'lambda_G': 0.7979016639607488, 'n_estimators': 6352, 'max_depth': 6, 'learning_rate': 0.007447963649244636, 'subsample': 0.9027930298623341, 'colsample_bytree': 0.34778791182813507, 'colsample_bylevel': 0.5950274885542065, 'reg_alpha': 1.768515062120145, 'reg_lambda': 6.0648473727594405, 'gamma': 0.00011101350566891569, 'min_child_weight': 7}. Best is trial 1422 with value: 2.996031181594198e-06.
  XGBoost params: n_estimators=2588, max_depth=16
  Starting cross-validation...

[Trial 1829/5000] Starting at 07:05:19
  Trial 1822 MSE: 0.000005 | MAPE: 0.16% | R²: -0.314049
  Trial time: 8.1s
[I 2026-03-13 07:05:19,766] Trial 1822 finished with value: 5.076887518448612e-06 and parameters: {'lambda_P': 1.5926715153323183, 'lambda_B': 1.407371757110024, 'lambda_G': 0.6037261571406779, 'n_estimators': 1392, 'max_depth': 14, 'learning_rate': 0.3904560881975096, 'subsample': 0.726215248820113, 'colsample_bytree': 0.8171694437528951, 'colsample_bylevel': 0.3008945629024219, 'reg_alpha': 1.2580022780404427, 'reg_lambda': 6.310294444238765, 'gamma': 0.0008095240433507115, 'min_child_weight': 14}. Best is trial 1422 with value: 2.996031181594198e-06.

[Trial 1830/5000] Starting at 07:05:19
  Lambdas: P=0.744, B=1.880, G=1.358
  XGBoost params: n_estimators=9871, max_depth=6
  Starting cross-validation...
  Trial 1814 MSE: 0.000005 | MAPE: 0.16% | R²: -0.314049
  Trial time: 27.6s
[I 2026-03-13 07:05:20,299] Trial 1814 finished with value: 5.076887518448612e-06 and parameters: {'lambda_P': 1.542848718616039, 'lambda_B': 1.1673965316124777, 'lambda_G': 1.5165719291433701, 'n_estimators': 5491, 'max_depth': 14, 'learning_rate': 0.031784788066418775, 'subsample': 0.35742547745804387, 'colsample_bytree': 0.4843441723908648, 'colsample_bylevel': 0.3591502361310918, 'reg_alpha': 9.790419722001403, 'reg_lambda': 2.6470353310895356, 'gamma': 0.0016391645465930129, 'min_child_weight': 11}. Best is trial 1422 with value: 2.996031181594198e-06.

[Trial 1831/5000] Starting at 07:05:20
  Lambdas: P=1.569, B=0.642, G=0.775
  XGBoost params: n_estimators=8330, max_depth=7
  Starting cross-validation...
  Lambdas: P=1.566, B=1.956, G=1.041
  XGBoost params: n_estimators=1590, max_depth=3
  Starting cross-validation...
  Trial 1824 MSE: 0.000004 | MAPE: 0.15% | R²: -0.111368
  Trial time: 9.1s
[I 2026-03-13 07:05:22,788] Trial 1824 finished with value: 3.895606838986008e-06 and parameters: {'lambda_P': 0.6336488202098929, 'lambda_B': 1.6734088839936847, 'lambda_G': 0.9978611358914549, 'n_estimators': 2139, 'max_depth': 18, 'learning_rate': 0.22843826633471392, 'subsample': 0.7734560176094678, 'colsample_bytree': 0.3356548013518837, 'colsample_bylevel': 0.47077833247946427, 'reg_alpha': 0.33674648603820606, 'reg_lambda': 0.5526534441796014, 'gamma': 0.00018432210110742641, 'min_child_weight': 3}. Best is trial 1422 with value: 2.996031181594198e-06.

[Trial 1832/5000] Starting at 07:05:22
  Lambdas: P=0.764, B=1.994, G=1.069
  XGBoost params: n_estimators=901, max_depth=12
  Starting cross-validation...
  Trial 1812 MSE: 0.000005 | MAPE: 0.16% | R²: -0.314049
  Trial time: 35.3s
