[I 2026-03-13 06:11:26,549] Trial 60 finished with value: 5.076887518448612e-06 and parameters: {'lambda_P': 1.872840181088237, 'lambda_B': 0.5849229998090992, 'lambda_G': 1.07603568208657, 'n_estimators': 9378, 'max_depth': 13, 'learning_rate': 0.0025692994075103737, 'subsample': 0.4560711459127943, 'colsample_bytree': 0.9855435301615694, 'colsample_bylevel': 0.6506683292518128, 'reg_alpha': 4.18463340883053, 'reg_lambda': 7.3712134930293, 'gamma': 0.0023842094618391732, 'min_child_weight': 20}. Best is trial 6 with value: 4.367259064411295e-06.

[Trial 82/5000] Starting at 06:11:26
  Lambdas: P=1.244, B=1.149, G=1.755
  XGBoost params: n_estimators=1121, max_depth=8
  Starting cross-validation...
  Trial 74 MSE: 0.000005 | MAPE: 0.16% | R²: -0.314049
  Trial time: 11.9s
[I 2026-03-13 06:11:27,220] Trial 74 finished with value: 5.076887518448612e-06 and parameters: {'lambda_P': 0.7294795026192283, 'lambda_B': 0.980249876314378, 'lambda_G': 1.6900724051676042, 'n_estimators': 2599, 'max_depth': 19, 'learning_rate': 0.14143808968626576, 'subsample': 0.6887647750149024, 'colsample_bytree': 0.8313374031520235, 'colsample_bylevel': 0.6914146488995969, 'reg_alpha': 9.454629965193694, 'reg_lambda': 1.1756806294551647, 'gamma': 0.0011990732645300462, 'min_child_weight': 1}. Best is trial 6 with value: 4.367259064411295e-06.

[Trial 83/5000] Starting at 06:11:27
  Lambdas: P=1.249, B=0.616, G=1.428
  XGBoost params: n_estimators=4659, max_depth=7
  Starting cross-validation...
  Trial 75 MSE: 0.000005 | MAPE: 0.16% | R²: -0.314049
  Trial time: 9.3s
[I 2026-03-13 06:11:27,832] Trial 75 finished with value: 5.076887518448612e-06 and parameters: {'lambda_P': 0.629952933613667, 'lambda_B': 1.9652811508577968, 'lambda_G': 1.9979735310864464, 'n_estimators': 1963, 'max_depth': 3, 'learning_rate': 0.31609422885353095, 'subsample': 0.8683272238562927, 'colsample_bytree': 0.8567701298774064, 'colsample_bylevel': 0.6865880881106587, 'reg_alpha': 8.816109401480244, 'reg_lambda': 2.764439850493164, 'gamma': 0.0002601135548822163, 'min_child_weight': 12}. Best is trial 6 with value: 4.367259064411295e-06.

[Trial 84/5000] Starting at 06:11:27
  Lambdas: P=0.817, B=1.341, G=0.563
  XGBoost params: n_estimators=5457, max_depth=10
  Starting cross-validation...
  Trial 65 MSE: 0.000005 | MAPE: 0.16% | R²: -0.314049
  Trial time: 28.9s
[I 2026-03-13 06:11:28,250] Trial 65 finished with value: 5.076887518448612e-06 and parameters: {'lambda_P': 1.036792747877033, 'lambda_B': 0.8993814925529773, 'lambda_G': 1.4344354554387144, 'n_estimators': 6099, 'max_depth': 2, 'learning_rate': 0.3766648037152406, 'subsample': 0.6660126434174591, 'colsample_bytree': 0.428335420368907, 'colsample_bylevel': 0.4006735579149468, 'reg_alpha': 7.306537156473917, 'reg_lambda': 3.8866406139887157, 'gamma': 0.0010472579416648555, 'min_child_weight': 14}. Best is trial 6 with value: 4.367259064411295e-06.

[Trial 85/5000] Starting at 06:11:28
  Lambdas: P=1.332, B=0.801, G=1.325
  XGBoost params: n_estimators=8842, max_depth=4
  Starting cross-validation...
  Trial 66 MSE: 0.000005 | MAPE: 0.16% | R²: -0.314049
  Trial time: 31.3s
[I 2026-03-13 06:11:30,842] Trial 66 finished with value: 5.076887518448612e-06 and parameters: {'lambda_P': 0.8298824421837638, 'lambda_B': 0.5196594394240928, 'lambda_G': 1.4241361310328842, 'n_estimators': 6715, 'max_depth': 2, 'learning_rate': 0.07620787910611151, 'subsample': 0.8334479766510385, 'colsample_bytree': 0.6575863414245813, 'colsample_bylevel': 0.39521299615204786, 'reg_alpha': 4.404388396378364, 'reg_lambda': 4.223496317410669, 'gamma': 0.006539101052179149, 'min_child_weight': 10}. Best is trial 6 with value: 4.367259064411295e-06.

[Trial 86/5000] Starting at 06:11:30
  Lambdas: P=0.879, B=0.662, G=0.751
  XGBoost params: n_estimators=2236, max_depth=19
  Starting cross-validation...
  Trial 81 MSE: 0.000005 | MAPE: 0.16% | R²: -0.314049
  Trial time: 4.5s
[I 2026-03-13 06:11:31,211] Trial 81 finished with value: 5.076887518448612e-06 and parameters: {'lambda_P': 1.2439752175515737, 'lambda_B': 1.1485439591304405, 'lambda_G': 1.7549028581515467, 'n_estimators': 1121, 'max_depth': 8, 'learning_rate': 0.4095207242926145, 'subsample': 0.6414988123357083, 'colsample_bytree': 0.5306489407233201, 'colsample_bylevel': 0.9007589619174592, 'reg_alpha': 8.064538268470303, 'reg_lambda': 5.920667260440262, 'gamma': 0.08638119844537258, 'min_child_weight': 11}. Best is trial 6 with value: 4.367259064411295e-06.

[Trial 87/5000] Starting at 06:11:31
  Lambdas: P=1.499, B=1.631, G=1.525
  XGBoost params: n_estimators=3317, max_depth=12
  Starting cross-validation...
  Trial 76 MSE: 0.000005 | MAPE: 0.16% | R²: -0.314049
  Trial time: 17.3s
[I 2026-03-13 06:11:37,100] Trial 76 finished with value: 5.076887518448612e-06 and parameters: {'lambda_P': 0.68849579173053, 'lambda_B': 0.9719466848154399, 'lambda_G': 1.9877978190692582, 'n_estimators': 3899, 'max_depth': 3, 'learning_rate': 0.04204726625889656, 'subsample': 0.8817841862514184, 'colsample_bytree': 0.6964113359595376, 'colsample_bylevel': 0.894711363818486, 'reg_alpha': 9.916657883535349, 'reg_lambda': 7.310879569806281, 'gamma': 0.002325984373008297, 'min_child_weight': 16}. Best is trial 6 with value: 4.367259064411295e-06.

[Trial 88/5000] Starting at 06:11:37
  Lambdas: P=0.652, B=1.484, G=1.646
  Trial 71 MSE: 0.000005 | MAPE: 0.16% | R²: -0.314049  XGBoost params: n_estimators=8660, max_depth=12

  Starting cross-validation...
  Trial time: 25.8s
[I 2026-03-13 06:11:37,436] Trial 71 finished with value: 5.076887518448612e-06 and parameters: {'lambda_P': 0.9973125678576027, 'lambda_B': 0.9023291754500532, 'lambda_G': 1.3108896523774836, 'n_estimators': 5129, 'max_depth': 4, 'learning_rate': 0.04285285202551776, 'subsample': 0.4839506644106989, 'colsample_bytree': 0.30403014784322197, 'colsample_bylevel': 0.6682147170179373, 'reg_alpha': 8.954515934024815, 'reg_lambda': 0.49297030731607405, 'gamma': 0.013378807039878616, 'min_child_weight': 4}. Best is trial 6 with value: 4.367259064411295e-06.

[Trial 89/5000] Starting at 06:11:37
  Lambdas: P=1.390, B=0.975, G=1.703
  XGBoost params: n_estimators=480, max_depth=15
  Starting cross-validation...
  Trial 69 MSE: 0.000005 | MAPE: 0.16% | R²: -0.314049
  Trial time: 33.1s
[I 2026-03-13 06:11:39,247] Trial 69 finished with value: 5.076887518448612e-06 and parameters: {'lambda_P': 1.6605842505585262, 'lambda_B': 1.1669037834578029, 'lambda_G': 1.2783677868532604, 'n_estimators': 7654, 'max_depth': 2, 'learning_rate': 0.057090753254061904, 'subsample': 0.833686860654191, 'colsample_bytree': 0.5175197380915367, 'colsample_bylevel': 0.4416175476886146, 'reg_alpha': 8.697152784032246, 'reg_lambda': 6.417260447821802, 'gamma': 0.014287186223134445, 'min_child_weight': 10}. Best is trial 6 with value: 4.367259064411295e-06.

[Trial 90/5000] Starting at 06:11:39
  Lambdas: P=1.658, B=1.943, G=0.711
  XGBoost params: n_estimators=9597, max_depth=15
  Starting cross-validation...
  Trial 88 MSE: 0.000005 | MAPE: 0.16% | R²: -0.314049
  Trial time: 2.4s
[I 2026-03-13 06:11:40,020] Trial 88 finished with value: 5.076887518448612e-06 and parameters: {'lambda_P': 1.3902724805259976, 'lambda_B': 0.9751454672075982, 'lambda_G': 1.703229117412766, 'n_estimators': 480, 'max_depth': 15, 'learning_rate': 0.46102740880630483, 'subsample': 0.394881703736608, 'colsample_bytree': 0.4591807802787852, 'colsample_bylevel': 0.31649124230128745, 'reg_alpha': 9.37092973798119, 'reg_lambda': 9.673291954795996, 'gamma': 0.0011077767984266256, 'min_child_weight': 1}. Best is trial 6 with value: 4.367259064411295e-06.

[Trial 91/5000] Starting at 06:11:40
  Lambdas: P=1.343, B=1.804, G=0.842
  XGBoost params: n_estimators=6560, max_depth=19
  Starting cross-validation...
  Trial 85 MSE: 0.000005 | MAPE: 0.16% | R²: -0.314049
  Trial time: 10.2s
[I 2026-03-13 06:11:41,240] Trial 85 finished with value: 5.076887518448612e-06 and parameters: {'lambda_P': 0.8793382274051899, 'lambda_B': 0.6619794462422195, 'lambda_G': 0.7505149118831577, 'n_estimators': 2236, 'max_depth': 19, 'learning_rate': 0.09545579400336252, 'subsample': 0.9917523577805327, 'colsample_bytree': 0.9739278534020026, 'colsample_bylevel': 0.7105078744730782, 'reg_alpha': 2.265479119112973, 'reg_lambda': 3.712832041171893, 'gamma': 0.0006884274908197139, 'min_child_weight': 5}. Best is trial 6 with value: 4.367259064411295e-06.

[Trial 92/5000] Starting at 06:11:41
  Lambdas: P=1.312, B=0.611, G=0.838
  XGBoost params: n_estimators=5586, max_depth=13
  Starting cross-validation...
  Trial 86 MSE: 0.000005 | MAPE: 0.16% | R²: -0.314049
  Trial time: 12.5s
[I 2026-03-13 06:11:43,872] Trial 86 finished with value: 5.076887518448612e-06 and parameters: {'lambda_P': 1.4985744960040481, 'lambda_B': 1.6309061822069346, 'lambda_G': 1.5254058353194981, 'n_estimators': 3317, 'max_depth': 12, 'learning_rate': 0.003386299291011652, 'subsample': 0.4355531205952008, 'colsample_bytree': 0.5697856870873674, 'colsample_bylevel': 0.8944709406538698, 'reg_alpha': 9.105529822719113, 'reg_lambda': 5.669099021425444, 'gamma': 0.0008592948055744256, 'min_child_weight': 11}. Best is trial 6 with value: 4.367259064411295e-06.

[Trial 93/5000] Starting at 06:11:43
  Lambdas: P=1.866, B=1.404, G=1.672
  XGBoost params: n_estimators=9463, max_depth=17
  Starting cross-validation...
  Trial 64 MSE: 0.000005 | MAPE: 0.16% | R²: -0.318343
  Trial time: 46.8s
[I 2026-03-13 06:11:45,154] Trial 64 finished with value: 5.086216121844366e-06 and parameters: {'lambda_P': 0.9066991159394975, 'lambda_B': 1.1291424755348252, 'lambda_G': 0.5065888504941085, 'n_estimators': 9516, 'max_depth': 2, 'learning_rate': 0.023271642345868135, 'subsample': 0.9037200527933633, 'colsample_bytree': 0.41646140541701127, 'colsample_bylevel': 0.8589117915935496, 'reg_alpha': 0.22666353681918938, 'reg_lambda': 0.5846547932459312, 'gamma': 0.0044474183306451864, 'min_child_weight': 9}. Best is trial 6 with value: 4.367259064411295e-06.
  Trial 82 MSE: 0.000005 | MAPE: 0.16% | R²: -0.314049
  Trial time: 17.8s
[I 2026-03-13 06:11:45,349] Trial 82 finished with value: 5.076887518448612e-06 and parameters: {'lambda_P': 1.2493535666639097, 'lambda_B': 0.6160360895434149, 'lambda_G': 1.4281407880701888, 'n_estimators': 4659, 'max_depth': 7, 'learning_rate': 0.045231803511792526, 'subsample': 0.6606951039930088, 'colsample_bytree': 0.7221613581798745, 'colsample_bylevel': 0.4819107511546888, 'reg_alpha': 1.5305953792017635, 'reg_lambda': 3.866993238727866, 'gamma': 0.0007695146947874065, 'min_child_weight': 20}. Best is trial 6 with value: 4.367259064411295e-06.

[Trial 94/5000] Starting at 06:11:45
  Lambdas: P=0.945, B=1.914, G=1.073

[Trial 95/5000] Starting at 06:11:45
  Lambdas: P=1.448, B=0.879, G=1.502
  XGBoost params: n_estimators=881, max_depth=13
  Starting cross-validation...
  XGBoost params: n_estimators=4624, max_depth=18
  Starting cross-validation...
  Trial 80 MSE: 0.000005 | MAPE: 0.16% | R²: -0.314049
  Trial time: 22.2s
[I 2026-03-13 06:11:47,595] Trial 80 finished with value: 5.076887518448612e-06 and parameters: {'lambda_P': 0.829881528809592, 'lambda_B': 0.807881283009195, 'lambda_G': 1.245489422279123, 'n_estimators': 4623, 'max_depth': 15, 'learning_rate': 0.018090021107787867, 'subsample': 0.4081524756386568, 'colsample_bytree': 0.41445994898666794, 'colsample_bylevel': 0.6759631750241406, 'reg_alpha': 9.064224549005855, 'reg_lambda': 7.6030032191145285, 'gamma': 0.018036527335646698, 'min_child_weight': 13}. Best is trial 6 with value: 4.367259064411295e-06.

[Trial 96/5000] Starting at 06:11:47
  Lambdas: P=1.779, B=0.830, G=1.836
  XGBoost params: n_estimators=6653, max_depth=2
  Starting cross-validation...
  Trial 73 MSE: 0.000005 | MAPE: 0.16% | R²: -0.314049
  Trial time: 35.1s
[I 2026-03-13 06:11:48,771] Trial 73 finished with value: 5.076887518448612e-06 and parameters: {'lambda_P': 1.950924293284428, 'lambda_B': 0.5933119396078598, 'lambda_G': 1.1321892689476158, 'n_estimators': 7371, 'max_depth': 5, 'learning_rate': 0.012702837177164344, 'subsample': 0.4698211258767564, 'colsample_bytree': 0.8627232507528735, 'colsample_bylevel': 0.3557671635268926, 'reg_alpha': 1.5658428614950115, 'reg_lambda': 6.583157063029104, 'gamma': 0.005709276300893021, 'min_child_weight': 7}. Best is trial 6 with value: 4.367259064411295e-06.

[Trial 97/5000] Starting at 06:11:48
  Lambdas: P=0.815, B=1.235, G=0.850
  XGBoost params: n_estimators=7863, max_depth=5
  Starting cross-validation...
  Trial 93 MSE: 0.000005 | MAPE: 0.16% | R²: -0.314049
  Trial time: 4.5s
[I 2026-03-13 06:11:49,973] Trial 93 finished with value: 5.076887518448612e-06 and parameters: {'lambda_P': 0.9449541642752566, 'lambda_B': 1.9135236870331596, 'lambda_G': 1.0730243998600548, 'n_estimators': 881, 'max_depth': 13, 'learning_rate': 0.002879497497832519, 'subsample': 0.6991540252021045, 'colsample_bytree': 0.9137479232450418, 'colsample_bylevel': 0.9538124784630484, 'reg_alpha': 4.88085931846342, 'reg_lambda': 7.353896464901314, 'gamma': 0.0877926923560542, 'min_child_weight': 1}. Best is trial 6 with value: 4.367259064411295e-06.

[Trial 98/5000] Starting at 06:11:50
  Lambdas: P=1.214, B=1.430, G=0.995
  XGBoost params: n_estimators=4625, max_depth=11
  Starting cross-validation...
  Trial 83 MSE: 0.000005 | MAPE: 0.16% | R²: -0.314049
  Trial time: 25.0s
[I 2026-03-13 06:11:53,014] Trial 83 finished with value: 5.076887518448612e-06 and parameters: {'lambda_P': 0.816508003585202, 'lambda_B': 1.3409724894030681, 'lambda_G': 0.5625938971590702, 'n_estimators': 5457, 'max_depth': 10, 'learning_rate': 0.010909602230330733, 'subsample': 0.8911870169079836, 'colsample_bytree': 0.9261468305051646, 'colsample_bylevel': 0.3436826269149903, 'reg_alpha': 6.348340058120456, 'reg_lambda': 2.4804300681549507, 'gamma': 0.004037371007766002, 'min_child_weight': 20}. Best is trial 6 with value: 4.367259064411295e-06.

[Trial 99/5000] Starting at 06:11:53
  Lambdas: P=0.948, B=1.638, G=1.928
  XGBoost params: n_estimators=2410, max_depth=2
  Starting cross-validation...
  Trial 78 MSE: 0.000005 | MAPE: 0.16% | R²: -0.314049
  Trial time: 35.6s
[I 2026-03-13 06:11:58,793] Trial 78 finished with value: 5.076887518448612e-06 and parameters: {'lambda_P': 1.3921625259462442, 'lambda_B': 0.8510262893106068, 'lambda_G': 0.508102320602014, 'n_estimators': 7356, 'max_depth': 14, 'learning_rate': 0.12461280902871194, 'subsample': 0.8099983948334177, 'colsample_bytree': 0.6373445912710747, 'colsample_bylevel': 0.8895192749283434, 'reg_alpha': 0.7464284053433701, 'reg_lambda': 5.3240164277275905, 'gamma': 0.005849519269308609, 'min_child_weight': 5}. Best is trial 6 with value: 4.367259064411295e-06.

[Trial 100/5000] Starting at 06:11:58
  Lambdas: P=0.676, B=1.167, G=1.716
  XGBoost params: n_estimators=8603, max_depth=4
  Starting cross-validation...
  Trial 98 MSE: 0.000005 | MAPE: 0.16% | R²: -0.314049
  Trial time: 10.3s
[I 2026-03-13 06:12:03,475] Trial 98 finished with value: 5.076887518448612e-06 and parameters: {'lambda_P': 0.9484024439313419, 'lambda_B': 1.6384752739643067, 'lambda_G': 1.9283312404556199, 'n_estimators': 2410, 'max_depth': 2, 'learning_rate': 0.008780699502499687, 'subsample': 0.6461793148743503, 'colsample_bytree': 0.9131463969991793, 'colsample_bylevel': 0.6616103888598983, 'reg_alpha': 7.961882594546134, 'reg_lambda': 3.946727625391737, 'gamma': 0.007890538648457627, 'min_child_weight': 18}. Best is trial 6 with value: 4.367259064411295e-06.

[Trial 101/5000] Starting at 06:12:03
  Lambdas: P=1.180, B=0.610, G=1.166
  XGBoost params: n_estimators=9984, max_depth=10
  Starting cross-validation...
  Trial 79 MSE: 0.000005 | MAPE: 0.16% | R²: -0.314049
  Trial time: 41.0s
[I 2026-03-13 06:12:04,597] Trial 79 finished with value: 5.076887518448612e-06 and parameters: {'lambda_P': 1.8503032507371957, 'lambda_B': 0.9775434737183002, 'lambda_G': 1.6813916837926586, 'n_estimators': 8791, 'max_depth': 19, 'learning_rate': 0.27600266636980847, 'subsample': 0.8491791223075942, 'colsample_bytree': 0.9276500582028431, 'colsample_bylevel': 0.5273907016338767, 'reg_alpha': 4.045229731712606, 'reg_lambda': 4.012000065414818, 'gamma': 0.02904202752237675, 'min_child_weight': 13}. Best is trial 6 with value: 4.367259064411295e-06.

[Trial 102/5000] Starting at 06:12:04
  Lambdas: P=1.964, B=1.889, G=0.515
  XGBoost params: n_estimators=4408, max_depth=9
  Starting cross-validation...
  Trial 94 MSE: 0.000005 | MAPE: 0.16% | R²: -0.314049
  Trial time: 20.5s
[I 2026-03-13 06:12:06,082] Trial 94 finished with value: 5.076887518448612e-06 and parameters: {'lambda_P': 1.4482749674408892, 'lambda_B': 0.8787962936109915, 'lambda_G': 1.5019364839321088, 'n_estimators': 4624, 'max_depth': 18, 'learning_rate': 0.020604247523678055, 'subsample': 0.6831570871603807, 'colsample_bytree': 0.3381383724581386, 'colsample_bylevel': 0.554331212692053, 'reg_alpha': 4.768875403383838, 'reg_lambda': 3.5896485719440685, 'gamma': 0.002591836711300692, 'min_child_weight': 19}. Best is trial 6 with value: 4.367259064411295e-06.

[Trial 103/5000] Starting at 06:12:06
  Lambdas: P=1.308, B=1.453, G=1.604
  Trial 77 MSE: 0.000005 | MAPE: 0.16% | R²: -0.314049
  Trial time: 45.5s
[I 2026-03-13 06:12:06,312] Trial 77 finished with value: 5.076887518448612e-06 and parameters: {'lambda_P': 0.663639115822821, 'lambda_B': 0.6949142231289982, 'lambda_G': 1.9346735895197722, 'n_estimators': 9880, 'max_depth': 18, 'learning_rate': 0.002766617221112887, 'subsample': 0.3334122752874026, 'colsample_bytree': 0.7081693128632911, 'colsample_bylevel': 0.9693793203579275, 'reg_alpha': 3.066148425100935, 'reg_lambda': 7.534425589238342, 'gamma': 0.02472514300792111, 'min_child_weight': 12}. Best is trial 6 with value: 4.367259064411295e-06.

[Trial 104/5000] Starting at 06:12:06
  Lambdas: P=1.449, B=1.481, G=1.834
  XGBoost params: n_estimators=6983, max_depth=11
  Starting cross-validation...
  XGBoost params: n_estimators=334, max_depth=11
  Starting cross-validation...
  Trial 91 MSE: 0.000005 | MAPE: 0.16% | R²: -0.314049
  Trial time: 25.4s
[I 2026-03-13 06:12:06,854] Trial 91 finished with value: 5.076887518448612e-06 and parameters: {'lambda_P': 1.3122651402768402, 'lambda_B': 0.6106285492838688, 'lambda_G': 0.8383651695831831, 'n_estimators': 5586, 'max_depth': 13, 'learning_rate': 0.13667753335180322, 'subsample': 0.32119485406456694, 'colsample_bytree': 0.3867636942115353, 'colsample_bylevel': 0.5704781394410391, 'reg_alpha': 8.151055713599666, 'reg_lambda': 6.901418500101244, 'gamma': 0.01945173948800974, 'min_child_weight': 9}. Best is trial 6 with value: 4.367259064411295e-06.

[Trial 105/5000] Starting at 06:12:06
  Lambdas: P=0.582, B=0.584, G=1.937
  XGBoost params: n_estimators=1435, max_depth=10
  Starting cross-validation...
  Trial 103 MSE: 0.000005 | MAPE: 0.16% | R²: -0.314049
  Trial time: 2.0s
[I 2026-03-13 06:12:08,521] Trial 103 finished with value: 5.076887518448612e-06 and parameters: {'lambda_P': 1.448547422253464, 'lambda_B': 1.480695559381194, 'lambda_G': 1.8336551863066548, 'n_estimators': 334, 'max_depth': 11, 'learning_rate': 0.007241256498803737, 'subsample': 0.46846312100352583, 'colsample_bytree': 0.47713927649316173, 'colsample_bylevel': 0.34446525417761886, 'reg_alpha': 5.530984810654082, 'reg_lambda': 8.249343781125805, 'gamma': 0.00015843635809619994, 'min_child_weight': 20}. Best is trial 6 with value: 4.367259064411295e-06.

[Trial 106/5000] Starting at 06:12:08
  Lambdas: P=1.065, B=1.504, G=1.970
  XGBoost params: n_estimators=2347, max_depth=2
  Starting cross-validation...
  Trial 87 MSE: 0.000005 | MAPE: 0.16% | R²: -0.314049
  Trial time: 32.1s
[I 2026-03-13 06:12:09,381] Trial 87 finished with value: 5.076887518448612e-06 and parameters: {'lambda_P': 0.6519497075868882, 'lambda_B': 1.4838060859192344, 'lambda_G': 1.6463772699688974, 'n_estimators': 8660, 'max_depth': 12, 'learning_rate': 0.34745202817399157, 'subsample': 0.6220783892047783, 'colsample_bytree': 0.5858512258267063, 'colsample_bylevel': 0.9648774806027403, 'reg_alpha': 5.727803822109111, 'reg_lambda': 6.413791433654277, 'gamma': 0.030024462510499277, 'min_child_weight': 19}. Best is trial 6 with value: 4.367259064411295e-06.

[Trial 107/5000] Starting at 06:12:09
  Lambdas: P=0.676, B=1.725, G=1.292
  XGBoost params: n_estimators=8374, max_depth=16
  Starting cross-validation...
  Trial 84 MSE: 0.000005 | MAPE: 0.16% | R²: -0.314049
  Trial time: 43.2s
[I 2026-03-13 06:12:11,682] Trial 84 finished with value: 5.076887518448612e-06 and parameters: {'lambda_P': 1.3323136451460593, 'lambda_B': 0.8013095324134017, 'lambda_G': 1.3249059504627416, 'n_estimators': 8842, 'max_depth': 4, 'learning_rate': 0.0018158758009278468, 'subsample': 0.9966914284875563, 'colsample_bytree': 0.627744776389998, 'colsample_bylevel': 0.6518888896788738, 'reg_alpha': 6.870521305293447, 'reg_lambda': 9.442465112111982, 'gamma': 0.0015957027168856496, 'min_child_weight': 6}. Best is trial 6 with value: 4.367259064411295e-06.

[Trial 108/5000] Starting at 06:12:11
  Lambdas: P=1.328, B=1.512, G=0.858
  Trial 90 MSE: 0.000005 | MAPE: 0.16% | R²: -0.314049
  Trial time: 31.7s
