[I 2026-03-13 06:54:11,494] Trial 1437 finished with value: 4.111153434785895e-06 and parameters: {'lambda_P': 1.3759916701207344, 'lambda_B': 1.4863770449892775, 'lambda_G': 1.7711821256863902, 'n_estimators': 3814, 'max_depth': 6, 'learning_rate': 0.015210265971742427, 'subsample': 0.9564859671293969, 'colsample_bytree': 0.4929819057957961, 'colsample_bylevel': 0.3598650594867908, 'reg_alpha': 0.7188619570755267, 'reg_lambda': 9.87044921198621, 'gamma': 0.00010933973925170845, 'min_child_weight': 13}. Best is trial 1422 with value: 2.996031181594198e-06.

[Trial 1455/5000] Starting at 06:54:11
  Lambdas: P=1.135, B=1.973, G=0.927
  XGBoost params: n_estimators=2460, max_depth=7
  Starting cross-validation...
  Trial 1443 MSE: 0.000005 | MAPE: 0.16% | R²: -0.314049
  Trial time: 15.7s
[I 2026-03-13 06:54:12,800] Trial 1443 finished with value: 5.076887518448612e-06 and parameters: {'lambda_P': 1.5058969935899889, 'lambda_B': 1.823744847066819, 'lambda_G': 1.138476849828838, 'n_estimators': 2707, 'max_depth': 5, 'learning_rate': 0.018171557517657734, 'subsample': 0.6851685555544783, 'colsample_bytree': 0.5026450061128609, 'colsample_bylevel': 0.4726077836909619, 'reg_alpha': 1.119145502484812, 'reg_lambda': 9.691612886207885, 'gamma': 0.0005236749793941845, 'min_child_weight': 16}. Best is trial 1422 with value: 2.996031181594198e-06.

[Trial 1456/5000] Starting at 06:54:12
  Lambdas: P=0.694, B=1.278, G=1.079
  XGBoost params: n_estimators=5231, max_depth=15
  Starting cross-validation...
  Trial 1435 MSE: 0.000005 | MAPE: 0.16% | R²: -0.280247
  Trial time: 28.7s
[I 2026-03-13 06:54:14,779] Trial 1435 finished with value: 4.979306026401934e-06 and parameters: {'lambda_P': 0.504759914325854, 'lambda_B': 1.850862074500371, 'lambda_G': 0.5033844573124158, 'n_estimators': 4914, 'max_depth': 15, 'learning_rate': 0.0013218084189734695, 'subsample': 0.9007375523809649, 'colsample_bytree': 0.37510525653244947, 'colsample_bylevel': 0.6569047824613051, 'reg_alpha': 0.9587968057708192, 'reg_lambda': 5.628775581226644, 'gamma': 0.0006265469833477686, 'min_child_weight': 4}. Best is trial 1422 with value: 2.996031181594198e-06.

[Trial 1457/5000] Starting at 06:54:14
  Trial 1432 MSE: 0.000004 | MAPE: 0.16% | R²: -0.189590
  Trial time: 31.5s
[I 2026-03-13 06:54:15,162] Trial 1432 finished with value: 4.489811464319119e-06 and parameters: {'lambda_P': 0.6911150680163309, 'lambda_B': 1.8242098488021004, 'lambda_G': 0.605140972834565, 'n_estimators': 5306, 'max_depth': 19, 'learning_rate': 0.006628169339813706, 'subsample': 0.9996636774058025, 'colsample_bytree': 0.5562736107044525, 'colsample_bylevel': 0.6173001525929838, 'reg_alpha': 0.2847055439005418, 'reg_lambda': 4.9619826525276665, 'gamma': 0.0013716016429662062, 'min_child_weight': 4}. Best is trial 1422 with value: 2.996031181594198e-06.

[Trial 1458/5000] Starting at 06:54:15
  Lambdas: P=0.623, B=1.037, G=0.838
  XGBoost params: n_estimators=7203, max_depth=16
  Starting cross-validation...
  Lambdas: P=0.764, B=1.311, G=0.809
  XGBoost params: n_estimators=6278, max_depth=14
  Starting cross-validation...
  Trial 1417 MSE: 0.000004 | MAPE: 0.14% | R²: -0.033515
  Trial time: 53.3s
[I 2026-03-13 06:54:18,363] Trial 1417 finished with value: 3.654889140795557e-06 and parameters: {'lambda_P': 1.315283751496312, 'lambda_B': 0.8911988561650562, 'lambda_G': 0.7030322959738051, 'n_estimators': 9766, 'max_depth': 4, 'learning_rate': 0.010866153918181338, 'subsample': 0.8432854663645099, 'colsample_bytree': 0.4605981503193429, 'colsample_bylevel': 0.43949127196028925, 'reg_alpha': 0.3596188058920264, 'reg_lambda': 6.232234604209051, 'gamma': 0.0001379562998986623, 'min_child_weight': 8}. Best is trial 1422 with value: 2.996031181594198e-06.

[Trial 1459/5000] Starting at 06:54:18
  Trial 1453 MSE: 0.000004 | MAPE: 0.15% | R²: -0.126770
  Trial time: 8.6s
[I 2026-03-13 06:54:18,747] Trial 1453 finished with value: 4.23177633793413e-06 and parameters: {'lambda_P': 0.7861508032701806, 'lambda_B': 1.9058396584786534, 'lambda_G': 1.1568344684307066, 'n_estimators': 1672, 'max_depth': 5, 'learning_rate': 0.014809063306134919, 'subsample': 0.7874338376009079, 'colsample_bytree': 0.33338490116899905, 'colsample_bylevel': 0.4347611008473443, 'reg_alpha': 0.6497913707889027, 'reg_lambda': 9.829952513671616, 'gamma': 0.00012184934723734885, 'min_child_weight': 20}. Best is trial 1422 with value: 2.996031181594198e-06.

[Trial 1460/5000] Starting at 06:54:18
  Lambdas: P=1.073, B=1.905, G=1.109
  XGBoost params: n_estimators=2922, max_depth=7
  Starting cross-validation...
  Lambdas: P=1.009, B=1.641, G=1.071
  XGBoost params: n_estimators=2202, max_depth=13
  Starting cross-validation...
  Trial 1436 MSE: 0.000005 | MAPE: 0.16% | R²: -0.183672
  Trial time: 30.8s
[I 2026-03-13 06:54:19,937] Trial 1436 finished with value: 4.547991343045264e-06 and parameters: {'lambda_P': 0.6354505654252437, 'lambda_B': 1.4848365929407457, 'lambda_G': 1.099787968206302, 'n_estimators': 5413, 'max_depth': 19, 'learning_rate': 0.014897925144413703, 'subsample': 0.9771490526169871, 'colsample_bytree': 0.45852094350290074, 'colsample_bylevel': 0.5584303968659987, 'reg_alpha': 0.996507506219593, 'reg_lambda': 3.516923722883453, 'gamma': 0.0001709496054425537, 'min_child_weight': 1}. Best is trial 1422 with value: 2.996031181594198e-06.

[Trial 1461/5000] Starting at 06:54:20
  Lambdas: P=1.109, B=1.931, G=1.191
  XGBoost params: n_estimators=1252, max_depth=20
  Starting cross-validation...
  Trial 1446 MSE: 0.000003 | MAPE: 0.13% | R²: 0.076586
  Trial time: 20.1s
[I 2026-03-13 06:54:20,940] Trial 1446 finished with value: 3.1224574654571402e-06 and parameters: {'lambda_P': 1.4135893923872056, 'lambda_B': 1.9856579051174554, 'lambda_G': 1.0952936317256818, 'n_estimators': 3165, 'max_depth': 8, 'learning_rate': 0.013508397657956129, 'subsample': 0.7202808173734718, 'colsample_bytree': 0.4365959250532045, 'colsample_bylevel': 0.586907892016405, 'reg_alpha': 0.03472181966824903, 'reg_lambda': 9.540001635419816, 'gamma': 0.00011626544249714281, 'min_child_weight': 16}. Best is trial 1422 with value: 2.996031181594198e-06.

[Trial 1462/5000] Starting at 06:54:21
  Lambdas: P=1.248, B=1.880, G=0.866
  XGBoost params: n_estimators=532, max_depth=14
  Starting cross-validation...
  Trial 1447 MSE: 0.000004 | MAPE: 0.16% | R²: -0.173264
  Trial time: 20.0s
[I 2026-03-13 06:54:21,675] Trial 1447 finished with value: 4.4141224017962635e-06 and parameters: {'lambda_P': 0.596312230665855, 'lambda_B': 1.9461248186764533, 'lambda_G': 1.0387279319297789, 'n_estimators': 3492, 'max_depth': 16, 'learning_rate': 0.027119930015580964, 'subsample': 0.6496801289086349, 'colsample_bytree': 0.34393884454002804, 'colsample_bylevel': 0.7437743465870869, 'reg_alpha': 0.5072484236979865, 'reg_lambda': 1.3354015818676979, 'gamma': 0.0002667621903172483, 'min_child_weight': 12}. Best is trial 1422 with value: 2.996031181594198e-06.

[Trial 1463/5000] Starting at 06:54:21
  Lambdas: P=0.836, B=1.893, G=0.839
  XGBoost params: n_estimators=5937, max_depth=20
  Starting cross-validation...
  Trial 1461 MSE: 0.000004 | MAPE: 0.14% | R²: -0.003212
  Trial time: 3.1s
[I 2026-03-13 06:54:24,262] Trial 1461 finished with value: 3.572430727726845e-06 and parameters: {'lambda_P': 1.2480154188866788, 'lambda_B': 1.880404469324155, 'lambda_G': 0.8663789443202059, 'n_estimators': 532, 'max_depth': 14, 'learning_rate': 0.07222979931644367, 'subsample': 0.7651093183078906, 'colsample_bytree': 0.42144390281827326, 'colsample_bylevel': 0.5186851149946499, 'reg_alpha': 0.26183345915504763, 'reg_lambda': 9.499258630677321, 'gamma': 0.00011665330358013928, 'min_child_weight': 19}. Best is trial 1422 with value: 2.996031181594198e-06.

[Trial 1464/5000] Starting at 06:54:24
  Lambdas: P=1.382, B=1.648, G=1.318
  XGBoost params: n_estimators=3427, max_depth=13
  Starting cross-validation...
  Trial 1450 MSE: 0.000003 | MAPE: 0.14% | R²: 0.045945
  Trial time: 19.5s
[I 2026-03-13 06:54:25,573] Trial 1450 finished with value: 3.3423948206641516e-06 and parameters: {'lambda_P': 1.2878658868419572, 'lambda_B': 1.985508414885281, 'lambda_G': 1.1928127300137745, 'n_estimators': 3870, 'max_depth': 16, 'learning_rate': 0.03319305454448367, 'subsample': 0.9998002037115886, 'colsample_bytree': 0.5800286760634618, 'colsample_bylevel': 0.3344912800564517, 'reg_alpha': 0.1392050692201936, 'reg_lambda': 0.4157374379271969, 'gamma': 0.00014685838389556332, 'min_child_weight': 2}. Best is trial 1422 with value: 2.996031181594198e-06.

[Trial 1465/5000] Starting at 06:54:25
  Trial 1454 MSE: 0.000004 | MAPE: 0.14% | R²: -0.042852
  Trial time: 14.1s
[I 2026-03-13 06:54:25,804] Trial 1454 finished with value: 3.6568548775472216e-06 and parameters: {'lambda_P': 1.1348184747135324, 'lambda_B': 1.973425096207332, 'lambda_G': 0.9272777666301998, 'n_estimators': 2460, 'max_depth': 7, 'learning_rate': 0.025443601645688305, 'subsample': 0.7678163541528651, 'colsample_bytree': 0.5146520058030482, 'colsample_bylevel': 0.4494409751722397, 'reg_alpha': 0.20959677749097308, 'reg_lambda': 5.903289133028634, 'gamma': 0.0002075038851605068, 'min_child_weight': 18}. Best is trial 1422 with value: 2.996031181594198e-06.

[Trial 1466/5000] Starting at 06:54:25
  Lambdas: P=1.319, B=1.936, G=1.294
  XGBoost params: n_estimators=4992, max_depth=15
  Starting cross-validation...
  Lambdas: P=0.705, B=1.411, G=0.646
  XGBoost params: n_estimators=6843, max_depth=18
  Starting cross-validation...
  Trial 1423 MSE: 0.000004 | MAPE: 0.15% | R²: -0.099030
  Trial time: 56.7s
[I 2026-03-13 06:54:26,911] Trial 1423 finished with value: 4.0473600330318744e-06 and parameters: {'lambda_P': 0.5652476278613701, 'lambda_B': 1.8200268208723693, 'lambda_G': 1.1623152172944862, 'n_estimators': 9711, 'max_depth': 18, 'learning_rate': 0.006193466001453962, 'subsample': 0.6792060555265855, 'colsample_bytree': 0.5057582397297988, 'colsample_bylevel': 0.3853452805274296, 'reg_alpha': 0.39336607422516756, 'reg_lambda': 3.492544409664372, 'gamma': 0.00021010762552575653, 'min_child_weight': 17}. Best is trial 1422 with value: 2.996031181594198e-06.

[Trial 1467/5000] Starting at 06:54:26
  Lambdas: P=1.276, B=1.913, G=1.444
  XGBoost params: n_estimators=749, max_depth=20
  Starting cross-validation...
  Trial 1460 MSE: 0.000004 | MAPE: 0.15% | R²: -0.064511
  Trial time: 7.8s
[I 2026-03-13 06:54:27,957] Trial 1460 finished with value: 3.860407136127226e-06 and parameters: {'lambda_P': 1.108936479449292, 'lambda_B': 1.9310129734956534, 'lambda_G': 1.1910240354337025, 'n_estimators': 1252, 'max_depth': 20, 'learning_rate': 0.008609895463103947, 'subsample': 0.8687056827086502, 'colsample_bytree': 0.8018928151976559, 'colsample_bylevel': 0.651390263936167, 'reg_alpha': 0.3090712886162663, 'reg_lambda': 4.299029887225844, 'gamma': 0.00023843023255141907, 'min_child_weight': 6}. Best is trial 1422 with value: 2.996031181594198e-06.

[Trial 1468/5000] Starting at 06:54:28
  Lambdas: P=1.080, B=1.856, G=0.877
  XGBoost params: n_estimators=2521, max_depth=5
  Starting cross-validation...
  Trial 1459 MSE: 0.000005 | MAPE: 0.16% | R²: -0.303793
  Trial time: 11.5s
[I 2026-03-13 06:54:30,455] Trial 1459 finished with value: 5.0524896793558985e-06 and parameters: {'lambda_P': 1.0093573288524444, 'lambda_B': 1.641354933700403, 'lambda_G': 1.0705483737016441, 'n_estimators': 2202, 'max_depth': 13, 'learning_rate': 0.021892700189009334, 'subsample': 0.9739601448905185, 'colsample_bytree': 0.7690229190301858, 'colsample_bylevel': 0.31842599863685483, 'reg_alpha': 1.602543159059183, 'reg_lambda': 2.5987332706464463, 'gamma': 0.00012039841626482131, 'min_child_weight': 1}. Best is trial 1422 with value: 2.996031181594198e-06.

[Trial 1469/5000] Starting at 06:54:30
  Lambdas: P=0.550, B=1.563, G=0.549
  XGBoost params: n_estimators=5600, max_depth=17
  Starting cross-validation...
  Trial 1466 MSE: 0.000005 | MAPE: 0.16% | R²: -0.314049
  Trial time: 4.4s
[I 2026-03-13 06:54:31,523] Trial 1466 finished with value: 5.076887518448612e-06 and parameters: {'lambda_P': 1.276430321267835, 'lambda_B': 1.9134756809456714, 'lambda_G': 1.4435355497315339, 'n_estimators': 749, 'max_depth': 20, 'learning_rate': 0.08419971609782578, 'subsample': 0.9698201642988636, 'colsample_bytree': 0.575725077036533, 'colsample_bylevel': 0.3577266672457537, 'reg_alpha': 1.7916929818240264, 'reg_lambda': 0.7384351226650345, 'gamma': 0.0008171944812221612, 'min_child_weight': 1}. Best is trial 1422 with value: 2.996031181594198e-06.

[Trial 1470/5000] Starting at 06:54:31
  Lambdas: P=0.791, B=1.447, G=0.652
  XGBoost params: n_estimators=7148, max_depth=17
  Starting cross-validation...
  Trial 1449 MSE: 0.000004 | MAPE: 0.15% | R²: -0.136725
  Trial time: 29.9s
[I 2026-03-13 06:54:33,874] Trial 1449 finished with value: 4.185495999866531e-06 and parameters: {'lambda_P': 0.5238813427234275, 'lambda_B': 1.363064777478037, 'lambda_G': 0.7095916242596452, 'n_estimators': 5183, 'max_depth': 18, 'learning_rate': 0.006741809381827478, 'subsample': 0.6260264729537157, 'colsample_bytree': 0.406185655996169, 'colsample_bylevel': 0.6360299796154565, 'reg_alpha': 0.16897138725571326, 'reg_lambda': 1.759445457022767, 'gamma': 0.0006118884377591051, 'min_child_weight': 7}. Best is trial 1422 with value: 2.996031181594198e-06.

[Trial 1471/5000] Starting at 06:54:33
  Lambdas: P=1.308, B=1.987, G=1.148
  XGBoost params: n_estimators=4042, max_depth=16
  Starting cross-validation...
  Trial 1458 MSE: 0.000004 | MAPE: 0.15% | R²: -0.117440
  Trial time: 17.9s
[I 2026-03-13 06:54:36,444] Trial 1458 finished with value: 4.071215810627148e-06 and parameters: {'lambda_P': 1.0729025605181708, 'lambda_B': 1.9045309048655819, 'lambda_G': 1.1093448156079337, 'n_estimators': 2922, 'max_depth': 7, 'learning_rate': 0.008690918577129633, 'subsample': 0.7507319588054236, 'colsample_bytree': 0.43352278484249773, 'colsample_bylevel': 0.3181232699768519, 'reg_alpha': 0.21872584249437899, 'reg_lambda': 6.842503013556597, 'gamma': 0.0005489104903765905, 'min_child_weight': 17}. Best is trial 1422 with value: 2.996031181594198e-06.

[Trial 1472/5000] Starting at 06:54:36
  Lambdas: P=1.704, B=1.842, G=1.236
  XGBoost params: n_estimators=2543, max_depth=7
  Starting cross-validation...
  Trial 1452 MSE: 0.000004 | MAPE: 0.15% | R²: -0.147264
  Trial time: 29.5s
[I 2026-03-13 06:54:37,894] Trial 1452 finished with value: 4.283965978662705e-06 and parameters: {'lambda_P': 0.7183088471577377, 'lambda_B': 1.5862463743702362, 'lambda_G': 0.6593052364991558, 'n_estimators': 5146, 'max_depth': 20, 'learning_rate': 0.09393597351250517, 'subsample': 0.7401961411157086, 'colsample_bytree': 0.4493215469753764, 'colsample_bylevel': 0.5384288358800969, 'reg_alpha': 0.4544838310273795, 'reg_lambda': 4.678652563063188, 'gamma': 0.00040740789280313636, 'min_child_weight': 9}. Best is trial 1422 with value: 2.996031181594198e-06.

[Trial 1473/5000] Starting at 06:54:37
  Lambdas: P=0.571, B=1.913, G=0.652
  XGBoost params: n_estimators=5845, max_depth=18
  Starting cross-validation...
  Trial 1463 MSE: 0.000004 | MAPE: 0.15% | R²: -0.147976
  Trial time: 16.2s
[I 2026-03-13 06:54:40,662] Trial 1463 finished with value: 4.35591404198972e-06 and parameters: {'lambda_P': 1.381599497714038, 'lambda_B': 1.6477632972499352, 'lambda_G': 1.3178624569107094, 'n_estimators': 3427, 'max_depth': 13, 'learning_rate': 0.004457350014594186, 'subsample': 0.7434502662736402, 'colsample_bytree': 0.54604110183001, 'colsample_bylevel': 0.5500401947128115, 'reg_alpha': 0.6782952745367147, 'reg_lambda': 7.920053890244928, 'gamma': 0.0001340213418738928, 'min_child_weight': 14}. Best is trial 1422 with value: 2.996031181594198e-06.

[Trial 1474/5000] Starting at 06:54:40
  Lambdas: P=0.769, B=1.854, G=1.094
  XGBoost params: n_estimators=599, max_depth=2
  Starting cross-validation...
  Trial 1467 MSE: 0.000004 | MAPE: 0.15% | R²: -0.102099
  Trial time: 13.4s
[I 2026-03-13 06:54:41,530] Trial 1467 finished with value: 4.057659373126982e-06 and parameters: {'lambda_P': 1.0802450754924287, 'lambda_B': 1.85559750776281, 'lambda_G': 0.8772192739868134, 'n_estimators': 2521, 'max_depth': 5, 'learning_rate': 0.02733162872189164, 'subsample': 0.6615192128624268, 'colsample_bytree': 0.36100526582654324, 'colsample_bylevel': 0.8973271869454045, 'reg_alpha': 0.40710488945716683, 'reg_lambda': 8.312972456182301, 'gamma': 0.00017036400533861125, 'min_child_weight': 18}. Best is trial 1422 with value: 2.996031181594198e-06.

[Trial 1475/5000] Starting at 06:54:41
  Lambdas: P=1.238, B=1.830, G=1.048
  XGBoost params: n_estimators=5289, max_depth=14
  Starting cross-validation...
  Trial 1455 MSE: 0.000005 | MAPE: 0.16% | R²: -0.289755
  Trial time: 29.8s
[I 2026-03-13 06:54:42,810] Trial 1455 finished with value: 5.005829607243701e-06 and parameters: {'lambda_P': 0.6943048000282088, 'lambda_B': 1.277617543701013, 'lambda_G': 1.0789873193249755, 'n_estimators': 5231, 'max_depth': 15, 'learning_rate': 0.013612354517733889, 'subsample': 0.6740126841028364, 'colsample_bytree': 0.37327181280241445, 'colsample_bylevel': 0.7396860584777658, 'reg_alpha': 0.6573059830784699, 'reg_lambda': 0.6624053366524154, 'gamma': 0.0007989296930092256, 'min_child_weight': 6}. Best is trial 1422 with value: 2.996031181594198e-06.

[Trial 1476/5000] Starting at 06:54:42
  Lambdas: P=1.646, B=1.808, G=1.211
  XGBoost params: n_estimators=5553, max_depth=9
  Starting cross-validation...
  Trial 1473 MSE: 0.000004 | MAPE: 0.14% | R²: 0.029118
  Trial time: 3.3s
[I 2026-03-13 06:54:44,170] Trial 1473 finished with value: 3.514492179323423e-06 and parameters: {'lambda_P': 0.7687063090480251, 'lambda_B': 1.8538501883363798, 'lambda_G': 1.0942003596428438, 'n_estimators': 599, 'max_depth': 2, 'learning_rate': 0.3002092818288696, 'subsample': 0.7208928887527644, 'colsample_bytree': 0.397795768425694, 'colsample_bylevel': 0.30034921861491415, 'reg_alpha': 0.1033704327089705, 'reg_lambda': 7.927933416869153, 'gamma': 0.0002182894236116047, 'min_child_weight': 11}. Best is trial 1422 with value: 2.996031181594198e-06.

[Trial 1477/5000] Starting at 06:54:44
  Lambdas: P=1.543, B=1.962, G=1.070
  XGBoost params: n_estimators=1942, max_depth=9
  Starting cross-validation...
  Trial 1464 MSE: 0.000004 | MAPE: 0.15% | R²: -0.168319
  Trial time: 22.9s
[I 2026-03-13 06:54:48,660] Trial 1464 finished with value: 4.423490504940418e-06 and parameters: {'lambda_P': 1.3191271541055025, 'lambda_B': 1.9356223199002898, 'lambda_G': 1.294025471712731, 'n_estimators': 4992, 'max_depth': 15, 'learning_rate': 0.07850188574587917, 'subsample': 0.949553556793112, 'colsample_bytree': 0.5598955543242156, 'colsample_bylevel': 0.4554345208308744, 'reg_alpha': 0.804393393660273, 'reg_lambda': 1.3581120798437791, 'gamma': 0.0002683223471177816, 'min_child_weight': 7}. Best is trial 1422 with value: 2.996031181594198e-06.

[Trial 1478/5000] Starting at 06:54:48
  Lambdas: P=1.451, B=1.953, G=0.527
  XGBoost params: n_estimators=1722, max_depth=7
  Starting cross-validation...
  Trial 1471 MSE: 0.000005 | MAPE: 0.16% | R²: -0.260497
  Trial time: 13.8s
[I 2026-03-13 06:54:50,428] Trial 1471 finished with value: 4.91056059954251e-06 and parameters: {'lambda_P': 1.7043875759449516, 'lambda_B': 1.8419015707899924, 'lambda_G': 1.2360694199921718, 'n_estimators': 2543, 'max_depth': 7, 'learning_rate': 0.034916907698811436, 'subsample': 0.540703534033701, 'colsample_bytree': 0.41260323748610106, 'colsample_bylevel': 0.6498100270557677, 'reg_alpha': 0.6618665458271216, 'reg_lambda': 7.956930841187354, 'gamma': 0.00021182434490447184, 'min_child_weight': 15}. Best is trial 1422 with value: 2.996031181594198e-06.

[Trial 1479/5000] Starting at 06:54:50
  Trial 1457 MSE: 0.000004 | MAPE: 0.15% | R²: -0.064644
  Trial time: 35.5s
[I 2026-03-13 06:54:50,848] Trial 1457 finished with value: 3.907490810249319e-06 and parameters: {'lambda_P': 0.7642172461266077, 'lambda_B': 1.3105208255802423, 'lambda_G': 0.8089251143140075, 'n_estimators': 6278, 'max_depth': 14, 'learning_rate': 0.013825358238100804, 'subsample': 0.9159849176292346, 'colsample_bytree': 0.35687671753557443, 'colsample_bylevel': 0.5565702940617062, 'reg_alpha': 0.5634592353017441, 'reg_lambda': 4.706971906616247, 'gamma': 0.0001287548030930616, 'min_child_weight': 11}. Best is trial 1422 with value: 2.996031181594198e-06.

[Trial 1480/5000] Starting at 06:54:50
  Lambdas: P=1.203, B=1.943, G=1.569
  XGBoost params: n_estimators=207, max_depth=10
  Starting cross-validation...
  Lambdas: P=1.259, B=1.808, G=0.917
  XGBoost params: n_estimators=3656, max_depth=7
  Starting cross-validation...
  Trial 1478 MSE: 0.000005 | MAPE: 0.16% | R²: -0.222401
  Trial time: 1.8s
[I 2026-03-13 06:54:52,384] Trial 1478 finished with value: 4.7169831327181595e-06 and parameters: {'lambda_P': 1.2034308114655647, 'lambda_B': 1.9430718773530335, 'lambda_G': 1.569378199767653, 'n_estimators': 207, 'max_depth': 10, 'learning_rate': 0.008742929460839877, 'subsample': 0.7919851300410191, 'colsample_bytree': 0.40487191818131996, 'colsample_bylevel': 0.863648348578307, 'reg_alpha': 0.8245322450380491, 'reg_lambda': 7.26074166512333, 'gamma': 0.0002113758222187197, 'min_child_weight': 16}. Best is trial 1422 with value: 2.996031181594198e-06.

[Trial 1481/5000] Starting at 06:54:52
  Lambdas: P=1.218, B=1.805, G=1.192
  XGBoost params: n_estimators=4216, max_depth=10
  Starting cross-validation...
  Trial 1476 MSE: 0.000005 | MAPE: 0.16% | R²: -0.314049
  Trial time: 8.7s
