[I 2026-03-13 06:23:52,572] Trial 462 finished with value: 5.076887518448612e-06 and parameters: {'lambda_P': 1.413512810946525, 'lambda_B': 1.7348143036218555, 'lambda_G': 0.5781222590848385, 'n_estimators': 9352, 'max_depth': 18, 'learning_rate': 0.30526440114729625, 'subsample': 0.8814913341044499, 'colsample_bytree': 0.44048814366727745, 'colsample_bylevel': 0.5261168840112266, 'reg_alpha': 2.053310714416235, 'reg_lambda': 6.11769336823292, 'gamma': 0.0001619944151287815, 'min_child_weight': 11}. Best is trial 413 with value: 3.3629712059134554e-06.

[Trial 487/5000] Starting at 06:23:52
  Lambdas: P=1.788, B=1.508, G=1.987
  XGBoost params: n_estimators=956, max_depth=9
  Starting cross-validation...
  Trial 468 MSE: 0.000005 | MAPE: 0.16% | R²: -0.314049
  Trial time: 38.6s
[I 2026-03-13 06:23:55,084] Trial 468 finished with value: 5.076887518448612e-06 and parameters: {'lambda_P': 1.9585235177695615, 'lambda_B': 1.205480613425981, 'lambda_G': 1.0849033223291509, 'n_estimators': 8416, 'max_depth': 20, 'learning_rate': 0.008672576753056997, 'subsample': 0.492681629119531, 'colsample_bytree': 0.49329592762168456, 'colsample_bylevel': 0.616816976622773, 'reg_alpha': 0.7217561733053495, 'reg_lambda': 6.086513854426599, 'gamma': 0.0017565882834877481, 'min_child_weight': 13}. Best is trial 413 with value: 3.3629712059134554e-06.

[Trial 488/5000] Starting at 06:23:55
  Lambdas: P=1.218, B=1.969, G=1.983
  XGBoost params: n_estimators=6124, max_depth=3
  Starting cross-validation...
  Trial 481 MSE: 0.000005 | MAPE: 0.16% | R²: -0.314049
  Trial time: 18.3s
[I 2026-03-13 06:23:56,882] Trial 481 finished with value: 5.076887518448612e-06 and parameters: {'lambda_P': 0.6025739877387566, 'lambda_B': 1.4171626488495788, 'lambda_G': 1.9650415425114154, 'n_estimators': 4205, 'max_depth': 18, 'learning_rate': 0.07648321902974668, 'subsample': 0.6926082698447777, 'colsample_bytree': 0.8893369937890934, 'colsample_bylevel': 0.38547320016912123, 'reg_alpha': 1.6585302388086292, 'reg_lambda': 4.4994830571553805, 'gamma': 0.0021594884518563564, 'min_child_weight': 6}. Best is trial 413 with value: 3.3629712059134554e-06.

[Trial 489/5000] Starting at 06:23:56
  Trial 486 MSE: 0.000005 | MAPE: 0.16% | R²: -0.314049
  Trial time: 4.4s
[I 2026-03-13 06:23:57,117] Trial 486 finished with value: 5.076887518448612e-06 and parameters: {'lambda_P': 1.7878563888139472, 'lambda_B': 1.5078540963337455, 'lambda_G': 1.987083245805785, 'n_estimators': 956, 'max_depth': 9, 'learning_rate': 0.40286898817399974, 'subsample': 0.9910483939634178, 'colsample_bytree': 0.5035082788022148, 'colsample_bylevel': 0.941597572514044, 'reg_alpha': 1.626651466657214, 'reg_lambda': 3.911421039904199, 'gamma': 0.0004131038678557276, 'min_child_weight': 12}. Best is trial 413 with value: 3.3629712059134554e-06.

[Trial 490/5000] Starting at 06:23:57
  Lambdas: P=1.112, B=1.505, G=1.975
  XGBoost params: n_estimators=4016, max_depth=5
  Starting cross-validation...
  Lambdas: P=0.725, B=1.884, G=1.430
  XGBoost params: n_estimators=1589, max_depth=7
  Starting cross-validation...
  Trial 469 MSE: 0.000004 | MAPE: 0.16% | R²: -0.224776
  Trial time: 41.1s
[I 2026-03-13 06:23:58,609] Trial 469 finished with value: 4.400832612197393e-06 and parameters: {'lambda_P': 1.097407963086988, 'lambda_B': 0.865486013531037, 'lambda_G': 1.185504006537563, 'n_estimators': 8310, 'max_depth': 3, 'learning_rate': 0.4220602502492383, 'subsample': 0.7286089681966187, 'colsample_bytree': 0.48410762567173193, 'colsample_bylevel': 0.8919007339404248, 'reg_alpha': 0.44606166984506596, 'reg_lambda': 0.21979516147008815, 'gamma': 0.0003061845374739484, 'min_child_weight': 15}. Best is trial 413 with value: 3.3629712059134554e-06.

[Trial 491/5000] Starting at 06:23:58
  Lambdas: P=1.571, B=0.924, G=1.079
  XGBoost params: n_estimators=8348, max_depth=9
  Starting cross-validation...
  Trial 473 MSE: 0.000005 | MAPE: 0.16% | R²: -0.285710
  Trial time: 31.3s
[I 2026-03-13 06:23:59,068] Trial 473 finished with value: 5.001306584729633e-06 and parameters: {'lambda_P': 0.9337627927700054, 'lambda_B': 1.555263878842515, 'lambda_G': 1.7980597458249163, 'n_estimators': 6441, 'max_depth': 20, 'learning_rate': 0.01559669965688896, 'subsample': 0.633187226489669, 'colsample_bytree': 0.5853894211705567, 'colsample_bylevel': 0.3556676981439465, 'reg_alpha': 0.9321208369338635, 'reg_lambda': 3.366514224997231, 'gamma': 0.00016968866464045607, 'min_child_weight': 7}. Best is trial 413 with value: 3.3629712059134554e-06.

[Trial 492/5000] Starting at 06:23:59
  Lambdas: P=1.040, B=1.762, G=1.980
  XGBoost params: n_estimators=4005, max_depth=4
  Starting cross-validation...
  Trial 482 MSE: 0.000005 | MAPE: 0.16% | R²: -0.314049
  Trial time: 18.6s
[I 2026-03-13 06:23:59,659] Trial 482 finished with value: 5.076887518448612e-06 and parameters: {'lambda_P': 1.2389682479040547, 'lambda_B': 1.8917571877341266, 'lambda_G': 1.93590854057047, 'n_estimators': 4603, 'max_depth': 20, 'learning_rate': 0.017918238236827914, 'subsample': 0.7164342796396826, 'colsample_bytree': 0.8526843204431204, 'colsample_bylevel': 0.4100776601829383, 'reg_alpha': 1.6727488212421535, 'reg_lambda': 4.222705480047989, 'gamma': 0.0001248686675826445, 'min_child_weight': 2}. Best is trial 413 with value: 3.3629712059134554e-06.

[Trial 493/5000] Starting at 06:23:59
  Lambdas: P=0.668, B=1.996, G=1.622
  XGBoost params: n_estimators=3125, max_depth=7
  Starting cross-validation...
  Trial 483 MSE: 0.000005 | MAPE: 0.16% | R²: -0.314049
  Trial time: 17.4s
[I 2026-03-13 06:24:00,543] Trial 483 finished with value: 5.076887518448612e-06 and parameters: {'lambda_P': 1.9790078699112987, 'lambda_B': 0.760843449785755, 'lambda_G': 0.7939820676918581, 'n_estimators': 3836, 'max_depth': 15, 'learning_rate': 0.19056844861703834, 'subsample': 0.7304216767622155, 'colsample_bytree': 0.665120172567553, 'colsample_bylevel': 0.560034094926956, 'reg_alpha': 1.602056476211672, 'reg_lambda': 8.908517063819794, 'gamma': 0.0004588047509044375, 'min_child_weight': 5}. Best is trial 413 with value: 3.3629712059134554e-06.

[Trial 494/5000] Starting at 06:24:00
  Lambdas: P=0.830, B=1.997, G=1.861
  XGBoost params: n_estimators=6694, max_depth=6
  Starting cross-validation...
  Trial 484 MSE: 0.000005 | MAPE: 0.16% | R²: -0.269524
  Trial time: 16.4s
[I 2026-03-13 06:24:03,177] Trial 484 finished with value: 4.9531531983511605e-06 and parameters: {'lambda_P': 1.1501952673055358, 'lambda_B': 1.8832192104689667, 'lambda_G': 1.5715881056279088, 'n_estimators': 3467, 'max_depth': 9, 'learning_rate': 0.23464268359643245, 'subsample': 0.9859345415937969, 'colsample_bytree': 0.5057258169577922, 'colsample_bylevel': 0.7328776649219324, 'reg_alpha': 1.4575465745959475, 'reg_lambda': 2.650206026517255, 'gamma': 0.00010917222207593264, 'min_child_weight': 9}. Best is trial 413 with value: 3.3629712059134554e-06.

[Trial 495/5000] Starting at 06:24:03
  Lambdas: P=1.201, B=1.413, G=1.753
  XGBoost params: n_estimators=9259, max_depth=3
  Starting cross-validation...
  Trial 477 MSE: 0.000005 | MAPE: 0.16% | R²: -0.260648
  Trial time: 30.7s
[I 2026-03-13 06:24:05,009] Trial 477 finished with value: 4.91486627700266e-06 and parameters: {'lambda_P': 0.6304501511416384, 'lambda_B': 1.2593181471051795, 'lambda_G': 1.6979066638425764, 'n_estimators': 6940, 'max_depth': 20, 'learning_rate': 0.03967664436022537, 'subsample': 0.49581561074778935, 'colsample_bytree': 0.8936837878330662, 'colsample_bylevel': 0.3831214889495064, 'reg_alpha': 0.6794513618483069, 'reg_lambda': 2.1754313118653013, 'gamma': 0.00012097907190638638, 'min_child_weight': 4}. Best is trial 413 with value: 3.3629712059134554e-06.

[Trial 496/5000] Starting at 06:24:05
  Lambdas: P=1.910, B=0.940, G=0.673
  XGBoost params: n_estimators=1384, max_depth=16
  Starting cross-validation...
  Trial 489 MSE: 0.000005 | MAPE: 0.16% | R²: -0.314049
  Trial time: 8.3s
[I 2026-03-13 06:24:05,604] Trial 489 finished with value: 5.076887518448612e-06 and parameters: {'lambda_P': 0.7250139541042964, 'lambda_B': 1.8835912696004344, 'lambda_G': 1.4296168083984644, 'n_estimators': 1589, 'max_depth': 7, 'learning_rate': 0.46740055651123275, 'subsample': 0.9640736206821072, 'colsample_bytree': 0.3861141755594063, 'colsample_bylevel': 0.9162823105791735, 'reg_alpha': 0.8961352304300694, 'reg_lambda': 4.529331698616, 'gamma': 0.0019539151611971473, 'min_child_weight': 5}. Best is trial 413 with value: 3.3629712059134554e-06.

[Trial 497/5000] Starting at 06:24:05
  Lambdas: P=1.019, B=1.767, G=1.975
  XGBoost params: n_estimators=3018, max_depth=5
  Starting cross-validation...
  Trial 480 MSE: 0.000005 | MAPE: 0.16% | R²: -0.314049
  Trial time: 29.8s
[I 2026-03-13 06:24:06,799] Trial 480 finished with value: 5.076887518448612e-06 and parameters: {'lambda_P': 0.8511615730258177, 'lambda_B': 1.6552748318252704, 'lambda_G': 1.9324137339186047, 'n_estimators': 6343, 'max_depth': 16, 'learning_rate': 0.0539485360243931, 'subsample': 0.533430869928587, 'colsample_bytree': 0.8481084138627554, 'colsample_bylevel': 0.39972448010464157, 'reg_alpha': 2.3513789151875333, 'reg_lambda': 2.716487488097905, 'gamma': 0.000791004967511338, 'min_child_weight': 4}. Best is trial 413 with value: 3.3629712059134554e-06.

[Trial 498/5000] Starting at 06:24:06
  Lambdas: P=1.356, B=0.767, G=0.561
  XGBoost params: n_estimators=2823, max_depth=17
  Starting cross-validation...
  Trial 479 MSE: 0.000005 | MAPE: 0.16% | R²: -0.314049
  Trial time: 32.1s
[I 2026-03-13 06:24:07,997] Trial 479 finished with value: 5.076887518448612e-06 and parameters: {'lambda_P': 1.8270414080345032, 'lambda_B': 1.5557913114182622, 'lambda_G': 0.6067790491338125, 'n_estimators': 6845, 'max_depth': 15, 'learning_rate': 0.3863278778704881, 'subsample': 0.9860332428106869, 'colsample_bytree': 0.7066695655904278, 'colsample_bylevel': 0.33518767107639424, 'reg_alpha': 2.545034346303128, 'reg_lambda': 5.988409125467841, 'gamma': 0.00012818498259510998, 'min_child_weight': 7}. Best is trial 413 with value: 3.3629712059134554e-06.

[Trial 499/5000] Starting at 06:24:08
  Lambdas: P=0.755, B=0.830, G=1.524
  XGBoost params: n_estimators=1150, max_depth=10
  Starting cross-validation...
  Trial 471 MSE: 0.000004 | MAPE: 0.16% | R²: -0.232855
  Trial time: 49.3s
[I 2026-03-13 06:24:08,834] Trial 471 finished with value: 4.448148903040919e-06 and parameters: {'lambda_P': 1.5566233229836368, 'lambda_B': 1.0199289869789472, 'lambda_G': 1.5340237616557924, 'n_estimators': 9848, 'max_depth': 4, 'learning_rate': 0.3035946193011127, 'subsample': 0.6196249087913264, 'colsample_bytree': 0.37418274307558835, 'colsample_bylevel': 0.6277524855600596, 'reg_alpha': 0.42068467025525, 'reg_lambda': 1.9381002113053567, 'gamma': 0.00027924030203114824, 'min_child_weight': 14}. Best is trial 413 with value: 3.3629712059134554e-06.

[Trial 500/5000] Starting at 06:24:08
  Lambdas: P=0.992, B=1.903, G=1.965
  XGBoost params: n_estimators=4802, max_depth=4
  Starting cross-validation...
  Trial 495 MSE: 0.000005 | MAPE: 0.16% | R²: -0.299746
  Trial time: 6.7s
[I 2026-03-13 06:24:11,936] Trial 495 finished with value: 5.040599493557799e-06 and parameters: {'lambda_P': 1.910036326264764, 'lambda_B': 0.9401309396217957, 'lambda_G': 0.6734289070259294, 'n_estimators': 1384, 'max_depth': 16, 'learning_rate': 0.17509001810008465, 'subsample': 0.8481209825815792, 'colsample_bytree': 0.5020030615155725, 'colsample_bylevel': 0.7700897780176129, 'reg_alpha': 1.3548289685403638, 'reg_lambda': 8.040796538869001, 'gamma': 0.00013348894535788542, 'min_child_weight': 13}. Best is trial 413 with value: 3.3629712059134554e-06.

[Trial 501/5000] Starting at 06:24:12
  Lambdas: P=1.763, B=1.970, G=1.834
  XGBoost params: n_estimators=2883, max_depth=13
  Starting cross-validation...
  Trial 498 MSE: 0.000004 | MAPE: 0.15% | R²: -0.103191
  Trial time: 5.6s
[I 2026-03-13 06:24:13,830] Trial 498 finished with value: 4.0241907772592355e-06 and parameters: {'lambda_P': 0.755192959084839, 'lambda_B': 0.8299350995050792, 'lambda_G': 1.524150734670754, 'n_estimators': 1150, 'max_depth': 10, 'learning_rate': 0.0018085305269316676, 'subsample': 0.5955623890571926, 'colsample_bytree': 0.7625832578156646, 'colsample_bylevel': 0.8932725164217858, 'reg_alpha': 0.22221415151825602, 'reg_lambda': 1.7197187402167293, 'gamma': 0.00020123984344891802, 'min_child_weight': 17}. Best is trial 413 with value: 3.3629712059134554e-06.

[Trial 502/5000] Starting at 06:24:13
  Lambdas: P=0.527, B=1.829, G=1.947
  XGBoost params: n_estimators=6390, max_depth=10
  Starting cross-validation...
  Trial 492 MSE: 0.000005 | MAPE: 0.16% | R²: -0.314049
  Trial time: 14.6s
[I 2026-03-13 06:24:14,422] Trial 492 finished with value: 5.076887518448612e-06 and parameters: {'lambda_P': 0.6682964336525843, 'lambda_B': 1.9955503542728412, 'lambda_G': 1.6220531702322125, 'n_estimators': 3125, 'max_depth': 7, 'learning_rate': 0.34364014092704676, 'subsample': 0.9004373748440592, 'colsample_bytree': 0.7144070545718993, 'colsample_bylevel': 0.908954283911822, 'reg_alpha': 2.182141058282743, 'reg_lambda': 4.709816815045319, 'gamma': 0.0006340438142075869, 'min_child_weight': 7}. Best is trial 413 with value: 3.3629712059134554e-06.

[Trial 503/5000] Starting at 06:24:14
  Lambdas: P=0.730, B=1.049, G=1.309
  XGBoost params: n_estimators=201, max_depth=11
  Starting cross-validation...
  Trial 502 MSE: 0.000005 | MAPE: 0.16% | R²: -0.314049
  Trial time: 1.0s
[I 2026-03-13 06:24:15,667] Trial 502 finished with value: 5.076887518448612e-06 and parameters: {'lambda_P': 0.73025665112287, 'lambda_B': 1.0492003654713187, 'lambda_G': 1.3088527788682491, 'n_estimators': 201, 'max_depth': 11, 'learning_rate': 0.0035415747375898356, 'subsample': 0.6918504392391291, 'colsample_bytree': 0.7680268111459969, 'colsample_bylevel': 0.9283162631918997, 'reg_alpha': 2.0132235244757988, 'reg_lambda': 4.170383648632816, 'gamma': 0.0001684200308604344, 'min_child_weight': 18}. Best is trial 413 with value: 3.3629712059134554e-06.

[Trial 504/5000] Starting at 06:24:15
  Lambdas: P=0.878, B=0.575, G=1.592
  XGBoost params: n_estimators=1056, max_depth=11
  Starting cross-validation...
  Trial 476 MSE: 0.000005 | MAPE: 0.16% | R²: -0.253937
  Trial time: 44.2s
[I 2026-03-13 06:24:16,916] Trial 476 finished with value: 4.861764281900935e-06 and parameters: {'lambda_P': 1.2216181746365875, 'lambda_B': 1.3953223657625005, 'lambda_G': 1.451196981426972, 'n_estimators': 8890, 'max_depth': 3, 'learning_rate': 0.1771763303392277, 'subsample': 0.5365638625118393, 'colsample_bytree': 0.4454284351647564, 'colsample_bylevel': 0.8410842164902772, 'reg_alpha': 0.7212662557207503, 'reg_lambda': 0.9700383512667672, 'gamma': 0.0001260861967968825, 'min_child_weight': 18}. Best is trial 413 with value: 3.3629712059134554e-06.

[Trial 505/5000] Starting at 06:24:17
  Lambdas: P=1.915, B=1.417, G=1.049
  XGBoost params: n_estimators=5863, max_depth=20
  Starting cross-validation...
  Trial 487 MSE: 0.000005 | MAPE: 0.16% | R²: -0.315643
  Trial time: 22.3s
[I 2026-03-13 06:24:17,581] Trial 487 finished with value: 5.071483376692809e-06 and parameters: {'lambda_P': 1.2183015748789967, 'lambda_B': 1.9686569085494965, 'lambda_G': 1.983055760171816, 'n_estimators': 6124, 'max_depth': 3, 'learning_rate': 0.21758339208037536, 'subsample': 0.8742555350112954, 'colsample_bytree': 0.6144374923270464, 'colsample_bylevel': 0.9789884984755888, 'reg_alpha': 0.8232797667824231, 'reg_lambda': 3.486929733540314, 'gamma': 0.0012149659473984365, 'min_child_weight': 6}. Best is trial 413 with value: 3.3629712059134554e-06.

[Trial 506/5000] Starting at 06:24:17
  Lambdas: P=1.539, B=0.599, G=0.529
  XGBoost params: n_estimators=6930, max_depth=11
  Starting cross-validation...
  Trial 488 MSE: 0.000005 | MAPE: 0.16% | R²: -0.269402
  Trial time: 21.7s
[I 2026-03-13 06:24:18,732] Trial 488 finished with value: 4.808704790941894e-06 and parameters: {'lambda_P': 1.111969983450504, 'lambda_B': 1.5047137191175595, 'lambda_G': 1.9753449572784618, 'n_estimators': 4016, 'max_depth': 5, 'learning_rate': 0.1081715401563367, 'subsample': 0.9254943603091865, 'colsample_bytree': 0.6820032034871425, 'colsample_bylevel': 0.9308439853784299, 'reg_alpha': 0.1873255477411243, 'reg_lambda': 3.954717296684858, 'gamma': 0.00271496715041198, 'min_child_weight': 1}. Best is trial 413 with value: 3.3629712059134554e-06.

[Trial 507/5000] Starting at 06:24:18
  Lambdas: P=0.889, B=0.845, G=1.502
  XGBoost params: n_estimators=510, max_depth=3
  Starting cross-validation...
  Trial 491 MSE: 0.000005 | MAPE: 0.16% | R²: -0.314049
  Trial time: 20.8s
[I 2026-03-13 06:24:20,032] Trial 491 finished with value: 5.076887518448612e-06 and parameters: {'lambda_P': 1.039962940633267, 'lambda_B': 1.7621726036542311, 'lambda_G': 1.9795977786666215, 'n_estimators': 4005, 'max_depth': 4, 'learning_rate': 0.0698927465874153, 'subsample': 0.85530586461781, 'colsample_bytree': 0.819124515157515, 'colsample_bylevel': 0.8029209529204949, 'reg_alpha': 2.066670258174333, 'reg_lambda': 3.8287946534804753, 'gamma': 0.0010880151884490104, 'min_child_weight': 6}. Best is trial 413 with value: 3.3629712059134554e-06.

[Trial 508/5000] Starting at 06:24:20
  Lambdas: P=0.771, B=1.616, G=1.430
  XGBoost params: n_estimators=7884, max_depth=9
  Starting cross-validation...
  Trial 496 MSE: 0.000005 | MAPE: 0.16% | R²: -0.314049
  Trial time: 15.5s
[I 2026-03-13 06:24:21,310] Trial 496 finished with value: 5.076887518448612e-06 and parameters: {'lambda_P': 1.0191304655502245, 'lambda_B': 1.7669532569242568, 'lambda_G': 1.9749982450140762, 'n_estimators': 3018, 'max_depth': 5, 'learning_rate': 0.41807734885507025, 'subsample': 0.6450168473344464, 'colsample_bytree': 0.825292734374186, 'colsample_bylevel': 0.8440538469980596, 'reg_alpha': 0.7832977469499974, 'reg_lambda': 6.039852019579307, 'gamma': 0.0012261798631997463, 'min_child_weight': 3}. Best is trial 413 with value: 3.3629712059134554e-06.

[Trial 509/5000] Starting at 06:24:21
  Lambdas: P=1.745, B=0.690, G=0.501
  Trial 497 MSE: 0.000004 | MAPE: 0.16% | R²: -0.187260
  Trial time: 14.8s
  XGBoost params: n_estimators=3167, max_depth=19
  Starting cross-validation...
[I 2026-03-13 06:24:21,779] Trial 497 finished with value: 4.364500285577976e-06 and parameters: {'lambda_P': 1.3559759006566894, 'lambda_B': 0.7670929757667354, 'lambda_G': 0.560518673651111, 'n_estimators': 2823, 'max_depth': 17, 'learning_rate': 0.32075949401208437, 'subsample': 0.8037547926876563, 'colsample_bytree': 0.4312190358395443, 'colsample_bylevel': 0.8827987163589017, 'reg_alpha': 0.3213217710789984, 'reg_lambda': 8.280835561946928, 'gamma': 0.0006272136058978439, 'min_child_weight': 9}. Best is trial 413 with value: 3.3629712059134554e-06.

[Trial 510/5000] Starting at 06:24:21
  Lambdas: P=1.246, B=0.785, G=0.648
  XGBoost params: n_estimators=1329, max_depth=19
  Starting cross-validation...
  Trial 503 MSE: 0.000005 | MAPE: 0.16% | R²: -0.281874
  Trial time: 6.5s
[I 2026-03-13 06:24:22,313] Trial 503 finished with value: 4.964362885132236e-06 and parameters: {'lambda_P': 0.8776898894812176, 'lambda_B': 0.5752446998633082, 'lambda_G': 1.5920551066887096, 'n_estimators': 1056, 'max_depth': 11, 'learning_rate': 0.002509580918420981, 'subsample': 0.3747877589648766, 'colsample_bytree': 0.8719214979941191, 'colsample_bylevel': 0.8146259763224484, 'reg_alpha': 0.26244746060183033, 'reg_lambda': 2.290131753856973, 'gamma': 0.000627470641251272, 'min_child_weight': 20}. Best is trial 413 with value: 3.3629712059134554e-06.

[Trial 511/5000] Starting at 06:24:22
  Trial 506 MSE: 0.000005 | MAPE: 0.16% | R²: -0.314049
  Trial time: 3.6s
[I 2026-03-13 06:24:22,478] Trial 506 finished with value: 5.076887518448612e-06 and parameters: {'lambda_P': 0.8894923474328875, 'lambda_B': 0.8449605983887029, 'lambda_G': 1.5024577275868027, 'n_estimators': 510, 'max_depth': 3, 'learning_rate': 0.0011649901500108552, 'subsample': 0.32493834936153165, 'colsample_bytree': 0.7890399060911971, 'colsample_bylevel': 0.8101699281424991, 'reg_alpha': 0.571207092808729, 'reg_lambda': 3.3529286403830536, 'gamma': 0.0005226253136052562, 'min_child_weight': 12}. Best is trial 413 with value: 3.3629712059134554e-06.

[Trial 512/5000] Starting at 06:24:22
  Lambdas: P=1.153, B=1.144, G=0.744
  Lambdas: P=1.113, B=0.643, G=0.631
  XGBoost params: n_estimators=3731, max_depth=19
  Starting cross-validation...
  XGBoost params: n_estimators=561, max_depth=15
  Starting cross-validation...
  Trial 511 MSE: 0.000004 | MAPE: 0.15% | R²: -0.151639
  Trial time: 2.6s
[I 2026-03-13 06:24:25,259] Trial 511 finished with value: 4.272127873876457e-06 and parameters: {'lambda_P': 1.113242874736695, 'lambda_B': 0.6431975361873651, 'lambda_G': 0.6310863313427718, 'n_estimators': 561, 'max_depth': 15, 'learning_rate': 0.11070736688226938, 'subsample': 0.8360321860751404, 'colsample_bytree': 0.31424990538210795, 'colsample_bylevel': 0.8052835446675571, 'reg_alpha': 0.6232042137895696, 'reg_lambda': 6.653552760774632, 'gamma': 0.00024559630560450757, 'min_child_weight': 7}. Best is trial 413 with value: 3.3629712059134554e-06.

[Trial 513/5000] Starting at 06:24:25
  Lambdas: P=1.026, B=0.930, G=0.833
  XGBoost params: n_estimators=1672, max_depth=16
  Starting cross-validation...
  Trial 509 MSE: 0.000005 | MAPE: 0.16% | R²: -0.314049
  Trial time: 6.8s
