[I 2026-03-13 06:52:52,216] Trial 1373 finished with value: 5.076887518448612e-06 and parameters: {'lambda_P': 1.1702240382261755, 'lambda_B': 0.6395386236438857, 'lambda_G': 0.7356137494382783, 'n_estimators': 8780, 'max_depth': 8, 'learning_rate': 0.04160226775092207, 'subsample': 0.9257822886430954, 'colsample_bytree': 0.40895385539436757, 'colsample_bylevel': 0.3964453185000384, 'reg_alpha': 2.4745726864828606, 'reg_lambda': 3.611723158709562, 'gamma': 0.0005405661325546506, 'min_child_weight': 2}. Best is trial 1267 with value: 3.067840594549508e-06.

[Trial 1401/5000] Starting at 06:52:52
  Lambdas: P=1.423, B=1.400, G=1.203
  Lambdas: P=1.515, B=1.625, G=0.609
  XGBoost params: n_estimators=3854, max_depth=3
  Starting cross-validation...
  XGBoost params: n_estimators=6821, max_depth=14
  Starting cross-validation...
  Trial 1393 MSE: 0.000005 | MAPE: 0.16% | R²: -0.314049
  Trial time: 15.6s
[I 2026-03-13 06:52:53,209] Trial 1393 finished with value: 5.076887518448612e-06 and parameters: {'lambda_P': 1.3869349238499091, 'lambda_B': 1.7981967317961138, 'lambda_G': 1.4826959276881593, 'n_estimators': 3007, 'max_depth': 7, 'learning_rate': 0.006529893759896089, 'subsample': 0.8907120442003659, 'colsample_bytree': 0.6533567137189289, 'colsample_bylevel': 0.3209651673972314, 'reg_alpha': 2.7408174243656216, 'reg_lambda': 3.256712702434237, 'gamma': 0.00018361117383062213, 'min_child_weight': 3}. Best is trial 1267 with value: 3.067840594549508e-06.

[Trial 1402/5000] Starting at 06:52:53
  Lambdas: P=1.632, B=1.245, G=0.539
  XGBoost params: n_estimators=2224, max_depth=5
  Starting cross-validation...
  Trial 1395 MSE: 0.000003 | MAPE: 0.14% | R²: 0.037015
  Trial time: 14.5s
[I 2026-03-13 06:52:54,295] Trial 1395 finished with value: 3.350766975743066e-06 and parameters: {'lambda_P': 0.5479646058777415, 'lambda_B': 1.725602852982809, 'lambda_G': 0.7712182681671943, 'n_estimators': 3332, 'max_depth': 17, 'learning_rate': 0.006420028427768941, 'subsample': 0.947815772181239, 'colsample_bytree': 0.4216765795768622, 'colsample_bylevel': 0.4392273127411785, 'reg_alpha': 0.23416790005696853, 'reg_lambda': 3.801856311308063, 'gamma': 0.00012586215540587312, 'min_child_weight': 6}. Best is trial 1267 with value: 3.067840594549508e-06.

[Trial 1403/5000] Starting at 06:52:54
  Lambdas: P=1.337, B=0.940, G=0.582
  XGBoost params: n_estimators=5380, max_depth=10
  Starting cross-validation...
  Trial 1390 MSE: 0.000004 | MAPE: 0.15% | R²: -0.073985
  Trial time: 22.9s
[I 2026-03-13 06:52:58,256] Trial 1390 finished with value: 3.825739638300737e-06 and parameters: {'lambda_P': 1.6059569486534204, 'lambda_B': 1.8022706082660493, 'lambda_G': 1.5051105360817774, 'n_estimators': 4067, 'max_depth': 9, 'learning_rate': 0.0041918938416302225, 'subsample': 0.8141762690109748, 'colsample_bytree': 0.4556713804858038, 'colsample_bylevel': 0.4196771187254438, 'reg_alpha': 0.22336088388837338, 'reg_lambda': 2.169640662865326, 'gamma': 0.00039278712352255223, 'min_child_weight': 3}. Best is trial 1267 with value: 3.067840594549508e-06.

[Trial 1404/5000] Starting at 06:52:58
  Trial 1391 MSE: 0.000005 | MAPE: 0.16% | R²: -0.218522
  Trial time: 22.1s
[I 2026-03-13 06:52:58,431] Trial 1391 finished with value: 4.6793632430196395e-06 and parameters: {'lambda_P': 1.4207731620490929, 'lambda_B': 1.9004542464971705, 'lambda_G': 0.8619114682109769, 'n_estimators': 4218, 'max_depth': 10, 'learning_rate': 0.00861827989811189, 'subsample': 0.8908654977269961, 'colsample_bytree': 0.7064844155514735, 'colsample_bylevel': 0.4186241361348152, 'reg_alpha': 0.7776228622331179, 'reg_lambda': 5.144028942614135, 'gamma': 0.0004579010404757708, 'min_child_weight': 3}. Best is trial 1267 with value: 3.067840594549508e-06.

[Trial 1405/5000] Starting at 06:52:58
  Lambdas: P=0.723, B=1.298, G=0.519
  Lambdas: P=0.680, B=1.762, G=0.922
  XGBoost params: n_estimators=1028, max_depth=19
  Starting cross-validation...
  XGBoost params: n_estimators=3052, max_depth=15
  Starting cross-validation...
  Trial 1389 MSE: 0.000003 | MAPE: 0.14% | R²: 0.018509
  Trial time: 25.9s
[I 2026-03-13 06:52:59,439] Trial 1389 finished with value: 3.3723776039632546e-06 and parameters: {'lambda_P': 1.2967120075088514, 'lambda_B': 1.1410867219018261, 'lambda_G': 0.7005360783566632, 'n_estimators': 4549, 'max_depth': 9, 'learning_rate': 0.0058373353058287615, 'subsample': 0.7707163007262499, 'colsample_bytree': 0.6271761268205913, 'colsample_bylevel': 0.35483166005341715, 'reg_alpha': 0.057705534104143565, 'reg_lambda': 0.18587168765243112, 'gamma': 0.0002329493525560535, 'min_child_weight': 10}. Best is trial 1267 with value: 3.067840594549508e-06.

[Trial 1406/5000] Starting at 06:52:59
  Lambdas: P=0.861, B=1.669, G=0.975
  XGBoost params: n_estimators=6242, max_depth=20
  Starting cross-validation...
  Trial 1397 MSE: 0.000005 | MAPE: 0.16% | R²: -0.196221
  Trial time: 18.8s
[I 2026-03-13 06:53:01,405] Trial 1397 finished with value: 4.556798152113795e-06 and parameters: {'lambda_P': 1.9071961304740321, 'lambda_B': 1.5552638953307978, 'lambda_G': 0.8759019034058755, 'n_estimators': 3494, 'max_depth': 7, 'learning_rate': 0.0022866294770493103, 'subsample': 0.8701535133816746, 'colsample_bytree': 0.5245798708267297, 'colsample_bylevel': 0.31915450565720277, 'reg_alpha': 0.7069039789872118, 'reg_lambda': 2.632689055978406, 'gamma': 0.0003863660334086035, 'min_child_weight': 3}. Best is trial 1267 with value: 3.067840594549508e-06.

[Trial 1407/5000] Starting at 06:53:01
  Lambdas: P=0.523, B=1.960, G=0.505
  XGBoost params: n_estimators=4740, max_depth=13
  Starting cross-validation...
  Trial 1383 MSE: 0.000004 | MAPE: 0.16% | R²: -0.175920
  Trial time: 39.3s
[I 2026-03-13 06:53:03,446] Trial 1383 finished with value: 4.422525242768202e-06 and parameters: {'lambda_P': 1.584746283889763, 'lambda_B': 1.0506418203594265, 'lambda_G': 0.8862687162679049, 'n_estimators': 7004, 'max_depth': 8, 'learning_rate': 0.0024975714680331123, 'subsample': 0.8941835331297027, 'colsample_bytree': 0.32317341602540706, 'colsample_bylevel': 0.7764476107828742, 'reg_alpha': 0.506889133683956, 'reg_lambda': 0.11985827105549651, 'gamma': 0.0006259891773530475, 'min_child_weight': 4}. Best is trial 1267 with value: 3.067840594549508e-06.

[Trial 1408/5000] Starting at 06:53:03
  Lambdas: P=0.558, B=1.924, G=0.870
  XGBoost params: n_estimators=5158, max_depth=13
  Starting cross-validation...
  Trial 1403 MSE: 0.000005 | MAPE: 0.16% | R²: -0.189697
  Trial time: 6.4s
[I 2026-03-13 06:53:04,892] Trial 1403 finished with value: 4.5342814030058635e-06 and parameters: {'lambda_P': 0.7234569527989876, 'lambda_B': 1.297996520070727, 'lambda_G': 0.5193512118809009, 'n_estimators': 1028, 'max_depth': 19, 'learning_rate': 0.004873829896466759, 'subsample': 0.9239003989684054, 'colsample_bytree': 0.34755693884798833, 'colsample_bylevel': 0.5624654910296044, 'reg_alpha': 0.8133743654957809, 'reg_lambda': 5.432142086112433, 'gamma': 0.000283121186602412, 'min_child_weight': 9}. Best is trial 1267 with value: 3.067840594549508e-06.

[Trial 1409/5000] Starting at 06:53:04
  Trial 1401 MSE: 0.000005 | MAPE: 0.16% | R²: -0.304366
  Trial time: 11.8s
[I 2026-03-13 06:53:05,257] Trial 1401 finished with value: 5.053424975121751e-06 and parameters: {'lambda_P': 1.6315002633959417, 'lambda_B': 1.245405784012846, 'lambda_G': 0.5392615854151693, 'n_estimators': 2224, 'max_depth': 5, 'learning_rate': 0.004390567575367916, 'subsample': 0.9019547074979701, 'colsample_bytree': 0.3382408162906685, 'colsample_bylevel': 0.9271465916430738, 'reg_alpha': 1.4316996350737314, 'reg_lambda': 2.2959164603951563, 'gamma': 0.00017195945294524542, 'min_child_weight': 5}. Best is trial 1267 with value: 3.067840594549508e-06.

[Trial 1410/5000] Starting at 06:53:05
  Lambdas: P=0.656, B=1.502, G=0.670
  XGBoost params: n_estimators=4512, max_depth=15
  Starting cross-validation...
  Lambdas: P=0.513, B=1.701, G=0.694
  XGBoost params: n_estimators=4687, max_depth=17
  Starting cross-validation...
  Trial 1388 MSE: 0.000005 | MAPE: 0.16% | R²: -0.314049
  Trial time: 34.2s
[I 2026-03-13 06:53:06,416] Trial 1388 finished with value: 5.076887518448612e-06 and parameters: {'lambda_P': 1.197883965704018, 'lambda_B': 1.7457120836529918, 'lambda_G': 0.8958967667574257, 'n_estimators': 6623, 'max_depth': 16, 'learning_rate': 0.008667101655958655, 'subsample': 0.9730596751796682, 'colsample_bytree': 0.3671019620569069, 'colsample_bylevel': 0.560804788047552, 'reg_alpha': 1.6902634023399963, 'reg_lambda': 0.24099278413156844, 'gamma': 0.0001685660793052303, 'min_child_weight': 10}. Best is trial 1267 with value: 3.067840594549508e-06.

[Trial 1411/5000] Starting at 06:53:06
  Lambdas: P=1.191, B=1.317, G=0.675
  XGBoost params: n_estimators=5890, max_depth=11
  Starting cross-validation...
  Trial 1381 MSE: 0.000004 | MAPE: 0.16% | R²: -0.165873
  Trial time: 48.7s
[I 2026-03-13 06:53:08,253] Trial 1381 finished with value: 4.407854438116049e-06 and parameters: {'lambda_P': 1.1012203347279255, 'lambda_B': 1.6716324549483923, 'lambda_G': 0.8280344939315456, 'n_estimators': 9699, 'max_depth': 19, 'learning_rate': 0.021377532387905445, 'subsample': 0.8281114227472964, 'colsample_bytree': 0.37872390624021446, 'colsample_bylevel': 0.42744650551916424, 'reg_alpha': 0.533610178071471, 'reg_lambda': 4.150453907249369, 'gamma': 0.0005189818867743263, 'min_child_weight': 6}. Best is trial 1267 with value: 3.067840594549508e-06.

[Trial 1412/5000] Starting at 06:53:08
  Lambdas: P=0.514, B=1.709, G=0.780
  XGBoost params: n_estimators=4010, max_depth=19
  Starting cross-validation...
  Trial 1396 MSE: 0.000005 | MAPE: 0.16% | R²: -0.256926
  Trial time: 28.1s
[I 2026-03-13 06:53:10,304] Trial 1396 finished with value: 4.866179797093262e-06 and parameters: {'lambda_P': 0.7626439382529275, 'lambda_B': 1.852867479942432, 'lambda_G': 0.6268686544981412, 'n_estimators': 5350, 'max_depth': 12, 'learning_rate': 0.14133158870389692, 'subsample': 0.7419313344922076, 'colsample_bytree': 0.7926721401898558, 'colsample_bylevel': 0.3080121453283335, 'reg_alpha': 0.8759176420291874, 'reg_lambda': 0.3119913859326515, 'gamma': 0.00022870526024672307, 'min_child_weight': 4}. Best is trial 1267 with value: 3.067840594549508e-06.

[Trial 1413/5000] Starting at 06:53:10
  Lambdas: P=0.611, B=1.535, G=1.111
  XGBoost params: n_estimators=3401, max_depth=17
  Starting cross-validation...
  Trial 1400 MSE: 0.000004 | MAPE: 0.15% | R²: -0.068193
  Trial time: 21.8s
[I 2026-03-13 06:53:14,207] Trial 1400 finished with value: 3.921202324995084e-06 and parameters: {'lambda_P': 1.4230420247510986, 'lambda_B': 1.4001371726355143, 'lambda_G': 1.2027486042420676, 'n_estimators': 3854, 'max_depth': 3, 'learning_rate': 0.015068050615828148, 'subsample': 0.9963169522640658, 'colsample_bytree': 0.5154151376986519, 'colsample_bylevel': 0.9960370508629602, 'reg_alpha': 0.4269395574631242, 'reg_lambda': 4.8678202064666705, 'gamma': 0.00018921120993821837, 'min_child_weight': 9}. Best is trial 1267 with value: 3.067840594549508e-06.

[Trial 1414/5000] Starting at 06:53:14
  Lambdas: P=0.537, B=1.621, G=0.967
  XGBoost params: n_estimators=3294, max_depth=14
  Starting cross-validation...
  Trial 1404 MSE: 0.000005 | MAPE: 0.16% | R²: -0.294940
  Trial time: 16.6s
[I 2026-03-13 06:53:15,237] Trial 1404 finished with value: 5.0296477531727185e-06 and parameters: {'lambda_P': 0.6804611836494375, 'lambda_B': 1.7621917927846813, 'lambda_G': 0.9215517634928825, 'n_estimators': 3052, 'max_depth': 15, 'learning_rate': 0.0014561382661014513, 'subsample': 0.9788963672132849, 'colsample_bytree': 0.4415215076240898, 'colsample_bylevel': 0.40703821580071364, 'reg_alpha': 1.3981048463796222, 'reg_lambda': 1.359036322450252, 'gamma': 0.00025263042189755037, 'min_child_weight': 3}. Best is trial 1267 with value: 3.067840594549508e-06.

[Trial 1415/5000] Starting at 06:53:15
  Lambdas: P=0.891, B=1.593, G=0.858
  XGBoost params: n_estimators=2500, max_depth=16
  Starting cross-validation...
  Trial 1398 MSE: 0.000005 | MAPE: 0.16% | R²: -0.197029
  Trial time: 26.1s
[I 2026-03-13 06:53:15,933] Trial 1398 finished with value: 4.625013881683465e-06 and parameters: {'lambda_P': 1.3496123610896356, 'lambda_B': 1.8513688159430852, 'lambda_G': 0.8571262996142481, 'n_estimators': 5382, 'max_depth': 20, 'learning_rate': 0.001667404571019313, 'subsample': 0.8283749474850818, 'colsample_bytree': 0.31454698626583877, 'colsample_bylevel': 0.5798941186361803, 'reg_alpha': 0.925371595742971, 'reg_lambda': 1.0133155095337822, 'gamma': 0.00012744909936071138, 'min_child_weight': 8}. Best is trial 1267 with value: 3.067840594549508e-06.

[Trial 1416/5000] Starting at 06:53:16
  Lambdas: P=1.192, B=1.923, G=0.899
  XGBoost params: n_estimators=5208, max_depth=18
  Starting cross-validation...
  Trial 1402 MSE: 0.000003 | MAPE: 0.14% | R²: 0.019424
  Trial time: 25.2s
[I 2026-03-13 06:53:19,759] Trial 1402 finished with value: 3.4329581497549225e-06 and parameters: {'lambda_P': 1.3373212415456812, 'lambda_B': 0.9395210101211131, 'lambda_G': 0.5816474874552168, 'n_estimators': 5380, 'max_depth': 10, 'learning_rate': 0.05942083925605977, 'subsample': 0.9110640596996903, 'colsample_bytree': 0.4098697067037199, 'colsample_bylevel': 0.3656860239453625, 'reg_alpha': 0.19206984967306429, 'reg_lambda': 3.494245313455706, 'gamma': 0.00015818673281401137, 'min_child_weight': 16}. Best is trial 1267 with value: 3.067840594549508e-06.

[Trial 1417/5000] Starting at 06:53:19
  Lambdas: P=0.802, B=1.675, G=0.919
  XGBoost params: n_estimators=4199, max_depth=19
  Starting cross-validation...
  Trial 1394 MSE: 0.000004 | MAPE: 0.14% | R²: -0.051932
  Trial time: 45.7s
[I 2026-03-13 06:53:24,834] Trial 1394 finished with value: 3.738157404687952e-06 and parameters: {'lambda_P': 1.2069096305486813, 'lambda_B': 1.8736436608572327, 'lambda_G': 1.105187008855789, 'n_estimators': 8758, 'max_depth': 17, 'learning_rate': 0.023374754276965917, 'subsample': 0.7122314944545841, 'colsample_bytree': 0.551543289485672, 'colsample_bylevel': 0.4126987635914859, 'reg_alpha': 0.19006716631056517, 'reg_lambda': 5.740665634900872, 'gamma': 0.00028872499936117614, 'min_child_weight': 4}. Best is trial 1267 with value: 3.067840594549508e-06.

[Trial 1418/5000] Starting at 06:53:24
  Lambdas: P=1.315, B=0.891, G=0.703
  XGBoost params: n_estimators=9766, max_depth=4
  Starting cross-validation...
  Trial 1412 MSE: 0.000004 | MAPE: 0.16% | R²: -0.173113
  Trial time: 16.1s
[I 2026-03-13 06:53:26,659] Trial 1412 finished with value: 4.443222066482968e-06 and parameters: {'lambda_P': 0.610930576565286, 'lambda_B': 1.5348776073960126, 'lambda_G': 1.1106570462945735, 'n_estimators': 3401, 'max_depth': 17, 'learning_rate': 0.010339425908715201, 'subsample': 0.8085206862063203, 'colsample_bytree': 0.4433899347126861, 'colsample_bylevel': 0.3892480758909747, 'reg_alpha': 0.6629664052878297, 'reg_lambda': 0.4763594293889555, 'gamma': 0.00028475490046554454, 'min_child_weight': 7}. Best is trial 1267 with value: 3.067840594549508e-06.

[Trial 1419/5000] Starting at 06:53:26
  Lambdas: P=0.558, B=1.872, G=0.569
  XGBoost params: n_estimators=5547, max_depth=16
  Starting cross-validation...
  Trial 1411 MSE: 0.000003 | MAPE: 0.14% | R²: 0.041866
  Trial time: 19.0s
[I 2026-03-13 06:53:27,471] Trial 1411 finished with value: 3.2933116097764247e-06 and parameters: {'lambda_P': 0.514190448231588, 'lambda_B': 1.709101734204884, 'lambda_G': 0.7802411799591457, 'n_estimators': 4010, 'max_depth': 19, 'learning_rate': 0.005940688494043714, 'subsample': 0.9813811370491404, 'colsample_bytree': 0.4270138365631098, 'colsample_bylevel': 0.4920105467169804, 'reg_alpha': 0.008536225731330255, 'reg_lambda': 4.761291632094781, 'gamma': 0.00031591574639385357, 'min_child_weight': 5}. Best is trial 1267 with value: 3.067840594549508e-06.

[Trial 1420/5000] Starting at 06:53:27
  Trial 1406 MSE: 0.000005 | MAPE: 0.16% | R²: -0.314049
  Trial time: 26.1s
[I 2026-03-13 06:53:27,689] Trial 1406 finished with value: 5.076887518448612e-06 and parameters: {'lambda_P': 0.5228419650087122, 'lambda_B': 1.9596930958496903, 'lambda_G': 0.5048862334243269, 'n_estimators': 4740, 'max_depth': 13, 'learning_rate': 0.03084739423247548, 'subsample': 0.49819818950415695, 'colsample_bytree': 0.7824567949343573, 'colsample_bylevel': 0.5722437428359465, 'reg_alpha': 2.7641579897258186, 'reg_lambda': 6.902211060096578, 'gamma': 0.00025363845124690176, 'min_child_weight': 18}. Best is trial 1267 with value: 3.067840594549508e-06.

[Trial 1421/5000] Starting at 06:53:27
  Lambdas: P=0.582, B=1.877, G=0.817
  Lambdas: P=0.630, B=1.662, G=1.065
  XGBoost params: n_estimators=1825, max_depth=18
  Starting cross-validation...
  XGBoost params: n_estimators=2901, max_depth=20
  Starting cross-validation...
  Trial 1414 MSE: 0.000003 | MAPE: 0.14% | R²: 0.049728
  Trial 1399 MSE: 0.000005 | MAPE: 0.16% | R²: -0.314049
  Trial time: 13.2s
  Trial time: 36.5s
[I 2026-03-13 06:53:28,722] Trial 1414 finished with value: 3.306368311529152e-06 and parameters: {'lambda_P': 0.8908434511549568, 'lambda_B': 1.59259581660789, 'lambda_G': 0.8581344058922584, 'n_estimators': 2500, 'max_depth': 16, 'learning_rate': 0.0030289796494093885, 'subsample': 0.7990913025436559, 'colsample_bytree': 0.4289681743524926, 'colsample_bylevel': 0.4480927177208114, 'reg_alpha': 0.17725406059421306, 'reg_lambda': 3.724825596226587, 'gamma': 0.00010209564309053756, 'min_child_weight': 7}. Best is trial 1267 with value: 3.067840594549508e-06.
[I 2026-03-13 06:53:28,723] Trial 1399 finished with value: 5.076887518448612e-06 and parameters: {'lambda_P': 1.5149140095030051, 'lambda_B': 1.6253056551017808, 'lambda_G': 0.6093970522264074, 'n_estimators': 6821, 'max_depth': 14, 'learning_rate': 0.004411546978462303, 'subsample': 0.9836772518691506, 'colsample_bytree': 0.36485901804325294, 'colsample_bylevel': 0.43677961442369817, 'reg_alpha': 1.8603315598024783, 'reg_lambda': 2.1009581598501565, 'gamma': 0.0007622926833701612, 'min_child_weight': 9}. Best is trial 1267 with value: 3.067840594549508e-06.

[Trial 1422/5000] Starting at 06:53:28

[Trial 1423/5000] Starting at 06:53:28
  Lambdas: P=0.510, B=1.575, G=0.745
  Lambdas: P=0.569, B=1.703, G=0.888
  XGBoost params: n_estimators=5439, max_depth=19
  Starting cross-validation...
  XGBoost params: n_estimators=1253, max_depth=14
  Starting cross-validation...
  Trial 1409 MSE: 0.000005 | MAPE: 0.16% | R²: -0.195989
  Trial time: 24.6s
[I 2026-03-13 06:53:30,039] Trial 1409 finished with value: 4.5857785069641555e-06 and parameters: {'lambda_P': 0.5129235869914233, 'lambda_B': 1.701069457027885, 'lambda_G': 0.693758231231323, 'n_estimators': 4687, 'max_depth': 17, 'learning_rate': 0.008788489959777062, 'subsample': 0.8177435769217035, 'colsample_bytree': 0.501496532614278, 'colsample_bylevel': 0.44722688621396106, 'reg_alpha': 0.8104754114369502, 'reg_lambda': 1.5050404190927265, 'gamma': 0.0002204002648992441, 'min_child_weight': 6}. Best is trial 1267 with value: 3.067840594549508e-06.

[Trial 1424/5000] Starting at 06:53:30
  Lambdas: P=0.565, B=1.820, G=1.162
  XGBoost params: n_estimators=9711, max_depth=18
  Starting cross-validation...
  Trial 1408 MSE: 0.000004 | MAPE: 0.14% | R²: -0.048725
  Trial time: 25.7s
[I 2026-03-13 06:53:30,771] Trial 1408 finished with value: 3.714050074029092e-06 and parameters: {'lambda_P': 0.6560026422286804, 'lambda_B': 1.5018384149623265, 'lambda_G': 0.6699963269424913, 'n_estimators': 4512, 'max_depth': 15, 'learning_rate': 0.009211806594327904, 'subsample': 0.9628474533392457, 'colsample_bytree': 0.4268531954337989, 'colsample_bylevel': 0.367891189708202, 'reg_alpha': 0.30297572721951715, 'reg_lambda': 2.1678126573683723, 'gamma': 0.0002580700693866655, 'min_child_weight': 4}. Best is trial 1267 with value: 3.067840594549508e-06.

[Trial 1425/5000] Starting at 06:53:30
  Lambdas: P=0.626, B=1.580, G=0.750
  XGBoost params: n_estimators=3659, max_depth=19
  Starting cross-validation...
  Trial 1407 MSE: 0.000005 | MAPE: 0.16% | R²: -0.314049
  Trial time: 28.6s
[I 2026-03-13 06:53:32,223] Trial 1407 finished with value: 5.076887518448612e-06 and parameters: {'lambda_P': 0.5581376562828015, 'lambda_B': 1.9241015452504628, 'lambda_G': 0.8696688119484302, 'n_estimators': 5158, 'max_depth': 13, 'learning_rate': 0.06395697936318376, 'subsample': 0.655262343502869, 'colsample_bytree': 0.6367628942378158, 'colsample_bylevel': 0.3313218728612395, 'reg_alpha': 0.9047489077736627, 'reg_lambda': 7.423113224286383, 'gamma': 0.0009663867997576303, 'min_child_weight': 16}. Best is trial 1267 with value: 3.067840594549508e-06.

[Trial 1426/5000] Starting at 06:53:32
  Lambdas: P=0.667, B=1.939, G=0.815
  XGBoost params: n_estimators=520, max_depth=18
  Starting cross-validation...
  Trial 1413 MSE: 0.000005 | MAPE: 0.16% | R²: -0.314049
  Trial time: 18.9s
[I 2026-03-13 06:53:33,306] Trial 1413 finished with value: 5.076887518448612e-06 and parameters: {'lambda_P': 0.5367745981214143, 'lambda_B': 1.6212475955454366, 'lambda_G': 0.9672589975001114, 'n_estimators': 3294, 'max_depth': 14, 'learning_rate': 0.0019067941493061875, 'subsample': 0.96306467336117, 'colsample_bytree': 0.45728963167295006, 'colsample_bylevel': 0.3663136784479698, 'reg_alpha': 1.9260078474930102, 'reg_lambda': 3.3931913296917084, 'gamma': 0.00014808228393904058, 'min_child_weight': 6}. Best is trial 1267 with value: 3.067840594549508e-06.

[Trial 1427/5000] Starting at 06:53:33
  Lambdas: P=0.529, B=1.651, G=0.589
  XGBoost params: n_estimators=2960, max_depth=19
  Starting cross-validation...
  Trial 1405 MSE: 0.000005 | MAPE: 0.16% | R²: -0.218320
  Trial time: 35.5s
