[I 2026-03-13 07:19:47,207] Trial 2223 finished with value: 3.6931968597286074e-06 and parameters: {'lambda_P': 1.6594938176061984, 'lambda_B': 0.8030101382165576, 'lambda_G': 0.7166968440232119, 'n_estimators': 6120, 'max_depth': 4, 'learning_rate': 0.018133441642055097, 'subsample': 0.7184725280930643, 'colsample_bytree': 0.45837666215857364, 'colsample_bylevel': 0.41338925267227883, 'reg_alpha': 0.3636733047004989, 'reg_lambda': 3.2927305033936074, 'gamma': 0.00012623288405912513, 'min_child_weight': 17}. Best is trial 2210 with value: 2.986319055234564e-06.

[Trial 2238/5000] Starting at 07:19:47
  Lambdas: P=1.877, B=1.044, G=0.569
  XGBoost params: n_estimators=9458, max_depth=9
  Starting cross-validation...
  Trial 2221 MSE: 0.000004 | MAPE: 0.15% | R²: -0.109303
  Trial time: 38.2s
[I 2026-03-13 07:19:47,989] Trial 2221 finished with value: 4.1019193891197006e-06 and parameters: {'lambda_P': 1.96595056027139, 'lambda_B': 0.8654044699190937, 'lambda_G': 0.5237249477190188, 'n_estimators': 7743, 'max_depth': 9, 'learning_rate': 0.008330609287529381, 'subsample': 0.6571451666441908, 'colsample_bytree': 0.7278638490951554, 'colsample_bylevel': 0.32120452898953994, 'reg_alpha': 0.4618638981057567, 'reg_lambda': 3.5394859864126067, 'gamma': 0.00012864617801375524, 'min_child_weight': 18}. Best is trial 2210 with value: 2.986319055234564e-06.

[Trial 2239/5000] Starting at 07:19:48
  Lambdas: P=1.702, B=0.950, G=0.568
  XGBoost params: n_estimators=8855, max_depth=6
  Starting cross-validation...
  Trial 2220 MSE: 0.000004 | MAPE: 0.15% | R²: -0.135876
  Trial time: 42.2s
[I 2026-03-13 07:19:50,605] Trial 2220 finished with value: 4.256265435173182e-06 and parameters: {'lambda_P': 1.7276980188096522, 'lambda_B': 0.6963959575596008, 'lambda_G': 1.1298062657404848, 'n_estimators': 7824, 'max_depth': 6, 'learning_rate': 0.002133708002772361, 'subsample': 0.6254623044157344, 'colsample_bytree': 0.5081684165781798, 'colsample_bylevel': 0.36284224282172006, 'reg_alpha': 0.47261669555847946, 'reg_lambda': 2.242693421502515, 'gamma': 0.000169542898107617, 'min_child_weight': 20}. Best is trial 2210 with value: 2.986319055234564e-06.

[Trial 2240/5000] Starting at 07:19:50
  Lambdas: P=1.343, B=0.998, G=0.596
  XGBoost params: n_estimators=8355, max_depth=8
  Starting cross-validation...
  Trial 2224 MSE: 0.000003 | MAPE: 0.13% | R²: 0.063182
  Trial time: 34.0s
[I 2026-03-13 07:19:52,208] Trial 2224 finished with value: 3.123852926316129e-06 and parameters: {'lambda_P': 1.199295247693121, 'lambda_B': 0.6803719359935023, 'lambda_G': 0.9040959282299852, 'n_estimators': 7662, 'max_depth': 4, 'learning_rate': 0.0160415145919955, 'subsample': 0.7362561466617317, 'colsample_bytree': 0.6362406042820509, 'colsample_bylevel': 0.39094069290399514, 'reg_alpha': 0.05606966273696133, 'reg_lambda': 3.0170536871802542, 'gamma': 0.00011110498597117469, 'min_child_weight': 18}. Best is trial 2210 with value: 2.986319055234564e-06.

[Trial 2241/5000] Starting at 07:19:52
  Lambdas: P=0.976, B=1.013, G=1.140
  XGBoost params: n_estimators=8625, max_depth=4
  Starting cross-validation...
  Trial 2229 MSE: 0.000005 | MAPE: 0.16% | R²: -0.313720
  Trial time: 32.7s
[I 2026-03-13 07:20:03,924] Trial 2229 finished with value: 5.075305512230398e-06 and parameters: {'lambda_P': 0.7830298039927063, 'lambda_B': 0.8123732418083134, 'lambda_G': 0.8249131257427259, 'n_estimators': 7109, 'max_depth': 9, 'learning_rate': 0.315431830712782, 'subsample': 0.6512078494823521, 'colsample_bytree': 0.5728050223094775, 'colsample_bylevel': 0.5907964337894127, 'reg_alpha': 0.19527261685549036, 'reg_lambda': 9.684074351408468, 'gamma': 0.03679394720146797, 'min_child_weight': 2}. Best is trial 2210 with value: 2.986319055234564e-06.

[Trial 2242/5000] Starting at 07:20:04
  Lambdas: P=1.295, B=0.670, G=1.037
  XGBoost params: n_estimators=8643, max_depth=4
  Starting cross-validation...
  Trial 2226 MSE: 0.000005 | MAPE: 0.16% | R²: -0.314049
  Trial time: 43.9s
[I 2026-03-13 07:20:06,985] Trial 2226 finished with value: 5.076887518448612e-06 and parameters: {'lambda_P': 1.266375399665625, 'lambda_B': 1.4745321689230682, 'lambda_G': 1.073693282668516, 'n_estimators': 9543, 'max_depth': 8, 'learning_rate': 0.011989365514979413, 'subsample': 0.5474176653234465, 'colsample_bytree': 0.3732975721170777, 'colsample_bylevel': 0.5404435130289705, 'reg_alpha': 4.568462000800758, 'reg_lambda': 3.8713017228889894, 'gamma': 0.000323364155756294, 'min_child_weight': 2}. Best is trial 2210 with value: 2.986319055234564e-06.

[Trial 2243/5000] Starting at 07:20:07
  Lambdas: P=1.656, B=0.836, G=0.551
  XGBoost params: n_estimators=9709, max_depth=8
  Starting cross-validation...
  Trial 2228 MSE: 0.000003 | MAPE: 0.14% | R²: 0.035646
  Trial time: 42.9s
[I 2026-03-13 07:20:11,715] Trial 2228 finished with value: 3.2991914302720722e-06 and parameters: {'lambda_P': 1.124671104468047, 'lambda_B': 1.2648670419220507, 'lambda_G': 1.1664166507951377, 'n_estimators': 9755, 'max_depth': 12, 'learning_rate': 0.01019408027119817, 'subsample': 0.6361568966817888, 'colsample_bytree': 0.38258233414019743, 'colsample_bylevel': 0.7033779003258482, 'reg_alpha': 0.05767296893258292, 'reg_lambda': 3.6871791551303374, 'gamma': 0.00017783515321822006, 'min_child_weight': 4}. Best is trial 2210 with value: 2.986319055234564e-06.

[Trial 2244/5000] Starting at 07:20:11
  Lambdas: P=1.224, B=1.271, G=0.619
  XGBoost params: n_estimators=7393, max_depth=10
  Starting cross-validation...
  Trial 2230 MSE: 0.000005 | MAPE: 0.16% | R²: -0.314049
  Trial time: 38.7s
[I 2026-03-13 07:20:13,014] Trial 2230 finished with value: 5.076887518448612e-06 and parameters: {'lambda_P': 0.7989259310709801, 'lambda_B': 1.0934611215926924, 'lambda_G': 1.0906740548278635, 'n_estimators': 8978, 'max_depth': 7, 'learning_rate': 0.0028822542082996058, 'subsample': 0.39510092109546263, 'colsample_bytree': 0.4581237172463318, 'colsample_bylevel': 0.35633169784533975, 'reg_alpha': 5.820301244222248, 'reg_lambda': 4.772686725819853, 'gamma': 0.03589064132620244, 'min_child_weight': 16}. Best is trial 2210 with value: 2.986319055234564e-06.

[Trial 2245/5000] Starting at 07:20:13
  Lambdas: P=1.289, B=0.662, G=0.999
  XGBoost params: n_estimators=8558, max_depth=7
  Starting cross-validation...
  Trial 2231 MSE: 0.000005 | MAPE: 0.16% | R²: -0.314049
  Trial time: 40.6s
[I 2026-03-13 07:20:15,214] Trial 2231 finished with value: 5.076887518448612e-06 and parameters: {'lambda_P': 1.6914037203123953, 'lambda_B': 0.8202540556672182, 'lambda_G': 0.5095588118402914, 'n_estimators': 9377, 'max_depth': 3, 'learning_rate': 0.0014799373469352416, 'subsample': 0.6513467668731556, 'colsample_bytree': 0.37938175783929273, 'colsample_bylevel': 0.3028267310962817, 'reg_alpha': 1.1710875624468178, 'reg_lambda': 3.100660596896382, 'gamma': 0.0001583466146425909, 'min_child_weight': 16}. Best is trial 2210 with value: 2.986319055234564e-06.
  Trial 2232 MSE: 0.000005 | MAPE: 0.16% | R²: -0.211813
  Trial time: 38.9s

[Trial 2246/5000] Starting at 07:20:15
[I 2026-03-13 07:20:15,404] Trial 2232 finished with value: 4.661694638404729e-06 and parameters: {'lambda_P': 1.6405228846830597, 'lambda_B': 0.5024695332308196, 'lambda_G': 0.6450581010759583, 'n_estimators': 8479, 'max_depth': 8, 'learning_rate': 0.0013415413686068388, 'subsample': 0.8967115727534506, 'colsample_bytree': 0.44652988893240203, 'colsample_bylevel': 0.5928817511089631, 'reg_alpha': 0.8855499012752369, 'reg_lambda': 1.2574934293659703, 'gamma': 0.0002765938747102177, 'min_child_weight': 20}. Best is trial 2210 with value: 2.986319055234564e-06.

[Trial 2247/5000] Starting at 07:20:15
  Lambdas: P=0.916, B=0.578, G=0.766
  Lambdas: P=1.640, B=0.975, G=0.806
  XGBoost params: n_estimators=7515, max_depth=7
  Starting cross-validation...
  XGBoost params: n_estimators=8488, max_depth=13
  Starting cross-validation...
  Trial 2235 MSE: 0.000005 | MAPE: 0.16% | R²: -0.314049
  Trial time: 32.7s
[I 2026-03-13 07:20:17,353] Trial 2235 finished with value: 5.076887518448612e-06 and parameters: {'lambda_P': 1.5390691906535003, 'lambda_B': 0.6731584458736193, 'lambda_G': 0.6675385706666052, 'n_estimators': 7960, 'max_depth': 12, 'learning_rate': 0.001605163153801016, 'subsample': 0.7403215159556902, 'colsample_bytree': 0.3984108357463876, 'colsample_bylevel': 0.42096852243971083, 'reg_alpha': 0.9409502764917549, 'reg_lambda': 0.5401671385518823, 'gamma': 0.001520586300760306, 'min_child_weight': 19}. Best is trial 2210 with value: 2.986319055234564e-06.

[Trial 2248/5000] Starting at 07:20:17
  Lambdas: P=1.018, B=0.526, G=0.720
  XGBoost params: n_estimators=6807, max_depth=7
  Starting cross-validation...
  Trial 2233 MSE: 0.000005 | MAPE: 0.16% | R²: -0.302828
  Trial time: 40.6s
[I 2026-03-13 07:20:19,428] Trial 2233 finished with value: 5.047401336877833e-06 and parameters: {'lambda_P': 1.9602931243390183, 'lambda_B': 0.7307385104873994, 'lambda_G': 0.5339432133554434, 'n_estimators': 9072, 'max_depth': 9, 'learning_rate': 0.002363458552557826, 'subsample': 0.7807738645279283, 'colsample_bytree': 0.4293748704176617, 'colsample_bylevel': 0.46695441402845644, 'reg_alpha': 0.9568177120536003, 'reg_lambda': 2.918887225785387, 'gamma': 0.0005588631257319454, 'min_child_weight': 18}. Best is trial 2210 with value: 2.986319055234564e-06.

[Trial 2249/5000] Starting at 07:20:19
  Lambdas: P=1.294, B=0.707, G=1.322
  XGBoost params: n_estimators=9861, max_depth=7
  Starting cross-validation...
  Trial 2239 MSE: 0.000005 | MAPE: 0.16% | R²: -0.314049
  Trial time: 29.4s
[I 2026-03-13 07:20:20,224] Trial 2239 finished with value: 5.076887518448612e-06 and parameters: {'lambda_P': 1.3427988307949967, 'lambda_B': 0.9976815909578955, 'lambda_G': 0.5962879274543252, 'n_estimators': 8355, 'max_depth': 8, 'learning_rate': 0.001103315110425338, 'subsample': 0.6981713322049036, 'colsample_bytree': 0.5633780049596449, 'colsample_bylevel': 0.39278518035353305, 'reg_alpha': 2.549411183705566, 'reg_lambda': 2.020385746925084, 'gamma': 0.00014035646594481743, 'min_child_weight': 19}. Best is trial 2210 with value: 2.986319055234564e-06.

[Trial 2250/5000] Starting at 07:20:20
  Lambdas: P=1.232, B=1.038, G=1.329
  XGBoost params: n_estimators=7963, max_depth=2
  Starting cross-validation...
  Trial 2234 MSE: 0.000005 | MAPE: 0.16% | R²: -0.296052
  Trial time: 40.8s
[I 2026-03-13 07:20:23,504] Trial 2234 finished with value: 5.01910568989929e-06 and parameters: {'lambda_P': 1.7964491402107348, 'lambda_B': 0.8845146420304696, 'lambda_G': 0.7428669455924642, 'n_estimators': 8747, 'max_depth': 7, 'learning_rate': 0.015145739615820665, 'subsample': 0.7026834524189213, 'colsample_bytree': 0.4433270859633502, 'colsample_bylevel': 0.3406606821917137, 'reg_alpha': 0.6285123817022418, 'reg_lambda': 1.6494593822223904, 'gamma': 0.000962384446916835, 'min_child_weight': 18}. Best is trial 2210 with value: 2.986319055234564e-06.

[Trial 2251/5000] Starting at 07:20:23
  Lambdas: P=1.090, B=0.558, G=1.413
  XGBoost params: n_estimators=8263, max_depth=6
  Starting cross-validation...
  Trial 2240 MSE: 0.000003 | MAPE: 0.14% | R²: -0.025315
  Trial time: 33.3s
[I 2026-03-13 07:20:25,729] Trial 2240 finished with value: 3.469445016104359e-06 and parameters: {'lambda_P': 0.9762478761803952, 'lambda_B': 1.0133019503066871, 'lambda_G': 1.139888504620769, 'n_estimators': 8625, 'max_depth': 4, 'learning_rate': 0.049946407607486344, 'subsample': 0.5759983773535489, 'colsample_bytree': 0.7552366409988386, 'colsample_bylevel': 0.5242699818685144, 'reg_alpha': 0.03657016022796802, 'reg_lambda': 4.099942951243427, 'gamma': 0.00019242773374913427, 'min_child_weight': 15}. Best is trial 2210 with value: 2.986319055234564e-06.

[Trial 2252/5000] Starting at 07:20:25
  Lambdas: P=1.401, B=1.205, G=0.991
  XGBoost params: n_estimators=8253, max_depth=3
  Starting cross-validation...
  Trial 2236 MSE: 0.000004 | MAPE: 0.14% | R²: -0.003898
  Trial time: 40.7s
[I 2026-03-13 07:20:27,008] Trial 2236 finished with value: 3.5443225016218724e-06 and parameters: {'lambda_P': 1.6260783362868096, 'lambda_B': 1.2785287561992034, 'lambda_G': 1.212618864537944, 'n_estimators': 9250, 'max_depth': 5, 'learning_rate': 0.014433224721498559, 'subsample': 0.7805083699435292, 'colsample_bytree': 0.49732617663962536, 'colsample_bylevel': 0.44587863691051094, 'reg_alpha': 0.2546004428758311, 'reg_lambda': 0.6589063932092385, 'gamma': 0.00014545286566716747, 'min_child_weight': 17}. Best is trial 2210 with value: 2.986319055234564e-06.

[Trial 2253/5000] Starting at 07:20:27
  Lambdas: P=1.114, B=0.780, G=0.909
  Trial 2238 MSE: 0.000005 | MAPE: 0.16% | R²: -0.314049
  Trial time: 39.4s
[I 2026-03-13 07:20:27,598] Trial 2238 finished with value: 5.076887518448612e-06 and parameters: {'lambda_P': 1.7015810561461706, 'lambda_B': 0.9504666998275759, 'lambda_G': 0.567999637833589, 'n_estimators': 8855, 'max_depth': 6, 'learning_rate': 0.0021663888153739194, 'subsample': 0.6849800026764529, 'colsample_bytree': 0.4665105876262378, 'colsample_bylevel': 0.4009311331094232, 'reg_alpha': 1.4909844994091819, 'reg_lambda': 2.025255154899494, 'gamma': 0.0003129612748333726, 'min_child_weight': 20}. Best is trial 2210 with value: 2.986319055234564e-06.
  XGBoost params: n_estimators=9723, max_depth=2
  Starting cross-validation...

[Trial 2254/5000] Starting at 07:20:27
  Lambdas: P=1.155, B=0.528, G=1.270
  XGBoost params: n_estimators=7371, max_depth=6
  Starting cross-validation...
  Trial 2237 MSE: 0.000005 | MAPE: 0.16% | R²: -0.314049
  Trial time: 42.0s
[I 2026-03-13 07:20:29,411] Trial 2237 finished with value: 5.076887518448612e-06 and parameters: {'lambda_P': 1.877052855099519, 'lambda_B': 1.04404383368938, 'lambda_G': 0.5690345893902616, 'n_estimators': 9458, 'max_depth': 9, 'learning_rate': 0.0029367215653391494, 'subsample': 0.8270949084089049, 'colsample_bytree': 0.6226088276618212, 'colsample_bylevel': 0.3294653321082044, 'reg_alpha': 2.8977471520728932, 'reg_lambda': 1.2074566309815038, 'gamma': 0.0003196270554677325, 'min_child_weight': 17}. Best is trial 2210 with value: 2.986319055234564e-06.

[Trial 2255/5000] Starting at 07:20:29
  Lambdas: P=0.936, B=0.603, G=0.954
  XGBoost params: n_estimators=6518, max_depth=4
  Starting cross-validation...
  Trial 2241 MSE: 0.000005 | MAPE: 0.16% | R²: -0.314049
  Trial time: 39.9s
[I 2026-03-13 07:20:44,084] Trial 2241 finished with value: 5.076887518448612e-06 and parameters: {'lambda_P': 1.2951484663961517, 'lambda_B': 0.670218201326905, 'lambda_G': 1.037429763620018, 'n_estimators': 8643, 'max_depth': 4, 'learning_rate': 0.03800149294309045, 'subsample': 0.551677216898987, 'colsample_bytree': 0.5835293726187437, 'colsample_bylevel': 0.4739529364550326, 'reg_alpha': 2.412858066847355, 'reg_lambda': 2.598543194554641, 'gamma': 0.00035283442670918573, 'min_child_weight': 19}. Best is trial 2210 with value: 2.986319055234564e-06.

[Trial 2256/5000] Starting at 07:20:44
  Lambdas: P=1.523, B=1.007, G=1.028
  XGBoost params: n_estimators=7401, max_depth=3
  Starting cross-validation...
  Trial 2243 MSE: 0.000005 | MAPE: 0.16% | R²: -0.260542
  Trial time: 33.4s
[I 2026-03-13 07:20:45,308] Trial 2243 finished with value: 4.92094465049281e-06 and parameters: {'lambda_P': 1.2242795454253572, 'lambda_B': 1.2709489606575899, 'lambda_G': 0.619340831838768, 'n_estimators': 7393, 'max_depth': 10, 'learning_rate': 0.0011166579257569957, 'subsample': 0.47862408398014783, 'colsample_bytree': 0.47506470893122005, 'colsample_bylevel': 0.3211689190725097, 'reg_alpha': 0.621615338384206, 'reg_lambda': 3.3655263247758125, 'gamma': 0.00011453962800414537, 'min_child_weight': 19}. Best is trial 2210 with value: 2.986319055234564e-06.

[Trial 2257/5000] Starting at 07:20:45
  Lambdas: P=0.914, B=0.668, G=1.051
  XGBoost params: n_estimators=6066, max_depth=4
  Starting cross-validation...
  Trial 2247 MSE: 0.000005 | MAPE: 0.16% | R²: -0.314049
  Trial time: 29.6s
[I 2026-03-13 07:20:47,201] Trial 2247 finished with value: 5.076887518448612e-06 and parameters: {'lambda_P': 1.0184643434396017, 'lambda_B': 0.5257308619584097, 'lambda_G': 0.7197400434181856, 'n_estimators': 6807, 'max_depth': 7, 'learning_rate': 0.03166014141974015, 'subsample': 0.4350483752185666, 'colsample_bytree': 0.7305720990457162, 'colsample_bylevel': 0.47740676293239825, 'reg_alpha': 1.0659802118687884, 'reg_lambda': 2.885054898822273, 'gamma': 0.0001804813502934386, 'min_child_weight': 17}. Best is trial 2210 with value: 2.986319055234564e-06.

[Trial 2258/5000] Starting at 07:20:47
  Lambdas: P=1.343, B=0.679, G=0.698
  XGBoost params: n_estimators=8022, max_depth=4
  Starting cross-validation...
  Trial 2249 MSE: 0.000004 | MAPE: 0.16% | R²: -0.178214
  Trial time: 27.9s
[I 2026-03-13 07:20:48,308] Trial 2249 finished with value: 4.478485160436646e-06 and parameters: {'lambda_P': 1.2316208031146563, 'lambda_B': 1.038223625414976, 'lambda_G': 1.3293823466660073, 'n_estimators': 7963, 'max_depth': 2, 'learning_rate': 0.043398832309729525, 'subsample': 0.7341515117593386, 'colsample_bytree': 0.5912327349509942, 'colsample_bylevel': 0.40954539645537547, 'reg_alpha': 0.6908219867694522, 'reg_lambda': 2.865072552819109, 'gamma': 0.00021021382364253338, 'min_child_weight': 20}. Best is trial 2210 with value: 2.986319055234564e-06.

[Trial 2259/5000] Starting at 07:20:48
  Lambdas: P=1.567, B=1.445, G=0.507
  Trial 2246 MSE: 0.000005 | MAPE: 0.16% | R²: -0.314049
  Trial time: 33.2s
[I 2026-03-13 07:20:48,863] Trial 2246 finished with value: 5.076887518448612e-06 and parameters: {'lambda_P': 0.9155488192927306, 'lambda_B': 0.5775741131555865, 'lambda_G': 0.7662727976052518, 'n_estimators': 7515, 'max_depth': 7, 'learning_rate': 0.057686187683732564, 'subsample': 0.8332939810114914, 'colsample_bytree': 0.6894268728292643, 'colsample_bylevel': 0.4259636052086009, 'reg_alpha': 1.773497356408785, 'reg_lambda': 2.6038736124186026, 'gamma': 0.00021035497213489615, 'min_child_weight': 16}. Best is trial 2210 with value: 2.986319055234564e-06.

[Trial 2260/5000] Starting at 07:20:48
  XGBoost params: n_estimators=8725, max_depth=7
  Starting cross-validation...
  Lambdas: P=1.880, B=0.638, G=1.188
  XGBoost params: n_estimators=7179, max_depth=2
  Starting cross-validation...
  Trial 2242 MSE: 0.000004 | MAPE: 0.15% | R²: -0.128561
  Trial time: 43.7s
[I 2026-03-13 07:20:50,939] Trial 2242 finished with value: 4.204969966567314e-06 and parameters: {'lambda_P': 1.6556379623081543, 'lambda_B': 0.8357772573074576, 'lambda_G': 0.5509286843759608, 'n_estimators': 9709, 'max_depth': 8, 'learning_rate': 0.0014613873472529623, 'subsample': 0.7334875109868686, 'colsample_bytree': 0.3977021521529874, 'colsample_bylevel': 0.3841337776364921, 'reg_alpha': 0.4678635706416915, 'reg_lambda': 3.3279829345685585, 'gamma': 0.0002555022288589391, 'min_child_weight': 16}. Best is trial 2210 with value: 2.986319055234564e-06.

[Trial 2261/5000] Starting at 07:20:51
  Lambdas: P=1.559, B=0.538, G=1.055
  XGBoost params: n_estimators=8303, max_depth=8
  Starting cross-validation...
  Trial 2254 MSE: 0.000005 | MAPE: 0.16% | R²: -0.314049
  Trial time: 22.0s
[I 2026-03-13 07:20:51,676] Trial 2254 finished with value: 5.076887518448612e-06 and parameters: {'lambda_P': 0.9358725987355859, 'lambda_B': 0.6028837935373432, 'lambda_G': 0.9538574950025792, 'n_estimators': 6518, 'max_depth': 4, 'learning_rate': 0.005527732013014042, 'subsample': 0.9141474981935089, 'colsample_bytree': 0.7270232242043237, 'colsample_bylevel': 0.383653534931466, 'reg_alpha': 2.1011538038318562, 'reg_lambda': 2.312647562176341, 'gamma': 0.00016465242591097405, 'min_child_weight': 17}. Best is trial 2210 with value: 2.986319055234564e-06.

[Trial 2262/5000] Starting at 07:20:51
  Lambdas: P=1.223, B=1.240, G=1.243
  XGBoost params: n_estimators=7198, max_depth=6
  Starting cross-validation...
  Trial 2244 MSE: 0.000005 | MAPE: 0.16% | R²: -0.314049
  Trial time: 39.2s
[I 2026-03-13 07:20:52,457] Trial 2244 finished with value: 5.076887518448612e-06 and parameters: {'lambda_P': 1.2894748828197236, 'lambda_B': 0.6620486194461044, 'lambda_G': 0.9989427681716447, 'n_estimators': 8558, 'max_depth': 7, 'learning_rate': 0.03591972187152586, 'subsample': 0.8022038438291641, 'colsample_bytree': 0.7431764931312645, 'colsample_bylevel': 0.5067140049087536, 'reg_alpha': 2.8995588309421665, 'reg_lambda': 3.771087421231151, 'gamma': 0.00024093883092223133, 'min_child_weight': 18}. Best is trial 2210 with value: 2.986319055234564e-06.

[Trial 2263/5000] Starting at 07:20:52
  Lambdas: P=1.281, B=1.389, G=0.702
  XGBoost params: n_estimators=8457, max_depth=5
  Starting cross-validation...
  Trial 2245 MSE: 0.000004 | MAPE: 0.14% | R²: 0.002750
  Trial time: 38.9s
[I 2026-03-13 07:20:54,477] Trial 2245 finished with value: 3.5023450136646905e-06 and parameters: {'lambda_P': 1.639523711758952, 'lambda_B': 0.974691327697391, 'lambda_G': 0.8058152863216073, 'n_estimators': 8488, 'max_depth': 13, 'learning_rate': 0.0015201376922288148, 'subsample': 0.8755962111542677, 'colsample_bytree': 0.6152295637971175, 'colsample_bylevel': 0.31509232488358435, 'reg_alpha': 0.24511558814245205, 'reg_lambda': 0.4387871854236809, 'gamma': 0.0001623065452115032, 'min_child_weight': 20}. Best is trial 2210 with value: 2.986319055234564e-06.

[Trial 2264/5000] Starting at 07:20:54
  Lambdas: P=1.285, B=1.252, G=0.886
  XGBoost params: n_estimators=8430, max_depth=2
  Starting cross-validation...
  Trial 2253 MSE: 0.000004 | MAPE: 0.15% | R²: -0.133634
  Trial time: 32.6s
