[I 2026-03-13 06:56:59,568] Trial 1540 finished with value: 5.076887518448612e-06 and parameters: {'lambda_P': 1.5938781391165397, 'lambda_B': 1.2059916138367592, 'lambda_G': 0.5374483199716278, 'n_estimators': 9870, 'max_depth': 15, 'learning_rate': 0.001810622401909885, 'subsample': 0.8785481736562538, 'colsample_bytree': 0.3422883123110625, 'colsample_bylevel': 0.3678070841333159, 'reg_alpha': 1.2370871622145057, 'reg_lambda': 5.541401946806967, 'gamma': 0.0004965189129059058, 'min_child_weight': 7}. Best is trial 1422 with value: 2.996031181594198e-06.
  XGBoost params: n_estimators=9348, max_depth=11
  Starting cross-validation...

[Trial 1563/5000] Starting at 06:56:59
  Lambdas: P=0.574, B=1.993, G=0.942
  XGBoost params: n_estimators=5395, max_depth=18
  Starting cross-validation...
  Trial 1547 MSE: 0.000005 | MAPE: 0.16% | R²: -0.314049
  Trial time: 39.5s
[I 2026-03-13 06:57:05,090] Trial 1547 finished with value: 5.076887518448612e-06 and parameters: {'lambda_P': 1.462085782610926, 'lambda_B': 1.0495907971508105, 'lambda_G': 0.6962609113933071, 'n_estimators': 8695, 'max_depth': 16, 'learning_rate': 0.006350766284366852, 'subsample': 0.7925720527577524, 'colsample_bytree': 0.4580752550031922, 'colsample_bylevel': 0.4345583439275189, 'reg_alpha': 2.110462320804445, 'reg_lambda': 7.192393612119609, 'gamma': 0.0001047769104965777, 'min_child_weight': 9}. Best is trial 1422 with value: 2.996031181594198e-06.

[Trial 1564/5000] Starting at 06:57:05
  Lambdas: P=0.613, B=1.442, G=1.120
  XGBoost params: n_estimators=4695, max_depth=20
  Starting cross-validation...
  Trial 1548 MSE: 0.000004 | MAPE: 0.14% | R²: -0.020886
  Trial time: 40.6s
[I 2026-03-13 06:57:08,029] Trial 1548 finished with value: 3.5580647210258677e-06 and parameters: {'lambda_P': 1.6137070221439895, 'lambda_B': 1.5645739924433104, 'lambda_G': 0.591506785352809, 'n_estimators': 8769, 'max_depth': 14, 'learning_rate': 0.018812107468217144, 'subsample': 0.6578253245067397, 'colsample_bytree': 0.4111170806204555, 'colsample_bylevel': 0.6557888802719543, 'reg_alpha': 0.13799317186535193, 'reg_lambda': 3.6928504179996064, 'gamma': 0.00024602582053053656, 'min_child_weight': 8}. Best is trial 1422 with value: 2.996031181594198e-06.

[Trial 1565/5000] Starting at 06:57:08  Trial 1549 MSE: 0.000005 | MAPE: 0.16% | R²: -0.314049
  Trial time: 40.5s

[I 2026-03-13 06:57:08,207] Trial 1549 finished with value: 5.076887518448612e-06 and parameters: {'lambda_P': 1.447553876542401, 'lambda_B': 1.0281332633960194, 'lambda_G': 0.5796849561971695, 'n_estimators': 8680, 'max_depth': 15, 'learning_rate': 0.004918413582077435, 'subsample': 0.821106015900268, 'colsample_bytree': 0.3822203022497634, 'colsample_bylevel': 0.4642660707152902, 'reg_alpha': 1.5933989579622763, 'reg_lambda': 2.1640945079561287, 'gamma': 0.0012612438289962087, 'min_child_weight': 9}. Best is trial 1422 with value: 2.996031181594198e-06.

[Trial 1566/5000] Starting at 06:57:08
  Lambdas: P=0.520, B=1.701, G=1.098
  Lambdas: P=1.351, B=1.505, G=0.903
  XGBoost params: n_estimators=3061, max_depth=20
  Starting cross-validation...
  XGBoost params: n_estimators=5371, max_depth=9
  Starting cross-validation...
  Trial 1550 MSE: 0.000004 | MAPE: 0.14% | R²: -0.061933
  Trial time: 42.0s
[I 2026-03-13 06:57:11,160] Trial 1550 finished with value: 3.7887066593008732e-06 and parameters: {'lambda_P': 1.4975625668575665, 'lambda_B': 0.9087967416747003, 'lambda_G': 1.1160123136479112, 'n_estimators': 9872, 'max_depth': 13, 'learning_rate': 0.02405571112916999, 'subsample': 0.9062381553375903, 'colsample_bytree': 0.4199350561098356, 'colsample_bylevel': 0.42481428109675223, 'reg_alpha': 0.37549166478793244, 'reg_lambda': 2.810593026971934, 'gamma': 0.00020138190186407744, 'min_child_weight': 9}. Best is trial 1422 with value: 2.996031181594198e-06.

[Trial 1567/5000] Starting at 06:57:11
  Lambdas: P=1.687, B=1.852, G=0.659
  XGBoost params: n_estimators=3762, max_depth=5
  Starting cross-validation...
  Trial 1559 MSE: 0.000005 | MAPE: 0.16% | R²: -0.314049
  Trial time: 15.9s
[I 2026-03-13 06:57:12,642] Trial 1559 finished with value: 5.076887518448612e-06 and parameters: {'lambda_P': 0.5592889360850704, 'lambda_B': 1.7385254542584367, 'lambda_G': 1.246420695928959, 'n_estimators': 3773, 'max_depth': 19, 'learning_rate': 0.0010416209534225922, 'subsample': 0.7759803761376006, 'colsample_bytree': 0.31018920691049656, 'colsample_bylevel': 0.8255352406347518, 'reg_alpha': 1.3912897817156684, 'reg_lambda': 1.9805913066073437, 'gamma': 0.0005919977680531861, 'min_child_weight': 15}. Best is trial 1422 with value: 2.996031181594198e-06.

[Trial 1568/5000] Starting at 06:57:12
  Lambdas: P=0.572, B=1.670, G=1.104
  XGBoost params: n_estimators=3051, max_depth=16
  Starting cross-validation...
  Trial 1558 MSE: 0.000005 | MAPE: 0.16% | R²: -0.314049
  Trial time: 22.2s
[I 2026-03-13 06:57:16,946] Trial 1558 finished with value: 5.076887518448612e-06 and parameters: {'lambda_P': 0.5669569374077621, 'lambda_B': 1.305582277024284, 'lambda_G': 0.9168424365013419, 'n_estimators': 4371, 'max_depth': 19, 'learning_rate': 0.002688347806767898, 'subsample': 0.7222025274175403, 'colsample_bytree': 0.3480769733536343, 'colsample_bylevel': 0.7035637108174827, 'reg_alpha': 2.180822677351538, 'reg_lambda': 1.2531420510683646, 'gamma': 0.00014253499853030774, 'min_child_weight': 11}. Best is trial 1422 with value: 2.996031181594198e-06.

[Trial 1569/5000] Starting at 06:57:17  Trial 1557 MSE: 0.000003 | MAPE: 0.13% | R²: 0.071159

  Trial time: 23.6s
[I 2026-03-13 06:57:17,124] Trial 1557 finished with value: 3.1833788582914908e-06 and parameters: {'lambda_P': 0.7894024455953406, 'lambda_B': 1.2073230134032027, 'lambda_G': 1.3316947555579288, 'n_estimators': 5024, 'max_depth': 20, 'learning_rate': 0.002815018085100297, 'subsample': 0.9834901472025684, 'colsample_bytree': 0.42227236525844786, 'colsample_bylevel': 0.66595655572327, 'reg_alpha': 0.10178465273161691, 'reg_lambda': 1.405339722684657, 'gamma': 0.0001229676982862282, 'min_child_weight': 18}. Best is trial 1422 with value: 2.996031181594198e-06.

[Trial 1570/5000] Starting at 06:57:17
  Lambdas: P=0.603, B=1.727, G=1.559
  Lambdas: P=0.620, B=1.258, G=1.059
  XGBoost params: n_estimators=4104, max_depth=14
  Starting cross-validation...
  XGBoost params: n_estimators=5704, max_depth=20
  Starting cross-validation...
  Trial 1552 MSE: 0.000004 | MAPE: 0.14% | R²: -0.004021
  Trial time: 41.3s
[I 2026-03-13 06:57:20,198] Trial 1552 finished with value: 3.5253732351045304e-06 and parameters: {'lambda_P': 1.2715905444085895, 'lambda_B': 1.544394913925557, 'lambda_G': 0.7672590901832487, 'n_estimators': 8835, 'max_depth': 12, 'learning_rate': 0.0049433418097756185, 'subsample': 0.8824205402197831, 'colsample_bytree': 0.44083310828654965, 'colsample_bylevel': 0.5468259798228149, 'reg_alpha': 0.23280782733495559, 'reg_lambda': 2.9885989752095594, 'gamma': 0.0001974228826403546, 'min_child_weight': 10}. Best is trial 1422 with value: 2.996031181594198e-06.

[Trial 1571/5000] Starting at 06:57:20
  Lambdas: P=0.711, B=1.272, G=1.133
  XGBoost params: n_estimators=5643, max_depth=19
  Starting cross-validation...
  Trial 1553 MSE: 0.000005 | MAPE: 0.16% | R²: -0.314049
  Trial time: 42.4s
[I 2026-03-13 06:57:22,980] Trial 1553 finished with value: 5.076887518448612e-06 and parameters: {'lambda_P': 0.7249382362581618, 'lambda_B': 1.8534202616610382, 'lambda_G': 0.9628609689699146, 'n_estimators': 8633, 'max_depth': 15, 'learning_rate': 0.006337743066643296, 'subsample': 0.3939615234789609, 'colsample_bytree': 0.3085332835676328, 'colsample_bylevel': 0.3351088977331452, 'reg_alpha': 3.327717754374455, 'reg_lambda': 2.7400629307624023, 'gamma': 0.06803982999313422, 'min_child_weight': 5}. Best is trial 1422 with value: 2.996031181594198e-06.

[Trial 1572/5000] Starting at 06:57:23
  Trial 1564 MSE: 0.000004 | MAPE: 0.15% | R²: -0.132009
  Trial time: 14.9s
[I 2026-03-13 06:57:23,164] Trial 1564 finished with value: 4.2690035079720764e-06 and parameters: {'lambda_P': 0.5201639602106507, 'lambda_B': 1.7011060673560214, 'lambda_G': 1.0975065821109238, 'n_estimators': 3061, 'max_depth': 20, 'learning_rate': 0.004846949645850009, 'subsample': 0.8881838909392653, 'colsample_bytree': 0.3540480660611216, 'colsample_bylevel': 0.614359784414014, 'reg_alpha': 0.6912772164081122, 'reg_lambda': 1.3244971511118129, 'gamma': 0.00020512473187939712, 'min_child_weight': 16}. Best is trial 1422 with value: 2.996031181594198e-06.

[Trial 1573/5000] Starting at 06:57:23
  Lambdas: P=1.095, B=0.996, G=1.541
  Lambdas: P=1.115, B=1.222, G=1.130
  XGBoost params: n_estimators=5538, max_depth=18
  Starting cross-validation...
  XGBoost params: n_estimators=4223, max_depth=19
  Starting cross-validation...
  Trial 1554 MSE: 0.000004 | MAPE: 0.15% | R²: -0.065116
  Trial time: 40.9s
[I 2026-03-13 06:57:25,087] Trial 1554 finished with value: 3.856995020993934e-06 and parameters: {'lambda_P': 1.1625030183923568, 'lambda_B': 1.7547109983462428, 'lambda_G': 0.6798548824117452, 'n_estimators': 8666, 'max_depth': 9, 'learning_rate': 0.011493400043153254, 'subsample': 0.9076798153892017, 'colsample_bytree': 0.5184370794303242, 'colsample_bylevel': 0.4932046103586839, 'reg_alpha': 0.49972253113081705, 'reg_lambda': 4.97886245430661, 'gamma': 0.00014863656545643656, 'min_child_weight': 9}. Best is trial 1422 with value: 2.996031181594198e-06.

[Trial 1574/5000] Starting at 06:57:25
  Lambdas: P=0.856, B=1.085, G=1.176
  XGBoost params: n_estimators=613, max_depth=20
  Starting cross-validation...
  Trial 1566 MSE: 0.000004 | MAPE: 0.15% | R²: -0.137709
  Trial time: 14.5s
[I 2026-03-13 06:57:25,869] Trial 1566 finished with value: 4.157880042366504e-06 and parameters: {'lambda_P': 1.6873598593690147, 'lambda_B': 1.852157077980538, 'lambda_G': 0.6587742198501549, 'n_estimators': 3762, 'max_depth': 5, 'learning_rate': 0.007558200808480333, 'subsample': 0.8386355396561713, 'colsample_bytree': 0.5006760044560267, 'colsample_bylevel': 0.99373372245304, 'reg_alpha': 0.05044811393988109, 'reg_lambda': 4.830027641647934, 'gamma': 0.0009459755254109853, 'min_child_weight': 12}. Best is trial 1422 with value: 2.996031181594198e-06.

[Trial 1575/5000] Starting at 06:57:25
  Lambdas: P=1.040, B=1.343, G=1.395
  XGBoost params: n_estimators=3252, max_depth=14
  Starting cross-validation...
  Trial 1562 MSE: 0.000005 | MAPE: 0.16% | R²: -0.280682
  Trial time: 27.0s
[I 2026-03-13 06:57:26,789] Trial 1562 finished with value: 4.9710322847811805e-06 and parameters: {'lambda_P': 0.5737689268746724, 'lambda_B': 1.9926869557964744, 'lambda_G': 0.9417593215691445, 'n_estimators': 5395, 'max_depth': 18, 'learning_rate': 0.009205119449109914, 'subsample': 0.9845320621514544, 'colsample_bytree': 0.46658071462699297, 'colsample_bylevel': 0.3012986542302315, 'reg_alpha': 0.6091415173467934, 'reg_lambda': 5.94853165632753, 'gamma': 0.0016214270220290747, 'min_child_weight': 3}. Best is trial 1422 with value: 2.996031181594198e-06.

[Trial 1576/5000] Starting at 06:57:26
  Lambdas: P=0.803, B=1.000, G=1.739
  XGBoost params: n_estimators=3506, max_depth=18
  Starting cross-validation...
  Trial 1563 MSE: 0.000005 | MAPE: 0.16% | R²: -0.314049
  Trial time: 22.8s
[I 2026-03-13 06:57:28,153] Trial 1563 finished with value: 5.076887518448612e-06 and parameters: {'lambda_P': 0.6132654566366736, 'lambda_B': 1.4422011830370154, 'lambda_G': 1.1204488213276549, 'n_estimators': 4695, 'max_depth': 20, 'learning_rate': 0.0156193141021111, 'subsample': 0.8895689128569064, 'colsample_bytree': 0.36826326035858253, 'colsample_bylevel': 0.6371529685679406, 'reg_alpha': 1.554552446680033, 'reg_lambda': 3.1276468958843315, 'gamma': 0.0008439352607118589, 'min_child_weight': 19}. Best is trial 1422 with value: 2.996031181594198e-06.
  Trial 1567 MSE: 0.000005 | MAPE: 0.16% | R²: -0.194658

[Trial 1577/5000] Starting at 06:57:28  Trial time: 15.5s

[I 2026-03-13 06:57:28,335] Trial 1567 finished with value: 4.530394117110572e-06 and parameters: {'lambda_P': 0.5719374813734626, 'lambda_B': 1.6699800822237543, 'lambda_G': 1.1040751782392784, 'n_estimators': 3051, 'max_depth': 16, 'learning_rate': 0.008679960710777956, 'subsample': 0.9762816605127265, 'colsample_bytree': 0.3863815570695953, 'colsample_bylevel': 0.766998094145978, 'reg_alpha': 0.5833627026692902, 'reg_lambda': 2.03310479267692, 'gamma': 0.0007489901339617983, 'min_child_weight': 12}. Best is trial 1422 with value: 2.996031181594198e-06.

[Trial 1578/5000] Starting at 06:57:28
  Lambdas: P=1.066, B=1.075, G=1.658
  Lambdas: P=1.199, B=0.841, G=1.379
  XGBoost params: n_estimators=3670, max_depth=17
  Starting cross-validation...
  XGBoost params: n_estimators=3099, max_depth=18
  Starting cross-validation...
  Trial 1573 MSE: 0.000005 | MAPE: 0.16% | R²: -0.314049
  Trial time: 4.4s
[I 2026-03-13 06:57:29,697] Trial 1573 finished with value: 5.076887518448612e-06 and parameters: {'lambda_P': 0.8560966932330921, 'lambda_B': 1.0848336114181871, 'lambda_G': 1.176446592954514, 'n_estimators': 613, 'max_depth': 20, 'learning_rate': 0.0025708488284544896, 'subsample': 0.9352179907429281, 'colsample_bytree': 0.41344208258906684, 'colsample_bylevel': 0.7942902468736059, 'reg_alpha': 0.9563201084772226, 'reg_lambda': 0.3154978693206958, 'gamma': 0.002050961328746068, 'min_child_weight': 20}. Best is trial 1422 with value: 2.996031181594198e-06.

[Trial 1579/5000] Starting at 06:57:29
  Lambdas: P=1.081, B=1.633, G=1.236
  XGBoost params: n_estimators=6205, max_depth=19
  Starting cross-validation...
  Trial 1556 MSE: 0.000004 | MAPE: 0.15% | R²: -0.084804
  Trial time: 37.7s
[I 2026-03-13 06:57:30,797] Trial 1556 finished with value: 3.913460219469833e-06 and parameters: {'lambda_P': 1.6662609924941685, 'lambda_B': 1.1617837895338754, 'lambda_G': 0.8173765528125077, 'n_estimators': 8087, 'max_depth': 14, 'learning_rate': 0.007531992711175273, 'subsample': 0.7122600043443073, 'colsample_bytree': 0.44386754504261866, 'colsample_bylevel': 0.4661358932015299, 'reg_alpha': 0.3139304614160885, 'reg_lambda': 2.456193216093153, 'gamma': 0.0002541547950729672, 'min_child_weight': 12}. Best is trial 1422 with value: 2.996031181594198e-06.

[Trial 1580/5000] Starting at 06:57:30
  Lambdas: P=0.690, B=0.975, G=1.569
  XGBoost params: n_estimators=2634, max_depth=19
  Starting cross-validation...
  Trial 1560 MSE: 0.000005 | MAPE: 0.16% | R²: -0.314049
  Trial time: 34.7s
[I 2026-03-13 06:57:31,647] Trial 1560 finished with value: 5.076887518448612e-06 and parameters: {'lambda_P': 1.4026875215564047, 'lambda_B': 1.2822650133993805, 'lambda_G': 1.408527590497864, 'n_estimators': 7504, 'max_depth': 17, 'learning_rate': 0.0018735255143548842, 'subsample': 0.8147722256752852, 'colsample_bytree': 0.6731459528025681, 'colsample_bylevel': 0.33931303987230443, 'reg_alpha': 3.022895717722595, 'reg_lambda': 0.3982231412832898, 'gamma': 0.00011930022730293712, 'min_child_weight': 5}. Best is trial 1422 with value: 2.996031181594198e-06.

[Trial 1581/5000] Starting at 06:57:31
  Lambdas: P=0.629, B=1.662, G=1.043
  XGBoost params: n_estimators=6582, max_depth=15
  Starting cross-validation...
  Trial 1565 MSE: 0.000004 | MAPE: 0.15% | R²: -0.040104
  Trial time: 28.0s
[I 2026-03-13 06:57:36,376] Trial 1565 finished with value: 3.7564339848680993e-06 and parameters: {'lambda_P': 1.3509469008537505, 'lambda_B': 1.5047542278320651, 'lambda_G': 0.9034823446521614, 'n_estimators': 5371, 'max_depth': 9, 'learning_rate': 0.1557068233246777, 'subsample': 0.9076591024468155, 'colsample_bytree': 0.6346392376377157, 'colsample_bylevel': 0.4624774138753973, 'reg_alpha': 0.23158227456200253, 'reg_lambda': 5.890728213995628, 'gamma': 0.00026430739825537353, 'min_child_weight': 7}. Best is trial 1422 with value: 2.996031181594198e-06.

[Trial 1582/5000] Starting at 06:57:36
  Lambdas: P=0.981, B=0.999, G=1.132
  XGBoost params: n_estimators=7141, max_depth=18
  Starting cross-validation...
  Trial 1569 MSE: 0.000005 | MAPE: 0.16% | R²: -0.298434
  Trial time: 21.4s
[I 2026-03-13 06:57:38,767] Trial 1569 finished with value: 5.040001633910832e-06 and parameters: {'lambda_P': 0.6030958857052708, 'lambda_B': 1.7266952309457326, 'lambda_G': 1.5586619314201564, 'n_estimators': 4104, 'max_depth': 14, 'learning_rate': 0.15150474493620153, 'subsample': 0.9951381776299112, 'colsample_bytree': 0.6097531507562786, 'colsample_bylevel': 0.3315413627335835, 'reg_alpha': 1.5093870603347521, 'reg_lambda': 9.124984740650232, 'gamma': 0.00026861183588344583, 'min_child_weight': 14}. Best is trial 1422 with value: 2.996031181594198e-06.

[Trial 1583/5000] Starting at 06:57:38
  Lambdas: P=1.144, B=1.042, G=1.325
  XGBoost params: n_estimators=6411, max_depth=20
  Starting cross-validation...
  Trial 1574 MSE: 0.000003 | MAPE: 0.14% | R²: 0.037379
  Trial time: 13.6s
[I 2026-03-13 06:57:39,696] Trial 1574 finished with value: 3.3166901236999938e-06 and parameters: {'lambda_P': 1.0402396730079384, 'lambda_B': 1.3430063986228735, 'lambda_G': 1.3949867258644721, 'n_estimators': 3252, 'max_depth': 14, 'learning_rate': 0.001551224119103158, 'subsample': 0.9376763554880444, 'colsample_bytree': 0.3862388061364502, 'colsample_bylevel': 0.7845157094979324, 'reg_alpha': 0.05163178004994681, 'reg_lambda': 1.3717920126774243, 'gamma': 0.00020975238927104306, 'min_child_weight': 20}. Best is trial 1422 with value: 2.996031181594198e-06.

[Trial 1584/5000] Starting at 06:57:39
  Lambdas: P=1.231, B=1.271, G=1.313
  XGBoost params: n_estimators=2337, max_depth=12
  Starting cross-validation...
  Trial 1579 MSE: 0.000005 | MAPE: 0.16% | R²: -0.314049
  Trial time: 12.0s
[I 2026-03-13 06:57:43,028] Trial 1579 finished with value: 5.076887518448612e-06 and parameters: {'lambda_P': 0.6897162704726059, 'lambda_B': 0.9754363203132681, 'lambda_G': 1.568924097542266, 'n_estimators': 2634, 'max_depth': 19, 'learning_rate': 0.005123861084286093, 'subsample': 0.941763976355391, 'colsample_bytree': 0.4185577613042169, 'colsample_bylevel': 0.5095322608923624, 'reg_alpha': 1.7126355441078487, 'reg_lambda': 0.38114720325929263, 'gamma': 0.00011741139686934574, 'min_child_weight': 15}. Best is trial 1422 with value: 2.996031181594198e-06.

[Trial 1585/5000] Starting at 06:57:43
  Lambdas: P=1.208, B=1.636, G=1.496
  XGBoost params: n_estimators=1731, max_depth=15
  Starting cross-validation...
  Trial 1577 MSE: 0.000005 | MAPE: 0.16% | R²: -0.314049
  Trial time: 15.4s
[I 2026-03-13 06:57:43,903] Trial 1577 finished with value: 5.076887518448612e-06 and parameters: {'lambda_P': 1.199306179788742, 'lambda_B': 0.841148125711634, 'lambda_G': 1.3792817702210196, 'n_estimators': 3099, 'max_depth': 18, 'learning_rate': 0.0010029320990043934, 'subsample': 0.9249746751909176, 'colsample_bytree': 0.3120499025323302, 'colsample_bylevel': 0.8610650223678489, 'reg_alpha': 2.168493074877868, 'reg_lambda': 1.4041751629279207, 'gamma': 0.001569556051518351, 'min_child_weight': 14}. Best is trial 1422 with value: 2.996031181594198e-06.

[Trial 1586/5000] Starting at 06:57:43
  Lambdas: P=0.789, B=1.203, G=1.676
  XGBoost params: n_estimators=3343, max_depth=12
  Starting cross-validation...
  Trial 1575 MSE: 0.000005 | MAPE: 0.16% | R²: -0.314049
  Trial time: 18.1s
[I 2026-03-13 06:57:45,100] Trial 1575 finished with value: 5.076887518448612e-06 and parameters: {'lambda_P': 0.8025968817020709, 'lambda_B': 1.0004491667918665, 'lambda_G': 1.738845219005981, 'n_estimators': 3506, 'max_depth': 18, 'learning_rate': 0.004470459437964707, 'subsample': 0.9744944873911818, 'colsample_bytree': 0.5764518217464201, 'colsample_bylevel': 0.8064438150594514, 'reg_alpha': 2.381375818881543, 'reg_lambda': 0.5314897967805775, 'gamma': 0.0004652195892668143, 'min_child_weight': 17}. Best is trial 1422 with value: 2.996031181594198e-06.

[Trial 1587/5000] Starting at 06:57:45
  Trial 1572 MSE: 0.000004 | MAPE: 0.15% | R²: -0.079577
  Trial time: 22.1s
[I 2026-03-13 06:57:45,509] Trial 1572 finished with value: 3.912909259106463e-06 and parameters: {'lambda_P': 1.1145756631097226, 'lambda_B': 1.2223024277925678, 'lambda_G': 1.1301736583708573, 'n_estimators': 4223, 'max_depth': 19, 'learning_rate': 0.00325325916706722, 'subsample': 0.95363268484298, 'colsample_bytree': 0.30669826907947556, 'colsample_bylevel': 0.7449094810101804, 'reg_alpha': 0.38624907480711335, 'reg_lambda': 0.4682427849444002, 'gamma': 0.0003496228744725894, 'min_child_weight': 19}. Best is trial 1422 with value: 2.996031181594198e-06.

[Trial 1588/5000] Starting at 06:57:45
  Lambdas: P=1.039, B=1.174, G=1.137
  XGBoost params: n_estimators=2908, max_depth=11
  Starting cross-validation...
  Lambdas: P=1.263, B=1.191, G=1.631
  XGBoost params: n_estimators=2800, max_depth=13
  Starting cross-validation...
  Trial 1561 MSE: 0.000005 | MAPE: 0.16% | R²: -0.305481
  Trial time: 47.8s
[I 2026-03-13 06:57:46,979] Trial 1561 finished with value: 5.056331023891768e-06 and parameters: {'lambda_P': 1.4195054591494878, 'lambda_B': 1.118028265354529, 'lambda_G': 0.6015839448963008, 'n_estimators': 9348, 'max_depth': 11, 'learning_rate': 0.002001254594317206, 'subsample': 0.9013019518774629, 'colsample_bytree': 0.553625505828798, 'colsample_bylevel': 0.4284980076399706, 'reg_alpha': 1.4385222248270535, 'reg_lambda': 3.7997580436622935, 'gamma': 0.00017254410155055885, 'min_child_weight': 11}. Best is trial 1422 with value: 2.996031181594198e-06.

[Trial 1589/5000] Starting at 06:57:47
  Trial 1576 MSE: 0.000005 | MAPE: 0.16% | R²: -0.314049
  Trial time: 18.8s
