[I 2026-03-13 06:30:20,273] Trial 651 finished with value: 5.076887518448612e-06 and parameters: {'lambda_P': 0.9254082964038242, 'lambda_B': 1.7877786786641972, 'lambda_G': 0.9254175044984416, 'n_estimators': 9666, 'max_depth': 10, 'learning_rate': 0.0014237340071239595, 'subsample': 0.8807607043528918, 'colsample_bytree': 0.5065836918604112, 'colsample_bylevel': 0.6516387927857263, 'reg_alpha': 2.1592799880626177, 'reg_lambda': 9.052729455008071, 'gamma': 0.00015485251363283253, 'min_child_weight': 7}. Best is trial 660 with value: 3.2379913054860083e-06.

[Trial 675/5000] Starting at 06:30:20
  Lambdas: P=1.574, B=1.280, G=0.946
  XGBoost params: n_estimators=5596, max_depth=12
  Starting cross-validation...
  Trial 663 MSE: 0.000004 | MAPE: 0.15% | R²: -0.114631
  Trial time: 26.8s
[I 2026-03-13 06:30:21,971] Trial 663 finished with value: 4.006254085074155e-06 and parameters: {'lambda_P': 1.8726231104162254, 'lambda_B': 1.561240166509351, 'lambda_G': 1.0273447690987512, 'n_estimators': 6362, 'max_depth': 13, 'learning_rate': 0.3072736245214152, 'subsample': 0.9894448094405909, 'colsample_bytree': 0.47966968350093797, 'colsample_bylevel': 0.34040533469247924, 'reg_alpha': 0.2675577540222034, 'reg_lambda': 1.6388881477739248, 'gamma': 0.000308947452026195, 'min_child_weight': 5}. Best is trial 660 with value: 3.2379913054860083e-06.

[Trial 676/5000] Starting at 06:30:22
  Lambdas: P=1.872, B=1.656, G=0.749
  XGBoost params: n_estimators=7645, max_depth=15
  Starting cross-validation...
  Trial 658 MSE: 0.000005 | MAPE: 0.16% | R²: -0.314049
  Trial time: 38.7s
[I 2026-03-13 06:30:25,523] Trial 658 finished with value: 5.076887518448612e-06 and parameters: {'lambda_P': 0.592710035832539, 'lambda_B': 1.9898216264997626, 'lambda_G': 1.0210277241317516, 'n_estimators': 8492, 'max_depth': 19, 'learning_rate': 0.03296607602414706, 'subsample': 0.8654412129887283, 'colsample_bytree': 0.5863241704838059, 'colsample_bylevel': 0.3464312808535871, 'reg_alpha': 1.3395021379680374, 'reg_lambda': 8.989399755240793, 'gamma': 0.0007386281135788122, 'min_child_weight': 20}. Best is trial 660 with value: 3.2379913054860083e-06.

[Trial 677/5000] Starting at 06:30:25
  Lambdas: P=0.534, B=1.865, G=1.066
  Trial 662 MSE: 0.000004 | MAPE: 0.15% | R²: -0.054265
  Trial time: 32.8s
[I 2026-03-13 06:30:25,996] Trial 662 finished with value: 3.818044751488134e-06 and parameters: {'lambda_P': 1.1827911082971612, 'lambda_B': 1.4735462735464284, 'lambda_G': 1.0295483248998418, 'n_estimators': 7432, 'max_depth': 19, 'learning_rate': 0.0010411978008820588, 'subsample': 0.9597256897502289, 'colsample_bytree': 0.6732095805083796, 'colsample_bylevel': 0.6194537147316962, 'reg_alpha': 0.4543503152102448, 'reg_lambda': 5.173351594931942, 'gamma': 0.00013893818690210847, 'min_child_weight': 5}. Best is trial 660 with value: 3.2379913054860083e-06.  XGBoost params: n_estimators=4097, max_depth=15

  Starting cross-validation...

[Trial 678/5000] Starting at 06:30:26
  Lambdas: P=1.004, B=1.873, G=0.788
  XGBoost params: n_estimators=4534, max_depth=20
  Starting cross-validation...
  Trial 666 MSE: 0.000004 | MAPE: 0.15% | R²: -0.105997
  Trial time: 21.8s
[I 2026-03-13 06:30:26,595] Trial 666 finished with value: 4.086744434423371e-06 and parameters: {'lambda_P': 0.803082770208789, 'lambda_B': 1.7885574033097738, 'lambda_G': 1.0054179749950662, 'n_estimators': 5099, 'max_depth': 18, 'learning_rate': 0.037082037629727525, 'subsample': 0.9332838226666998, 'colsample_bytree': 0.5398920375644043, 'colsample_bylevel': 0.4875600028390496, 'reg_alpha': 0.5515490979439853, 'reg_lambda': 4.747874123286652, 'gamma': 0.00023747605488338853, 'min_child_weight': 18}. Best is trial 660 with value: 3.2379913054860083e-06.

[Trial 679/5000] Starting at 06:30:26
  Lambdas: P=0.672, B=1.506, G=0.889
  XGBoost params: n_estimators=6983, max_depth=20
  Starting cross-validation...
  Trial 669 MSE: 0.000005 | MAPE: 0.16% | R²: -0.314049
  Trial time: 17.0s
[I 2026-03-13 06:30:27,861] Trial 669 finished with value: 5.076887518448612e-06 and parameters: {'lambda_P': 0.7654745315724685, 'lambda_B': 1.7038210855839824, 'lambda_G': 0.776847493292035, 'n_estimators': 4661, 'max_depth': 18, 'learning_rate': 0.01745420037547878, 'subsample': 0.6411554512160512, 'colsample_bytree': 0.8588142291597243, 'colsample_bylevel': 0.41074513066256446, 'reg_alpha': 3.6842502408616875, 'reg_lambda': 5.0946139112323126, 'gamma': 0.00010904485323491376, 'min_child_weight': 20}. Best is trial 660 with value: 3.2379913054860083e-06.

[Trial 680/5000] Starting at 06:30:27
  Trial 664 MSE: 0.000004 | MAPE: 0.15% | R²: -0.145952
  Trial time: 31.0s
[I 2026-03-13 06:30:28,033] Trial 664 finished with value: 4.280524572050062e-06 and parameters: {'lambda_P': 0.9178964464694926, 'lambda_B': 1.5001103192840572, 'lambda_G': 0.9547289945742803, 'n_estimators': 6983, 'max_depth': 18, 'learning_rate': 0.02304892411105866, 'subsample': 0.8582940228490444, 'colsample_bytree': 0.7901371405032539, 'colsample_bylevel': 0.34658767089957443, 'reg_alpha': 0.5723500252046347, 'reg_lambda': 6.831893884961458, 'gamma': 0.0003184862154631554, 'min_child_weight': 16}. Best is trial 660 with value: 3.2379913054860083e-06.

[Trial 681/5000] Starting at 06:30:28
  Lambdas: P=1.022, B=1.794, G=0.774
  XGBoost params: n_estimators=7452, max_depth=18
  Starting cross-validation...
  Lambdas: P=1.656, B=1.695, G=1.053
  XGBoost params: n_estimators=8771, max_depth=12
  Starting cross-validation...
  Trial 668 MSE: 0.000005 | MAPE: 0.16% | R²: -0.314049
  Trial time: 26.0s
[I 2026-03-13 06:30:33,807] Trial 668 finished with value: 5.076887518448612e-06 and parameters: {'lambda_P': 0.7491371738555648, 'lambda_B': 1.8165733378349347, 'lambda_G': 0.7021451092587183, 'n_estimators': 5940, 'max_depth': 15, 'learning_rate': 0.22632374983497672, 'subsample': 0.646646258762873, 'colsample_bytree': 0.8449446947360081, 'colsample_bylevel': 0.37439660415340226, 'reg_alpha': 1.956153159180477, 'reg_lambda': 9.74255317944522, 'gamma': 0.00041257142259567826, 'min_child_weight': 20}. Best is trial 660 with value: 3.2379913054860083e-06.

[Trial 682/5000] Starting at 06:30:33
  Lambdas: P=1.270, B=1.756, G=0.602
  XGBoost params: n_estimators=9396, max_depth=16
  Starting cross-validation...
  Trial 671 MSE: 0.000004 | MAPE: 0.15% | R²: -0.081081
  Trial time: 21.4s
[I 2026-03-13 06:30:37,007] Trial 671 finished with value: 3.889743623425032e-06 and parameters: {'lambda_P': 1.9924740379496952, 'lambda_B': 1.6103437968662109, 'lambda_G': 1.0005979752640008, 'n_estimators': 4939, 'max_depth': 12, 'learning_rate': 0.3392235522326979, 'subsample': 0.597264613081022, 'colsample_bytree': 0.5429885780839755, 'colsample_bylevel': 0.41545082564333746, 'reg_alpha': 0.2959727618005045, 'reg_lambda': 0.8259249272803391, 'gamma': 0.00017113427082282508, 'min_child_weight': 6}. Best is trial 660 with value: 3.2379913054860083e-06.

[Trial 683/5000] Starting at 06:30:37
  Lambdas: P=1.827, B=1.787, G=0.867
  XGBoost params: n_estimators=6193, max_depth=13
  Starting cross-validation...
  Trial 665 MSE: 0.000004 | MAPE: 0.15% | R²: -0.105985
  Trial time: 37.1s
[I 2026-03-13 06:30:38,391] Trial 665 finished with value: 4.023828157529154e-06 and parameters: {'lambda_P': 1.2190526144897977, 'lambda_B': 1.4980238379478663, 'lambda_G': 0.6476463867778262, 'n_estimators': 8341, 'max_depth': 15, 'learning_rate': 0.0033404588299846593, 'subsample': 0.8629714805635513, 'colsample_bytree': 0.7478081748715659, 'colsample_bylevel': 0.33418891382335203, 'reg_alpha': 0.27224527201704546, 'reg_lambda': 4.549304986847174, 'gamma': 0.00046848742517048163, 'min_child_weight': 7}. Best is trial 660 with value: 3.2379913054860083e-06.

[Trial 684/5000] Starting at 06:30:38
  Lambdas: P=1.976, B=1.666, G=1.039
  XGBoost params: n_estimators=5166, max_depth=12
  Starting cross-validation...
  Trial 676 MSE: 0.000004 | MAPE: 0.15% | R²: -0.154501
  Trial time: 17.3s
[I 2026-03-13 06:30:43,007] Trial 676 finished with value: 4.370672048988002e-06 and parameters: {'lambda_P': 0.5338196472860034, 'lambda_B': 1.8648530047491036, 'lambda_G': 1.0661804431967303, 'n_estimators': 4097, 'max_depth': 15, 'learning_rate': 0.013783566145875241, 'subsample': 0.46532832576586175, 'colsample_bytree': 0.8831087068381804, 'colsample_bylevel': 0.3136628298214679, 'reg_alpha': 0.43233809411152313, 'reg_lambda': 6.667384573894461, 'gamma': 0.00011422766608756326, 'min_child_weight': 19}. Best is trial 660 with value: 3.2379913054860083e-06.

[Trial 685/5000] Starting at 06:30:43
  Lambdas: P=1.688, B=1.462, G=1.048
  XGBoost params: n_estimators=8386, max_depth=19  Trial 667 MSE: 0.000005 | MAPE: 0.16% | R²: -0.314049
  Trial time: 37.2s

  Starting cross-validation...
[I 2026-03-13 06:30:43,513] Trial 667 finished with value: 5.076887518448612e-06 and parameters: {'lambda_P': 1.4672257995377223, 'lambda_B': 1.5142099113449226, 'lambda_G': 0.9707817785485251, 'n_estimators': 8618, 'max_depth': 14, 'learning_rate': 0.0014355971616173192, 'subsample': 0.8478552771421065, 'colsample_bytree': 0.6101553056780825, 'colsample_bylevel': 0.6043940167766952, 'reg_alpha': 1.622071112866967, 'reg_lambda': 5.243223351484998, 'gamma': 0.0007684580936746233, 'min_child_weight': 5}. Best is trial 660 with value: 3.2379913054860083e-06.

[Trial 686/5000] Starting at 06:30:43
  Lambdas: P=1.748, B=1.801, G=1.059
  XGBoost params: n_estimators=2196, max_depth=9
  Starting cross-validation...
  Trial 674 MSE: 0.000004 | MAPE: 0.16% | R²: -0.169373
  Trial time: 24.9s
[I 2026-03-13 06:30:45,362] Trial 674 finished with value: 4.466280635654653e-06 and parameters: {'lambda_P': 1.5743869269357613, 'lambda_B': 1.2798881990131696, 'lambda_G': 0.9462866172913207, 'n_estimators': 5596, 'max_depth': 12, 'learning_rate': 0.26892179414678, 'subsample': 0.7808538068991913, 'colsample_bytree': 0.6370928391772009, 'colsample_bylevel': 0.7180858280644434, 'reg_alpha': 0.7484363990605614, 'reg_lambda': 0.07054825116650248, 'gamma': 0.000256471727298972, 'min_child_weight': 6}. Best is trial 660 with value: 3.2379913054860083e-06.

[Trial 687/5000] Starting at 06:30:45
  Lambdas: P=1.950, B=1.602, G=0.964
  XGBoost params: n_estimators=5736, max_depth=13
  Starting cross-validation...
  Trial 677 MSE: 0.000005 | MAPE: 0.16% | R²: -0.314049
  Trial time: 20.1s
[I 2026-03-13 06:30:46,276] Trial 677 finished with value: 5.076887518448612e-06 and parameters: {'lambda_P': 1.0039641497521852, 'lambda_B': 1.8731135012647069, 'lambda_G': 0.787526046856615, 'n_estimators': 4534, 'max_depth': 20, 'learning_rate': 0.001102419940320984, 'subsample': 0.6689986542441105, 'colsample_bytree': 0.6294814294224838, 'colsample_bylevel': 0.3001401521530134, 'reg_alpha': 1.2182441371013821, 'reg_lambda': 1.6856489416247777, 'gamma': 0.00011015034009727317, 'min_child_weight': 14}. Best is trial 660 with value: 3.2379913054860083e-06.

[Trial 688/5000] Starting at 06:30:46
  Lambdas: P=1.841, B=1.925, G=0.892
  XGBoost params: n_estimators=9074, max_depth=15
  Starting cross-validation...
  Trial 679 MSE: 0.000005 | MAPE: 0.16% | R²: -0.192123
  Trial time: 23.1s
[I 2026-03-13 06:30:51,129] Trial 679 finished with value: 4.5771853945897985e-06 and parameters: {'lambda_P': 1.0223241323221512, 'lambda_B': 1.794080921783568, 'lambda_G': 0.7735892857351112, 'n_estimators': 7452, 'max_depth': 18, 'learning_rate': 0.0031678066666250425, 'subsample': 0.6089254423799828, 'colsample_bytree': 0.4801599676885139, 'colsample_bylevel': 0.3188583982435623, 'reg_alpha': 0.6554574587235086, 'reg_lambda': 0.6340640786477181, 'gamma': 0.0001160452587794251, 'min_child_weight': 19}. Best is trial 660 with value: 3.2379913054860083e-06.

[Trial 689/5000] Starting at 06:30:51
  Lambdas: P=1.316, B=1.302, G=1.266
  XGBoost params: n_estimators=6498, max_depth=19
  Starting cross-validation...
  Trial 672 MSE: 0.000004 | MAPE: 0.14% | R²: -0.043078
  Trial time: 33.7s
[I 2026-03-13 06:30:51,780] Trial 672 finished with value: 3.6591625125068065e-06 and parameters: {'lambda_P': 0.8538402847764979, 'lambda_B': 1.4984573724495307, 'lambda_G': 1.0733799032558147, 'n_estimators': 7353, 'max_depth': 17, 'learning_rate': 0.009468966398063786, 'subsample': 0.6484945787547103, 'colsample_bytree': 0.6419612542812488, 'colsample_bylevel': 0.5242949799370114, 'reg_alpha': 0.030207475582709954, 'reg_lambda': 3.1894433285547894, 'gamma': 0.0003322461950435441, 'min_child_weight': 18}. Best is trial 660 with value: 3.2379913054860083e-06.

[Trial 690/5000] Starting at 06:30:51
  Lambdas: P=1.057, B=1.712, G=0.972
  XGBoost params: n_estimators=7493, max_depth=20
  Starting cross-validation...
  Trial 685 MSE: 0.000004 | MAPE: 0.15% | R²: -0.150118
  Trial time: 9.6s
[I 2026-03-13 06:30:53,297] Trial 685 finished with value: 4.346036724351022e-06 and parameters: {'lambda_P': 1.7479184629428666, 'lambda_B': 1.8013791078996486, 'lambda_G': 1.059392668056635, 'n_estimators': 2196, 'max_depth': 9, 'learning_rate': 0.30515466869203794, 'subsample': 0.6840099586726147, 'colsample_bytree': 0.5865856106538593, 'colsample_bylevel': 0.45771210150130565, 'reg_alpha': 0.5803035435150097, 'reg_lambda': 0.286037827941934, 'gamma': 0.0001869270341294487, 'min_child_weight': 2}. Best is trial 660 with value: 3.2379913054860083e-06.

[Trial 691/5000] Starting at 06:30:53
  Lambdas: P=1.994, B=1.429, G=0.877
  XGBoost params: n_estimators=8328, max_depth=13
  Starting cross-validation...
  Trial 675 MSE: 0.000005 | MAPE: 0.16% | R²: -0.314049
  Trial time: 34.1s
[I 2026-03-13 06:30:56,310] Trial 675 finished with value: 5.076887518448612e-06 and parameters: {'lambda_P': 1.8722975428215762, 'lambda_B': 1.6562730629113562, 'lambda_G': 0.7492715548481792, 'n_estimators': 7645, 'max_depth': 15, 'learning_rate': 0.47814326972022986, 'subsample': 0.6639753185546665, 'colsample_bytree': 0.6853634512651442, 'colsample_bylevel': 0.6515805990633476, 'reg_alpha': 2.235784517485037, 'reg_lambda': 0.898482073754064, 'gamma': 0.0001869296087372224, 'min_child_weight': 2}. Best is trial 660 with value: 3.2379913054860083e-06.

[Trial 692/5000] Starting at 06:30:56
  Lambdas: P=0.726, B=1.402, G=1.151
  XGBoost params: n_estimators=8724, max_depth=20
  Starting cross-validation...
  Trial 678 MSE: 0.000005 | MAPE: 0.16% | R²: -0.314049
  Trial time: 30.7s
[I 2026-03-13 06:30:57,536] Trial 678 finished with value: 5.076887518448612e-06 and parameters: {'lambda_P': 0.6719133006499569, 'lambda_B': 1.5057101221948836, 'lambda_G': 0.8889060262633106, 'n_estimators': 6983, 'max_depth': 20, 'learning_rate': 0.006996050426630278, 'subsample': 0.5948678645297789, 'colsample_bytree': 0.689874314025452, 'colsample_bylevel': 0.5093598629312107, 'reg_alpha': 1.622956491170844, 'reg_lambda': 3.6825323461910133, 'gamma': 0.00014080099131886473, 'min_child_weight': 15}. Best is trial 660 with value: 3.2379913054860083e-06.

[Trial 693/5000] Starting at 06:30:57
  Lambdas: P=1.153, B=1.658, G=1.221
  XGBoost params: n_estimators=5922, max_depth=18
  Starting cross-validation...
  Trial 670 MSE: 0.000005 | MAPE: 0.16% | R²: -0.261467
  Trial time: 46.0s
[I 2026-03-13 06:31:00,494] Trial 670 finished with value: 4.879323748651061e-06 and parameters: {'lambda_P': 0.9513703804373261, 'lambda_B': 1.4212572405991348, 'lambda_G': 0.9963837371041029, 'n_estimators': 9470, 'max_depth': 16, 'learning_rate': 0.0010236475341198557, 'subsample': 0.6295932271746434, 'colsample_bytree': 0.5433723729856552, 'colsample_bylevel': 0.49221145579934644, 'reg_alpha': 0.2853002118806267, 'reg_lambda': 5.338051274477664, 'gamma': 0.0013133680703985066, 'min_child_weight': 5}. Best is trial 660 with value: 3.2379913054860083e-06.

[Trial 694/5000] Starting at 06:31:00
  Lambdas: P=0.856, B=1.976, G=0.559
  XGBoost params: n_estimators=8433, max_depth=10
  Starting cross-validation...
  Trial 683 MSE: 0.000005 | MAPE: 0.16% | R²: -0.314049
  Trial time: 23.7s
[I 2026-03-13 06:31:02,290] Trial 683 finished with value: 5.076887518448612e-06 and parameters: {'lambda_P': 1.9755471264902997, 'lambda_B': 1.6655022568267848, 'lambda_G': 1.0389874125454641, 'n_estimators': 5166, 'max_depth': 12, 'learning_rate': 0.3218681088637195, 'subsample': 0.6661254696637935, 'colsample_bytree': 0.826929124893969, 'colsample_bylevel': 0.5401574169566326, 'reg_alpha': 1.797846574835144, 'reg_lambda': 1.3010670052390787, 'gamma': 0.00030241058161544176, 'min_child_weight': 1}. Best is trial 660 with value: 3.2379913054860083e-06.

[Trial 695/5000] Starting at 06:31:02
  Lambdas: P=1.955, B=1.515, G=0.931
  XGBoost params: n_estimators=3068, max_depth=17
  Starting cross-validation...
  Trial 673 MSE: 0.000005 | MAPE: 0.16% | R²: -0.314049
  Trial time: 44.3s
[I 2026-03-13 06:31:03,789] Trial 673 finished with value: 5.076887518448612e-06 and parameters: {'lambda_P': 0.9265160607386069, 'lambda_B': 1.5537671725230489, 'lambda_G': 0.9333171540459045, 'n_estimators': 9645, 'max_depth': 18, 'learning_rate': 0.0020796766448938422, 'subsample': 0.7646185838246266, 'colsample_bytree': 0.6571134770395087, 'colsample_bylevel': 0.43290022614749174, 'reg_alpha': 2.098120153563512, 'reg_lambda': 5.465209245982141, 'gamma': 0.000271651207045337, 'min_child_weight': 10}. Best is trial 660 with value: 3.2379913054860083e-06.

[Trial 696/5000] Starting at 06:31:03
  Lambdas: P=1.940, B=1.383, G=1.346
  XGBoost params: n_estimators=3453, max_depth=19
  Starting cross-validation...
  Trial 682 MSE: 0.000004 | MAPE: 0.15% | R²: -0.086596
  Trial time: 28.5s
[I 2026-03-13 06:31:05,753] Trial 682 finished with value: 3.8870725622742e-06 and parameters: {'lambda_P': 1.8268949343471441, 'lambda_B': 1.7865139879573821, 'lambda_G': 0.8673249190806649, 'n_estimators': 6193, 'max_depth': 13, 'learning_rate': 0.3684993975776667, 'subsample': 0.6274862141131728, 'colsample_bytree': 0.7831592144356424, 'colsample_bylevel': 0.5858034171681896, 'reg_alpha': 0.36354008418482453, 'reg_lambda': 0.8992942541128575, 'gamma': 0.0001553203337453521, 'min_child_weight': 8}. Best is trial 660 with value: 3.2379913054860083e-06.

[Trial 697/5000] Starting at 06:31:05
  Lambdas: P=0.502, B=1.768, G=0.796
  XGBoost params: n_estimators=4466, max_depth=17
  Starting cross-validation...
  Trial 680 MSE: 0.000005 | MAPE: 0.16% | R²: -0.314049
  Trial time: 41.0s
[I 2026-03-13 06:31:09,231] Trial 680 finished with value: 5.076887518448612e-06 and parameters: {'lambda_P': 1.655522035253263, 'lambda_B': 1.694938329896707, 'lambda_G': 1.053238094696995, 'n_estimators': 8771, 'max_depth': 12, 'learning_rate': 0.16930241451216096, 'subsample': 0.6693118311504231, 'colsample_bytree': 0.7358679924621017, 'colsample_bylevel': 0.6347142154297081, 'reg_alpha': 1.2224526073695405, 'reg_lambda': 0.6397616000277719, 'gamma': 0.000301914614996637, 'min_child_weight': 1}. Best is trial 660 with value: 3.2379913054860083e-06.

[Trial 698/5000] Starting at 06:31:09
  Lambdas: P=1.136, B=0.989, G=0.592
  XGBoost params: n_estimators=7846, max_depth=18
  Starting cross-validation...
  Trial 686 MSE: 0.000005 | MAPE: 0.16% | R²: -0.314049
  Trial time: 26.9s
[I 2026-03-13 06:31:12,408] Trial 686 finished with value: 5.076887518448612e-06 and parameters: {'lambda_P': 1.9502640933110837, 'lambda_B': 1.6021279044627141, 'lambda_G': 0.9636153295368314, 'n_estimators': 5736, 'max_depth': 13, 'learning_rate': 0.11729625477157468, 'subsample': 0.612753637456268, 'colsample_bytree': 0.9470515490763238, 'colsample_bylevel': 0.48844902900541515, 'reg_alpha': 1.2788070711824884, 'reg_lambda': 1.3273812847593571, 'gamma': 0.00044771088158732125, 'min_child_weight': 1}. Best is trial 660 with value: 3.2379913054860083e-06.

[Trial 699/5000] Starting at 06:31:12
  Lambdas: P=1.776, B=1.922, G=0.995
  XGBoost params: n_estimators=9004, max_depth=13
  Starting cross-validation...
  Trial 688 MSE: 0.000005 | MAPE: 0.16% | R²: -0.314049
  Trial time: 24.0s
[I 2026-03-13 06:31:15,330] Trial 688 finished with value: 5.076887518448612e-06 and parameters: {'lambda_P': 1.3155995532991591, 'lambda_B': 1.3017386496289798, 'lambda_G': 1.2664248874841866, 'n_estimators': 6498, 'max_depth': 19, 'learning_rate': 0.002751199329972389, 'subsample': 0.9492822392541573, 'colsample_bytree': 0.8233762969081388, 'colsample_bylevel': 0.7476413055844262, 'reg_alpha': 1.699288554072191, 'reg_lambda': 4.661969652840994, 'gamma': 0.00015936664286729507, 'min_child_weight': 4}. Best is trial 660 with value: 3.2379913054860083e-06.

[Trial 700/5000] Starting at 06:31:15
  Lambdas: P=1.642, B=1.554, G=1.060
  XGBoost params: n_estimators=6089, max_depth=10
  Starting cross-validation...
  Trial 694 MSE: 0.000005 | MAPE: 0.16% | R²: -0.314049
  Trial time: 14.3s
[I 2026-03-13 06:31:16,780] Trial 694 finished with value: 5.076887518448612e-06 and parameters: {'lambda_P': 1.9551756538327512, 'lambda_B': 1.5153060217590837, 'lambda_G': 0.9305792874080253, 'n_estimators': 3068, 'max_depth': 17, 'learning_rate': 0.2723674364975293, 'subsample': 0.6489803573447526, 'colsample_bytree': 0.6062058423418537, 'colsample_bylevel': 0.4490560312581306, 'reg_alpha': 4.0158084881373926, 'reg_lambda': 2.3707676654260297, 'gamma': 0.00017073112040454414, 'min_child_weight': 9}. Best is trial 660 with value: 3.2379913054860083e-06.

[Trial 701/5000] Starting at 06:31:16
  Lambdas: P=0.751, B=1.964, G=0.610
  XGBoost params: n_estimators=5590, max_depth=15
  Starting cross-validation...
  Trial 681 MSE: 0.000004 | MAPE: 0.15% | R²: -0.049916
  Trial time: 43.3s
