[I 2026-03-13 06:17:06,639] Trial 259 finished with value: 5.076887518448612e-06 and parameters: {'lambda_P': 1.555413773837424, 'lambda_B': 1.4447917229724154, 'lambda_G': 1.3235578791583789, 'n_estimators': 4144, 'max_depth': 13, 'learning_rate': 0.06836394393053505, 'subsample': 0.9552765231974447, 'colsample_bytree': 0.45893249839591754, 'colsample_bylevel': 0.336762197904229, 'reg_alpha': 9.278919196892929, 'reg_lambda': 3.096157131389927, 'gamma': 0.0012312118367164878, 'min_child_weight': 2}. Best is trial 237 with value: 3.410930139944745e-06.

[Trial 271/5000] Starting at 06:17:06
  Lambdas: P=0.944, B=1.291, G=0.563
  XGBoost params: n_estimators=741, max_depth=9
  Starting cross-validation...
  Trial 256 MSE: 0.000005 | MAPE: 0.16% | R²: -0.314049
  Trial time: 30.3s
[I 2026-03-13 06:17:09,047] Trial 256 finished with value: 5.076887518448612e-06 and parameters: {'lambda_P': 1.6597801627137538, 'lambda_B': 1.4054943530256772, 'lambda_G': 1.112652010404828, 'n_estimators': 5769, 'max_depth': 4, 'learning_rate': 0.005606523181037401, 'subsample': 0.7122004200221788, 'colsample_bytree': 0.8656754526564541, 'colsample_bylevel': 0.5358489831314049, 'reg_alpha': 2.245852337359071, 'reg_lambda': 3.161579098709648, 'gamma': 0.01846369496783102, 'min_child_weight': 8}. Best is trial 237 with value: 3.410930139944745e-06.

[Trial 272/5000] Starting at 06:17:09
  Lambdas: P=1.577, B=1.703, G=0.597
  XGBoost params: n_estimators=2534, max_depth=11
  Starting cross-validation...
  Trial 270 MSE: 0.000005 | MAPE: 0.16% | R²: -0.314049
  Trial time: 3.3s
[I 2026-03-13 06:17:10,157] Trial 270 finished with value: 5.076887518448612e-06 and parameters: {'lambda_P': 0.9444205363077849, 'lambda_B': 1.2906699806413409, 'lambda_G': 0.5633436970593303, 'n_estimators': 741, 'max_depth': 9, 'learning_rate': 0.005430630827268822, 'subsample': 0.747662624459084, 'colsample_bytree': 0.49568891905923695, 'colsample_bylevel': 0.6758687936408665, 'reg_alpha': 4.69705175087851, 'reg_lambda': 3.8741515772821122, 'gamma': 0.0029918301509073626, 'min_child_weight': 11}. Best is trial 237 with value: 3.410930139944745e-06.

[Trial 273/5000] Starting at 06:17:10
  Lambdas: P=0.778, B=1.081, G=1.483
  XGBoost params: n_estimators=3983, max_depth=6
  Starting cross-validation...
  Trial 248 MSE: 0.000005 | MAPE: 0.16% | R²: -0.314049
  Trial time: 47.1s
[I 2026-03-13 06:17:10,813] Trial 248 finished with value: 5.076887518448612e-06 and parameters: {'lambda_P': 1.7260217525124313, 'lambda_B': 1.0091575710782796, 'lambda_G': 1.1612859449220485, 'n_estimators': 8917, 'max_depth': 18, 'learning_rate': 0.024477836985706342, 'subsample': 0.6992777424833563, 'colsample_bytree': 0.594946562395223, 'colsample_bylevel': 0.3133660418891602, 'reg_alpha': 8.914373083255363, 'reg_lambda': 2.1703217594724187, 'gamma': 0.00012540611388910637, 'min_child_weight': 7}. Best is trial 237 with value: 3.410930139944745e-06.

[Trial 274/5000] Starting at 06:17:10
  Lambdas: P=1.722, B=1.758, G=1.026
  XGBoost params: n_estimators=9282, max_depth=10
  Starting cross-validation...
  Trial 264 MSE: 0.000005 | MAPE: 0.16% | R²: -0.314049
  Trial time: 11.9s
[I 2026-03-13 06:17:11,869] Trial 264 finished with value: 5.076887518448612e-06 and parameters: {'lambda_P': 0.7306664918166816, 'lambda_B': 1.2638456729757563, 'lambda_G': 0.7812615584092213, 'n_estimators': 2614, 'max_depth': 16, 'learning_rate': 0.052032147262249806, 'subsample': 0.3786363176444818, 'colsample_bytree': 0.6240517458371162, 'colsample_bylevel': 0.7835267092363079, 'reg_alpha': 3.886664589357214, 'reg_lambda': 9.620371232800274, 'gamma': 0.00978083430510563, 'min_child_weight': 1}. Best is trial 237 with value: 3.410930139944745e-06.

[Trial 275/5000] Starting at 06:17:11
  Lambdas: P=1.398, B=0.566, G=1.673
  XGBoost params: n_estimators=8431, max_depth=10
  Starting cross-validation...
  Trial 243 MSE: 0.000005 | MAPE: 0.16% | R²: -0.314049
  Trial time: 53.8s
[I 2026-03-13 06:17:13,196] Trial 243 finished with value: 5.076887518448612e-06 and parameters: {'lambda_P': 1.113462385740314, 'lambda_B': 1.9933144954591429, 'lambda_G': 1.4174972581732552, 'n_estimators': 9999, 'max_depth': 7, 'learning_rate': 0.03549612031098343, 'subsample': 0.4300890583470559, 'colsample_bytree': 0.5744432210495047, 'colsample_bylevel': 0.5963960467651879, 'reg_alpha': 9.30970578458525, 'reg_lambda': 8.093997017386297, 'gamma': 0.003133944039012126, 'min_child_weight': 9}. Best is trial 237 with value: 3.410930139944745e-06.

[Trial 276/5000] Starting at 06:17:13
  Lambdas: P=0.972, B=1.844, G=0.518
  XGBoost params: n_estimators=7961, max_depth=18
  Starting cross-validation...
  Trial 254 MSE: 0.000005 | MAPE: 0.16% | R²: -0.314049
  Trial time: 38.5s
[I 2026-03-13 06:17:14,266] Trial 254 finished with value: 5.076887518448612e-06 and parameters: {'lambda_P': 1.2156074159949717, 'lambda_B': 0.6487003009825867, 'lambda_G': 0.8015332711937024, 'n_estimators': 7154, 'max_depth': 12, 'learning_rate': 0.012088607675105651, 'subsample': 0.601181508369472, 'colsample_bytree': 0.7116967767978339, 'colsample_bylevel': 0.4620264308329298, 'reg_alpha': 6.753366798523132, 'reg_lambda': 8.288200871233322, 'gamma': 0.00042903507200368364, 'min_child_weight': 7}. Best is trial 237 with value: 3.410930139944745e-06.

[Trial 277/5000] Starting at 06:17:14
  Lambdas: P=0.603, B=0.899, G=1.722
  XGBoost params: n_estimators=7407, max_depth=19
  Starting cross-validation...
  Trial 268 MSE: 0.000005 | MAPE: 0.16% | R²: -0.314049
  Trial time: 13.1s
[I 2026-03-13 06:17:16,045] Trial 268 finished with value: 5.076887518448612e-06 and parameters: {'lambda_P': 1.9689166605251813, 'lambda_B': 1.4931397557585853, 'lambda_G': 1.2924181652915432, 'n_estimators': 2300, 'max_depth': 6, 'learning_rate': 0.003056085098384924, 'subsample': 0.3660450436201906, 'colsample_bytree': 0.7527943870720959, 'colsample_bylevel': 0.5394730659607565, 'reg_alpha': 8.233041465601453, 'reg_lambda': 9.859808362360106, 'gamma': 0.08028082708166642, 'min_child_weight': 16}. Best is trial 237 with value: 3.410930139944745e-06.

[Trial 278/5000] Starting at 06:17:16
  Lambdas: P=1.901, B=0.862, G=1.073
  XGBoost params: n_estimators=6491, max_depth=15
  Starting cross-validation...
  Trial 263 MSE: 0.000005 | MAPE: 0.16% | R²: -0.314049
  Trial time: 19.2s
[I 2026-03-13 06:17:17,654] Trial 263 finished with value: 5.076887518448612e-06 and parameters: {'lambda_P': 0.8544027447247271, 'lambda_B': 1.3141412392556422, 'lambda_G': 0.7545703628625489, 'n_estimators': 4265, 'max_depth': 20, 'learning_rate': 0.0030931871914476323, 'subsample': 0.4851224803130458, 'colsample_bytree': 0.736571650371871, 'colsample_bylevel': 0.49731680901881437, 'reg_alpha': 9.382001373697621, 'reg_lambda': 0.029702021040325377, 'gamma': 0.0009009773350645983, 'min_child_weight': 6}. Best is trial 237 with value: 3.410930139944745e-06.

[Trial 279/5000] Starting at 06:17:17
  Lambdas: P=0.530, B=1.160, G=1.522
  XGBoost params: n_estimators=2748, max_depth=3
  Starting cross-validation...
  Trial 265 MSE: 0.000005 | MAPE: 0.16% | R²: -0.314049
  Trial time: 19.7s
[I 2026-03-13 06:17:20,261] Trial 265 finished with value: 5.076887518448612e-06 and parameters: {'lambda_P': 1.543887474564357, 'lambda_B': 1.1453621795211457, 'lambda_G': 0.9186524857434231, 'n_estimators': 3452, 'max_depth': 2, 'learning_rate': 0.002827402955182776, 'subsample': 0.6500029865895329, 'colsample_bytree': 0.30655838499828353, 'colsample_bylevel': 0.4870210730663518, 'reg_alpha': 6.1346046331186965, 'reg_lambda': 3.5296455275287233, 'gamma': 0.03451748157991718, 'min_child_weight': 9}. Best is trial 237 with value: 3.410930139944745e-06.

[Trial 280/5000] Starting at 06:17:20
  Lambdas: P=1.938, B=1.900, G=1.501
  XGBoost params: n_estimators=2225, max_depth=16
  Starting cross-validation...
  Trial 271 MSE: 0.000005 | MAPE: 0.16% | R²: -0.314049
  Trial time: 13.8s
[I 2026-03-13 06:17:23,091] Trial 271 finished with value: 5.076887518448612e-06 and parameters: {'lambda_P': 1.5774820679379356, 'lambda_B': 1.7031632328779538, 'lambda_G': 0.5972794275838063, 'n_estimators': 2534, 'max_depth': 11, 'learning_rate': 0.05111319298983229, 'subsample': 0.6505155312977273, 'colsample_bytree': 0.3381027659619038, 'colsample_bylevel': 0.5927227431408896, 'reg_alpha': 3.5390806467678804, 'reg_lambda': 0.039580754703204546, 'gamma': 0.0016934118326822553, 'min_child_weight': 6}. Best is trial 237 with value: 3.410930139944745e-06.

[Trial 281/5000] Starting at 06:17:23
  Lambdas: P=0.999, B=1.030, G=1.174
  XGBoost params: n_estimators=8696, max_depth=8
  Starting cross-validation...
  Trial 258 MSE: 0.000005 | MAPE: 0.16% | R²: -0.314049
  Trial time: 43.5s
[I 2026-03-13 06:17:25,897] Trial 258 finished with value: 5.076887518448612e-06 and parameters: {'lambda_P': 1.7016083107938584, 'lambda_B': 1.3663048037043692, 'lambda_G': 1.628308805599492, 'n_estimators': 7951, 'max_depth': 14, 'learning_rate': 0.0014885320315287138, 'subsample': 0.7468046194415963, 'colsample_bytree': 0.41727996649791366, 'colsample_bylevel': 0.5358396602849057, 'reg_alpha': 1.6760017998261068, 'reg_lambda': 2.7470656548007755, 'gamma': 0.0007483111530587457, 'min_child_weight': 14}. Best is trial 237 with value: 3.410930139944745e-06.

[Trial 282/5000] Starting at 06:17:25
  Lambdas: P=1.897, B=1.362, G=1.309
  XGBoost params: n_estimators=4814, max_depth=9
  Starting cross-validation...
  Trial 278 MSE: 0.000005 | MAPE: 0.16% | R²: -0.314049
  Trial time: 10.2s
[I 2026-03-13 06:17:28,057] Trial 278 finished with value: 5.076887518448612e-06 and parameters: {'lambda_P': 0.5298772458244143, 'lambda_B': 1.1598202396225863, 'lambda_G': 1.521760390056556, 'n_estimators': 2748, 'max_depth': 3, 'learning_rate': 0.01403785121697308, 'subsample': 0.718833754835468, 'colsample_bytree': 0.5483958521186807, 'colsample_bylevel': 0.33602651540750617, 'reg_alpha': 3.6478063585048357, 'reg_lambda': 7.273812180040552, 'gamma': 0.0017557022012772028, 'min_child_weight': 10}. Best is trial 237 with value: 3.410930139944745e-06.

[Trial 283/5000] Starting at 06:17:28
  Lambdas: P=1.114, B=0.958, G=0.835
  XGBoost params: n_estimators=4629, max_depth=11
  Starting cross-validation...
  Trial 272 MSE: 0.000005 | MAPE: 0.16% | R²: -0.314049
  Trial time: 20.1s
[I 2026-03-13 06:17:30,526] Trial 272 finished with value: 5.076887518448612e-06 and parameters: {'lambda_P': 0.7780992997951184, 'lambda_B': 1.0813023030970468, 'lambda_G': 1.4832645547198642, 'n_estimators': 3983, 'max_depth': 6, 'learning_rate': 0.005803390803416127, 'subsample': 0.8955040089494806, 'colsample_bytree': 0.5148820222978978, 'colsample_bylevel': 0.7914644511090081, 'reg_alpha': 3.9650671723129784, 'reg_lambda': 2.0773770504490665, 'gamma': 0.01248430337038119, 'min_child_weight': 19}. Best is trial 237 with value: 3.410930139944745e-06.
  Trial 262 MSE: 0.000005 | MAPE: 0.16% | R²: -0.314049
  Trial time: 37.0s
[I 2026-03-13 06:17:30,716] Trial 262 finished with value: 5.076887518448612e-06 and parameters: {'lambda_P': 1.589722672381815, 'lambda_B': 1.6698102103501393, 'lambda_G': 1.5058932636750644, 'n_estimators': 6909, 'max_depth': 4, 'learning_rate': 0.029229435819136524, 'subsample': 0.534949072527024, 'colsample_bytree': 0.6877303252921243, 'colsample_bylevel': 0.3715986973578114, 'reg_alpha': 6.8569107690715825, 'reg_lambda': 0.8066097239496528, 'gamma': 0.0012468432932442393, 'min_child_weight': 12}. Best is trial 237 with value: 3.410930139944745e-06.

[Trial 284/5000] Starting at 06:17:30
  Lambdas: P=1.324, B=1.010, G=1.650

[Trial 285/5000] Starting at 06:17:30
  Lambdas: P=1.583, B=1.078, G=1.935
  XGBoost params: n_estimators=4066, max_depth=15
  Starting cross-validation...
  XGBoost params: n_estimators=5105, max_depth=5
  Starting cross-validation...
  Trial 266 MSE: 0.000005 | MAPE: 0.16% | R²: -0.314049
  Trial time: 30.4s
[I 2026-03-13 06:17:31,697] Trial 266 finished with value: 5.076887518448612e-06 and parameters: {'lambda_P': 0.9516185150838137, 'lambda_B': 1.7087615277543278, 'lambda_G': 1.8870224683703514, 'n_estimators': 5546, 'max_depth': 10, 'learning_rate': 0.0013112702297674247, 'subsample': 0.6884080233441738, 'colsample_bytree': 0.48455265453050295, 'colsample_bylevel': 0.897271799389356, 'reg_alpha': 8.196850818028263, 'reg_lambda': 8.712519625326058, 'gamma': 0.0017859374112157787, 'min_child_weight': 16}. Best is trial 237 with value: 3.410930139944745e-06.

[Trial 286/5000] Starting at 06:17:31
  Lambdas: P=1.647, B=1.320, G=1.690
  XGBoost params: n_estimators=1865, max_depth=3
  Starting cross-validation...
  Trial 279 MSE: 0.000005 | MAPE: 0.16% | R²: -0.314049
  Trial time: 11.9s
[I 2026-03-13 06:17:32,362] Trial 279 finished with value: 5.076887518448612e-06 and parameters: {'lambda_P': 1.937541824244644, 'lambda_B': 1.9000686085793588, 'lambda_G': 1.5012716968622626, 'n_estimators': 2225, 'max_depth': 16, 'learning_rate': 0.012805302192267677, 'subsample': 0.45805756798032127, 'colsample_bytree': 0.8869711935558473, 'colsample_bylevel': 0.9530200899552728, 'reg_alpha': 3.4640284257567986, 'reg_lambda': 4.208968851214889, 'gamma': 0.023902535870498374, 'min_child_weight': 17}. Best is trial 237 with value: 3.410930139944745e-06.

[Trial 287/5000] Starting at 06:17:32
  Lambdas: P=1.610, B=1.337, G=1.258
  XGBoost params: n_estimators=7038, max_depth=20
  Starting cross-validation...
  Trial 267 MSE: 0.000005 | MAPE: 0.16% | R²: -0.314049
  Trial time: 36.2s
[I 2026-03-13 06:17:38,316] Trial 267 finished with value: 5.076887518448612e-06 and parameters: {'lambda_P': 0.7501826131408429, 'lambda_B': 0.7001504172062247, 'lambda_G': 1.7989217002514941, 'n_estimators': 6887, 'max_depth': 11, 'learning_rate': 0.0026007725530536084, 'subsample': 0.8614110274129052, 'colsample_bytree': 0.7699557000668764, 'colsample_bylevel': 0.44730522006332796, 'reg_alpha': 9.503442617837512, 'reg_lambda': 4.52098270080522, 'gamma': 0.0007718507418616463, 'min_child_weight': 16}. Best is trial 237 with value: 3.410930139944745e-06.

[Trial 288/5000] Starting at 06:17:38
  Lambdas: P=0.808, B=1.874, G=1.373
  XGBoost params: n_estimators=5548, max_depth=13
  Starting cross-validation...
  Trial 285 MSE: 0.000005 | MAPE: 0.16% | R²: -0.314049
  Trial time: 8.9s
[I 2026-03-13 06:17:40,852] Trial 285 finished with value: 5.076887518448612e-06 and parameters: {'lambda_P': 1.6470555907480382, 'lambda_B': 1.3203151829156137, 'lambda_G': 1.6898855656387413, 'n_estimators': 1865, 'max_depth': 3, 'learning_rate': 0.009458579321072098, 'subsample': 0.9028641337925636, 'colsample_bytree': 0.9794094505308468, 'colsample_bylevel': 0.9830089029706324, 'reg_alpha': 8.090487581032544, 'reg_lambda': 5.564675802182276, 'gamma': 0.09495528390269128, 'min_child_weight': 14}. Best is trial 237 with value: 3.410930139944745e-06.

[Trial 289/5000] Starting at 06:17:40
  Lambdas: P=1.341, B=1.056, G=1.951
  XGBoost params: n_estimators=1649, max_depth=14
  Starting cross-validation...
  Trial 274 MSE: 0.000005 | MAPE: 0.16% | R²: -0.314049
  Trial time: 33.4s
[I 2026-03-13 06:17:45,436] Trial 274 finished with value: 5.076887518448612e-06 and parameters: {'lambda_P': 1.3981977240152166, 'lambda_B': 0.5661164511450113, 'lambda_G': 1.6729067722744535, 'n_estimators': 8431, 'max_depth': 10, 'learning_rate': 0.0038868097770361305, 'subsample': 0.8586849867622497, 'colsample_bytree': 0.9909758017473338, 'colsample_bylevel': 0.9769568124236556, 'reg_alpha': 6.278650551563159, 'reg_lambda': 8.525307810079632, 'gamma': 0.041985578239885704, 'min_child_weight': 5}. Best is trial 237 with value: 3.410930139944745e-06.

[Trial 290/5000] Starting at 06:17:45
  Lambdas: P=0.654, B=0.795, G=1.070
  XGBoost params: n_estimators=8469, max_depth=3
  Starting cross-validation...
  Trial 275 MSE: 0.000005 | MAPE: 0.16% | R²: -0.314049
  Trial time: 32.5s
[I 2026-03-13 06:17:45,877] Trial 275 finished with value: 5.076887518448612e-06 and parameters: {'lambda_P': 0.9720446085375491, 'lambda_B': 1.8442852316224736, 'lambda_G': 0.5177839724583626, 'n_estimators': 7961, 'max_depth': 18, 'learning_rate': 0.01631288698788693, 'subsample': 0.5043886564575426, 'colsample_bytree': 0.6808132601647034, 'colsample_bylevel': 0.38346943605238204, 'reg_alpha': 8.452017481867921, 'reg_lambda': 9.071388502514283, 'gamma': 0.07451782079691843, 'min_child_weight': 17}. Best is trial 237 with value: 3.410930139944745e-06.

[Trial 291/5000] Starting at 06:17:45
  Lambdas: P=0.877, B=0.830, G=1.462
  XGBoost params: n_estimators=7378, max_depth=17
  Starting cross-validation...
  Trial 282 MSE: 0.000005 | MAPE: 0.16% | R²: -0.314049
  Trial time: 20.0s
[I 2026-03-13 06:17:48,272] Trial 282 finished with value: 5.076887518448612e-06 and parameters: {'lambda_P': 1.1137613569404379, 'lambda_B': 0.9579875677006595, 'lambda_G': 0.8354180092199267, 'n_estimators': 4629, 'max_depth': 11, 'learning_rate': 0.008449940097512284, 'subsample': 0.5999947412069697, 'colsample_bytree': 0.8284450971362174, 'colsample_bylevel': 0.9806291068005664, 'reg_alpha': 0.6307129736948103, 'reg_lambda': 7.821319127091302, 'gamma': 0.005608201659641492, 'min_child_weight': 20}. Best is trial 237 with value: 3.410930139944745e-06.

[Trial 292/5000] Starting at 06:17:48
  Lambdas: P=0.933, B=1.922, G=1.682
  XGBoost params: n_estimators=2082, max_depth=18
  Starting cross-validation...
  Trial 288 MSE: 0.000005 | MAPE: 0.16% | R²: -0.314049
  Trial time: 8.3s
[I 2026-03-13 06:17:49,349] Trial 288 finished with value: 5.076887518448612e-06 and parameters: {'lambda_P': 1.341458114255797, 'lambda_B': 1.0562085022162346, 'lambda_G': 1.9506726961626966, 'n_estimators': 1649, 'max_depth': 14, 'learning_rate': 0.00525763416148173, 'subsample': 0.6332375038240607, 'colsample_bytree': 0.9145218709747025, 'colsample_bylevel': 0.8237651669468398, 'reg_alpha': 2.246969925281629, 'reg_lambda': 0.9704722281172595, 'gamma': 0.00036601664314695116, 'min_child_weight': 15}. Best is trial 237 with value: 3.410930139944745e-06.

[Trial 293/5000] Starting at 06:17:49
  Lambdas: P=1.954, B=1.215, G=0.703
  XGBoost params: n_estimators=9784, max_depth=9
  Starting cross-validation...
  Trial 277 MSE: 0.000005 | MAPE: 0.16% | R²: -0.314049
  Trial time: 33.7s
[I 2026-03-13 06:17:49,944] Trial 277 finished with value: 5.076887518448612e-06 and parameters: {'lambda_P': 1.9006901855536884, 'lambda_B': 0.8623128458506922, 'lambda_G': 1.0728977740772068, 'n_estimators': 6491, 'max_depth': 15, 'learning_rate': 0.09111980078565735, 'subsample': 0.6184090474476566, 'colsample_bytree': 0.5436806276678713, 'colsample_bylevel': 0.4722371502956877, 'reg_alpha': 1.8822300847215356, 'reg_lambda': 0.2575880079402937, 'gamma': 0.012474211411797607, 'min_child_weight': 8}. Best is trial 237 with value: 3.410930139944745e-06.

[Trial 294/5000] Starting at 06:17:50
  Lambdas: P=0.595, B=1.790, G=1.931
  XGBoost params: n_estimators=8934, max_depth=13
  Starting cross-validation...
  Trial 269 MSE: 0.000005 | MAPE: 0.16% | R²: -0.314049
  Trial time: 46.4s
[I 2026-03-13 06:17:50,531] Trial 269 finished with value: 5.076887518448612e-06 and parameters: {'lambda_P': 1.1435411812523162, 'lambda_B': 1.7653946205696416, 'lambda_G': 0.5672733963836287, 'n_estimators': 8970, 'max_depth': 20, 'learning_rate': 0.00131244600819571, 'subsample': 0.7767930495574689, 'colsample_bytree': 0.9766483645372528, 'colsample_bylevel': 0.5836258579560762, 'reg_alpha': 5.288440881483406, 'reg_lambda': 1.2898764119768302, 'gamma': 0.013090327793967379, 'min_child_weight': 6}. Best is trial 237 with value: 3.410930139944745e-06.

[Trial 295/5000] Starting at 06:17:50
  Lambdas: P=1.309, B=1.902, G=1.923
  XGBoost params: n_estimators=8917, max_depth=2
  Starting cross-validation...
  Trial 283 MSE: 0.000005 | MAPE: 0.16% | R²: -0.314049
  Trial time: 21.1s
[I 2026-03-13 06:17:52,042] Trial 283 finished with value: 5.076887518448612e-06 and parameters: {'lambda_P': 1.3243785913025938, 'lambda_B': 1.0104647612851527, 'lambda_G': 1.650356325977217, 'n_estimators': 4066, 'max_depth': 15, 'learning_rate': 0.06215782453642036, 'subsample': 0.8045006090658149, 'colsample_bytree': 0.9403091059513184, 'colsample_bylevel': 0.8110922175139543, 'reg_alpha': 6.705923972612641, 'reg_lambda': 2.116187326500473, 'gamma': 0.00044178236294089613, 'min_child_weight': 6}. Best is trial 237 with value: 3.410930139944745e-06.

[Trial 296/5000] Starting at 06:17:52
  Lambdas: P=1.027, B=0.837, G=1.147
  XGBoost params: n_estimators=2455, max_depth=20
  Starting cross-validation...
  Trial 281 MSE: 0.000005 | MAPE: 0.16% | R²: -0.314049
  Trial time: 26.7s
[I 2026-03-13 06:17:52,784] Trial 281 finished with value: 5.076887518448612e-06 and parameters: {'lambda_P': 1.897383286623151, 'lambda_B': 1.3620247889861643, 'lambda_G': 1.309451580545636, 'n_estimators': 4814, 'max_depth': 9, 'learning_rate': 0.39566991926715217, 'subsample': 0.5586579286091138, 'colsample_bytree': 0.6906279148093092, 'colsample_bylevel': 0.966980632092983, 'reg_alpha': 9.986712092242724, 'reg_lambda': 9.52478118005336, 'gamma': 0.005377269124586356, 'min_child_weight': 6}. Best is trial 237 with value: 3.410930139944745e-06.

[Trial 297/5000] Starting at 06:17:52
  Lambdas: P=1.145, B=0.803, G=0.530
  XGBoost params: n_estimators=2683, max_depth=9
  Starting cross-validation...
  Trial 276 MSE: 0.000005 | MAPE: 0.16% | R²: -0.314049
  Trial time: 38.9s
