[I 2026-03-13 06:43:23,034] Trial 1059 finished with value: 4.7423075835980734e-06 and parameters: {'lambda_P': 1.8924246675365946, 'lambda_B': 0.875420387835651, 'lambda_G': 0.5634971777809654, 'n_estimators': 2615, 'max_depth': 15, 'learning_rate': 0.016528984334640222, 'subsample': 0.669341385436385, 'colsample_bytree': 0.34168302602145834, 'colsample_bylevel': 0.49714684851698665, 'reg_alpha': 0.6349142967519221, 'reg_lambda': 5.158577902754161, 'gamma': 0.0003740688337908676, 'min_child_weight': 9}. Best is trial 660 with value: 3.2379913054860083e-06.

[Trial 1080/5000] Starting at 06:43:23
  Lambdas: P=1.496, B=0.712, G=1.381
  XGBoost params: n_estimators=4139, max_depth=14
  Starting cross-validation...
  Lambdas: P=0.912, B=1.320, G=0.763
  XGBoost params: n_estimators=89, max_depth=2
  Starting cross-validation...
  Trial 1079 MSE: 0.000005 | MAPE: 0.16% | R²: -0.308845
  Trial time: 0.9s
[I 2026-03-13 06:43:24,165] Trial 1079 finished with value: 5.053934835240283e-06 and parameters: {'lambda_P': 0.9117718203012418, 'lambda_B': 1.3200174340233541, 'lambda_G': 0.7625051760319682, 'n_estimators': 89, 'max_depth': 2, 'learning_rate': 0.00139674235278531, 'subsample': 0.9157447893434246, 'colsample_bytree': 0.3305107662641687, 'colsample_bylevel': 0.3408916905877239, 'reg_alpha': 0.9219579393436911, 'reg_lambda': 6.308190246188795, 'gamma': 0.00014958349470581004, 'min_child_weight': 19}. Best is trial 660 with value: 3.2379913054860083e-06.

[Trial 1081/5000] Starting at 06:43:24
  Lambdas: P=1.131, B=1.685, G=0.825
  XGBoost params: n_estimators=5069, max_depth=20
  Starting cross-validation...
  Trial 1077 MSE: 0.000005 | MAPE: 0.16% | R²: -0.243085
  Trial time: 4.1s
[I 2026-03-13 06:43:26,516] Trial 1077 finished with value: 4.856989057415925e-06 and parameters: {'lambda_P': 1.7881000693509015, 'lambda_B': 1.557868370697523, 'lambda_G': 0.6604296015562847, 'n_estimators': 624, 'max_depth': 6, 'learning_rate': 0.015231816814205929, 'subsample': 0.6680963487930731, 'colsample_bytree': 0.3012540753996034, 'colsample_bylevel': 0.6839324314976112, 'reg_alpha': 0.8238928784050372, 'reg_lambda': 5.192515459783694, 'gamma': 0.00015349359652278824, 'min_child_weight': 10}. Best is trial 660 with value: 3.2379913054860083e-06.

[Trial 1082/5000] Starting at 06:43:26
  Lambdas: P=1.110, B=1.305, G=0.837
  XGBoost params: n_estimators=9549, max_depth=3
  Starting cross-validation...
  Trial 1055 MSE: 0.000005 | MAPE: 0.16% | R²: -0.314049
  Trial time: 28.8s
[I 2026-03-13 06:43:29,605] Trial 1055 finished with value: 5.076887518448612e-06 and parameters: {'lambda_P': 1.0126256761732253, 'lambda_B': 1.4285629304090608, 'lambda_G': 1.1068735007741741, 'n_estimators': 4887, 'max_depth': 14, 'learning_rate': 0.002258354480755958, 'subsample': 0.948626607850823, 'colsample_bytree': 0.3024351517827812, 'colsample_bylevel': 0.6852753713490058, 'reg_alpha': 3.0242373771065694, 'reg_lambda': 4.547049504639965, 'gamma': 0.0004092110835560072, 'min_child_weight': 6}. Best is trial 660 with value: 3.2379913054860083e-06.

[Trial 1083/5000] Starting at 06:43:29
  Lambdas: P=0.739, B=1.494, G=0.857
  XGBoost params: n_estimators=7408, max_depth=19
  Starting cross-validation...
  Trial 1067 MSE: 0.000004 | MAPE: 0.14% | R²: -0.010140
  Trial time: 20.3s
[I 2026-03-13 06:43:30,657] Trial 1067 finished with value: 3.604991568879582e-06 and parameters: {'lambda_P': 1.0192861776026383, 'lambda_B': 1.4728795488995727, 'lambda_G': 1.2470037524523698, 'n_estimators': 3575, 'max_depth': 19, 'learning_rate': 0.012176962345661754, 'subsample': 0.9524863913590503, 'colsample_bytree': 0.7203431059347287, 'colsample_bylevel': 0.5689495914428709, 'reg_alpha': 0.2690273310694917, 'reg_lambda': 3.6036073619023328, 'gamma': 0.00011325661865714632, 'min_child_weight': 3}. Best is trial 660 with value: 3.2379913054860083e-06.

[Trial 1084/5000] Starting at 06:43:30
  Lambdas: P=0.591, B=1.296, G=1.164
  XGBoost params: n_estimators=2623, max_depth=2
  Starting cross-validation...
  Trial 1072 MSE: 0.000005 | MAPE: 0.16% | R²: -0.314049
  Trial time: 16.4s
[I 2026-03-13 06:43:32,562] Trial 1072 finished with value: 5.076887518448612e-06 and parameters: {'lambda_P': 1.9823772192520608, 'lambda_B': 1.0743775282924226, 'lambda_G': 0.8974637560836394, 'n_estimators': 2735, 'max_depth': 7, 'learning_rate': 0.004981967115901266, 'subsample': 0.6184122748478181, 'colsample_bytree': 0.33243918863385424, 'colsample_bylevel': 0.6851514721322791, 'reg_alpha': 1.7131533700800252, 'reg_lambda': 6.094314960579681, 'gamma': 0.00010378652238079185, 'min_child_weight': 13}. Best is trial 660 with value: 3.2379913054860083e-06.

[Trial 1085/5000] Starting at 06:43:32
  Lambdas: P=0.920, B=1.205, G=1.469
  XGBoost params: n_estimators=3398, max_depth=9
  Starting cross-validation...
  Trial 1074 MSE: 0.000004 | MAPE: 0.15% | R²: -0.143795
  Trial time: 14.9s
[I 2026-03-13 06:43:33,135] Trial 1074 finished with value: 4.301159270317497e-06 and parameters: {'lambda_P': 0.9511427727887557, 'lambda_B': 1.697285447010854, 'lambda_G': 1.180523375079991, 'n_estimators': 3588, 'max_depth': 17, 'learning_rate': 0.0019090902083471527, 'subsample': 0.9831135930476952, 'colsample_bytree': 0.5913686532805701, 'colsample_bylevel': 0.34850271088537277, 'reg_alpha': 0.6931055938971526, 'reg_lambda': 5.020789530703839, 'gamma': 0.0002970917086313911, 'min_child_weight': 4}. Best is trial 660 with value: 3.2379913054860083e-06.

[Trial 1086/5000] Starting at 06:43:33
  Lambdas: P=0.598, B=1.354, G=0.964
  XGBoost params: n_estimators=2588, max_depth=7
  Starting cross-validation...
  Trial 1065 MSE: 0.000004 | MAPE: 0.15% | R²: -0.101307
  Trial time: 24.4s
[I 2026-03-13 06:43:34,033] Trial 1065 finished with value: 3.991220228120163e-06 and parameters: {'lambda_P': 1.44732605937202, 'lambda_B': 0.6495213085225866, 'lambda_G': 1.6073413475212113, 'n_estimators': 3959, 'max_depth': 10, 'learning_rate': 0.0023233774907717502, 'subsample': 0.9471535190972984, 'colsample_bytree': 0.5892124428545278, 'colsample_bylevel': 0.5961509565295349, 'reg_alpha': 0.28470137871134615, 'reg_lambda': 3.4087616771193074, 'gamma': 0.00046700943224580116, 'min_child_weight': 8}. Best is trial 660 with value: 3.2379913054860083e-06.

[Trial 1087/5000] Starting at 06:43:34
  Lambdas: P=0.618, B=1.144, G=0.842
  XGBoost params: n_estimators=3311, max_depth=5
  Starting cross-validation...
  Trial 1070 MSE: 0.000005 | MAPE: 0.16% | R²: -0.314049
  Trial time: 19.9s
[I 2026-03-13 06:43:34,911] Trial 1070 finished with value: 5.076887518448612e-06 and parameters: {'lambda_P': 1.0464474052899606, 'lambda_B': 1.5612199145914223, 'lambda_G': 0.8083456328941199, 'n_estimators': 3504, 'max_depth': 20, 'learning_rate': 0.0021260684709272647, 'subsample': 0.929170153071137, 'colsample_bytree': 0.4085104041139474, 'colsample_bylevel': 0.42778351096294337, 'reg_alpha': 2.233682438079082, 'reg_lambda': 7.578088439063263, 'gamma': 0.00014633277432569272, 'min_child_weight': 3}. Best is trial 660 with value: 3.2379913054860083e-06.

[Trial 1088/5000] Starting at 06:43:35
  Trial 1075 MSE: 0.000005 | MAPE: 0.16% | R²: -0.260906
  Trial time: 15.9s
[I 2026-03-13 06:43:35,207] Trial 1075 finished with value: 4.928508115521403e-06 and parameters: {'lambda_P': 0.9906007077167001, 'lambda_B': 1.3493631142316975, 'lambda_G': 1.253014952105887, 'n_estimators': 2880, 'max_depth': 20, 'learning_rate': 0.001385569395334278, 'subsample': 0.8349499722117358, 'colsample_bytree': 0.7010713423018448, 'colsample_bylevel': 0.4643481255729393, 'reg_alpha': 1.1221513595464128, 'reg_lambda': 6.863931572812328, 'gamma': 0.00014066526074512842, 'min_child_weight': 9}. Best is trial 660 with value: 3.2379913054860083e-06.

[Trial 1089/5000] Starting at 06:43:35
  Lambdas: P=0.713, B=1.991, G=0.942
  XGBoost params: n_estimators=2519, max_depth=4
  Starting cross-validation...
  Lambdas: P=0.521, B=1.526, G=1.195
  XGBoost params: n_estimators=2299, max_depth=2
  Starting cross-validation...
  Trial 1078 MSE: 0.000005 | MAPE: 0.16% | R²: -0.314049
  Trial time: 17.1s
[I 2026-03-13 06:43:39,819] Trial 1078 finished with value: 5.076887518448612e-06 and parameters: {'lambda_P': 1.4961212558970296, 'lambda_B': 0.7124963015611436, 'lambda_G': 1.380716584831851, 'n_estimators': 4139, 'max_depth': 14, 'learning_rate': 0.00607670254130604, 'subsample': 0.3340271001493101, 'colsample_bytree': 0.4968200346118964, 'colsample_bylevel': 0.8255044792400026, 'reg_alpha': 2.9765754249057492, 'reg_lambda': 5.719634233549986, 'gamma': 0.000165429515827724, 'min_child_weight': 1}. Best is trial 660 with value: 3.2379913054860083e-06.

[Trial 1090/5000] Starting at 06:43:39
  Lambdas: P=1.607, B=1.663, G=0.514
  XGBoost params: n_estimators=2662, max_depth=17
  Starting cross-validation...
  Trial 1085 MSE: 0.000005 | MAPE: 0.16% | R²: -0.314049
  Trial time: 10.1s
[I 2026-03-13 06:43:43,438] Trial 1085 finished with value: 5.076887518448612e-06 and parameters: {'lambda_P': 0.5983674836017994, 'lambda_B': 1.3537616278915163, 'lambda_G': 0.9638686582307578, 'n_estimators': 2588, 'max_depth': 7, 'learning_rate': 0.0012605163573325277, 'subsample': 0.9068833121141384, 'colsample_bytree': 0.505583232663639, 'colsample_bylevel': 0.5352409317123723, 'reg_alpha': 1.1775564376382943, 'reg_lambda': 9.2820173127732, 'gamma': 0.000775634746997474, 'min_child_weight': 13}. Best is trial 660 with value: 3.2379913054860083e-06.

[Trial 1091/5000] Starting at 06:43:43
  Trial 1076 MSE: 0.000005 | MAPE: 0.16% | R²: -0.234366
  Trial time: 22.8s
[I 2026-03-13 06:43:43,773] Trial 1076 finished with value: 4.81144326585426e-06 and parameters: {'lambda_P': 1.1626678366783407, 'lambda_B': 1.5080027862236691, 'lambda_G': 1.116233556625089, 'n_estimators': 4443, 'max_depth': 20, 'learning_rate': 0.02130098788357791, 'subsample': 0.9766749043921658, 'colsample_bytree': 0.8474181835218146, 'colsample_bylevel': 0.41836099599563975, 'reg_alpha': 1.174023594253332, 'reg_lambda': 5.060898088994833, 'gamma': 0.00016610240259282125, 'min_child_weight': 1}. Best is trial 660 with value: 3.2379913054860083e-06.

[Trial 1092/5000] Starting at 06:43:43
  Lambdas: P=1.019, B=1.562, G=1.302
  XGBoost params: n_estimators=1343, max_depth=3
  Starting cross-validation...
  Lambdas: P=0.525, B=1.396, G=1.128
  XGBoost params: n_estimators=1878, max_depth=4
  Starting cross-validation...
  Trial 1083 MSE: 0.000005 | MAPE: 0.16% | R²: -0.314049
  Trial time: 13.6s
[I 2026-03-13 06:43:44,524] Trial 1083 finished with value: 5.076887518448612e-06 and parameters: {'lambda_P': 0.5913084755674195, 'lambda_B': 1.295616716448957, 'lambda_G': 1.1641715899309846, 'n_estimators': 2623, 'max_depth': 2, 'learning_rate': 0.0020578058557747707, 'subsample': 0.7758308145071696, 'colsample_bytree': 0.40511012532065754, 'colsample_bylevel': 0.3627383871206594, 'reg_alpha': 1.7663858396063024, 'reg_lambda': 9.566456492510122, 'gamma': 0.0001538242114034992, 'min_child_weight': 15}. Best is trial 660 with value: 3.2379913054860083e-06.

[Trial 1093/5000] Starting at 06:43:44
  Lambdas: P=0.793, B=1.789, G=1.108
  XGBoost params: n_estimators=1708, max_depth=9
  Starting cross-validation...
  Trial 1088 MSE: 0.000005 | MAPE: 0.16% | R²: -0.314049
  Trial time: 11.1s
[I 2026-03-13 06:43:46,501] Trial 1088 finished with value: 5.076887518448612e-06 and parameters: {'lambda_P': 0.5207350162154433, 'lambda_B': 1.5259376966447311, 'lambda_G': 1.1948091062170003, 'n_estimators': 2299, 'max_depth': 2, 'learning_rate': 0.0010257052798637156, 'subsample': 0.8157120345534664, 'colsample_bytree': 0.43235822561593895, 'colsample_bylevel': 0.4978417380219799, 'reg_alpha': 2.6202190499842466, 'reg_lambda': 8.601376823224463, 'gamma': 0.0003410530113904129, 'min_child_weight': 14}. Best is trial 660 with value: 3.2379913054860083e-06.

[Trial 1094/5000] Starting at 06:43:46
  Lambdas: P=1.601, B=1.327, G=1.400
  XGBoost params: n_estimators=2914, max_depth=20
  Starting cross-validation...
  Trial 1087 MSE: 0.000004 | MAPE: 0.16% | R²: -0.173945
  Trial time: 12.8s
[I 2026-03-13 06:43:47,943] Trial 1087 finished with value: 4.49681295791685e-06 and parameters: {'lambda_P': 0.7128987500991146, 'lambda_B': 1.9908076572862192, 'lambda_G': 0.9421303335333469, 'n_estimators': 2519, 'max_depth': 4, 'learning_rate': 0.008366883058050247, 'subsample': 0.99985104220531, 'colsample_bytree': 0.399722059263084, 'colsample_bylevel': 0.3493578728201495, 'reg_alpha': 0.9658094144986173, 'reg_lambda': 8.871137260268563, 'gamma': 0.0001729563363519666, 'min_child_weight': 12}. Best is trial 660 with value: 3.2379913054860083e-06.

[Trial 1095/5000] Starting at 06:43:48
  Lambdas: P=1.069, B=1.367, G=1.415
  XGBoost params: n_estimators=769, max_depth=3
  Starting cross-validation...
  Trial 1058 MSE: 0.000004 | MAPE: 0.15% | R²: -0.069266
  Trial time: 46.2s
[I 2026-03-13 06:43:49,698] Trial 1058 finished with value: 3.899893477386204e-06 and parameters: {'lambda_P': 1.5538176943331568, 'lambda_B': 1.9125346794537408, 'lambda_G': 1.2961863959947053, 'n_estimators': 7419, 'max_depth': 20, 'learning_rate': 0.008716053398861466, 'subsample': 0.9107554747601759, 'colsample_bytree': 0.8453357973835006, 'colsample_bylevel': 0.5413240522040212, 'reg_alpha': 0.4254212940526394, 'reg_lambda': 6.518035195034531, 'gamma': 0.00018538966520364612, 'min_child_weight': 3}. Best is trial 660 with value: 3.2379913054860083e-06.

[Trial 1096/5000] Starting at 06:43:49
  Lambdas: P=0.915, B=1.550, G=1.318
  XGBoost params: n_estimators=2363, max_depth=10
  Starting cross-validation...
  Trial 1090 MSE: 0.000004 | MAPE: 0.15% | R²: -0.141995
  Trial time: 6.8s
[I 2026-03-13 06:43:50,463] Trial 1090 finished with value: 4.330860968610688e-06 and parameters: {'lambda_P': 1.0193553966557218, 'lambda_B': 1.561534873177012, 'lambda_G': 1.3024212868583682, 'n_estimators': 1343, 'max_depth': 3, 'learning_rate': 0.005216422683844708, 'subsample': 0.9047688154123896, 'colsample_bytree': 0.6210890678934735, 'colsample_bylevel': 0.5620100161371955, 'reg_alpha': 0.8086659741591318, 'reg_lambda': 9.534427566112896, 'gamma': 0.0001395766986736326, 'min_child_weight': 10}. Best is trial 660 with value: 3.2379913054860083e-06.

[Trial 1097/5000] Starting at 06:43:50
  Lambdas: P=1.983, B=1.475, G=0.682
  Trial 1071 MSE: 0.000004 | MAPE: 0.15% | R²: -0.104303
  Trial time: 35.3s
  XGBoost params: n_estimators=1565, max_depth=3
  Starting cross-validation...
[I 2026-03-13 06:43:50,975] Trial 1071 finished with value: 4.136316256892298e-06 and parameters: {'lambda_P': 0.6923924378428908, 'lambda_B': 1.8453185145765212, 'lambda_G': 1.4944360865620792, 'n_estimators': 6699, 'max_depth': 16, 'learning_rate': 0.0070304092643260945, 'subsample': 0.9495621319804107, 'colsample_bytree': 0.37021297322847635, 'colsample_bylevel': 0.520522123519313, 'reg_alpha': 0.742669879465423, 'reg_lambda': 4.533602354937873, 'gamma': 0.00011900247682777801, 'min_child_weight': 3}. Best is trial 660 with value: 3.2379913054860083e-06.

[Trial 1098/5000] Starting at 06:43:51
  Lambdas: P=0.501, B=1.560, G=0.736
  XGBoost params: n_estimators=7868, max_depth=17
  Starting cross-validation...
  Trial 1086 MSE: 0.000005 | MAPE: 0.16% | R²: -0.229770
  Trial time: 17.4s
[I 2026-03-13 06:43:51,604] Trial 1086 finished with value: 4.7262722939354904e-06 and parameters: {'lambda_P': 0.6180537584635205, 'lambda_B': 1.144337699029058, 'lambda_G': 0.8420777477605884, 'n_estimators': 3311, 'max_depth': 5, 'learning_rate': 0.0010136042372413743, 'subsample': 0.9465343095092408, 'colsample_bytree': 0.3782865280270629, 'colsample_bylevel': 0.31962779882149056, 'reg_alpha': 0.9680670362456532, 'reg_lambda': 8.136456303402175, 'gamma': 0.00014511897949694708, 'min_child_weight': 11}. Best is trial 660 with value: 3.2379913054860083e-06.

[Trial 1099/5000] Starting at 06:43:51
  Trial 1084 MSE: 0.000005 | MAPE: 0.16% | R²: -0.314049
  Trial time: 19.1s
[I 2026-03-13 06:43:51,886] Trial 1084 finished with value: 5.076887518448612e-06 and parameters: {'lambda_P': 0.9200228233413511, 'lambda_B': 1.20487520206637, 'lambda_G': 1.4689284670911424, 'n_estimators': 3398, 'max_depth': 9, 'learning_rate': 0.0015114434788254692, 'subsample': 0.34100674646817924, 'colsample_bytree': 0.6576494660995488, 'colsample_bylevel': 0.5423990167573404, 'reg_alpha': 0.6603017655065956, 'reg_lambda': 5.6671228425549405, 'gamma': 0.0001453576290622114, 'min_child_weight': 4}. Best is trial 660 with value: 3.2379913054860083e-06.

[Trial 1100/5000] Starting at 06:43:51
  Lambdas: P=0.939, B=1.373, G=0.794
  XGBoost params: n_estimators=8899, max_depth=3
  Starting cross-validation...
  Trial 1080 MSE: 0.000004 | MAPE: 0.15% | R²: -0.088326
  Trial time: 28.0s
[I 2026-03-13 06:43:52,352] Trial 1080 finished with value: 4.034179918416666e-06 and parameters: {'lambda_P': 1.1311288482697954, 'lambda_B': 1.6853249256556109, 'lambda_G': 0.8254839055046661, 'n_estimators': 5069, 'max_depth': 20, 'learning_rate': 0.006247593445425613, 'subsample': 0.8143232667024155, 'colsample_bytree': 0.6940606772707436, 'colsample_bylevel': 0.4917626401060431, 'reg_alpha': 0.574102703098224, 'reg_lambda': 6.702815493044587, 'gamma': 0.00011119131206077346, 'min_child_weight': 2}. Best is trial 660 with value: 3.2379913054860083e-06.

[Trial 1101/5000] Starting at 06:43:52
  Lambdas: P=0.608, B=1.411, G=0.868
  XGBoost params: n_estimators=3966, max_depth=7
  Starting cross-validation...
  Lambdas: P=1.998, B=1.125, G=1.243
  XGBoost params: n_estimators=175, max_depth=11
  Starting cross-validation...
  Trial 1094 MSE: 0.000005 | MAPE: 0.16% | R²: -0.217226
  Trial time: 5.1s
[I 2026-03-13 06:43:53,280] Trial 1094 finished with value: 4.670796941103726e-06 and parameters: {'lambda_P': 1.0686943281668755, 'lambda_B': 1.3673545051415894, 'lambda_G': 1.415414917079982, 'n_estimators': 769, 'max_depth': 3, 'learning_rate': 0.02935912690384206, 'subsample': 0.9335952684930567, 'colsample_bytree': 0.3477670641674601, 'colsample_bylevel': 0.3406901140040316, 'reg_alpha': 0.7490600571283788, 'reg_lambda': 8.395413373675737, 'gamma': 0.000574293423634122, 'min_child_weight': 10}. Best is trial 660 with value: 3.2379913054860083e-06.

[Trial 1102/5000] Starting at 06:43:53
  Trial 1089 MSE: 0.000005 | MAPE: 0.16% | R²: -0.314049
  Trial time: 13.5s
[I 2026-03-13 06:43:53,502] Trial 1089 finished with value: 5.076887518448612e-06 and parameters: {'lambda_P': 1.6068292858201783, 'lambda_B': 1.6627646170855706, 'lambda_G': 0.5135310948592974, 'n_estimators': 2662, 'max_depth': 17, 'learning_rate': 0.07633642463428562, 'subsample': 0.4648201523535414, 'colsample_bytree': 0.5447186319881232, 'colsample_bylevel': 0.8112446007988258, 'reg_alpha': 1.7570718000953276, 'reg_lambda': 0.011496648178389857, 'gamma': 0.00012328738647175643, 'min_child_weight': 9}. Best is trial 660 with value: 3.2379913054860083e-06.

[Trial 1103/5000] Starting at 06:43:53
  Lambdas: P=1.723, B=1.783, G=1.719
  XGBoost params: n_estimators=6823, max_depth=17
  Starting cross-validation...
  Lambdas: P=1.898, B=1.017, G=0.506
  XGBoost params: n_estimators=2447, max_depth=10
  Starting cross-validation...
  Trial 1100 MSE: 0.000005 | MAPE: 0.16% | R²: -0.314049
  Trial time: 1.7s
[I 2026-03-13 06:43:54,242] Trial 1100 finished with value: 5.076887518448612e-06 and parameters: {'lambda_P': 1.997617303175834, 'lambda_B': 1.1253253654046103, 'lambda_G': 1.2429045545395612, 'n_estimators': 175, 'max_depth': 11, 'learning_rate': 0.0014507701189790407, 'subsample': 0.9057995643172465, 'colsample_bytree': 0.5035591078350298, 'colsample_bylevel': 0.7709101450881974, 'reg_alpha': 1.9458667528945848, 'reg_lambda': 8.034633550367927, 'gamma': 0.00011460672906007915, 'min_child_weight': 10}. Best is trial 660 with value: 3.2379913054860083e-06.

[Trial 1104/5000] Starting at 06:43:54
  Lambdas: P=0.626, B=1.396, G=0.828
  XGBoost params: n_estimators=1615, max_depth=2
  Starting cross-validation...
  Trial 1092 MSE: 0.000005 | MAPE: 0.16% | R²: -0.314049
  Trial time: 10.1s
[I 2026-03-13 06:43:54,786] Trial 1092 finished with value: 5.076887518448612e-06 and parameters: {'lambda_P': 0.7931523667369993, 'lambda_B': 1.7894859641200935, 'lambda_G': 1.1082440082972376, 'n_estimators': 1708, 'max_depth': 9, 'learning_rate': 0.006047010819898679, 'subsample': 0.8313275560552985, 'colsample_bytree': 0.639056658918196, 'colsample_bylevel': 0.714206112874614, 'reg_alpha': 2.246596631105685, 'reg_lambda': 9.545452379811408, 'gamma': 0.00010373807195589166, 'min_child_weight': 17}. Best is trial 660 with value: 3.2379913054860083e-06.

[Trial 1105/5000] Starting at 06:43:54
  Trial 1091 MSE: 0.000004 | MAPE: 0.15% | R²: -0.134242
  Trial time: 11.1s
[I 2026-03-13 06:43:55,020] Trial 1091 finished with value: 4.290018378147907e-06 and parameters: {'lambda_P': 0.5252182243052851, 'lambda_B': 1.3963360593195728, 'lambda_G': 1.1283920799812857, 'n_estimators': 1878, 'max_depth': 4, 'learning_rate': 0.006424447466745095, 'subsample': 0.9479793360185538, 'colsample_bytree': 0.439403051374812, 'colsample_bylevel': 0.4873405027748056, 'reg_alpha': 0.8478093772462629, 'reg_lambda': 8.365638728031213, 'gamma': 0.00010983359009548317, 'min_child_weight': 19}. Best is trial 660 with value: 3.2379913054860083e-06.

[Trial 1106/5000] Starting at 06:43:55
  Lambdas: P=1.854, B=0.864, G=0.546
  XGBoost params: n_estimators=418, max_depth=4
  Starting cross-validation...
  Lambdas: P=0.557, B=1.779, G=0.652
  XGBoost params: n_estimators=4775, max_depth=9
  Starting cross-validation...
  Trial 1104 MSE: 0.000005 | MAPE: 0.16% | R²: -0.187162
  Trial time: 2.1s
