[I 2026-03-13 06:21:03,802] Trial 394 finished with value: 5.076887518448612e-06 and parameters: {'lambda_P': 0.7918311320344094, 'lambda_B': 0.6932940054933863, 'lambda_G': 1.956710992939192, 'n_estimators': 4881, 'max_depth': 17, 'learning_rate': 0.06465056931395037, 'subsample': 0.5222079046718116, 'colsample_bytree': 0.5920271819362151, 'colsample_bylevel': 0.5589396080002784, 'reg_alpha': 0.6897488211393255, 'reg_lambda': 3.7851483028899624, 'gamma': 0.0010511702735253874, 'min_child_weight': 5}. Best is trial 237 with value: 3.410930139944745e-06.

[Trial 406/5000] Starting at 06:21:03
  Lambdas: P=1.033, B=0.677, G=1.794
  XGBoost params: n_estimators=3107, max_depth=11
  Starting cross-validation...
  Trial 391 MSE: 0.000005 | MAPE: 0.16% | R²: -0.314049
  Trial time: 31.4s
[I 2026-03-13 06:21:05,469] Trial 391 finished with value: 5.076887518448612e-06 and parameters: {'lambda_P': 1.96040270299665, 'lambda_B': 1.1847884904865502, 'lambda_G': 1.5372088541473115, 'n_estimators': 7945, 'max_depth': 5, 'learning_rate': 0.011626202728417077, 'subsample': 0.49732814520904234, 'colsample_bytree': 0.3230981737497021, 'colsample_bylevel': 0.7986436608035219, 'reg_alpha': 4.664328454663215, 'reg_lambda': 8.635236887344002, 'gamma': 0.03384568867741259, 'min_child_weight': 4}. Best is trial 237 with value: 3.410930139944745e-06.

[Trial 407/5000] Starting at 06:21:05
  Lambdas: P=1.665, B=1.661, G=1.309
  XGBoost params: n_estimators=4122, max_depth=19
  Starting cross-validation...
  Trial 389 MSE: 0.000005 | MAPE: 0.16% | R²: -0.314049
  Trial time: 35.1s
[I 2026-03-13 06:21:07,149] Trial 389 finished with value: 5.076887518448612e-06 and parameters: {'lambda_P': 1.82487668957712, 'lambda_B': 1.3679700974219275, 'lambda_G': 1.9890436698642016, 'n_estimators': 8856, 'max_depth': 17, 'learning_rate': 0.02323305791719205, 'subsample': 0.7108196313958839, 'colsample_bytree': 0.711664043267283, 'colsample_bylevel': 0.4283458268456388, 'reg_alpha': 3.6989510897099054, 'reg_lambda': 9.028653914284515, 'gamma': 0.047870557958012906, 'min_child_weight': 11}. Best is trial 237 with value: 3.410930139944745e-06.

[Trial 408/5000] Starting at 06:21:07
  Lambdas: P=1.849, B=0.983, G=1.098
  XGBoost params: n_estimators=242, max_depth=5
  Starting cross-validation...
  Trial 402 MSE: 0.000005 | MAPE: 0.16% | R²: -0.314049
  Trial time: 11.8s
[I 2026-03-13 06:21:08,088] Trial 402 finished with value: 5.076887518448612e-06 and parameters: {'lambda_P': 1.782999467812334, 'lambda_B': 1.5123315540738755, 'lambda_G': 1.088259341993548, 'n_estimators': 2409, 'max_depth': 4, 'learning_rate': 0.004477589924731605, 'subsample': 0.7806807052326452, 'colsample_bytree': 0.3460086926545738, 'colsample_bylevel': 0.7093118980560182, 'reg_alpha': 1.0869801227248, 'reg_lambda': 9.027379640077344, 'gamma': 0.0020006836687248308, 'min_child_weight': 16}. Best is trial 237 with value: 3.410930139944745e-06.

[Trial 409/5000] Starting at 06:21:08
  Lambdas: P=1.412, B=1.379, G=1.822
  XGBoost params: n_estimators=671, max_depth=12
  Starting cross-validation...
  Trial 407 MSE: 0.000005 | MAPE: 0.16% | R²: -0.314049
  Trial time: 1.4s
[I 2026-03-13 06:21:08,684] Trial 407 finished with value: 5.076887518448612e-06 and parameters: {'lambda_P': 1.8485787075190774, 'lambda_B': 0.9833990218486032, 'lambda_G': 1.0978744254443056, 'n_estimators': 242, 'max_depth': 5, 'learning_rate': 0.002106586440589482, 'subsample': 0.8146500146277511, 'colsample_bytree': 0.9136098652148219, 'colsample_bylevel': 0.8984290262685053, 'reg_alpha': 2.6892621113399082, 'reg_lambda': 9.016632162844264, 'gamma': 0.0006811662866491594, 'min_child_weight': 10}. Best is trial 237 with value: 3.410930139944745e-06.

[Trial 410/5000] Starting at 06:21:08
  Lambdas: P=1.717, B=1.257, G=1.405
  XGBoost params: n_estimators=5763, max_depth=3
  Starting cross-validation...
  Trial 382 MSE: 0.000005 | MAPE: 0.16% | R²: -0.314049
  Trial time: 49.6s
[I 2026-03-13 06:21:10,463] Trial 382 finished with value: 5.076887518448612e-06 and parameters: {'lambda_P': 1.2794147382015328, 'lambda_B': 0.8193043750958975, 'lambda_G': 0.8627187191447786, 'n_estimators': 9493, 'max_depth': 6, 'learning_rate': 0.08661962805965813, 'subsample': 0.8442974973417459, 'colsample_bytree': 0.3244968390138738, 'colsample_bylevel': 0.8236369729972155, 'reg_alpha': 6.219649569084231, 'reg_lambda': 5.072116726681939, 'gamma': 0.002586063468384956, 'min_child_weight': 18}. Best is trial 237 with value: 3.410930139944745e-06.

[Trial 411/5000] Starting at 06:21:10
  Lambdas: P=0.883, B=1.528, G=0.874
  XGBoost params: n_estimators=1200, max_depth=15
  Starting cross-validation...
  Trial 408 MSE: 0.000005 | MAPE: 0.16% | R²: -0.314049
  Trial time: 3.6s
[I 2026-03-13 06:21:11,902] Trial 408 finished with value: 5.076887518448612e-06 and parameters: {'lambda_P': 1.4117791917165943, 'lambda_B': 1.3791858437390725, 'lambda_G': 1.82229204298936, 'n_estimators': 671, 'max_depth': 12, 'learning_rate': 0.0035465418391659497, 'subsample': 0.9461098829548178, 'colsample_bytree': 0.5635834206313253, 'colsample_bylevel': 0.37483334745260405, 'reg_alpha': 4.248731770211085, 'reg_lambda': 9.063322708934926, 'gamma': 0.0013624882750512138, 'min_child_weight': 18}. Best is trial 237 with value: 3.410930139944745e-06.

[Trial 412/5000] Starting at 06:21:12
  Lambdas: P=1.073, B=1.953, G=0.595
  XGBoost params: n_estimators=9914, max_depth=16
  Starting cross-validation...
  Trial 386 MSE: 0.000005 | MAPE: 0.16% | R²: -0.314049
  Trial time: 47.4s
[I 2026-03-13 06:21:13,493] Trial 386 finished with value: 5.076887518448612e-06 and parameters: {'lambda_P': 0.886820571471069, 'lambda_B': 0.9740294690123863, 'lambda_G': 1.0193721365462587, 'n_estimators': 8941, 'max_depth': 3, 'learning_rate': 0.07647339324683503, 'subsample': 0.43475710368602327, 'colsample_bytree': 0.7797332944886984, 'colsample_bylevel': 0.8498292619365473, 'reg_alpha': 2.5997978795082375, 'reg_lambda': 8.10272072778712, 'gamma': 0.022095755178903685, 'min_child_weight': 15}. Best is trial 237 with value: 3.410930139944745e-06.

[Trial 413/5000] Starting at 06:21:13
  Lambdas: P=1.806, B=1.899, G=0.893
  XGBoost params: n_estimators=524, max_depth=6
  Starting cross-validation...
  Trial 403 MSE: 0.000005 | MAPE: 0.16% | R²: -0.314049
  Trial time: 13.6s
[I 2026-03-13 06:21:15,080] Trial 403 finished with value: 5.076887518448612e-06 and parameters: {'lambda_P': 0.9182233364829784, 'lambda_B': 1.191367781241599, 'lambda_G': 1.5976066778422455, 'n_estimators': 2491, 'max_depth': 18, 'learning_rate': 0.04355242517098237, 'subsample': 0.3634397888378524, 'colsample_bytree': 0.9316181843059204, 'colsample_bylevel': 0.39979669595977796, 'reg_alpha': 5.858561262453829, 'reg_lambda': 4.8937410947156135, 'gamma': 0.0030937151120071426, 'min_child_weight': 15}. Best is trial 237 with value: 3.410930139944745e-06.

[Trial 414/5000] Starting at 06:21:15
  Lambdas: P=1.186, B=0.857, G=1.138
  XGBoost params: n_estimators=9384, max_depth=5
  Starting cross-validation...
  Trial 412 MSE: 0.000005 | MAPE: 0.16% | R²: -0.314049
  Trial time: 2.9s
[I 2026-03-13 06:21:16,623] Trial 412 finished with value: 5.076887518448612e-06 and parameters: {'lambda_P': 1.8058636705079982, 'lambda_B': 1.8989217124691709, 'lambda_G': 0.893462141106266, 'n_estimators': 524, 'max_depth': 6, 'learning_rate': 0.00430240082040533, 'subsample': 0.5414097029415575, 'colsample_bytree': 0.9378373350689508, 'colsample_bylevel': 0.4007969523689121, 'reg_alpha': 8.125745852647652, 'reg_lambda': 0.8037533640741901, 'gamma': 0.00011422593088393874, 'min_child_weight': 10}. Best is trial 237 with value: 3.410930139944745e-06.

[Trial 415/5000] Starting at 06:21:16
  Lambdas: P=1.917, B=0.885, G=0.537
  XGBoost params: n_estimators=5718, max_depth=14
  Starting cross-validation...
  Trial 410 MSE: 0.000005 | MAPE: 0.16% | R²: -0.314049
  Trial time: 6.8s
[I 2026-03-13 06:21:17,475] Trial 410 finished with value: 5.076887518448612e-06 and parameters: {'lambda_P': 0.8829691043868975, 'lambda_B': 1.5279836542868006, 'lambda_G': 0.873816722709465, 'n_estimators': 1200, 'max_depth': 15, 'learning_rate': 0.0015560050924459839, 'subsample': 0.4508991859366383, 'colsample_bytree': 0.9913313296916413, 'colsample_bylevel': 0.8716548498106529, 'reg_alpha': 1.0708738652483862, 'reg_lambda': 0.22179426806826052, 'gamma': 0.014887419348910476, 'min_child_weight': 13}. Best is trial 237 with value: 3.410930139944745e-06.

[Trial 416/5000] Starting at 06:21:17
  Lambdas: P=0.831, B=1.608, G=0.692
  XGBoost params: n_estimators=2629, max_depth=18
  Starting cross-validation...
  Trial 395 MSE: 0.000005 | MAPE: 0.16% | R²: -0.314049
  Trial time: 37.6s
[I 2026-03-13 06:21:18,395] Trial 395 finished with value: 5.076887518448612e-06 and parameters: {'lambda_P': 1.5238737834643978, 'lambda_B': 0.7774101005255054, 'lambda_G': 1.254977070499354, 'n_estimators': 7615, 'max_depth': 6, 'learning_rate': 0.0027907261947432887, 'subsample': 0.7115132397727587, 'colsample_bytree': 0.9507791051429153, 'colsample_bylevel': 0.9631891515380437, 'reg_alpha': 9.932211933695275, 'reg_lambda': 3.703726985286343, 'gamma': 0.014027508111980705, 'min_child_weight': 10}. Best is trial 237 with value: 3.410930139944745e-06.

[Trial 417/5000] Starting at 06:21:18
  Lambdas: P=1.625, B=1.911, G=1.893
  XGBoost params: n_estimators=150, max_depth=3
  Starting cross-validation...
  Trial 416 MSE: 0.000004 | MAPE: 0.15% | R²: -0.137564
  Trial time: 0.8s
[I 2026-03-13 06:21:19,352] Trial 416 finished with value: 4.230837841537558e-06 and parameters: {'lambda_P': 1.6250058706888226, 'lambda_B': 1.9105162172849153, 'lambda_G': 1.8927452311679294, 'n_estimators': 150, 'max_depth': 3, 'learning_rate': 0.3041669821380408, 'subsample': 0.9954537575247374, 'colsample_bytree': 0.550456269450988, 'colsample_bylevel': 0.9238469034759986, 'reg_alpha': 0.5275692830871304, 'reg_lambda': 0.4657603355321467, 'gamma': 0.0006864763191434815, 'min_child_weight': 9}. Best is trial 237 with value: 3.410930139944745e-06.

[Trial 418/5000] Starting at 06:21:19
  Lambdas: P=1.953, B=1.884, G=1.651
  XGBoost params: n_estimators=131, max_depth=4
  Starting cross-validation...
  Trial 400 MSE: 0.000005 | MAPE: 0.16% | R²: -0.314049
  Trial time: 26.3s
[I 2026-03-13 06:21:19,880] Trial 400 finished with value: 5.076887518448612e-06 and parameters: {'lambda_P': 1.415512892071229, 'lambda_B': 1.0266214878090412, 'lambda_G': 1.9973759076709012, 'n_estimators': 4840, 'max_depth': 18, 'learning_rate': 0.010599324355404956, 'subsample': 0.503193171155373, 'colsample_bytree': 0.9108012298933217, 'colsample_bylevel': 0.5841778315528221, 'reg_alpha': 3.778985260748702, 'reg_lambda': 3.866786273126215, 'gamma': 0.001026180545877401, 'min_child_weight': 8}. Best is trial 237 with value: 3.410930139944745e-06.

[Trial 419/5000] Starting at 06:21:19
  Lambdas: P=1.068, B=1.816, G=0.650
  XGBoost params: n_estimators=4480, max_depth=20
  Starting cross-validation...
  Trial 417 MSE: 0.000005 | MAPE: 0.16% | R²: -0.314049
  Trial time: 1.1s
[I 2026-03-13 06:21:20,582] Trial 417 finished with value: 5.076887518448612e-06 and parameters: {'lambda_P': 1.9527543735717994, 'lambda_B': 1.8838389748576947, 'lambda_G': 1.6507393980636271, 'n_estimators': 131, 'max_depth': 4, 'learning_rate': 0.09211715676765161, 'subsample': 0.9494048253290887, 'colsample_bytree': 0.5789322486232859, 'colsample_bylevel': 0.8582206502962427, 'reg_alpha': 2.104080136595341, 'reg_lambda': 0.23468439211843323, 'gamma': 0.00023621399867062814, 'min_child_weight': 6}. Best is trial 237 with value: 3.410930139944745e-06.

[Trial 420/5000] Starting at 06:21:20
  Lambdas: P=1.972, B=1.313, G=1.027
  XGBoost params: n_estimators=8876, max_depth=2
  Starting cross-validation...
  Trial 392 MSE: 0.000005 | MAPE: 0.16% | R²: -0.314049
  Trial time: 46.0s
[I 2026-03-13 06:21:21,670] Trial 392 finished with value: 5.076887518448612e-06 and parameters: {'lambda_P': 0.7969131894184978, 'lambda_B': 0.9379702032978112, 'lambda_G': 0.90747350894598, 'n_estimators': 8608, 'max_depth': 9, 'learning_rate': 0.11862728877877464, 'subsample': 0.5656153489991427, 'colsample_bytree': 0.7087861966805764, 'colsample_bylevel': 0.8059718738036901, 'reg_alpha': 4.994264635619807, 'reg_lambda': 6.504558534614401, 'gamma': 0.007481422645184583, 'min_child_weight': 9}. Best is trial 237 with value: 3.410930139944745e-06.

[Trial 421/5000] Starting at 06:21:21
  Lambdas: P=0.739, B=1.825, G=1.134
  XGBoost params: n_estimators=8804, max_depth=13
  Starting cross-validation...
  Trial 405 MSE: 0.000005 | MAPE: 0.16% | R²: -0.314049
  Trial time: 18.2s
[I 2026-03-13 06:21:22,183] Trial 405 finished with value: 5.076887518448612e-06 and parameters: {'lambda_P': 1.0334355536167366, 'lambda_B': 0.6766633791108357, 'lambda_G': 1.7944498934370803, 'n_estimators': 3107, 'max_depth': 11, 'learning_rate': 0.03505867446055274, 'subsample': 0.4748081320605558, 'colsample_bytree': 0.6510039061768237, 'colsample_bylevel': 0.3003512330285066, 'reg_alpha': 5.7803869258053595, 'reg_lambda': 4.498406673912249, 'gamma': 0.00489783881266102, 'min_child_weight': 10}. Best is trial 237 with value: 3.410930139944745e-06.

[Trial 422/5000] Starting at 06:21:22
  Lambdas: P=0.885, B=0.762, G=1.854
  XGBoost params: n_estimators=2085, max_depth=13
  Starting cross-validation...
  Trial 399 MSE: 0.000005 | MAPE: 0.16% | R²: -0.314049
  Trial time: 32.6s
[I 2026-03-13 06:21:22,729] Trial 399 finished with value: 5.076887518448612e-06 and parameters: {'lambda_P': 1.6131638412175913, 'lambda_B': 1.2199029118834825, 'lambda_G': 0.7084432903597817, 'n_estimators': 5876, 'max_depth': 2, 'learning_rate': 0.0021543463662344743, 'subsample': 0.476094592527092, 'colsample_bytree': 0.6382444792877018, 'colsample_bylevel': 0.4834961794226529, 'reg_alpha': 9.700929885842207, 'reg_lambda': 4.531568634603787, 'gamma': 0.014872085882266002, 'min_child_weight': 12}. Best is trial 237 with value: 3.410930139944745e-06.

[Trial 423/5000] Starting at 06:21:22
  Lambdas: P=0.719, B=1.940, G=1.375
  XGBoost params: n_estimators=8170, max_depth=18
  Starting cross-validation...
  Trial 406 MSE: 0.000005 | MAPE: 0.16% | R²: -0.314049
  Trial time: 19.0s
[I 2026-03-13 06:21:24,708] Trial 406 finished with value: 5.076887518448612e-06 and parameters: {'lambda_P': 1.665497219731208, 'lambda_B': 1.6608551774005198, 'lambda_G': 1.3092995506834773, 'n_estimators': 4122, 'max_depth': 19, 'learning_rate': 0.06091347575880536, 'subsample': 0.7165359459614848, 'colsample_bytree': 0.9332140804355695, 'colsample_bylevel': 0.8036036218135898, 'reg_alpha': 3.2756308342727083, 'reg_lambda': 7.230317209124529, 'gamma': 0.018979396866494042, 'min_child_weight': 14}. Best is trial 237 with value: 3.410930139944745e-06.

[Trial 424/5000] Starting at 06:21:24
  Lambdas: P=1.145, B=1.961, G=1.956
  XGBoost params: n_estimators=6481, max_depth=17
  Starting cross-validation...
  Trial 404 MSE: 0.000005 | MAPE: 0.16% | R²: -0.314049
  Trial time: 25.5s
[I 2026-03-13 06:21:27,663] Trial 404 finished with value: 5.076887518448612e-06 and parameters: {'lambda_P': 1.1298947625539022, 'lambda_B': 1.9446751765686159, 'lambda_G': 1.3411416520579218, 'n_estimators': 4889, 'max_depth': 13, 'learning_rate': 0.0016207024342570098, 'subsample': 0.3839155221203281, 'colsample_bytree': 0.9499337249258459, 'colsample_bylevel': 0.8505121560365942, 'reg_alpha': 3.8809345072767276, 'reg_lambda': 7.947387407509089, 'gamma': 0.036699824937635635, 'min_child_weight': 19}. Best is trial 237 with value: 3.410930139944745e-06.

[Trial 425/5000] Starting at 06:21:27
  Lambdas: P=0.704, B=1.934, G=1.235
  XGBoost params: n_estimators=8377, max_depth=13
  Starting cross-validation...
  Trial 401 MSE: 0.000005 | MAPE: 0.16% | R²: -0.314049
  Trial time: 35.7s
[I 2026-03-13 06:21:29,949] Trial 401 finished with value: 5.076887518448612e-06 and parameters: {'lambda_P': 1.2049799598619244, 'lambda_B': 0.5395024339809511, 'lambda_G': 1.437667909178038, 'n_estimators': 6420, 'max_depth': 15, 'learning_rate': 0.18702833217256765, 'subsample': 0.5616660250257732, 'colsample_bytree': 0.6659051087747108, 'colsample_bylevel': 0.3687568874405681, 'reg_alpha': 1.4619309535820124, 'reg_lambda': 0.15430258329268365, 'gamma': 0.012018537474547336, 'min_child_weight': 16}. Best is trial 237 with value: 3.410930139944745e-06.

[Trial 426/5000] Starting at 06:21:30
  Lambdas: P=1.542, B=1.896, G=1.833
  XGBoost params: n_estimators=9177, max_depth=4
  Starting cross-validation...
  Trial 415 MSE: 0.000004 | MAPE: 0.16% | R²: -0.190964
  Trial time: 14.9s
[I 2026-03-13 06:21:32,611] Trial 415 finished with value: 4.4704949106929926e-06 and parameters: {'lambda_P': 0.8311527813970789, 'lambda_B': 1.6079733430530043, 'lambda_G': 0.6922284869786278, 'n_estimators': 2629, 'max_depth': 18, 'learning_rate': 0.0061901679831909045, 'subsample': 0.7661409622147536, 'colsample_bytree': 0.5985552594333452, 'colsample_bylevel': 0.8974947553633345, 'reg_alpha': 0.270945549569576, 'reg_lambda': 0.8714501230921025, 'gamma': 0.0010227312345281367, 'min_child_weight': 1}. Best is trial 237 with value: 3.410930139944745e-06.

[Trial 427/5000] Starting at 06:21:32
  Lambdas: P=0.699, B=1.706, G=1.198
  XGBoost params: n_estimators=8337, max_depth=16
  Starting cross-validation...
  Trial 421 MSE: 0.000005 | MAPE: 0.16% | R²: -0.314049
  Trial time: 10.9s
[I 2026-03-13 06:21:33,268] Trial 421 finished with value: 5.076887518448612e-06 and parameters: {'lambda_P': 0.885056646058618, 'lambda_B': 0.7623374319371325, 'lambda_G': 1.8542506097304796, 'n_estimators': 2085, 'max_depth': 13, 'learning_rate': 0.1471376288006596, 'subsample': 0.40745746312914466, 'colsample_bytree': 0.6608474669710255, 'colsample_bylevel': 0.5243177004191312, 'reg_alpha': 1.4918269124747214, 'reg_lambda': 1.4333026487335592, 'gamma': 0.0548560552344849, 'min_child_weight': 17}. Best is trial 237 with value: 3.410930139944745e-06.

[Trial 428/5000] Starting at 06:21:33
  Trial 409 MSE: 0.000005 | MAPE: 0.16% | R²: -0.314049
  Trial time: 24.7s
[I 2026-03-13 06:21:33,598] Trial 409 finished with value: 5.076887518448612e-06 and parameters: {'lambda_P': 1.7169134173066145, 'lambda_B': 1.2570406690512534, 'lambda_G': 1.405288961709093, 'n_estimators': 5763, 'max_depth': 3, 'learning_rate': 0.1787394215335981, 'subsample': 0.7868686078133063, 'colsample_bytree': 0.6927927134915001, 'colsample_bylevel': 0.5818574370310624, 'reg_alpha': 1.6821172528333705, 'reg_lambda': 0.08560741511696501, 'gamma': 0.0004301261332551026, 'min_child_weight': 17}. Best is trial 237 with value: 3.410930139944745e-06.

[Trial 429/5000] Starting at 06:21:33
  Lambdas: P=0.540, B=1.898, G=1.967
  XGBoost params: n_estimators=8952, max_depth=17
  Starting cross-validation...
  Lambdas: P=1.007, B=1.783, G=0.760
  XGBoost params: n_estimators=3907, max_depth=18
  Starting cross-validation...
  Trial 398 MSE: 0.000005 | MAPE: 0.16% | R²: -0.314049
  Trial time: 52.5s
[I 2026-03-13 06:21:38,823] Trial 398 finished with value: 5.076887518448612e-06 and parameters: {'lambda_P': 1.6781082712642343, 'lambda_B': 1.7408825099014427, 'lambda_G': 1.606358019786692, 'n_estimators': 9774, 'max_depth': 13, 'learning_rate': 0.03182235579429281, 'subsample': 0.47755220129114173, 'colsample_bytree': 0.6290268506633827, 'colsample_bylevel': 0.7706904136788478, 'reg_alpha': 9.929151309525388, 'reg_lambda': 1.428633646724622, 'gamma': 0.01329676455383236, 'min_child_weight': 8}. Best is trial 237 with value: 3.410930139944745e-06.

[Trial 430/5000] Starting at 06:21:38
  Lambdas: P=1.363, B=1.867, G=1.664
  XGBoost params: n_estimators=7776, max_depth=5
  Starting cross-validation...
  Trial 418 MSE: 0.000005 | MAPE: 0.16% | R²: -0.314049
  Trial time: 22.9s
[I 2026-03-13 06:21:43,024] Trial 418 finished with value: 5.076887518448612e-06 and parameters: {'lambda_P': 1.0678608693803318, 'lambda_B': 1.8163236549391573, 'lambda_G': 0.6497350990487395, 'n_estimators': 4480, 'max_depth': 20, 'learning_rate': 0.03365667629505506, 'subsample': 0.7572072552824715, 'colsample_bytree': 0.6536043025055197, 'colsample_bylevel': 0.7691109318820981, 'reg_alpha': 1.967771311879532, 'reg_lambda': 0.8360342117638779, 'gamma': 0.0001904383192410475, 'min_child_weight': 4}. Best is trial 237 with value: 3.410930139944745e-06.

[Trial 431/5000] Starting at 06:21:43
  Lambdas: P=1.326, B=1.175, G=1.321
  XGBoost params: n_estimators=8497, max_depth=2
  Starting cross-validation...
  Trial 414 MSE: 0.000004 | MAPE: 0.15% | R²: -0.092453
  Trial time: 31.0s
[I 2026-03-13 06:21:47,923] Trial 414 finished with value: 3.959124337720908e-06 and parameters: {'lambda_P': 1.9168796636973684, 'lambda_B': 0.8846354889881689, 'lambda_G': 0.5367497669634264, 'n_estimators': 5718, 'max_depth': 14, 'learning_rate': 0.11010219451362666, 'subsample': 0.6347964382307965, 'colsample_bytree': 0.6228083995475621, 'colsample_bylevel': 0.9519667860266086, 'reg_alpha': 0.1646070705222346, 'reg_lambda': 9.131344245507956, 'gamma': 0.0003300775998163052, 'min_child_weight': 14}. Best is trial 237 with value: 3.410930139944745e-06.

[Trial 432/5000] Starting at 06:21:48
  Lambdas: P=1.840, B=0.751, G=0.530
  Trial 428 MSE: 0.000005 | MAPE: 0.16% | R²: -0.314049
  Trial time: 14.6s
  XGBoost params: n_estimators=2958, max_depth=17
  Starting cross-validation...
