[I 2026-03-13 06:54:53,118] Trial 1476 finished with value: 5.076887518448612e-06 and parameters: {'lambda_P': 1.5434219110868435, 'lambda_B': 1.962412970742425, 'lambda_G': 1.0704577965367679, 'n_estimators': 1942, 'max_depth': 9, 'learning_rate': 0.0680291911892811, 'subsample': 0.956951597372022, 'colsample_bytree': 0.5503162883070032, 'colsample_bylevel': 0.42896862881206843, 'reg_alpha': 2.344391623621399, 'reg_lambda': 0.7677993367999408, 'gamma': 0.00019105053088432194, 'min_child_weight': 2}. Best is trial 1422 with value: 2.996031181594198e-06.

[Trial 1482/5000] Starting at 06:54:53
  Lambdas: P=1.520, B=1.882, G=1.004
  XGBoost params: n_estimators=3612, max_depth=19
  Starting cross-validation...
  Trial 1451 MSE: 0.000005 | MAPE: 0.16% | R²: -0.314049
  Trial time: 46.9s
[I 2026-03-13 06:54:54,190] Trial 1451 finished with value: 5.076887518448612e-06 and parameters: {'lambda_P': 0.5625088460453223, 'lambda_B': 1.9851691975531245, 'lambda_G': 0.8996491463142448, 'n_estimators': 8423, 'max_depth': 18, 'learning_rate': 0.0023819702777869477, 'subsample': 0.9197723848708986, 'colsample_bytree': 0.47212120711895394, 'colsample_bylevel': 0.49091803464288786, 'reg_alpha': 1.3426387971435012, 'reg_lambda': 2.567584436689113, 'gamma': 0.0004187669623896187, 'min_child_weight': 12}. Best is trial 1422 with value: 2.996031181594198e-06.

[Trial 1483/5000] Starting at 06:54:54
  Trial 1456 MSE: 0.000005 | MAPE: 0.16% | R²: -0.279706
  Trial time: 39.4s
[I 2026-03-13 06:54:54,385] Trial 1456 finished with value: 4.9802481740479e-06 and parameters: {'lambda_P': 0.6231174633954603, 'lambda_B': 1.0366268214229186, 'lambda_G': 0.838320379930921, 'n_estimators': 7203, 'max_depth': 16, 'learning_rate': 0.005817162037391204, 'subsample': 0.731541056223215, 'colsample_bytree': 0.42769062801217284, 'colsample_bylevel': 0.7052376983633233, 'reg_alpha': 0.9253479639334317, 'reg_lambda': 3.611864722632542, 'gamma': 0.00032390351057312377, 'min_child_weight': 11}. Best is trial 1422 with value: 2.996031181594198e-06.

[Trial 1484/5000] Starting at 06:54:54
  Lambdas: P=1.301, B=1.754, G=1.307
  Lambdas: P=1.121, B=1.989, G=1.304
  XGBoost params: n_estimators=1747, max_depth=9
  Starting cross-validation...
  XGBoost params: n_estimators=4550, max_depth=8
  Starting cross-validation...
  Trial 1462 MSE: 0.000005 | MAPE: 0.16% | R²: -0.314049
  Trial time: 33.6s
[I 2026-03-13 06:54:55,487] Trial 1462 finished with value: 5.076887518448612e-06 and parameters: {'lambda_P': 0.8357748217244516, 'lambda_B': 1.8933696960150277, 'lambda_G': 0.8385641329080645, 'n_estimators': 5937, 'max_depth': 20, 'learning_rate': 0.01744499624137407, 'subsample': 0.5195653240491406, 'colsample_bytree': 0.33115372671749044, 'colsample_bylevel': 0.5797956100557872, 'reg_alpha': 1.8288253114836117, 'reg_lambda': 4.945810256615398, 'gamma': 0.00031736144657091, 'min_child_weight': 9}. Best is trial 1422 with value: 2.996031181594198e-06.

[Trial 1485/5000] Starting at 06:54:55
  Lambdas: P=0.598, B=1.465, G=1.089
  XGBoost params: n_estimators=765, max_depth=2
  Starting cross-validation...
  Trial 1470 MSE: 0.000005 | MAPE: 0.16% | R²: -0.314049
  Trial time: 22.5s
[I 2026-03-13 06:54:56,595] Trial 1470 finished with value: 5.076887518448612e-06 and parameters: {'lambda_P': 1.307664509919851, 'lambda_B': 1.9869052471970938, 'lambda_G': 1.1484995207574094, 'n_estimators': 4042, 'max_depth': 16, 'learning_rate': 0.04111042689042292, 'subsample': 0.9711770552914327, 'colsample_bytree': 0.42335380115743115, 'colsample_bylevel': 0.334356839003625, 'reg_alpha': 1.9723083046420835, 'reg_lambda': 3.9145783454403063, 'gamma': 0.00015665746639912756, 'min_child_weight': 3}. Best is trial 1422 with value: 2.996031181594198e-06.

[Trial 1486/5000] Starting at 06:54:56
  Lambdas: P=1.545, B=1.911, G=0.945
  XGBoost params: n_estimators=4027, max_depth=6
  Starting cross-validation...
  Trial 1468 MSE: 0.000005 | MAPE: 0.16% | R²: -0.314049
  Trial time: 26.6s
[I 2026-03-13 06:54:57,275] Trial 1468 finished with value: 5.076887518448612e-06 and parameters: {'lambda_P': 0.5502181266102486, 'lambda_B': 1.563372885074067, 'lambda_G': 0.5494582973620807, 'n_estimators': 5600, 'max_depth': 17, 'learning_rate': 0.006675221139987889, 'subsample': 0.7268538265754272, 'colsample_bytree': 0.3162037436647548, 'colsample_bylevel': 0.5556223843456838, 'reg_alpha': 1.5870640380122008, 'reg_lambda': 2.9850109494244914, 'gamma': 0.0013020827171814596, 'min_child_weight': 12}. Best is trial 1422 with value: 2.996031181594198e-06.

[Trial 1487/5000] Starting at 06:54:57
  Lambdas: P=1.586, B=1.897, G=0.790
  XGBoost params: n_estimators=4719, max_depth=6
  Starting cross-validation...
  Trial 1477 MSE: 0.000004 | MAPE: 0.15% | R²: -0.139831
  Trial time: 10.1s
[I 2026-03-13 06:54:59,001] Trial 1477 finished with value: 4.291510193724275e-06 and parameters: {'lambda_P': 1.450526888786776, 'lambda_B': 1.95281893261167, 'lambda_G': 0.5270019676558599, 'n_estimators': 1722, 'max_depth': 7, 'learning_rate': 0.014508022152030663, 'subsample': 0.6967157341717487, 'colsample_bytree': 0.3252095985454683, 'colsample_bylevel': 0.35380247981727375, 'reg_alpha': 0.6034436456757193, 'reg_lambda': 9.960529207831962, 'gamma': 0.00010369473382988889, 'min_child_weight': 14}. Best is trial 1422 with value: 2.996031181594198e-06.

[Trial 1488/5000] Starting at 06:54:59
  Lambdas: P=1.048, B=1.509, G=1.161
  XGBoost params: n_estimators=485, max_depth=12
  Starting cross-validation...
  Trial 1484 MSE: 0.000004 | MAPE: 0.14% | R²: -0.038358
  Trial time: 4.6s
[I 2026-03-13 06:55:00,309] Trial 1484 finished with value: 3.731117904453054e-06 and parameters: {'lambda_P': 0.5978298588152784, 'lambda_B': 1.4650844251640565, 'lambda_G': 1.0890210556134778, 'n_estimators': 765, 'max_depth': 2, 'learning_rate': 0.0023014308992916313, 'subsample': 0.7101127971574321, 'colsample_bytree': 0.7257748354541708, 'colsample_bylevel': 0.5673154340519361, 'reg_alpha': 0.23523721238864703, 'reg_lambda': 6.872261289321385, 'gamma': 0.00011208652178444776, 'min_child_weight': 9}. Best is trial 1422 with value: 2.996031181594198e-06.

[Trial 1489/5000] Starting at 06:55:00
  Lambdas: P=1.652, B=1.780, G=1.186
  XGBoost params: n_estimators=4181, max_depth=8
  Starting cross-validation...
  Trial 1487 MSE: 0.000004 | MAPE: 0.14% | R²: -0.050486
  Trial time: 2.8s
[I 2026-03-13 06:55:01,978] Trial 1487 finished with value: 3.6766976580457695e-06 and parameters: {'lambda_P': 1.0482002427370118, 'lambda_B': 1.5093500137297964, 'lambda_G': 1.1612284973366722, 'n_estimators': 485, 'max_depth': 12, 'learning_rate': 0.008729583690900666, 'subsample': 0.7721964951098208, 'colsample_bytree': 0.5486941062555812, 'colsample_bylevel': 0.30933098738204484, 'reg_alpha': 0.14602800117628723, 'reg_lambda': 9.764250264886073, 'gamma': 0.00031710425345059663, 'min_child_weight': 17}. Best is trial 1422 with value: 2.996031181594198e-06.

[Trial 1490/5000] Starting at 06:55:02
  Lambdas: P=1.231, B=1.891, G=1.248
  XGBoost params: n_estimators=3402, max_depth=12
  Starting cross-validation...
  Trial 1482 MSE: 0.000004 | MAPE: 0.16% | R²: -0.184364
  Trial time: 9.5s
[I 2026-03-13 06:55:03,874] Trial 1482 finished with value: 4.4403467074090794e-06 and parameters: {'lambda_P': 1.3006031398769984, 'lambda_B': 1.7535781089696747, 'lambda_G': 1.307287779275779, 'n_estimators': 1747, 'max_depth': 9, 'learning_rate': 0.005492929183568435, 'subsample': 0.8767702738395124, 'colsample_bytree': 0.7817322374480816, 'colsample_bylevel': 0.43941932994838306, 'reg_alpha': 0.16941730010817813, 'reg_lambda': 9.364080265313246, 'gamma': 0.0014297090598030502, 'min_child_weight': 12}. Best is trial 1422 with value: 2.996031181594198e-06.

[Trial 1491/5000] Starting at 06:55:03
  Lambdas: P=0.585, B=1.374, G=0.756
  Trial 1465 MSE: 0.000004 | MAPE: 0.15% | R²: -0.133298
  Trial time: 38.4s
[I 2026-03-13 06:55:04,436] Trial 1465 finished with value: 4.182640484033144e-06 and parameters: {'lambda_P': 0.7050506104646158, 'lambda_B': 1.4108272764923486, 'lambda_G': 0.6458811213305883, 'n_estimators': 6843, 'max_depth': 18, 'learning_rate': 0.006147479755845858, 'subsample': 0.6083251823553393, 'colsample_bytree': 0.33233985025814505, 'colsample_bylevel': 0.769697413512539, 'reg_alpha': 0.21632570194482176, 'reg_lambda': 5.347553120785159, 'gamma': 0.0004948264707102174, 'min_child_weight': 7}. Best is trial 1422 with value: 2.996031181594198e-06.
  XGBoost params: n_estimators=6267, max_depth=15
  Starting cross-validation...

[Trial 1492/5000] Starting at 06:55:04
  Lambdas: P=1.327, B=1.789, G=1.059
  XGBoost params: n_estimators=3567, max_depth=16
  Starting cross-validation...
  Trial 1469 MSE: 0.000005 | MAPE: 0.16% | R²: -0.305400
  Trial time: 36.9s
[I 2026-03-13 06:55:08,615] Trial 1469 finished with value: 5.048516427121743e-06 and parameters: {'lambda_P': 0.790799930575479, 'lambda_B': 1.447329084972389, 'lambda_G': 0.6519385085189527, 'n_estimators': 7148, 'max_depth': 17, 'learning_rate': 0.006707541350779778, 'subsample': 0.734097553874363, 'colsample_bytree': 0.3653532415650551, 'colsample_bylevel': 0.6485414531943117, 'reg_alpha': 0.722538705312759, 'reg_lambda': 2.6352234529505867, 'gamma': 0.0009261051871961403, 'min_child_weight': 8}. Best is trial 1422 with value: 2.996031181594198e-06.

[Trial 1493/5000] Starting at 06:55:08
  Lambdas: P=1.145, B=1.961, G=0.893
  Trial 1472 MSE: 0.000004 | MAPE: 0.14% | R²: -0.066094
  Trial time: 31.1s
[I 2026-03-13 06:55:09,210] Trial 1472 finished with value: 3.7977093257946346e-06 and parameters: {'lambda_P': 0.5708307178383359, 'lambda_B': 1.9134171620663134, 'lambda_G': 0.6519079921564502, 'n_estimators': 5845, 'max_depth': 18, 'learning_rate': 0.003006422362959814, 'subsample': 0.7431835558469069, 'colsample_bytree': 0.32221403067956494, 'colsample_bylevel': 0.554078211692119, 'reg_alpha': 0.1638370389111684, 'reg_lambda': 3.841882972545875, 'gamma': 0.0004092660918910052, 'min_child_weight': 11}. Best is trial 1422 with value: 2.996031181594198e-06.
  XGBoost params: n_estimators=1020, max_depth=15
[Trial 1494/5000] Starting at 06:55:09

  Starting cross-validation...
  Lambdas: P=1.054, B=1.958, G=0.999
  XGBoost params: n_estimators=5013, max_depth=14
  Starting cross-validation...
  Trial 1474 MSE: 0.000005 | MAPE: 0.16% | R²: -0.314049
  Trial time: 28.8s
[I 2026-03-13 06:55:10,518] Trial 1474 finished with value: 5.076887518448612e-06 and parameters: {'lambda_P': 1.238193686348254, 'lambda_B': 1.830150466244994, 'lambda_G': 1.0484841573893293, 'n_estimators': 5289, 'max_depth': 14, 'learning_rate': 0.14925682079460603, 'subsample': 0.9729094032780546, 'colsample_bytree': 0.5467207514829828, 'colsample_bylevel': 0.3213305965082631, 'reg_alpha': 2.1710137141871924, 'reg_lambda': 0.7687043933477948, 'gamma': 0.00015558464907748063, 'min_child_weight': 6}. Best is trial 1422 with value: 2.996031181594198e-06.

[Trial 1495/5000] Starting at 06:55:10
  Lambdas: P=1.020, B=1.955, G=0.795
  XGBoost params: n_estimators=4702, max_depth=12
  Starting cross-validation...
  Trial 1479 MSE: 0.000004 | MAPE: 0.15% | R²: -0.113530
  Trial time: 20.4s
[I 2026-03-13 06:55:11,428] Trial 1479 finished with value: 4.1770051873741195e-06 and parameters: {'lambda_P': 1.258835323746435, 'lambda_B': 1.8079753681668351, 'lambda_G': 0.917333155549269, 'n_estimators': 3656, 'max_depth': 7, 'learning_rate': 0.005349448666071486, 'subsample': 0.7548448182900955, 'colsample_bytree': 0.3365272799522428, 'colsample_bylevel': 0.5750190558776128, 'reg_alpha': 0.6140553631407555, 'reg_lambda': 9.210071241037385, 'gamma': 0.00010374611427812703, 'min_child_weight': 16}. Best is trial 1422 with value: 2.996031181594198e-06.

[Trial 1496/5000] Starting at 06:55:11
  Lambdas: P=0.872, B=1.690, G=0.751
  XGBoost params: n_estimators=812, max_depth=16
  Starting cross-validation...
  Trial 1481 MSE: 0.000004 | MAPE: 0.15% | R²: -0.053983
  Trial time: 19.4s
[I 2026-03-13 06:55:12,739] Trial 1481 finished with value: 3.7866874654353333e-06 and parameters: {'lambda_P': 1.5196533639847325, 'lambda_B': 1.8822488916809685, 'lambda_G': 1.0043537839860648, 'n_estimators': 3612, 'max_depth': 19, 'learning_rate': 0.005140443043744795, 'subsample': 0.8192922868565466, 'colsample_bytree': 0.6338754473936591, 'colsample_bylevel': 0.43827342587535534, 'reg_alpha': 0.37463300948664735, 'reg_lambda': 0.7483193500756569, 'gamma': 0.00015894435498730572, 'min_child_weight': 2}. Best is trial 1422 with value: 2.996031181594198e-06.

[Trial 1497/5000] Starting at 06:55:12
  Lambdas: P=0.521, B=1.613, G=1.382
  XGBoost params: n_estimators=6018, max_depth=19
  Starting cross-validation...
  Trial 1492 MSE: 0.000005 | MAPE: 0.16% | R²: -0.294251
  Trial time: 5.1s
[I 2026-03-13 06:55:13,930] Trial 1492 finished with value: 5.02429307294846e-06 and parameters: {'lambda_P': 1.1446761132494858, 'lambda_B': 1.960762571141294, 'lambda_G': 0.8934970932347257, 'n_estimators': 1020, 'max_depth': 15, 'learning_rate': 0.06518065964664348, 'subsample': 0.9899690701542617, 'colsample_bytree': 0.5858766146628234, 'colsample_bylevel': 0.4200651343741499, 'reg_alpha': 1.3516419634677401, 'reg_lambda': 2.2393539248205334, 'gamma': 0.0003309457434016603, 'min_child_weight': 3}. Best is trial 1422 with value: 2.996031181594198e-06.

[Trial 1498/5000] Starting at 06:55:14
  Trial 1475 MSE: 0.000005 | MAPE: 0.16% | R²: -0.314049
  Trial time: 31.3s
[I 2026-03-13 06:55:14,300] Trial 1475 finished with value: 5.076887518448612e-06 and parameters: {'lambda_P': 1.645757462606586, 'lambda_B': 1.8084808296493007, 'lambda_G': 1.210879526227618, 'n_estimators': 5553, 'max_depth': 9, 'learning_rate': 0.006747152891412196, 'subsample': 0.6155462818517952, 'colsample_bytree': 0.6012482905505796, 'colsample_bylevel': 0.7370753802472757, 'reg_alpha': 1.2546956440814503, 'reg_lambda': 9.813120863330347, 'gamma': 0.0001140829259208975, 'min_child_weight': 17}. Best is trial 1422 with value: 2.996031181594198e-06.

[Trial 1499/5000] Starting at 06:55:14
  Lambdas: P=1.071, B=1.784, G=1.251
  XGBoost params: n_estimators=966, max_depth=3
  Starting cross-validation...
  Lambdas: P=0.922, B=1.670, G=1.138
  XGBoost params: n_estimators=1609, max_depth=12
  Starting cross-validation...
  Trial 1495 MSE: 0.000005 | MAPE: 0.16% | R²: -0.265318
  Trial time: 4.2s
[I 2026-03-13 06:55:15,843] Trial 1495 finished with value: 4.939878088470429e-06 and parameters: {'lambda_P': 0.8722404624000896, 'lambda_B': 1.6897083416414507, 'lambda_G': 0.7510332741442155, 'n_estimators': 812, 'max_depth': 16, 'learning_rate': 0.03126988608427851, 'subsample': 0.5977007595002815, 'colsample_bytree': 0.5686606133009516, 'colsample_bylevel': 0.3958332325039625, 'reg_alpha': 0.8386854592401778, 'reg_lambda': 2.865776226401818, 'gamma': 0.00010386773710887169, 'min_child_weight': 14}. Best is trial 1422 with value: 2.996031181594198e-06.

[Trial 1500/5000] Starting at 06:55:15
  Lambdas: P=1.684, B=1.265, G=0.810
  XGBoost params: n_estimators=9681, max_depth=9
  Starting cross-validation...
  Trial 1486 MSE: 0.000005 | MAPE: 0.16% | R²: -0.314049
  Trial time: 19.3s
[I 2026-03-13 06:55:16,786] Trial 1486 finished with value: 5.076887518448612e-06 and parameters: {'lambda_P': 1.5864622215915076, 'lambda_B': 1.8966213953122104, 'lambda_G': 0.7897922002307023, 'n_estimators': 4719, 'max_depth': 6, 'learning_rate': 0.021702585317208686, 'subsample': 0.9726927153848643, 'colsample_bytree': 0.6057944051348799, 'colsample_bylevel': 0.6263788663816575, 'reg_alpha': 2.5376040269587743, 'reg_lambda': 9.759273565846451, 'gamma': 0.0002814356860380875, 'min_child_weight': 17}. Best is trial 1422 with value: 2.996031181594198e-06.

[Trial 1501/5000] Starting at 06:55:16
  Lambdas: P=0.791, B=1.792, G=1.262
  XGBoost params: n_estimators=4773, max_depth=19
  Starting cross-validation...
  Trial 1480 MSE: 0.000005 | MAPE: 0.16% | R²: -0.314049
  Trial time: 24.8s
[I 2026-03-13 06:55:17,424] Trial 1480 finished with value: 5.076887518448612e-06 and parameters: {'lambda_P': 1.2183607930355091, 'lambda_B': 1.8051526294832752, 'lambda_G': 1.191645998287666, 'n_estimators': 4216, 'max_depth': 10, 'learning_rate': 0.010830801956163103, 'subsample': 0.5257600880588715, 'colsample_bytree': 0.3704244840997448, 'colsample_bylevel': 0.6361920220479895, 'reg_alpha': 1.676471423865846, 'reg_lambda': 9.62971308895702, 'gamma': 0.00016938389974396382, 'min_child_weight': 16}. Best is trial 1422 with value: 2.996031181594198e-06.

[Trial 1502/5000] Starting at 06:55:17
  Lambdas: P=0.502, B=1.617, G=0.946
  XGBoost params: n_estimators=328, max_depth=18
  Starting cross-validation...
  Trial 1483 MSE: 0.000005 | MAPE: 0.16% | R²: -0.203296
  Trial time: 23.4s
[I 2026-03-13 06:55:17,996] Trial 1483 finished with value: 4.5957780106356395e-06 and parameters: {'lambda_P': 1.1213066006408334, 'lambda_B': 1.9891018180066007, 'lambda_G': 1.3040795715355649, 'n_estimators': 4550, 'max_depth': 8, 'learning_rate': 0.006484482976735154, 'subsample': 0.5702265879897497, 'colsample_bytree': 0.44216086451545533, 'colsample_bylevel': 0.6100658183118763, 'reg_alpha': 0.4660031742182418, 'reg_lambda': 9.44686533697526, 'gamma': 0.0003499193271882861, 'min_child_weight': 11}. Best is trial 1422 with value: 2.996031181594198e-06.

[Trial 1503/5000] Starting at 06:55:18
  Trial 1485 MSE: 0.000005 | MAPE: 0.16% | R²: -0.314049
  Trial time: 21.5s
[I 2026-03-13 06:55:18,269] Trial 1485 finished with value: 5.076887518448612e-06 and parameters: {'lambda_P': 1.5450112420096238, 'lambda_B': 1.9110912479020514, 'lambda_G': 0.9451857227729065, 'n_estimators': 4027, 'max_depth': 6, 'learning_rate': 0.004867860585397912, 'subsample': 0.81694950532435, 'colsample_bytree': 0.676194862169359, 'colsample_bylevel': 0.6431160371440018, 'reg_alpha': 1.819043116572284, 'reg_lambda': 8.417850702626748, 'gamma': 0.00013925540697248544, 'min_child_weight': 20}. Best is trial 1422 with value: 2.996031181594198e-06.

[Trial 1504/5000] Starting at 06:55:18
  Lambdas: P=0.794, B=1.810, G=0.580
  XGBoost params: n_estimators=1383, max_depth=10
  Starting cross-validation...
  Lambdas: P=1.545, B=1.935, G=1.382
  XGBoost params: n_estimators=4941, max_depth=19
  Starting cross-validation...
  Trial 1497 MSE: 0.000005 | MAPE: 0.16% | R²: -0.314049
  Trial time: 5.7s
[I 2026-03-13 06:55:19,837] Trial 1497 finished with value: 5.076887518448612e-06 and parameters: {'lambda_P': 1.0709407061313347, 'lambda_B': 1.7838617123673155, 'lambda_G': 1.2513310540167908, 'n_estimators': 966, 'max_depth': 3, 'learning_rate': 0.0803515172898555, 'subsample': 0.983733542288536, 'colsample_bytree': 0.523063337673312, 'colsample_bylevel': 0.47448284426117643, 'reg_alpha': 3.7432667558722197, 'reg_lambda': 9.421957429833968, 'gamma': 0.00022478167958760208, 'min_child_weight': 14}. Best is trial 1422 with value: 2.996031181594198e-06.

[Trial 1505/5000] Starting at 06:55:19
  Trial 1501 MSE: 0.000005 | MAPE: 0.16% | R²: -0.268457
  Trial time: 2.6s
[I 2026-03-13 06:55:20,204] Trial 1501 finished with value: 4.865160645788864e-06 and parameters: {'lambda_P': 0.5023995119835748, 'lambda_B': 1.6170753565811484, 'lambda_G': 0.9458276183714115, 'n_estimators': 328, 'max_depth': 18, 'learning_rate': 0.002126124910637974, 'subsample': 0.9947730138981807, 'colsample_bytree': 0.6539400669755804, 'colsample_bylevel': 0.3618819176608624, 'reg_alpha': 0.8833906217685016, 'reg_lambda': 4.284167786943934, 'gamma': 0.0004463420942177267, 'min_child_weight': 11}. Best is trial 1422 with value: 2.996031181594198e-06.

[Trial 1506/5000] Starting at 06:55:20
  Lambdas: P=1.649, B=1.990, G=1.195
  XGBoost params: n_estimators=3434, max_depth=7
  Starting cross-validation...
  Lambdas: P=0.772, B=1.632, G=1.110
  Trial 1489 MSE: 0.000004 | MAPE: 0.15% | R²: -0.127733
  Trial time: 18.6s
[I 2026-03-13 06:55:20,801] Trial 1489 finished with value: 4.134536669809691e-06 and parameters: {'lambda_P': 1.2306994498346286, 'lambda_B': 1.8914859828394792, 'lambda_G': 1.2480787100134512, 'n_estimators': 3402, 'max_depth': 12, 'learning_rate': 0.01910492903954867, 'subsample': 0.5943812229093783, 'colsample_bytree': 0.45249660776041145, 'colsample_bylevel': 0.6774430287659973, 'reg_alpha': 0.32521914003030283, 'reg_lambda': 9.656810519477542, 'gamma': 0.000253132228501897, 'min_child_weight': 20}. Best is trial 1422 with value: 2.996031181594198e-06.

[Trial 1507/5000] Starting at 06:55:20
  XGBoost params: n_estimators=5920, max_depth=13
  Starting cross-validation...
  Lambdas: P=0.955, B=1.613, G=0.814
  XGBoost params: n_estimators=2830, max_depth=9
  Starting cross-validation...
  Trial 1488 MSE: 0.000004 | MAPE: 0.15% | R²: -0.048082
  Trial time: 22.5s
[I 2026-03-13 06:55:22,986] Trial 1488 finished with value: 3.7345897436093813e-06 and parameters: {'lambda_P': 1.6523635016199605, 'lambda_B': 1.7802280902978684, 'lambda_G': 1.1862728478606985, 'n_estimators': 4181, 'max_depth': 8, 'learning_rate': 0.06604596134217464, 'subsample': 0.9218357014013512, 'colsample_bytree': 0.5218879674051595, 'colsample_bylevel': 0.707835085525664, 'reg_alpha': 0.2933196539547511, 'reg_lambda': 8.689606609079862, 'gamma': 0.00014526776313199437, 'min_child_weight': 16}. Best is trial 1422 with value: 2.996031181594198e-06.

[Trial 1508/5000] Starting at 06:55:23
  Lambdas: P=1.089, B=1.955, G=1.151
  XGBoost params: n_estimators=3869, max_depth=20
  Starting cross-validation...
  Trial 1498 MSE: 0.000004 | MAPE: 0.15% | R²: -0.063770
  Trial time: 9.8s
