[I 2026-03-13 07:24:20,715] Trial 2326 finished with value: 4.1564597761120884e-06 and parameters: {'lambda_P': 1.3357140395894525, 'lambda_B': 1.0229506070979382, 'lambda_G': 1.7440748173698686, 'n_estimators': 9764, 'max_depth': 10, 'learning_rate': 0.09427646748695026, 'subsample': 0.6631677491400337, 'colsample_bytree': 0.33531267938461307, 'colsample_bylevel': 0.33630314188513627, 'reg_alpha': 0.41437096949858354, 'reg_lambda': 6.179484805900863, 'gamma': 0.0002464388802068656, 'min_child_weight': 20}. Best is trial 2210 with value: 2.986319055234564e-06.

[Trial 2346/5000] Starting at 07:24:20
  Lambdas: P=1.955, B=1.144, G=0.649
  XGBoost params: n_estimators=8280, max_depth=7
  Starting cross-validation...
  Trial 2333 MSE: 0.000003 | MAPE: 0.13% | R²: 0.051322
  Trial time: 31.9s
[I 2026-03-13 07:24:23,155] Trial 2333 finished with value: 3.226712543268553e-06 and parameters: {'lambda_P': 1.646572864198009, 'lambda_B': 0.953107237740529, 'lambda_G': 0.6573577786186188, 'n_estimators': 6521, 'max_depth': 5, 'learning_rate': 0.0029370594920886503, 'subsample': 0.6873224905311109, 'colsample_bytree': 0.5664655326666895, 'colsample_bylevel': 0.3409475934817596, 'reg_alpha': 0.018356190901176492, 'reg_lambda': 7.605533769493794, 'gamma': 0.00019428464409846613, 'min_child_weight': 20}. Best is trial 2210 with value: 2.986319055234564e-06.

[Trial 2347/5000] Starting at 07:24:23
  Lambdas: P=1.877, B=0.754, G=1.946
  XGBoost params: n_estimators=8041, max_depth=16
  Starting cross-validation...
  Trial 2335 MSE: 0.000004 | MAPE: 0.14% | R²: -0.055138
  Trial time: 31.1s
[I 2026-03-13 07:24:27,382] Trial 2335 finished with value: 3.7605324709294963e-06 and parameters: {'lambda_P': 1.7751855183481613, 'lambda_B': 0.9140570477707326, 'lambda_G': 0.948328453757477, 'n_estimators': 6753, 'max_depth': 2, 'learning_rate': 0.027690561534546337, 'subsample': 0.685615272028339, 'colsample_bytree': 0.5929308502536074, 'colsample_bylevel': 0.4785735683072114, 'reg_alpha': 0.3121873824199342, 'reg_lambda': 5.3855685449990425, 'gamma': 0.000102224161808599, 'min_child_weight': 4}. Best is trial 2210 with value: 2.986319055234564e-06.

[Trial 2348/5000] Starting at 07:24:27
  Lambdas: P=1.689, B=0.964, G=1.573
  XGBoost params: n_estimators=6979, max_depth=12
  Starting cross-validation...
  Trial 2328 MSE: 0.000005 | MAPE: 0.16% | R²: -0.314049
  Trial time: 45.6s
[I 2026-03-13 07:24:28,509] Trial 2328 finished with value: 5.076887518448612e-06 and parameters: {'lambda_P': 1.0310360689330982, 'lambda_B': 1.6605126502925742, 'lambda_G': 1.7824964473253482, 'n_estimators': 9169, 'max_depth': 2, 'learning_rate': 0.22064014916332633, 'subsample': 0.5139393613007377, 'colsample_bytree': 0.4304178230729642, 'colsample_bylevel': 0.8584217935529346, 'reg_alpha': 1.5140648485221901, 'reg_lambda': 5.2869583799329245, 'gamma': 0.029882571797210856, 'min_child_weight': 5}. Best is trial 2210 with value: 2.986319055234564e-06.

[Trial 2349/5000] Starting at 07:24:28
  Lambdas: P=1.503, B=1.121, G=1.945
  XGBoost params: n_estimators=8642, max_depth=10
  Starting cross-validation...
  Trial 2332 MSE: 0.000004 | MAPE: 0.15% | R²: -0.050954
  Trial time: 39.2s
[I 2026-03-13 07:24:29,125] Trial 2332 finished with value: 3.796303003070472e-06 and parameters: {'lambda_P': 1.026708997628059, 'lambda_B': 0.7478295996644562, 'lambda_G': 0.6558537624773609, 'n_estimators': 8653, 'max_depth': 5, 'learning_rate': 0.0024933363838685677, 'subsample': 0.8473865646214779, 'colsample_bytree': 0.5215431501180614, 'colsample_bylevel': 0.7326734185233227, 'reg_alpha': 0.3744282919373156, 'reg_lambda': 3.983437275513001, 'gamma': 0.00014724232419058433, 'min_child_weight': 4}. Best is trial 2210 with value: 2.986319055234564e-06.

[Trial 2350/5000] Starting at 07:24:29
  Lambdas: P=1.251, B=1.687, G=1.137
  XGBoost params: n_estimators=8087, max_depth=13
  Starting cross-validation...
  Trial 2334 MSE: 0.000005 | MAPE: 0.16% | R²: -0.314049
  Trial time: 37.2s
[I 2026-03-13 07:24:33,307] Trial 2334 finished with value: 5.076887518448612e-06 and parameters: {'lambda_P': 1.5752969468372524, 'lambda_B': 0.6995338055979784, 'lambda_G': 0.6821562406150881, 'n_estimators': 8402, 'max_depth': 14, 'learning_rate': 0.3656991055761602, 'subsample': 0.762014900357427, 'colsample_bytree': 0.3046175213239453, 'colsample_bylevel': 0.4197779069110819, 'reg_alpha': 3.9521370440780985, 'reg_lambda': 0.36741131641592817, 'gamma': 0.00010395628394587734, 'min_child_weight': 5}. Best is trial 2210 with value: 2.986319055234564e-06.

[Trial 2351/5000] Starting at 07:24:33
  Lambdas: P=1.460, B=1.276, G=1.800
  XGBoost params: n_estimators=8021, max_depth=12
  Starting cross-validation...
  Trial 2337 MSE: 0.000005 | MAPE: 0.16% | R²: -0.314049
  Trial time: 34.2s
[I 2026-03-13 07:24:35,094] Trial 2337 finished with value: 5.076887518448612e-06 and parameters: {'lambda_P': 0.5775465715950575, 'lambda_B': 1.188253955591677, 'lambda_G': 1.3335228692838261, 'n_estimators': 9382, 'max_depth': 5, 'learning_rate': 0.0036785721183549233, 'subsample': 0.3102252922008885, 'colsample_bytree': 0.8067502944115787, 'colsample_bylevel': 0.7564742703755567, 'reg_alpha': 6.110185486940001, 'reg_lambda': 9.178877765953949, 'gamma': 0.00026047871808163156, 'min_child_weight': 4}. Best is trial 2210 with value: 2.986319055234564e-06.

[Trial 2352/5000] Starting at 07:24:35
  Lambdas: P=1.580, B=0.736, G=0.781
  XGBoost params: n_estimators=5760, max_depth=7
  Starting cross-validation...
  Trial 2338 MSE: 0.000004 | MAPE: 0.14% | R²: -0.043327
  Trial time: 34.7s
[I 2026-03-13 07:24:36,754] Trial 2338 finished with value: 3.6876016211893274e-06 and parameters: {'lambda_P': 1.970348580385944, 'lambda_B': 0.8644606497716448, 'lambda_G': 1.9916993245714338, 'n_estimators': 7901, 'max_depth': 9, 'learning_rate': 0.02752352458882194, 'subsample': 0.4316935969612421, 'colsample_bytree': 0.6747131557753974, 'colsample_bylevel': 0.39799308064847067, 'reg_alpha': 0.08580316041396538, 'reg_lambda': 7.171159373221293, 'gamma': 0.00023194706222944152, 'min_child_weight': 14}. Best is trial 2210 with value: 2.986319055234564e-06.

[Trial 2353/5000] Starting at 07:24:36
  Lambdas: P=1.534, B=1.335, G=1.734
  XGBoost params: n_estimators=7357, max_depth=13
  Starting cross-validation...
  Trial 2336 MSE: 0.000005 | MAPE: 0.16% | R²: -0.314049
  Trial time: 41.4s
[I 2026-03-13 07:24:42,107] Trial 2336 finished with value: 5.076887518448612e-06 and parameters: {'lambda_P': 1.4981104690224731, 'lambda_B': 0.8424785645966344, 'lambda_G': 0.6466650239531608, 'n_estimators': 8878, 'max_depth': 13, 'learning_rate': 0.023318209144473908, 'subsample': 0.30962049268254016, 'colsample_bytree': 0.9800525713551058, 'colsample_bylevel': 0.3712794779078865, 'reg_alpha': 3.108892392765178, 'reg_lambda': 8.489180991495491, 'gamma': 0.006805401052815202, 'min_child_weight': 7}. Best is trial 2210 with value: 2.986319055234564e-06.

[Trial 2354/5000] Starting at 07:24:42
  Lambdas: P=1.899, B=0.915, G=1.832
  XGBoost params: n_estimators=5096, max_depth=12
  Starting cross-validation...
  Trial 2339 MSE: 0.000004 | MAPE: 0.15% | R²: -0.160910
  Trial time: 33.5s
[I 2026-03-13 07:24:44,323] Trial 2339 finished with value: 4.381652620443738e-06 and parameters: {'lambda_P': 1.3917980021845295, 'lambda_B': 1.3960580263275146, 'lambda_G': 1.1788589009151154, 'n_estimators': 7687, 'max_depth': 17, 'learning_rate': 0.002370343872573922, 'subsample': 0.978873697397903, 'colsample_bytree': 0.5908547424743154, 'colsample_bylevel': 0.31760429889122704, 'reg_alpha': 0.7423943163314928, 'reg_lambda': 0.6645292667387626, 'gamma': 0.00030318517619705465, 'min_child_weight': 1}. Best is trial 2210 with value: 2.986319055234564e-06.

[Trial 2355/5000] Starting at 07:24:44
  Lambdas: P=1.785, B=1.544, G=0.695
  XGBoost params: n_estimators=7527, max_depth=9
  Starting cross-validation...
  Trial 2341 MSE: 0.000005 | MAPE: 0.16% | R²: -0.314049
  Trial time: 34.3s
[I 2026-03-13 07:24:49,747] Trial 2341 finished with value: 5.076887518448612e-06 and parameters: {'lambda_P': 1.9944213913548814, 'lambda_B': 1.1968917522077374, 'lambda_G': 1.9173655499716573, 'n_estimators': 8179, 'max_depth': 10, 'learning_rate': 0.1192078202894869, 'subsample': 0.677449120216962, 'colsample_bytree': 0.4818094923350762, 'colsample_bylevel': 0.47991375854968643, 'reg_alpha': 1.302783642288308, 'reg_lambda': 5.090909678900379, 'gamma': 0.0002627904373253595, 'min_child_weight': 15}. Best is trial 2210 with value: 2.986319055234564e-06.

[Trial 2356/5000] Starting at 07:24:49
  Lambdas: P=1.593, B=1.295, G=1.921
  XGBoost params: n_estimators=9638, max_depth=13
  Starting cross-validation...
  Trial 2340 MSE: 0.000005 | MAPE: 0.16% | R²: -0.314049
  Trial time: 39.1s
[I 2026-03-13 07:24:50,905] Trial 2340 finished with value: 5.076887518448612e-06 and parameters: {'lambda_P': 0.5794611610461848, 'lambda_B': 0.7684990723029325, 'lambda_G': 1.4382126758012985, 'n_estimators': 8663, 'max_depth': 5, 'learning_rate': 0.12309420379480708, 'subsample': 0.6754123910489876, 'colsample_bytree': 0.9033670064904116, 'colsample_bylevel': 0.3124208557690134, 'reg_alpha': 6.9034652011032005, 'reg_lambda': 7.584281069539889, 'gamma': 0.08599835108839105, 'min_child_weight': 2}. Best is trial 2210 with value: 2.986319055234564e-06.

[Trial 2357/5000] Starting at 07:24:51
  Lambdas: P=1.666, B=0.908, G=1.750
  XGBoost params: n_estimators=6552, max_depth=13
  Starting cross-validation...
  Trial 2343 MSE: 0.000005 | MAPE: 0.16% | R²: -0.314049
  Trial time: 35.2s
[I 2026-03-13 07:24:53,802] Trial 2343 finished with value: 5.076887518448612e-06 and parameters: {'lambda_P': 1.798217982347471, 'lambda_B': 1.011599635994242, 'lambda_G': 1.6464599769838615, 'n_estimators': 7475, 'max_depth': 13, 'learning_rate': 0.055694637069466015, 'subsample': 0.6173715577916958, 'colsample_bytree': 0.570857387615271, 'colsample_bylevel': 0.5474640113093422, 'reg_alpha': 1.4938441160597453, 'reg_lambda': 5.934916511361257, 'gamma': 0.00031318545875518125, 'min_child_weight': 11}. Best is trial 2210 with value: 2.986319055234564e-06.

[Trial 2358/5000] Starting at 07:24:53
  Lambdas: P=0.522, B=0.624, G=1.353
  XGBoost params: n_estimators=481, max_depth=5
  Starting cross-validation...
  Trial 2344 MSE: 0.000005 | MAPE: 0.16% | R²: -0.314049
  Trial time: 34.5s
[I 2026-03-13 07:24:54,786] Trial 2344 finished with value: 5.076887518448612e-06 and parameters: {'lambda_P': 1.7619874279796184, 'lambda_B': 1.3643036216565396, 'lambda_G': 1.9308006104891682, 'n_estimators': 7343, 'max_depth': 19, 'learning_rate': 0.006304652625561242, 'subsample': 0.5408744085102333, 'colsample_bytree': 0.6273891779861422, 'colsample_bylevel': 0.3868614188766352, 'reg_alpha': 2.558854306037648, 'reg_lambda': 6.366503723137195, 'gamma': 0.00015413471333279035, 'min_child_weight': 16}. Best is trial 2210 with value: 2.986319055234564e-06.

[Trial 2359/5000] Starting at 07:24:54
  Lambdas: P=1.456, B=0.726, G=0.778
  XGBoost params: n_estimators=2197, max_depth=8
  Starting cross-validation...
  Trial 2357 MSE: 0.000005 | MAPE: 0.16% | R²: -0.314049
  Trial time: 2.5s
[I 2026-03-13 07:24:56,482] Trial 2357 finished with value: 5.076887518448612e-06 and parameters: {'lambda_P': 0.5220137164120694, 'lambda_B': 0.6238075964088131, 'lambda_G': 1.3526747436835804, 'n_estimators': 481, 'max_depth': 5, 'learning_rate': 0.013433414508177371, 'subsample': 0.8223589761724603, 'colsample_bytree': 0.6370590170329914, 'colsample_bylevel': 0.7806614377270299, 'reg_alpha': 9.359595145134545, 'reg_lambda': 8.848781688495665, 'gamma': 0.0030858068558168336, 'min_child_weight': 7}. Best is trial 2210 with value: 2.986319055234564e-06.

[Trial 2360/5000] Starting at 07:24:56
  Lambdas: P=1.785, B=1.165, G=1.527
  XGBoost params: n_estimators=7307, max_depth=6
  Starting cross-validation...
  Trial 2345 MSE: 0.000005 | MAPE: 0.16% | R²: -0.314049
  Trial time: 36.6s
[I 2026-03-13 07:24:57,583] Trial 2345 finished with value: 5.076887518448612e-06 and parameters: {'lambda_P': 1.9546317511231661, 'lambda_B': 1.1435897186267714, 'lambda_G': 0.6488731704381762, 'n_estimators': 8280, 'max_depth': 7, 'learning_rate': 0.019451490966257406, 'subsample': 0.5858046629104143, 'colsample_bytree': 0.6811623484118297, 'colsample_bylevel': 0.3704089488635791, 'reg_alpha': 2.7975599919292637, 'reg_lambda': 6.640969028420006, 'gamma': 0.00024211096424448563, 'min_child_weight': 7}. Best is trial 2210 with value: 2.986319055234564e-06.

[Trial 2361/5000] Starting at 07:24:57
  Lambdas: P=1.380, B=1.506, G=1.775
  XGBoost params: n_estimators=2893, max_depth=9
  Starting cross-validation...
  Trial 2347 MSE: 0.000005 | MAPE: 0.16% | R²: -0.314049
  Trial time: 32.4s
[I 2026-03-13 07:25:00,043] Trial 2347 finished with value: 5.076887518448612e-06 and parameters: {'lambda_P': 1.689254473834002, 'lambda_B': 0.964002498102616, 'lambda_G': 1.5728200308908982, 'n_estimators': 6979, 'max_depth': 12, 'learning_rate': 0.027537516819767908, 'subsample': 0.6844700424112177, 'colsample_bytree': 0.6762733923285293, 'colsample_bylevel': 0.5226495443468058, 'reg_alpha': 1.3349577990827455, 'reg_lambda': 8.890106977389324, 'gamma': 0.0003344276108850772, 'min_child_weight': 11}. Best is trial 2210 with value: 2.986319055234564e-06.

[Trial 2362/5000] Starting at 07:25:00
  Trial 2346 MSE: 0.000005 | MAPE: 0.16% | R²: -0.314049
  Trial time: 36.9s
[I 2026-03-13 07:25:00,246] Trial 2346 finished with value: 5.076887518448612e-06 and parameters: {'lambda_P': 1.8765363866544365, 'lambda_B': 0.7542066956858116, 'lambda_G': 1.9460473870847494, 'n_estimators': 8041, 'max_depth': 16, 'learning_rate': 0.023774400518184673, 'subsample': 0.4157976288083499, 'colsample_bytree': 0.8207839595960604, 'colsample_bylevel': 0.31488748766788566, 'reg_alpha': 2.298909657759945, 'reg_lambda': 8.516390317239688, 'gamma': 0.00010466986617180496, 'min_child_weight': 15}. Best is trial 2210 with value: 2.986319055234564e-06.

[Trial 2363/5000] Starting at 07:25:00
  Lambdas: P=1.934, B=1.219, G=1.876
  Trial 2349 MSE: 0.000005 | MAPE: 0.16% | R²: -0.314049
  Trial time: 31.5s
  Lambdas: P=1.408, B=0.523, G=0.511
[I 2026-03-13 07:25:00,848] Trial 2349 finished with value: 5.076887518448612e-06 and parameters: {'lambda_P': 1.2514007995231589, 'lambda_B': 1.6874624595950416, 'lambda_G': 1.1365759375398345, 'n_estimators': 8087, 'max_depth': 13, 'learning_rate': 0.021633954632059225, 'subsample': 0.8895905569953675, 'colsample_bytree': 0.8753687699761539, 'colsample_bylevel': 0.688424308102749, 'reg_alpha': 9.767829279972009, 'reg_lambda': 8.981851703164805, 'gamma': 0.005841021004111825, 'min_child_weight': 14}. Best is trial 2210 with value: 2.986319055234564e-06.

[Trial 2364/5000] Starting at 07:25:00
  XGBoost params: n_estimators=9172, max_depth=19
  Starting cross-validation...
  XGBoost params: n_estimators=9515, max_depth=11
  Starting cross-validation...
  Lambdas: P=0.969, B=0.523, G=0.645
  XGBoost params: n_estimators=9860, max_depth=2
  Starting cross-validation...
  Trial 2351 MSE: 0.000005 | MAPE: 0.16% | R²: -0.295700
  Trial time: 26.8s
[I 2026-03-13 07:25:02,077] Trial 2351 finished with value: 5.030730687860688e-06 and parameters: {'lambda_P': 1.5798573622226049, 'lambda_B': 0.7360404881286032, 'lambda_G': 0.7811617865947218, 'n_estimators': 5760, 'max_depth': 7, 'learning_rate': 0.006422265562540872, 'subsample': 0.4157769055874524, 'colsample_bytree': 0.5814015893250881, 'colsample_bylevel': 0.3011365214379935, 'reg_alpha': 0.6290516336647621, 'reg_lambda': 3.8294134889712104, 'gamma': 0.0001475745593746268, 'min_child_weight': 12}. Best is trial 2210 with value: 2.986319055234564e-06.

[Trial 2365/5000] Starting at 07:25:02
  Lambdas: P=1.205, B=1.310, G=1.432
  XGBoost params: n_estimators=5953, max_depth=9
  Starting cross-validation...
  Trial 2358 MSE: 0.000005 | MAPE: 0.16% | R²: -0.314049
  Trial time: 10.5s
[I 2026-03-13 07:25:05,522] Trial 2358 finished with value: 5.076887518448612e-06 and parameters: {'lambda_P': 1.4559635611103767, 'lambda_B': 0.7263381722017042, 'lambda_G': 0.7776452180250768, 'n_estimators': 2197, 'max_depth': 8, 'learning_rate': 0.029112291137680282, 'subsample': 0.3253450608768252, 'colsample_bytree': 0.7650278189106079, 'colsample_bylevel': 0.769477116873144, 'reg_alpha': 8.104836843664662, 'reg_lambda': 1.937470429850813, 'gamma': 0.03959175854917809, 'min_child_weight': 2}. Best is trial 2210 with value: 2.986319055234564e-06.

[Trial 2366/5000] Starting at 07:25:05
  Lambdas: P=1.967, B=1.084, G=0.508
  XGBoost params: n_estimators=9985, max_depth=5
  Starting cross-validation...
  Trial 2353 MSE: 0.000005 | MAPE: 0.16% | R²: -0.185746
  Trial time: 23.9s
[I 2026-03-13 07:25:06,218] Trial 2353 finished with value: 4.525884861063328e-06 and parameters: {'lambda_P': 1.8988203738017906, 'lambda_B': 0.9146257301767936, 'lambda_G': 1.8315683643781775, 'n_estimators': 5096, 'max_depth': 12, 'learning_rate': 0.07329044428017906, 'subsample': 0.7168442352628933, 'colsample_bytree': 0.5854783797960773, 'colsample_bylevel': 0.3267978605322524, 'reg_alpha': 0.6504880472451134, 'reg_lambda': 3.6311861067849907, 'gamma': 0.00026437302500660175, 'min_child_weight': 13}. Best is trial 2210 with value: 2.986319055234564e-06.

[Trial 2367/5000] Starting at 07:25:06
  Trial 2348 MSE: 0.000004 | MAPE: 0.15% | R²: -0.069042
  Trial time: 37.9s
[I 2026-03-13 07:25:06,616] Trial 2348 finished with value: 3.881717102639546e-06 and parameters: {'lambda_P': 1.5025831145793198, 'lambda_B': 1.1214906891695917, 'lambda_G': 1.9448421731700132, 'n_estimators': 8642, 'max_depth': 10, 'learning_rate': 0.0768138544870215, 'subsample': 0.8753371808223825, 'colsample_bytree': 0.5822872915995725, 'colsample_bylevel': 0.538163227024905, 'reg_alpha': 0.4709370428467642, 'reg_lambda': 7.582666214990427, 'gamma': 0.0001451728981435337, 'min_child_weight': 13}. Best is trial 2210 with value: 2.986319055234564e-06.

[Trial 2368/5000] Starting at 07:25:06
  Lambdas: P=1.584, B=0.976, G=1.847
  XGBoost params: n_estimators=7910, max_depth=12
  Starting cross-validation...
  Lambdas: P=0.650, B=1.924, G=1.953
  XGBoost params: n_estimators=9355, max_depth=14
  Starting cross-validation...
  Trial 2352 MSE: 0.000005 | MAPE: 0.16% | R²: -0.210950
  Trial time: 32.6s
[I 2026-03-13 07:25:09,572] Trial 2352 finished with value: 4.68566047049792e-06 and parameters: {'lambda_P': 1.5340134255264128, 'lambda_B': 1.3350490554989274, 'lambda_G': 1.7337143394568526, 'n_estimators': 7357, 'max_depth': 13, 'learning_rate': 0.11330245448529859, 'subsample': 0.6335987934143227, 'colsample_bytree': 0.5368433951698521, 'colsample_bylevel': 0.39286204218717946, 'reg_alpha': 0.7726707505687279, 'reg_lambda': 4.222103707332007, 'gamma': 0.0001224781875298204, 'min_child_weight': 14}. Best is trial 2210 with value: 2.986319055234564e-06.

[Trial 2369/5000] Starting at 07:25:09  Trial 2350 MSE: 0.000005 | MAPE: 0.16% | R²: -0.292949

  Trial time: 36.3s
[I 2026-03-13 07:25:09,768] Trial 2350 finished with value: 5.0264805181319575e-06 and parameters: {'lambda_P': 1.4603759061480126, 'lambda_B': 1.2762612937190965, 'lambda_G': 1.7995624223392164, 'n_estimators': 8021, 'max_depth': 12, 'learning_rate': 0.07098243041112028, 'subsample': 0.5021860957480777, 'colsample_bytree': 0.5837560936412417, 'colsample_bylevel': 0.31623251309830513, 'reg_alpha': 0.6780434143710415, 'reg_lambda': 8.086149793630081, 'gamma': 0.0003721882395560419, 'min_child_weight': 13}. Best is trial 2210 with value: 2.986319055234564e-06.

[Trial 2370/5000] Starting at 07:25:09
  Lambdas: P=1.350, B=1.327, G=0.617
  Lambdas: P=1.256, B=0.837, G=0.811
  XGBoost params: n_estimators=9118, max_depth=8
  Starting cross-validation...
  XGBoost params: n_estimators=8933, max_depth=4
  Starting cross-validation...
  Trial 2360 MSE: 0.000005 | MAPE: 0.16% | R²: -0.314049
  Trial time: 13.9s
[I 2026-03-13 07:25:11,705] Trial 2360 finished with value: 5.076887518448612e-06 and parameters: {'lambda_P': 1.3801624980853546, 'lambda_B': 1.5063473911568384, 'lambda_G': 1.7747104877219497, 'n_estimators': 2893, 'max_depth': 9, 'learning_rate': 0.12143962963828132, 'subsample': 0.3117891534701216, 'colsample_bytree': 0.713228812444026, 'colsample_bylevel': 0.6306073727840834, 'reg_alpha': 8.364643506468477, 'reg_lambda': 9.570256537813414, 'gamma': 0.027635247166090185, 'min_child_weight': 20}. Best is trial 2210 with value: 2.986319055234564e-06.

[Trial 2371/5000] Starting at 07:25:11
  Lambdas: P=0.626, B=0.663, G=1.030
  XGBoost params: n_estimators=7858, max_depth=13
  Starting cross-validation...
  Trial 2354 MSE: 0.000003 | MAPE: 0.13% | R²: 0.054045
  Trial time: 33.7s
[I 2026-03-13 07:25:18,244] Trial 2354 finished with value: 3.213178244192598e-06 and parameters: {'lambda_P': 1.7851778417124988, 'lambda_B': 1.544191619958617, 'lambda_G': 0.6950953931019359, 'n_estimators': 7527, 'max_depth': 9, 'learning_rate': 0.004913917834842483, 'subsample': 0.73408138525431, 'colsample_bytree': 0.32974391858581903, 'colsample_bylevel': 0.31372865366671526, 'reg_alpha': 0.08880528260805641, 'reg_lambda': 4.788403294454677, 'gamma': 0.00017250700924732293, 'min_child_weight': 18}. Best is trial 2210 with value: 2.986319055234564e-06.

[Trial 2372/5000] Starting at 07:25:18
  Lambdas: P=1.957, B=1.484, G=0.926
  XGBoost params: n_estimators=8003, max_depth=9
  Starting cross-validation...
  Trial 2356 MSE: 0.000004 | MAPE: 0.14% | R²: -0.046554
  Trial time: 30.7s
