[I 2026-03-13 06:49:23,820] Trial 1277 finished with value: 4.31193568474684e-06 and parameters: {'lambda_P': 1.2525562685894134, 'lambda_B': 1.8315570677881532, 'lambda_G': 0.7989988026692119, 'n_estimators': 7242, 'max_depth': 5, 'learning_rate': 0.02034345491185486, 'subsample': 0.8181970796248181, 'colsample_bytree': 0.6215140066056529, 'colsample_bylevel': 0.4605079320069654, 'reg_alpha': 0.3261815531203933, 'reg_lambda': 2.2111376593796908, 'gamma': 0.0008092706497087134, 'min_child_weight': 3}. Best is trial 1267 with value: 3.067840594549508e-06.

[Trial 1293/5000] Starting at 06:49:23
  Lambdas: P=1.303, B=1.804, G=0.907
  XGBoost params: n_estimators=5184, max_depth=6
  Starting cross-validation...
  Trial 1273 MSE: 0.000005 | MAPE: 0.16% | R²: -0.296713
  Trial time: 35.4s
[I 2026-03-13 06:49:25,226] Trial 1273 finished with value: 5.033666641366054e-06 and parameters: {'lambda_P': 1.2153788787747797, 'lambda_B': 1.8367401326628745, 'lambda_G': 0.7592251879204845, 'n_estimators': 8269, 'max_depth': 4, 'learning_rate': 0.044126325199741225, 'subsample': 0.65783852889181, 'colsample_bytree': 0.9229479932267448, 'colsample_bylevel': 0.42053150020864877, 'reg_alpha': 1.0230774841714623, 'reg_lambda': 3.133572318707988, 'gamma': 0.0001662407481625372, 'min_child_weight': 6}. Best is trial 1267 with value: 3.067840594549508e-06.

[Trial 1294/5000] Starting at 06:49:25
  Lambdas: P=1.059, B=1.922, G=1.570
  XGBoost params: n_estimators=4991, max_depth=6
  Starting cross-validation...
  Trial 1280 MSE: 0.000004 | MAPE: 0.15% | R²: -0.111341
  Trial time: 29.0s
[I 2026-03-13 06:49:27,024] Trial 1280 finished with value: 4.113023400053786e-06 and parameters: {'lambda_P': 0.5878451329819593, 'lambda_B': 1.7249192093614294, 'lambda_G': 1.1072891632937198, 'n_estimators': 6016, 'max_depth': 14, 'learning_rate': 0.022045131823976258, 'subsample': 0.5534815245530418, 'colsample_bytree': 0.8081700868585073, 'colsample_bylevel': 0.7570933025929346, 'reg_alpha': 0.38282271448889643, 'reg_lambda': 7.8715195179506035, 'gamma': 0.0001506795966481194, 'min_child_weight': 19}. Best is trial 1267 with value: 3.067840594549508e-06.

[Trial 1295/5000] Starting at 06:49:27
  Lambdas: P=1.457, B=1.893, G=1.357
  XGBoost params: n_estimators=4182, max_depth=6
  Starting cross-validation...
  Trial 1268 MSE: 0.000005 | MAPE: 0.16% | R²: -0.289306
  Trial time: 44.9s
[I 2026-03-13 06:49:28,795] Trial 1268 finished with value: 5.000981390830619e-06 and parameters: {'lambda_P': 1.2189187028563886, 'lambda_B': 1.2102509129872046, 'lambda_G': 0.9868463406351722, 'n_estimators': 8434, 'max_depth': 17, 'learning_rate': 0.20326641667098994, 'subsample': 0.48332900466479795, 'colsample_bytree': 0.7164735027104676, 'colsample_bylevel': 0.33977874665139557, 'reg_alpha': 0.7404999281496158, 'reg_lambda': 0.45972096068185486, 'gamma': 0.00010022426750379923, 'min_child_weight': 11}. Best is trial 1267 with value: 3.067840594549508e-06.

[Trial 1296/5000] Starting at 06:49:28
  Lambdas: P=1.251, B=1.948, G=1.406
  XGBoost params: n_estimators=1476, max_depth=7
  Starting cross-validation...
  Trial 1289 MSE: 0.000005 | MAPE: 0.16% | R²: -0.220868
  Trial time: 14.4s
[I 2026-03-13 06:49:30,071] Trial 1289 finished with value: 4.742909496232522e-06 and parameters: {'lambda_P': 1.2194824611112656, 'lambda_B': 1.8038186897122261, 'lambda_G': 1.675878717944176, 'n_estimators': 2854, 'max_depth': 7, 'learning_rate': 0.0025958342624518836, 'subsample': 0.6479377580969771, 'colsample_bytree': 0.4070589126049482, 'colsample_bylevel': 0.7158735137838309, 'reg_alpha': 0.7777734987033162, 'reg_lambda': 8.401633677091594, 'gamma': 0.00011177243908236701, 'min_child_weight': 5}. Best is trial 1267 with value: 3.067840594549508e-06.

[Trial 1297/5000] Starting at 06:49:30
  Lambdas: P=1.241, B=1.848, G=0.758
  XGBoost params: n_estimators=6178, max_depth=13
  Starting cross-validation...
  Trial 1285 MSE: 0.000005 | MAPE: 0.16% | R²: -0.314049
  Trial time: 20.8s
[I 2026-03-13 06:49:32,210] Trial 1285 finished with value: 5.076887518448612e-06 and parameters: {'lambda_P': 1.0695559834208261, 'lambda_B': 1.700898217582745, 'lambda_G': 0.7233386839092804, 'n_estimators': 4460, 'max_depth': 10, 'learning_rate': 0.058552546599017694, 'subsample': 0.8569510722578226, 'colsample_bytree': 0.8714690146082652, 'colsample_bylevel': 0.38804334790131173, 'reg_alpha': 1.7053191045060723, 'reg_lambda': 7.136999974322303, 'gamma': 0.0016125250640120908, 'min_child_weight': 1}. Best is trial 1267 with value: 3.067840594549508e-06.

[Trial 1298/5000] Starting at 06:49:32
  Trial 1290 MSE: 0.000004 | MAPE: 0.15% | R²: -0.157299
  Trial time: 16.6s
[I 2026-03-13 06:49:32,616] Trial 1290 finished with value: 4.205855845410205e-06 and parameters: {'lambda_P': 0.6902430580573913, 'lambda_B': 1.4740782131369587, 'lambda_G': 0.6302731093246691, 'n_estimators': 3365, 'max_depth': 8, 'learning_rate': 0.08629654534069466, 'subsample': 0.9468983949477856, 'colsample_bytree': 0.7529455167772119, 'colsample_bylevel': 0.3598964146925034, 'reg_alpha': 0.3715835143570674, 'reg_lambda': 3.3629075747672115, 'gamma': 0.000587312523219452, 'min_child_weight': 5}. Best is trial 1267 with value: 3.067840594549508e-06.

[Trial 1299/5000] Starting at 06:49:32
  Lambdas: P=0.961, B=1.797, G=1.974
  XGBoost params: n_estimators=4968, max_depth=10
  Starting cross-validation...
  Lambdas: P=0.852, B=1.856, G=1.456
  XGBoost params: n_estimators=5510, max_depth=6
  Starting cross-validation...
  Trial 1291 MSE: 0.000004 | MAPE: 0.15% | R²: -0.111778
  Trial time: 15.0s
[I 2026-03-13 06:49:34,233] Trial 1291 finished with value: 4.134592183011767e-06 and parameters: {'lambda_P': 1.3069192227203206, 'lambda_B': 1.901267494910138, 'lambda_G': 1.634552799128308, 'n_estimators': 2793, 'max_depth': 6, 'learning_rate': 0.0024157239460289386, 'subsample': 0.726272988105113, 'colsample_bytree': 0.5456797440604636, 'colsample_bylevel': 0.4422561801062997, 'reg_alpha': 0.5091350179365669, 'reg_lambda': 8.592896280952438, 'gamma': 0.00014171604430671044, 'min_child_weight': 3}. Best is trial 1267 with value: 3.067840594549508e-06.

[Trial 1300/5000] Starting at 06:49:34
  Lambdas: P=1.649, B=1.954, G=1.096
  XGBoost params: n_estimators=5808, max_depth=8
  Starting cross-validation...
  Trial 1295 MSE: 0.000005 | MAPE: 0.16% | R²: -0.260806
  Trial time: 8.3s
[I 2026-03-13 06:49:37,342] Trial 1295 finished with value: 4.915301573758039e-06 and parameters: {'lambda_P': 1.2506305348157878, 'lambda_B': 1.9476357937792967, 'lambda_G': 1.4063810379070276, 'n_estimators': 1476, 'max_depth': 7, 'learning_rate': 0.0018190646403164403, 'subsample': 0.748813395676912, 'colsample_bytree': 0.4798676034350572, 'colsample_bylevel': 0.5375566372491782, 'reg_alpha': 0.6463157969964226, 'reg_lambda': 8.85681489524318, 'gamma': 0.0006722891472092368, 'min_child_weight': 3}. Best is trial 1267 with value: 3.067840594549508e-06.

[Trial 1301/5000] Starting at 06:49:37
  Lambdas: P=0.962, B=1.594, G=0.970
  XGBoost params: n_estimators=6515, max_depth=6
  Starting cross-validation...
  Trial 1281 MSE: 0.000004 | MAPE: 0.15% | R²: -0.087867
  Trial time: 39.6s
[I 2026-03-13 06:49:38,996] Trial 1281 finished with value: 3.880822901905125e-06 and parameters: {'lambda_P': 1.0540295595997387, 'lambda_B': 1.7528580056458198, 'lambda_G': 1.0159350077520977, 'n_estimators': 8176, 'max_depth': 7, 'learning_rate': 0.04626153464831994, 'subsample': 0.9353066875151158, 'colsample_bytree': 0.8416980053603045, 'colsample_bylevel': 0.411510577531194, 'reg_alpha': 0.37429999485940446, 'reg_lambda': 3.486804018383186, 'gamma': 0.00021223404024804597, 'min_child_weight': 1}. Best is trial 1267 with value: 3.067840594549508e-06.

[Trial 1302/5000] Starting at 06:49:39
  Lambdas: P=0.772, B=1.535, G=1.365
  XGBoost params: n_estimators=8058, max_depth=6
  Starting cross-validation...
  Trial 1283 MSE: 0.000005 | MAPE: 0.16% | R²: -0.314049
  Trial time: 33.9s
[I 2026-03-13 06:49:39,917] Trial 1283 finished with value: 5.076887518448612e-06 and parameters: {'lambda_P': 1.230420011290283, 'lambda_B': 1.465537944562112, 'lambda_G': 0.8109836293547315, 'n_estimators': 7526, 'max_depth': 12, 'learning_rate': 0.05030976498843817, 'subsample': 0.7591412160882601, 'colsample_bytree': 0.5072618737981796, 'colsample_bylevel': 0.4345986883501903, 'reg_alpha': 2.025081685330194, 'reg_lambda': 1.4914526394412237, 'gamma': 0.0002627596570796704, 'min_child_weight': 12}. Best is trial 1267 with value: 3.067840594549508e-06.

[Trial 1303/5000] Starting at 06:49:40
  Lambdas: P=1.300, B=1.800, G=1.309
  XGBoost params: n_estimators=6740, max_depth=2
  Starting cross-validation...
  Trial 1286 MSE: 0.000005 | MAPE: 0.16% | R²: -0.314049
  Trial time: 28.1s
[I 2026-03-13 06:49:41,072] Trial 1286 finished with value: 5.076887518448612e-06 and parameters: {'lambda_P': 1.6333620860529914, 'lambda_B': 1.60149034306491, 'lambda_G': 1.4514597862714065, 'n_estimators': 5364, 'max_depth': 4, 'learning_rate': 0.002284037958675267, 'subsample': 0.7777132195983842, 'colsample_bytree': 0.3216472242340321, 'colsample_bylevel': 0.4132298131542727, 'reg_alpha': 4.575265556270643, 'reg_lambda': 9.971152509933248, 'gamma': 0.0009757515042026663, 'min_child_weight': 6}. Best is trial 1267 with value: 3.067840594549508e-06.

[Trial 1304/5000] Starting at 06:49:41
  Lambdas: P=1.282, B=1.937, G=1.285
  XGBoost params: n_estimators=6396, max_depth=7
  Starting cross-validation...
  Trial 1284 MSE: 0.000005 | MAPE: 0.16% | R²: -0.314049
  Trial time: 40.7s
[I 2026-03-13 06:49:47,090] Trial 1284 finished with value: 5.076887518448612e-06 and parameters: {'lambda_P': 0.946736681072716, 'lambda_B': 1.5646068561242181, 'lambda_G': 1.2592217710223077, 'n_estimators': 8186, 'max_depth': 6, 'learning_rate': 0.016354921637413016, 'subsample': 0.912871519795867, 'colsample_bytree': 0.6390060697286273, 'colsample_bylevel': 0.3106327705772695, 'reg_alpha': 1.6129409708178593, 'reg_lambda': 3.3781236983669602, 'gamma': 0.00010288942270221086, 'min_child_weight': 4}. Best is trial 1267 with value: 3.067840594549508e-06.

[Trial 1305/5000] Starting at 06:49:47
  Lambdas: P=1.119, B=1.723, G=1.673
  XGBoost params: n_estimators=7669, max_depth=7
  Starting cross-validation...
  Trial 1294 MSE: 0.000005 | MAPE: 0.16% | R²: -0.314049
  Trial time: 21.6s
[I 2026-03-13 06:49:48,803] Trial 1294 finished with value: 5.076887518448612e-06 and parameters: {'lambda_P': 1.4574839309572847, 'lambda_B': 1.893204722259464, 'lambda_G': 1.3566232516304686, 'n_estimators': 4182, 'max_depth': 6, 'learning_rate': 0.0010883882557176, 'subsample': 0.8822206163595908, 'colsample_bytree': 0.5704892471137066, 'colsample_bylevel': 0.47435384349601917, 'reg_alpha': 1.603349073913851, 'reg_lambda': 9.240834871412932, 'gamma': 0.00020823803177285734, 'min_child_weight': 3}. Best is trial 1267 with value: 3.067840594549508e-06.

[Trial 1306/5000] Starting at 06:49:48
  Lambdas: P=1.165, B=1.600, G=1.122
  XGBoost params: n_estimators=5613, max_depth=18
  Starting cross-validation...
  Trial 1287 MSE: 0.000004 | MAPE: 0.15% | R²: -0.164026
  Trial time: 37.0s
[I 2026-03-13 06:49:50,285] Trial 1287 finished with value: 4.335456130062513e-06 and parameters: {'lambda_P': 1.189681770251494, 'lambda_B': 1.8334633302823837, 'lambda_G': 0.7791318033040217, 'n_estimators': 7843, 'max_depth': 9, 'learning_rate': 0.2777338956318747, 'subsample': 0.7926724817230356, 'colsample_bytree': 0.8245596876983549, 'colsample_bylevel': 0.3051217034665223, 'reg_alpha': 0.3919624616804487, 'reg_lambda': 4.823714733978957, 'gamma': 0.0009025707805905122, 'min_child_weight': 2}. Best is trial 1267 with value: 3.067840594549508e-06.

[Trial 1307/5000] Starting at 06:49:50
  Lambdas: P=0.896, B=1.880, G=1.686
  XGBoost params: n_estimators=6631, max_depth=6
  Starting cross-validation...
  Trial 1292 MSE: 0.000004 | MAPE: 0.14% | R²: -0.046318
  Trial time: 26.9s
[I 2026-03-13 06:49:50,959] Trial 1292 finished with value: 3.757422971608783e-06 and parameters: {'lambda_P': 1.3029990011877155, 'lambda_B': 1.804231169730268, 'lambda_G': 0.9068582270286758, 'n_estimators': 5184, 'max_depth': 6, 'learning_rate': 0.05813843935625156, 'subsample': 0.9716070191706541, 'colsample_bytree': 0.8688167348747807, 'colsample_bylevel': 0.3838912344511278, 'reg_alpha': 0.49029680135670917, 'reg_lambda': 1.6123274266489407, 'gamma': 0.00015164465692260815, 'min_child_weight': 2}. Best is trial 1267 with value: 3.067840594549508e-06.

[Trial 1308/5000] Starting at 06:49:51
  Lambdas: P=1.228, B=1.076, G=1.282
  XGBoost params: n_estimators=5802, max_depth=12
  Starting cross-validation...
  Trial 1288 MSE: 0.000005 | MAPE: 0.16% | R²: -0.314049
  Trial time: 36.6s
[I 2026-03-13 06:49:51,748] Trial 1288 finished with value: 5.076887518448612e-06 and parameters: {'lambda_P': 1.1119715709112235, 'lambda_B': 1.9419064844615086, 'lambda_G': 0.8169369620119691, 'n_estimators': 8571, 'max_depth': 5, 'learning_rate': 0.03400787767581611, 'subsample': 0.9665874490990845, 'colsample_bytree': 0.9789446374016658, 'colsample_bylevel': 0.4551755261937499, 'reg_alpha': 2.6933236405647767, 'reg_lambda': 3.702828405917104, 'gamma': 0.0008580492435358676, 'min_child_weight': 3}. Best is trial 1267 with value: 3.067840594549508e-06.

[Trial 1309/5000] Starting at 06:49:51
  Lambdas: P=1.055, B=1.801, G=1.558
  XGBoost params: n_estimators=6629, max_depth=6
  Starting cross-validation...
  Trial 1293 MSE: 0.000004 | MAPE: 0.14% | R²: -0.058824
  Trial time: 27.7s
[I 2026-03-13 06:49:53,108] Trial 1293 finished with value: 3.8060343801513617e-06 and parameters: {'lambda_P': 1.0592647404310447, 'lambda_B': 1.9220455285597662, 'lambda_G': 1.5699708148983145, 'n_estimators': 4991, 'max_depth': 6, 'learning_rate': 0.0013967101440697913, 'subsample': 0.8647051972969249, 'colsample_bytree': 0.3163100572129147, 'colsample_bylevel': 0.5048064808610545, 'reg_alpha': 0.40506925249717707, 'reg_lambda': 8.364762868489345, 'gamma': 0.0001846654637381431, 'min_child_weight': 3}. Best is trial 1267 with value: 3.067840594549508e-06.

[Trial 1310/5000] Starting at 06:49:53
  Lambdas: P=1.195, B=1.839, G=1.002
  XGBoost params: n_estimators=3474, max_depth=19
  Starting cross-validation...
  Trial 1297 MSE: 0.000005 | MAPE: 0.16% | R²: -0.314049
  Trial time: 22.5s
[I 2026-03-13 06:49:54,937] Trial 1297 finished with value: 5.076887518448612e-06 and parameters: {'lambda_P': 0.9611044466134805, 'lambda_B': 1.796799857093406, 'lambda_G': 1.9740433748472455, 'n_estimators': 4968, 'max_depth': 10, 'learning_rate': 0.0018012719069739893, 'subsample': 0.7626799442284496, 'colsample_bytree': 0.38885783620980097, 'colsample_bylevel': 0.3934358726246116, 'reg_alpha': 1.6915530558780794, 'reg_lambda': 9.373603406271009, 'gamma': 0.00034441684792120764, 'min_child_weight': 3}. Best is trial 1267 with value: 3.067840594549508e-06.

[Trial 1311/5000] Starting at 06:49:55
  Lambdas: P=0.930, B=1.803, G=1.281
  XGBoost params: n_estimators=4979, max_depth=3
  Starting cross-validation...
  Trial 1296 MSE: 0.000005 | MAPE: 0.16% | R²: -0.314049
  Trial time: 31.5s
[I 2026-03-13 06:50:01,785] Trial 1296 finished with value: 5.076887518448612e-06 and parameters: {'lambda_P': 1.2413019161765155, 'lambda_B': 1.8484016492842865, 'lambda_G': 0.7576505815654448, 'n_estimators': 6178, 'max_depth': 13, 'learning_rate': 0.129040719015561, 'subsample': 0.8871033142994569, 'colsample_bytree': 0.7323372029726085, 'colsample_bylevel': 0.3127526136908406, 'reg_alpha': 1.8360962599153727, 'reg_lambda': 6.161519035659779, 'gamma': 0.0003649950574593342, 'min_child_weight': 2}. Best is trial 1267 with value: 3.067840594549508e-06.

[Trial 1312/5000] Starting at 06:50:01
  Lambdas: P=0.866, B=1.009, G=0.844
  XGBoost params: n_estimators=7093, max_depth=9
  Starting cross-validation...
  Trial 1298 MSE: 0.000005 | MAPE: 0.16% | R²: -0.314049
  Trial time: 29.8s
[I 2026-03-13 06:50:02,610] Trial 1298 finished with value: 5.076887518448612e-06 and parameters: {'lambda_P': 0.8518754638144526, 'lambda_B': 1.8564778744854664, 'lambda_G': 1.4556996503520325, 'n_estimators': 5510, 'max_depth': 6, 'learning_rate': 0.0010475085685258078, 'subsample': 0.7832515938885021, 'colsample_bytree': 0.3641421133750288, 'colsample_bylevel': 0.31113603373706855, 'reg_alpha': 2.1088992318572495, 'reg_lambda': 8.760002976171887, 'gamma': 0.00010300072151380422, 'min_child_weight': 4}. Best is trial 1267 with value: 3.067840594549508e-06.

[Trial 1313/5000] Starting at 06:50:02
  Lambdas: P=1.171, B=1.656, G=1.011
  XGBoost params: n_estimators=5312, max_depth=20
  Starting cross-validation...
  Trial 1299 MSE: 0.000004 | MAPE: 0.15% | R²: -0.038705
  Trial time: 30.2s
[I 2026-03-13 06:50:04,590] Trial 1299 finished with value: 3.6482392708142333e-06 and parameters: {'lambda_P': 1.6494083948639515, 'lambda_B': 1.9540049055125495, 'lambda_G': 1.0964804583540817, 'n_estimators': 5808, 'max_depth': 8, 'learning_rate': 0.10584167871358433, 'subsample': 0.9461325359992466, 'colsample_bytree': 0.8794752537938975, 'colsample_bylevel': 0.45412493742123233, 'reg_alpha': 0.021956376787702608, 'reg_lambda': 5.604512525281828, 'gamma': 0.00016009093992826426, 'min_child_weight': 3}. Best is trial 1267 with value: 3.067840594549508e-06.

[Trial 1314/5000] Starting at 06:50:04
  Lambdas: P=1.519, B=0.969, G=1.056
  XGBoost params: n_estimators=7268, max_depth=7
  Starting cross-validation...
  Trial 1302 MSE: 0.000004 | MAPE: 0.15% | R²: -0.120396
  Trial time: 29.2s
[I 2026-03-13 06:50:09,372] Trial 1302 finished with value: 4.1338603876484045e-06 and parameters: {'lambda_P': 1.3003181404054933, 'lambda_B': 1.8004692099990192, 'lambda_G': 1.3090740647911716, 'n_estimators': 6740, 'max_depth': 2, 'learning_rate': 0.006514146541338134, 'subsample': 0.6889536894381844, 'colsample_bytree': 0.442871161259503, 'colsample_bylevel': 0.399007613353767, 'reg_alpha': 0.3835934598481905, 'reg_lambda': 8.515275100741677, 'gamma': 0.00027794787473158286, 'min_child_weight': 4}. Best is trial 1267 with value: 3.067840594549508e-06.

[Trial 1315/5000] Starting at 06:50:09
  Lambdas: P=1.467, B=1.092, G=1.409
  XGBoost params: n_estimators=4313, max_depth=12
  Starting cross-validation...
  Trial 1309 MSE: 0.000004 | MAPE: 0.15% | R²: -0.099485
  Trial time: 17.4s
[I 2026-03-13 06:50:10,724] Trial 1309 finished with value: 4.069236320687743e-06 and parameters: {'lambda_P': 1.195410487308957, 'lambda_B': 1.8388929608180735, 'lambda_G': 1.002389832789215, 'n_estimators': 3474, 'max_depth': 19, 'learning_rate': 0.008172097637522803, 'subsample': 0.8290112726000332, 'colsample_bytree': 0.3894465512488857, 'colsample_bylevel': 0.7223937801624568, 'reg_alpha': 0.5211557575817137, 'reg_lambda': 3.0941839253782044, 'gamma': 0.0002105389091251944, 'min_child_weight': 8}. Best is trial 1267 with value: 3.067840594549508e-06.

[Trial 1316/5000] Starting at 06:50:10
  Lambdas: P=1.250, B=1.680, G=1.320
  XGBoost params: n_estimators=3357, max_depth=7
  Starting cross-validation...
  Trial 1300 MSE: 0.000004 | MAPE: 0.15% | R²: -0.108075
  Trial time: 34.2s
[I 2026-03-13 06:50:11,730] Trial 1300 finished with value: 3.7994268169617037e-06 and parameters: {'lambda_P': 0.9622782543052983, 'lambda_B': 1.5940661884076799, 'lambda_G': 0.970291046637449, 'n_estimators': 6515, 'max_depth': 6, 'learning_rate': 0.43473898174257797, 'subsample': 0.880634848043191, 'colsample_bytree': 0.8655989724582251, 'colsample_bylevel': 0.39447886380929836, 'reg_alpha': 0.12166433011585664, 'reg_lambda': 5.199822989865474, 'gamma': 0.00015517879980945674, 'min_child_weight': 1}. Best is trial 1267 with value: 3.067840594549508e-06.

[Trial 1317/5000] Starting at 06:50:11
  Lambdas: P=0.936, B=1.256, G=0.669
  XGBoost params: n_estimators=845, max_depth=3
  Starting cross-validation...
  Trial 1303 MSE: 0.000004 | MAPE: 0.14% | R²: -0.062350
  Trial time: 31.8s
[I 2026-03-13 06:50:13,112] Trial 1303 finished with value: 3.807711761404503e-06 and parameters: {'lambda_P': 1.282115717827512, 'lambda_B': 1.936667702054358, 'lambda_G': 1.2852941515622787, 'n_estimators': 6396, 'max_depth': 7, 'learning_rate': 0.002187546715189687, 'subsample': 0.7496190376111664, 'colsample_bytree': 0.3711767259219207, 'colsample_bylevel': 0.39603118766876394, 'reg_alpha': 0.33480850663520306, 'reg_lambda': 8.480224146063033, 'gamma': 0.00020309667513876328, 'min_child_weight': 7}. Best is trial 1267 with value: 3.067840594549508e-06.

[Trial 1318/5000] Starting at 06:50:13
  Lambdas: P=1.080, B=1.923, G=1.187
  XGBoost params: n_estimators=5558, max_depth=13
  Starting cross-validation...
  Trial 1316 MSE: 0.000004 | MAPE: 0.15% | R²: -0.090109
  Trial time: 4.5s
[I 2026-03-13 06:50:16,465] Trial 1316 finished with value: 3.957886460963897e-06 and parameters: {'lambda_P': 0.9362621067515022, 'lambda_B': 1.2556618030816125, 'lambda_G': 0.6694857119608323, 'n_estimators': 845, 'max_depth': 3, 'learning_rate': 0.004350098298902899, 'subsample': 0.405285999262844, 'colsample_bytree': 0.8162732744792374, 'colsample_bylevel': 0.5355608792405576, 'reg_alpha': 0.18208753080658654, 'reg_lambda': 9.045747283165214, 'gamma': 0.00013557312205144179, 'min_child_weight': 1}. Best is trial 1267 with value: 3.067840594549508e-06.

[Trial 1319/5000] Starting at 06:50:16
  Lambdas: P=1.025, B=1.950, G=1.358
  Trial 1310 MSE: 0.000004 | MAPE: 0.15% | R²: -0.109583
  Trial time: 21.8s
