[I 2026-03-13 07:10:38,501] Trial 1980 finished with value: 3.0575866669158996e-06 and parameters: {'lambda_P': 1.9327114724897707, 'lambda_B': 1.055612277624128, 'lambda_G': 1.7278135873147493, 'n_estimators': 6357, 'max_depth': 5, 'learning_rate': 0.047233357309737455, 'subsample': 0.5458598009990376, 'colsample_bytree': 0.30101105732815203, 'colsample_bylevel': 0.31493246110180617, 'reg_alpha': 0.08807098237305622, 'reg_lambda': 8.350097466858267, 'gamma': 0.00010313306795420332, 'min_child_weight': 15}. Best is trial 1422 with value: 2.996031181594198e-06.

[Trial 1995/5000] Starting at 07:10:38
  Lambdas: P=1.731, B=1.031, G=1.735
  XGBoost params: n_estimators=7438, max_depth=7
  Starting cross-validation...
  Trial 1987 MSE: 0.000005 | MAPE: 0.16% | R²: -0.232685
  Trial time: 15.3s
[I 2026-03-13 07:10:40,352] Trial 1987 finished with value: 4.819291318235056e-06 and parameters: {'lambda_P': 1.2602507550082103, 'lambda_B': 1.4824018259018548, 'lambda_G': 1.3839492691675417, 'n_estimators': 3248, 'max_depth': 15, 'learning_rate': 0.011297993242160062, 'subsample': 0.8512583018013792, 'colsample_bytree': 0.3496572281912952, 'colsample_bylevel': 0.7126979496847119, 'reg_alpha': 1.105319788453388, 'reg_lambda': 5.251418049279695, 'gamma': 0.00010580859770500246, 'min_child_weight': 2}. Best is trial 1422 with value: 2.996031181594198e-06.

[Trial 1996/5000] Starting at 07:10:40
  Lambdas: P=1.584, B=0.787, G=1.907
  XGBoost params: n_estimators=8654, max_depth=7
  Starting cross-validation...
  Trial 1982 MSE: 0.000005 | MAPE: 0.16% | R²: -0.314049
  Trial time: 30.8s
[I 2026-03-13 07:10:43,640] Trial 1982 finished with value: 5.076887518448612e-06 and parameters: {'lambda_P': 0.8634555841318811, 'lambda_B': 1.6999807687668935, 'lambda_G': 1.0372614054849194, 'n_estimators': 6562, 'max_depth': 9, 'learning_rate': 0.0036108244852457224, 'subsample': 0.9897587269312147, 'colsample_bytree': 0.6629667861235655, 'colsample_bylevel': 0.3066837587770166, 'reg_alpha': 2.4986505124946525, 'reg_lambda': 1.8843473795511787, 'gamma': 0.0002012892834295855, 'min_child_weight': 9}. Best is trial 1422 with value: 2.996031181594198e-06.

[Trial 1997/5000] Starting at 07:10:43
  Lambdas: P=1.943, B=0.806, G=1.958
  XGBoost params: n_estimators=8941, max_depth=2
  Starting cross-validation...
  Trial 1977 MSE: 0.000003 | MAPE: 0.14% | R²: 0.044607
  Trial time: 43.0s
[I 2026-03-13 07:10:44,545] Trial 1977 finished with value: 3.311281634682242e-06 and parameters: {'lambda_P': 1.7561354800295508, 'lambda_B': 1.820499405451448, 'lambda_G': 1.182385864455976, 'n_estimators': 8950, 'max_depth': 8, 'learning_rate': 0.008955267374031019, 'subsample': 0.9171248815374904, 'colsample_bytree': 0.49826594253044, 'colsample_bylevel': 0.4844486269075736, 'reg_alpha': 0.20822467526714256, 'reg_lambda': 6.996946614372678, 'gamma': 0.00010014886080314326, 'min_child_weight': 1}. Best is trial 1422 with value: 2.996031181594198e-06.

[Trial 1998/5000] Starting at 07:10:44
  Lambdas: P=1.797, B=0.926, G=1.869
  XGBoost params: n_estimators=6966, max_depth=8
  Starting cross-validation...
  Trial 1979 MSE: 0.000005 | MAPE: 0.16% | R²: -0.314049
  Trial time: 38.1s
[I 2026-03-13 07:10:45,426] Trial 1979 finished with value: 5.076887518448612e-06 and parameters: {'lambda_P': 1.8641643489350659, 'lambda_B': 1.6029187737097552, 'lambda_G': 1.9989719664365158, 'n_estimators': 8335, 'max_depth': 10, 'learning_rate': 0.21289974547554433, 'subsample': 0.36575345000762555, 'colsample_bytree': 0.7936634444458552, 'colsample_bylevel': 0.34016785733166827, 'reg_alpha': 9.401175895711312, 'reg_lambda': 2.8258866435597803, 'gamma': 0.0007276675368091858, 'min_child_weight': 11}. Best is trial 1422 with value: 2.996031181594198e-06.

[Trial 1999/5000] Starting at 07:10:45
  Lambdas: P=1.883, B=0.532, G=1.581
  XGBoost params: n_estimators=8458, max_depth=2
  Starting cross-validation...
  Trial 1975 MSE: 0.000005 | MAPE: 0.16% | R²: -0.314049
  Trial time: 48.4s
[I 2026-03-13 07:10:47,255] Trial 1975 finished with value: 5.076887518448612e-06 and parameters: {'lambda_P': 0.7776409054795065, 'lambda_B': 1.9846567396549535, 'lambda_G': 0.6402358946961891, 'n_estimators': 9770, 'max_depth': 11, 'learning_rate': 0.47384424977328, 'subsample': 0.78036399044127, 'colsample_bytree': 0.8667316459908757, 'colsample_bylevel': 0.3465049594757172, 'reg_alpha': 8.65397234143975, 'reg_lambda': 9.247210748434863, 'gamma': 0.012902841542539045, 'min_child_weight': 18}. Best is trial 1422 with value: 2.996031181594198e-06.

[Trial 2000/5000] Starting at 07:10:47
  Trial 1985 MSE: 0.000005 | MAPE: 0.16% | R²: -0.314049
  Trial time: 29.4s
[I 2026-03-13 07:10:47,447] Trial 1985 finished with value: 5.076887518448612e-06 and parameters: {'lambda_P': 1.2763532638927513, 'lambda_B': 1.9729357447639486, 'lambda_G': 0.7459191827917948, 'n_estimators': 6228, 'max_depth': 7, 'learning_rate': 0.002733419302511713, 'subsample': 0.999801785534237, 'colsample_bytree': 0.8933437949640874, 'colsample_bylevel': 0.3964934658016912, 'reg_alpha': 2.547819581114052, 'reg_lambda': 0.8064238954857463, 'gamma': 0.0002617097251609642, 'min_child_weight': 9}. Best is trial 1422 with value: 2.996031181594198e-06.

[Trial 2001/5000] Starting at 07:10:47
  Lambdas: P=1.976, B=0.906, G=1.812
  Lambdas: P=1.992, B=1.073, G=1.852
  XGBoost params: n_estimators=6189, max_depth=11
  Starting cross-validation...
  XGBoost params: n_estimators=7000, max_depth=4
  Starting cross-validation...
  Trial 1984 MSE: 0.000004 | MAPE: 0.15% | R²: -0.085418
  Trial time: 33.6s
[I 2026-03-13 07:10:49,428] Trial 1984 finished with value: 3.92323882600238e-06 and parameters: {'lambda_P': 0.9603698817944527, 'lambda_B': 1.9274494447002097, 'lambda_G': 1.4050864444918116, 'n_estimators': 8187, 'max_depth': 4, 'learning_rate': 0.0023002664777515623, 'subsample': 0.940343423040666, 'colsample_bytree': 0.8123022673962317, 'colsample_bylevel': 0.45900267382728704, 'reg_alpha': 0.2170729404984637, 'reg_lambda': 0.8608247686868452, 'gamma': 0.000456136098531678, 'min_child_weight': 3}. Best is trial 1422 with value: 2.996031181594198e-06.

[Trial 2002/5000] Starting at 07:10:49
  Lambdas: P=1.974, B=0.732, G=1.893
  XGBoost params: n_estimators=6687, max_depth=6
  Starting cross-validation...
  Trial 1992 MSE: 0.000005 | MAPE: 0.16% | R²: -0.314049
  Trial time: 16.2s
[I 2026-03-13 07:10:52,030] Trial 1992 finished with value: 5.076887518448612e-06 and parameters: {'lambda_P': 1.0605031287136457, 'lambda_B': 1.9179894709306817, 'lambda_G': 1.6031919419323968, 'n_estimators': 3011, 'max_depth': 2, 'learning_rate': 0.002394681785760178, 'subsample': 0.7037967168235622, 'colsample_bytree': 0.751481782286099, 'colsample_bylevel': 0.4146508374530561, 'reg_alpha': 2.4915438776607575, 'reg_lambda': 1.270946525138144, 'gamma': 0.0018632030784915678, 'min_child_weight': 17}. Best is trial 1422 with value: 2.996031181594198e-06.

[Trial 2003/5000] Starting at 07:10:52
  Lambdas: P=1.652, B=1.263, G=1.450
  XGBoost params: n_estimators=7734, max_depth=6
  Starting cross-validation...
  Trial 1993 MSE: 0.000004 | MAPE: 0.15% | R²: -0.106125
  Trial time: 15.8s
[I 2026-03-13 07:10:52,757] Trial 1993 finished with value: 4.018082881466245e-06 and parameters: {'lambda_P': 1.702711052675835, 'lambda_B': 1.993871365707144, 'lambda_G': 1.4218151385332116, 'n_estimators': 2859, 'max_depth': 7, 'learning_rate': 0.016944206446400482, 'subsample': 0.79107890847401, 'colsample_bytree': 0.3490838335474938, 'colsample_bylevel': 0.4138493342400349, 'reg_alpha': 0.40627620136325193, 'reg_lambda': 9.894627531027245, 'gamma': 0.0002407900603425127, 'min_child_weight': 16}. Best is trial 1422 with value: 2.996031181594198e-06.

[Trial 2004/5000] Starting at 07:10:52
  Lambdas: P=1.922, B=1.138, G=1.664
  XGBoost params: n_estimators=5145, max_depth=5
  Starting cross-validation...
  Trial 1989 MSE: 0.000005 | MAPE: 0.16% | R²: -0.314049
  Trial time: 26.3s
[I 2026-03-13 07:10:55,054] Trial 1989 finished with value: 5.076887518448612e-06 and parameters: {'lambda_P': 1.8924694312202728, 'lambda_B': 0.5516563737943754, 'lambda_G': 1.1917434947407008, 'n_estimators': 5276, 'max_depth': 20, 'learning_rate': 0.02837354225617641, 'subsample': 0.9293587065015665, 'colsample_bytree': 0.34415289422992845, 'colsample_bylevel': 0.6915148169867775, 'reg_alpha': 2.176086361216361, 'reg_lambda': 1.1409730858767397, 'gamma': 0.08550651017766095, 'min_child_weight': 8}. Best is trial 1422 with value: 2.996031181594198e-06.

[Trial 2005/5000] Starting at 07:10:55
  Lambdas: P=1.996, B=0.989, G=1.967
  XGBoost params: n_estimators=3601, max_depth=4
  Starting cross-validation...
  Trial 1991 MSE: 0.000003 | MAPE: 0.14% | R²: 0.027048
  Trial time: 29.1s
[I 2026-03-13 07:11:02,927] Trial 1991 finished with value: 3.390751497380046e-06 and parameters: {'lambda_P': 1.389393058366295, 'lambda_B': 0.8008689670130072, 'lambda_G': 1.2627712300126483, 'n_estimators': 5888, 'max_depth': 9, 'learning_rate': 0.003847939930780152, 'subsample': 0.8745897524109181, 'colsample_bytree': 0.45336429101752296, 'colsample_bylevel': 0.70440882658576, 'reg_alpha': 0.194420287405775, 'reg_lambda': 3.625220919683342, 'gamma': 0.00010957153505378733, 'min_child_weight': 10}. Best is trial 1422 with value: 2.996031181594198e-06.

[Trial 2006/5000] Starting at 07:11:03
  Lambdas: P=1.745, B=0.556, G=1.670
  XGBoost params: n_estimators=3839, max_depth=11
  Starting cross-validation...
  Trial 1990 MSE: 0.000005 | MAPE: 0.16% | R²: -0.314049
  Trial time: 31.4s
[I 2026-03-13 07:11:04,230] Trial 1990 finished with value: 5.076887518448612e-06 and parameters: {'lambda_P': 1.5612426905363042, 'lambda_B': 1.5700884320936301, 'lambda_G': 1.6920874975603268, 'n_estimators': 6150, 'max_depth': 4, 'learning_rate': 0.0013446468123772667, 'subsample': 0.4054031963435841, 'colsample_bytree': 0.7040536634808385, 'colsample_bylevel': 0.5445824433556706, 'reg_alpha': 2.1297446466219148, 'reg_lambda': 3.4358599247015977, 'gamma': 0.023574358172168686, 'min_child_weight': 3}. Best is trial 1422 with value: 2.996031181594198e-06.

[Trial 2007/5000] Starting at 07:11:04
  Lambdas: P=1.924, B=0.835, G=1.507
  XGBoost params: n_estimators=9056, max_depth=7
  Starting cross-validation...
  Trial 1988 MSE: 0.000005 | MAPE: 0.16% | R²: -0.314049
  Trial time: 44.8s
[I 2026-03-13 07:11:10,187] Trial 1988 finished with value: 5.076887518448612e-06 and parameters: {'lambda_P': 1.2371952901959364, 'lambda_B': 0.7826890196936599, 'lambda_G': 1.5445880317831227, 'n_estimators': 9241, 'max_depth': 6, 'learning_rate': 0.04403167417748079, 'subsample': 0.5525445150676501, 'colsample_bytree': 0.7227835925975588, 'colsample_bylevel': 0.3601976123215884, 'reg_alpha': 9.01330027136433, 'reg_lambda': 1.1749769870296296, 'gamma': 0.001115317244410659, 'min_child_weight': 8}. Best is trial 1422 with value: 2.996031181594198e-06.

[Trial 2008/5000] Starting at 07:11:10
  Lambdas: P=1.765, B=0.814, G=1.697
  XGBoost params: n_estimators=9097, max_depth=2
  Starting cross-validation...
  Trial 2004 MSE: 0.000005 | MAPE: 0.16% | R²: -0.314049
  Trial time: 15.9s
[I 2026-03-13 07:11:11,186] Trial 2004 finished with value: 5.076887518448612e-06 and parameters: {'lambda_P': 1.996305361936171, 'lambda_B': 0.9892677546189207, 'lambda_G': 1.966595738216303, 'n_estimators': 3601, 'max_depth': 4, 'learning_rate': 0.1541823308087047, 'subsample': 0.5228315298303778, 'colsample_bytree': 0.3112932565157749, 'colsample_bylevel': 0.43565448415772995, 'reg_alpha': 1.0694746303870195, 'reg_lambda': 8.670567036470331, 'gamma': 0.00010160932989592173, 'min_child_weight': 17}. Best is trial 1422 with value: 2.996031181594198e-06.

[Trial 2009/5000] Starting at 07:11:11
  Lambdas: P=1.691, B=0.587, G=1.798
  XGBoost params: n_estimators=7151, max_depth=4
  Starting cross-validation...
  Trial 2001 MSE: 0.000005 | MAPE: 0.16% | R²: -0.291866
  Trial time: 23.2s
[I 2026-03-13 07:11:12,854] Trial 2001 finished with value: 5.003841192428347e-06 and parameters: {'lambda_P': 1.9743733794488258, 'lambda_B': 0.7318772629847934, 'lambda_G': 1.892946217875738, 'n_estimators': 6687, 'max_depth': 6, 'learning_rate': 0.05219219431699001, 'subsample': 0.5537620058422257, 'colsample_bytree': 0.4308493978653559, 'colsample_bylevel': 0.3623588978920336, 'reg_alpha': 0.6541186577146645, 'reg_lambda': 7.16907777750792, 'gamma': 0.0003647656871487358, 'min_child_weight': 19}. Best is trial 1422 with value: 2.996031181594198e-06.

[Trial 2010/5000] Starting at 07:11:12
  Lambdas: P=1.909, B=1.016, G=1.122
  XGBoost params: n_estimators=4026, max_depth=2
  Starting cross-validation...
  Trial 1994 MSE: 0.000005 | MAPE: 0.16% | R²: -0.314049
  Trial time: 35.8s
[I 2026-03-13 07:11:14,566] Trial 1994 finished with value: 5.076887518448612e-06 and parameters: {'lambda_P': 1.7311692810835582, 'lambda_B': 1.0306302659004376, 'lambda_G': 1.7354380292639184, 'n_estimators': 7438, 'max_depth': 7, 'learning_rate': 0.13499963368327417, 'subsample': 0.3457101638551938, 'colsample_bytree': 0.32087211226501683, 'colsample_bylevel': 0.48195539471014837, 'reg_alpha': 2.2198932233324316, 'reg_lambda': 8.679845225442818, 'gamma': 0.00013563427709144442, 'min_child_weight': 19}. Best is trial 1422 with value: 2.996031181594198e-06.

[Trial 2011/5000] Starting at 07:11:14
  Lambdas: P=1.842, B=1.337, G=1.768
  XGBoost params: n_estimators=5425, max_depth=8
  Starting cross-validation...
  Trial 2003 MSE: 0.000004 | MAPE: 0.15% | R²: -0.144443
  Trial time: 24.1s
[I 2026-03-13 07:11:17,079] Trial 2003 finished with value: 4.216536659646917e-06 and parameters: {'lambda_P': 1.9218667521144572, 'lambda_B': 1.1381754930272676, 'lambda_G': 1.664209382213642, 'n_estimators': 5145, 'max_depth': 5, 'learning_rate': 0.033167791911509, 'subsample': 0.476491132677444, 'colsample_bytree': 0.4018099323505456, 'colsample_bylevel': 0.4054029577816707, 'reg_alpha': 0.2410195945212226, 'reg_lambda': 7.992331378931155, 'gamma': 0.00028341595976514813, 'min_child_weight': 18}. Best is trial 1422 with value: 2.996031181594198e-06.

[Trial 2012/5000] Starting at 07:11:17
  Lambdas: P=1.919, B=1.432, G=1.958
  XGBoost params: n_estimators=7845, max_depth=8
  Starting cross-validation...
  Trial 1998 MSE: 0.000004 | MAPE: 0.14% | R²: -0.059601
  Trial time: 32.2s
[I 2026-03-13 07:11:17,877] Trial 1998 finished with value: 3.784163317418995e-06 and parameters: {'lambda_P': 1.8832942514856725, 'lambda_B': 0.5320803870986077, 'lambda_G': 1.5810293669654638, 'n_estimators': 8458, 'max_depth': 2, 'learning_rate': 0.03610218969638046, 'subsample': 0.43788684786883453, 'colsample_bytree': 0.33348014832068895, 'colsample_bylevel': 0.30113871529434993, 'reg_alpha': 0.19229851915210439, 'reg_lambda': 9.89006133619988, 'gamma': 0.00015591869342549265, 'min_child_weight': 10}. Best is trial 1422 with value: 2.996031181594198e-06.

[Trial 2013/5000] Starting at 07:11:17
  Trial 1997 MSE: 0.000005 | MAPE: 0.16% | R²: -0.316488
  Trial time: 33.6s
[I 2026-03-13 07:11:18,342] Trial 1997 finished with value: 5.062428946827024e-06 and parameters: {'lambda_P': 1.7971686936608584, 'lambda_B': 0.9259588022399301, 'lambda_G': 1.8686913968442709, 'n_estimators': 6966, 'max_depth': 8, 'learning_rate': 0.14837977450548406, 'subsample': 0.6217873180842021, 'colsample_bytree': 0.4182287918853814, 'colsample_bylevel': 0.3299955386869624, 'reg_alpha': 0.6534429712945609, 'reg_lambda': 8.733276272828611, 'gamma': 0.0007302036376414955, 'min_child_weight': 19}. Best is trial 1422 with value: 2.996031181594198e-06.
  Lambdas: P=1.644, B=0.749, G=1.854

[Trial 2014/5000] Starting at 07:11:18
  XGBoost params: n_estimators=104, max_depth=19
  Starting cross-validation...
  Lambdas: P=1.958, B=1.209, G=1.148
  XGBoost params: n_estimators=4928, max_depth=5
  Starting cross-validation...
  Trial 2012 MSE: 0.000005 | MAPE: 0.16% | R²: -0.314049
  Trial time: 1.3s
[I 2026-03-13 07:11:19,365] Trial 2012 finished with value: 5.076887518448612e-06 and parameters: {'lambda_P': 1.6436363812858596, 'lambda_B': 0.7488079737583571, 'lambda_G': 1.8543200331196001, 'n_estimators': 104, 'max_depth': 19, 'learning_rate': 0.012899013309431074, 'subsample': 0.4701443116667025, 'colsample_bytree': 0.4218266116968509, 'colsample_bylevel': 0.777098498583444, 'reg_alpha': 9.929498185667015, 'reg_lambda': 3.190251041470016, 'gamma': 0.00346553117887814, 'min_child_weight': 8}. Best is trial 1422 with value: 2.996031181594198e-06.

[Trial 2015/5000] Starting at 07:11:19
  Lambdas: P=1.804, B=0.921, G=1.965
  XGBoost params: n_estimators=8497, max_depth=5
  Starting cross-validation...
  Trial 1999 MSE: 0.000005 | MAPE: 0.16% | R²: -0.314049
  Trial time: 32.6s
[I 2026-03-13 07:11:20,077] Trial 1999 finished with value: 5.076887518448612e-06 and parameters: {'lambda_P': 1.9756835994843085, 'lambda_B': 0.9060036070696748, 'lambda_G': 1.8118420425222734, 'n_estimators': 6189, 'max_depth': 11, 'learning_rate': 0.2016751484072832, 'subsample': 0.4805806131181647, 'colsample_bytree': 0.30617412884637596, 'colsample_bylevel': 0.42509087552093316, 'reg_alpha': 0.8482952564595142, 'reg_lambda': 8.503860793047291, 'gamma': 0.0003189987268144354, 'min_child_weight': 15}. Best is trial 1422 with value: 2.996031181594198e-06.

[Trial 2016/5000] Starting at 07:11:20
  Lambdas: P=1.915, B=1.098, G=1.135
  XGBoost params: n_estimators=5621, max_depth=5
  Starting cross-validation...
  Trial 2000 MSE: 0.000005 | MAPE: 0.16% | R²: -0.314049
  Trial time: 33.2s
[I 2026-03-13 07:11:20,866] Trial 2000 finished with value: 5.076887518448612e-06 and parameters: {'lambda_P': 1.991510435163404, 'lambda_B': 1.072676109128732, 'lambda_G': 1.8521585014730078, 'n_estimators': 7000, 'max_depth': 4, 'learning_rate': 0.09208144760933426, 'subsample': 0.4204021574102765, 'colsample_bytree': 0.31778011739131734, 'colsample_bylevel': 0.32700803230803493, 'reg_alpha': 1.9740974899529582, 'reg_lambda': 8.939065468078166, 'gamma': 0.0001798255114742671, 'min_child_weight': 12}. Best is trial 1422 with value: 2.996031181594198e-06.

[Trial 2017/5000] Starting at 07:11:20
  Lambdas: P=1.916, B=1.101, G=1.273
  XGBoost params: n_estimators=9527, max_depth=9
  Starting cross-validation...
  Trial 2005 MSE: 0.000005 | MAPE: 0.16% | R²: -0.314049
  Trial time: 20.0s
[I 2026-03-13 07:11:23,187] Trial 2005 finished with value: 5.076887518448612e-06 and parameters: {'lambda_P': 1.7451955229114064, 'lambda_B': 0.5555089558819869, 'lambda_G': 1.6701697596477347, 'n_estimators': 3839, 'max_depth': 11, 'learning_rate': 0.030108353593332877, 'subsample': 0.6570875061368693, 'colsample_bytree': 0.34855369955413446, 'colsample_bylevel': 0.3927102629192383, 'reg_alpha': 1.989020519929825, 'reg_lambda': 9.782809561102376, 'gamma': 0.00031759412052204556, 'min_child_weight': 15}. Best is trial 1422 with value: 2.996031181594198e-06.

[Trial 2018/5000] Starting at 07:11:23
  Lambdas: P=1.182, B=0.560, G=0.622
  XGBoost params: n_estimators=7434, max_depth=8
  Starting cross-validation...
  Trial 1995 MSE: 0.000005 | MAPE: 0.16% | R²: -0.314049
  Trial time: 43.9s
[I 2026-03-13 07:11:24,474] Trial 1995 finished with value: 5.076887518448612e-06 and parameters: {'lambda_P': 1.584078436883769, 'lambda_B': 0.7874308551935423, 'lambda_G': 1.9073270328794771, 'n_estimators': 8654, 'max_depth': 7, 'learning_rate': 0.10755481668594967, 'subsample': 0.44310270138629276, 'colsample_bytree': 0.44581065759742494, 'colsample_bylevel': 0.3669796877471754, 'reg_alpha': 2.0953036541421497, 'reg_lambda': 7.4263177440372745, 'gamma': 0.0004676463853034331, 'min_child_weight': 17}. Best is trial 1422 with value: 2.996031181594198e-06.

[Trial 2019/5000] Starting at 07:11:24
  Lambdas: P=1.510, B=1.034, G=1.392
  XGBoost params: n_estimators=5617, max_depth=7
  Starting cross-validation...
  Trial 2009 MSE: 0.000005 | MAPE: 0.16% | R²: -0.314049
  Trial time: 16.0s
[I 2026-03-13 07:11:29,086] Trial 2009 finished with value: 5.076887518448612e-06 and parameters: {'lambda_P': 1.9090313933832552, 'lambda_B': 1.0163781802510083, 'lambda_G': 1.1218529336685892, 'n_estimators': 4026, 'max_depth': 2, 'learning_rate': 0.11016429337109186, 'subsample': 0.53442533242233, 'colsample_bytree': 0.46585672139676315, 'colsample_bylevel': 0.446142129932095, 'reg_alpha': 1.0711967890372098, 'reg_lambda': 7.058821817191278, 'gamma': 0.00024888945832512717, 'min_child_weight': 14}. Best is trial 1422 with value: 2.996031181594198e-06.

[Trial 2020/5000] Starting at 07:11:29
  Lambdas: P=1.061, B=1.289, G=0.868
  Trial 1996 MSE: 0.000005 | MAPE: 0.16% | R²: -0.314049
  XGBoost params: n_estimators=5224, max_depth=5
  Trial time: 45.8s
  Starting cross-validation...
[I 2026-03-13 07:11:29,636] Trial 1996 finished with value: 5.076887518448612e-06 and parameters: {'lambda_P': 1.9432106150353061, 'lambda_B': 0.8056150969905398, 'lambda_G': 1.9575081916053667, 'n_estimators': 8941, 'max_depth': 2, 'learning_rate': 0.03154952490180111, 'subsample': 0.4950145091331456, 'colsample_bytree': 0.3151827311822717, 'colsample_bylevel': 0.4751390031243756, 'reg_alpha': 2.766176260164184, 'reg_lambda': 8.287303322765517, 'gamma': 0.00013760931692323949, 'min_child_weight': 16}. Best is trial 1422 with value: 2.996031181594198e-06.

[Trial 2021/5000] Starting at 07:11:29
  Lambdas: P=1.909, B=1.010, G=1.797
  XGBoost params: n_estimators=5754, max_depth=4
  Starting cross-validation...
  Trial 2002 MSE: 0.000005 | MAPE: 0.16% | R²: -0.314049
  Trial time: 39.3s
