[I 2026-03-13 07:22:11,209] Trial 2272 finished with value: 5.076887518448612e-06 and parameters: {'lambda_P': 1.9699079995733044, 'lambda_B': 0.741130560909446, 'lambda_G': 1.0082205233373391, 'n_estimators': 9690, 'max_depth': 3, 'learning_rate': 0.0017949181954936481, 'subsample': 0.6658104445800272, 'colsample_bytree': 0.7987401784075401, 'colsample_bylevel': 0.35905825348580933, 'reg_alpha': 2.513836109076547, 'reg_lambda': 4.222947256439617, 'gamma': 0.00015776733749507842, 'min_child_weight': 19}. Best is trial 2210 with value: 2.986319055234564e-06.

[Trial 2292/5000] Starting at 07:22:11
  Lambdas: P=0.547, B=1.868, G=1.783
  XGBoost params: n_estimators=8635, max_depth=5
  Starting cross-validation...
  Trial 2274 MSE: 0.000003 | MAPE: 0.13% | R²: 0.045417
  Trial time: 43.2s
[I 2026-03-13 07:22:12,977] Trial 2274 finished with value: 3.273915681800995e-06 and parameters: {'lambda_P': 1.483487782371228, 'lambda_B': 0.9233421408067547, 'lambda_G': 0.6359912964601672, 'n_estimators': 8478, 'max_depth': 3, 'learning_rate': 0.001904845839632722, 'subsample': 0.8790751400835118, 'colsample_bytree': 0.5652409461165324, 'colsample_bylevel': 0.31228051917834104, 'reg_alpha': 0.1683220054688453, 'reg_lambda': 4.2614153776094605, 'gamma': 0.00012410219421810168, 'min_child_weight': 17}. Best is trial 2210 with value: 2.986319055234564e-06.

[Trial 2293/5000] Starting at 07:22:13
  Lambdas: P=1.394, B=0.950, G=1.323
  XGBoost params: n_estimators=6689, max_depth=4
  Starting cross-validation...
  Trial 2277 MSE: 0.000004 | MAPE: 0.15% | R²: -0.126031
  Trial time: 40.9s
[I 2026-03-13 07:22:15,612] Trial 2277 finished with value: 4.230523875990501e-06 and parameters: {'lambda_P': 1.5397315059921077, 'lambda_B': 0.5773456025215229, 'lambda_G': 0.8703094785110154, 'n_estimators': 8571, 'max_depth': 3, 'learning_rate': 0.0030475184345967613, 'subsample': 0.8489655249574694, 'colsample_bytree': 0.7240840711375444, 'colsample_bylevel': 0.35510066993045414, 'reg_alpha': 0.6820636076492934, 'reg_lambda': 2.540538636517514, 'gamma': 0.00015377113241686323, 'min_child_weight': 20}. Best is trial 2210 with value: 2.986319055234564e-06.

[Trial 2294/5000] Starting at 07:22:15
  Lambdas: P=1.520, B=1.305, G=0.787
  XGBoost params: n_estimators=5543, max_depth=13
  Starting cross-validation...
  Trial 2275 MSE: 0.000003 | MAPE: 0.13% | R²: 0.126822
  Trial time: 46.5s
[I 2026-03-13 07:22:17,624] Trial 2275 finished with value: 3.005060318496547e-06 and parameters: {'lambda_P': 1.4974775071921262, 'lambda_B': 0.6561231083382444, 'lambda_G': 0.5276358302865798, 'n_estimators': 9547, 'max_depth': 10, 'learning_rate': 0.28682815432410447, 'subsample': 0.8514514338316768, 'colsample_bytree': 0.47579123228045767, 'colsample_bylevel': 0.4635018934626519, 'reg_alpha': 0.02582999776773623, 'reg_lambda': 0.7872636927391401, 'gamma': 0.00011676148961548893, 'min_child_weight': 4}. Best is trial 2210 with value: 2.986319055234564e-06.

[Trial 2295/5000] Starting at 07:22:17
  Lambdas: P=1.581, B=0.685, G=0.528
  XGBoost params: n_estimators=8909, max_depth=12
  Starting cross-validation...
  Trial 2280 MSE: 0.000004 | MAPE: 0.14% | R²: -0.047732
  Trial time: 36.0s
[I 2026-03-13 07:22:19,536] Trial 2280 finished with value: 3.74046988172248e-06 and parameters: {'lambda_P': 0.7795292897244681, 'lambda_B': 0.7961009016268634, 'lambda_G': 0.7003429901947182, 'n_estimators': 7329, 'max_depth': 8, 'learning_rate': 0.004449535151326265, 'subsample': 0.6065539838414986, 'colsample_bytree': 0.49202365225271416, 'colsample_bylevel': 0.32576393324025266, 'reg_alpha': 0.2720669318805658, 'reg_lambda': 5.529677589398581, 'gamma': 0.00015032345552744267, 'min_child_weight': 20}. Best is trial 2210 with value: 2.986319055234564e-06.

[Trial 2296/5000] Starting at 07:22:19
  Lambdas: P=1.942, B=0.695, G=1.686
  XGBoost params: n_estimators=7132, max_depth=9
  Starting cross-validation...
  Trial 2283 MSE: 0.000004 | MAPE: 0.15% | R²: -0.097746
  Trial time: 33.4s
[I 2026-03-13 07:22:24,016] Trial 2283 finished with value: 4.00712584890247e-06 and parameters: {'lambda_P': 1.5077008417136628, 'lambda_B': 1.0460445835200698, 'lambda_G': 1.130887607101333, 'n_estimators': 7037, 'max_depth': 13, 'learning_rate': 0.011104093772029418, 'subsample': 0.4755108699017026, 'colsample_bytree': 0.6938172174019802, 'colsample_bylevel': 0.6634693452942804, 'reg_alpha': 0.27831875053538646, 'reg_lambda': 3.4305203070518955, 'gamma': 0.00013481052324946022, 'min_child_weight': 3}. Best is trial 2210 with value: 2.986319055234564e-06.

[Trial 2297/5000] Starting at 07:22:24
  Lambdas: P=1.774, B=0.518, G=0.502
  XGBoost params: n_estimators=9253, max_depth=12
  Starting cross-validation...
  Trial 2281 MSE: 0.000004 | MAPE: 0.14% | R²: -0.061247
  Trial time: 36.8s
[I 2026-03-13 07:22:25,984] Trial 2281 finished with value: 3.7376321888557378e-06 and parameters: {'lambda_P': 1.2248149118539842, 'lambda_B': 0.76096661842764, 'lambda_G': 1.2482126240409224, 'n_estimators': 9337, 'max_depth': 3, 'learning_rate': 0.019540604993370545, 'subsample': 0.9189494770341027, 'colsample_bytree': 0.5967877659295416, 'colsample_bylevel': 0.3114641411904369, 'reg_alpha': 0.00731432915952436, 'reg_lambda': 4.924950493581444, 'gamma': 0.0007134899279061037, 'min_child_weight': 15}. Best is trial 2210 with value: 2.986319055234564e-06.

[Trial 2298/5000] Starting at 07:22:26
  Lambdas: P=1.741, B=0.773, G=0.779
  XGBoost params: n_estimators=9211, max_depth=11
  Starting cross-validation...
  Trial 2282 MSE: 0.000005 | MAPE: 0.16% | R²: -0.314049
  Trial time: 39.3s
[I 2026-03-13 07:22:28,431] Trial 2282 finished with value: 5.076887518448612e-06 and parameters: {'lambda_P': 1.4305724324387665, 'lambda_B': 0.9629972957018463, 'lambda_G': 1.7281694775323317, 'n_estimators': 8798, 'max_depth': 10, 'learning_rate': 0.0015702285948106403, 'subsample': 0.5248933459522825, 'colsample_bytree': 0.6884660320345579, 'colsample_bylevel': 0.9826262583860674, 'reg_alpha': 7.398437166183394, 'reg_lambda': 6.617140214093482, 'gamma': 0.00035446467395268237, 'min_child_weight': 17}. Best is trial 2210 with value: 2.986319055234564e-06.

[Trial 2299/5000] Starting at 07:22:28
  Lambdas: P=1.444, B=0.547, G=0.713
  XGBoost params: n_estimators=9369, max_depth=12
  Starting cross-validation...
  Trial 2286 MSE: 0.000005 | MAPE: 0.16% | R²: -0.314049
  Trial time: 30.6s
[I 2026-03-13 07:22:32,032] Trial 2286 finished with value: 5.076887518448612e-06 and parameters: {'lambda_P': 1.7655135386117928, 'lambda_B': 0.8238339956467684, 'lambda_G': 0.7195900240247514, 'n_estimators': 6031, 'max_depth': 2, 'learning_rate': 0.022857643439085983, 'subsample': 0.7151814985149809, 'colsample_bytree': 0.4977978429276583, 'colsample_bylevel': 0.30951169075808754, 'reg_alpha': 5.642196723306354, 'reg_lambda': 1.7043735021152218, 'gamma': 0.00012554007744796424, 'min_child_weight': 8}. Best is trial 2210 with value: 2.986319055234564e-06.

[Trial 2300/5000] Starting at 07:22:32
  Trial 2285 MSE: 0.000005 | MAPE: 0.16% | R²: -0.314049
  Trial time: 37.5s
[I 2026-03-13 07:22:32,360] Trial 2285 finished with value: 5.076887518448612e-06 and parameters: {'lambda_P': 0.8782161244585829, 'lambda_B': 0.8697095154455463, 'lambda_G': 1.973186537377484, 'n_estimators': 7485, 'max_depth': 2, 'learning_rate': 0.3056927266940485, 'subsample': 0.8368051483937943, 'colsample_bytree': 0.8984367288714473, 'colsample_bylevel': 0.6929075368135656, 'reg_alpha': 3.5888108710683184, 'reg_lambda': 4.457169955875921, 'gamma': 0.00039886389231328354, 'min_child_weight': 13}. Best is trial 2210 with value: 2.986319055234564e-06.

[Trial 2301/5000] Starting at 07:22:32
  Lambdas: P=1.505, B=0.569, G=0.753
  XGBoost params: n_estimators=8455, max_depth=10
  Starting cross-validation...
  Lambdas: P=1.767, B=0.791, G=0.581
  XGBoost params: n_estimators=8771, max_depth=11
  Starting cross-validation...
  Trial 2287 MSE: 0.000005 | MAPE: 0.16% | R²: -0.314049
  Trial time: 31.0s
[I 2026-03-13 07:22:34,040] Trial 2287 finished with value: 5.076887518448612e-06 and parameters: {'lambda_P': 0.6348846431427142, 'lambda_B': 1.048153156024142, 'lambda_G': 1.904447028149563, 'n_estimators': 5970, 'max_depth': 3, 'learning_rate': 0.01694024759221762, 'subsample': 0.377104462883255, 'colsample_bytree': 0.3692563152604293, 'colsample_bylevel': 0.8650330058196533, 'reg_alpha': 3.5907632741673754, 'reg_lambda': 9.864061961848545, 'gamma': 0.00010872085031818327, 'min_child_weight': 2}. Best is trial 2210 with value: 2.986319055234564e-06.

[Trial 2302/5000] Starting at 07:22:34
  Trial 2289 MSE: 0.000004 | MAPE: 0.14% | R²: -0.034712
  Trial time: 29.5s
[I 2026-03-13 07:22:34,509] Trial 2289 finished with value: 3.719246454069395e-06 and parameters: {'lambda_P': 1.9357602169992054, 'lambda_B': 1.9509772187490575, 'lambda_G': 1.1204845098900271, 'n_estimators': 6031, 'max_depth': 8, 'learning_rate': 0.00534945564664766, 'subsample': 0.9493563603970154, 'colsample_bytree': 0.4941834956084886, 'colsample_bylevel': 0.8013541564363649, 'reg_alpha': 0.2700841299374411, 'reg_lambda': 9.406566407168688, 'gamma': 0.00019022269074263676, 'min_child_weight': 6}. Best is trial 2210 with value: 2.986319055234564e-06.

[Trial 2303/5000] Starting at 07:22:34
  Lambdas: P=1.566, B=0.955, G=0.573
  XGBoost params: n_estimators=8527, max_depth=11
  Starting cross-validation...
  Lambdas: P=1.397, B=0.501, G=0.637
  XGBoost params: n_estimators=7557, max_depth=11
  Starting cross-validation...
  Trial 2288 MSE: 0.000005 | MAPE: 0.16% | R²: -0.314049
  Trial time: 33.0s
[I 2026-03-13 07:22:36,499] Trial 2288 finished with value: 5.076887518448612e-06 and parameters: {'lambda_P': 0.796343215979108, 'lambda_B': 1.9546555519915447, 'lambda_G': 1.176259445741365, 'n_estimators': 7455, 'max_depth': 7, 'learning_rate': 0.03178489406873646, 'subsample': 0.8218256237468987, 'colsample_bytree': 0.7583086401769359, 'colsample_bylevel': 0.988202572541624, 'reg_alpha': 9.00342093725476, 'reg_lambda': 1.040797021304516, 'gamma': 0.000487537384034169, 'min_child_weight': 16}. Best is trial 2210 with value: 2.986319055234564e-06.

[Trial 2304/5000] Starting at 07:22:36
  Lambdas: P=1.296, B=0.757, G=0.583
  XGBoost params: n_estimators=6781, max_depth=8
  Starting cross-validation...
  Trial 2290 MSE: 0.000005 | MAPE: 0.16% | R²: -0.314049
  Trial time: 34.9s
[I 2026-03-13 07:22:43,251] Trial 2290 finished with value: 5.076887518448612e-06 and parameters: {'lambda_P': 1.673850132134299, 'lambda_B': 1.010071899232602, 'lambda_G': 0.8184091129273342, 'n_estimators': 8476, 'max_depth': 9, 'learning_rate': 0.08077639389002148, 'subsample': 0.9981363651482339, 'colsample_bytree': 0.8102270639141816, 'colsample_bylevel': 0.662923968317683, 'reg_alpha': 8.432252432544175, 'reg_lambda': 5.528559792629564, 'gamma': 0.00012142728763835202, 'min_child_weight': 13}. Best is trial 2210 with value: 2.986319055234564e-06.

[Trial 2305/5000] Starting at 07:22:43
  Trial 2293 MSE: 0.000005 | MAPE: 0.16% | R²: -0.207832
  Trial time: 27.8s
[I 2026-03-13 07:22:43,610] Trial 2293 finished with value: 4.666429045953151e-06 and parameters: {'lambda_P': 1.5201628474999755, 'lambda_B': 1.3046726801588067, 'lambda_G': 0.7868214956445696, 'n_estimators': 5543, 'max_depth': 13, 'learning_rate': 0.003933014593845205, 'subsample': 0.9584535407922233, 'colsample_bytree': 0.4922195972167784, 'colsample_bylevel': 0.7972324642564241, 'reg_alpha': 1.0380809423276254, 'reg_lambda': 5.988760840080409, 'gamma': 0.00018848573611238612, 'min_child_weight': 12}. Best is trial 2210 with value: 2.986319055234564e-06.

[Trial 2306/5000] Starting at 07:22:43
  Lambdas: P=1.588, B=0.835, G=0.921
  XGBoost params: n_estimators=9940, max_depth=14
  Starting cross-validation...
  Lambdas: P=1.927, B=0.748, G=0.544
  XGBoost params: n_estimators=8309, max_depth=9
  Starting cross-validation...
  Trial 2292 MSE: 0.000005 | MAPE: 0.16% | R²: -0.314049
  Trial time: 34.3s
[I 2026-03-13 07:22:47,514] Trial 2292 finished with value: 5.076887518448612e-06 and parameters: {'lambda_P': 1.3941350495300666, 'lambda_B': 0.950368570650908, 'lambda_G': 1.3234519799572806, 'n_estimators': 6689, 'max_depth': 4, 'learning_rate': 0.24388525850467327, 'subsample': 0.4731317368696984, 'colsample_bytree': 0.9525182667347973, 'colsample_bylevel': 0.9475975055529602, 'reg_alpha': 0.3936980193955364, 'reg_lambda': 1.0966440046672954, 'gamma': 0.04015553301451227, 'min_child_weight': 14}. Best is trial 2210 with value: 2.986319055234564e-06.

[Trial 2307/5000] Starting at 07:22:47
  Lambdas: P=1.621, B=0.756, G=0.570
  XGBoost params: n_estimators=7670, max_depth=12
  Starting cross-validation...
  Trial 2291 MSE: 0.000005 | MAPE: 0.16% | R²: -0.314049
  Trial time: 41.7s
[I 2026-03-13 07:22:53,140] Trial 2291 finished with value: 5.076887518448612e-06 and parameters: {'lambda_P': 0.5465713765213428, 'lambda_B': 1.8675267240440205, 'lambda_G': 1.783395763800698, 'n_estimators': 8635, 'max_depth': 5, 'learning_rate': 0.2835722411248952, 'subsample': 0.379022062778423, 'colsample_bytree': 0.38113591963842, 'colsample_bylevel': 0.95873071171742, 'reg_alpha': 8.277760484310177, 'reg_lambda': 7.5317729677019365, 'gamma': 0.012150824792088157, 'min_child_weight': 11}. Best is trial 2210 with value: 2.986319055234564e-06.

[Trial 2308/5000] Starting at 07:22:53
  Lambdas: P=1.387, B=0.552, G=0.503
  XGBoost params: n_estimators=7559, max_depth=8
  Starting cross-validation...
  Trial 2295 MSE: 0.000005 | MAPE: 0.16% | R²: -0.314049
  Trial time: 34.6s
[I 2026-03-13 07:22:54,362] Trial 2295 finished with value: 5.076887518448612e-06 and parameters: {'lambda_P': 1.941889094323333, 'lambda_B': 0.6949412374748183, 'lambda_G': 1.6862562145926523, 'n_estimators': 7132, 'max_depth': 9, 'learning_rate': 0.25610197237393145, 'subsample': 0.5157713937926085, 'colsample_bytree': 0.8393849072081716, 'colsample_bylevel': 0.9617977333873295, 'reg_alpha': 3.195100749987084, 'reg_lambda': 9.46173383069313, 'gamma': 0.04907072493034044, 'min_child_weight': 14}. Best is trial 2210 with value: 2.986319055234564e-06.

[Trial 2309/5000] Starting at 07:22:54
  Lambdas: P=1.503, B=0.838, G=0.760
  XGBoost params: n_estimators=8917, max_depth=14
  Starting cross-validation...
  Trial 2297 MSE: 0.000005 | MAPE: 0.16% | R²: -0.314049
  Trial time: 33.1s
[I 2026-03-13 07:22:59,314] Trial 2297 finished with value: 5.076887518448612e-06 and parameters: {'lambda_P': 1.7412785620442812, 'lambda_B': 0.7729423845867367, 'lambda_G': 0.7793517270702539, 'n_estimators': 9211, 'max_depth': 11, 'learning_rate': 0.296951452597461, 'subsample': 0.8794692916546746, 'colsample_bytree': 0.4952242559325113, 'colsample_bylevel': 0.3945502622222373, 'reg_alpha': 1.8080740929795602, 'reg_lambda': 1.9774542223264076, 'gamma': 0.00019115813963255213, 'min_child_weight': 1}. Best is trial 2210 with value: 2.986319055234564e-06.

[Trial 2310/5000] Starting at 07:22:59
  Lambdas: P=1.210, B=0.537, G=0.613
  XGBoost params: n_estimators=8673, max_depth=7
  Starting cross-validation...
  Trial 2294 MSE: 0.000004 | MAPE: 0.16% | R²: -0.165199
  Trial time: 42.7s
[I 2026-03-13 07:23:00,517] Trial 2294 finished with value: 4.355059176002561e-06 and parameters: {'lambda_P': 1.5807644857001537, 'lambda_B': 0.6851625238076097, 'lambda_G': 0.5276307541221991, 'n_estimators': 8909, 'max_depth': 12, 'learning_rate': 0.4005174229015243, 'subsample': 0.6589094926845246, 'colsample_bytree': 0.5689214771072221, 'colsample_bylevel': 0.5552579521731953, 'reg_alpha': 0.580102864808414, 'reg_lambda': 1.5645083260297208, 'gamma': 0.00025950670537422404, 'min_child_weight': 5}. Best is trial 2210 with value: 2.986319055234564e-06.

[Trial 2311/5000] Starting at 07:23:00
  Lambdas: P=1.329, B=0.573, G=0.590
  XGBoost params: n_estimators=9033, max_depth=5
  Starting cross-validation...
  Trial 2296 MSE: 0.000005 | MAPE: 0.16% | R²: -0.314049
  Trial time: 40.5s
[I 2026-03-13 07:23:04,801] Trial 2296 finished with value: 5.076887518448612e-06 and parameters: {'lambda_P': 1.774286100698034, 'lambda_B': 0.518233608204263, 'lambda_G': 0.5017586517780582, 'n_estimators': 9253, 'max_depth': 12, 'learning_rate': 0.18784088785925832, 'subsample': 0.9659619945390654, 'colsample_bytree': 0.5743918836919482, 'colsample_bylevel': 0.4981544283076285, 'reg_alpha': 1.637803688210856, 'reg_lambda': 0.046761758532759545, 'gamma': 0.00030420719938075797, 'min_child_weight': 3}. Best is trial 2210 with value: 2.986319055234564e-06.

[Trial 2312/5000] Starting at 07:23:04
  Lambdas: P=1.808, B=1.170, G=1.837
  XGBoost params: n_estimators=7805, max_depth=12
  Starting cross-validation...
  Trial 2303 MSE: 0.000004 | MAPE: 0.15% | R²: -0.145890
  Trial time: 30.8s
[I 2026-03-13 07:23:07,524] Trial 2303 finished with value: 4.340190382609944e-06 and parameters: {'lambda_P': 1.2962551891062728, 'lambda_B': 0.7574605115693986, 'lambda_G': 0.5829160914391102, 'n_estimators': 6781, 'max_depth': 8, 'learning_rate': 0.32466408646837736, 'subsample': 0.9179463654800684, 'colsample_bytree': 0.5199225812562323, 'colsample_bylevel': 0.4782047106830194, 'reg_alpha': 0.8492636989751806, 'reg_lambda': 1.0908627855110795, 'gamma': 0.00015738205829062275, 'min_child_weight': 1}. Best is trial 2210 with value: 2.986319055234564e-06.

[Trial 2313/5000] Starting at 07:23:07
  Lambdas: P=1.897, B=0.777, G=0.845
  XGBoost params: n_estimators=8668, max_depth=2
  Starting cross-validation...
  Trial 2302 MSE: 0.000004 | MAPE: 0.15% | R²: -0.135267
  Trial time: 36.0s
[I 2026-03-13 07:23:10,742] Trial 2302 finished with value: 4.118596371858661e-06 and parameters: {'lambda_P': 1.3972151338628347, 'lambda_B': 0.5005666565210845, 'lambda_G': 0.6371128320977968, 'n_estimators': 7557, 'max_depth': 11, 'learning_rate': 0.2812924334631201, 'subsample': 0.7089195740211153, 'colsample_bytree': 0.4894052221442657, 'colsample_bylevel': 0.360059096994385, 'reg_alpha': 0.4391335104978118, 'reg_lambda': 2.026190381314848, 'gamma': 0.00020833852016616152, 'min_child_weight': 8}. Best is trial 2210 with value: 2.986319055234564e-06.

[Trial 2314/5000] Starting at 07:23:10
  Lambdas: P=0.774, B=1.261, G=0.608
  XGBoost params: n_estimators=4559, max_depth=10
  Starting cross-validation...
  Trial 2299 MSE: 0.000005 | MAPE: 0.16% | R²: -0.287083
  Trial time: 39.5s
[I 2026-03-13 07:23:11,780] Trial 2299 finished with value: 4.937194011714026e-06 and parameters: {'lambda_P': 1.505151113381144, 'lambda_B': 0.5693869713346609, 'lambda_G': 0.7529448981017893, 'n_estimators': 8455, 'max_depth': 10, 'learning_rate': 0.4223648137014102, 'subsample': 0.9285664515650018, 'colsample_bytree': 0.41522102206458744, 'colsample_bylevel': 0.46932489396057836, 'reg_alpha': 0.31145336185647343, 'reg_lambda': 1.891772140157027, 'gamma': 0.0029223000005548843, 'min_child_weight': 4}. Best is trial 2210 with value: 2.986319055234564e-06.

[Trial 2315/5000] Starting at 07:23:11
  Lambdas: P=1.419, B=1.991, G=1.536
  XGBoost params: n_estimators=8301, max_depth=16
  Starting cross-validation...
  Trial 2300 MSE: 0.000004 | MAPE: 0.15% | R²: -0.104653
  Trial time: 42.8s
[I 2026-03-13 07:23:15,334] Trial 2300 finished with value: 3.788226003341757e-06 and parameters: {'lambda_P': 1.7673060043078588, 'lambda_B': 0.7906911012712723, 'lambda_G': 0.5813173056689558, 'n_estimators': 8771, 'max_depth': 11, 'learning_rate': 0.31750334212711595, 'subsample': 0.763135260887076, 'colsample_bytree': 0.5912973331166558, 'colsample_bylevel': 0.4625885924583323, 'reg_alpha': 0.21945587479549414, 'reg_lambda': 0.2980687127953489, 'gamma': 0.0002280832638887565, 'min_child_weight': 3}. Best is trial 2210 with value: 2.986319055234564e-06.

[Trial 2316/5000] Starting at 07:23:15
  Trial 2301 MSE: 0.000004 | MAPE: 0.15% | R²: -0.084022
  Trial time: 41.3s
[I 2026-03-13 07:23:15,548] Trial 2301 finished with value: 3.955629859857335e-06 and parameters: {'lambda_P': 1.5657799531912988, 'lambda_B': 0.955005722241842, 'lambda_G': 0.5725431777111837, 'n_estimators': 8527, 'max_depth': 11, 'learning_rate': 0.11666495398919978, 'subsample': 0.9319789144680517, 'colsample_bytree': 0.43508278035701203, 'colsample_bylevel': 0.6477714038835264, 'reg_alpha': 0.40919475175327, 'reg_lambda': 0.5212619477220777, 'gamma': 0.00021200576296006535, 'min_child_weight': 1}. Best is trial 2210 with value: 2.986319055234564e-06.

[Trial 2317/5000] Starting at 07:23:15
  Lambdas: P=0.595, B=1.690, G=0.981
  XGBoost params: n_estimators=6928, max_depth=15
  Starting cross-validation...
  Lambdas: P=1.470, B=0.649, G=0.745
  XGBoost params: n_estimators=8519, max_depth=11
  Starting cross-validation...
  Trial 2298 MSE: 0.000004 | MAPE: 0.15% | R²: -0.105574
  Trial time: 49.2s
[I 2026-03-13 07:23:17,814] Trial 2298 finished with value: 3.818473614607846e-06 and parameters: {'lambda_P': 1.443876066989316, 'lambda_B': 0.5465028714903971, 'lambda_G': 0.7132740538973038, 'n_estimators': 9369, 'max_depth': 12, 'learning_rate': 0.43228912315487056, 'subsample': 0.741472235878815, 'colsample_bytree': 0.42187631040338924, 'colsample_bylevel': 0.4830101593159431, 'reg_alpha': 0.08149460576193021, 'reg_lambda': 0.7332445622368755, 'gamma': 0.00031912806768851024, 'min_child_weight': 10}. Best is trial 2210 with value: 2.986319055234564e-06.

[Trial 2318/5000] Starting at 07:23:17
  Lambdas: P=1.436, B=0.734, G=1.157
  XGBoost params: n_estimators=7900, max_depth=8
  Starting cross-validation...
  Trial 2306 MSE: 0.000005 | MAPE: 0.16% | R²: -0.209562
  Trial time: 31.6s
