[I 2026-03-13 07:12:32,238] Trial 2035 finished with value: 4.129536072483925e-06 and parameters: {'lambda_P': 1.6335179577072867, 'lambda_B': 1.0103124698634893, 'lambda_G': 1.7342185366638732, 'n_estimators': 6779, 'max_depth': 7, 'learning_rate': 0.0026444210342486374, 'subsample': 0.4581605034490075, 'colsample_bytree': 0.3031957011382715, 'colsample_bylevel': 0.3711830436407159, 'reg_alpha': 0.2976748290915276, 'reg_lambda': 9.343059254786837, 'gamma': 0.00013567843621590457, 'min_child_weight': 16}. Best is trial 1422 with value: 2.996031181594198e-06.

[Trial 2049/5000] Starting at 07:12:32
  Lambdas: P=1.966, B=0.783, G=1.450
  XGBoost params: n_estimators=5075, max_depth=5
  Starting cross-validation...
  Trial 2036 MSE: 0.000005 | MAPE: 0.16% | R²: -0.314049
  Trial time: 29.5s
[I 2026-03-13 07:12:33,850] Trial 2036 finished with value: 5.076887518448612e-06 and parameters: {'lambda_P': 1.7209466348172695, 'lambda_B': 0.6420540280742926, 'lambda_G': 1.3590988621326165, 'n_estimators': 6481, 'max_depth': 14, 'learning_rate': 0.006337284428903089, 'subsample': 0.9506423003005875, 'colsample_bytree': 0.8693636587751878, 'colsample_bylevel': 0.6056476058449529, 'reg_alpha': 9.284428982470764, 'reg_lambda': 1.5740471655377783, 'gamma': 0.0008104288707916327, 'min_child_weight': 19}. Best is trial 1422 with value: 2.996031181594198e-06.

[Trial 2050/5000] Starting at 07:12:33
  Lambdas: P=1.914, B=0.691, G=1.405
  XGBoost params: n_estimators=3247, max_depth=2
  Starting cross-validation...
  Trial 2038 MSE: 0.000004 | MAPE: 0.15% | R²: -0.124166
  Trial time: 23.8s
[I 2026-03-13 07:12:35,616] Trial 2038 finished with value: 4.298331207386779e-06 and parameters: {'lambda_P': 1.4997938130979505, 'lambda_B': 1.1990242167124872, 'lambda_G': 0.5628157926474948, 'n_estimators': 5107, 'max_depth': 2, 'learning_rate': 0.005434231285078458, 'subsample': 0.9612821316460308, 'colsample_bytree': 0.46728887256522594, 'colsample_bylevel': 0.8538469554446941, 'reg_alpha': 0.9270107775954813, 'reg_lambda': 7.008727011879871, 'gamma': 0.00010008319964156226, 'min_child_weight': 9}. Best is trial 1422 with value: 2.996031181594198e-06.

[Trial 2051/5000] Starting at 07:12:35
  Lambdas: P=1.969, B=0.832, G=1.720
  XGBoost params: n_estimators=6088, max_depth=5
  Starting cross-validation...
  Trial 2028 MSE: 0.000005 | MAPE: 0.16% | R²: -0.314049
  Trial time: 46.4s
[I 2026-03-13 07:12:37,524] Trial 2028 finished with value: 5.076887518448612e-06 and parameters: {'lambda_P': 1.9479939080092918, 'lambda_B': 0.6269004165892789, 'lambda_G': 0.6975568650603519, 'n_estimators': 9847, 'max_depth': 9, 'learning_rate': 0.005815417161758287, 'subsample': 0.8843432187429581, 'colsample_bytree': 0.3501956229598797, 'colsample_bylevel': 0.48738923931605754, 'reg_alpha': 1.77556690634581, 'reg_lambda': 7.100653992330457, 'gamma': 0.00015177073230710565, 'min_child_weight': 1}. Best is trial 1422 with value: 2.996031181594198e-06.

[Trial 2052/5000] Starting at 07:12:37
  Lambdas: P=1.977, B=1.041, G=1.647
  XGBoost params: n_estimators=7900, max_depth=4
  Starting cross-validation...
  Trial 2030 MSE: 0.000003 | MAPE: 0.13% | R²: 0.054278
  Trial time: 46.7s
[I 2026-03-13 07:12:39,113] Trial 2030 finished with value: 3.1802782903592547e-06 and parameters: {'lambda_P': 1.6404880388168388, 'lambda_B': 0.6253538820999236, 'lambda_G': 0.5163750424914055, 'n_estimators': 9069, 'max_depth': 7, 'learning_rate': 0.009144856223469083, 'subsample': 0.9110505938415129, 'colsample_bytree': 0.5386250497639586, 'colsample_bylevel': 0.446382531830697, 'reg_alpha': 0.05074289043079093, 'reg_lambda': 0.3394451639478113, 'gamma': 0.00013359134476375313, 'min_child_weight': 5}. Best is trial 1422 with value: 2.996031181594198e-06.

[Trial 2053/5000] Starting at 07:12:39
  Lambdas: P=1.732, B=0.947, G=1.706
  XGBoost params: n_estimators=9005, max_depth=10
  Starting cross-validation...
  Trial 2043 MSE: 0.000004 | MAPE: 0.16% | R²: -0.165731
  Trial time: 20.2s
[I 2026-03-13 07:12:40,342] Trial 2043 finished with value: 4.439505105448087e-06 and parameters: {'lambda_P': 0.5285425860518094, 'lambda_B': 1.4795222609842842, 'lambda_G': 1.092069131653194, 'n_estimators': 4503, 'max_depth': 15, 'learning_rate': 0.009015134244718314, 'subsample': 0.6239996784340988, 'colsample_bytree': 0.6066530764722222, 'colsample_bylevel': 0.6427867446020953, 'reg_alpha': 0.6254562146227173, 'reg_lambda': 3.774432839815118, 'gamma': 0.00012350369496685467, 'min_child_weight': 7}. Best is trial 1422 with value: 2.996031181594198e-06.

[Trial 2054/5000] Starting at 07:12:40
  Lambdas: P=1.333, B=0.520, G=0.596
  XGBoost params: n_estimators=8767, max_depth=3
  Starting cross-validation...
  Trial 2041 MSE: 0.000005 | MAPE: 0.16% | R²: -0.263685
  Trial time: 29.0s
[I 2026-03-13 07:12:44,423] Trial 2041 finished with value: 4.841128664887304e-06 and parameters: {'lambda_P': 0.8061751127798145, 'lambda_B': 1.5948174388726302, 'lambda_G': 1.1482318190611651, 'n_estimators': 5916, 'max_depth': 13, 'learning_rate': 0.027188989379314455, 'subsample': 0.6618908028884903, 'colsample_bytree': 0.5975961449510212, 'colsample_bylevel': 0.3678114135912963, 'reg_alpha': 0.2757784373842178, 'reg_lambda': 3.050960080995857, 'gamma': 0.0014520278929568732, 'min_child_weight': 2}. Best is trial 1422 with value: 2.996031181594198e-06.

[Trial 2055/5000] Starting at 07:12:44
  Lambdas: P=1.862, B=0.622, G=0.501
  XGBoost params: n_estimators=8245, max_depth=11
  Starting cross-validation...
  Trial 2040 MSE: 0.000005 | MAPE: 0.16% | R²: -0.213349
  Trial time: 32.2s
[I 2026-03-13 07:12:45,240] Trial 2040 finished with value: 4.66105708361673e-06 and parameters: {'lambda_P': 1.7466952609251787, 'lambda_B': 0.9710470841444903, 'lambda_G': 1.5405550909830492, 'n_estimators': 7376, 'max_depth': 3, 'learning_rate': 0.020181035318995684, 'subsample': 0.6893770508117132, 'colsample_bytree': 0.30102467533154176, 'colsample_bylevel': 0.43207400276432184, 'reg_alpha': 0.6044985261476571, 'reg_lambda': 8.089474410376965, 'gamma': 0.000410109556496731, 'min_child_weight': 20}. Best is trial 1422 with value: 2.996031181594198e-06.

[Trial 2056/5000] Starting at 07:12:45
  Lambdas: P=1.763, B=0.523, G=0.904
  XGBoost params: n_estimators=3013, max_depth=6
  Starting cross-validation...
  Trial 2047 MSE: 0.000004 | MAPE: 0.16% | R²: -0.183305
  Trial time: 18.1s
[I 2026-03-13 07:12:48,486] Trial 2047 finished with value: 4.435937052437345e-06 and parameters: {'lambda_P': 1.6647493616818618, 'lambda_B': 0.8853437837064569, 'lambda_G': 1.3635094457759376, 'n_estimators': 3904, 'max_depth': 5, 'learning_rate': 0.022063750936305457, 'subsample': 0.6434922829793654, 'colsample_bytree': 0.4261323346170726, 'colsample_bylevel': 0.3086749487530436, 'reg_alpha': 0.11964434424095466, 'reg_lambda': 6.623377217038718, 'gamma': 0.001168878351170763, 'min_child_weight': 10}. Best is trial 1422 with value: 2.996031181594198e-06.

[Trial 2057/5000] Starting at 07:12:48
  Lambdas: P=1.804, B=0.571, G=0.586
  XGBoost params: n_estimators=7694, max_depth=9
  Starting cross-validation...
  Trial 2049 MSE: 0.000005 | MAPE: 0.16% | R²: -0.244896
  Trial time: 16.4s
[I 2026-03-13 07:12:50,439] Trial 2049 finished with value: 4.779396333314798e-06 and parameters: {'lambda_P': 1.913683324484124, 'lambda_B': 0.6912602081829364, 'lambda_G': 1.4048832353756404, 'n_estimators': 3247, 'max_depth': 2, 'learning_rate': 0.06726816804040361, 'subsample': 0.7447270741058454, 'colsample_bytree': 0.33984880707088094, 'colsample_bylevel': 0.5360753057435473, 'reg_alpha': 0.720767032021606, 'reg_lambda': 4.931670208830441, 'gamma': 0.00038738498590134077, 'min_child_weight': 17}. Best is trial 1422 with value: 2.996031181594198e-06.

[Trial 2058/5000] Starting at 07:12:50
  Lambdas: P=1.332, B=0.579, G=1.917
  XGBoost params: n_estimators=9423, max_depth=9
  Starting cross-validation...
  Trial 2037 MSE: 0.000004 | MAPE: 0.15% | R²: -0.145339
  Trial time: 41.4s
[I 2026-03-13 07:12:51,439] Trial 2037 finished with value: 4.2884612169060445e-06 and parameters: {'lambda_P': 1.8512285680532221, 'lambda_B': 1.8853791384433694, 'lambda_G': 1.1031259725466322, 'n_estimators': 8818, 'max_depth': 14, 'learning_rate': 0.006976538964118985, 'subsample': 0.9279982602586693, 'colsample_bytree': 0.7721801440914751, 'colsample_bylevel': 0.6870351189748033, 'reg_alpha': 0.5979744837578174, 'reg_lambda': 0.297725796562778, 'gamma': 0.00036834020722334464, 'min_child_weight': 5}. Best is trial 1422 with value: 2.996031181594198e-06.

[Trial 2059/5000] Starting at 07:12:51
  Lambdas: P=1.921, B=0.575, G=0.537
  XGBoost params: n_estimators=8350, max_depth=7
  Starting cross-validation...
  Trial 2045 MSE: 0.000004 | MAPE: 0.14% | R²: -0.015896
  Trial time: 27.3s
[I 2026-03-13 07:12:52,908] Trial 2045 finished with value: 3.559883053656457e-06 and parameters: {'lambda_P': 1.4376364348331832, 'lambda_B': 0.5055517053838875, 'lambda_G': 1.5465331549477856, 'n_estimators': 6710, 'max_depth': 10, 'learning_rate': 0.04557995779532284, 'subsample': 0.6263343034954824, 'colsample_bytree': 0.3277726651210089, 'colsample_bylevel': 0.49119704764353156, 'reg_alpha': 0.18729769027390586, 'reg_lambda': 3.5633956830925575, 'gamma': 0.00014326109047350317, 'min_child_weight': 18}. Best is trial 1422 with value: 2.996031181594198e-06.

[Trial 2060/5000] Starting at 07:12:53
  Trial 2048 MSE: 0.000005 | MAPE: 0.16% | R²: -0.224259
  Trial time: 20.8s
[I 2026-03-13 07:12:53,253] Trial 2048 finished with value: 4.773519938107232e-06 and parameters: {'lambda_P': 1.9659144838665277, 'lambda_B': 0.782768084259196, 'lambda_G': 1.450037951237243, 'n_estimators': 5075, 'max_depth': 5, 'learning_rate': 0.02087654927450684, 'subsample': 0.5946967578766205, 'colsample_bytree': 0.34837003311473314, 'colsample_bylevel': 0.3104681498557724, 'reg_alpha': 0.7490595362655479, 'reg_lambda': 5.576837756011336, 'gamma': 0.00011009418197613801, 'min_child_weight': 17}. Best is trial 1422 with value: 2.996031181594198e-06.

[Trial 2061/5000] Starting at 07:12:53
  Lambdas: P=1.852, B=0.781, G=0.850
  XGBoost params: n_estimators=8355, max_depth=9
  Starting cross-validation...
  Lambdas: P=1.475, B=0.710, G=1.877
  XGBoost params: n_estimators=3116, max_depth=2
  Starting cross-validation...
  Trial 2042 MSE: 0.000005 | MAPE: 0.16% | R²: -0.221055
  Trial time: 38.6s
[I 2026-03-13 07:12:57,785] Trial 2042 finished with value: 4.732435945172048e-06 and parameters: {'lambda_P': 1.9931415192946813, 'lambda_B': 1.191864406416932, 'lambda_G': 1.849873030783107, 'n_estimators': 7999, 'max_depth': 2, 'learning_rate': 0.023063562296906273, 'subsample': 0.6213091512034838, 'colsample_bytree': 0.3489595842404369, 'colsample_bylevel': 0.31581360723919416, 'reg_alpha': 0.7165879651983271, 'reg_lambda': 8.640621307183899, 'gamma': 0.00016030356932182453, 'min_child_weight': 19}. Best is trial 1422 with value: 2.996031181594198e-06.

[Trial 2062/5000] Starting at 07:12:57
  Lambdas: P=1.775, B=0.593, G=1.521
  XGBoost params: n_estimators=6970, max_depth=7
  Starting cross-validation...
  Trial 2055 MSE: 0.000005 | MAPE: 0.16% | R²: -0.193397
  Trial time: 15.4s
[I 2026-03-13 07:13:00,865] Trial 2055 finished with value: 4.607362050014426e-06 and parameters: {'lambda_P': 1.763264128446767, 'lambda_B': 0.5232674057578338, 'lambda_G': 0.9040755908165334, 'n_estimators': 3013, 'max_depth': 6, 'learning_rate': 0.018663212596084302, 'subsample': 0.6766869759936539, 'colsample_bytree': 0.3463287547043942, 'colsample_bylevel': 0.42062027434604543, 'reg_alpha': 0.7712766790590384, 'reg_lambda': 5.792462136306304, 'gamma': 0.00010994543113436693, 'min_child_weight': 15}. Best is trial 1422 with value: 2.996031181594198e-06.

[Trial 2063/5000] Starting at 07:13:00
  Lambdas: P=1.901, B=1.081, G=1.510
  XGBoost params: n_estimators=2391, max_depth=9
  Starting cross-validation...
  Trial 2044 MSE: 0.000004 | MAPE: 0.14% | R²: -0.039258
  Trial time: 39.7s
[I 2026-03-13 07:13:04,960] Trial 2044 finished with value: 3.6787516487733184e-06 and parameters: {'lambda_P': 1.4027969311414572, 'lambda_B': 0.8086217155390043, 'lambda_G': 1.4365313774061799, 'n_estimators': 8100, 'max_depth': 5, 'learning_rate': 0.042158585620102496, 'subsample': 0.6928838826405364, 'colsample_bytree': 0.3384148502976555, 'colsample_bylevel': 0.36507099507414575, 'reg_alpha': 0.3392482522145375, 'reg_lambda': 7.038710278217654, 'gamma': 0.00011166794974902266, 'min_child_weight': 14}. Best is trial 1422 with value: 2.996031181594198e-06.

[Trial 2064/5000] Starting at 07:13:05
  Lambdas: P=1.902, B=0.594, G=0.555
  XGBoost params: n_estimators=9472, max_depth=11
  Starting cross-validation...
  Trial 2046 MSE: 0.000004 | MAPE: 0.15% | R²: -0.123572
  Trial time: 37.1s
[I 2026-03-13 07:13:06,628] Trial 2046 finished with value: 4.122961987122089e-06 and parameters: {'lambda_P': 1.358250813413461, 'lambda_B': 0.9095007987556364, 'lambda_G': 1.611435691098976, 'n_estimators': 7573, 'max_depth': 7, 'learning_rate': 0.07722318628413324, 'subsample': 0.6210038807092672, 'colsample_bytree': 0.44194874148521973, 'colsample_bylevel': 0.46704084301231386, 'reg_alpha': 0.3927569906334217, 'reg_lambda': 6.739876118641366, 'gamma': 0.00020219270227690302, 'min_child_weight': 14}. Best is trial 1422 with value: 2.996031181594198e-06.

[Trial 2065/5000] Starting at 07:13:06
  Trial 2050 MSE: 0.000004 | MAPE: 0.16% | R²: -0.211254
  Trial time: 31.0s
[I 2026-03-13 07:13:06,809] Trial 2050 finished with value: 4.471782939696908e-06 and parameters: {'lambda_P': 1.968543072457572, 'lambda_B': 0.831820062801659, 'lambda_G': 1.720097148080566, 'n_estimators': 6088, 'max_depth': 5, 'learning_rate': 0.12085843408937898, 'subsample': 0.7943581497601045, 'colsample_bytree': 0.6666031174066821, 'colsample_bylevel': 0.30344272113783616, 'reg_alpha': 0.43616391812403493, 'reg_lambda': 6.733123089011881, 'gamma': 0.0006519025809354634, 'min_child_weight': 9}. Best is trial 1422 with value: 2.996031181594198e-06.

[Trial 2066/5000] Starting at 07:13:06
  Lambdas: P=1.579, B=0.956, G=1.290
  Lambdas: P=1.993, B=0.637, G=0.589
  XGBoost params: n_estimators=8592, max_depth=12
  Starting cross-validation...
  XGBoost params: n_estimators=9455, max_depth=7
  Starting cross-validation...
  Trial 2060 MSE: 0.000005 | MAPE: 0.16% | R²: -0.314049
  Trial time: 14.5s
[I 2026-03-13 07:13:08,022] Trial 2060 finished with value: 5.076887518448612e-06 and parameters: {'lambda_P': 1.4752212076764442, 'lambda_B': 0.7100361888499166, 'lambda_G': 1.8767011955788409, 'n_estimators': 3116, 'max_depth': 2, 'learning_rate': 0.010590547036015894, 'subsample': 0.6822363545040274, 'colsample_bytree': 0.36513601735471063, 'colsample_bylevel': 0.31866391210948114, 'reg_alpha': 2.004462912639031, 'reg_lambda': 7.444339325806354, 'gamma': 0.00016964822842316607, 'min_child_weight': 13}. Best is trial 1422 with value: 2.996031181594198e-06.

[Trial 2067/5000] Starting at 07:13:08
  Lambdas: P=1.654, B=1.051, G=0.610
  XGBoost params: n_estimators=8896, max_depth=4
  Starting cross-validation...
  Trial 2062 MSE: 0.000004 | MAPE: 0.15% | R²: -0.138117
  Trial time: 11.7s
[I 2026-03-13 07:13:12,776] Trial 2062 finished with value: 4.249542878538301e-06 and parameters: {'lambda_P': 1.900905225684081, 'lambda_B': 1.0813714429414758, 'lambda_G': 1.5101012972323191, 'n_estimators': 2391, 'max_depth': 9, 'learning_rate': 0.07051205135621974, 'subsample': 0.6910995237416504, 'colsample_bytree': 0.47389055813148295, 'colsample_bylevel': 0.5026386057389739, 'reg_alpha': 0.42472603900293543, 'reg_lambda': 6.8065830917998955, 'gamma': 0.000332240565122045, 'min_child_weight': 19}. Best is trial 1422 with value: 2.996031181594198e-06.

[Trial 2068/5000] Starting at 07:13:12
  Lambdas: P=1.923, B=0.886, G=1.617
  XGBoost params: n_estimators=3709, max_depth=7
  Starting cross-validation...
  Trial 2051 MSE: 0.000005 | MAPE: 0.16% | R²: -0.314049
  Trial time: 39.8s
[I 2026-03-13 07:13:17,523] Trial 2051 finished with value: 5.076887518448612e-06 and parameters: {'lambda_P': 1.9774297224373825, 'lambda_B': 1.0409784615023305, 'lambda_G': 1.6468992986688813, 'n_estimators': 7900, 'max_depth': 4, 'learning_rate': 0.022513866584142023, 'subsample': 0.6500081982826186, 'colsample_bytree': 0.5032922846681495, 'colsample_bylevel': 0.4194967030613917, 'reg_alpha': 1.7252944322108144, 'reg_lambda': 2.395674058583091, 'gamma': 0.0001263487763241405, 'min_child_weight': 14}. Best is trial 1422 with value: 2.996031181594198e-06.

[Trial 2069/5000] Starting at 07:13:17
  Lambdas: P=1.598, B=0.518, G=1.378
  XGBoost params: n_estimators=7758, max_depth=14
  Starting cross-validation...
  Trial 2052 MSE: 0.000004 | MAPE: 0.15% | R²: -0.122599
  Trial time: 44.6s
[I 2026-03-13 07:13:23,953] Trial 2052 finished with value: 4.209915171819662e-06 and parameters: {'lambda_P': 1.731580314433107, 'lambda_B': 0.9472514311378245, 'lambda_G': 1.7057858943141395, 'n_estimators': 9005, 'max_depth': 10, 'learning_rate': 0.019332898560143225, 'subsample': 0.8393412789111002, 'colsample_bytree': 0.39597889390121654, 'colsample_bylevel': 0.44565890401838104, 'reg_alpha': 0.6913326474005933, 'reg_lambda': 5.5275311580408655, 'gamma': 0.0001246541007789733, 'min_child_weight': 14}. Best is trial 1422 with value: 2.996031181594198e-06.

[Trial 2070/5000] Starting at 07:13:24
  Lambdas: P=1.801, B=0.761, G=1.444
  XGBoost params: n_estimators=6582, max_depth=7
  Starting cross-validation...
  Trial 2056 MSE: 0.000004 | MAPE: 0.15% | R²: -0.159677
  Trial time: 36.4s
[I 2026-03-13 07:13:25,154] Trial 2056 finished with value: 4.428410764255523e-06 and parameters: {'lambda_P': 1.8041148904414501, 'lambda_B': 0.5712845456273917, 'lambda_G': 0.5856678541326216, 'n_estimators': 7694, 'max_depth': 9, 'learning_rate': 0.02342370744232499, 'subsample': 0.6680864913299318, 'colsample_bytree': 0.4188009193689883, 'colsample_bylevel': 0.5282118717787604, 'reg_alpha': 0.6921081287620398, 'reg_lambda': 1.9185286947317923, 'gamma': 0.00011024720490505579, 'min_child_weight': 4}. Best is trial 1422 with value: 2.996031181594198e-06.

[Trial 2071/5000] Starting at 07:13:25
  Trial 2053 MSE: 0.000004 | MAPE: 0.14% | R²: -0.058400
  Trial time: 44.8s
[I 2026-03-13 07:13:25,356] Trial 2053 finished with value: 3.7756873329534867e-06 and parameters: {'lambda_P': 1.332922826794885, 'lambda_B': 0.5201385573113849, 'lambda_G': 0.5955798123341052, 'n_estimators': 8767, 'max_depth': 3, 'learning_rate': 0.01027265753727742, 'subsample': 0.828526425689225, 'colsample_bytree': 0.5232728598069557, 'colsample_bylevel': 0.34097431906472575, 'reg_alpha': 0.29997226892644874, 'reg_lambda': 0.7062209341342114, 'gamma': 0.0002680827590207725, 'min_child_weight': 4}. Best is trial 1422 with value: 2.996031181594198e-06.

[Trial 2072/5000] Starting at 07:13:25
  Lambdas: P=1.876, B=0.811, G=1.819
  Lambdas: P=1.837, B=0.755, G=0.937
  XGBoost params: n_estimators=2021, max_depth=7
  Starting cross-validation...
  XGBoost params: n_estimators=9398, max_depth=7
  Starting cross-validation...
  Trial 2054 MSE: 0.000005 | MAPE: 0.16% | R²: -0.218024
  Trial time: 43.2s
[I 2026-03-13 07:13:27,853] Trial 2054 finished with value: 4.6429063858035054e-06 and parameters: {'lambda_P': 1.8623173104482933, 'lambda_B': 0.6217544657133036, 'lambda_G': 0.5012776374084577, 'n_estimators': 8245, 'max_depth': 11, 'learning_rate': 0.007531175145211159, 'subsample': 0.9932107836606466, 'colsample_bytree': 0.602158163617839, 'colsample_bylevel': 0.5539596076347937, 'reg_alpha': 0.3542213632158353, 'reg_lambda': 0.7723445579659842, 'gamma': 0.0015715060126094474, 'min_child_weight': 4}. Best is trial 1422 with value: 2.996031181594198e-06.

[Trial 2073/5000] Starting at 07:13:27
  Lambdas: P=1.475, B=0.785, G=0.751
  XGBoost params: n_estimators=9218, max_depth=5
  Starting cross-validation...
  Trial 2059 MSE: 0.000005 | MAPE: 0.16% | R²: -0.238086
  Trial time: 35.6s
[I 2026-03-13 07:13:28,711] Trial 2059 finished with value: 4.7706571693098225e-06 and parameters: {'lambda_P': 1.8518219681604742, 'lambda_B': 0.7810739983461967, 'lambda_G': 0.8495335805221846, 'n_estimators': 8355, 'max_depth': 9, 'learning_rate': 0.04214093159060578, 'subsample': 0.8192557414622055, 'colsample_bytree': 0.4907777708237684, 'colsample_bylevel': 0.5601709192917116, 'reg_alpha': 0.6811141829359092, 'reg_lambda': 0.859903598345648, 'gamma': 0.0006259426555992791, 'min_child_weight': 8}. Best is trial 1422 with value: 2.996031181594198e-06.

[Trial 2074/5000] Starting at 07:13:28
  Lambdas: P=1.873, B=0.751, G=0.906
  XGBoost params: n_estimators=9726, max_depth=5
  Starting cross-validation...
  Trial 2067 MSE: 0.000004 | MAPE: 0.15% | R²: -0.123255
  Trial time: 17.8s
[I 2026-03-13 07:13:30,838] Trial 2067 finished with value: 4.2381257535085805e-06 and parameters: {'lambda_P': 1.923001731916629, 'lambda_B': 0.8863542543652767, 'lambda_G': 1.6166494400051261, 'n_estimators': 3709, 'max_depth': 7, 'learning_rate': 0.03419614283424337, 'subsample': 0.813356728648944, 'colsample_bytree': 0.35437783948842544, 'colsample_bylevel': 0.3169239078541266, 'reg_alpha': 0.6824835054904423, 'reg_lambda': 6.809826800894684, 'gamma': 0.00014897391522122975, 'min_child_weight': 18}. Best is trial 1422 with value: 2.996031181594198e-06.

[Trial 2075/5000] Starting at 07:13:30
  Lambdas: P=1.771, B=0.680, G=1.529
  XGBoost params: n_estimators=8033, max_depth=10
  Starting cross-validation...
  Trial 2061 MSE: 0.000005 | MAPE: 0.16% | R²: -0.314049
  Trial time: 34.6s
