[I 2026-03-13 06:25:23,125] Trial 526 finished with value: 5.076887518448612e-06 and parameters: {'lambda_P': 1.2424406380518567, 'lambda_B': 0.961465652747127, 'lambda_G': 1.0295755453104694, 'n_estimators': 7923, 'max_depth': 7, 'learning_rate': 0.001260553102286178, 'subsample': 0.7801184009260178, 'colsample_bytree': 0.5654394132179306, 'colsample_bylevel': 0.9339318346399902, 'reg_alpha': 2.055387507278725, 'reg_lambda': 0.26510497740538297, 'gamma': 0.00014133348722988407, 'min_child_weight': 13}. Best is trial 413 with value: 3.3629712059134554e-06.

[Trial 541/5000] Starting at 06:25:23
  Lambdas: P=0.901, B=1.263, G=1.547
  XGBoost params: n_estimators=5842, max_depth=14
  Starting cross-validation...
  Lambdas: P=0.734, B=1.824, G=1.229
  XGBoost params: n_estimators=8127, max_depth=7
  Starting cross-validation...
  Trial 528 MSE: 0.000005 | MAPE: 0.16% | R²: -0.314049
  Trial time: 32.3s
[I 2026-03-13 06:25:25,267] Trial 528 finished with value: 5.076887518448612e-06 and parameters: {'lambda_P': 1.4242950160763073, 'lambda_B': 0.6245247931217914, 'lambda_G': 0.7005769079029702, 'n_estimators': 7509, 'max_depth': 10, 'learning_rate': 0.0015866498191843509, 'subsample': 0.822290543191463, 'colsample_bytree': 0.4596891909695558, 'colsample_bylevel': 0.9511838787369348, 'reg_alpha': 2.0738359709857535, 'reg_lambda': 0.5649987037576163, 'gamma': 0.0006617211885779855, 'min_child_weight': 12}. Best is trial 413 with value: 3.3629712059134554e-06.

[Trial 542/5000] Starting at 06:25:25
  Lambdas: P=0.921, B=1.767, G=1.205
  XGBoost params: n_estimators=6909, max_depth=7
  Starting cross-validation...
  Trial 524 MSE: 0.000005 | MAPE: 0.16% | R²: -0.314049
  Trial time: 42.5s
[I 2026-03-13 06:25:27,023] Trial 524 finished with value: 5.076887518448612e-06 and parameters: {'lambda_P': 1.5364359047250147, 'lambda_B': 0.8889595276567828, 'lambda_G': 0.823581479911057, 'n_estimators': 9845, 'max_depth': 11, 'learning_rate': 0.0028800846062758284, 'subsample': 0.7015631884594725, 'colsample_bytree': 0.5474043506431931, 'colsample_bylevel': 0.9227087305735462, 'reg_alpha': 1.2980672450470678, 'reg_lambda': 1.0887428991159451, 'gamma': 0.0001384009804580597, 'min_child_weight': 7}. Best is trial 413 with value: 3.3629712059134554e-06.

[Trial 543/5000] Starting at 06:25:27
  Lambdas: P=0.643, B=1.452, G=1.274
  XGBoost params: n_estimators=8003, max_depth=10
  Starting cross-validation...
  Trial 530 MSE: 0.000004 | MAPE: 0.16% | R²: -0.171395
  Trial time: 27.8s
[I 2026-03-13 06:25:28,569] Trial 530 finished with value: 4.4595186419418045e-06 and parameters: {'lambda_P': 0.5855999590755091, 'lambda_B': 1.5075849124597767, 'lambda_G': 1.0559925738911011, 'n_estimators': 6035, 'max_depth': 10, 'learning_rate': 0.12622704356311318, 'subsample': 0.7925478896268753, 'colsample_bytree': 0.4304400380066233, 'colsample_bylevel': 0.8501507447110423, 'reg_alpha': 0.7953860182151486, 'reg_lambda': 9.311933681152817, 'gamma': 0.00013504802335799905, 'min_child_weight': 19}. Best is trial 413 with value: 3.3629712059134554e-06.

[Trial 544/5000] Starting at 06:25:28
  Lambdas: P=0.821, B=1.337, G=1.492
  XGBoost params: n_estimators=6632, max_depth=3
  Starting cross-validation...
  Trial 531 MSE: 0.000004 | MAPE: 0.15% | R²: -0.153893
  Trial time: 28.3s
[I 2026-03-13 06:25:33,047] Trial 531 finished with value: 4.3532710552834215e-06 and parameters: {'lambda_P': 0.9771911647843314, 'lambda_B': 1.404816207517288, 'lambda_G': 1.265962527685719, 'n_estimators': 7727, 'max_depth': 9, 'learning_rate': 0.10562356732719608, 'subsample': 0.5991552021314119, 'colsample_bytree': 0.3665930661051253, 'colsample_bylevel': 0.7285412123487071, 'reg_alpha': 0.5774350581512909, 'reg_lambda': 7.126473387116041, 'gamma': 0.00011885031149282227, 'min_child_weight': 19}. Best is trial 413 with value: 3.3629712059134554e-06.

[Trial 545/5000] Starting at 06:25:33
  Lambdas: P=0.612, B=1.812, G=1.504
  XGBoost params: n_estimators=6302, max_depth=17
  Starting cross-validation...
  Trial 529 MSE: 0.000005 | MAPE: 0.16% | R²: -0.314049
  Trial time: 38.2s
[I 2026-03-13 06:25:38,136] Trial 529 finished with value: 5.076887518448612e-06 and parameters: {'lambda_P': 0.7579167762741903, 'lambda_B': 1.5967446667941412, 'lambda_G': 1.0579532454273792, 'n_estimators': 8740, 'max_depth': 8, 'learning_rate': 0.0307788644683615, 'subsample': 0.7288670414908494, 'colsample_bytree': 0.49306305559520097, 'colsample_bylevel': 0.6512636079272838, 'reg_alpha': 0.7921764885286471, 'reg_lambda': 5.632677161846795, 'gamma': 0.0015984643899846422, 'min_child_weight': 20}. Best is trial 413 with value: 3.3629712059134554e-06.

[Trial 546/5000] Starting at 06:25:38
  Lambdas: P=1.674, B=1.397, G=1.945
  XGBoost params: n_estimators=7415, max_depth=16
  Starting cross-validation...
  Trial 533 MSE: 0.000005 | MAPE: 0.16% | R²: -0.314049
  Trial time: 32.4s
[I 2026-03-13 06:25:44,728] Trial 533 finished with value: 5.076887518448612e-06 and parameters: {'lambda_P': 0.5408468580510821, 'lambda_B': 1.4301022090414446, 'lambda_G': 1.4246184020750168, 'n_estimators': 6922, 'max_depth': 8, 'learning_rate': 0.24111708736575768, 'subsample': 0.760070939805054, 'colsample_bytree': 0.448718037998628, 'colsample_bylevel': 0.6917892773306781, 'reg_alpha': 1.1751480991396783, 'reg_lambda': 7.393278025613523, 'gamma': 0.00033815461065223783, 'min_child_weight': 15}. Best is trial 413 with value: 3.3629712059134554e-06.

[Trial 547/5000] Starting at 06:25:44
  Lambdas: P=0.612, B=0.769, G=1.616
  XGBoost params: n_estimators=2327, max_depth=11
  Starting cross-validation...
  Trial 538 MSE: 0.000005 | MAPE: 0.16% | R²: -0.314049
  Trial time: 24.8s
[I 2026-03-13 06:25:45,485] Trial 538 finished with value: 5.076887518448612e-06 and parameters: {'lambda_P': 0.5980411783487009, 'lambda_B': 1.6929408382272624, 'lambda_G': 1.1164040648085654, 'n_estimators': 7398, 'max_depth': 14, 'learning_rate': 0.09415503401786295, 'subsample': 0.7006190138837184, 'colsample_bytree': 0.33324605980308036, 'colsample_bylevel': 0.6995700878701034, 'reg_alpha': 2.311903920863608, 'reg_lambda': 7.03436236540608, 'gamma': 0.00045410304443336457, 'min_child_weight': 20}. Best is trial 413 with value: 3.3629712059134554e-06.

[Trial 548/5000] Starting at 06:25:45
  Lambdas: P=0.702, B=0.802, G=1.529
  XGBoost params: n_estimators=2699, max_depth=9
  Starting cross-validation...
  Trial 532 MSE: 0.000004 | MAPE: 0.15% | R²: -0.060252
  Trial time: 40.3s
[I 2026-03-13 06:25:46,511] Trial 532 finished with value: 3.839174977197147e-06 and parameters: {'lambda_P': 1.1387551396155933, 'lambda_B': 0.9886877056144626, 'lambda_G': 1.5182471811578775, 'n_estimators': 8831, 'max_depth': 11, 'learning_rate': 0.0024244926891782434, 'subsample': 0.8848569581218226, 'colsample_bytree': 0.44524093498247785, 'colsample_bylevel': 0.955980247662887, 'reg_alpha': 0.3460579585004162, 'reg_lambda': 2.273571816508597, 'gamma': 0.00022437784134897651, 'min_child_weight': 12}. Best is trial 413 with value: 3.3629712059134554e-06.

[Trial 549/5000] Starting at 06:25:46
  Lambdas: P=1.050, B=0.916, G=1.877
  XGBoost params: n_estimators=8470, max_depth=10
  Starting cross-validation...
  Trial 535 MSE: 0.000005 | MAPE: 0.16% | R²: -0.175254
  Trial time: 33.4s
[I 2026-03-13 06:25:48,194] Trial 535 finished with value: 4.509140037246941e-06 and parameters: {'lambda_P': 0.6745250288188899, 'lambda_B': 1.9247878002534313, 'lambda_G': 1.8521344285250092, 'n_estimators': 6727, 'max_depth': 19, 'learning_rate': 0.0013252989917433196, 'subsample': 0.9128943684937498, 'colsample_bytree': 0.8326593782753666, 'colsample_bylevel': 0.5270816579053725, 'reg_alpha': 0.9224866887066466, 'reg_lambda': 7.117513994326953, 'gamma': 0.00016057676859373664, 'min_child_weight': 1}. Best is trial 413 with value: 3.3629712059134554e-06.

[Trial 550/5000] Starting at 06:25:48
  Lambdas: P=0.648, B=0.855, G=1.784
  XGBoost params: n_estimators=8600, max_depth=13
  Starting cross-validation...
  Trial 534 MSE: 0.000004 | MAPE: 0.15% | R²: -0.090292
  Trial time: 34.7s
[I 2026-03-13 06:25:48,869] Trial 534 finished with value: 3.939079168765444e-06 and parameters: {'lambda_P': 0.9256531413771993, 'lambda_B': 1.4952308503272835, 'lambda_G': 1.1957087110243887, 'n_estimators': 7458, 'max_depth': 8, 'learning_rate': 0.018347936140161874, 'subsample': 0.547902678616386, 'colsample_bytree': 0.49144772146965865, 'colsample_bylevel': 0.8567892919315757, 'reg_alpha': 0.14575597910160742, 'reg_lambda': 7.766107318513223, 'gamma': 0.00030088584103273074, 'min_child_weight': 19}. Best is trial 413 with value: 3.3629712059134554e-06.

[Trial 551/5000] Starting at 06:25:48
  Lambdas: P=1.652, B=1.827, G=1.854
  XGBoost params: n_estimators=8927, max_depth=16
  Starting cross-validation...
  Trial 539 MSE: 0.000005 | MAPE: 0.16% | R²: -0.314049
  Trial time: 27.1s
[I 2026-03-13 06:25:50,296] Trial 539 finished with value: 5.076887518448612e-06 and parameters: {'lambda_P': 0.901366493715504, 'lambda_B': 1.2631077405524294, 'lambda_G': 1.5465710931750294, 'n_estimators': 5842, 'max_depth': 14, 'learning_rate': 0.2515229524824868, 'subsample': 0.6688702956657598, 'colsample_bytree': 0.4755783035329397, 'colsample_bylevel': 0.8150873280293434, 'reg_alpha': 1.3573888017186546, 'reg_lambda': 8.654675044842955, 'gamma': 0.00012733222454875022, 'min_child_weight': 17}. Best is trial 413 with value: 3.3629712059134554e-06.

[Trial 552/5000] Starting at 06:25:50
  Trial 537 MSE: 0.000005 | MAPE: 0.16% | R²: -0.314049
  Trial time: 32.3s
[I 2026-03-13 06:25:50,461] Trial 537 finished with value: 5.076887518448612e-06 and parameters: {'lambda_P': 0.5534428798431866, 'lambda_B': 1.5056287797422832, 'lambda_G': 1.459026693957066, 'n_estimators': 6972, 'max_depth': 8, 'learning_rate': 0.030333963894148802, 'subsample': 0.8151118640849404, 'colsample_bytree': 0.33642987980303535, 'colsample_bylevel': 0.8111528578599649, 'reg_alpha': 1.9525545255812151, 'reg_lambda': 9.80132340754373, 'gamma': 0.0007052541260681097, 'min_child_weight': 19}. Best is trial 413 with value: 3.3629712059134554e-06.

[Trial 553/5000] Starting at 06:25:50
  Lambdas: P=0.817, B=1.114, G=1.841
  Lambdas: P=1.028, B=1.052, G=1.701
  XGBoost params: n_estimators=6892, max_depth=7
  Starting cross-validation...
  XGBoost params: n_estimators=9532, max_depth=13
  Starting cross-validation...
  Trial 543 MSE: 0.000005 | MAPE: 0.16% | R²: -0.305184
  Trial time: 26.4s
[I 2026-03-13 06:25:55,108] Trial 543 finished with value: 5.047320406213376e-06 and parameters: {'lambda_P': 0.8211695487262148, 'lambda_B': 1.3368519345288261, 'lambda_G': 1.4924470537595242, 'n_estimators': 6632, 'max_depth': 3, 'learning_rate': 0.001649249366544548, 'subsample': 0.9209123989935896, 'colsample_bytree': 0.4354733456510098, 'colsample_bylevel': 0.4170008628069326, 'reg_alpha': 0.4349290840508042, 'reg_lambda': 4.8616946944437895, 'gamma': 0.0026217214711587904, 'min_child_weight': 12}. Best is trial 413 with value: 3.3629712059134554e-06.

[Trial 554/5000] Starting at 06:25:55
  Lambdas: P=1.028, B=1.020, G=1.497
  XGBoost params: n_estimators=8907, max_depth=12
  Starting cross-validation...
  Trial 547 MSE: 0.000005 | MAPE: 0.16% | R²: -0.314049
  Trial time: 10.5s
[I 2026-03-13 06:25:56,219] Trial 547 finished with value: 5.076887518448612e-06 and parameters: {'lambda_P': 0.7017124093168928, 'lambda_B': 0.8018796712747607, 'lambda_G': 1.52902923048283, 'n_estimators': 2699, 'max_depth': 9, 'learning_rate': 0.005466881621686464, 'subsample': 0.6229069621112214, 'colsample_bytree': 0.4982842775231442, 'colsample_bylevel': 0.9240935839995981, 'reg_alpha': 2.8641285791823963, 'reg_lambda': 0.7275586924091455, 'gamma': 0.00015410453968221904, 'min_child_weight': 17}. Best is trial 413 with value: 3.3629712059134554e-06.

[Trial 555/5000] Starting at 06:25:56
  Lambdas: P=0.800, B=0.670, G=1.531
  XGBoost params: n_estimators=8255, max_depth=14
  Starting cross-validation...
  Trial 546 MSE: 0.000005 | MAPE: 0.16% | R²: -0.314049
  Trial time: 12.6s
[I 2026-03-13 06:25:57,518] Trial 546 finished with value: 5.076887518448612e-06 and parameters: {'lambda_P': 0.6120531165750994, 'lambda_B': 0.7686828450017908, 'lambda_G': 1.6162719968049772, 'n_estimators': 2327, 'max_depth': 11, 'learning_rate': 0.005650731617024576, 'subsample': 0.6399906177462471, 'colsample_bytree': 0.7256803544034706, 'colsample_bylevel': 0.9513850753496498, 'reg_alpha': 1.0898699731862036, 'reg_lambda': 0.5115096044675402, 'gamma': 0.0006603223711662959, 'min_child_weight': 17}. Best is trial 413 with value: 3.3629712059134554e-06.

[Trial 556/5000] Starting at 06:25:57
  Lambdas: P=0.995, B=0.721, G=1.846
  XGBoost params: n_estimators=9829, max_depth=11
  Starting cross-validation...
  Trial 541 MSE: 0.000005 | MAPE: 0.16% | R²: -0.314049
  Trial time: 32.9s
[I 2026-03-13 06:25:58,367] Trial 541 finished with value: 5.076887518448612e-06 and parameters: {'lambda_P': 0.9213306780704169, 'lambda_B': 1.7668080691859513, 'lambda_G': 1.2045537548908762, 'n_estimators': 6909, 'max_depth': 7, 'learning_rate': 0.24386468764303415, 'subsample': 0.5876163548854324, 'colsample_bytree': 0.4810872492308722, 'colsample_bylevel': 0.8103861438744231, 'reg_alpha': 2.818450722535922, 'reg_lambda': 8.3184658693725, 'gamma': 0.0003017652413745777, 'min_child_weight': 16}. Best is trial 413 with value: 3.3629712059134554e-06.

[Trial 557/5000] Starting at 06:25:58
  Lambdas: P=0.779, B=1.312, G=1.169
  XGBoost params: n_estimators=8892, max_depth=10
  Starting cross-validation...
  Trial 536 MSE: 0.000005 | MAPE: 0.16% | R²: -0.314049
  Trial time: 43.4s
[I 2026-03-13 06:26:00,503] Trial 536 finished with value: 5.076887518448612e-06 and parameters: {'lambda_P': 0.7067141746447195, 'lambda_B': 1.530955817135692, 'lambda_G': 1.4450087253903932, 'n_estimators': 9416, 'max_depth': 10, 'learning_rate': 0.11032385396574754, 'subsample': 0.5096218398892687, 'colsample_bytree': 0.3908915773984038, 'colsample_bylevel': 0.8346333523545184, 'reg_alpha': 2.7245381006294376, 'reg_lambda': 6.100660819399636, 'gamma': 0.000408568515513346, 'min_child_weight': 15}. Best is trial 413 with value: 3.3629712059134554e-06.

[Trial 558/5000] Starting at 06:26:00
  Lambdas: P=0.941, B=1.784, G=1.142
  XGBoost params: n_estimators=7478, max_depth=10
  Starting cross-validation...
  Trial 544 MSE: 0.000005 | MAPE: 0.16% | R²: -0.308026
  Trial time: 28.1s
[I 2026-03-13 06:26:01,324] Trial 544 finished with value: 5.061621998133843e-06 and parameters: {'lambda_P': 0.612261112878851, 'lambda_B': 1.812461622937954, 'lambda_G': 1.503798183412404, 'n_estimators': 6302, 'max_depth': 17, 'learning_rate': 0.0014016820943033304, 'subsample': 0.840484275858446, 'colsample_bytree': 0.9169084294775786, 'colsample_bylevel': 0.38413716833303047, 'reg_alpha': 1.1687210509050967, 'reg_lambda': 7.014767307406476, 'gamma': 0.00040696016306473163, 'min_child_weight': 7}. Best is trial 413 with value: 3.3629712059134554e-06.

[Trial 559/5000] Starting at 06:26:01
  Lambdas: P=0.974, B=1.444, G=1.041
  XGBoost params: n_estimators=7568, max_depth=11
  Starting cross-validation...
  Trial 540 MSE: 0.000004 | MAPE: 0.15% | R²: -0.106614
  Trial time: 38.8s
[I 2026-03-13 06:26:02,129] Trial 540 finished with value: 4.050645171564301e-06 and parameters: {'lambda_P': 0.7337522364513569, 'lambda_B': 1.8243869623363325, 'lambda_G': 1.2285167644417134, 'n_estimators': 8127, 'max_depth': 7, 'learning_rate': 0.002708725992778969, 'subsample': 0.6390994760642431, 'colsample_bytree': 0.3783446784795011, 'colsample_bylevel': 0.7164633753409877, 'reg_alpha': 0.29740682732274537, 'reg_lambda': 6.32460035764403, 'gamma': 0.00028057132458328014, 'min_child_weight': 18}. Best is trial 413 with value: 3.3629712059134554e-06.

[Trial 560/5000] Starting at 06:26:02
  Lambdas: P=0.669, B=1.474, G=1.084
  XGBoost params: n_estimators=6704, max_depth=7
  Starting cross-validation...
  Trial 542 MSE: 0.000005 | MAPE: 0.16% | R²: -0.195751
  Trial time: 37.1s
[I 2026-03-13 06:26:04,324] Trial 542 finished with value: 4.500676935057823e-06 and parameters: {'lambda_P': 0.6429439384694877, 'lambda_B': 1.4517302247721122, 'lambda_G': 1.2743823825799132, 'n_estimators': 8003, 'max_depth': 10, 'learning_rate': 0.13761169861880873, 'subsample': 0.6503565560158653, 'colsample_bytree': 0.4679679247390724, 'colsample_bylevel': 0.7769225789371188, 'reg_alpha': 0.5083479194068833, 'reg_lambda': 7.067679095117547, 'gamma': 0.00037288275859025604, 'min_child_weight': 19}. Best is trial 413 with value: 3.3629712059134554e-06.

[Trial 561/5000] Starting at 06:26:04
  Lambdas: P=0.975, B=1.073, G=1.403
  XGBoost params: n_estimators=9794, max_depth=11
  Starting cross-validation...
  Trial 545 MSE: 0.000005 | MAPE: 0.16% | R²: -0.314049
  Trial time: 34.1s
[I 2026-03-13 06:26:12,436] Trial 545 finished with value: 5.076887518448612e-06 and parameters: {'lambda_P': 1.6739648054658383, 'lambda_B': 1.3969574457337772, 'lambda_G': 1.9453334696810074, 'n_estimators': 7415, 'max_depth': 16, 'learning_rate': 0.3256472200866065, 'subsample': 0.7195495027658778, 'colsample_bytree': 0.4913997005142815, 'colsample_bylevel': 0.36731551483739583, 'reg_alpha': 2.7248277360289075, 'reg_lambda': 5.936460074724724, 'gamma': 0.003106654361482507, 'min_child_weight': 20}. Best is trial 413 with value: 3.3629712059134554e-06.

[Trial 562/5000] Starting at 06:26:12
  Lambdas: P=0.730, B=1.830, G=1.497
  XGBoost params: n_estimators=9917, max_depth=9
  Starting cross-validation...
  Trial 552 MSE: 0.000005 | MAPE: 0.16% | R²: -0.314049
  Trial time: 29.1s
[I 2026-03-13 06:26:19,737] Trial 552 finished with value: 5.076887518448612e-06 and parameters: {'lambda_P': 0.8165689453972027, 'lambda_B': 1.1135390067583655, 'lambda_G': 1.841212820460154, 'n_estimators': 6892, 'max_depth': 7, 'learning_rate': 0.0016453431233472676, 'subsample': 0.9970736331318052, 'colsample_bytree': 0.39868007556932294, 'colsample_bylevel': 0.9202683511960695, 'reg_alpha': 2.496550241058939, 'reg_lambda': 3.128138020886115, 'gamma': 0.00044564626262326386, 'min_child_weight': 16}. Best is trial 413 with value: 3.3629712059134554e-06.

[Trial 563/5000] Starting at 06:26:19
  Lambdas: P=1.360, B=1.512, G=1.565
  XGBoost params: n_estimators=6862, max_depth=4
  Starting cross-validation...
  Trial 548 MSE: 0.000005 | MAPE: 0.16% | R²: -0.314049
  Trial time: 37.8s
[I 2026-03-13 06:26:24,489] Trial 548 finished with value: 5.076887518448612e-06 and parameters: {'lambda_P': 1.0496770136344904, 'lambda_B': 0.9160405038459793, 'lambda_G': 1.8769079282614185, 'n_estimators': 8470, 'max_depth': 10, 'learning_rate': 0.005637750650708097, 'subsample': 0.9453413748171833, 'colsample_bytree': 0.49731070512231124, 'colsample_bylevel': 0.9210599880377263, 'reg_alpha': 2.4661051821097946, 'reg_lambda': 2.66663722256619, 'gamma': 0.00028584108618671944, 'min_child_weight': 10}. Best is trial 413 with value: 3.3629712059134554e-06.

[Trial 564/5000] Starting at 06:26:24
  Lambdas: P=0.825, B=1.785, G=1.684
  XGBoost params: n_estimators=3049, max_depth=8
  Starting cross-validation...
  Trial 550 MSE: 0.000005 | MAPE: 0.16% | R²: -0.314049
  Trial time: 38.0s
[I 2026-03-13 06:26:27,096] Trial 550 finished with value: 5.076887518448612e-06 and parameters: {'lambda_P': 1.651552148994545, 'lambda_B': 1.8267096755797336, 'lambda_G': 1.8544653439860121, 'n_estimators': 8927, 'max_depth': 16, 'learning_rate': 0.15873169872084977, 'subsample': 0.5268856232022886, 'colsample_bytree': 0.5167617972134947, 'colsample_bylevel': 0.40297057931618335, 'reg_alpha': 0.9573009433085315, 'reg_lambda': 6.407627324398806, 'gamma': 0.0009924976918851, 'min_child_weight': 19}. Best is trial 413 with value: 3.3629712059134554e-06.

[Trial 565/5000] Starting at 06:26:27
  Trial 554 MSE: 0.000004 | MAPE: 0.15% | R²: -0.105173
  Trial time: 30.9s
[I 2026-03-13 06:26:27,276] Trial 554 finished with value: 4.110022790157037e-06 and parameters: {'lambda_P': 0.8001461311836916, 'lambda_B': 0.6695807678022307, 'lambda_G': 1.5314748532300457, 'n_estimators': 8255, 'max_depth': 14, 'learning_rate': 0.003496206734020525, 'subsample': 0.8803995429946102, 'colsample_bytree': 0.5224457557400676, 'colsample_bylevel': 0.8278687747362765, 'reg_alpha': 0.6021180397107041, 'reg_lambda': 2.677607143260271, 'gamma': 0.0001721456054719692, 'min_child_weight': 12}. Best is trial 413 with value: 3.3629712059134554e-06.

[Trial 566/5000] Starting at 06:26:27
  Lambdas: P=0.960, B=1.967, G=0.952
  Lambdas: P=0.941, B=1.943, G=1.431
  XGBoost params: n_estimators=7412, max_depth=2
  Starting cross-validation...
  XGBoost params: n_estimators=9106, max_depth=9
  Starting cross-validation...
  Trial 549 MSE: 0.000004 | MAPE: 0.16% | R²: -0.171019
  Trial time: 40.1s
[I 2026-03-13 06:26:28,472] Trial 549 finished with value: 4.372261022169513e-06 and parameters: {'lambda_P': 0.6477323211461374, 'lambda_B': 0.8550199778327203, 'lambda_G': 1.783736417046194, 'n_estimators': 8600, 'max_depth': 13, 'learning_rate': 0.0021116176004183666, 'subsample': 0.7826212691772924, 'colsample_bytree': 0.3795208269212153, 'colsample_bylevel': 0.9709280087922597, 'reg_alpha': 0.20481906038562056, 'reg_lambda': 4.2220862762114, 'gamma': 0.0010164582563071867, 'min_child_weight': 13}. Best is trial 413 with value: 3.3629712059134554e-06.

[Trial 567/5000] Starting at 06:26:28
  Lambdas: P=0.727, B=0.820, G=1.419
  XGBoost params: n_estimators=9903, max_depth=16
  Starting cross-validation...
  Trial 557 MSE: 0.000005 | MAPE: 0.16% | R²: -0.314049
  Trial time: 29.2s
