[I 2026-03-13 06:47:01,658] Trial 1191 finished with value: 4.4106446056746885e-06 and parameters: {'lambda_P': 1.357094500458623, 'lambda_B': 1.0460422838146881, 'lambda_G': 0.6448699011724973, 'n_estimators': 6930, 'max_depth': 7, 'learning_rate': 0.032609665976550975, 'subsample': 0.8126380689111261, 'colsample_bytree': 0.3184254192313848, 'colsample_bylevel': 0.8898519810139766, 'reg_alpha': 0.8383110194567295, 'reg_lambda': 4.772310606345596, 'gamma': 0.00011117509017427751, 'min_child_weight': 3}. Best is trial 1130 with value: 3.2181299783521623e-06.

[Trial 1214/5000] Starting at 06:47:01
  Lambdas: P=0.960, B=1.876, G=0.713
  XGBoost params: n_estimators=3358, max_depth=16
  Starting cross-validation...
  Trial 1207 MSE: 0.000005 | MAPE: 0.16% | R²: -0.314049
  Trial time: 8.1s
[I 2026-03-13 06:47:02,607] Trial 1207 finished with value: 5.076887518448612e-06 and parameters: {'lambda_P': 1.1904030475429135, 'lambda_B': 1.419977644761768, 'lambda_G': 1.1321222747719568, 'n_estimators': 1283, 'max_depth': 4, 'learning_rate': 0.16304441213992218, 'subsample': 0.980571960597995, 'colsample_bytree': 0.37331823639389206, 'colsample_bylevel': 0.3147176865124034, 'reg_alpha': 2.056734660886539, 'reg_lambda': 8.335944420443626, 'gamma': 0.001423052723323038, 'min_child_weight': 20}. Best is trial 1130 with value: 3.2181299783521623e-06.

[Trial 1215/5000] Starting at 06:47:02
  Trial 1199 MSE: 0.000005 | MAPE: 0.16% | R²: -0.284249
  Trial time: 24.1s
[I 2026-03-13 06:47:02,955] Trial 1199 finished with value: 4.997768487937596e-06 and parameters: {'lambda_P': 1.7293431581319652, 'lambda_B': 1.6672848153427247, 'lambda_G': 0.7962319532170639, 'n_estimators': 4904, 'max_depth': 11, 'learning_rate': 0.0064115909370861986, 'subsample': 0.9813664849464563, 'colsample_bytree': 0.5813581126279694, 'colsample_bylevel': 0.771920440106127, 'reg_alpha': 1.3402164882992433, 'reg_lambda': 4.0747637759629685, 'gamma': 0.0002685773517794434, 'min_child_weight': 11}. Best is trial 1130 with value: 3.2181299783521623e-06.

[Trial 1216/5000] Starting at 06:47:03
  Lambdas: P=1.192, B=1.895, G=1.572
  XGBoost params: n_estimators=7256, max_depth=12
  Starting cross-validation...
  Lambdas: P=1.266, B=1.594, G=1.081
  XGBoost params: n_estimators=6837, max_depth=14
  Starting cross-validation...
  Trial 1187 MSE: 0.000005 | MAPE: 0.16% | R²: -0.314049
  Trial time: 46.1s
[I 2026-03-13 06:47:05,115] Trial 1187 finished with value: 5.076887518448612e-06 and parameters: {'lambda_P': 1.2463742397214979, 'lambda_B': 1.9327440703770915, 'lambda_G': 1.2980459535378428, 'n_estimators': 9926, 'max_depth': 9, 'learning_rate': 0.004674014465867245, 'subsample': 0.5893053900807133, 'colsample_bytree': 0.582698884660771, 'colsample_bylevel': 0.3625983388489438, 'reg_alpha': 1.643612036737249, 'reg_lambda': 4.734331414129512, 'gamma': 0.00017247714285295221, 'min_child_weight': 6}. Best is trial 1130 with value: 3.2181299783521623e-06.

[Trial 1217/5000] Starting at 06:47:05
  Lambdas: P=0.862, B=1.822, G=0.943
  XGBoost params: n_estimators=3425, max_depth=14
  Starting cross-validation...
  Trial 1201 MSE: 0.000004 | MAPE: 0.15% | R²: -0.102372
  Trial time: 24.2s
[I 2026-03-13 06:47:06,360] Trial 1201 finished with value: 4.011491221712663e-06 and parameters: {'lambda_P': 1.2837353475937165, 'lambda_B': 1.1603699855040066, 'lambda_G': 0.7526972423271542, 'n_estimators': 6595, 'max_depth': 10, 'learning_rate': 0.020200270825468086, 'subsample': 0.941175626619744, 'colsample_bytree': 0.43937176972476943, 'colsample_bylevel': 0.8467980665060021, 'reg_alpha': 0.2600796125379864, 'reg_lambda': 5.914612918082814, 'gamma': 0.000580685179337857, 'min_child_weight': 9}. Best is trial 1130 with value: 3.2181299783521623e-06.

[Trial 1218/5000] Starting at 06:47:06
  Lambdas: P=1.599, B=1.994, G=1.380
  XGBoost params: n_estimators=9453, max_depth=15
  Starting cross-validation...
  Trial 1212 MSE: 0.000004 | MAPE: 0.15% | R²: -0.086816
  Trial time: 7.1s
[I 2026-03-13 06:47:07,329] Trial 1212 finished with value: 3.863003733483848e-06 and parameters: {'lambda_P': 0.9371412245563213, 'lambda_B': 1.5772080787922171, 'lambda_G': 0.9771100573423197, 'n_estimators': 1274, 'max_depth': 4, 'learning_rate': 0.07510388241353011, 'subsample': 0.9278559388462814, 'colsample_bytree': 0.6947284675456165, 'colsample_bylevel': 0.3251523311570113, 'reg_alpha': 0.10969999303722575, 'reg_lambda': 9.86800686934684, 'gamma': 0.0005530070578578992, 'min_child_weight': 13}. Best is trial 1130 with value: 3.2181299783521623e-06.

[Trial 1219/5000] Starting at 06:47:07
  Lambdas: P=0.743, B=1.946, G=0.597
  XGBoost params: n_estimators=4545, max_depth=18
  Starting cross-validation...
  Trial 1210 MSE: 0.000004 | MAPE: 0.15% | R²: -0.126016
  Trial time: 13.1s
[I 2026-03-13 06:47:11,857] Trial 1210 finished with value: 4.203767711907496e-06 and parameters: {'lambda_P': 0.5288234085097283, 'lambda_B': 1.1159638542794048, 'lambda_G': 1.2505492909818132, 'n_estimators': 2442, 'max_depth': 4, 'learning_rate': 0.004890644849843223, 'subsample': 0.8869281296856223, 'colsample_bytree': 0.4919072968901764, 'colsample_bylevel': 0.39889624388407174, 'reg_alpha': 0.6323488748542878, 'reg_lambda': 9.394453515515792, 'gamma': 0.0002054228374808841, 'min_child_weight': 6}. Best is trial 1130 with value: 3.2181299783521623e-06.

[Trial 1220/5000] Starting at 06:47:11
  Lambdas: P=0.744, B=1.946, G=0.608
  XGBoost params: n_estimators=6249, max_depth=16
  Starting cross-validation...
  Trial 1194 MSE: 0.000005 | MAPE: 0.16% | R²: -0.314049
  Trial time: 42.7s
[I 2026-03-13 06:47:12,966] Trial 1194 finished with value: 5.076887518448612e-06 and parameters: {'lambda_P': 0.9999876968751387, 'lambda_B': 0.9480357459491294, 'lambda_G': 1.4052276011978486, 'n_estimators': 8822, 'max_depth': 13, 'learning_rate': 0.00122625574679739, 'subsample': 0.9489134514661862, 'colsample_bytree': 0.6175314127452605, 'colsample_bylevel': 0.4632403431756944, 'reg_alpha': 1.654563316086715, 'reg_lambda': 2.874266380651733, 'gamma': 0.0001138079021597774, 'min_child_weight': 2}. Best is trial 1130 with value: 3.2181299783521623e-06.

[Trial 1221/5000] Starting at 06:47:13
  Lambdas: P=0.974, B=0.546, G=1.087
  XGBoost params: n_estimators=9876, max_depth=4
  Starting cross-validation...
  Trial 1208 MSE: 0.000004 | MAPE: 0.15% | R²: -0.142587
  Trial time: 19.4s
[I 2026-03-13 06:47:14,966] Trial 1208 finished with value: 4.254539923813008e-06 and parameters: {'lambda_P': 1.676842871260237, 'lambda_B': 1.4849132260049522, 'lambda_G': 1.6294277262381653, 'n_estimators': 3810, 'max_depth': 14, 'learning_rate': 0.04069735552302593, 'subsample': 0.5202369886073273, 'colsample_bytree': 0.3091078951329284, 'colsample_bylevel': 0.3299679985112303, 'reg_alpha': 0.3495061076804843, 'reg_lambda': 5.211275747167117, 'gamma': 0.00022186068048271962, 'min_child_weight': 2}. Best is trial 1130 with value: 3.2181299783521623e-06.

[Trial 1222/5000] Starting at 06:47:15
  Lambdas: P=0.996, B=1.805, G=1.435
  XGBoost params: n_estimators=2397, max_depth=18
  Starting cross-validation...
  Trial 1203 MSE: 0.000005 | MAPE: 0.16% | R²: -0.235420
  Trial time: 31.2s
[I 2026-03-13 06:47:17,965] Trial 1203 finished with value: 4.756825711581593e-06 and parameters: {'lambda_P': 0.676097118652018, 'lambda_B': 1.8650140396247028, 'lambda_G': 0.6664644408406719, 'n_estimators': 6192, 'max_depth': 14, 'learning_rate': 0.006673773241581472, 'subsample': 0.612563756345302, 'colsample_bytree': 0.7621443754980785, 'colsample_bylevel': 0.33599821655377243, 'reg_alpha': 0.5233161772586512, 'reg_lambda': 7.400577391974596, 'gamma': 0.0004675811138336461, 'min_child_weight': 12}. Best is trial 1130 with value: 3.2181299783521623e-06.

[Trial 1223/5000] Starting at 06:47:18
  Lambdas: P=1.300, B=1.855, G=1.539
  XGBoost params: n_estimators=7774, max_depth=16
  Starting cross-validation...
  Trial 1213 MSE: 0.000005 | MAPE: 0.16% | R²: -0.314049
  Trial time: 16.8s
[I 2026-03-13 06:47:18,619] Trial 1213 finished with value: 5.076887518448612e-06 and parameters: {'lambda_P': 0.9603005613336381, 'lambda_B': 1.8761489808841023, 'lambda_G': 0.7131174446229319, 'n_estimators': 3358, 'max_depth': 16, 'learning_rate': 0.01437025974718775, 'subsample': 0.8033037375668646, 'colsample_bytree': 0.37877399147066126, 'colsample_bylevel': 0.5107886670013626, 'reg_alpha': 2.2569047581627566, 'reg_lambda': 3.781339018946288, 'gamma': 0.00011392579448479744, 'min_child_weight': 8}. Best is trial 1130 with value: 3.2181299783521623e-06.

[Trial 1224/5000] Starting at 06:47:18
  Lambdas: P=1.252, B=1.841, G=1.028
  XGBoost params: n_estimators=6483, max_depth=15
  Starting cross-validation...
  Trial 1216 MSE: 0.000005 | MAPE: 0.16% | R²: -0.314049
  Trial time: 14.8s
[I 2026-03-13 06:47:20,173] Trial 1216 finished with value: 5.076887518448612e-06 and parameters: {'lambda_P': 0.8623265620357341, 'lambda_B': 1.8222972681911407, 'lambda_G': 0.9429730466614996, 'n_estimators': 3425, 'max_depth': 14, 'learning_rate': 0.005050170569318302, 'subsample': 0.704032234767381, 'colsample_bytree': 0.8233968776135039, 'colsample_bylevel': 0.33777116785071076, 'reg_alpha': 1.779376851977239, 'reg_lambda': 6.406773425309363, 'gamma': 0.00019103951684092688, 'min_child_weight': 13}. Best is trial 1130 with value: 3.2181299783521623e-06.

[Trial 1225/5000] Starting at 06:47:20
  Lambdas: P=0.601, B=1.826, G=0.639
  XGBoost params: n_estimators=7992, max_depth=20
  Starting cross-validation...
  Trial 1198 MSE: 0.000004 | MAPE: 0.15% | R²: -0.086139
  Trial time: 48.7s
[I 2026-03-13 06:47:25,905] Trial 1198 finished with value: 3.9689987394871145e-06 and parameters: {'lambda_P': 0.6444106601184364, 'lambda_B': 1.6659225255210535, 'lambda_G': 1.6148894538170648, 'n_estimators': 9462, 'max_depth': 17, 'learning_rate': 0.0010102804784743835, 'subsample': 0.5728326188656488, 'colsample_bytree': 0.4873734428948621, 'colsample_bylevel': 0.8224162947373632, 'reg_alpha': 0.28707173304133693, 'reg_lambda': 1.3672291197711486, 'gamma': 0.000170300879552267, 'min_child_weight': 20}. Best is trial 1130 with value: 3.2181299783521623e-06.

[Trial 1226/5000] Starting at 06:47:25
  Trial 1221 MSE: 0.000005 | MAPE: 0.16% | R²: -0.254643
  Trial time: 11.1s
[I 2026-03-13 06:47:26,202] Trial 1221 finished with value: 4.907546292674959e-06 and parameters: {'lambda_P': 0.9963651342261457, 'lambda_B': 1.8050747887166902, 'lambda_G': 1.434583340348859, 'n_estimators': 2397, 'max_depth': 18, 'learning_rate': 0.002542836604540997, 'subsample': 0.9563769794956867, 'colsample_bytree': 0.8049495696815574, 'colsample_bylevel': 0.8048161399347394, 'reg_alpha': 1.223640063615006, 'reg_lambda': 6.641862732603622, 'gamma': 0.00017104308834919025, 'min_child_weight': 8}. Best is trial 1130 with value: 3.2181299783521623e-06.

[Trial 1227/5000] Starting at 06:47:26
  Lambdas: P=1.424, B=1.372, G=0.612
  XGBoost params: n_estimators=346, max_depth=4
  Starting cross-validation...
  Lambdas: P=1.118, B=1.932, G=1.101
  XGBoost params: n_estimators=8930, max_depth=14
  Starting cross-validation...
  Trial 1225 MSE: 0.000005 | MAPE: 0.16% | R²: -0.314049
  Trial time: 2.2s
[I 2026-03-13 06:47:28,290] Trial 1225 finished with value: 5.076887518448612e-06 and parameters: {'lambda_P': 1.4235492268528525, 'lambda_B': 1.3722690157715534, 'lambda_G': 0.6124547435120955, 'n_estimators': 346, 'max_depth': 4, 'learning_rate': 0.004356916244251007, 'subsample': 0.6888346295707417, 'colsample_bytree': 0.8298373299765545, 'colsample_bylevel': 0.42219707745928614, 'reg_alpha': 2.4984074074135387, 'reg_lambda': 9.926488360634963, 'gamma': 0.0001617384305549638, 'min_child_weight': 8}. Best is trial 1130 with value: 3.2181299783521623e-06.

[Trial 1228/5000] Starting at 06:47:28
  Lambdas: P=0.812, B=1.753, G=1.653
  XGBoost params: n_estimators=9755, max_depth=6
  Starting cross-validation...
  Trial 1218 MSE: 0.000004 | MAPE: 0.15% | R²: -0.120308
  Trial time: 21.6s
[I 2026-03-13 06:47:29,134] Trial 1218 finished with value: 4.191971641467692e-06 and parameters: {'lambda_P': 0.7431529816086959, 'lambda_B': 1.9456544346217939, 'lambda_G': 0.596799675384748, 'n_estimators': 4545, 'max_depth': 18, 'learning_rate': 0.0026312878650448395, 'subsample': 0.8204051281057296, 'colsample_bytree': 0.8370083158608176, 'colsample_bylevel': 0.35936101686393457, 'reg_alpha': 0.6575739689883927, 'reg_lambda': 7.546484510276825, 'gamma': 0.00011758758478275066, 'min_child_weight': 17}. Best is trial 1130 with value: 3.2181299783521623e-06.

[Trial 1229/5000] Starting at 06:47:29
  Lambdas: P=0.636, B=1.967, G=0.786
  XGBoost params: n_estimators=5892, max_depth=20
  Starting cross-validation...
  Trial 1209 MSE: 0.000003 | MAPE: 0.13% | R²: 0.093134
  Trial time: 34.8s
[I 2026-03-13 06:47:30,830] Trial 1209 finished with value: 3.0713123365890098e-06 and parameters: {'lambda_P': 1.2014568642891035, 'lambda_B': 1.7999112182667427, 'lambda_G': 1.2429761743188608, 'n_estimators': 6974, 'max_depth': 15, 'learning_rate': 0.0055056522880179894, 'subsample': 0.9089075401516822, 'colsample_bytree': 0.6811310090872467, 'colsample_bylevel': 0.3145675178306975, 'reg_alpha': 0.02052008140390497, 'reg_lambda': 0.8234294701306892, 'gamma': 0.00011305292165762754, 'min_child_weight': 1}. Best is trial 1209 with value: 3.0713123365890098e-06.

[NEW BEST] Trial 1209: 0.000003
Parameters: {'lambda_P': 1.2014568642891035, 'lambda_B': 1.7999112182667427, 'lambda_G': 1.2429761743188608, 'n_estimators': 6974, 'max_depth': 15, 'learning_rate': 0.0055056522880179894, 'subsample': 0.9089075401516822, 'colsample_bytree': 0.6811310090872467, 'colsample_bylevel': 0.3145675178306975, 'reg_alpha': 0.02052008140390497, 'reg_lambda': 0.8234294701306892, 'gamma': 0.00011305292165762754, 'min_child_weight': 1}


[Trial 1230/5000] Starting at 06:47:30
  Lambdas: P=1.959, B=1.361, G=0.655
  XGBoost params: n_estimators=1785, max_depth=11
  Starting cross-validation...
  Trial 1215 MSE: 0.000004 | MAPE: 0.15% | R²: -0.144924
  Trial time: 31.3s
[I 2026-03-13 06:47:34,475] Trial 1215 finished with value: 4.3467182000948476e-06 and parameters: {'lambda_P': 1.2656101332580392, 'lambda_B': 1.5940804116663558, 'lambda_G': 1.081013101030916, 'n_estimators': 6837, 'max_depth': 14, 'learning_rate': 0.002605022455226376, 'subsample': 0.9033522475054225, 'colsample_bytree': 0.4171285115824981, 'colsample_bylevel': 0.4716068107441531, 'reg_alpha': 0.8349391683524363, 'reg_lambda': 4.140343956536649, 'gamma': 0.0001281410761970785, 'min_child_weight': 4}. Best is trial 1209 with value: 3.0713123365890098e-06.

[Trial 1231/5000] Starting at 06:47:34
  Lambdas: P=1.077, B=1.787, G=1.199
  XGBoost params: n_estimators=6398, max_depth=13
  Starting cross-validation...
  Trial 1219 MSE: 0.000004 | MAPE: 0.15% | R²: -0.160869
  Trial time: 24.1s
[I 2026-03-13 06:47:36,117] Trial 1219 finished with value: 4.388894212547132e-06 and parameters: {'lambda_P': 0.7438479695273682, 'lambda_B': 1.9457375239536483, 'lambda_G': 0.6079722641767572, 'n_estimators': 6249, 'max_depth': 16, 'learning_rate': 0.0029248314060748406, 'subsample': 0.7455756840781562, 'colsample_bytree': 0.7854954369126915, 'colsample_bylevel': 0.30112846514507785, 'reg_alpha': 0.6179687236640363, 'reg_lambda': 7.066697940715003, 'gamma': 0.00021211534705063557, 'min_child_weight': 15}. Best is trial 1209 with value: 3.0713123365890098e-06.

[Trial 1232/5000] Starting at 06:47:36
  Lambdas: P=1.252, B=1.699, G=1.304
  XGBoost params: n_estimators=5611, max_depth=13
  Starting cross-validation...
  Trial 1214 MSE: 0.000004 | MAPE: 0.15% | R²: -0.184431
  Trial time: 35.2s
[I 2026-03-13 06:47:37,978] Trial 1214 finished with value: 4.335493829848407e-06 and parameters: {'lambda_P': 1.1922756004899346, 'lambda_B': 1.895425080972998, 'lambda_G': 1.5716478849709166, 'n_estimators': 7256, 'max_depth': 12, 'learning_rate': 0.043576235146089215, 'subsample': 0.9643933800765718, 'colsample_bytree': 0.6997618239782832, 'colsample_bylevel': 0.4622415750947635, 'reg_alpha': 0.4815253184726833, 'reg_lambda': 1.3683050570799948, 'gamma': 0.0005423696852890565, 'min_child_weight': 2}. Best is trial 1209 with value: 3.0713123365890098e-06.

[Trial 1233/5000] Starting at 06:47:38
  Lambdas: P=1.016, B=1.626, G=1.157
  XGBoost params: n_estimators=7336, max_depth=12
  Starting cross-validation...
  Trial 1205 MSE: 0.000004 | MAPE: 0.15% | R²: -0.164475
  Trial time: 44.5s
[I 2026-03-13 06:47:38,515] Trial 1205 finished with value: 4.3442592176448545e-06 and parameters: {'lambda_P': 1.6762147361911959, 'lambda_B': 1.2854643253118998, 'lambda_G': 0.6437096109079383, 'n_estimators': 8527, 'max_depth': 5, 'learning_rate': 0.01193653408140763, 'subsample': 0.9632879673790984, 'colsample_bytree': 0.34936610538932183, 'colsample_bylevel': 0.756499748328697, 'reg_alpha': 0.49466304788377546, 'reg_lambda': 6.236096060323261, 'gamma': 0.0006380473966197735, 'min_child_weight': 10}. Best is trial 1209 with value: 3.0713123365890098e-06.

[Trial 1234/5000] Starting at 06:47:38
  Lambdas: P=1.280, B=1.839, G=1.174
  XGBoost params: n_estimators=8501, max_depth=15
  Starting cross-validation...
  Trial 1229 MSE: 0.000005 | MAPE: 0.16% | R²: -0.222281
  Trial time: 8.7s
[I 2026-03-13 06:47:39,696] Trial 1229 finished with value: 4.53192898607091e-06 and parameters: {'lambda_P': 1.958952232377764, 'lambda_B': 1.3614849046716717, 'lambda_G': 0.6553570262134538, 'n_estimators': 1785, 'max_depth': 11, 'learning_rate': 0.0583803675794891, 'subsample': 0.850171104211567, 'colsample_bytree': 0.3491790325976559, 'colsample_bylevel': 0.5234340264262327, 'reg_alpha': 0.31662027809779203, 'reg_lambda': 6.059444858372808, 'gamma': 0.000982084934644174, 'min_child_weight': 6}. Best is trial 1209 with value: 3.0713123365890098e-06.

[Trial 1235/5000] Starting at 06:47:39
  Lambdas: P=0.881, B=1.782, G=1.211
  XGBoost params: n_estimators=5692, max_depth=14
  Starting cross-validation...
  Trial 1217 MSE: 0.000004 | MAPE: 0.14% | R²: -0.057793
  Trial time: 34.3s
[I 2026-03-13 06:47:40,876] Trial 1217 finished with value: 3.694502221586102e-06 and parameters: {'lambda_P': 1.5992119285687532, 'lambda_B': 1.9935792323426043, 'lambda_G': 1.3804483907968206, 'n_estimators': 9453, 'max_depth': 15, 'learning_rate': 0.012678607226123153, 'subsample': 0.8877427166885722, 'colsample_bytree': 0.4213753932917374, 'colsample_bylevel': 0.6149141346589797, 'reg_alpha': 0.1286375980656414, 'reg_lambda': 4.228757331644894, 'gamma': 0.0004848776893863024, 'min_child_weight': 1}. Best is trial 1209 with value: 3.0713123365890098e-06.

[Trial 1236/5000] Starting at 06:47:40
  Lambdas: P=1.148, B=1.786, G=1.011
  XGBoost params: n_estimators=6892, max_depth=11
  Starting cross-validation...
  Trial 1211 MSE: 0.000004 | MAPE: 0.14% | R²: -0.061360
  Trial time: 45.2s
[I 2026-03-13 06:47:44,524] Trial 1211 finished with value: 3.773441925985346e-06 and parameters: {'lambda_P': 1.2570452758255781, 'lambda_B': 0.5456692659332889, 'lambda_G': 0.9543206715697607, 'n_estimators': 8885, 'max_depth': 12, 'learning_rate': 0.0011650424219222034, 'subsample': 0.9407991980150322, 'colsample_bytree': 0.5921713924687435, 'colsample_bylevel': 0.3427355112603095, 'reg_alpha': 0.17120627450553474, 'reg_lambda': 4.881897730466264, 'gamma': 0.0005057784306234724, 'min_child_weight': 7}. Best is trial 1209 with value: 3.0713123365890098e-06.

[Trial 1237/5000] Starting at 06:47:44
  Lambdas: P=0.818, B=1.837, G=1.567
  XGBoost params: n_estimators=5980, max_depth=18
  Starting cross-validation...
  Trial 1223 MSE: 0.000004 | MAPE: 0.15% | R²: -0.135587
  Trial time: 29.7s
[I 2026-03-13 06:47:48,556] Trial 1223 finished with value: 4.1552390454007174e-06 and parameters: {'lambda_P': 1.2520693887325753, 'lambda_B': 1.8410058264307652, 'lambda_G': 1.0283845599859194, 'n_estimators': 6483, 'max_depth': 15, 'learning_rate': 0.009578457605462857, 'subsample': 0.8449492384898474, 'colsample_bytree': 0.4704852510326162, 'colsample_bylevel': 0.6193125559073179, 'reg_alpha': 0.1865821050733121, 'reg_lambda': 4.036351846146967, 'gamma': 0.0007439599934978331, 'min_child_weight': 2}. Best is trial 1209 with value: 3.0713123365890098e-06.

[Trial 1238/5000] Starting at 06:47:48
  Lambdas: P=1.264, B=1.976, G=1.131
  XGBoost params: n_estimators=9018, max_depth=15
  Starting cross-validation...
  Trial 1222 MSE: 0.000005 | MAPE: 0.16% | R²: -0.249419
  Trial time: 37.4s
[I 2026-03-13 06:47:55,609] Trial 1222 finished with value: 4.862047580394472e-06 and parameters: {'lambda_P': 1.300228457728285, 'lambda_B': 1.855271266081151, 'lambda_G': 1.5385510141351493, 'n_estimators': 7774, 'max_depth': 16, 'learning_rate': 0.006230606909793843, 'subsample': 0.9359745075096338, 'colsample_bytree': 0.5834261810188329, 'colsample_bylevel': 0.5020655758184838, 'reg_alpha': 1.0392236025102166, 'reg_lambda': 2.7031513035846557, 'gamma': 0.0002989219759665587, 'min_child_weight': 1}. Best is trial 1209 with value: 3.0713123365890098e-06.

[Trial 1239/5000] Starting at 06:47:55
  Lambdas: P=1.260, B=1.554, G=0.774
  XGBoost params: n_estimators=5651, max_depth=11
  Starting cross-validation...
  Trial 1231 MSE: 0.000003 | MAPE: 0.14% | R²: -0.001109
  Trial time: 20.2s
