[I 2026-03-13 06:48:38,311] Trial 1255 finished with value: 5.076887518448612e-06 and parameters: {'lambda_P': 1.0462075191540154, 'lambda_B': 1.439718872900137, 'lambda_G': 1.2640302106262917, 'n_estimators': 2572, 'max_depth': 15, 'learning_rate': 0.16972046109688835, 'subsample': 0.7320914130179847, 'colsample_bytree': 0.5328837268519601, 'colsample_bylevel': 0.3158615282051554, 'reg_alpha': 2.9848669104807555, 'reg_lambda': 1.2144896580920306, 'gamma': 0.0004773406183796109, 'min_child_weight': 9}. Best is trial 1209 with value: 3.0713123365890098e-06.

[Trial 1267/5000] Starting at 06:48:38
  Lambdas: P=1.281, B=1.456, G=1.433
  XGBoost params: n_estimators=4032, max_depth=8
  Starting cross-validation...
  Trial 1254 MSE: 0.000005 | MAPE: 0.16% | R²: -0.314049
  Trial time: 17.2s
[I 2026-03-13 06:48:40,288] Trial 1254 finished with value: 5.076887518448612e-06 and parameters: {'lambda_P': 1.1822950154243554, 'lambda_B': 1.3073198814317786, 'lambda_G': 1.2628889796491427, 'n_estimators': 3738, 'max_depth': 13, 'learning_rate': 0.2252883080128287, 'subsample': 0.7593307272351405, 'colsample_bytree': 0.5108264216184155, 'colsample_bylevel': 0.37851980907599303, 'reg_alpha': 1.3174410910273873, 'reg_lambda': 0.8143305162577481, 'gamma': 0.00025116721354552664, 'min_child_weight': 4}. Best is trial 1209 with value: 3.0713123365890098e-06.

[Trial 1268/5000] Starting at 06:48:40
  Lambdas: P=1.138, B=1.246, G=0.964
  XGBoost params: n_estimators=5170, max_depth=12
  Starting cross-validation...
  Trial 1261 MSE: 0.000004 | MAPE: 0.14% | R²: -0.046477
  Trial time: 11.9s
[I 2026-03-13 06:48:43,690] Trial 1261 finished with value: 3.7617521318089616e-06 and parameters: {'lambda_P': 1.3910190768463402, 'lambda_B': 1.6048685327634349, 'lambda_G': 0.968353634366301, 'n_estimators': 2458, 'max_depth': 12, 'learning_rate': 0.10783205316217875, 'subsample': 0.7473717263913766, 'colsample_bytree': 0.6059243375058057, 'colsample_bylevel': 0.3915823638475181, 'reg_alpha': 0.3593149738080157, 'reg_lambda': 0.2776797073177186, 'gamma': 0.0001386525071455153, 'min_child_weight': 13}. Best is trial 1209 with value: 3.0713123365890098e-06.

[Trial 1269/5000] Starting at 06:48:43
  Lambdas: P=1.219, B=1.210, G=0.987
  Trial 1253 MSE: 0.000003 | MAPE: 0.14% | R²: -0.020718
  Trial time: 22.1s
[I 2026-03-13 06:48:44,180] Trial 1253 finished with value: 3.4523600190889597e-06 and parameters: {'lambda_P': 1.245267684222964, 'lambda_B': 1.0020983967291306, 'lambda_G': 0.986175744812237, 'n_estimators': 4665, 'max_depth': 8, 'learning_rate': 0.12445924339901776, 'subsample': 0.8123673486340751, 'colsample_bytree': 0.6306311087759408, 'colsample_bylevel': 0.5187676893573007, 'reg_alpha': 0.14577648802916165, 'reg_lambda': 1.7439751722043009, 'gamma': 0.00010017419757351783, 'min_child_weight': 10}. Best is trial 1209 with value: 3.0713123365890098e-06.

[Trial 1270/5000] Starting at 06:48:44
  XGBoost params: n_estimators=8434, max_depth=17
  Starting cross-validation...
  Lambdas: P=1.115, B=1.674, G=0.881
  XGBoost params: n_estimators=5345, max_depth=10
  Starting cross-validation...
  Trial 1262 MSE: 0.000004 | MAPE: 0.15% | R²: -0.170911
  Trial time: 14.0s
[I 2026-03-13 06:48:46,919] Trial 1262 finished with value: 4.342112997654706e-06 and parameters: {'lambda_P': 0.890323241535796, 'lambda_B': 1.9748213573469748, 'lambda_G': 1.4868887874803387, 'n_estimators': 3117, 'max_depth': 8, 'learning_rate': 0.10376888230990447, 'subsample': 0.7044369173736773, 'colsample_bytree': 0.781116275640942, 'colsample_bylevel': 0.33358358233463664, 'reg_alpha': 0.4220297695116468, 'reg_lambda': 2.753939084368336, 'gamma': 0.00041522198502386804, 'min_child_weight': 12}. Best is trial 1209 with value: 3.0713123365890098e-06.

[Trial 1271/5000] Starting at 06:48:47
  Lambdas: P=1.186, B=1.934, G=1.481
  XGBoost params: n_estimators=5011, max_depth=7
  Starting cross-validation...
  Trial 1257 MSE: 0.000005 | MAPE: 0.16% | R²: -0.314049
  Trial time: 20.8s
[I 2026-03-13 06:48:47,715] Trial 1257 finished with value: 5.076887518448612e-06 and parameters: {'lambda_P': 0.7983004791134447, 'lambda_B': 1.0967812893884197, 'lambda_G': 1.1764613216217246, 'n_estimators': 4296, 'max_depth': 11, 'learning_rate': 0.057856243011304674, 'subsample': 0.7645017156838508, 'colsample_bytree': 0.5768936515007566, 'colsample_bylevel': 0.31543774130755287, 'reg_alpha': 2.076502358548047, 'reg_lambda': 2.5872758461116514, 'gamma': 0.00012479161183299339, 'min_child_weight': 10}. Best is trial 1209 with value: 3.0713123365890098e-06.
  Trial 1245 MSE: 0.000004 | MAPE: 0.14% | R²: -0.040558
  Trial time: 39.9s

[Trial 1272/5000] Starting at 06:48:47
[I 2026-03-13 06:48:47,915] Trial 1245 finished with value: 3.7345375956288314e-06 and parameters: {'lambda_P': 1.3507361167417558, 'lambda_B': 0.7556028955222395, 'lambda_G': 1.3641034686442706, 'n_estimators': 9753, 'max_depth': 6, 'learning_rate': 0.008214929514590984, 'subsample': 0.9323662236975568, 'colsample_bytree': 0.5366052209450878, 'colsample_bylevel': 0.6622204842348963, 'reg_alpha': 0.4057659393042356, 'reg_lambda': 1.621263498854156, 'gamma': 0.00011527189197503501, 'min_child_weight': 9}. Best is trial 1209 with value: 3.0713123365890098e-06.

[Trial 1273/5000] Starting at 06:48:48
  Lambdas: P=1.639, B=1.950, G=1.303
  XGBoost params: n_estimators=1221, max_depth=20
  Starting cross-validation...
  Lambdas: P=0.673, B=1.357, G=1.213
  XGBoost params: n_estimators=5308, max_depth=16
  Starting cross-validation...
  Trial 1258 MSE: 0.000005 | MAPE: 0.16% | R²: -0.314049
  Trial time: 21.2s
[I 2026-03-13 06:48:49,601] Trial 1258 finished with value: 5.076887518448612e-06 and parameters: {'lambda_P': 1.4842837341739064, 'lambda_B': 1.3896204978982905, 'lambda_G': 1.1806797015203079, 'n_estimators': 4317, 'max_depth': 14, 'learning_rate': 0.09362692357992554, 'subsample': 0.7175949296750626, 'colsample_bytree': 0.7142193223970233, 'colsample_bylevel': 0.30337526714208896, 'reg_alpha': 2.1985481858091545, 'reg_lambda': 1.2826621053553064, 'gamma': 0.0001426283433637121, 'min_child_weight': 10}. Best is trial 1209 with value: 3.0713123365890098e-06.

[Trial 1274/5000] Starting at 06:48:49
  Lambdas: P=1.215, B=1.837, G=0.759
  XGBoost params: n_estimators=8269, max_depth=4
  Starting cross-validation...
  Trial 1263 MSE: 0.000005 | MAPE: 0.16% | R²: -0.314049
  Trial time: 14.8s
[I 2026-03-13 06:48:50,184] Trial 1263 finished with value: 5.076887518448612e-06 and parameters: {'lambda_P': 1.5914400234548913, 'lambda_B': 1.846070050762647, 'lambda_G': 0.8053621386304918, 'n_estimators': 3343, 'max_depth': 16, 'learning_rate': 0.00647959331256455, 'subsample': 0.9869595544173949, 'colsample_bytree': 0.6873341557222039, 'colsample_bylevel': 0.36366147757368267, 'reg_alpha': 3.2699140029121576, 'reg_lambda': 0.3360662182445264, 'gamma': 0.0009778595059933223, 'min_child_weight': 1}. Best is trial 1209 with value: 3.0713123365890098e-06.

[Trial 1275/5000] Starting at 06:48:50
  Lambdas: P=1.179, B=1.745, G=1.076
  XGBoost params: n_estimators=4881, max_depth=19
  Starting cross-validation...
  Trial 1256 MSE: 0.000005 | MAPE: 0.16% | R²: -0.226529
  Trial time: 25.5s
[I 2026-03-13 06:48:51,770] Trial 1256 finished with value: 4.7547983051125485e-06 and parameters: {'lambda_P': 1.0650030434219935, 'lambda_B': 1.0331256733155803, 'lambda_G': 1.1686677539392467, 'n_estimators': 5092, 'max_depth': 20, 'learning_rate': 0.14867597985139677, 'subsample': 0.594712675368673, 'colsample_bytree': 0.4387594450730977, 'colsample_bylevel': 0.3316828940244232, 'reg_alpha': 0.732333617304983, 'reg_lambda': 0.6036675254613176, 'gamma': 0.0001288873677244171, 'min_child_weight': 10}. Best is trial 1209 with value: 3.0713123365890098e-06.

[Trial 1276/5000] Starting at 06:48:51
  Lambdas: P=0.618, B=0.734, G=1.323
  XGBoost params: n_estimators=207, max_depth=3
  Starting cross-validation...
  Trial 1275 MSE: 0.000005 | MAPE: 0.16% | R²: -0.314049
  Trial time: 1.3s
[I 2026-03-13 06:48:53,223] Trial 1275 finished with value: 5.076887518448612e-06 and parameters: {'lambda_P': 0.6184339892663749, 'lambda_B': 0.7340426198938284, 'lambda_G': 1.3230561296276047, 'n_estimators': 207, 'max_depth': 3, 'learning_rate': 0.0014952236866007046, 'subsample': 0.6576991361776521, 'colsample_bytree': 0.30344997811615015, 'colsample_bylevel': 0.3327168651598353, 'reg_alpha': 1.2516530064400126, 'reg_lambda': 8.84428397580187, 'gamma': 0.00020746221665888652, 'min_child_weight': 11}. Best is trial 1209 with value: 3.0713123365890098e-06.

[Trial 1277/5000] Starting at 06:48:53
  Trial 1272 MSE: 0.000005 | MAPE: 0.16% | R²: -0.314049
  Trial time: 5.4s
[I 2026-03-13 06:48:53,536] Trial 1272 finished with value: 5.076887518448612e-06 and parameters: {'lambda_P': 1.638886252769816, 'lambda_B': 1.9495773101580565, 'lambda_G': 1.3029711764126497, 'n_estimators': 1221, 'max_depth': 20, 'learning_rate': 0.0019058776602762625, 'subsample': 0.8153100981323469, 'colsample_bytree': 0.6692987804200778, 'colsample_bylevel': 0.30246735243802914, 'reg_alpha': 1.514863111362069, 'reg_lambda': 5.029848670080638, 'gamma': 0.00010949731786989836, 'min_child_weight': 3}. Best is trial 1209 with value: 3.0713123365890098e-06.

[Trial 1278/5000] Starting at 06:48:53
  Lambdas: P=1.082, B=1.408, G=1.331
  XGBoost params: n_estimators=676, max_depth=6
  Starting cross-validation...
  Lambdas: P=1.253, B=1.832, G=0.799
  XGBoost params: n_estimators=7242, max_depth=5
  Starting cross-validation...
  Trial 1249 MSE: 0.000005 | MAPE: 0.16% | R²: -0.233556
  Trial time: 39.6s
[I 2026-03-13 06:48:54,535] Trial 1249 finished with value: 4.812603001383556e-06 and parameters: {'lambda_P': 1.3864584424045343, 'lambda_B': 1.7215933527530987, 'lambda_G': 0.8302019636837166, 'n_estimators': 7650, 'max_depth': 13, 'learning_rate': 0.010297609548954865, 'subsample': 0.7506408291956026, 'colsample_bytree': 0.8841583356897593, 'colsample_bylevel': 0.30922490003918, 'reg_alpha': 0.9596861334416321, 'reg_lambda': 4.197174956132615, 'gamma': 0.00012252870446769523, 'min_child_weight': 1}. Best is trial 1209 with value: 3.0713123365890098e-06.

[Trial 1279/5000] Starting at 06:48:54
  Lambdas: P=0.993, B=1.976, G=1.208
  XGBoost params: n_estimators=4894, max_depth=6
  Starting cross-validation...
  Trial 1260 MSE: 0.000005 | MAPE: 0.16% | R²: -0.266223
  Trial time: 26.0s
[I 2026-03-13 06:48:55,787] Trial 1260 finished with value: 4.950896945243291e-06 and parameters: {'lambda_P': 1.1632704952600796, 'lambda_B': 1.2195748133885715, 'lambda_G': 1.2923464470299977, 'n_estimators': 5190, 'max_depth': 16, 'learning_rate': 0.324720605683174, 'subsample': 0.927717642524882, 'colsample_bytree': 0.6876385716926238, 'colsample_bylevel': 0.33289719403490475, 'reg_alpha': 1.402890275170316, 'reg_lambda': 0.8034249794514858, 'gamma': 0.0001019911145373934, 'min_child_weight': 13}. Best is trial 1209 with value: 3.0713123365890098e-06.

[Trial 1280/5000] Starting at 06:48:55
  Lambdas: P=1.034, B=1.371, G=1.357
  XGBoost params: n_estimators=3601, max_depth=13
  Starting cross-validation...
  Trial 1276 MSE: 0.000005 | MAPE: 0.16% | R²: -0.314049
  Trial time: 4.4s
[I 2026-03-13 06:48:57,774] Trial 1276 finished with value: 5.076887518448612e-06 and parameters: {'lambda_P': 1.0817877058787402, 'lambda_B': 1.4075239034490514, 'lambda_G': 1.3311443309471027, 'n_estimators': 676, 'max_depth': 6, 'learning_rate': 0.034934787159021326, 'subsample': 0.934139659298336, 'colsample_bytree': 0.5730447437266278, 'colsample_bylevel': 0.6586214590604385, 'reg_alpha': 0.6626281883191573, 'reg_lambda': 7.706668340561088, 'gamma': 0.0028363938251363403, 'min_child_weight': 14}. Best is trial 1209 with value: 3.0713123365890098e-06.

[Trial 1281/5000] Starting at 06:48:57
  Lambdas: P=0.588, B=1.725, G=1.107
  XGBoost params: n_estimators=6016, max_depth=14
  Starting cross-validation...
  Trial 1266 MSE: 0.000004 | MAPE: 0.15% | R²: -0.101924
  Trial time: 20.7s
[I 2026-03-13 06:48:59,208] Trial 1266 finished with value: 4.091852400470874e-06 and parameters: {'lambda_P': 1.281318696542895, 'lambda_B': 1.4556874752079447, 'lambda_G': 1.4325141616356543, 'n_estimators': 4032, 'max_depth': 8, 'learning_rate': 0.07881563875209413, 'subsample': 0.8300617674189839, 'colsample_bytree': 0.5834731602914481, 'colsample_bylevel': 0.36122129383493634, 'reg_alpha': 0.6080018811027638, 'reg_lambda': 2.7130764891008865, 'gamma': 0.0001542521118582222, 'min_child_weight': 14}. Best is trial 1209 with value: 3.0713123365890098e-06.

[Trial 1282/5000] Starting at 06:48:59
  Lambdas: P=1.054, B=1.753, G=1.016
  XGBoost params: n_estimators=8176, max_depth=7
  Starting cross-validation...
  Trial 1264 MSE: 0.000004 | MAPE: 0.14% | R²: -0.017748
  Trial time: 24.6s
[I 2026-03-13 06:49:00,456] Trial 1264 finished with value: 3.629502795573894e-06 and parameters: {'lambda_P': 0.969337737326702, 'lambda_B': 0.9933085938751578, 'lambda_G': 1.3294224515622888, 'n_estimators': 4826, 'max_depth': 15, 'learning_rate': 0.10883906755486926, 'subsample': 0.7615378176825408, 'colsample_bytree': 0.6333733720487037, 'colsample_bylevel': 0.3134645975466339, 'reg_alpha': 0.33366436118976817, 'reg_lambda': 2.8793531562954624, 'gamma': 0.00015941743072467527, 'min_child_weight': 5}. Best is trial 1209 with value: 3.0713123365890098e-06.

[Trial 1283/5000] Starting at 06:49:00
  Lambdas: P=1.238, B=1.179, G=0.961
  XGBoost params: n_estimators=3372, max_depth=5
  Starting cross-validation...
  Trial 1267 MSE: 0.000003 | MAPE: 0.13% | R²: 0.100873
  Trial time: 25.3s
[I 2026-03-13 06:49:05,848] Trial 1267 finished with value: 3.067840594549508e-06 and parameters: {'lambda_P': 1.137647048086251, 'lambda_B': 1.2458937996049952, 'lambda_G': 0.9636165355935797, 'n_estimators': 5170, 'max_depth': 12, 'learning_rate': 0.019813581708210865, 'subsample': 0.7957336152200674, 'colsample_bytree': 0.5370641730952553, 'colsample_bylevel': 0.36174146357998527, 'reg_alpha': 0.05504779993991239, 'reg_lambda': 1.5019503590527208, 'gamma': 0.00010501973707157435, 'min_child_weight': 11}. Best is trial 1267 with value: 3.067840594549508e-06.

[NEW BEST] Trial 1267: 0.000003
Parameters: {'lambda_P': 1.137647048086251, 'lambda_B': 1.2458937996049952, 'lambda_G': 0.9636165355935797, 'n_estimators': 5170, 'max_depth': 12, 'learning_rate': 0.019813581708210865, 'subsample': 0.7957336152200674, 'colsample_bytree': 0.5370641730952553, 'colsample_bylevel': 0.36174146357998527, 'reg_alpha': 0.05504779993991239, 'reg_lambda': 1.5019503590527208, 'gamma': 0.00010501973707157435, 'min_child_weight': 11}


[Trial 1284/5000] Starting at 06:49:05
  Trial 1265 MSE: 0.000004 | MAPE: 0.15% | R²: -0.142651
  Trial time: 28.5s
[I 2026-03-13 06:49:06,205] Trial 1265 finished with value: 4.109371964574717e-06 and parameters: {'lambda_P': 1.265230355702346, 'lambda_B': 1.110837250680407, 'lambda_G': 1.2049530658640923, 'n_estimators': 5621, 'max_depth': 16, 'learning_rate': 0.29402785255737257, 'subsample': 0.6081832329620244, 'colsample_bytree': 0.5908689324432638, 'colsample_bylevel': 0.32021686756155326, 'reg_alpha': 0.35761225284097, 'reg_lambda': 1.02852583929198, 'gamma': 0.00021370734804237594, 'min_child_weight': 9}. Best is trial 1267 with value: 3.067840594549508e-06.

[Trial 1285/5000] Starting at 06:49:06
  Lambdas: P=1.230, B=1.466, G=0.811
  XGBoost params: n_estimators=7526, max_depth=12
  Starting cross-validation...
  Lambdas: P=0.947, B=1.565, G=1.259
  XGBoost params: n_estimators=8186, max_depth=6
  Starting cross-validation...
  Trial 1269 MSE: 0.000003 | MAPE: 0.14% | R²: 0.035358
  Trial time: 26.8s
[I 2026-03-13 06:49:11,217] Trial 1269 finished with value: 3.3334870928358696e-06 and parameters: {'lambda_P': 1.1147434862251124, 'lambda_B': 1.6743702317013742, 'lambda_G': 0.8814531423831484, 'n_estimators': 5345, 'max_depth': 10, 'learning_rate': 0.04819578378404902, 'subsample': 0.9652937332982678, 'colsample_bytree': 0.793490294657663, 'colsample_bylevel': 0.35878723123233014, 'reg_alpha': 0.004973084887960319, 'reg_lambda': 4.149010279528813, 'gamma': 0.00026723433812090593, 'min_child_weight': 2}. Best is trial 1267 with value: 3.067840594549508e-06.

[Trial 1286/5000] Starting at 06:49:11
  Lambdas: P=1.070, B=1.701, G=0.723
  XGBoost params: n_estimators=4460, max_depth=10
  Starting cross-validation...
  Trial 1270 MSE: 0.000003 | MAPE: 0.14% | R²: 0.022650
  Trial time: 25.6s
[I 2026-03-13 06:49:12,767] Trial 1270 finished with value: 3.3829525977780823e-06 and parameters: {'lambda_P': 1.1857846068614593, 'lambda_B': 1.9339556073308215, 'lambda_G': 1.4807099461479971, 'n_estimators': 5011, 'max_depth': 7, 'learning_rate': 0.001327115599800305, 'subsample': 0.7800781303195428, 'colsample_bytree': 0.426958103772315, 'colsample_bylevel': 0.4420166823017775, 'reg_alpha': 0.12100643830013588, 'reg_lambda': 9.115635233272219, 'gamma': 0.00020183374182834114, 'min_child_weight': 4}. Best is trial 1267 with value: 3.067840594549508e-06.

[Trial 1287/5000] Starting at 06:49:12
  Trial 1279 MSE: 0.000004 | MAPE: 0.14% | R²: -0.024997
  Trial time: 17.1s
[I 2026-03-13 06:49:13,049] Trial 1279 finished with value: 3.582229462411242e-06 and parameters: {'lambda_P': 1.034141129050562, 'lambda_B': 1.3707345172978604, 'lambda_G': 1.3565912552500512, 'n_estimators': 3601, 'max_depth': 13, 'learning_rate': 0.027155955223378436, 'subsample': 0.5601493488849107, 'colsample_bytree': 0.5776796388132106, 'colsample_bylevel': 0.5361953334668916, 'reg_alpha': 0.01736676346831062, 'reg_lambda': 1.3423227397567183, 'gamma': 0.00032895524292587123, 'min_child_weight': 10}. Best is trial 1267 with value: 3.067840594549508e-06.

[Trial 1288/5000] Starting at 06:49:13
  Lambdas: P=1.633, B=1.601, G=1.451
  XGBoost params: n_estimators=5364, max_depth=4
  Starting cross-validation...
  Lambdas: P=1.190, B=1.833, G=0.779
  XGBoost params: n_estimators=7843, max_depth=9
  Starting cross-validation...
  Trial 1282 MSE: 0.000004 | MAPE: 0.15% | R²: -0.105945
  Trial time: 14.2s
[I 2026-03-13 06:49:14,916] Trial 1282 finished with value: 3.978956917355815e-06 and parameters: {'lambda_P': 1.2377361240458722, 'lambda_B': 1.178861665298691, 'lambda_G': 0.9608136063927973, 'n_estimators': 3372, 'max_depth': 5, 'learning_rate': 0.0012279847699460964, 'subsample': 0.9109583584224393, 'colsample_bytree': 0.6840273806835757, 'colsample_bylevel': 0.6317250906752252, 'reg_alpha': 0.10922916485444806, 'reg_lambda': 8.03151959169764, 'gamma': 0.0006325762671961669, 'min_child_weight': 16}. Best is trial 1267 with value: 3.067840594549508e-06.

[Trial 1289/5000] Starting at 06:49:15
  Lambdas: P=1.112, B=1.942, G=0.817
  Trial 1274 MSE: 0.000003 | MAPE: 0.13% | R²: 0.093339
  Trial time: 25.0s
  XGBoost params: n_estimators=8571, max_depth=5
  Starting cross-validation...
[I 2026-03-13 06:49:15,408] Trial 1274 finished with value: 3.0753853671697333e-06 and parameters: {'lambda_P': 1.178799424144453, 'lambda_B': 1.7446251800066783, 'lambda_G': 1.0759936217887296, 'n_estimators': 4881, 'max_depth': 19, 'learning_rate': 0.003434853565321923, 'subsample': 0.8890645081855418, 'colsample_bytree': 0.3777422374557431, 'colsample_bylevel': 0.5906465455122552, 'reg_alpha': 0.059525770135785847, 'reg_lambda': 4.149838167170718, 'gamma': 0.00010537909209282014, 'min_child_weight': 7}. Best is trial 1267 with value: 3.067840594549508e-06.

[Trial 1290/5000] Starting at 06:49:15
  Trial 1271 MSE: 0.000004 | MAPE: 0.16% | R²: -0.163590
  Trial time: 27.8s
[I 2026-03-13 06:49:15,791] Trial 1271 finished with value: 4.373389200369314e-06 and parameters: {'lambda_P': 0.6726800697957676, 'lambda_B': 1.3572120913485775, 'lambda_G': 1.2129289016392053, 'n_estimators': 5308, 'max_depth': 16, 'learning_rate': 0.15480303659879496, 'subsample': 0.6110220684145545, 'colsample_bytree': 0.6467406586820316, 'colsample_bylevel': 0.5116132938298497, 'reg_alpha': 0.3257495375903412, 'reg_lambda': 0.16313580648732406, 'gamma': 0.00063460493677412, 'min_child_weight': 13}. Best is trial 1267 with value: 3.067840594549508e-06.

[Trial 1291/5000] Starting at 06:49:15
  Lambdas: P=1.219, B=1.804, G=1.676
  XGBoost params: n_estimators=2854, max_depth=7
  Starting cross-validation...
  Lambdas: P=0.690, B=1.474, G=0.630
  XGBoost params: n_estimators=3365, max_depth=8
  Starting cross-validation...
  Trial 1278 MSE: 0.000005 | MAPE: 0.16% | R²: -0.314049
  Trial time: 24.3s
[I 2026-03-13 06:49:19,025] Trial 1278 finished with value: 5.076887518448612e-06 and parameters: {'lambda_P': 0.9929108415141306, 'lambda_B': 1.9759349499343721, 'lambda_G': 1.2075326767322856, 'n_estimators': 4894, 'max_depth': 6, 'learning_rate': 0.022244801369565602, 'subsample': 0.7781339365547625, 'colsample_bytree': 0.5087047605739756, 'colsample_bylevel': 0.3197591751249217, 'reg_alpha': 2.114794565768583, 'reg_lambda': 1.145666036297572, 'gamma': 0.0003411212628256111, 'min_child_weight': 1}. Best is trial 1267 with value: 3.067840594549508e-06.

[Trial 1292/5000] Starting at 06:49:19
  Lambdas: P=1.307, B=1.901, G=1.635
  XGBoost params: n_estimators=2793, max_depth=6
  Starting cross-validation...
  Trial 1277 MSE: 0.000004 | MAPE: 0.15% | R²: -0.146534
  Trial time: 30.1s
