[I 2026-03-13 07:17:39,386] Trial 2167 finished with value: 3.342745224893121e-06 and parameters: {'lambda_P': 1.5015218578664618, 'lambda_B': 0.762962076723507, 'lambda_G': 0.5189085867847405, 'n_estimators': 6617, 'max_depth': 5, 'learning_rate': 0.023542289298348368, 'subsample': 0.9459928475172271, 'colsample_bytree': 0.5218893303903456, 'colsample_bylevel': 0.43205869803823194, 'reg_alpha': 0.0998638121391498, 'reg_lambda': 4.165895076081414, 'gamma': 0.00019657438279568976, 'min_child_weight': 7}. Best is trial 1422 with value: 2.996031181594198e-06.

[Trial 2184/5000] Starting at 07:17:39
  Lambdas: P=1.816, B=1.337, G=1.082
  XGBoost params: n_estimators=7158, max_depth=3
  Starting cross-validation...
  Trial 2168 MSE: 0.000003 | MAPE: 0.13% | R²: 0.053557
  Trial time: 36.5s
[I 2026-03-13 07:17:43,749] Trial 2168 finished with value: 3.218080709512462e-06 and parameters: {'lambda_P': 1.3346402443768641, 'lambda_B': 1.1941012587047826, 'lambda_G': 1.2191477008231317, 'n_estimators': 9522, 'max_depth': 9, 'learning_rate': 0.007022118077212798, 'subsample': 0.5270029083223268, 'colsample_bytree': 0.38085612283550785, 'colsample_bylevel': 0.6719954609435665, 'reg_alpha': 0.0013951121657634902, 'reg_lambda': 5.538038083832649, 'gamma': 0.00015058035576515988, 'min_child_weight': 3}. Best is trial 1422 with value: 2.996031181594198e-06.

[Trial 2185/5000] Starting at 07:17:43
  Lambdas: P=1.918, B=0.721, G=0.917
  XGBoost params: n_estimators=5385, max_depth=3
  Starting cross-validation...
  Trial 2170 MSE: 0.000005 | MAPE: 0.16% | R²: -0.314049
  Trial time: 35.8s
[I 2026-03-13 07:17:44,713] Trial 2170 finished with value: 5.076887518448612e-06 and parameters: {'lambda_P': 1.6827296121914057, 'lambda_B': 0.8605457066254277, 'lambda_G': 0.910752627054722, 'n_estimators': 7657, 'max_depth': 3, 'learning_rate': 0.16740748033248334, 'subsample': 0.5443693633207964, 'colsample_bytree': 0.3461900207374417, 'colsample_bylevel': 0.33209382316704045, 'reg_alpha': 2.4728790653670605, 'reg_lambda': 5.974872715405967, 'gamma': 0.0009775671548001173, 'min_child_weight': 10}. Best is trial 1422 with value: 2.996031181594198e-06.

[Trial 2186/5000] Starting at 07:17:44
  Lambdas: P=1.546, B=1.377, G=1.230
  XGBoost params: n_estimators=9256, max_depth=6
  Starting cross-validation...
  Trial 2172 MSE: 0.000005 | MAPE: 0.16% | R²: -0.314049
  Trial time: 34.1s
[I 2026-03-13 07:17:45,954] Trial 2172 finished with value: 5.076887518448612e-06 and parameters: {'lambda_P': 1.860040032067416, 'lambda_B': 0.8987155825586919, 'lambda_G': 1.025858058382246, 'n_estimators': 7538, 'max_depth': 4, 'learning_rate': 0.0291580142998412, 'subsample': 0.6395786499406275, 'colsample_bytree': 0.3887601278203706, 'colsample_bylevel': 0.3102343855058755, 'reg_alpha': 1.807968785293449, 'reg_lambda': 8.441999029596634, 'gamma': 0.00010977696921761715, 'min_child_weight': 14}. Best is trial 1422 with value: 2.996031181594198e-06.

[Trial 2187/5000] Starting at 07:17:46
  Lambdas: P=1.128, B=1.461, G=1.326
  XGBoost params: n_estimators=6526, max_depth=5
  Starting cross-validation...
  Trial 2166 MSE: 0.000005 | MAPE: 0.16% | R²: -0.314049
  Trial time: 44.3s
[I 2026-03-13 07:17:48,568] Trial 2166 finished with value: 5.076887518448612e-06 and parameters: {'lambda_P': 1.3967126984998608, 'lambda_B': 1.2003235948374722, 'lambda_G': 1.502034698258338, 'n_estimators': 9061, 'max_depth': 11, 'learning_rate': 0.0033242762556677536, 'subsample': 0.6126719233686083, 'colsample_bytree': 0.4427150529813636, 'colsample_bylevel': 0.5580951725126907, 'reg_alpha': 1.2092509803886542, 'reg_lambda': 5.98995381007371, 'gamma': 0.00018453329803866042, 'min_child_weight': 4}. Best is trial 1422 with value: 2.996031181594198e-06.

[Trial 2188/5000] Starting at 07:17:48
  Lambdas: P=1.731, B=0.994, G=0.667
  XGBoost params: n_estimators=5929, max_depth=2
  Starting cross-validation...
  Trial 2178 MSE: 0.000004 | MAPE: 0.15% | R²: -0.121967
  Trial time: 22.8s
[I 2026-03-13 07:17:54,504] Trial 2178 finished with value: 4.193900390430028e-06 and parameters: {'lambda_P': 1.9079363397163356, 'lambda_B': 0.8352174012705732, 'lambda_G': 0.7662056186030387, 'n_estimators': 5112, 'max_depth': 3, 'learning_rate': 0.06341628480750153, 'subsample': 0.7472560725703076, 'colsample_bytree': 0.6736114184477492, 'colsample_bylevel': 0.31923056876742834, 'reg_alpha': 0.5889673887577875, 'reg_lambda': 3.847315107316784, 'gamma': 0.00013203776631916274, 'min_child_weight': 14}. Best is trial 1422 with value: 2.996031181594198e-06.

[Trial 2189/5000] Starting at 07:17:54
  Lambdas: P=1.772, B=0.697, G=0.542
  XGBoost params: n_estimators=7252, max_depth=5
  Starting cross-validation...
  Trial 2174 MSE: 0.000005 | MAPE: 0.16% | R²: -0.314049
  Trial time: 35.1s
[I 2026-03-13 07:17:55,818] Trial 2174 finished with value: 5.076887518448612e-06 and parameters: {'lambda_P': 1.3134151040266582, 'lambda_B': 1.116247359834488, 'lambda_G': 1.722683527537549, 'n_estimators': 8130, 'max_depth': 11, 'learning_rate': 0.006821744120780629, 'subsample': 0.5879893793993495, 'colsample_bytree': 0.3973283199888617, 'colsample_bylevel': 0.7019452382551172, 'reg_alpha': 1.2553257263329285, 'reg_lambda': 4.8630962850903705, 'gamma': 0.00012680303052297947, 'min_child_weight': 6}. Best is trial 1422 with value: 2.996031181594198e-06.

[Trial 2190/5000] Starting at 07:17:55
  Lambdas: P=1.975, B=1.324, G=0.675
  XGBoost params: n_estimators=7482, max_depth=5
  Starting cross-validation...
  Trial 2176 MSE: 0.000005 | MAPE: 0.16% | R²: -0.265289
  Trial time: 33.3s
[I 2026-03-13 07:17:57,600] Trial 2176 finished with value: 4.947477522642197e-06 and parameters: {'lambda_P': 1.9979751167204884, 'lambda_B': 1.2310290169642264, 'lambda_G': 1.2259891336650457, 'n_estimators': 7012, 'max_depth': 8, 'learning_rate': 0.02854749964575711, 'subsample': 0.5042285023793011, 'colsample_bytree': 0.38094242222112396, 'colsample_bylevel': 0.34671831744175835, 'reg_alpha': 0.7394906356567067, 'reg_lambda': 6.013674426549962, 'gamma': 0.00011992151183715631, 'min_child_weight': 10}. Best is trial 1422 with value: 2.996031181594198e-06.

[Trial 2191/5000] Starting at 07:17:57
  Trial 2179 MSE: 0.000005 | MAPE: 0.16% | R²: -0.281960
  Trial time: 24.4s
[I 2026-03-13 07:17:57,792] Trial 2179 finished with value: 4.991489005520163e-06 and parameters: {'lambda_P': 1.6672559574778694, 'lambda_B': 0.7614980523570866, 'lambda_G': 0.7224129742484171, 'n_estimators': 5709, 'max_depth': 3, 'learning_rate': 0.0043894372519559305, 'subsample': 0.8743666697541229, 'colsample_bytree': 0.6570715569620141, 'colsample_bylevel': 0.40412561512287487, 'reg_alpha': 1.2382971956309174, 'reg_lambda': 5.2969762589140075, 'gamma': 0.00020630853615554896, 'min_child_weight': 11}. Best is trial 1422 with value: 2.996031181594198e-06.

[Trial 2192/5000] Starting at 07:17:57
  Lambdas: P=1.233, B=0.549, G=0.805
  Lambdas: P=1.173, B=1.618, G=1.153  Trial 2175 MSE: 0.000004 | MAPE: 0.14% | R²: -0.021341  XGBoost params: n_estimators=8594, max_depth=11

  Trial time: 34.3s

[I 2026-03-13 07:17:58,395] Trial 2175 finished with value: 3.6387779213053554e-06 and parameters: {'lambda_P': 1.984961864613999, 'lambda_B': 0.9224220358499513, 'lambda_G': 1.0506284554170797, 'n_estimators': 7318, 'max_depth': 5, 'learning_rate': 0.03440657874739227, 'subsample': 0.8084711475502575, 'colsample_bytree': 0.39930697395473036, 'colsample_bylevel': 0.30217507907624436, 'reg_alpha': 0.35205791551097837, 'reg_lambda': 7.76308161033691, 'gamma': 0.00011760415706938523, 'min_child_weight': 13}. Best is trial 1422 with value: 2.996031181594198e-06.
  Starting cross-validation...

[Trial 2193/5000] Starting at 07:17:58
  XGBoost params: n_estimators=9649, max_depth=8
  Starting cross-validation...
  Lambdas: P=1.852, B=0.797, G=0.762
  XGBoost params: n_estimators=6911, max_depth=4
  Starting cross-validation...
  Trial 2177 MSE: 0.000005 | MAPE: 0.16% | R²: -0.314049
  Trial time: 31.2s
[I 2026-03-13 07:17:59,390] Trial 2177 finished with value: 5.076887518448612e-06 and parameters: {'lambda_P': 1.9429350470664677, 'lambda_B': 1.2311421805687675, 'lambda_G': 0.9901757489861094, 'n_estimators': 6818, 'max_depth': 2, 'learning_rate': 0.0069974419820384715, 'subsample': 0.623694952047228, 'colsample_bytree': 0.42987382310815897, 'colsample_bylevel': 0.30770687489414655, 'reg_alpha': 1.1191060520101925, 'reg_lambda': 2.7584396672528237, 'gamma': 0.00045150883908567533, 'min_child_weight': 12}. Best is trial 1422 with value: 2.996031181594198e-06.

[Trial 2194/5000] Starting at 07:17:59
  Lambdas: P=1.157, B=1.418, G=1.258
  XGBoost params: n_estimators=8851, max_depth=7
  Starting cross-validation...
  Trial 2184 MSE: 0.000005 | MAPE: 0.16% | R²: -0.314049
  Trial time: 20.1s
[I 2026-03-13 07:18:04,097] Trial 2184 finished with value: 5.076887518448612e-06 and parameters: {'lambda_P': 1.917629640522565, 'lambda_B': 0.7210149994742336, 'lambda_G': 0.9166230386341149, 'n_estimators': 5385, 'max_depth': 3, 'learning_rate': 0.06417833076384226, 'subsample': 0.6811707281435689, 'colsample_bytree': 0.5370180458474035, 'colsample_bylevel': 0.33390054347198617, 'reg_alpha': 1.136144566428109, 'reg_lambda': 3.8296951137969826, 'gamma': 0.00036288927451627394, 'min_child_weight': 12}. Best is trial 1422 with value: 2.996031181594198e-06.

[Trial 2195/5000] Starting at 07:18:04
  Lambdas: P=1.211, B=1.245, G=1.234
  XGBoost params: n_estimators=9634, max_depth=9
  Starting cross-validation...
  Trial 2181 MSE: 0.000003 | MAPE: 0.14% | R²: 0.019459
  Trial time: 32.4s
[I 2026-03-13 07:18:08,600] Trial 2181 finished with value: 3.4174190808029384e-06 and parameters: {'lambda_P': 1.9717105861610662, 'lambda_B': 1.1740423327188818, 'lambda_G': 0.8641468782411041, 'n_estimators': 6902, 'max_depth': 4, 'learning_rate': 0.010802131878030474, 'subsample': 0.8144156085227723, 'colsample_bytree': 0.4691476348204976, 'colsample_bylevel': 0.30426361293690024, 'reg_alpha': 0.24775351825919145, 'reg_lambda': 6.425350913780727, 'gamma': 0.0001222934844736942, 'min_child_weight': 11}. Best is trial 1422 with value: 2.996031181594198e-06.

[Trial 2196/5000] Starting at 07:18:08
  Lambdas: P=1.846, B=0.794, G=1.015
  XGBoost params: n_estimators=5127, max_depth=3
  Starting cross-validation...
  Trial 2183 MSE: 0.000005 | MAPE: 0.16% | R²: -0.314049
  Trial time: 33.5s
[I 2026-03-13 07:18:13,144] Trial 2183 finished with value: 5.076887518448612e-06 and parameters: {'lambda_P': 1.8158961319664, 'lambda_B': 1.336888329070819, 'lambda_G': 1.0815831730350638, 'n_estimators': 7158, 'max_depth': 3, 'learning_rate': 0.0488152799228915, 'subsample': 0.7685830082017501, 'colsample_bytree': 0.6723459318593119, 'colsample_bylevel': 0.40937587690218863, 'reg_alpha': 2.7489221418553433, 'reg_lambda': 3.061481419273319, 'gamma': 0.000644903183118882, 'min_child_weight': 9}. Best is trial 1422 with value: 2.996031181594198e-06.

[Trial 2197/5000] Starting at 07:18:13
  Lambdas: P=1.107, B=1.150, G=1.408
  XGBoost params: n_estimators=9340, max_depth=13
  Starting cross-validation...
  Trial 2180 MSE: 0.000005 | MAPE: 0.16% | R²: -0.314049
  Trial time: 40.2s
[I 2026-03-13 07:18:15,131] Trial 2180 finished with value: 5.076887518448612e-06 and parameters: {'lambda_P': 1.6842193752423866, 'lambda_B': 1.2844481520560656, 'lambda_G': 0.5737628727908156, 'n_estimators': 8080, 'max_depth': 3, 'learning_rate': 0.019739003281224535, 'subsample': 0.7628529615718778, 'colsample_bytree': 0.6533082984196723, 'colsample_bylevel': 0.3464696453488051, 'reg_alpha': 3.2422831352957764, 'reg_lambda': 3.6851099036540886, 'gamma': 0.0005845379924299637, 'min_child_weight': 16}. Best is trial 1422 with value: 2.996031181594198e-06.

[Trial 2198/5000] Starting at 07:18:15
  Lambdas: P=1.737, B=1.655, G=1.432
  XGBoost params: n_estimators=9983, max_depth=10
  Starting cross-validation...
  Trial 2182 MSE: 0.000004 | MAPE: 0.14% | R²: -0.000371
  Trial time: 37.3s
[I 2026-03-13 07:18:15,743] Trial 2182 finished with value: 3.5313457279350066e-06 and parameters: {'lambda_P': 1.8511025300245039, 'lambda_B': 0.9618969838408153, 'lambda_G': 0.682457478715176, 'n_estimators': 7891, 'max_depth': 3, 'learning_rate': 0.019443125908002453, 'subsample': 0.9288930189315112, 'colsample_bytree': 0.6329980144166778, 'colsample_bylevel': 0.313155435031404, 'reg_alpha': 0.37801702007055427, 'reg_lambda': 1.2281166674261426, 'gamma': 0.00011523482909180819, 'min_child_weight': 4}. Best is trial 1422 with value: 2.996031181594198e-06.

[Trial 2199/5000] Starting at 07:18:15
  Lambdas: P=1.508, B=1.066, G=1.156
  XGBoost params: n_estimators=9734, max_depth=9
  Starting cross-validation...
  Trial 2186 MSE: 0.000005 | MAPE: 0.16% | R²: -0.314049
  Trial time: 30.7s
[I 2026-03-13 07:18:16,885] Trial 2186 finished with value: 5.076887518448612e-06 and parameters: {'lambda_P': 1.1279944418256374, 'lambda_B': 1.460821665625841, 'lambda_G': 1.3263018621155802, 'n_estimators': 6526, 'max_depth': 5, 'learning_rate': 0.004452723057661406, 'subsample': 0.5851421738334749, 'colsample_bytree': 0.42441455012822477, 'colsample_bylevel': 0.621233067935374, 'reg_alpha': 1.126764622500585, 'reg_lambda': 5.66714199968393, 'gamma': 0.000395150047011888, 'min_child_weight': 1}. Best is trial 1422 with value: 2.996031181594198e-06.

[Trial 2200/5000] Starting at 07:18:16
  Lambdas: P=1.873, B=1.114, G=0.733
  XGBoost params: n_estimators=7251, max_depth=5
  Starting cross-validation...
  Trial 2187 MSE: 0.000005 | MAPE: 0.16% | R²: -0.274501
  Trial time: 29.1s
[I 2026-03-13 07:18:17,895] Trial 2187 finished with value: 4.953575582882499e-06 and parameters: {'lambda_P': 1.730982352804448, 'lambda_B': 0.99444411761167, 'lambda_G': 0.6670651816548937, 'n_estimators': 5929, 'max_depth': 2, 'learning_rate': 0.02190114812271777, 'subsample': 0.6829036980272296, 'colsample_bytree': 0.5520287445275626, 'colsample_bylevel': 0.4106307896535978, 'reg_alpha': 0.6008538195625532, 'reg_lambda': 3.282337732834864, 'gamma': 0.0007284219505656362, 'min_child_weight': 10}. Best is trial 1422 with value: 2.996031181594198e-06.

[Trial 2201/5000] Starting at 07:18:17
  Lambdas: P=0.831, B=0.552, G=1.979
  XGBoost params: n_estimators=3219, max_depth=19
  Starting cross-validation...
  Trial 2189 MSE: 0.000004 | MAPE: 0.15% | R²: -0.094284
  Trial time: 27.1s
[I 2026-03-13 07:18:23,185] Trial 2189 finished with value: 3.979217653674619e-06 and parameters: {'lambda_P': 1.9747197534423282, 'lambda_B': 1.3240108938454285, 'lambda_G': 0.6749562774667099, 'n_estimators': 7482, 'max_depth': 5, 'learning_rate': 0.023994587709457112, 'subsample': 0.7970568342176274, 'colsample_bytree': 0.801116894383588, 'colsample_bylevel': 0.3716016406776508, 'reg_alpha': 0.3929205333924624, 'reg_lambda': 6.236948407538626, 'gamma': 0.00026892988744766104, 'min_child_weight': 15}. Best is trial 1422 with value: 2.996031181594198e-06.

[Trial 2202/5000] Starting at 07:18:23
  Lambdas: P=1.120, B=1.356, G=1.217
  XGBoost params: n_estimators=9576, max_depth=9
  Starting cross-validation...
  Trial 2188 MSE: 0.000005 | MAPE: 0.16% | R²: -0.292234
  Trial time: 34.5s
[I 2026-03-13 07:18:29,247] Trial 2188 finished with value: 5.011507405446936e-06 and parameters: {'lambda_P': 1.7719716898541407, 'lambda_B': 0.6970973137465589, 'lambda_G': 0.5424407567057976, 'n_estimators': 7252, 'max_depth': 5, 'learning_rate': 0.01778708021660148, 'subsample': 0.6593160936933876, 'colsample_bytree': 0.6147644898273383, 'colsample_bylevel': 0.39539655530977363, 'reg_alpha': 0.7641964093267923, 'reg_lambda': 5.996435121937253, 'gamma': 0.0004969493011928377, 'min_child_weight': 14}. Best is trial 1422 with value: 2.996031181594198e-06.

[Trial 2203/5000] Starting at 07:18:29
  Trial 2185 MSE: 0.000003 | MAPE: 0.14% | R²: 0.010360
  Trial time: 44.7s
[I 2026-03-13 07:18:29,632] Trial 2185 finished with value: 3.4845978791117534e-06 and parameters: {'lambda_P': 1.5462737947266176, 'lambda_B': 1.3773611522996736, 'lambda_G': 1.230187940820171, 'n_estimators': 9256, 'max_depth': 6, 'learning_rate': 0.004198620493856857, 'subsample': 0.5424775974840685, 'colsample_bytree': 0.39343997457990193, 'colsample_bylevel': 0.7248434657345859, 'reg_alpha': 0.136445380644805, 'reg_lambda': 3.056022556951603, 'gamma': 0.00012045691844780906, 'min_child_weight': 1}. Best is trial 1422 with value: 2.996031181594198e-06.

[Trial 2204/5000] Starting at 07:18:29
  Lambdas: P=1.137, B=1.009, G=0.829
  XGBoost params: n_estimators=6413, max_depth=10
  Starting cross-validation...
  Lambdas: P=1.985, B=0.566, G=1.047
  XGBoost params: n_estimators=1790, max_depth=12
  Starting cross-validation...
  Trial 2192 MSE: 0.000003 | MAPE: 0.13% | R²: 0.092977
  Trial time: 32.6s
[I 2026-03-13 07:18:31,252] Trial 2192 finished with value: 3.02361948463659e-06 and parameters: {'lambda_P': 1.8524948507039984, 'lambda_B': 0.7967522922331747, 'lambda_G': 0.7619322501838499, 'n_estimators': 6911, 'max_depth': 4, 'learning_rate': 0.009459114402861705, 'subsample': 0.7527384423280854, 'colsample_bytree': 0.5558813784895591, 'colsample_bylevel': 0.31071374798702645, 'reg_alpha': 0.018547158361242707, 'reg_lambda': 4.475583203336328, 'gamma': 0.00016020035362591348, 'min_child_weight': 15}. Best is trial 1422 with value: 2.996031181594198e-06.

[Trial 2205/5000] Starting at 07:18:31
  Lambdas: P=1.778, B=0.701, G=0.833
  XGBoost params: n_estimators=8934, max_depth=3
  Starting cross-validation...
  Trial 2200 MSE: 0.000005 | MAPE: 0.16% | R²: -0.314049
  Trial time: 15.1s
[I 2026-03-13 07:18:33,250] Trial 2200 finished with value: 5.076887518448612e-06 and parameters: {'lambda_P': 0.8309639334306637, 'lambda_B': 0.5517845847184071, 'lambda_G': 1.9788336787346217, 'n_estimators': 3219, 'max_depth': 19, 'learning_rate': 0.0013683838864040462, 'subsample': 0.3650188930305283, 'colsample_bytree': 0.8990411573974844, 'colsample_bylevel': 0.3707675230810201, 'reg_alpha': 6.9266092312537175, 'reg_lambda': 2.774457656601304, 'gamma': 0.00012449583423667892, 'min_child_weight': 3}. Best is trial 1422 with value: 2.996031181594198e-06.

[Trial 2206/5000] Starting at 07:18:33
  Lambdas: P=1.918, B=0.880, G=0.920
  XGBoost params: n_estimators=6474, max_depth=8
  Starting cross-validation...
  Trial 2195 MSE: 0.000004 | MAPE: 0.15% | R²: -0.106838
  Trial time: 25.5s
[I 2026-03-13 07:18:34,349] Trial 2195 finished with value: 3.98867579792987e-06 and parameters: {'lambda_P': 1.8459482309967152, 'lambda_B': 0.7944549606172632, 'lambda_G': 1.0151075165583137, 'n_estimators': 5127, 'max_depth': 3, 'learning_rate': 0.14580394986808065, 'subsample': 0.48208291125456093, 'colsample_bytree': 0.31106067280033756, 'colsample_bylevel': 0.30145209441885185, 'reg_alpha': 0.30967374936215825, 'reg_lambda': 8.684930211478319, 'gamma': 0.00010512636844954537, 'min_child_weight': 12}. Best is trial 1422 with value: 2.996031181594198e-06.

[Trial 2207/5000] Starting at 07:18:34
  Lambdas: P=1.531, B=1.016, G=1.292
  XGBoost params: n_estimators=8442, max_depth=12
  Starting cross-validation...
  Trial 2190 MSE: 0.000005 | MAPE: 0.16% | R²: -0.194188
  Trial time: 40.4s
[I 2026-03-13 07:18:38,241] Trial 2190 finished with value: 4.6161191669842455e-06 and parameters: {'lambda_P': 1.2332269340828783, 'lambda_B': 0.54945032792812, 'lambda_G': 0.8053302806275737, 'n_estimators': 8594, 'max_depth': 11, 'learning_rate': 0.006021104028752766, 'subsample': 0.9988973109199845, 'colsample_bytree': 0.6262746383278053, 'colsample_bylevel': 0.4582187633182203, 'reg_alpha': 1.079626618633365, 'reg_lambda': 0.08110428649589124, 'gamma': 0.00015211121181767106, 'min_child_weight': 6}. Best is trial 1422 with value: 2.996031181594198e-06.

[Trial 2208/5000] Starting at 07:18:38
  Lambdas: P=1.947, B=0.960, G=0.654
  XGBoost params: n_estimators=4754, max_depth=2
  Starting cross-validation...
  Trial 2193 MSE: 0.000004 | MAPE: 0.15% | R²: -0.125451
  Trial time: 39.7s
[I 2026-03-13 07:18:39,325] Trial 2193 finished with value: 4.115557559095864e-06 and parameters: {'lambda_P': 1.1568866400517328, 'lambda_B': 1.4176477277760569, 'lambda_G': 1.2580249532308547, 'n_estimators': 8851, 'max_depth': 7, 'learning_rate': 0.002874332723520649, 'subsample': 0.39457911835646975, 'colsample_bytree': 0.5672384380202333, 'colsample_bylevel': 0.7974628511782552, 'reg_alpha': 0.18072093831620265, 'reg_lambda': 2.71540715725554, 'gamma': 0.00021296691644546263, 'min_child_weight': 1}. Best is trial 1422 with value: 2.996031181594198e-06.

[Trial 2209/5000] Starting at 07:18:39
  Lambdas: P=1.523, B=0.604, G=1.075
  XGBoost params: n_estimators=7314, max_depth=5
  Starting cross-validation...
  Trial 2203 MSE: 0.000005 | MAPE: 0.16% | R²: -0.314049
  Trial time: 10.2s
[I 2026-03-13 07:18:40,000] Trial 2203 finished with value: 5.076887518448612e-06 and parameters: {'lambda_P': 1.984722583610993, 'lambda_B': 0.5659766323815654, 'lambda_G': 1.0474302772955544, 'n_estimators': 1790, 'max_depth': 12, 'learning_rate': 0.045299165398342334, 'subsample': 0.6730665403045696, 'colsample_bytree': 0.3166698900225083, 'colsample_bylevel': 0.5548949614335458, 'reg_alpha': 1.6305339611106449, 'reg_lambda': 9.441943411915654, 'gamma': 0.00028019715973414197, 'min_child_weight': 16}. Best is trial 1422 with value: 2.996031181594198e-06.

[Trial 2210/5000] Starting at 07:18:40
  Lambdas: P=1.726, B=0.773, G=0.908
  XGBoost params: n_estimators=8588, max_depth=2
  Starting cross-validation...
  Trial 2194 MSE: 0.000003 | MAPE: 0.14% | R²: 0.046985
  Trial time: 41.9s
