[I 2026-03-13 07:16:34,927] Trial 2142 finished with value: 5.076887518448612e-06 and parameters: {'lambda_P': 0.9638879996440539, 'lambda_B': 0.8010849919907139, 'lambda_G': 1.141656242369478, 'n_estimators': 9186, 'max_depth': 9, 'learning_rate': 0.014135116556740258, 'subsample': 0.4254855534476788, 'colsample_bytree': 0.36412436751506394, 'colsample_bylevel': 0.633616474109415, 'reg_alpha': 5.495459483704415, 'reg_lambda': 5.5832197084234325, 'gamma': 0.0006441443158979332, 'min_child_weight': 7}. Best is trial 1422 with value: 2.996031181594198e-06.

[Trial 2157/5000] Starting at 07:16:35
  Lambdas: P=1.765, B=0.723, G=1.179
  XGBoost params: n_estimators=8852, max_depth=2
  Starting cross-validation...
  Trial 2145 MSE: 0.000004 | MAPE: 0.15% | R²: -0.129817
  Trial time: 32.2s
[I 2026-03-13 07:16:35,782] Trial 2145 finished with value: 4.17262110524029e-06 and parameters: {'lambda_P': 1.0898439438732805, 'lambda_B': 0.6384995533234874, 'lambda_G': 1.7157879007539285, 'n_estimators': 7844, 'max_depth': 5, 'learning_rate': 0.0017616555352421778, 'subsample': 0.3860734500232838, 'colsample_bytree': 0.3110252545686582, 'colsample_bylevel': 0.5899799493623809, 'reg_alpha': 0.16778128345816767, 'reg_lambda': 4.030514518716593, 'gamma': 0.0002742439509072044, 'min_child_weight': 4}. Best is trial 1422 with value: 2.996031181594198e-06.

[Trial 2158/5000] Starting at 07:16:35
  Lambdas: P=1.214, B=0.856, G=1.053
  XGBoost params: n_estimators=9635, max_depth=12
  Starting cross-validation...
  Trial 2143 MSE: 0.000005 | MAPE: 0.16% | R²: -0.314049
  Trial time: 45.6s
[I 2026-03-13 07:16:38,218] Trial 2143 finished with value: 5.076887518448612e-06 and parameters: {'lambda_P': 1.1140173877330313, 'lambda_B': 0.8682547983951574, 'lambda_G': 1.323763359526581, 'n_estimators': 9507, 'max_depth': 9, 'learning_rate': 0.0015478660355356733, 'subsample': 0.546920735707229, 'colsample_bytree': 0.459786080907997, 'colsample_bylevel': 0.5016589698667722, 'reg_alpha': 1.818498302703609, 'reg_lambda': 3.597841034481694, 'gamma': 0.00047332129151702793, 'min_child_weight': 4}. Best is trial 1422 with value: 2.996031181594198e-06.

[Trial 2159/5000] Starting at 07:16:38
  Lambdas: P=1.756, B=0.521, G=1.514
  Trial 2149 MSE: 0.000005 | MAPE: 0.16% | R²: -0.314049
  Trial time: 24.9s
[I 2026-03-13 07:16:38,710] Trial 2149 finished with value: 5.076887518448612e-06 and parameters: {'lambda_P': 1.3199279944701507, 'lambda_B': 0.9330044131320833, 'lambda_G': 1.2108874983083047, 'n_estimators': 6706, 'max_depth': 10, 'learning_rate': 0.003093385487036634, 'subsample': 0.4890085929844887, 'colsample_bytree': 0.30757133205559456, 'colsample_bylevel': 0.5782055125754962, 'reg_alpha': 2.110743477378198, 'reg_lambda': 7.979023132252015, 'gamma': 0.00019262567337907964, 'min_child_weight': 5}. Best is trial 1422 with value: 2.996031181594198e-06.

[Trial 2160/5000] Starting at 07:16:38
  XGBoost params: n_estimators=6289, max_depth=20
  Starting cross-validation...
  Lambdas: P=1.895, B=0.915, G=1.431
  XGBoost params: n_estimators=7802, max_depth=9
  Starting cross-validation...
  Trial 2144 MSE: 0.000005 | MAPE: 0.16% | R²: -0.242027
  Trial time: 37.5s
[I 2026-03-13 07:16:40,159] Trial 2144 finished with value: 4.788857543715903e-06 and parameters: {'lambda_P': 1.7308592879830562, 'lambda_B': 0.9390479246384054, 'lambda_G': 1.7096605644204765, 'n_estimators': 7716, 'max_depth': 10, 'learning_rate': 0.0016115687686884483, 'subsample': 0.47346039564562026, 'colsample_bytree': 0.3906861162774531, 'colsample_bylevel': 0.49819154521413034, 'reg_alpha': 0.31854641106972714, 'reg_lambda': 4.594799055980679, 'gamma': 0.0005974336755225676, 'min_child_weight': 10}. Best is trial 1422 with value: 2.996031181594198e-06.

[Trial 2161/5000] Starting at 07:16:40
  Lambdas: P=1.932, B=0.670, G=0.871
  XGBoost params: n_estimators=9239, max_depth=4
  Starting cross-validation...
  Trial 2148 MSE: 0.000005 | MAPE: 0.16% | R²: -0.314049
  Trial time: 37.0s
[I 2026-03-13 07:16:48,776] Trial 2148 finished with value: 5.076887518448612e-06 and parameters: {'lambda_P': 1.0547949554652223, 'lambda_B': 1.0823236348563647, 'lambda_G': 1.2841248755736754, 'n_estimators': 7990, 'max_depth': 14, 'learning_rate': 0.0012535439955775722, 'subsample': 0.6387128340452641, 'colsample_bytree': 0.3228460077452726, 'colsample_bylevel': 0.5413176055078448, 'reg_alpha': 1.7504240695820519, 'reg_lambda': 6.7335100484903085, 'gamma': 0.00015430298796464568, 'min_child_weight': 6}. Best is trial 1422 with value: 2.996031181594198e-06.

[Trial 2162/5000] Starting at 07:16:48
  Lambdas: P=1.682, B=1.134, G=1.575
  XGBoost params: n_estimators=8142, max_depth=16
  Starting cross-validation...
  Trial 2147 MSE: 0.000005 | MAPE: 0.16% | R²: -0.314049
  Trial time: 42.0s
[I 2026-03-13 07:16:49,717] Trial 2147 finished with value: 5.076887518448612e-06 and parameters: {'lambda_P': 1.2913678251449767, 'lambda_B': 0.8814372724963985, 'lambda_G': 1.0216557179139212, 'n_estimators': 9361, 'max_depth': 11, 'learning_rate': 0.0014527178420617485, 'subsample': 0.48022482315403914, 'colsample_bytree': 0.3195989525877365, 'colsample_bylevel': 0.7016734558678616, 'reg_alpha': 1.8320582848483455, 'reg_lambda': 3.9463777491671572, 'gamma': 0.0001255254424458902, 'min_child_weight': 1}. Best is trial 1422 with value: 2.996031181594198e-06.

[Trial 2163/5000] Starting at 07:16:49
  Lambdas: P=1.633, B=0.859, G=1.012
  XGBoost params: n_estimators=5779, max_depth=3
  Starting cross-validation...
  Trial 2150 MSE: 0.000004 | MAPE: 0.14% | R²: -0.017392
  Trial time: 32.7s
[I 2026-03-13 07:16:51,038] Trial 2150 finished with value: 3.5495850810658185e-06 and parameters: {'lambda_P': 0.9231147136900786, 'lambda_B': 0.8836384230318284, 'lambda_G': 1.3634838702969265, 'n_estimators': 6602, 'max_depth': 13, 'learning_rate': 0.008587967587491908, 'subsample': 0.6724829224218438, 'colsample_bytree': 0.34236103375630417, 'colsample_bylevel': 0.6345492365341278, 'reg_alpha': 0.10780891780890034, 'reg_lambda': 5.969665815752647, 'gamma': 0.0002530723599258919, 'min_child_weight': 5}. Best is trial 1422 with value: 2.996031181594198e-06.

[Trial 2164/5000] Starting at 07:16:51
  Lambdas: P=1.973, B=0.870, G=0.815
  XGBoost params: n_estimators=7026, max_depth=3
  Starting cross-validation...
  Trial 2146 MSE: 0.000005 | MAPE: 0.16% | R²: -0.314049
  Trial time: 45.4s
[I 2026-03-13 07:16:52,890] Trial 2146 finished with value: 5.076887518448612e-06 and parameters: {'lambda_P': 0.8248092384934154, 'lambda_B': 0.6387276110635279, 'lambda_G': 0.7939546804869384, 'n_estimators': 9547, 'max_depth': 15, 'learning_rate': 0.4264127358977929, 'subsample': 0.8225840753330422, 'colsample_bytree': 0.35008855897435964, 'colsample_bylevel': 0.8773132413110059, 'reg_alpha': 8.414670831623472, 'reg_lambda': 3.244265081536539, 'gamma': 0.0005416647343239484, 'min_child_weight': 9}. Best is trial 1422 with value: 2.996031181594198e-06.

[Trial 2165/5000] Starting at 07:16:52
  Lambdas: P=1.829, B=0.875, G=1.266
  XGBoost params: n_estimators=8243, max_depth=13
  Starting cross-validation...
  Trial 2151 MSE: 0.000004 | MAPE: 0.15% | R²: -0.153189
  Trial time: 38.0s
[I 2026-03-13 07:16:57,696] Trial 2151 finished with value: 4.296170598359332e-06 and parameters: {'lambda_P': 1.9686832434625572, 'lambda_B': 0.5337686602522581, 'lambda_G': 1.042396445205581, 'n_estimators': 8157, 'max_depth': 2, 'learning_rate': 0.015199658231443276, 'subsample': 0.6125169159203181, 'colsample_bytree': 0.47679911001913305, 'colsample_bylevel': 0.4281371367522032, 'reg_alpha': 0.3292074476973672, 'reg_lambda': 6.0996137118184, 'gamma': 0.00042358675633816565, 'min_child_weight': 12}. Best is trial 1422 with value: 2.996031181594198e-06.

[Trial 2166/5000] Starting at 07:16:57
  Lambdas: P=1.858, B=0.942, G=1.095
  XGBoost params: n_estimators=7461, max_depth=4
  Starting cross-validation...
  Trial 2152 MSE: 0.000005 | MAPE: 0.16% | R²: -0.314049
  Trial time: 42.9s
[I 2026-03-13 07:17:04,082] Trial 2152 finished with value: 5.076887518448612e-06 and parameters: {'lambda_P': 1.3679442173977565, 'lambda_B': 0.5542928700221056, 'lambda_G': 0.9239189195059283, 'n_estimators': 8958, 'max_depth': 11, 'learning_rate': 0.00473811901505966, 'subsample': 0.4508355560572812, 'colsample_bytree': 0.35524537065255946, 'colsample_bylevel': 0.5329721392271399, 'reg_alpha': 1.3086930609935363, 'reg_lambda': 4.8308822438714385, 'gamma': 0.0003434184189222389, 'min_child_weight': 2}. Best is trial 1422 with value: 2.996031181594198e-06.

[Trial 2167/5000] Starting at 07:17:04
  Lambdas: P=1.397, B=1.200, G=1.502
  XGBoost params: n_estimators=9061, max_depth=11
  Starting cross-validation...
  Trial 2155 MSE: 0.000004 | MAPE: 0.15% | R²: -0.159778
  Trial time: 33.8s
[I 2026-03-13 07:17:05,923] Trial 2155 finished with value: 4.334234197085261e-06 and parameters: {'lambda_P': 1.3577185198532544, 'lambda_B': 1.1139068169358994, 'lambda_G': 1.2080324878125788, 'n_estimators': 7225, 'max_depth': 13, 'learning_rate': 0.002904258173344166, 'subsample': 0.6015517207286177, 'colsample_bytree': 0.5303378022546752, 'colsample_bylevel': 0.5769209284960709, 'reg_alpha': 0.2963856196943151, 'reg_lambda': 7.68920940630789, 'gamma': 0.00048484198951396346, 'min_child_weight': 6}. Best is trial 1422 with value: 2.996031181594198e-06.

[Trial 2168/5000] Starting at 07:17:06
  Lambdas: P=1.502, B=0.763, G=0.519
  XGBoost params: n_estimators=6617, max_depth=5
  Starting cross-validation...
  Trial 2159 MSE: 0.000005 | MAPE: 0.16% | R²: -0.314049
  Trial time: 28.0s
[I 2026-03-13 07:17:06,989] Trial 2159 finished with value: 5.076887518448612e-06 and parameters: {'lambda_P': 1.8947781128769434, 'lambda_B': 0.9150283305326653, 'lambda_G': 1.4312601837258487, 'n_estimators': 7802, 'max_depth': 9, 'learning_rate': 0.005576333509026258, 'subsample': 0.43806802287270846, 'colsample_bytree': 0.3839475085839007, 'colsample_bylevel': 0.7131576016177141, 'reg_alpha': 2.396261038412514, 'reg_lambda': 5.472505877146912, 'gamma': 0.00012128085749502437, 'min_child_weight': 3}. Best is trial 1422 with value: 2.996031181594198e-06.

[Trial 2169/5000] Starting at 07:17:07
  Lambdas: P=1.335, B=1.194, G=1.219
  XGBoost params: n_estimators=9522, max_depth=9
  Starting cross-validation...
  Trial 2153 MSE: 0.000004 | MAPE: 0.15% | R²: -0.111803
  Trial time: 45.4s
[I 2026-03-13 07:17:08,335] Trial 2153 finished with value: 4.0970554261511835e-06 and parameters: {'lambda_P': 1.792136954331624, 'lambda_B': 1.182978442052092, 'lambda_G': 1.0942884374306179, 'n_estimators': 9852, 'max_depth': 3, 'learning_rate': 0.038763757656894784, 'subsample': 0.5508559999271443, 'colsample_bytree': 0.3683269548029942, 'colsample_bylevel': 0.5854171886180588, 'reg_alpha': 0.38504330098351836, 'reg_lambda': 7.783287207765516, 'gamma': 0.0001328786452871386, 'min_child_weight': 14}. Best is trial 1422 with value: 2.996031181594198e-06.

[Trial 2170/5000] Starting at 07:17:08
  Trial 2158 MSE: 0.000004 | MAPE: 0.15% | R²: -0.156634
  Trial time: 30.3s
[I 2026-03-13 07:17:08,668] Trial 2158 finished with value: 4.345672089855047e-06 and parameters: {'lambda_P': 1.7560107022797586, 'lambda_B': 0.5209987896326564, 'lambda_G': 1.513705065175031, 'n_estimators': 6289, 'max_depth': 20, 'learning_rate': 0.16501527310574327, 'subsample': 0.9452493637700767, 'colsample_bytree': 0.8963259760367265, 'colsample_bylevel': 0.9516444608932294, 'reg_alpha': 0.7543084860270781, 'reg_lambda': 8.663678832316691, 'gamma': 0.00028532854430695276, 'min_child_weight': 9}. Best is trial 1422 with value: 2.996031181594198e-06.

[Trial 2171/5000] Starting at 07:17:08
  Lambdas: P=1.912, B=0.859, G=1.428
  XGBoost params: n_estimators=5563, max_depth=14
  Starting cross-validation...
  Lambdas: P=1.683, B=0.861, G=0.911
  XGBoost params: n_estimators=7657, max_depth=3
  Starting cross-validation...
  Trial 2162 MSE: 0.000005 | MAPE: 0.16% | R²: -0.314049
  Trial time: 21.4s
[I 2026-03-13 07:17:11,386] Trial 2162 finished with value: 5.076887518448612e-06 and parameters: {'lambda_P': 1.6334227968666002, 'lambda_B': 0.8592585807180886, 'lambda_G': 1.0122170168475528, 'n_estimators': 5779, 'max_depth': 3, 'learning_rate': 0.00704685420273317, 'subsample': 0.6123969378128965, 'colsample_bytree': 0.3009207928562908, 'colsample_bylevel': 0.4004911598178024, 'reg_alpha': 1.4222264087430176, 'reg_lambda': 9.08810088114241, 'gamma': 0.00012916877797579688, 'min_child_weight': 11}. Best is trial 1422 with value: 2.996031181594198e-06.

[Trial 2172/5000] Starting at 07:17:11
  Trial 2154 MSE: 0.000004 | MAPE: 0.15% | R²: -0.129134
  Trial time: 44.2s
[I 2026-03-13 07:17:11,637] Trial 2154 finished with value: 4.192887308097218e-06 and parameters: {'lambda_P': 1.2008100981747807, 'lambda_B': 0.5817925755667164, 'lambda_G': 1.2563527202449638, 'n_estimators': 9355, 'max_depth': 11, 'learning_rate': 0.002446207915191204, 'subsample': 0.5328480946407177, 'colsample_bytree': 0.5196485978239775, 'colsample_bylevel': 0.5406849958106672, 'reg_alpha': 0.3154153294501316, 'reg_lambda': 6.0769542762694355, 'gamma': 0.00023533479451030894, 'min_child_weight': 3}. Best is trial 1422 with value: 2.996031181594198e-06.

[Trial 2173/5000] Starting at 07:17:11
  Lambdas: P=1.670, B=1.250, G=1.760
  XGBoost params: n_estimators=6909, max_depth=4
  Starting cross-validation...
  Lambdas: P=1.860, B=0.899, G=1.026
  XGBoost params: n_estimators=7538, max_depth=4
  Starting cross-validation...
  Trial 2157 MSE: 0.000005 | MAPE: 0.16% | R²: -0.314049
  Trial time: 42.5s
[I 2026-03-13 07:17:18,496] Trial 2157 finished with value: 5.076887518448612e-06 and parameters: {'lambda_P': 1.2141889538228612, 'lambda_B': 0.8559717429287752, 'lambda_G': 1.0531359796204531, 'n_estimators': 9635, 'max_depth': 12, 'learning_rate': 0.01035133935622947, 'subsample': 0.3920922029684435, 'colsample_bytree': 0.3244066449346547, 'colsample_bylevel': 0.6550752934177659, 'reg_alpha': 1.602486267844321, 'reg_lambda': 4.556402188816507, 'gamma': 0.00013203862230248085, 'min_child_weight': 5}. Best is trial 1422 with value: 2.996031181594198e-06.

[Trial 2174/5000] Starting at 07:17:18
  Lambdas: P=0.857, B=1.514, G=1.067
  XGBoost params: n_estimators=3419, max_depth=2
  Starting cross-validation...
  Trial 2156 MSE: 0.000005 | MAPE: 0.16% | R²: -0.314049
  Trial time: 45.4s
[I 2026-03-13 07:17:20,510] Trial 2156 finished with value: 5.076887518448612e-06 and parameters: {'lambda_P': 1.765112521985146, 'lambda_B': 0.7225010243032075, 'lambda_G': 1.1790757723512306, 'n_estimators': 8852, 'max_depth': 2, 'learning_rate': 0.013253956603409433, 'subsample': 0.5906588991041739, 'colsample_bytree': 0.40830487576666785, 'colsample_bylevel': 0.399875187061601, 'reg_alpha': 1.925218026651999, 'reg_lambda': 6.871426340403095, 'gamma': 0.0001500825925999575, 'min_child_weight': 11}. Best is trial 1422 with value: 2.996031181594198e-06.

[Trial 2175/5000] Starting at 07:17:20
  Lambdas: P=1.313, B=1.116, G=1.723
  XGBoost params: n_estimators=8130, max_depth=11
  Starting cross-validation...
  Trial 2160 MSE: 0.000003 | MAPE: 0.14% | R²: 0.009306
  Trial time: 43.5s
[I 2026-03-13 07:17:23,898] Trial 2160 finished with value: 3.388575251640938e-06 and parameters: {'lambda_P': 1.9318520037605995, 'lambda_B': 0.6700723713388298, 'lambda_G': 0.8706394181556782, 'n_estimators': 9239, 'max_depth': 4, 'learning_rate': 0.01032323368493531, 'subsample': 0.5938767661975278, 'colsample_bytree': 0.40857397731718603, 'colsample_bylevel': 0.30681054031607935, 'reg_alpha': 0.07331301861808423, 'reg_lambda': 5.720795257560578, 'gamma': 0.00020552515698767912, 'min_child_weight': 8}. Best is trial 1422 with value: 2.996031181594198e-06.

[Trial 2176/5000] Starting at 07:17:23
  Trial 2163 MSE: 0.000003 | MAPE: 0.13% | R²: 0.082163
  Trial time: 32.9s
[I 2026-03-13 07:17:24,087] Trial 2163 finished with value: 3.0772480685554167e-06 and parameters: {'lambda_P': 1.972746086025355, 'lambda_B': 0.8700297426144903, 'lambda_G': 0.8153778574518058, 'n_estimators': 7026, 'max_depth': 3, 'learning_rate': 0.014129804237227006, 'subsample': 0.7532280759589849, 'colsample_bytree': 0.5381540308296622, 'colsample_bylevel': 0.3275177190787816, 'reg_alpha': 0.0015447201041132522, 'reg_lambda': 4.638902733983283, 'gamma': 0.00013471890003742993, 'min_child_weight': 11}. Best is trial 1422 with value: 2.996031181594198e-06.

[Trial 2177/5000] Starting at 07:17:24
  Lambdas: P=1.985, B=0.922, G=1.051
  Lambdas: P=1.998, B=1.231, G=1.226
  XGBoost params: n_estimators=7318, max_depth=5
  Starting cross-validation...
  XGBoost params: n_estimators=7012, max_depth=8
  Starting cross-validation...
  Trial 2161 MSE: 0.000005 | MAPE: 0.16% | R²: -0.258803
  Trial time: 39.0s
[I 2026-03-13 07:17:27,968] Trial 2161 finished with value: 4.920800081984722e-06 and parameters: {'lambda_P': 1.6822933206708646, 'lambda_B': 1.1340978771836794, 'lambda_G': 1.5747015706476477, 'n_estimators': 8142, 'max_depth': 16, 'learning_rate': 0.003915509880650831, 'subsample': 0.5288542869753364, 'colsample_bytree': 0.4072979985313868, 'colsample_bylevel': 0.7312231920426573, 'reg_alpha': 0.7075085545050951, 'reg_lambda': 4.691291784705144, 'gamma': 0.0001340793845818558, 'min_child_weight': 3}. Best is trial 1422 with value: 2.996031181594198e-06.

[Trial 2178/5000] Starting at 07:17:28
  Lambdas: P=1.943, B=1.231, G=0.990
  XGBoost params: n_estimators=6818, max_depth=2
  Starting cross-validation...
  Trial 2164 MSE: 0.000005 | MAPE: 0.16% | R²: -0.298496
  Trial time: 38.3s
[I 2026-03-13 07:17:31,423] Trial 2164 finished with value: 5.038565091191695e-06 and parameters: {'lambda_P': 1.8285218128888605, 'lambda_B': 0.874947292816127, 'lambda_G': 1.2663539961680566, 'n_estimators': 8243, 'max_depth': 13, 'learning_rate': 0.002491953563674279, 'subsample': 0.54639998010585, 'colsample_bytree': 0.3455786146650316, 'colsample_bylevel': 0.7408797068506359, 'reg_alpha': 0.8740108929040373, 'reg_lambda': 5.176062650368705, 'gamma': 0.00011151860160158902, 'min_child_weight': 5}. Best is trial 1422 with value: 2.996031181594198e-06.

[Trial 2179/5000] Starting at 07:17:31
  Lambdas: P=1.908, B=0.835, G=0.766
  XGBoost params: n_estimators=5112, max_depth=3
  Starting cross-validation...
  Trial 2165 MSE: 0.000005 | MAPE: 0.16% | R²: -0.193146
  Trial time: 35.3s
[I 2026-03-13 07:17:33,204] Trial 2165 finished with value: 4.511427085220425e-06 and parameters: {'lambda_P': 1.857947414200004, 'lambda_B': 0.9416123783835569, 'lambda_G': 1.094721467610996, 'n_estimators': 7461, 'max_depth': 4, 'learning_rate': 0.012346418942418756, 'subsample': 0.5532163249092881, 'colsample_bytree': 0.43486828448273407, 'colsample_bylevel': 0.5016552545042195, 'reg_alpha': 0.3066217413242746, 'reg_lambda': 9.74308021981388, 'gamma': 0.0005890789259157347, 'min_child_weight': 16}. Best is trial 1422 with value: 2.996031181594198e-06.

[Trial 2180/5000] Starting at 07:17:33
  Lambdas: P=1.667, B=0.761, G=0.722
  XGBoost params: n_estimators=5709, max_depth=3
  Starting cross-validation...
  Trial 2173 MSE: 0.000005 | MAPE: 0.16% | R²: -0.314049
  Trial time: 15.9s
[I 2026-03-13 07:17:34,655] Trial 2173 finished with value: 5.076887518448612e-06 and parameters: {'lambda_P': 0.8574206445363683, 'lambda_B': 1.5136193367879547, 'lambda_G': 1.066892558497095, 'n_estimators': 3419, 'max_depth': 2, 'learning_rate': 0.0024875677964242855, 'subsample': 0.43185039536057906, 'colsample_bytree': 0.8861603392711406, 'colsample_bylevel': 0.3220934998750577, 'reg_alpha': 5.168461174498896, 'reg_lambda': 4.879514488725424, 'gamma': 0.029043637782946715, 'min_child_weight': 6}. Best is trial 1422 with value: 2.996031181594198e-06.

[Trial 2181/5000] Starting at 07:17:34
  Lambdas: P=1.684, B=1.284, G=0.574
  XGBoost params: n_estimators=8080, max_depth=3
  Starting cross-validation...
  Trial 2169 MSE: 0.000005 | MAPE: 0.16% | R²: -0.274621
  Trial time: 27.4s
[I 2026-03-13 07:17:35,985] Trial 2169 finished with value: 4.959011018473928e-06 and parameters: {'lambda_P': 1.911607734228569, 'lambda_B': 0.8594711496762795, 'lambda_G': 1.4276258854513246, 'n_estimators': 5563, 'max_depth': 14, 'learning_rate': 0.007713762719195075, 'subsample': 0.8759981682462866, 'colsample_bytree': 0.570805644670468, 'colsample_bylevel': 0.594655570607221, 'reg_alpha': 0.8518406593871757, 'reg_lambda': 9.485111205502498, 'gamma': 0.0007108470396586967, 'min_child_weight': 17}. Best is trial 1422 with value: 2.996031181594198e-06.

[Trial 2182/5000] Starting at 07:17:36
  Lambdas: P=1.972, B=1.174, G=0.864
  XGBoost params: n_estimators=6902, max_depth=4
  Starting cross-validation...
  Trial 2171 MSE: 0.000005 | MAPE: 0.16% | R²: -0.314049
  Trial time: 26.6s
[I 2026-03-13 07:17:38,221] Trial 2171 finished with value: 5.076887518448612e-06 and parameters: {'lambda_P': 1.6699076247625162, 'lambda_B': 1.2497677995892467, 'lambda_G': 1.7602044655606892, 'n_estimators': 6909, 'max_depth': 4, 'learning_rate': 0.03287335048542765, 'subsample': 0.5213772800880331, 'colsample_bytree': 0.3057845898041911, 'colsample_bylevel': 0.3429002408526525, 'reg_alpha': 1.0698828983860231, 'reg_lambda': 5.358163820156088, 'gamma': 0.00010172396607281723, 'min_child_weight': 15}. Best is trial 1422 with value: 2.996031181594198e-06.

[Trial 2183/5000] Starting at 07:17:38
  Lambdas: P=1.851, B=0.962, G=0.682
  XGBoost params: n_estimators=7891, max_depth=3
  Starting cross-validation...
  Trial 2167 MSE: 0.000003 | MAPE: 0.14% | R²: 0.029869
  Trial time: 33.2s
