[I 2026-03-13 06:29:24,673] Trial 635 finished with value: 5.076887518448612e-06 and parameters: {'lambda_P': 0.6315597703447715, 'lambda_B': 1.8970440533413202, 'lambda_G': 1.130639823665246, 'n_estimators': 4270, 'max_depth': 7, 'learning_rate': 0.014032621789834396, 'subsample': 0.9215767332166311, 'colsample_bytree': 0.8217574229150395, 'colsample_bylevel': 0.7105248025577153, 'reg_alpha': 1.794948583051753, 'reg_lambda': 9.464150961814504, 'gamma': 0.000356730338602219, 'min_child_weight': 2}. Best is trial 413 with value: 3.3629712059134554e-06.

[Trial 649/5000] Starting at 06:29:24
  Lambdas: P=0.902, B=1.888, G=0.591
  XGBoost params: n_estimators=4358, max_depth=12
  Starting cross-validation...
  Trial 642 MSE: 0.000005 | MAPE: 0.16% | R²: -0.228971
  Trial time: 13.4s
[I 2026-03-13 06:29:28,432] Trial 642 finished with value: 4.7062615462232815e-06 and parameters: {'lambda_P': 0.5803979852759302, 'lambda_B': 1.4134673062230632, 'lambda_G': 0.6453697086631118, 'n_estimators': 2650, 'max_depth': 10, 'learning_rate': 0.012305331262265625, 'subsample': 0.6900244769471933, 'colsample_bytree': 0.7199666771780705, 'colsample_bylevel': 0.7145125326450097, 'reg_alpha': 0.49627096425016287, 'reg_lambda': 5.321690144429726, 'gamma': 0.0006537748505679213, 'min_child_weight': 16}. Best is trial 413 with value: 3.3629712059134554e-06.

[Trial 650/5000] Starting at 06:29:28
  Lambdas: P=0.543, B=1.613, G=0.966
  XGBoost params: n_estimators=3249, max_depth=7
  Starting cross-validation...
  Trial 644 MSE: 0.000005 | MAPE: 0.16% | R²: -0.314049
  Trial time: 15.8s
[I 2026-03-13 06:29:34,329] Trial 644 finished with value: 5.076887518448612e-06 and parameters: {'lambda_P': 0.8116492903239939, 'lambda_B': 1.8664532826819453, 'lambda_G': 0.6561480215571354, 'n_estimators': 3328, 'max_depth': 12, 'learning_rate': 0.0037786722413656864, 'subsample': 0.6529360643189288, 'colsample_bytree': 0.5810251384366271, 'colsample_bylevel': 0.7126491548023559, 'reg_alpha': 1.2826424870933357, 'reg_lambda': 6.092141465597367, 'gamma': 0.0004499451185019147, 'min_child_weight': 19}. Best is trial 413 with value: 3.3629712059134554e-06.

[Trial 651/5000] Starting at 06:29:34
  Lambdas: P=0.550, B=1.848, G=0.644
  XGBoost params: n_estimators=6627, max_depth=12
  Starting cross-validation...
  Trial 632 MSE: 0.000005 | MAPE: 0.16% | R²: -0.206498
  Trial time: 37.5s
[I 2026-03-13 06:29:35,656] Trial 632 finished with value: 4.61932770872179e-06 and parameters: {'lambda_P': 1.333559562677653, 'lambda_B': 1.5184576138911936, 'lambda_G': 0.5310670733439871, 'n_estimators': 7720, 'max_depth': 7, 'learning_rate': 0.0013712404359759408, 'subsample': 0.8107041787041895, 'colsample_bytree': 0.39377012562396024, 'colsample_bylevel': 0.5586417549631952, 'reg_alpha': 0.7114767185382715, 'reg_lambda': 6.548590880633487, 'gamma': 0.0003558245719590032, 'min_child_weight': 20}. Best is trial 413 with value: 3.3629712059134554e-06.

[Trial 652/5000] Starting at 06:29:35
  Lambdas: P=0.925, B=1.788, G=0.925
  XGBoost params: n_estimators=9666, max_depth=10
  Starting cross-validation...
  Trial 630 MSE: 0.000005 | MAPE: 0.16% | R²: -0.272241
  Trial time: 43.1s
[I 2026-03-13 06:29:37,001] Trial 630 finished with value: 4.964180634230796e-06 and parameters: {'lambda_P': 1.019588844862283, 'lambda_B': 1.3791628074823066, 'lambda_G': 0.6486543502761302, 'n_estimators': 8909, 'max_depth': 9, 'learning_rate': 0.0023911201500458755, 'subsample': 0.8774060162107885, 'colsample_bytree': 0.3830323393257102, 'colsample_bylevel': 0.6933621605530975, 'reg_alpha': 1.2496325574200386, 'reg_lambda': 9.620233919962295, 'gamma': 0.00015202026306170802, 'min_child_weight': 19}. Best is trial 413 with value: 3.3629712059134554e-06.

[Trial 653/5000] Starting at 06:29:37
  Lambdas: P=1.449, B=1.439, G=0.578
  XGBoost params: n_estimators=8125, max_depth=9
  Starting cross-validation...
  Trial 637 MSE: 0.000005 | MAPE: 0.16% | R²: -0.292572
  Trial time: 36.0s
[I 2026-03-13 06:29:41,315] Trial 637 finished with value: 5.017139065763382e-06 and parameters: {'lambda_P': 1.1169053055825833, 'lambda_B': 1.9776746530653406, 'lambda_G': 1.3561117402227787, 'n_estimators': 8421, 'max_depth': 20, 'learning_rate': 0.002634906297091982, 'subsample': 0.639222499624527, 'colsample_bytree': 0.9296879060594346, 'colsample_bylevel': 0.4655520609754199, 'reg_alpha': 0.8239749380290791, 'reg_lambda': 2.3748981227791863, 'gamma': 0.0003414141813902401, 'min_child_weight': 8}. Best is trial 413 with value: 3.3629712059134554e-06.

[Trial 654/5000] Starting at 06:29:41
  Lambdas: P=1.036, B=1.238, G=0.613
  XGBoost params: n_estimators=6534, max_depth=15
  Starting cross-validation...
  Trial 638 MSE: 0.000005 | MAPE: 0.16% | R²: -0.314049
  Trial time: 37.1s
[I 2026-03-13 06:29:42,814] Trial 638 finished with value: 5.076887518448612e-06 and parameters: {'lambda_P': 1.4203696087574464, 'lambda_B': 1.680903871697809, 'lambda_G': 0.7223068354127471, 'n_estimators': 7907, 'max_depth': 10, 'learning_rate': 0.0018600041443978482, 'subsample': 0.9935662601624786, 'colsample_bytree': 0.4393314572389618, 'colsample_bylevel': 0.6290972847283373, 'reg_alpha': 0.8818491776973765, 'reg_lambda': 9.2092682991213, 'gamma': 0.0023476173847719784, 'min_child_weight': 9}. Best is trial 413 with value: 3.3629712059134554e-06.

[Trial 655/5000] Starting at 06:29:42
  Lambdas: P=0.593, B=1.462, G=0.759
  Trial 643 MSE: 0.000004 | MAPE: 0.15% | R²: -0.061441
  Trial time: 26.4s
[I 2026-03-13 06:29:43,313] Trial 643 finished with value: 3.8083432965467707e-06 and parameters: {'lambda_P': 0.8172065925753783, 'lambda_B': 1.8471106222552354, 'lambda_G': 0.8584335219770798, 'n_estimators': 5497, 'max_depth': 16, 'learning_rate': 0.02316288025319461, 'subsample': 0.8086490031943219, 'colsample_bytree': 0.6673969776861306, 'colsample_bylevel': 0.4724479270293992, 'reg_alpha': 0.25693610475805617, 'reg_lambda': 6.7900331880326545, 'gamma': 0.0003086001743666358, 'min_child_weight': 18}. Best is trial 413 with value: 3.3629712059134554e-06.  XGBoost params: n_estimators=5998, max_depth=10
  Starting cross-validation...


[Trial 656/5000] Starting at 06:29:43
  Lambdas: P=0.987, B=1.707, G=1.169
  XGBoost params: n_estimators=3508, max_depth=17
  Starting cross-validation...
  Trial 649 MSE: 0.000003 | MAPE: 0.14% | R²: -0.002874
  Trial time: 15.7s
[I 2026-03-13 06:29:44,276] Trial 649 finished with value: 3.4953875702184456e-06 and parameters: {'lambda_P': 0.542507040281844, 'lambda_B': 1.6128406035061533, 'lambda_G': 0.9662162071410836, 'n_estimators': 3249, 'max_depth': 7, 'learning_rate': 0.013509542183947978, 'subsample': 0.7788405162525969, 'colsample_bytree': 0.6713942559397531, 'colsample_bylevel': 0.46000587790989944, 'reg_alpha': 0.10433334672793575, 'reg_lambda': 7.678537802450254, 'gamma': 0.00015816335770379297, 'min_child_weight': 13}. Best is trial 413 with value: 3.3629712059134554e-06.

[Trial 657/5000] Starting at 06:29:44
  Lambdas: P=0.732, B=1.509, G=0.814
  Trial 646 MSE: 0.000005 | MAPE: 0.16% | R²: -0.314049
  Trial time: 23.4s
  XGBoost params: n_estimators=2445, max_depth=9
[I 2026-03-13 06:29:44,744] Trial 646 finished with value: 5.076887518448612e-06 and parameters: {'lambda_P': 1.5241068621197793, 'lambda_B': 1.9305078606625488, 'lambda_G': 0.8180265612678894, 'n_estimators': 5884, 'max_depth': 11, 'learning_rate': 0.001527570253128953, 'subsample': 0.6961891513154265, 'colsample_bytree': 0.6288008656551789, 'colsample_bylevel': 0.6661059124032599, 'reg_alpha': 1.5172517124227076, 'reg_lambda': 9.160898255652036, 'gamma': 0.0008155237459835058, 'min_child_weight': 7}. Best is trial 413 with value: 3.3629712059134554e-06.
  Starting cross-validation...

[Trial 658/5000] Starting at 06:29:44
  Lambdas: P=0.668, B=1.878, G=0.789
  XGBoost params: n_estimators=4767, max_depth=15
  Starting cross-validation...
  Trial 648 MSE: 0.000004 | MAPE: 0.15% | R²: -0.152837
  Trial time: 21.7s
[I 2026-03-13 06:29:46,595] Trial 648 finished with value: 4.257535525100403e-06 and parameters: {'lambda_P': 0.9015041857650907, 'lambda_B': 1.8876615899026055, 'lambda_G': 0.5913054662269669, 'n_estimators': 4358, 'max_depth': 12, 'learning_rate': 0.007851167187041059, 'subsample': 0.9068925499012671, 'colsample_bytree': 0.8521357913518743, 'colsample_bylevel': 0.5784994910420759, 'reg_alpha': 0.2451191387372832, 'reg_lambda': 7.135072115981324, 'gamma': 0.0008112851914188817, 'min_child_weight': 19}. Best is trial 413 with value: 3.3629712059134554e-06.

[Trial 659/5000] Starting at 06:29:46
  Lambdas: P=0.593, B=1.990, G=1.021
  XGBoost params: n_estimators=8492, max_depth=19
  Starting cross-validation...
  Trial 647 MSE: 0.000005 | MAPE: 0.16% | R²: -0.314049
  Trial time: 23.7s
[I 2026-03-13 06:29:47,717] Trial 647 finished with value: 5.076887518448612e-06 and parameters: {'lambda_P': 0.5533902714763466, 'lambda_B': 1.8586037914703866, 'lambda_G': 0.5259507657136565, 'n_estimators': 4948, 'max_depth': 10, 'learning_rate': 0.0023266772112623115, 'subsample': 0.846645889277414, 'colsample_bytree': 0.7248016165152446, 'colsample_bylevel': 0.5994974525130643, 'reg_alpha': 2.4249444853930386, 'reg_lambda': 6.416176166747325, 'gamma': 0.000428982727791875, 'min_child_weight': 20}. Best is trial 413 with value: 3.3629712059134554e-06.

[Trial 660/5000] Starting at 06:29:47
  Lambdas: P=1.771, B=1.571, G=0.779
  XGBoost params: n_estimators=6342, max_depth=14
  Starting cross-validation...
  Trial 640 MSE: 0.000005 | MAPE: 0.16% | R²: -0.314049
  Trial time: 36.7s
[I 2026-03-13 06:29:48,344] Trial 640 finished with value: 5.076887518448612e-06 and parameters: {'lambda_P': 1.2426402829375758, 'lambda_B': 1.421877275199628, 'lambda_G': 0.8436026996775746, 'n_estimators': 8742, 'max_depth': 12, 'learning_rate': 0.0019855440521367586, 'subsample': 0.736068488582826, 'colsample_bytree': 0.38438411602651557, 'colsample_bylevel': 0.559757124562293, 'reg_alpha': 2.9910760548922015, 'reg_lambda': 9.3271770010309, 'gamma': 0.0010743305756465455, 'min_child_weight': 10}. Best is trial 413 with value: 3.3629712059134554e-06.

[Trial 661/5000] Starting at 06:29:48
  Lambdas: P=0.730, B=1.675, G=0.985
  XGBoost params: n_estimators=6955, max_depth=20
  Starting cross-validation...
  Trial 645 MSE: 0.000005 | MAPE: 0.16% | R²: -0.284481
  Trial time: 28.7s
[I 2026-03-13 06:29:49,280] Trial 645 finished with value: 4.9974020348293284e-06 and parameters: {'lambda_P': 0.6255268840616482, 'lambda_B': 1.8360847348165394, 'lambda_G': 0.5323957564076075, 'n_estimators': 5575, 'max_depth': 10, 'learning_rate': 0.007440085403261158, 'subsample': 0.6813547221733512, 'colsample_bytree': 0.6705099107520631, 'colsample_bylevel': 0.6099338648976685, 'reg_alpha': 0.9831524560539007, 'reg_lambda': 4.59932008328001, 'gamma': 0.00018474979407741987, 'min_child_weight': 13}. Best is trial 413 with value: 3.3629712059134554e-06.

[Trial 662/5000] Starting at 06:29:49
  Lambdas: P=0.809, B=1.859, G=0.580
  XGBoost params: n_estimators=6765, max_depth=19
  Starting cross-validation...
  Trial 639 MSE: 0.000004 | MAPE: 0.15% | R²: -0.077033
  Trial time: 45.1s
[I 2026-03-13 06:29:52,955] Trial 639 finished with value: 3.828928269289073e-06 and parameters: {'lambda_P': 1.1830014833046525, 'lambda_B': 1.5497678228030307, 'lambda_G': 0.8610079988371147, 'n_estimators': 9308, 'max_depth': 15, 'learning_rate': 0.0013336136450116927, 'subsample': 0.8222509235175414, 'colsample_bytree': 0.5639946058361053, 'colsample_bylevel': 0.5711161563609504, 'reg_alpha': 0.08901715200166421, 'reg_lambda': 6.5314979290016835, 'gamma': 0.0005029107436552052, 'min_child_weight': 8}. Best is trial 413 with value: 3.3629712059134554e-06.

[Trial 663/5000] Starting at 06:29:53
  Lambdas: P=1.183, B=1.474, G=1.030
  XGBoost params: n_estimators=7432, max_depth=19
  Starting cross-validation...
  Trial 641 MSE: 0.000005 | MAPE: 0.16% | R²: -0.254845
  Trial time: 40.1s
[I 2026-03-13 06:29:54,952] Trial 641 finished with value: 4.886655881828782e-06 and parameters: {'lambda_P': 1.2646077236231832, 'lambda_B': 1.7332560546183617, 'lambda_G': 0.7819696305635162, 'n_estimators': 8056, 'max_depth': 16, 'learning_rate': 0.0021627121414771635, 'subsample': 0.7832743760236857, 'colsample_bytree': 0.41604078518807225, 'colsample_bylevel': 0.6354579788787781, 'reg_alpha': 0.8281594999869019, 'reg_lambda': 9.965661619679121, 'gamma': 0.00037173855871601284, 'min_child_weight': 7}. Best is trial 413 with value: 3.3629712059134554e-06.

[Trial 664/5000] Starting at 06:29:55
  Lambdas: P=1.873, B=1.561, G=1.027
  XGBoost params: n_estimators=6362, max_depth=13
  Starting cross-validation...
  Trial 656 MSE: 0.000005 | MAPE: 0.16% | R²: -0.314049
  Trial time: 12.4s
[I 2026-03-13 06:29:56,839] Trial 656 finished with value: 5.076887518448612e-06 and parameters: {'lambda_P': 0.7320905468951054, 'lambda_B': 1.509234913341462, 'lambda_G': 0.8141957530595532, 'n_estimators': 2445, 'max_depth': 9, 'learning_rate': 0.24468070038105547, 'subsample': 0.6597468018965968, 'colsample_bytree': 0.5964186623920751, 'colsample_bylevel': 0.5230664809411152, 'reg_alpha': 1.334288691121203, 'reg_lambda': 7.746367119293632, 'gamma': 0.0002894144931137992, 'min_child_weight': 12}. Best is trial 413 with value: 3.3629712059134554e-06.

[Trial 665/5000] Starting at 06:29:56
  Lambdas: P=0.918, B=1.500, G=0.955
  XGBoost params: n_estimators=6983, max_depth=18
  Starting cross-validation...
  Trial 655 MSE: 0.000005 | MAPE: 0.16% | R²: -0.321527
  Trial time: 17.6s
[I 2026-03-13 06:30:01,102] Trial 655 finished with value: 5.089928782250422e-06 and parameters: {'lambda_P': 0.9873507047274668, 'lambda_B': 1.7072334298186185, 'lambda_G': 1.1687275522484142, 'n_estimators': 3508, 'max_depth': 17, 'learning_rate': 0.04390892363027335, 'subsample': 0.743968237361326, 'colsample_bytree': 0.7612489535445326, 'colsample_bylevel': 0.5091622680769378, 'reg_alpha': 0.14507179891254615, 'reg_lambda': 6.257354531749682, 'gamma': 0.003716991622754002, 'min_child_weight': 18}. Best is trial 413 with value: 3.3629712059134554e-06.

[Trial 666/5000] Starting at 06:30:01
  Lambdas: P=1.219, B=1.498, G=0.648
  XGBoost params: n_estimators=8341, max_depth=15
  Starting cross-validation...
  Trial 653 MSE: 0.000005 | MAPE: 0.16% | R²: -0.314049
  Trial time: 23.1s
[I 2026-03-13 06:30:04,587] Trial 653 finished with value: 5.076887518448612e-06 and parameters: {'lambda_P': 1.0360593927937836, 'lambda_B': 1.2381647082863294, 'lambda_G': 0.6129244237075014, 'n_estimators': 6534, 'max_depth': 15, 'learning_rate': 0.013199573416268562, 'subsample': 0.9248922259071649, 'colsample_bytree': 0.8698513880900335, 'colsample_bylevel': 0.5203147496540905, 'reg_alpha': 1.7326078462556402, 'reg_lambda': 6.455969973687636, 'gamma': 0.0001137906127041841, 'min_child_weight': 14}. Best is trial 413 with value: 3.3629712059134554e-06.

[Trial 667/5000] Starting at 06:30:04
  Lambdas: P=0.803, B=1.789, G=1.005
  XGBoost params: n_estimators=5099, max_depth=18
  Starting cross-validation...
  Trial 657 MSE: 0.000003 | MAPE: 0.14% | R²: 0.018206
  Trial time: 21.2s
[I 2026-03-13 06:30:06,157] Trial 657 finished with value: 3.356577961852972e-06 and parameters: {'lambda_P': 0.6676295086453597, 'lambda_B': 1.8778603263194258, 'lambda_G': 0.7887106235594399, 'n_estimators': 4767, 'max_depth': 15, 'learning_rate': 0.016819076484598263, 'subsample': 0.6456289879933682, 'colsample_bytree': 0.7998381194873779, 'colsample_bylevel': 0.42542140935156125, 'reg_alpha': 0.0005759563321527938, 'reg_lambda': 7.6336024184850615, 'gamma': 0.00017087188290720954, 'min_child_weight': 16}. Best is trial 657 with value: 3.356577961852972e-06.

[NEW BEST] Trial 657: 0.000003
Parameters: {'lambda_P': 0.6676295086453597, 'lambda_B': 1.8778603263194258, 'lambda_G': 0.7887106235594399, 'n_estimators': 4767, 'max_depth': 15, 'learning_rate': 0.016819076484598263, 'subsample': 0.6456289879933682, 'colsample_bytree': 0.7998381194873779, 'colsample_bylevel': 0.42542140935156125, 'reg_alpha': 0.0005759563321527938, 'reg_lambda': 7.6336024184850615, 'gamma': 0.00017087188290720954, 'min_child_weight': 16}


[Trial 668/5000] Starting at 06:30:06
  Lambdas: P=1.467, B=1.514, G=0.971
  XGBoost params: n_estimators=8618, max_depth=14
  Starting cross-validation...
  Trial 650 MSE: 0.000004 | MAPE: 0.15% | R²: -0.058461
  Trial time: 33.1s
[I 2026-03-13 06:30:07,623] Trial 650 finished with value: 3.777864437310411e-06 and parameters: {'lambda_P': 0.5504599218458448, 'lambda_B': 1.847573507894237, 'lambda_G': 0.6441122910260858, 'n_estimators': 6627, 'max_depth': 12, 'learning_rate': 0.005648250297808315, 'subsample': 0.8269514009767478, 'colsample_bytree': 0.8623406312715968, 'colsample_bylevel': 0.5174636592497128, 'reg_alpha': 0.11341227104529086, 'reg_lambda': 2.899306953872707, 'gamma': 0.00033813525403082913, 'min_child_weight': 12}. Best is trial 657 with value: 3.356577961852972e-06.

[Trial 669/5000] Starting at 06:30:07
  Lambdas: P=0.749, B=1.817, G=0.702
  XGBoost params: n_estimators=5940, max_depth=15
  Starting cross-validation...
  Trial 654 MSE: 0.000004 | MAPE: 0.15% | R²: -0.126550
  Trial time: 27.6s
[I 2026-03-13 06:30:10,629] Trial 654 finished with value: 4.1146729955526375e-06 and parameters: {'lambda_P': 0.5927623979426453, 'lambda_B': 1.4621544658636279, 'lambda_G': 0.7586187372639033, 'n_estimators': 5998, 'max_depth': 10, 'learning_rate': 0.04264814394285023, 'subsample': 0.624760056032937, 'colsample_bytree': 0.6726690608532805, 'colsample_bylevel': 0.46356486127888114, 'reg_alpha': 0.2268113068557232, 'reg_lambda': 8.381792684536368, 'gamma': 0.00039223800958714346, 'min_child_weight': 4}. Best is trial 657 with value: 3.356577961852972e-06.

[Trial 670/5000] Starting at 06:30:10
  Lambdas: P=0.765, B=1.704, G=0.777
  XGBoost params: n_estimators=4661, max_depth=18
  Starting cross-validation...
  Trial 652 MSE: 0.000005 | MAPE: 0.16% | R²: -0.198018
  Trial time: 37.1s
[I 2026-03-13 06:30:14,313] Trial 652 finished with value: 4.522546510953838e-06 and parameters: {'lambda_P': 1.4492293512909469, 'lambda_B': 1.4385795069194636, 'lambda_G': 0.5777989272753266, 'n_estimators': 8125, 'max_depth': 9, 'learning_rate': 0.0013581501779631954, 'subsample': 0.8994924695517389, 'colsample_bytree': 0.3950655619362855, 'colsample_bylevel': 0.3658385679563854, 'reg_alpha': 0.42308426762618656, 'reg_lambda': 8.928288751062436, 'gamma': 0.0009489356849592699, 'min_child_weight': 8}. Best is trial 657 with value: 3.356577961852972e-06.

[Trial 671/5000] Starting at 06:30:14
  Lambdas: P=0.951, B=1.421, G=0.996
  XGBoost params: n_estimators=9470, max_depth=16
  Starting cross-validation...
  Trial 659 MSE: 0.000004 | MAPE: 0.15% | R²: -0.081917
  Trial time: 27.5s
[I 2026-03-13 06:30:15,366] Trial 659 finished with value: 3.7712152058331734e-06 and parameters: {'lambda_P': 1.7705014401980663, 'lambda_B': 1.5707419832826, 'lambda_G': 0.7794741495651797, 'n_estimators': 6342, 'max_depth': 14, 'learning_rate': 0.34301579437620006, 'subsample': 0.7278330255532119, 'colsample_bytree': 0.7500551770532373, 'colsample_bylevel': 0.5823625507105152, 'reg_alpha': 0.2342120265936971, 'reg_lambda': 0.20280329234572836, 'gamma': 0.00010546347070747596, 'min_child_weight': 3}. Best is trial 657 with value: 3.356577961852972e-06.

[Trial 672/5000] Starting at 06:30:15
  Lambdas: P=1.992, B=1.610, G=1.001
  XGBoost params: n_estimators=4939, max_depth=12
  Starting cross-validation...
  Trial 660 MSE: 0.000003 | MAPE: 0.13% | R²: 0.049748
  Trial time: 29.3s
[I 2026-03-13 06:30:17,848] Trial 660 finished with value: 3.2379913054860083e-06 and parameters: {'lambda_P': 0.7299727841125048, 'lambda_B': 1.674568893035336, 'lambda_G': 0.9849792942052299, 'n_estimators': 6955, 'max_depth': 20, 'learning_rate': 0.004146892550540124, 'subsample': 0.613682238995805, 'colsample_bytree': 0.577968122829397, 'colsample_bylevel': 0.4010239445933095, 'reg_alpha': 0.06739242760730099, 'reg_lambda': 3.971535093544657, 'gamma': 0.0001243976757973855, 'min_child_weight': 18}. Best is trial 660 with value: 3.2379913054860083e-06.

[NEW BEST] Trial 660: 0.000003
Parameters: {'lambda_P': 0.7299727841125048, 'lambda_B': 1.674568893035336, 'lambda_G': 0.9849792942052299, 'n_estimators': 6955, 'max_depth': 20, 'learning_rate': 0.004146892550540124, 'subsample': 0.613682238995805, 'colsample_bytree': 0.577968122829397, 'colsample_bylevel': 0.4010239445933095, 'reg_alpha': 0.06739242760730099, 'reg_lambda': 3.971535093544657, 'gamma': 0.0001243976757973855, 'min_child_weight': 18}


[Trial 673/5000] Starting at 06:30:17
  Lambdas: P=0.854, B=1.498, G=1.073
  XGBoost params: n_estimators=7353, max_depth=17
  Starting cross-validation...
  Trial 661 MSE: 0.000005 | MAPE: 0.16% | R²: -0.198740
  Trial time: 29.8s
[I 2026-03-13 06:30:19,283] Trial 661 finished with value: 4.629270927255564e-06 and parameters: {'lambda_P': 0.8087495655874504, 'lambda_B': 1.858847275667473, 'lambda_G': 0.5798042664953555, 'n_estimators': 6765, 'max_depth': 19, 'learning_rate': 0.04331244271249312, 'subsample': 0.9214769184531252, 'colsample_bytree': 0.7244473024849915, 'colsample_bylevel': 0.44930687513554163, 'reg_alpha': 1.0403573674981006, 'reg_lambda': 7.387863171688056, 'gamma': 0.00014883285509734094, 'min_child_weight': 19}. Best is trial 660 with value: 3.2379913054860083e-06.

[Trial 674/5000] Starting at 06:30:19
  Lambdas: P=0.927, B=1.554, G=0.933
  XGBoost params: n_estimators=9645, max_depth=18
  Starting cross-validation...
  Trial 651 MSE: 0.000005 | MAPE: 0.16% | R²: -0.314049
  Trial time: 44.4s
