[I 2026-03-13 06:18:37,239] Trial 301 finished with value: 5.076887518448612e-06 and parameters: {'lambda_P': 0.6740180447778885, 'lambda_B': 0.6272357990606302, 'lambda_G': 1.3252136624179875, 'n_estimators': 9119, 'max_depth': 16, 'learning_rate': 0.10941417885073863, 'subsample': 0.4528031514400359, 'colsample_bytree': 0.9002778093773689, 'colsample_bylevel': 0.3306221021707688, 'reg_alpha': 2.9675470683081717, 'reg_lambda': 6.849151680416354, 'gamma': 0.020947756569969576, 'min_child_weight': 14}. Best is trial 237 with value: 3.410930139944745e-06.

[Trial 325/5000] Starting at 06:18:37
  Lambdas: P=1.451, B=1.049, G=1.934
  XGBoost params: n_estimators=1883, max_depth=12
  Starting cross-validation...
  Trial 292 MSE: 0.000005 | MAPE: 0.16% | R²: -0.314049
  Trial time: 49.7s
[I 2026-03-13 06:18:39,298] Trial 292 finished with value: 5.076887518448612e-06 and parameters: {'lambda_P': 1.953601723023163, 'lambda_B': 1.2147692490050912, 'lambda_G': 0.7028117231949818, 'n_estimators': 9784, 'max_depth': 9, 'learning_rate': 0.047236165692161894, 'subsample': 0.9266532750093865, 'colsample_bytree': 0.37252087276646434, 'colsample_bylevel': 0.5882894293896325, 'reg_alpha': 7.660527473890987, 'reg_lambda': 6.498353841985588, 'gamma': 0.019175930006184057, 'min_child_weight': 1}. Best is trial 237 with value: 3.410930139944745e-06.

[Trial 326/5000] Starting at 06:18:39
  Lambdas: P=1.795, B=1.111, G=1.168
  XGBoost params: n_estimators=7930, max_depth=10
  Starting cross-validation...
  Trial 317 MSE: 0.000005 | MAPE: 0.16% | R²: -0.314049
  Trial time: 11.0s
[I 2026-03-13 06:18:40,160] Trial 317 finished with value: 5.076887518448612e-06 and parameters: {'lambda_P': 1.8836092568812104, 'lambda_B': 0.6866414323943115, 'lambda_G': 0.7794077667546906, 'n_estimators': 2264, 'max_depth': 4, 'learning_rate': 0.0016826327905643665, 'subsample': 0.6526029830500013, 'colsample_bytree': 0.42509570363253696, 'colsample_bylevel': 0.6515304803758005, 'reg_alpha': 4.345382403593177, 'reg_lambda': 0.682759041782105, 'gamma': 0.004969657128573283, 'min_child_weight': 18}. Best is trial 237 with value: 3.410930139944745e-06.

[Trial 327/5000] Starting at 06:18:40
  Lambdas: P=0.677, B=1.044, G=1.877
  XGBoost params: n_estimators=5919, max_depth=19
  Starting cross-validation...
  Trial 314 MSE: 0.000005 | MAPE: 0.16% | R²: -0.314049
  Trial time: 17.4s
[I 2026-03-13 06:18:41,520] Trial 314 finished with value: 5.076887518448612e-06 and parameters: {'lambda_P': 0.832506408753966, 'lambda_B': 1.8168368950404687, 'lambda_G': 0.7916555157396381, 'n_estimators': 3595, 'max_depth': 9, 'learning_rate': 0.0013886105643983208, 'subsample': 0.8766199864217554, 'colsample_bytree': 0.8493427886428888, 'colsample_bylevel': 0.5179721276560885, 'reg_alpha': 8.254104064948457, 'reg_lambda': 5.781258222979097, 'gamma': 0.0008118969103040327, 'min_child_weight': 11}. Best is trial 237 with value: 3.410930139944745e-06.

[Trial 328/5000] Starting at 06:18:41
  Lambdas: P=0.992, B=1.267, G=0.862
  XGBoost params: n_estimators=4517, max_depth=19
  Starting cross-validation...
  Trial 323 MSE: 0.000005 | MAPE: 0.16% | R²: -0.314049
  Trial time: 6.4s
[I 2026-03-13 06:18:43,057] Trial 323 finished with value: 5.076887518448612e-06 and parameters: {'lambda_P': 1.9495288273552214, 'lambda_B': 1.9535910587843743, 'lambda_G': 1.105529419579308, 'n_estimators': 1319, 'max_depth': 6, 'learning_rate': 0.002216692849780486, 'subsample': 0.3403326785407227, 'colsample_bytree': 0.3181487900379098, 'colsample_bylevel': 0.36478611354050494, 'reg_alpha': 2.474837466163536, 'reg_lambda': 3.402722737676711, 'gamma': 0.07503412302394022, 'min_child_weight': 3}. Best is trial 237 with value: 3.410930139944745e-06.

[Trial 329/5000] Starting at 06:18:43
  Lambdas: P=1.068, B=1.060, G=1.333
  XGBoost params: n_estimators=5029, max_depth=6
  Starting cross-validation...
  Trial 304 MSE: 0.000005 | MAPE: 0.16% | R²: -0.314049
  Trial time: 36.4s
[I 2026-03-13 06:18:43,615] Trial 304 finished with value: 5.076887518448612e-06 and parameters: {'lambda_P': 1.8128076666855493, 'lambda_B': 1.000969191336594, 'lambda_G': 1.221617178891573, 'n_estimators': 7150, 'max_depth': 19, 'learning_rate': 0.11604763861490512, 'subsample': 0.9799686971727284, 'colsample_bytree': 0.6726594815427512, 'colsample_bylevel': 0.39648425707607987, 'reg_alpha': 7.856044835684996, 'reg_lambda': 4.28108731745294, 'gamma': 0.0004095514013186821, 'min_child_weight': 14}. Best is trial 237 with value: 3.410930139944745e-06.

[Trial 330/5000] Starting at 06:18:43
  Lambdas: P=0.818, B=1.516, G=1.860
  XGBoost params: n_estimators=5109, max_depth=19
  Starting cross-validation...
  Trial 316 MSE: 0.000005 | MAPE: 0.16% | R²: -0.314049
  Trial time: 17.2s
[I 2026-03-13 06:18:44,767] Trial 316 finished with value: 5.076887518448612e-06 and parameters: {'lambda_P': 1.657096732377795, 'lambda_B': 1.2228124498164799, 'lambda_G': 0.7653588602300121, 'n_estimators': 3519, 'max_depth': 4, 'learning_rate': 0.13825870796825532, 'subsample': 0.653943069960663, 'colsample_bytree': 0.8345511415072566, 'colsample_bylevel': 0.5964798133804471, 'reg_alpha': 4.979616353993385, 'reg_lambda': 7.390338285821597, 'gamma': 0.03333264656300678, 'min_child_weight': 16}. Best is trial 237 with value: 3.410930139944745e-06.

[Trial 331/5000] Starting at 06:18:44
  Lambdas: P=0.906, B=0.558, G=1.756
  XGBoost params: n_estimators=4293, max_depth=19
  Starting cross-validation...
  Trial 324 MSE: 0.000005 | MAPE: 0.16% | R²: -0.314049
  Trial time: 9.4s
[I 2026-03-13 06:18:46,802] Trial 324 finished with value: 5.076887518448612e-06 and parameters: {'lambda_P': 1.4511204679616416, 'lambda_B': 1.0487959051561488, 'lambda_G': 1.9337541707858374, 'n_estimators': 1883, 'max_depth': 12, 'learning_rate': 0.004279917528073248, 'subsample': 0.4141302660890206, 'colsample_bytree': 0.7574569350389584, 'colsample_bylevel': 0.9472563206361202, 'reg_alpha': 1.3675785249466421, 'reg_lambda': 4.055398546513437, 'gamma': 0.04284576134148869, 'min_child_weight': 7}. Best is trial 237 with value: 3.410930139944745e-06.

[Trial 332/5000] Starting at 06:18:46
  Lambdas: P=1.937, B=1.616, G=0.610
  XGBoost params: n_estimators=2271, max_depth=16
  Starting cross-validation...
  Trial 320 MSE: 0.000005 | MAPE: 0.16% | R²: -0.314049
  Trial time: 14.7s
[I 2026-03-13 06:18:47,737] Trial 320 finished with value: 5.076887518448612e-06 and parameters: {'lambda_P': 0.8008318448507252, 'lambda_B': 1.6994661476481254, 'lambda_G': 0.7983616828887514, 'n_estimators': 2929, 'max_depth': 6, 'learning_rate': 0.0021478770839597847, 'subsample': 0.4506284511818265, 'colsample_bytree': 0.6122862825631723, 'colsample_bylevel': 0.3935414113228537, 'reg_alpha': 7.43251915666073, 'reg_lambda': 1.2021289127860157, 'gamma': 0.0026032187943699748, 'min_child_weight': 9}. Best is trial 237 with value: 3.410930139944745e-06.

[Trial 333/5000] Starting at 06:18:47
  Lambdas: P=0.574, B=1.792, G=1.015
  XGBoost params: n_estimators=4724, max_depth=19
  Starting cross-validation...
  Trial 309 MSE: 0.000005 | MAPE: 0.16% | R²: -0.314049
  Trial time: 35.9s
[I 2026-03-13 06:18:50,761] Trial 309 finished with value: 5.076887518448612e-06 and parameters: {'lambda_P': 1.654034072029313, 'lambda_B': 0.7663875137844005, 'lambda_G': 1.0308684388087286, 'n_estimators': 7370, 'max_depth': 5, 'learning_rate': 0.10704264742701614, 'subsample': 0.9112784800125735, 'colsample_bytree': 0.8405315245038358, 'colsample_bylevel': 0.6419304758201841, 'reg_alpha': 6.816291567261103, 'reg_lambda': 2.588311612897003, 'gamma': 0.01222155263313977, 'min_child_weight': 13}. Best is trial 237 with value: 3.410930139944745e-06.

[Trial 334/5000] Starting at 06:18:50
  Lambdas: P=1.033, B=1.436, G=0.623
  XGBoost params: n_estimators=5884, max_depth=7
  Starting cross-validation...
  Trial 318 MSE: 0.000004 | MAPE: 0.15% | R²: -0.132823
  Trial time: 20.4s
[I 2026-03-13 06:18:51,269] Trial 318 finished with value: 4.206832479918898e-06 and parameters: {'lambda_P': 1.9459495398653812, 'lambda_B': 0.9185498794697181, 'lambda_G': 0.5431846333654468, 'n_estimators': 5234, 'max_depth': 14, 'learning_rate': 0.19029621279437875, 'subsample': 0.52404993345246, 'colsample_bytree': 0.7373339508821848, 'colsample_bylevel': 0.9531216314885658, 'reg_alpha': 0.042865737329389475, 'reg_lambda': 9.171672192067287, 'gamma': 0.000733976061171263, 'min_child_weight': 12}. Best is trial 237 with value: 3.410930139944745e-06.

[Trial 335/5000] Starting at 06:18:51
  Lambdas: P=1.162, B=1.629, G=0.758
  XGBoost params: n_estimators=9026, max_depth=15
  Starting cross-validation...
  Trial 321 MSE: 0.000005 | MAPE: 0.16% | R²: -0.314049
  Trial time: 21.4s
[I 2026-03-13 06:18:55,821] Trial 321 finished with value: 5.076887518448612e-06 and parameters: {'lambda_P': 0.9765047995340501, 'lambda_B': 0.6935828216033635, 'lambda_G': 0.936387805520181, 'n_estimators': 4083, 'max_depth': 13, 'learning_rate': 0.0021406307866683395, 'subsample': 0.9475493555483878, 'colsample_bytree': 0.9719696941936546, 'colsample_bylevel': 0.811303215933155, 'reg_alpha': 9.896800983922084, 'reg_lambda': 9.972763059505429, 'gamma': 0.07537753015934416, 'min_child_weight': 11}. Best is trial 237 with value: 3.410930139944745e-06.

[Trial 336/5000] Starting at 06:18:55
  Lambdas: P=0.909, B=1.189, G=1.305
  XGBoost params: n_estimators=4154, max_depth=13
  Starting cross-validation...
  Trial 322 MSE: 0.000005 | MAPE: 0.16% | R²: -0.314049
  Trial time: 20.9s
[I 2026-03-13 06:18:56,496] Trial 322 finished with value: 5.076887518448612e-06 and parameters: {'lambda_P': 0.7450746454751447, 'lambda_B': 1.132710757024244, 'lambda_G': 1.3465594190150334, 'n_estimators': 3805, 'max_depth': 13, 'learning_rate': 0.0019572281993907085, 'subsample': 0.46581835488790285, 'colsample_bytree': 0.478940242439889, 'colsample_bylevel': 0.7190022361319586, 'reg_alpha': 5.303758232751008, 'reg_lambda': 3.754219861379524, 'gamma': 0.0004174458309943375, 'min_child_weight': 2}. Best is trial 237 with value: 3.410930139944745e-06.

[Trial 337/5000] Starting at 06:18:56
  Lambdas: P=0.535, B=1.586, G=0.843
  XGBoost params: n_estimators=7129, max_depth=5
  Starting cross-validation...
  Trial 331 MSE: 0.000005 | MAPE: 0.16% | R²: -0.314049
  Trial time: 11.1s
[I 2026-03-13 06:18:58,080] Trial 331 finished with value: 5.076887518448612e-06 and parameters: {'lambda_P': 1.937337672093884, 'lambda_B': 1.6160812832758826, 'lambda_G': 0.6101444085633843, 'n_estimators': 2271, 'max_depth': 16, 'learning_rate': 0.26704587539690994, 'subsample': 0.3666739912333261, 'colsample_bytree': 0.6221616303463064, 'colsample_bylevel': 0.4618167618929013, 'reg_alpha': 9.638271265929212, 'reg_lambda': 6.637303636834694, 'gamma': 0.014911379064558838, 'min_child_weight': 4}. Best is trial 237 with value: 3.410930139944745e-06.

[Trial 338/5000] Starting at 06:18:58
  Lambdas: P=1.400, B=0.516, G=1.519
  XGBoost params: n_estimators=6193, max_depth=15
  Starting cross-validation...
  Trial 330 MSE: 0.000005 | MAPE: 0.16% | R²: -0.314049
  Trial time: 16.2s
[I 2026-03-13 06:19:01,188] Trial 330 finished with value: 5.076887518448612e-06 and parameters: {'lambda_P': 0.9058709831542148, 'lambda_B': 0.5583819072156425, 'lambda_G': 1.755544533174083, 'n_estimators': 4293, 'max_depth': 19, 'learning_rate': 0.006898503061142048, 'subsample': 0.7542162797712646, 'colsample_bytree': 0.7362767571537059, 'colsample_bylevel': 0.35863229459158696, 'reg_alpha': 7.895433202241463, 'reg_lambda': 3.1586429748234393, 'gamma': 0.004198326973854469, 'min_child_weight': 5}. Best is trial 237 with value: 3.410930139944745e-06.

[Trial 339/5000] Starting at 06:19:01
  Lambdas: P=0.681, B=0.744, G=0.919
  XGBoost params: n_estimators=6185, max_depth=17
  Starting cross-validation...
  Trial 315 MSE: 0.000005 | MAPE: 0.16% | R²: -0.314049
  Trial time: 36.0s
[I 2026-03-13 06:19:01,810] Trial 315 finished with value: 5.076887518448612e-06 and parameters: {'lambda_P': 1.0215146171824978, 'lambda_B': 0.7428531894756102, 'lambda_G': 0.9098816328231304, 'n_estimators': 7171, 'max_depth': 11, 'learning_rate': 0.40013852623385027, 'subsample': 0.4083685719549367, 'colsample_bytree': 0.7992054313710466, 'colsample_bylevel': 0.7597966133246616, 'reg_alpha': 0.8421963227557205, 'reg_lambda': 5.340723620751165, 'gamma': 0.0003755357893485873, 'min_child_weight': 7}. Best is trial 237 with value: 3.410930139944745e-06.

[Trial 340/5000] Starting at 06:19:01
  Lambdas: P=1.875, B=0.514, G=1.159
  XGBoost params: n_estimators=451, max_depth=6
  Starting cross-validation...
  Trial 339 MSE: 0.000005 | MAPE: 0.16% | R²: -0.284723
  Trial time: 2.1s
[I 2026-03-13 06:19:04,125] Trial 339 finished with value: 4.9751347896402865e-06 and parameters: {'lambda_P': 1.8746451690581767, 'lambda_B': 0.5135879363630748, 'lambda_G': 1.1589830003270452, 'n_estimators': 451, 'max_depth': 6, 'learning_rate': 0.013495702965898759, 'subsample': 0.665670876398293, 'colsample_bytree': 0.8974057098596373, 'colsample_bylevel': 0.7139447105390625, 'reg_alpha': 0.38391558161796735, 'reg_lambda': 3.379460893914393, 'gamma': 0.0012813643087611216, 'min_child_weight': 4}. Best is trial 237 with value: 3.410930139944745e-06.

[Trial 341/5000] Starting at 06:19:04
  Lambdas: P=0.546, B=1.178, G=1.730
  XGBoost params: n_estimators=5247, max_depth=8
  Starting cross-validation...
  Trial 327 MSE: 0.000005 | MAPE: 0.16% | R²: -0.314049
  Trial time: 23.5s
[I 2026-03-13 06:19:05,255] Trial 327 finished with value: 5.076887518448612e-06 and parameters: {'lambda_P': 0.9924330907437605, 'lambda_B': 1.2673084050369376, 'lambda_G': 0.8624066175113989, 'n_estimators': 4517, 'max_depth': 19, 'learning_rate': 0.012804459478058881, 'subsample': 0.9956877398615542, 'colsample_bytree': 0.9561976654009678, 'colsample_bylevel': 0.37318065895555147, 'reg_alpha': 3.558568712136524, 'reg_lambda': 0.17883015467196395, 'gamma': 0.059281597038494886, 'min_child_weight': 7}. Best is trial 237 with value: 3.410930139944745e-06.

[Trial 342/5000] Starting at 06:19:05
  Lambdas: P=0.507, B=0.922, G=1.522
  XGBoost params: n_estimators=6814, max_depth=20
  Starting cross-validation...
  Trial 328 MSE: 0.000005 | MAPE: 0.16% | R²: -0.314049
  Trial time: 25.9s
[I 2026-03-13 06:19:09,146] Trial 328 finished with value: 5.076887518448612e-06 and parameters: {'lambda_P': 1.0678710908329307, 'lambda_B': 1.0599554346257196, 'lambda_G': 1.333400177617284, 'n_estimators': 5029, 'max_depth': 6, 'learning_rate': 0.00963455952133603, 'subsample': 0.4678395819988964, 'colsample_bytree': 0.3937025963343577, 'colsample_bylevel': 0.9178259646142983, 'reg_alpha': 1.7704932330166323, 'reg_lambda': 4.608948120912336, 'gamma': 0.055842003857163945, 'min_child_weight': 17}. Best is trial 237 with value: 3.410930139944745e-06.

[Trial 343/5000] Starting at 06:19:09
  Lambdas: P=1.846, B=1.798, G=1.711
  XGBoost params: n_estimators=8334, max_depth=12
  Starting cross-validation...
  Trial 329 MSE: 0.000004 | MAPE: 0.15% | R²: -0.091725
  Trial time: 26.5s
[I 2026-03-13 06:19:10,315] Trial 329 finished with value: 3.976691282135152e-06 and parameters: {'lambda_P': 0.8177093017128847, 'lambda_B': 1.5162779083316897, 'lambda_G': 1.860267399720026, 'n_estimators': 5109, 'max_depth': 19, 'learning_rate': 0.03571551689968565, 'subsample': 0.5822972008346948, 'colsample_bytree': 0.7925513972811782, 'colsample_bylevel': 0.37901232665259343, 'reg_alpha': 0.1797693380686083, 'reg_lambda': 4.471570304043984, 'gamma': 0.00035762566064415655, 'min_child_weight': 4}. Best is trial 237 with value: 3.410930139944745e-06.

[Trial 344/5000] Starting at 06:19:10
  Lambdas: P=1.519, B=1.745, G=1.421
  XGBoost params: n_estimators=6583, max_depth=3
  Starting cross-validation...
  Trial 326 MSE: 0.000005 | MAPE: 0.16% | R²: -0.314049
  Trial time: 30.4s
[I 2026-03-13 06:19:10,771] Trial 326 finished with value: 5.076887518448612e-06 and parameters: {'lambda_P': 0.6767602077842401, 'lambda_B': 1.0436749513509396, 'lambda_G': 1.8767908502128585, 'n_estimators': 5919, 'max_depth': 19, 'learning_rate': 0.1084774426897655, 'subsample': 0.9841809752302846, 'colsample_bytree': 0.42624501508462576, 'colsample_bylevel': 0.794735189958814, 'reg_alpha': 9.535096062859367, 'reg_lambda': 4.214538226557215, 'gamma': 0.0019545953673438853, 'min_child_weight': 15}. Best is trial 237 with value: 3.410930139944745e-06.

[Trial 345/5000] Starting at 06:19:10
  Lambdas: P=0.733, B=1.150, G=1.865
  XGBoost params: n_estimators=2231, max_depth=5
  Starting cross-validation...
  Trial 332 MSE: 0.000005 | MAPE: 0.16% | R²: -0.314049
  Trial time: 23.5s
[I 2026-03-13 06:19:11,471] Trial 332 finished with value: 5.076887518448612e-06 and parameters: {'lambda_P': 0.5739321223840157, 'lambda_B': 1.791648449036305, 'lambda_G': 1.0154187306336047, 'n_estimators': 4724, 'max_depth': 19, 'learning_rate': 0.0017332245453206678, 'subsample': 0.9067340791783354, 'colsample_bytree': 0.36675394007827467, 'colsample_bylevel': 0.31122253516554155, 'reg_alpha': 5.693401530305162, 'reg_lambda': 3.8592231153806855, 'gamma': 0.003210128359535819, 'min_child_weight': 16}. Best is trial 237 with value: 3.410930139944745e-06.

[Trial 346/5000] Starting at 06:19:11
  Lambdas: P=1.284, B=1.716, G=1.349
  XGBoost params: n_estimators=5975, max_depth=19
  Starting cross-validation...
  Trial 319 MSE: 0.000004 | MAPE: 0.16% | R²: -0.168980
  Trial time: 42.6s
[I 2026-03-13 06:19:15,021] Trial 319 finished with value: 4.441326578780131e-06 and parameters: {'lambda_P': 1.3521371247731353, 'lambda_B': 1.0340347304690996, 'lambda_G': 1.3966299944669935, 'n_estimators': 9597, 'max_depth': 7, 'learning_rate': 0.4900688865608333, 'subsample': 0.6294767645179753, 'colsample_bytree': 0.41153592550118584, 'colsample_bylevel': 0.760538407975248, 'reg_alpha': 0.5360347978220281, 'reg_lambda': 2.141413762832082, 'gamma': 0.00033156834845822605, 'min_child_weight': 13}. Best is trial 237 with value: 3.410930139944745e-06.

[Trial 347/5000] Starting at 06:19:15
  Lambdas: P=0.667, B=1.167, G=1.149
  XGBoost params: n_estimators=7347, max_depth=3
  Starting cross-validation...
  Trial 335 MSE: 0.000005 | MAPE: 0.16% | R²: -0.314049
  Trial time: 21.8s
[I 2026-03-13 06:19:17,835] Trial 335 finished with value: 5.076887518448612e-06 and parameters: {'lambda_P': 0.9086983022765721, 'lambda_B': 1.1889336032100948, 'lambda_G': 1.3053429937968322, 'n_estimators': 4154, 'max_depth': 13, 'learning_rate': 0.0010585650402608056, 'subsample': 0.7851210290671933, 'colsample_bytree': 0.7551548292351573, 'colsample_bylevel': 0.5629649754201453, 'reg_alpha': 4.128052025816391, 'reg_lambda': 7.3700821731038735, 'gamma': 0.0032537754202341344, 'min_child_weight': 14}. Best is trial 237 with value: 3.410930139944745e-06.

[Trial 348/5000] Starting at 06:19:17
  Lambdas: P=1.695, B=0.859, G=1.017
  XGBoost params: n_estimators=8309, max_depth=19
  Starting cross-validation...
  Trial 333 MSE: 0.000005 | MAPE: 0.16% | R²: -0.314049
  Trial time: 29.3s
[I 2026-03-13 06:19:20,287] Trial 333 finished with value: 5.076887518448612e-06 and parameters: {'lambda_P': 1.0326257230122464, 'lambda_B': 1.4357126506033842, 'lambda_G': 0.6234561030093926, 'n_estimators': 5884, 'max_depth': 7, 'learning_rate': 0.16816625850258218, 'subsample': 0.9596287812422051, 'colsample_bytree': 0.8156847787716566, 'colsample_bylevel': 0.6468780451614782, 'reg_alpha': 6.665749613240505, 'reg_lambda': 3.895763469154727, 'gamma': 0.010858794757003175, 'min_child_weight': 11}. Best is trial 237 with value: 3.410930139944745e-06.

[Trial 349/5000] Starting at 06:19:20
  Lambdas: P=1.496, B=1.387, G=1.523
  XGBoost params: n_estimators=8724, max_depth=16
  Starting cross-validation...
  Trial 325 MSE: 0.000005 | MAPE: 0.16% | R²: -0.314049
  Trial time: 41.6s
[I 2026-03-13 06:19:21,099] Trial 325 finished with value: 5.076887518448612e-06 and parameters: {'lambda_P': 1.794814346048631, 'lambda_B': 1.1110670683947372, 'lambda_G': 1.167842022156119, 'n_estimators': 7930, 'max_depth': 10, 'learning_rate': 0.013522549337965893, 'subsample': 0.7501024148158716, 'colsample_bytree': 0.5871065450776364, 'colsample_bylevel': 0.49717701666041064, 'reg_alpha': 8.344526770458453, 'reg_lambda': 4.569737619981861, 'gamma': 0.009330402586958239, 'min_child_weight': 10}. Best is trial 237 with value: 3.410930139944745e-06.

[Trial 350/5000] Starting at 06:19:21
  Lambdas: P=1.804, B=1.025, G=1.790
  XGBoost params: n_estimators=3276, max_depth=4
  Starting cross-validation...
  Trial 344 MSE: 0.000005 | MAPE: 0.16% | R²: -0.314049
  Trial time: 10.7s
[I 2026-03-13 06:19:21,700] Trial 344 finished with value: 5.076887518448612e-06 and parameters: {'lambda_P': 0.7333257645834927, 'lambda_B': 1.150045771661686, 'lambda_G': 1.8646151249330059, 'n_estimators': 2231, 'max_depth': 5, 'learning_rate': 0.004429291414230691, 'subsample': 0.9575119434143808, 'colsample_bytree': 0.3413380842904493, 'colsample_bylevel': 0.6408067704324807, 'reg_alpha': 7.07388794946691, 'reg_lambda': 6.280775078559352, 'gamma': 0.003130235274556315, 'min_child_weight': 13}. Best is trial 237 with value: 3.410930139944745e-06.

[Trial 351/5000] Starting at 06:19:21
  Lambdas: P=1.670, B=1.752, G=1.793
  XGBoost params: n_estimators=238, max_depth=6
  Starting cross-validation...
  Trial 350 MSE: 0.000004 | MAPE: 0.15% | R²: -0.128376
  Trial time: 1.2s
