[I 2026-03-13 06:53:35,169] Trial 1405 finished with value: 4.722940385532287e-06 and parameters: {'lambda_P': 0.8614617995108447, 'lambda_B': 1.6689699871724357, 'lambda_G': 0.9747953087441193, 'n_estimators': 6242, 'max_depth': 20, 'learning_rate': 0.009681584343908367, 'subsample': 0.6681997739935208, 'colsample_bytree': 0.4859887987855329, 'colsample_bylevel': 0.3680261163038202, 'reg_alpha': 0.738364748285195, 'reg_lambda': 5.982211054411742, 'gamma': 0.00019447040881450585, 'min_child_weight': 17}. Best is trial 1267 with value: 3.067840594549508e-06.

[Trial 1428/5000] Starting at 06:53:35
  Lambdas: P=0.563, B=1.750, G=0.780
  XGBoost params: n_estimators=2594, max_depth=18
  Starting cross-validation...
  Trial 1425 MSE: 0.000005 | MAPE: 0.16% | R²: -0.314049
  Trial time: 3.3s
[I 2026-03-13 06:53:35,757] Trial 1425 finished with value: 5.076887518448612e-06 and parameters: {'lambda_P': 0.6671695585108927, 'lambda_B': 1.9386050651254436, 'lambda_G': 0.8153802282173597, 'n_estimators': 520, 'max_depth': 18, 'learning_rate': 0.05402075681892668, 'subsample': 0.9693854165123397, 'colsample_bytree': 0.42443632535988307, 'colsample_bylevel': 0.3245590787209492, 'reg_alpha': 1.9817993711642226, 'reg_lambda': 5.315216086141591, 'gamma': 0.00016161744417198906, 'min_child_weight': 5}. Best is trial 1267 with value: 3.067840594549508e-06.

[Trial 1429/5000] Starting at 06:53:35
  Lambdas: P=0.952, B=1.584, G=0.800
  XGBoost params: n_estimators=1749, max_depth=18
  Starting cross-validation...
  Trial 1421 MSE: 0.000004 | MAPE: 0.16% | R²: -0.171418
  Trial time: 7.9s
[I 2026-03-13 06:53:36,902] Trial 1421 finished with value: 4.404051740692483e-06 and parameters: {'lambda_P': 0.5686335443829641, 'lambda_B': 1.7034501005122151, 'lambda_G': 0.8883559325797105, 'n_estimators': 1253, 'max_depth': 14, 'learning_rate': 0.00616819254712661, 'subsample': 0.8815965452039451, 'colsample_bytree': 0.39314132502278776, 'colsample_bylevel': 0.49819417566181384, 'reg_alpha': 0.4662097808549527, 'reg_lambda': 4.907737160220814, 'gamma': 0.0006575427533385483, 'min_child_weight': 3}. Best is trial 1267 with value: 3.067840594549508e-06.

[Trial 1430/5000] Starting at 06:53:36
  Lambdas: P=0.606, B=1.409, G=1.046
  XGBoost params: n_estimators=2351, max_depth=19
  Starting cross-validation...
  Trial 1410 MSE: 0.000005 | MAPE: 0.16% | R²: -0.272760
  Trial time: 31.4s
[I 2026-03-13 06:53:38,050] Trial 1410 finished with value: 4.965860022045739e-06 and parameters: {'lambda_P': 1.1908200190671088, 'lambda_B': 1.3168633233651053, 'lambda_G': 0.6748026571908647, 'n_estimators': 5890, 'max_depth': 11, 'learning_rate': 0.017375943309483412, 'subsample': 0.843295893428914, 'colsample_bytree': 0.37592318095172117, 'colsample_bylevel': 0.44709791124307496, 'reg_alpha': 1.2479379913874518, 'reg_lambda': 4.8979751184901215, 'gamma': 0.00011662645312849476, 'min_child_weight': 17}. Best is trial 1267 with value: 3.067840594549508e-06.

[Trial 1431/5000] Starting at 06:53:38
  Lambdas: P=0.685, B=1.225, G=0.672
  XGBoost params: n_estimators=5121, max_depth=16
  Starting cross-validation...
  Trial 1419 MSE: 0.000005 | MAPE: 0.16% | R²: -0.314049
  Trial time: 12.0s
[I 2026-03-13 06:53:39,720] Trial 1419 finished with value: 5.076887518448612e-06 and parameters: {'lambda_P': 0.5815668743380937, 'lambda_B': 1.8773883306822348, 'lambda_G': 0.8174377999937923, 'n_estimators': 1825, 'max_depth': 18, 'learning_rate': 0.03132992636050705, 'subsample': 0.8753504250057457, 'colsample_bytree': 0.4476430332499555, 'colsample_bylevel': 0.45655301367626977, 'reg_alpha': 1.7659628378132302, 'reg_lambda': 3.524799737395709, 'gamma': 0.0005143868929370766, 'min_child_weight': 9}. Best is trial 1267 with value: 3.067840594549508e-06.

[Trial 1432/5000] Starting at 06:53:39
  Lambdas: P=0.710, B=1.803, G=0.538
  XGBoost params: n_estimators=1728, max_depth=17
  Starting cross-validation...
  Trial 1416 MSE: 0.000005 | MAPE: 0.16% | R²: -0.272072
  Trial time: 23.5s
[I 2026-03-13 06:53:43,487] Trial 1416 finished with value: 4.961273841964117e-06 and parameters: {'lambda_P': 0.8022139000391024, 'lambda_B': 1.6751772462926007, 'lambda_G': 0.9188456469015822, 'n_estimators': 4199, 'max_depth': 19, 'learning_rate': 0.00966889410601579, 'subsample': 0.8100666580949002, 'colsample_bytree': 0.5210897698002365, 'colsample_bylevel': 0.3119341554245577, 'reg_alpha': 1.169380938986429, 'reg_lambda': 3.8906517818159365, 'gamma': 0.00012177401684021854, 'min_child_weight': 4}. Best is trial 1267 with value: 3.067840594549508e-06.

[Trial 1433/5000] Starting at 06:53:43
  Lambdas: P=0.691, B=1.824, G=0.605
  XGBoost params: n_estimators=5306, max_depth=19
  Starting cross-validation...
  Trial 1415 MSE: 0.000003 | MAPE: 0.14% | R²: -0.001793
  Trial time: 28.4s
[I 2026-03-13 06:53:44,578] Trial 1415 finished with value: 3.4560454447240583e-06 and parameters: {'lambda_P': 1.1915986248712014, 'lambda_B': 1.9230251550496158, 'lambda_G': 0.8991363958484854, 'n_estimators': 5208, 'max_depth': 18, 'learning_rate': 0.008715813263087348, 'subsample': 0.5009896618808555, 'colsample_bytree': 0.8433910770268069, 'colsample_bylevel': 0.43633979449719645, 'reg_alpha': 0.05695593204446772, 'reg_lambda': 9.022831654751512, 'gamma': 0.00012110690709029914, 'min_child_weight': 18}. Best is trial 1267 with value: 3.067840594549508e-06.

[Trial 1434/5000] Starting at 06:53:44
  Lambdas: P=1.080, B=1.995, G=1.022
  XGBoost params: n_estimators=1261, max_depth=8
  Starting cross-validation...
  Trial 1428 MSE: 0.000004 | MAPE: 0.15% | R²: -0.087651
  Trial time: 9.6s
[I 2026-03-13 06:53:45,524] Trial 1428 finished with value: 4.0006635453983866e-06 and parameters: {'lambda_P': 0.9516736854659618, 'lambda_B': 1.5835138658886931, 'lambda_G': 0.8003986728008327, 'n_estimators': 1749, 'max_depth': 18, 'learning_rate': 0.0032516011804638277, 'subsample': 0.6325050978056002, 'colsample_bytree': 0.5747940446445725, 'colsample_bylevel': 0.4487350022987811, 'reg_alpha': 0.4128552453433181, 'reg_lambda': 2.9513680717511073, 'gamma': 0.00010244074734665277, 'min_child_weight': 4}. Best is trial 1267 with value: 3.067840594549508e-06.

[Trial 1435/5000] Starting at 06:53:45
  Trial 1420 MSE: 0.000005 | MAPE: 0.16% | R²: -0.314049
  Trial time: 18.0s
[I 2026-03-13 06:53:45,916] Trial 1420 finished with value: 5.076887518448612e-06 and parameters: {'lambda_P': 0.6295999416600947, 'lambda_B': 1.6620053558868177, 'lambda_G': 1.0646141152123452, 'n_estimators': 2901, 'max_depth': 20, 'learning_rate': 0.11452413393942582, 'subsample': 0.972864909972176, 'colsample_bytree': 0.41576026682584594, 'colsample_bylevel': 0.533599124272012, 'reg_alpha': 0.9490694012253106, 'reg_lambda': 6.32640599358337, 'gamma': 0.003915131038671967, 'min_child_weight': 10}. Best is trial 1267 with value: 3.067840594549508e-06.

[Trial 1436/5000] Starting at 06:53:46
  Lambdas: P=1.028, B=1.202, G=0.734
  XGBoost params: n_estimators=4741, max_depth=13
  Starting cross-validation...
  Lambdas: P=0.505, B=1.851, G=0.503
  XGBoost params: n_estimators=4914, max_depth=15
  Starting cross-validation...
  Trial 1426 MSE: 0.000004 | MAPE: 0.14% | R²: 0.005419
  Trial time: 15.4s
[I 2026-03-13 06:53:48,947] Trial 1426 finished with value: 3.5038741825129786e-06 and parameters: {'lambda_P': 0.52880100009546, 'lambda_B': 1.6511654367014057, 'lambda_G': 0.589459825436996, 'n_estimators': 2960, 'max_depth': 19, 'learning_rate': 0.011221452915038534, 'subsample': 0.9862835765197046, 'colsample_bytree': 0.3587491466493517, 'colsample_bylevel': 0.3964327692705999, 'reg_alpha': 0.31414351485926906, 'reg_lambda': 7.266237133760856, 'gamma': 0.00017682411873395535, 'min_child_weight': 9}. Best is trial 1267 with value: 3.067840594549508e-06.

[Trial 1437/5000] Starting at 06:53:49
  Trial 1431 MSE: 0.000005 | MAPE: 0.16% | R²: -0.314049
  Trial time: 9.2s
[I 2026-03-13 06:53:49,178] Trial 1431 finished with value: 5.076887518448612e-06 and parameters: {'lambda_P': 0.7095640420827054, 'lambda_B': 1.8027996569589988, 'lambda_G': 0.538262354161671, 'n_estimators': 1728, 'max_depth': 17, 'learning_rate': 0.001296988478966019, 'subsample': 0.5716987146235426, 'colsample_bytree': 0.43120791176730183, 'colsample_bylevel': 0.31700057422681005, 'reg_alpha': 0.9484572138415117, 'reg_lambda': 3.311091646631776, 'gamma': 0.0003000524085614031, 'min_child_weight': 5}. Best is trial 1267 with value: 3.067840594549508e-06.

[Trial 1438/5000] Starting at 06:53:49
  Lambdas: P=0.635, B=1.485, G=1.100
  XGBoost params: n_estimators=5413, max_depth=19
  Starting cross-validation...
  Lambdas: P=1.376, B=1.486, G=1.771
  XGBoost params: n_estimators=3814, max_depth=6
  Starting cross-validation...
  Trial 1429 MSE: 0.000005 | MAPE: 0.16% | R²: -0.263022
  Trial time: 13.2s
[I 2026-03-13 06:53:50,346] Trial 1429 finished with value: 4.927070249127333e-06 and parameters: {'lambda_P': 0.606230682141935, 'lambda_B': 1.40921838360809, 'lambda_G': 1.0462243913912332, 'n_estimators': 2351, 'max_depth': 19, 'learning_rate': 0.013707136608634958, 'subsample': 0.8653497248791486, 'colsample_bytree': 0.3802734130279527, 'colsample_bylevel': 0.503017506850888, 'reg_alpha': 1.0680293544577615, 'reg_lambda': 4.329409025324025, 'gamma': 0.00023178320564571226, 'min_child_weight': 6}. Best is trial 1267 with value: 3.067840594549508e-06.

[Trial 1439/5000] Starting at 06:53:50
  Lambdas: P=1.166, B=1.940, G=0.736
  XGBoost params: n_estimators=1034, max_depth=16
  Starting cross-validation...
  Trial 1427 MSE: 0.000004 | MAPE: 0.14% | R²: -0.035549
  Trial time: 15.7s
[I 2026-03-13 06:53:51,085] Trial 1427 finished with value: 3.6816846617249615e-06 and parameters: {'lambda_P': 0.562792113632357, 'lambda_B': 1.7501309000414484, 'lambda_G': 0.7801213893931979, 'n_estimators': 2594, 'max_depth': 18, 'learning_rate': 0.009063688105692141, 'subsample': 0.9282088033587438, 'colsample_bytree': 0.38828227811496746, 'colsample_bylevel': 0.46223467509336685, 'reg_alpha': 0.3882755888140045, 'reg_lambda': 4.452112256468267, 'gamma': 0.00017705154188288905, 'min_child_weight': 3}. Best is trial 1267 with value: 3.067840594549508e-06.

[Trial 1440/5000] Starting at 06:53:51
  Lambdas: P=1.285, B=1.475, G=0.786
  XGBoost params: n_estimators=898, max_depth=18
  Starting cross-validation...
  Trial 1433 MSE: 0.000003 | MAPE: 0.14% | R²: 0.057116
  Trial time: 7.3s
[I 2026-03-13 06:53:52,077] Trial 1433 finished with value: 3.312706464402462e-06 and parameters: {'lambda_P': 1.0799964561447353, 'lambda_B': 1.9950264882514752, 'lambda_G': 1.0221757869697818, 'n_estimators': 1261, 'max_depth': 8, 'learning_rate': 0.04778470360822731, 'subsample': 0.7835643397214261, 'colsample_bytree': 0.3677960151428351, 'colsample_bylevel': 0.34537576726395747, 'reg_alpha': 0.209952655790621, 'reg_lambda': 9.375666499868332, 'gamma': 0.0001173022097679464, 'min_child_weight': 18}. Best is trial 1267 with value: 3.067840594549508e-06.

[Trial 1441/5000] Starting at 06:53:52
  Lambdas: P=1.102, B=1.980, G=0.663
  XGBoost params: n_estimators=919, max_depth=9
  Starting cross-validation...
  Trial 1424 MSE: 0.000005 | MAPE: 0.16% | R²: -0.314049
  Trial time: 23.1s
[I 2026-03-13 06:53:54,112] Trial 1424 finished with value: 5.076887518448612e-06 and parameters: {'lambda_P': 0.6261363429434573, 'lambda_B': 1.5796109935152896, 'lambda_G': 0.7503601455283767, 'n_estimators': 3659, 'max_depth': 19, 'learning_rate': 0.0030911404948885533, 'subsample': 0.9211004951196251, 'colsample_bytree': 0.48651752056542236, 'colsample_bylevel': 0.665715935116481, 'reg_alpha': 2.5397277233805964, 'reg_lambda': 3.754434059763601, 'gamma': 0.0001330149988315919, 'min_child_weight': 9}. Best is trial 1267 with value: 3.067840594549508e-06.

[Trial 1442/5000] Starting at 06:53:54
  Lambdas: P=1.320, B=1.947, G=0.690
  XGBoost params: n_estimators=1004, max_depth=9
  Starting cross-validation...
  Trial 1440 MSE: 0.000005 | MAPE: 0.16% | R²: -0.314049
  Trial time: 3.9s
[I 2026-03-13 06:53:56,225] Trial 1440 finished with value: 5.076887518448612e-06 and parameters: {'lambda_P': 1.1024812435775142, 'lambda_B': 1.979708874581627, 'lambda_G': 0.6629063909442655, 'n_estimators': 919, 'max_depth': 9, 'learning_rate': 0.03039044986028802, 'subsample': 0.8423706789516658, 'colsample_bytree': 0.3909310464344545, 'colsample_bylevel': 0.31484451190300083, 'reg_alpha': 5.035218431741134, 'reg_lambda': 7.563993080667599, 'gamma': 0.00014270527314419725, 'min_child_weight': 17}. Best is trial 1267 with value: 3.067840594549508e-06.

[Trial 1443/5000] Starting at 06:53:56
  Lambdas: P=1.106, B=1.777, G=1.336
  XGBoost params: n_estimators=824, max_depth=10
  Starting cross-validation...
  Trial 1438 MSE: 0.000004 | MAPE: 0.14% | R²: -0.031330
  Trial time: 6.3s
[I 2026-03-13 06:53:56,866] Trial 1438 finished with value: 3.679414179748496e-06 and parameters: {'lambda_P': 1.1664273368751727, 'lambda_B': 1.939762566470744, 'lambda_G': 0.7362025658065331, 'n_estimators': 1034, 'max_depth': 16, 'learning_rate': 0.001759657528928202, 'subsample': 0.7793310423071782, 'colsample_bytree': 0.47784834385545727, 'colsample_bylevel': 0.3415436308180768, 'reg_alpha': 0.15797548022604788, 'reg_lambda': 5.584858647797491, 'gamma': 0.00016468429968379393, 'min_child_weight': 6}. Best is trial 1267 with value: 3.067840594549508e-06.

[Trial 1444/5000] Starting at 06:53:56
  Trial 1439 MSE: 0.000004 | MAPE: 0.15% | R²: -0.096290
  Trial time: 6.0s
[I 2026-03-13 06:53:57,293] Trial 1439 finished with value: 4.014418351647335e-06 and parameters: {'lambda_P': 1.2846768219740412, 'lambda_B': 1.4746426589404753, 'lambda_G': 0.7861010950270885, 'n_estimators': 898, 'max_depth': 18, 'learning_rate': 0.00100869567124442, 'subsample': 0.8922205069589623, 'colsample_bytree': 0.5365569954776663, 'colsample_bylevel': 0.5381598985170998, 'reg_alpha': 0.17090580967233246, 'reg_lambda': 6.019105533679532, 'gamma': 0.00013794011398885394, 'min_child_weight': 8}. Best is trial 1267 with value: 3.067840594549508e-06.

[Trial 1445/5000] Starting at 06:53:57
  Lambdas: P=1.506, B=1.824, G=1.138
  XGBoost params: n_estimators=2707, max_depth=5
  Starting cross-validation...
  Lambdas: P=1.216, B=1.975, G=1.204
  XGBoost params: n_estimators=1029, max_depth=9
  Starting cross-validation...
  Trial 1442 MSE: 0.000005 | MAPE: 0.16% | R²: -0.314049
  Trial time: 3.9s
[I 2026-03-13 06:54:00,371] Trial 1442 finished with value: 5.076887518448612e-06 and parameters: {'lambda_P': 1.105553562873636, 'lambda_B': 1.777059678206128, 'lambda_G': 1.3361315464359003, 'n_estimators': 824, 'max_depth': 10, 'learning_rate': 0.09161911694457371, 'subsample': 0.751071260390252, 'colsample_bytree': 0.30809481141582207, 'colsample_bylevel': 0.39694587457283415, 'reg_alpha': 1.634819301541749, 'reg_lambda': 8.010306928435698, 'gamma': 0.000163418214506352, 'min_child_weight': 18}. Best is trial 1267 with value: 3.067840594549508e-06.

[Trial 1446/5000] Starting at 06:54:00
  Trial 1441 MSE: 0.000005 | MAPE: 0.16% | R²: -0.314049
  Trial time: 6.3s
[I 2026-03-13 06:54:00,595] Trial 1441 finished with value: 5.076887518448612e-06 and parameters: {'lambda_P': 1.3197722324524297, 'lambda_B': 1.9466628072663794, 'lambda_G': 0.6901439959331163, 'n_estimators': 1004, 'max_depth': 9, 'learning_rate': 0.13002964529352232, 'subsample': 0.8299320333250493, 'colsample_bytree': 0.3008188934933682, 'colsample_bylevel': 0.4930817147684645, 'reg_alpha': 1.6879520584783791, 'reg_lambda': 6.586190647582001, 'gamma': 0.00012365465268653904, 'min_child_weight': 12}. Best is trial 1267 with value: 3.067840594549508e-06.

[Trial 1447/5000] Starting at 06:54:00
  Lambdas: P=1.209, B=1.741, G=1.012
  XGBoost params: n_estimators=982, max_depth=9
  Starting cross-validation...
  Lambdas: P=1.414, B=1.986, G=1.095
  XGBoost params: n_estimators=3165, max_depth=8
  Starting cross-validation...
  Trial 1422 MSE: 0.000003 | MAPE: 0.13% | R²: 0.111048
  Trial time: 32.5s
[I 2026-03-13 06:54:01,480] Trial 1422 finished with value: 2.996031181594198e-06 and parameters: {'lambda_P': 0.5097471149652114, 'lambda_B': 1.5754696300337616, 'lambda_G': 0.7447796674877042, 'n_estimators': 5439, 'max_depth': 19, 'learning_rate': 0.00795384991643258, 'subsample': 0.7645764298878854, 'colsample_bytree': 0.3932863646542369, 'colsample_bylevel': 0.5688534611443845, 'reg_alpha': 0.016206565562348244, 'reg_lambda': 2.9810932787200084, 'gamma': 0.00013042582107968434, 'min_child_weight': 8}. Best is trial 1422 with value: 2.996031181594198e-06.

[NEW BEST] Trial 1422: 0.000003
Parameters: {'lambda_P': 0.5097471149652114, 'lambda_B': 1.5754696300337616, 'lambda_G': 0.7447796674877042, 'n_estimators': 5439, 'max_depth': 19, 'learning_rate': 0.00795384991643258, 'subsample': 0.7645764298878854, 'colsample_bytree': 0.3932863646542369, 'colsample_bylevel': 0.5688534611443845, 'reg_alpha': 0.016206565562348244, 'reg_lambda': 2.9810932787200084, 'gamma': 0.00013042582107968434, 'min_child_weight': 8}


[Trial 1448/5000] Starting at 06:54:01
  Lambdas: P=0.596, B=1.946, G=1.039
  XGBoost params: n_estimators=3492, max_depth=16
  Starting cross-validation...
  Trial 1418 MSE: 0.000004 | MAPE: 0.14% | R²: -0.048146
  Trial time: 36.5s
[I 2026-03-13 06:54:03,348] Trial 1418 finished with value: 3.773812552332679e-06 and parameters: {'lambda_P': 0.5579840972557973, 'lambda_B': 1.872159869746435, 'lambda_G': 0.5686160437135277, 'n_estimators': 5547, 'max_depth': 16, 'learning_rate': 0.00202246624655568, 'subsample': 0.87571911765749, 'colsample_bytree': 0.5033364807782906, 'colsample_bylevel': 0.5169013945854937, 'reg_alpha': 0.4139202683122464, 'reg_lambda': 4.680977438703441, 'gamma': 0.0001611904961097904, 'min_child_weight': 2}. Best is trial 1422 with value: 2.996031181594198e-06.

[Trial 1449/5000] Starting at 06:54:03
  Trial 1444 MSE: 0.000005 | MAPE: 0.16% | R²: -0.314049
  Trial time: 6.3s
[I 2026-03-13 06:54:03,773] Trial 1444 finished with value: 5.076887518448612e-06 and parameters: {'lambda_P': 1.2160263162970977, 'lambda_B': 1.974728257167376, 'lambda_G': 1.2044214373974333, 'n_estimators': 1029, 'max_depth': 9, 'learning_rate': 0.04256931808261199, 'subsample': 0.7481544233033796, 'colsample_bytree': 0.3582176998020668, 'colsample_bylevel': 0.4407184630631361, 'reg_alpha': 1.824831532471413, 'reg_lambda': 9.611826874639029, 'gamma': 0.0002280829075582026, 'min_child_weight': 16}. Best is trial 1422 with value: 2.996031181594198e-06.

[Trial 1450/5000] Starting at 06:54:03
  Lambdas: P=1.032, B=1.996, G=0.767
  XGBoost params: n_estimators=703, max_depth=6
  Starting cross-validation...
  Lambdas: P=0.524, B=1.363, G=0.710
  XGBoost params: n_estimators=5183, max_depth=18
  Starting cross-validation...
  Trial 1445 MSE: 0.000003 | MAPE: 0.14% | R²: 0.032850
  Trial time: 5.2s
[I 2026-03-13 06:54:05,817] Trial 1445 finished with value: 3.370019725616996e-06 and parameters: {'lambda_P': 1.2088756416333877, 'lambda_B': 1.7407582791085772, 'lambda_G': 1.0120077724795555, 'n_estimators': 982, 'max_depth': 9, 'learning_rate': 0.022775707040067282, 'subsample': 0.9295785434957999, 'colsample_bytree': 0.46233933113879294, 'colsample_bylevel': 0.45456013940710127, 'reg_alpha': 0.24160299111087719, 'reg_lambda': 9.998636880890679, 'gamma': 0.00010908506077451331, 'min_child_weight': 12}. Best is trial 1422 with value: 2.996031181594198e-06.

[Trial 1451/5000] Starting at 06:54:05
  Lambdas: P=1.288, B=1.986, G=1.193
  XGBoost params: n_estimators=3870, max_depth=16
  Starting cross-validation...
  Trial 1430 MSE: 0.000005 | MAPE: 0.16% | R²: -0.314049
  Trial time: 28.8s
[I 2026-03-13 06:54:07,121] Trial 1430 finished with value: 5.076887518448612e-06 and parameters: {'lambda_P': 0.6854777653980985, 'lambda_B': 1.2249369223795443, 'lambda_G': 0.6720397416597483, 'n_estimators': 5121, 'max_depth': 16, 'learning_rate': 0.039754253786334647, 'subsample': 0.7289793928166481, 'colsample_bytree': 0.513171944425548, 'colsample_bylevel': 0.6256807103336091, 'reg_alpha': 1.4889835975754582, 'reg_lambda': 5.434574195538568, 'gamma': 0.00010260753044759185, 'min_child_weight': 4}. Best is trial 1422 with value: 2.996031181594198e-06.

[Trial 1452/5000] Starting at 06:54:07
  Lambdas: P=0.563, B=1.985, G=0.900
  XGBoost params: n_estimators=8423, max_depth=18
  Starting cross-validation...
  Trial 1448 MSE: 0.000005 | MAPE: 0.16% | R²: -0.274355
  Trial time: 4.7s
[I 2026-03-13 06:54:08,214] Trial 1448 finished with value: 4.950413773342729e-06 and parameters: {'lambda_P': 1.0319366983277745, 'lambda_B': 1.9956634488320881, 'lambda_G': 0.7671420819392716, 'n_estimators': 703, 'max_depth': 6, 'learning_rate': 0.09805832674071675, 'subsample': 0.8153972684748725, 'colsample_bytree': 0.35627375042496817, 'colsample_bylevel': 0.41565016562544627, 'reg_alpha': 0.7273614822197565, 'reg_lambda': 9.726580053330796, 'gamma': 0.0007772653147553159, 'min_child_weight': 19}. Best is trial 1422 with value: 2.996031181594198e-06.

[Trial 1453/5000] Starting at 06:54:08
  Lambdas: P=0.718, B=1.586, G=0.659
  XGBoost params: n_estimators=5146, max_depth=20
  Starting cross-validation...
  Trial 1434 MSE: 0.000004 | MAPE: 0.14% | R²: -0.050648
  Trial time: 24.2s
[I 2026-03-13 06:54:09,976] Trial 1434 finished with value: 3.745925016222078e-06 and parameters: {'lambda_P': 1.0284837973302983, 'lambda_B': 1.2023810385861688, 'lambda_G': 0.7336906010783679, 'n_estimators': 4741, 'max_depth': 13, 'learning_rate': 0.023092284849214436, 'subsample': 0.5994546887873557, 'colsample_bytree': 0.43605397841851223, 'colsample_bylevel': 0.4320431298700832, 'reg_alpha': 0.295891210056504, 'reg_lambda': 2.5132526665118657, 'gamma': 0.00010473099693217652, 'min_child_weight': 10}. Best is trial 1422 with value: 2.996031181594198e-06.

[Trial 1454/5000] Starting at 06:54:10
  Lambdas: P=0.786, B=1.906, G=1.157
  XGBoost params: n_estimators=1672, max_depth=5
  Starting cross-validation...
  Trial 1437 MSE: 0.000004 | MAPE: 0.15% | R²: -0.108008
  Trial time: 22.1s
