[I 2026-03-13 06:16:19,138] Trial 208 finished with value: 5.076887518448612e-06 and parameters: {'lambda_P': 1.6229966330616994, 'lambda_B': 1.9796847335547203, 'lambda_G': 1.0804048926057366, 'n_estimators': 9221, 'max_depth': 13, 'learning_rate': 0.05002870902042698, 'subsample': 0.6968581610476194, 'colsample_bytree': 0.7148818856826248, 'colsample_bylevel': 0.3488228606546348, 'reg_alpha': 1.8431664840784023, 'reg_lambda': 8.254538223578024, 'gamma': 0.0003599568261666254, 'min_child_weight': 16}. Best is trial 138 with value: 3.778356983372113e-06.

[Trial 244/5000] Starting at 06:16:19
  Lambdas: P=1.113, B=1.993, G=1.417
  XGBoost params: n_estimators=9999, max_depth=7
  Starting cross-validation...
  Trial 240 MSE: 0.000005 | MAPE: 0.16% | R²: -0.314049
  Trial time: 4.5s
[I 2026-03-13 06:16:20,335] Trial 240 finished with value: 5.076887518448612e-06 and parameters: {'lambda_P': 1.8463885402193054, 'lambda_B': 1.3878346630582528, 'lambda_G': 1.5579756537177816, 'n_estimators': 787, 'max_depth': 5, 'learning_rate': 0.14350535350449847, 'subsample': 0.30637503596462484, 'colsample_bytree': 0.8388263776094569, 'colsample_bylevel': 0.7524950943246529, 'reg_alpha': 9.004251729645123, 'reg_lambda': 5.323613631703436, 'gamma': 0.0032342049641747327, 'min_child_weight': 3}. Best is trial 138 with value: 3.778356983372113e-06.

[Trial 245/5000] Starting at 06:16:20
  Lambdas: P=1.643, B=0.597, G=0.633
  XGBoost params: n_estimators=7676, max_depth=9
  Starting cross-validation...
  Trial 229 MSE: 0.000005 | MAPE: 0.16% | R²: -0.314049
  Trial time: 19.1s
[I 2026-03-13 06:16:21,134] Trial 229 finished with value: 5.076887518448612e-06 and parameters: {'lambda_P': 0.9026371516644454, 'lambda_B': 0.9894302204657102, 'lambda_G': 0.5754718321029715, 'n_estimators': 3282, 'max_depth': 2, 'learning_rate': 0.09342121667995669, 'subsample': 0.333164366127366, 'colsample_bytree': 0.4371323461712395, 'colsample_bylevel': 0.33536017956745134, 'reg_alpha': 0.6938530257344921, 'reg_lambda': 8.92871263005935, 'gamma': 0.000525260582553284, 'min_child_weight': 5}. Best is trial 138 with value: 3.778356983372113e-06.

[Trial 246/5000] Starting at 06:16:21
  Lambdas: P=0.733, B=1.056, G=0.552
  XGBoost params: n_estimators=172, max_depth=9
  Starting cross-validation...
  Trial 245 MSE: 0.000005 | MAPE: 0.16% | R²: -0.314049
  Trial time: 0.9s
[I 2026-03-13 06:16:22,300] Trial 245 finished with value: 5.076887518448612e-06 and parameters: {'lambda_P': 0.7331701319065722, 'lambda_B': 1.055762412302318, 'lambda_G': 0.5520730621160408, 'n_estimators': 172, 'max_depth': 9, 'learning_rate': 0.004479258766214931, 'subsample': 0.9759253158984116, 'colsample_bytree': 0.4633529940446085, 'colsample_bylevel': 0.9777084566376513, 'reg_alpha': 1.6834779640532727, 'reg_lambda': 0.8303940181939762, 'gamma': 0.006515347024766482, 'min_child_weight': 16}. Best is trial 138 with value: 3.778356983372113e-06.

[Trial 247/5000] Starting at 06:16:22
  Lambdas: P=0.611, B=1.987, G=0.886
  XGBoost params: n_estimators=2464, max_depth=5
  Starting cross-validation...
  Trial 238 MSE: 0.000005 | MAPE: 0.16% | R²: -0.314049
  Trial time: 10.6s
[I 2026-03-13 06:16:22,962] Trial 238 finished with value: 5.076887518448612e-06 and parameters: {'lambda_P': 1.3520796037668685, 'lambda_B': 1.2973321199076948, 'lambda_G': 1.4302725162882937, 'n_estimators': 2412, 'max_depth': 16, 'learning_rate': 0.02383860092600281, 'subsample': 0.6297062654026194, 'colsample_bytree': 0.5012670781085968, 'colsample_bylevel': 0.33140358131303355, 'reg_alpha': 6.571581103359042, 'reg_lambda': 9.190443629434842, 'gamma': 0.019507961674661168, 'min_child_weight': 7}. Best is trial 138 with value: 3.778356983372113e-06.

[Trial 248/5000] Starting at 06:16:23
  Lambdas: P=1.372, B=1.312, G=1.250
  XGBoost params: n_estimators=1753, max_depth=9
  Starting cross-validation...
  Trial 225 MSE: 0.000005 | MAPE: 0.16% | R²: -0.314049
  Trial time: 27.3s
[I 2026-03-13 06:16:23,507] Trial 225 finished with value: 5.076887518448612e-06 and parameters: {'lambda_P': 1.2481297226417576, 'lambda_B': 1.4702541279195587, 'lambda_G': 1.0146234654696822, 'n_estimators': 4718, 'max_depth': 14, 'learning_rate': 0.0332745101073609, 'subsample': 0.3852211454208073, 'colsample_bytree': 0.9170233033140449, 'colsample_bylevel': 0.7852832483341635, 'reg_alpha': 4.481795944198504, 'reg_lambda': 3.8425967144692974, 'gamma': 0.0971007794823421, 'min_child_weight': 10}. Best is trial 138 with value: 3.778356983372113e-06.

[Trial 249/5000] Starting at 06:16:23
  Lambdas: P=1.726, B=1.009, G=1.161
  XGBoost params: n_estimators=8917, max_depth=18
  Starting cross-validation...
  Trial 221 MSE: 0.000005 | MAPE: 0.16% | R²: -0.314049
  Trial time: 38.7s
[I 2026-03-13 06:16:27,088] Trial 221 finished with value: 5.076887518448612e-06 and parameters: {'lambda_P': 1.12135756594831, 'lambda_B': 0.8043930769201374, 'lambda_G': 1.1410895574450717, 'n_estimators': 6606, 'max_depth': 8, 'learning_rate': 0.002887288458077702, 'subsample': 0.5776713143659209, 'colsample_bytree': 0.9897623361024162, 'colsample_bylevel': 0.3460157506580492, 'reg_alpha': 9.237094204783181, 'reg_lambda': 7.291460448574006, 'gamma': 0.00032923673985570345, 'min_child_weight': 20}. Best is trial 138 with value: 3.778356983372113e-06.

[Trial 250/5000] Starting at 06:16:27
  Lambdas: P=1.372, B=0.841, G=1.111
  Trial 214 MSE: 0.000005 | MAPE: 0.16% | R²: -0.314049
  Trial time: 50.5s
[I 2026-03-13 06:16:27,341] Trial 214 finished with value: 5.076887518448612e-06 and parameters: {'lambda_P': 1.721471347946646, 'lambda_B': 1.683564699731611, 'lambda_G': 1.050463453584821, 'n_estimators': 8792, 'max_depth': 5, 'learning_rate': 0.07345044997446427, 'subsample': 0.9161656402615483, 'colsample_bytree': 0.6854114709409813, 'colsample_bylevel': 0.8447873229698768, 'reg_alpha': 2.8519517083174484, 'reg_lambda': 6.126793742042917, 'gamma': 0.00033334187882250155, 'min_child_weight': 9}. Best is trial 138 with value: 3.778356983372113e-06.

[Trial 251/5000] Starting at 06:16:27
  Lambdas: P=0.993, B=0.938, G=1.862
  XGBoost params: n_estimators=2530, max_depth=4
  Starting cross-validation...
  XGBoost params: n_estimators=6519, max_depth=7
  Starting cross-validation...
  Trial 247 MSE: 0.000005 | MAPE: 0.16% | R²: -0.314049
  Trial time: 7.1s
[I 2026-03-13 06:16:30,253] Trial 247 finished with value: 5.076887518448612e-06 and parameters: {'lambda_P': 1.372211568832033, 'lambda_B': 1.3120978206451284, 'lambda_G': 1.2501198360202075, 'n_estimators': 1753, 'max_depth': 9, 'learning_rate': 0.009532601443507451, 'subsample': 0.6122910275998179, 'colsample_bytree': 0.3998897803644772, 'colsample_bylevel': 0.9905336720961073, 'reg_alpha': 5.150303761156342, 'reg_lambda': 1.1637894702431206, 'gamma': 0.037293527315973386, 'min_child_weight': 14}. Best is trial 138 with value: 3.778356983372113e-06.

[Trial 252/5000] Starting at 06:16:30
  Lambdas: P=1.515, B=0.646, G=0.748
  XGBoost params: n_estimators=7072, max_depth=6
  Starting cross-validation...
  Trial 217 MSE: 0.000005 | MAPE: 0.16% | R²: -0.287074
  Trial time: 50.5s
[I 2026-03-13 06:16:31,470] Trial 217 finished with value: 4.95900065089767e-06 and parameters: {'lambda_P': 1.3348825302827076, 'lambda_B': 1.8277755153191477, 'lambda_G': 1.6429337886746318, 'n_estimators': 9815, 'max_depth': 4, 'learning_rate': 0.4800757783761898, 'subsample': 0.7355379243043496, 'colsample_bytree': 0.3050177526298157, 'colsample_bylevel': 0.42587120376392007, 'reg_alpha': 0.7150073161970683, 'reg_lambda': 3.6264242161484384, 'gamma': 0.0009780059573802431, 'min_child_weight': 5}. Best is trial 138 with value: 3.778356983372113e-06.

[Trial 253/5000] Starting at 06:16:31
  Lambdas: P=0.521, B=0.698, G=1.346
  XGBoost params: n_estimators=4468, max_depth=13
  Starting cross-validation...
  Trial 239 MSE: 0.000005 | MAPE: 0.16% | R²: -0.314049
  Trial time: 17.7s
[I 2026-03-13 06:16:32,139] Trial 239 finished with value: 5.076887518448612e-06 and parameters: {'lambda_P': 1.273479064218901, 'lambda_B': 1.949433733561898, 'lambda_G': 1.3198734974149429, 'n_estimators': 3988, 'max_depth': 2, 'learning_rate': 0.006686364273253706, 'subsample': 0.33020519396423637, 'colsample_bytree': 0.34730169095669994, 'colsample_bylevel': 0.48437445946662416, 'reg_alpha': 0.6818328070784885, 'reg_lambda': 7.33234666010532, 'gamma': 0.0009267423069232062, 'min_child_weight': 19}. Best is trial 138 with value: 3.778356983372113e-06.

[Trial 254/5000] Starting at 06:16:32
  Lambdas: P=1.523, B=1.558, G=1.210
  XGBoost params: n_estimators=4405, max_depth=5
  Starting cross-validation...
  Trial 246 MSE: 0.000005 | MAPE: 0.16% | R²: -0.314049
  Trial time: 13.0s
[I 2026-03-13 06:16:35,518] Trial 246 finished with value: 5.076887518448612e-06 and parameters: {'lambda_P': 0.6109453240287299, 'lambda_B': 1.9866598622946308, 'lambda_G': 0.8863210683419604, 'n_estimators': 2464, 'max_depth': 5, 'learning_rate': 0.01518718110344678, 'subsample': 0.962583277634599, 'colsample_bytree': 0.45195019268877057, 'colsample_bylevel': 0.6866492324373612, 'reg_alpha': 5.124195013548448, 'reg_lambda': 0.9134503210205813, 'gamma': 0.00035231433940991196, 'min_child_weight': 16}. Best is trial 138 with value: 3.778356983372113e-06.

[Trial 255/5000] Starting at 06:16:35
  Lambdas: P=1.216, B=0.649, G=0.802
  XGBoost params: n_estimators=7154, max_depth=12
  Starting cross-validation...
  Trial 227 MSE: 0.000005 | MAPE: 0.16% | R²: -0.314049
  Trial time: 38.8s
[I 2026-03-13 06:16:37,152] Trial 227 finished with value: 5.076887518448612e-06 and parameters: {'lambda_P': 0.8733334897720775, 'lambda_B': 0.6416925939099651, 'lambda_G': 0.9432530134873824, 'n_estimators': 7052, 'max_depth': 15, 'learning_rate': 0.2759803020258827, 'subsample': 0.39894908706560606, 'colsample_bytree': 0.4954400274896787, 'colsample_bylevel': 0.8852402208508714, 'reg_alpha': 9.439608356579768, 'reg_lambda': 8.462564739778264, 'gamma': 0.001992852588508871, 'min_child_weight': 12}. Best is trial 138 with value: 3.778356983372113e-06.

[Trial 256/5000] Starting at 06:16:37
  Lambdas: P=0.979, B=0.560, G=1.334
  XGBoost params: n_estimators=5154, max_depth=4
  Starting cross-validation...
  Trial 241 MSE: 0.000005 | MAPE: 0.16% | R²: -0.314049
  Trial time: 21.5s
[I 2026-03-13 06:16:38,532] Trial 241 finished with value: 5.076887518448612e-06 and parameters: {'lambda_P': 1.2455813195636116, 'lambda_B': 1.5352437387200228, 'lambda_G': 1.9731044051784428, 'n_estimators': 3738, 'max_depth': 18, 'learning_rate': 0.0076493812646749254, 'subsample': 0.5064488030381806, 'colsample_bytree': 0.8283605219178141, 'colsample_bylevel': 0.9352413622278193, 'reg_alpha': 7.553467829545408, 'reg_lambda': 2.6621108436323224, 'gamma': 0.015540587012343315, 'min_child_weight': 3}. Best is trial 138 with value: 3.778356983372113e-06.

[Trial 257/5000] Starting at 06:16:38
  Lambdas: P=1.660, B=1.405, G=1.113
  XGBoost params: n_estimators=5769, max_depth=4
  Starting cross-validation...
  Trial 249 MSE: 0.000005 | MAPE: 0.16% | R²: -0.314049
  Trial time: 13.5s
[I 2026-03-13 06:16:40,830] Trial 249 finished with value: 5.076887518448612e-06 and parameters: {'lambda_P': 1.3716080011611187, 'lambda_B': 0.8411544999627154, 'lambda_G': 1.1106340933993006, 'n_estimators': 2530, 'max_depth': 4, 'learning_rate': 0.23917462844979123, 'subsample': 0.8439662365764273, 'colsample_bytree': 0.7757155160276048, 'colsample_bylevel': 0.37791790767316946, 'reg_alpha': 9.811511913199752, 'reg_lambda': 1.87870087985476, 'gamma': 0.0007537993385205277, 'min_child_weight': 6}. Best is trial 138 with value: 3.778356983372113e-06.

[Trial 258/5000] Starting at 06:16:40
  Lambdas: P=1.612, B=1.504, G=1.434
  XGBoost params: n_estimators=1917, max_depth=19
  Starting cross-validation...
  Trial 226 MSE: 0.000005 | MAPE: 0.16% | R²: -0.314049
  Trial time: 44.8s
[I 2026-03-13 06:16:42,175] Trial 226 finished with value: 5.076887518448612e-06 and parameters: {'lambda_P': 0.9177140181272987, 'lambda_B': 0.7736460778794179, 'lambda_G': 0.5492008941832658, 'n_estimators': 7950, 'max_depth': 6, 'learning_rate': 0.005357347926908881, 'subsample': 0.7204293272538191, 'colsample_bytree': 0.8668750392301368, 'colsample_bylevel': 0.8742256362451131, 'reg_alpha': 7.946014268029668, 'reg_lambda': 9.471620895172379, 'gamma': 0.04398471883839814, 'min_child_weight': 8}. Best is trial 138 with value: 3.778356983372113e-06.

[Trial 259/5000] Starting at 06:16:42
  Lambdas: P=1.702, B=1.366, G=1.628
  XGBoost params: n_estimators=7951, max_depth=14
  Starting cross-validation...
  Trial 252 MSE: 0.000005 | MAPE: 0.16% | R²: -0.314049
  Trial time: 17.4s
[I 2026-03-13 06:16:49,064] Trial 252 finished with value: 5.076887518448612e-06 and parameters: {'lambda_P': 0.5205941505637693, 'lambda_B': 0.6977974081478077, 'lambda_G': 1.3455797483576606, 'n_estimators': 4468, 'max_depth': 13, 'learning_rate': 0.015804218469984487, 'subsample': 0.384637348769587, 'colsample_bytree': 0.6345506444707347, 'colsample_bylevel': 0.6006425505651547, 'reg_alpha': 9.563806160670083, 'reg_lambda': 2.779661909362682, 'gamma': 0.00048685863789752344, 'min_child_weight': 15}. Best is trial 138 with value: 3.778356983372113e-06.

[Trial 260/5000] Starting at 06:16:49
  Lambdas: P=1.555, B=1.445, G=1.324
  XGBoost params: n_estimators=4144, max_depth=13
  Starting cross-validation...
  Trial 253 MSE: 0.000005 | MAPE: 0.16% | R²: -0.314049
  Trial time: 17.5s
[I 2026-03-13 06:16:49,813] Trial 253 finished with value: 5.076887518448612e-06 and parameters: {'lambda_P': 1.5232037238413882, 'lambda_B': 1.5584340034451991, 'lambda_G': 1.2102373296835054, 'n_estimators': 4405, 'max_depth': 5, 'learning_rate': 0.2220818503120419, 'subsample': 0.40552379494254653, 'colsample_bytree': 0.3864506316370277, 'colsample_bylevel': 0.6619829186031587, 'reg_alpha': 2.3607865166278863, 'reg_lambda': 6.550338876673334, 'gamma': 0.00014038626198469635, 'min_child_weight': 9}. Best is trial 138 with value: 3.778356983372113e-06.

[Trial 261/5000] Starting at 06:16:49
  Lambdas: P=1.473, B=1.842, G=0.916
  XGBoost params: n_estimators=2532, max_depth=5
  Starting cross-validation...
  Trial 257 MSE: 0.000005 | MAPE: 0.16% | R²: -0.314049
  Trial time: 9.4s
[I 2026-03-13 06:16:50,461] Trial 257 finished with value: 5.076887518448612e-06 and parameters: {'lambda_P': 1.6122079204404738, 'lambda_B': 1.5041106048950021, 'lambda_G': 1.4340945394320046, 'n_estimators': 1917, 'max_depth': 19, 'learning_rate': 0.10078909636575936, 'subsample': 0.6206821920355887, 'colsample_bytree': 0.829391751130534, 'colsample_bylevel': 0.7514452799577629, 'reg_alpha': 2.0225276837886295, 'reg_lambda': 3.1523144291286753, 'gamma': 0.0007519142535099703, 'min_child_weight': 20}. Best is trial 138 with value: 3.778356983372113e-06.

[Trial 262/5000] Starting at 06:16:50
  Lambdas: P=1.166, B=0.668, G=0.918
  XGBoost params: n_estimators=2142, max_depth=10
  Starting cross-validation...
  Trial 242 MSE: 0.000005 | MAPE: 0.16% | R²: -0.314049
  Trial time: 35.7s
[I 2026-03-13 06:16:53,538] Trial 242 finished with value: 5.076887518448612e-06 and parameters: {'lambda_P': 1.7300953623055684, 'lambda_B': 1.1929539446758193, 'lambda_G': 1.4166090708796042, 'n_estimators': 6551, 'max_depth': 5, 'learning_rate': 0.2872689350198403, 'subsample': 0.7926167923475486, 'colsample_bytree': 0.8166906181478168, 'colsample_bylevel': 0.48189652959529794, 'reg_alpha': 5.104186722977154, 'reg_lambda': 2.193635447047787, 'gamma': 0.004622590815044477, 'min_child_weight': 5}. Best is trial 138 with value: 3.778356983372113e-06.

[Trial 263/5000] Starting at 06:16:53
  Lambdas: P=1.590, B=1.670, G=1.506
  XGBoost params: n_estimators=6909, max_depth=4
  Starting cross-validation...
  Trial 251 MSE: 0.000005 | MAPE: 0.16% | R²: -0.314049
  Trial time: 27.8s
[I 2026-03-13 06:16:58,222] Trial 251 finished with value: 5.076887518448612e-06 and parameters: {'lambda_P': 1.515204433304406, 'lambda_B': 0.645633327633159, 'lambda_G': 0.7480557292637162, 'n_estimators': 7072, 'max_depth': 6, 'learning_rate': 0.002648677694746463, 'subsample': 0.840252479736197, 'colsample_bytree': 0.6629601850402944, 'colsample_bylevel': 0.6470809945206777, 'reg_alpha': 7.624327669061147, 'reg_lambda': 2.7089304680150947, 'gamma': 0.001261426031481701, 'min_child_weight': 9}. Best is trial 138 with value: 3.778356983372113e-06.

[Trial 264/5000] Starting at 06:16:58
  Lambdas: P=0.854, B=1.314, G=0.755
  XGBoost params: n_estimators=4265, max_depth=20
  Starting cross-validation...
  Trial 260 MSE: 0.000005 | MAPE: 0.16% | R²: -0.314049
  Trial time: 9.8s
[I 2026-03-13 06:16:59,785] Trial 260 finished with value: 5.076887518448612e-06 and parameters: {'lambda_P': 1.4729645225819998, 'lambda_B': 1.8422593458537855, 'lambda_G': 0.9161575720567321, 'n_estimators': 2532, 'max_depth': 5, 'learning_rate': 0.0037530237292970146, 'subsample': 0.8029520020007339, 'colsample_bytree': 0.7351788933269783, 'colsample_bylevel': 0.4669475865118284, 'reg_alpha': 2.361159520358017, 'reg_lambda': 8.966443034378027, 'gamma': 0.015142223521112516, 'min_child_weight': 13}. Best is trial 138 with value: 3.778356983372113e-06.

[Trial 265/5000] Starting at 06:16:59
  Lambdas: P=0.731, B=1.264, G=0.781
  XGBoost params: n_estimators=2614, max_depth=16
  Starting cross-validation...
  Trial 244 MSE: 0.000005 | MAPE: 0.16% | R²: -0.314049
  Trial time: 39.8s
[I 2026-03-13 06:17:00,347] Trial 244 finished with value: 5.076887518448612e-06 and parameters: {'lambda_P': 1.643137306124588, 'lambda_B': 0.5972063938388781, 'lambda_G': 0.6332998696173524, 'n_estimators': 7676, 'max_depth': 9, 'learning_rate': 0.050585170767410925, 'subsample': 0.8286351521196587, 'colsample_bytree': 0.6512749383047745, 'colsample_bylevel': 0.4183461772984893, 'reg_alpha': 9.749613339262954, 'reg_lambda': 3.305080076272333, 'gamma': 0.006451971577504299, 'min_child_weight': 18}. Best is trial 138 with value: 3.778356983372113e-06.

[Trial 266/5000] Starting at 06:17:00
  Lambdas: P=1.544, B=1.145, G=0.919
  XGBoost params: n_estimators=3452, max_depth=2
  Starting cross-validation...
  Trial 237 MSE: 0.000003 | MAPE: 0.14% | R²: 0.029813
  Trial time: 52.5s
[I 2026-03-13 06:17:01,102] Trial 237 finished with value: 3.410930139944745e-06 and parameters: {'lambda_P': 1.431471248224994, 'lambda_B': 1.075049472262997, 'lambda_G': 1.2255796761067987, 'n_estimators': 9581, 'max_depth': 3, 'learning_rate': 0.0011022043723159381, 'subsample': 0.9384642651736641, 'colsample_bytree': 0.5486029264332122, 'colsample_bylevel': 0.5330249869971573, 'reg_alpha': 0.23877269270539014, 'reg_lambda': 0.5784545118738094, 'gamma': 0.00010406116499234417, 'min_child_weight': 5}. Best is trial 237 with value: 3.410930139944745e-06.

[NEW BEST] Trial 237: 0.000003
Parameters: {'lambda_P': 1.431471248224994, 'lambda_B': 1.075049472262997, 'lambda_G': 1.2255796761067987, 'n_estimators': 9581, 'max_depth': 3, 'learning_rate': 0.0011022043723159381, 'subsample': 0.9384642651736641, 'colsample_bytree': 0.5486029264332122, 'colsample_bylevel': 0.5330249869971573, 'reg_alpha': 0.23877269270539014, 'reg_lambda': 0.5784545118738094, 'gamma': 0.00010406116499234417, 'min_child_weight': 5}


[Trial 267/5000] Starting at 06:17:01
  Lambdas: P=0.952, B=1.709, G=1.887
  XGBoost params: n_estimators=5546, max_depth=10
  Starting cross-validation...
  Trial 250 MSE: 0.000005 | MAPE: 0.16% | R²: -0.314049
  Trial time: 34.2s
[I 2026-03-13 06:17:01,846] Trial 250 finished with value: 5.076887518448612e-06 and parameters: {'lambda_P': 0.9929749174677148, 'lambda_B': 0.9376822467243059, 'lambda_G': 1.86224849784919, 'n_estimators': 6519, 'max_depth': 7, 'learning_rate': 0.0010732387312533578, 'subsample': 0.36559092187367254, 'colsample_bytree': 0.34847926497688386, 'colsample_bylevel': 0.6404806397885938, 'reg_alpha': 4.9628697722706026, 'reg_lambda': 5.726116342144383, 'gamma': 0.006760151889029372, 'min_child_weight': 4}. Best is trial 237 with value: 3.410930139944745e-06.

[Trial 268/5000] Starting at 06:17:01
  Lambdas: P=0.750, B=0.700, G=1.799
  XGBoost params: n_estimators=6887, max_depth=11
  Starting cross-validation...
  Trial 261 MSE: 0.000005 | MAPE: 0.16% | R²: -0.314049
  Trial time: 12.0s
[I 2026-03-13 06:17:02,737] Trial 261 finished with value: 5.076887518448612e-06 and parameters: {'lambda_P': 1.1661839604183992, 'lambda_B': 0.6675129824607249, 'lambda_G': 0.9177051112028349, 'n_estimators': 2142, 'max_depth': 10, 'learning_rate': 0.3858852703263039, 'subsample': 0.32680778016561735, 'colsample_bytree': 0.9150886858539264, 'colsample_bylevel': 0.6862510990794253, 'reg_alpha': 3.815630337329481, 'reg_lambda': 0.3391262010195817, 'gamma': 0.016430555228986753, 'min_child_weight': 9}. Best is trial 237 with value: 3.410930139944745e-06.

[Trial 269/5000] Starting at 06:17:02
  Lambdas: P=1.969, B=1.493, G=1.292
  XGBoost params: n_estimators=2300, max_depth=6
  Starting cross-validation...
  Trial 255 MSE: 0.000005 | MAPE: 0.16% | R²: -0.314049
  Trial time: 26.6s
[I 2026-03-13 06:17:03,976] Trial 255 finished with value: 5.076887518448612e-06 and parameters: {'lambda_P': 0.9793326008011043, 'lambda_B': 0.5603015774017579, 'lambda_G': 1.333681070202476, 'n_estimators': 5154, 'max_depth': 4, 'learning_rate': 0.009070788349548081, 'subsample': 0.8439139635808859, 'colsample_bytree': 0.8405468652511405, 'colsample_bylevel': 0.4026128582768927, 'reg_alpha': 0.30746587907207634, 'reg_lambda': 9.774387845533447, 'gamma': 0.07534133411407921, 'min_child_weight': 1}. Best is trial 237 with value: 3.410930139944745e-06.

[Trial 270/5000] Starting at 06:17:04
  Lambdas: P=1.144, B=1.765, G=0.567
  XGBoost params: n_estimators=8970, max_depth=20
  Starting cross-validation...
  Trial 259 MSE: 0.000005 | MAPE: 0.16% | R²: -0.314049
  Trial time: 17.4s
