[I 2026-03-13 07:11:31,512] Trial 2002 finished with value: 5.076887518448612e-06 and parameters: {'lambda_P': 1.6518799489893432, 'lambda_B': 1.2625892268205194, 'lambda_G': 1.449639924341445, 'n_estimators': 7734, 'max_depth': 6, 'learning_rate': 0.2349238814718259, 'subsample': 0.5166444877924004, 'colsample_bytree': 0.3959203595185331, 'colsample_bylevel': 0.35601601525144555, 'reg_alpha': 0.9890384133986715, 'reg_lambda': 6.760888960987912, 'gamma': 0.00023596925316782675, 'min_child_weight': 14}. Best is trial 1422 with value: 2.996031181594198e-06.

[Trial 2022/5000] Starting at 07:11:31
  Lambdas: P=1.366, B=1.647, G=1.716
  XGBoost params: n_estimators=4211, max_depth=12
  Starting cross-validation...
  Trial 2010 MSE: 0.000005 | MAPE: 0.16% | R²: -0.314049
  Trial time: 25.5s
[I 2026-03-13 07:11:40,308] Trial 2010 finished with value: 5.076887518448612e-06 and parameters: {'lambda_P': 1.8422217702545123, 'lambda_B': 1.3374364908010148, 'lambda_G': 1.7683272317648993, 'n_estimators': 5425, 'max_depth': 8, 'learning_rate': 0.026612417373487626, 'subsample': 0.493870469031207, 'colsample_bytree': 0.40356849382294735, 'colsample_bylevel': 0.3035131907446844, 'reg_alpha': 2.224152510394705, 'reg_lambda': 9.72063315979312, 'gamma': 0.00024994415571741524, 'min_child_weight': 14}. Best is trial 1422 with value: 2.996031181594198e-06.

[Trial 2023/5000] Starting at 07:11:40
  Lambdas: P=1.943, B=0.805, G=0.794
  XGBoost params: n_estimators=7710, max_depth=5
  Starting cross-validation...
  Trial 2013 MSE: 0.000005 | MAPE: 0.16% | R²: -0.189252
  Trial time: 23.7s
[I 2026-03-13 07:11:42,309] Trial 2013 finished with value: 4.518235126821858e-06 and parameters: {'lambda_P': 1.958107954673068, 'lambda_B': 1.2085913372106944, 'lambda_G': 1.1475868869522985, 'n_estimators': 4928, 'max_depth': 5, 'learning_rate': 0.10173806931548099, 'subsample': 0.6255922940571351, 'colsample_bytree': 0.5491695127349704, 'colsample_bylevel': 0.3017543637446779, 'reg_alpha': 0.5703664461284673, 'reg_lambda': 9.92556716326595, 'gamma': 0.00024568952873365294, 'min_child_weight': 15}. Best is trial 1422 with value: 2.996031181594198e-06.

[Trial 2024/5000] Starting at 07:11:42
  Lambdas: P=0.622, B=1.605, G=0.829
  XGBoost params: n_estimators=7023, max_depth=16
  Starting cross-validation...
  Trial 2008 MSE: 0.000004 | MAPE: 0.16% | R²: -0.190825
  Trial time: 34.7s
[I 2026-03-13 07:11:46,135] Trial 2008 finished with value: 4.412802494305595e-06 and parameters: {'lambda_P': 1.6910293318931533, 'lambda_B': 0.5868675504573664, 'lambda_G': 1.7984202875369797, 'n_estimators': 7151, 'max_depth': 4, 'learning_rate': 0.09367252896090883, 'subsample': 0.4196624952577289, 'colsample_bytree': 0.48134791902595175, 'colsample_bylevel': 0.3176235138030296, 'reg_alpha': 0.11822401819745039, 'reg_lambda': 9.706342801616076, 'gamma': 0.0006741854202654087, 'min_child_weight': 19}. Best is trial 1422 with value: 2.996031181594198e-06.
  Trial 2019 MSE: 0.000004 | MAPE: 0.14% | R²: -0.045972
  Trial time: 17.0s
[I 2026-03-13 07:11:46,349] Trial 2019 finished with value: 3.753707297795113e-06 and parameters: {'lambda_P': 1.0611252314247401, 'lambda_B': 1.2888193878500909, 'lambda_G': 0.8675623137054905, 'n_estimators': 5224, 'max_depth': 5, 'learning_rate': 0.0021317481078491885, 'subsample': 0.9827025378087134, 'colsample_bytree': 0.8713338025097818, 'colsample_bylevel': 0.369281227439665, 'reg_alpha': 0.36188712294952596, 'reg_lambda': 1.3882588791043822, 'gamma': 0.00019266411730110237, 'min_child_weight': 7}. Best is trial 1422 with value: 2.996031181594198e-06.

[Trial 2025/5000] Starting at 07:11:46

[Trial 2026/5000] Starting at 07:11:46
  Lambdas: P=1.046, B=0.511, G=1.558
  XGBoost params: n_estimators=251, max_depth=5
  Starting cross-validation...
  Lambdas: P=1.663, B=1.113, G=1.657
  XGBoost params: n_estimators=4861, max_depth=5
  Starting cross-validation...
  Trial 2015 MSE: 0.000003 | MAPE: 0.14% | R²: 0.021172
  Trial time: 26.9s
[I 2026-03-13 07:11:47,180] Trial 2015 finished with value: 3.424960778590413e-06 and parameters: {'lambda_P': 1.9153620721725981, 'lambda_B': 1.097532002584957, 'lambda_G': 1.1351248274253654, 'n_estimators': 5621, 'max_depth': 5, 'learning_rate': 0.0020975918114028063, 'subsample': 0.8139023551222554, 'colsample_bytree': 0.45726419651968464, 'colsample_bylevel': 0.7064977661174419, 'reg_alpha': 0.19140341804621508, 'reg_lambda': 0.8626951709326298, 'gamma': 0.00011177387466496692, 'min_child_weight': 8}. Best is trial 1422 with value: 2.996031181594198e-06.

[Trial 2027/5000] Starting at 07:11:47
  Lambdas: P=1.765, B=0.903, G=1.572
  XGBoost params: n_estimators=7731, max_depth=8
  Starting cross-validation...
  Trial 2025 MSE: 0.000005 | MAPE: 0.16% | R²: -0.314049
  Trial time: 1.6s
[I 2026-03-13 07:11:48,212] Trial 2025 finished with value: 5.076887518448612e-06 and parameters: {'lambda_P': 1.0455024775800386, 'lambda_B': 0.5114157039699057, 'lambda_G': 1.5577245653781104, 'n_estimators': 251, 'max_depth': 5, 'learning_rate': 0.18401465890383154, 'subsample': 0.831609404785414, 'colsample_bytree': 0.7117544559482097, 'colsample_bylevel': 0.4448628068298345, 'reg_alpha': 6.202138768685588, 'reg_lambda': 5.74248299063802, 'gamma': 0.0006781222002139172, 'min_child_weight': 20}. Best is trial 1422 with value: 2.996031181594198e-06.

[Trial 2028/5000] Starting at 07:11:48
  Lambdas: P=1.880, B=1.080, G=1.909
  XGBoost params: n_estimators=6364, max_depth=4
  Starting cross-validation...
  Trial 2006 MSE: 0.000005 | MAPE: 0.16% | R²: -0.314049
  Trial time: 46.2s
[I 2026-03-13 07:11:50,683] Trial 2006 finished with value: 5.076887518448612e-06 and parameters: {'lambda_P': 1.9242654705672466, 'lambda_B': 0.8352275195618661, 'lambda_G': 1.5066697293949056, 'n_estimators': 9056, 'max_depth': 7, 'learning_rate': 0.1683374233860645, 'subsample': 0.5747018761852798, 'colsample_bytree': 0.36465074271998077, 'colsample_bylevel': 0.36214385388249354, 'reg_alpha': 2.0282082848270284, 'reg_lambda': 5.508357373462961, 'gamma': 0.00015182792656022546, 'min_child_weight': 17}. Best is trial 1422 with value: 2.996031181594198e-06.
  Trial 2018 MSE: 0.000005 | MAPE: 0.16% | R²: -0.314049
  Trial time: 26.2s
[I 2026-03-13 07:11:50,865] Trial 2018 finished with value: 5.076887518448612e-06 and parameters: {'lambda_P': 1.5099974442551463, 'lambda_B': 1.034055344795275, 'lambda_G': 1.3915672166168729, 'n_estimators': 5617, 'max_depth': 7, 'learning_rate': 0.03123169306461546, 'subsample': 0.5125461275737528, 'colsample_bytree': 0.31869758886296523, 'colsample_bylevel': 0.357236758698693, 'reg_alpha': 2.1296542096455493, 'reg_lambda': 7.810435549587163, 'gamma': 0.00011565679114947614, 'min_child_weight': 16}. Best is trial 1422 with value: 2.996031181594198e-06.

[Trial 2029/5000] Starting at 07:11:50
[Trial 2030/5000] Starting at 07:11:50

  Lambdas: P=1.948, B=0.627, G=0.698
  Lambdas: P=1.854, B=1.327, G=1.016
  XGBoost params: n_estimators=9847, max_depth=9
  Starting cross-validation...
  XGBoost params: n_estimators=4243, max_depth=13
  Starting cross-validation...
  Trial 2021 MSE: 0.000005 | MAPE: 0.16% | R²: -0.314049
  Trial time: 20.5s
[I 2026-03-13 07:11:52,227] Trial 2021 finished with value: 5.076887518448612e-06 and parameters: {'lambda_P': 1.3658531942614736, 'lambda_B': 1.6473621301057224, 'lambda_G': 1.7160297573313565, 'n_estimators': 4211, 'max_depth': 12, 'learning_rate': 0.017005489899742605, 'subsample': 0.3905751479843116, 'colsample_bytree': 0.9356037767121408, 'colsample_bylevel': 0.6990685160947371, 'reg_alpha': 0.39855610997794955, 'reg_lambda': 5.056576192915632, 'gamma': 0.020639335597227932, 'min_child_weight': 13}. Best is trial 1422 with value: 2.996031181594198e-06.

[Trial 2031/5000] Starting at 07:11:52
  Lambdas: P=1.640, B=0.625, G=0.516
  XGBoost params: n_estimators=9069, max_depth=7
  Starting cross-validation...
  Trial 2017 MSE: 0.000004 | MAPE: 0.15% | R²: -0.146115
  Trial time: 30.8s
[I 2026-03-13 07:11:54,238] Trial 2017 finished with value: 4.3716976858196695e-06 and parameters: {'lambda_P': 1.1821053596253186, 'lambda_B': 0.5596258332541957, 'lambda_G': 0.622021166080649, 'n_estimators': 7434, 'max_depth': 8, 'learning_rate': 0.0013643420512449874, 'subsample': 0.9504359381130761, 'colsample_bytree': 0.34516094583533796, 'colsample_bylevel': 0.5549114184486408, 'reg_alpha': 0.9224857696737769, 'reg_lambda': 5.34287841005956, 'gamma': 0.00010686212863198143, 'min_child_weight': 9}. Best is trial 1422 with value: 2.996031181594198e-06.

[Trial 2032/5000] Starting at 07:11:54
  Lambdas: P=0.876, B=1.995, G=0.988
  XGBoost params: n_estimators=4276, max_depth=8
  Starting cross-validation...
  Trial 2011 MSE: 0.000005 | MAPE: 0.16% | R²: -0.314049
  Trial time: 39.3s
[I 2026-03-13 07:11:56,638] Trial 2011 finished with value: 5.076887518448612e-06 and parameters: {'lambda_P': 1.919261512650528, 'lambda_B': 1.4324655362022627, 'lambda_G': 1.9577043085614219, 'n_estimators': 7845, 'max_depth': 8, 'learning_rate': 0.019096031488266413, 'subsample': 0.46362461661341886, 'colsample_bytree': 0.4677778321232928, 'colsample_bylevel': 0.3407086604059734, 'reg_alpha': 2.222167890039745, 'reg_lambda': 8.061256765251398, 'gamma': 0.00013354517503746978, 'min_child_weight': 17}. Best is trial 1422 with value: 2.996031181594198e-06.
  Trial 2007 MSE: 0.000005 | MAPE: 0.16% | R²: -0.314049
  Trial time: 46.5s
[I 2026-03-13 07:11:56,824] Trial 2007 finished with value: 5.076887518448612e-06 and parameters: {'lambda_P': 1.765112895486572, 'lambda_B': 0.8141549476039689, 'lambda_G': 1.6973917159328291, 'n_estimators': 9097, 'max_depth': 2, 'learning_rate': 0.037096320982121025, 'subsample': 0.5777450176084016, 'colsample_bytree': 0.4222434577950453, 'colsample_bylevel': 0.3007736028038658, 'reg_alpha': 1.8208368077580923, 'reg_lambda': 8.594850498262273, 'gamma': 0.0005670260911535895, 'min_child_weight': 13}. Best is trial 1422 with value: 2.996031181594198e-06.

[Trial 2033/5000] Starting at 07:11:56
[Trial 2034/5000] Starting at 07:11:56

  Lambdas: P=1.823, B=1.076, G=1.466
  Lambdas: P=1.261, B=0.712, G=1.143
  XGBoost params: n_estimators=6721, max_depth=2
  Starting cross-validation...
  XGBoost params: n_estimators=3691, max_depth=2
  Starting cross-validation...
  Trial 2020 MSE: 0.000005 | MAPE: 0.16% | R²: -0.242500
  Trial time: 30.0s
[I 2026-03-13 07:11:59,910] Trial 2020 finished with value: 4.887158874849206e-06 and parameters: {'lambda_P': 1.9091543515071188, 'lambda_B': 1.009509679087783, 'lambda_G': 1.7967575308210104, 'n_estimators': 5754, 'max_depth': 4, 'learning_rate': 0.3063541985378488, 'subsample': 0.5957973203019082, 'colsample_bytree': 0.3247403749043957, 'colsample_bylevel': 0.3606125812496625, 'reg_alpha': 0.7886737657170814, 'reg_lambda': 5.103251528954476, 'gamma': 0.00019974843831748121, 'min_child_weight': 12}. Best is trial 1422 with value: 2.996031181594198e-06.

[Trial 2035/5000] Starting at 07:12:00
  Lambdas: P=1.336, B=0.601, G=1.520
  XGBoost params: n_estimators=6190, max_depth=14
  Starting cross-validation...
  Trial 2014 MSE: 0.000005 | MAPE: 0.16% | R²: -0.314049
  Trial time: 41.5s
[I 2026-03-13 07:12:01,113] Trial 2014 finished with value: 5.076887518448612e-06 and parameters: {'lambda_P': 1.8035575671323405, 'lambda_B': 0.9208241057819998, 'lambda_G': 1.9651843313143589, 'n_estimators': 8497, 'max_depth': 5, 'learning_rate': 0.18136387673801185, 'subsample': 0.5492955136855283, 'colsample_bytree': 0.33343788340803987, 'colsample_bylevel': 0.35710836740043295, 'reg_alpha': 4.223885349691636, 'reg_lambda': 8.572948301990312, 'gamma': 0.00015883150900272572, 'min_child_weight': 12}. Best is trial 1422 with value: 2.996031181594198e-06.

[Trial 2036/5000] Starting at 07:12:01
  Lambdas: P=1.634, B=1.010, G=1.734
  XGBoost params: n_estimators=6779, max_depth=7
  Starting cross-validation...
  Trial 2016 MSE: 0.000004 | MAPE: 0.14% | R²: -0.048070
  Trial time: 43.1s
[I 2026-03-13 07:12:04,154] Trial 2016 finished with value: 3.7259600787722817e-06 and parameters: {'lambda_P': 1.9156780426192397, 'lambda_B': 1.101417715338707, 'lambda_G': 1.273141188872212, 'n_estimators': 9527, 'max_depth': 9, 'learning_rate': 0.03469211557367978, 'subsample': 0.504786531653673, 'colsample_bytree': 0.36145491347668146, 'colsample_bylevel': 0.328586623041401, 'reg_alpha': 0.14027686998772224, 'reg_lambda': 6.508950308996359, 'gamma': 0.0002366429027595226, 'min_child_weight': 19}. Best is trial 1422 with value: 2.996031181594198e-06.

[Trial 2037/5000] Starting at 07:12:04
  Lambdas: P=1.721, B=0.642, G=1.359
  XGBoost params: n_estimators=6481, max_depth=14
  Starting cross-validation...
  Trial 2031 MSE: 0.000004 | MAPE: 0.15% | R²: -0.137752
  Trial time: 15.3s
[I 2026-03-13 07:12:09,794] Trial 2031 finished with value: 4.271038147480315e-06 and parameters: {'lambda_P': 0.8762705267119278, 'lambda_B': 1.9946091562047428, 'lambda_G': 0.9876316739601111, 'n_estimators': 4276, 'max_depth': 8, 'learning_rate': 0.007077426511012729, 'subsample': 0.9451823981157605, 'colsample_bytree': 0.8821437782433194, 'colsample_bylevel': 0.3095266809101375, 'reg_alpha': 0.7378911539807647, 'reg_lambda': 1.6868168977259903, 'gamma': 0.00019034592011048026, 'min_child_weight': 7}. Best is trial 1422 with value: 2.996031181594198e-06.

[Trial 2038/5000] Starting at 07:12:09
  Lambdas: P=1.851, B=1.885, G=1.103
  XGBoost params: n_estimators=8818, max_depth=14
  Starting cross-validation...
  Trial 2024 MSE: 0.000004 | MAPE: 0.16% | R²: -0.161159
  Trial time: 25.0s
[I 2026-03-13 07:12:11,570] Trial 2024 finished with value: 4.4094774213144085e-06 and parameters: {'lambda_P': 1.6626209001661034, 'lambda_B': 1.112777537834086, 'lambda_G': 1.657465390627943, 'n_estimators': 4861, 'max_depth': 5, 'learning_rate': 0.05061635442710455, 'subsample': 0.7739769308922251, 'colsample_bytree': 0.34992902778536417, 'colsample_bylevel': 0.37178936595655016, 'reg_alpha': 0.7038133361665391, 'reg_lambda': 8.454775882614785, 'gamma': 0.00017090245744873022, 'min_child_weight': 12}. Best is trial 1422 with value: 2.996031181594198e-06.

[Trial 2039/5000] Starting at 07:12:11
  Lambdas: P=1.500, B=1.199, G=0.563
  Trial 2029 MSE: 0.000005 | MAPE: 0.16% | R²: -0.314049
  Trial time: 21.0s
[I 2026-03-13 07:12:12,110] Trial 2029 finished with value: 5.076887518448612e-06 and parameters: {'lambda_P': 1.8536292978444462, 'lambda_B': 1.3273245253950519, 'lambda_G': 1.0162127911349603, 'n_estimators': 4243, 'max_depth': 13, 'learning_rate': 0.0011442646950393885, 'subsample': 0.7605021787884623, 'colsample_bytree': 0.4051448165947977, 'colsample_bylevel': 0.6902054025535738, 'reg_alpha': 1.9567361034475352, 'reg_lambda': 1.1930874055457386, 'gamma': 0.0379409404411182, 'min_child_weight': 18}. Best is trial 1422 with value: 2.996031181594198e-06.

[Trial 2040/5000] Starting at 07:12:12
  XGBoost params: n_estimators=5107, max_depth=2
  Starting cross-validation...
  Lambdas: P=1.881, B=0.706, G=1.606
  XGBoost params: n_estimators=3955, max_depth=5
  Starting cross-validation...
  Trial 2027 MSE: 0.000005 | MAPE: 0.16% | R²: -0.256790
  Trial time: 24.4s
[I 2026-03-13 07:12:12,856] Trial 2027 finished with value: 4.9158216903726565e-06 and parameters: {'lambda_P': 1.8798125034858697, 'lambda_B': 1.0797915479253801, 'lambda_G': 1.9090457844063229, 'n_estimators': 6364, 'max_depth': 4, 'learning_rate': 0.018529079489624522, 'subsample': 0.7000860488535683, 'colsample_bytree': 0.328497505585421, 'colsample_bylevel': 0.5052043245282416, 'reg_alpha': 0.8167868497328785, 'reg_lambda': 7.894993774391832, 'gamma': 0.00032013854671702444, 'min_child_weight': 11}. Best is trial 1422 with value: 2.996031181594198e-06.

[Trial 2041/5000] Starting at 07:12:12
  Lambdas: P=1.747, B=0.971, G=1.541
  XGBoost params: n_estimators=7376, max_depth=3
  Starting cross-validation...
  Trial 2033 MSE: 0.000005 | MAPE: 0.16% | R²: -0.314049
  Trial time: 18.2s
[I 2026-03-13 07:12:15,217] Trial 2033 finished with value: 5.076887518448612e-06 and parameters: {'lambda_P': 1.2614538988372688, 'lambda_B': 0.71161374228604, 'lambda_G': 1.14259250818473, 'n_estimators': 3691, 'max_depth': 2, 'learning_rate': 0.19627220312768384, 'subsample': 0.32275383769078003, 'colsample_bytree': 0.4772961620466386, 'colsample_bylevel': 0.3764950200314144, 'reg_alpha': 0.24627534016248376, 'reg_lambda': 2.9267917372746814, 'gamma': 0.048499577586096417, 'min_child_weight': 7}. Best is trial 1422 with value: 2.996031181594198e-06.

[Trial 2042/5000] Starting at 07:12:15
  Lambdas: P=0.806, B=1.595, G=1.148
  XGBoost params: n_estimators=5916, max_depth=13
  Starting cross-validation...
  Trial 2023 MSE: 0.000005 | MAPE: 0.16% | R²: -0.314049
  Trial time: 36.4s
[I 2026-03-13 07:12:18,959] Trial 2023 finished with value: 5.076887518448612e-06 and parameters: {'lambda_P': 0.6219827756074913, 'lambda_B': 1.6053575891605905, 'lambda_G': 0.8294301186272175, 'n_estimators': 7023, 'max_depth': 16, 'learning_rate': 0.009578206689280635, 'subsample': 0.3695252015779293, 'colsample_bytree': 0.9831493013805087, 'colsample_bylevel': 0.7345461283597012, 'reg_alpha': 2.7141068373294277, 'reg_lambda': 3.503342305233959, 'gamma': 0.008427226078865972, 'min_child_weight': 17}. Best is trial 1422 with value: 2.996031181594198e-06.

[Trial 2043/5000] Starting at 07:12:19
  Lambdas: P=1.993, B=1.192, G=1.850
  XGBoost params: n_estimators=7999, max_depth=2
  Starting cross-validation...
  Trial 2022 MSE: 0.000005 | MAPE: 0.16% | R²: -0.314049
  Trial time: 39.4s
[I 2026-03-13 07:12:19,932] Trial 2022 finished with value: 5.076887518448612e-06 and parameters: {'lambda_P': 1.942855027247846, 'lambda_B': 0.8053911148982004, 'lambda_G': 0.7943415374042486, 'n_estimators': 7710, 'max_depth': 5, 'learning_rate': 0.01048215405009529, 'subsample': 0.5783381447226488, 'colsample_bytree': 0.46799177450656126, 'colsample_bylevel': 0.38753872566537306, 'reg_alpha': 2.1621201566257526, 'reg_lambda': 5.165259975855584, 'gamma': 0.0001425024589352973, 'min_child_weight': 20}. Best is trial 1422 with value: 2.996031181594198e-06.

[Trial 2044/5000] Starting at 07:12:20
  Lambdas: P=0.529, B=1.480, G=1.092
  XGBoost params: n_estimators=4503, max_depth=15
  Starting cross-validation...
  Trial 2026 MSE: 0.000003 | MAPE: 0.13% | R²: 0.071655
  Trial time: 37.6s
[I 2026-03-13 07:12:25,013] Trial 2026 finished with value: 3.125937567470641e-06 and parameters: {'lambda_P': 1.764955669034121, 'lambda_B': 0.9027486661121645, 'lambda_G': 1.571568542268162, 'n_estimators': 7731, 'max_depth': 8, 'learning_rate': 0.04897347786761687, 'subsample': 0.657941321464815, 'colsample_bytree': 0.36777430548087425, 'colsample_bylevel': 0.3576483697597645, 'reg_alpha': 0.06196975974539522, 'reg_lambda': 6.990216462266802, 'gamma': 0.00014296788166671493, 'min_child_weight': 16}. Best is trial 1422 with value: 2.996031181594198e-06.

[Trial 2045/5000] Starting at 07:12:25
  Trial 2032 MSE: 0.000004 | MAPE: 0.14% | R²: -0.032420
  Trial time: 28.3s
[I 2026-03-13 07:12:25,347] Trial 2032 finished with value: 3.5814449844023727e-06 and parameters: {'lambda_P': 1.8226700205878519, 'lambda_B': 1.0759697912327781, 'lambda_G': 1.4662699370726697, 'n_estimators': 6721, 'max_depth': 2, 'learning_rate': 0.11300448760510695, 'subsample': 0.7087118942787844, 'colsample_bytree': 0.39387459633882627, 'colsample_bylevel': 0.4611204812302999, 'reg_alpha': 0.05930306421823292, 'reg_lambda': 9.875119267434782, 'gamma': 0.0003103452584731781, 'min_child_weight': 17}. Best is trial 1422 with value: 2.996031181594198e-06.

[Trial 2046/5000] Starting at 07:12:25
  Lambdas: P=1.403, B=0.809, G=1.437
  XGBoost params: n_estimators=8100, max_depth=5
  Starting cross-validation...
  Lambdas: P=1.438, B=0.506, G=1.547
  XGBoost params: n_estimators=6710, max_depth=10
  Starting cross-validation...
  Trial 2034 MSE: 0.000005 | MAPE: 0.16% | R²: -0.314049
  Trial time: 29.2s
[I 2026-03-13 07:12:29,310] Trial 2034 finished with value: 5.076887518448612e-06 and parameters: {'lambda_P': 1.3361482522957087, 'lambda_B': 0.6010591248984501, 'lambda_G': 1.5196315311019202, 'n_estimators': 6190, 'max_depth': 14, 'learning_rate': 0.0013881216013981016, 'subsample': 0.5205573111322587, 'colsample_bytree': 0.9320474064186286, 'colsample_bylevel': 0.6151525868269136, 'reg_alpha': 6.453172043930024, 'reg_lambda': 1.8585207628679412, 'gamma': 0.06052641790210835, 'min_child_weight': 2}. Best is trial 1422 with value: 2.996031181594198e-06.

[Trial 2047/5000] Starting at 07:12:29
  Lambdas: P=1.358, B=0.910, G=1.611
  XGBoost params: n_estimators=7573, max_depth=7
  Starting cross-validation...
  Trial 2039 MSE: 0.000003 | MAPE: 0.13% | R²: 0.054242
  Trial time: 17.9s
[I 2026-03-13 07:12:30,203] Trial 2039 finished with value: 3.2337417371904085e-06 and parameters: {'lambda_P': 1.8812512399583732, 'lambda_B': 0.7061152222231639, 'lambda_G': 1.6060502476218899, 'n_estimators': 3955, 'max_depth': 5, 'learning_rate': 0.029373846873835433, 'subsample': 0.6675259077602573, 'colsample_bytree': 0.3513665527593404, 'colsample_bylevel': 0.33622054550164204, 'reg_alpha': 0.12557567143002685, 'reg_lambda': 7.256654989906828, 'gamma': 0.00013238471708870776, 'min_child_weight': 15}. Best is trial 1422 with value: 2.996031181594198e-06.

[Trial 2048/5000] Starting at 07:12:30
  Lambdas: P=1.665, B=0.885, G=1.364
  XGBoost params: n_estimators=3904, max_depth=5
  Starting cross-validation...
  Trial 2035 MSE: 0.000004 | MAPE: 0.15% | R²: -0.113709
  Trial time: 30.9s
