[I 2026-03-13 06:41:38,033] Trial 972 finished with value: 5.076887518448612e-06 and parameters: {'lambda_P': 1.6424689734761115, 'lambda_B': 0.9297294446814284, 'lambda_G': 1.709641279080006, 'n_estimators': 9394, 'max_depth': 15, 'learning_rate': 0.0025788570912465337, 'subsample': 0.45974323322698984, 'colsample_bytree': 0.47868844367765273, 'colsample_bylevel': 0.3811972179718, 'reg_alpha': 3.424466528964893, 'reg_lambda': 6.564572200975546, 'gamma': 0.00013502564555687596, 'min_child_weight': 3}. Best is trial 660 with value: 3.2379913054860083e-06.

[Trial 999/5000] Starting at 06:41:38
  Lambdas: P=1.715, B=1.507, G=1.992
  XGBoost params: n_estimators=6153, max_depth=17
  Starting cross-validation...
  Trial 976 MSE: 0.000005 | MAPE: 0.16% | R²: -0.314049
  Trial time: 41.5s
[I 2026-03-13 06:41:40,369] Trial 976 finished with value: 5.076887518448612e-06 and parameters: {'lambda_P': 1.081256856232192, 'lambda_B': 1.377956868545224, 'lambda_G': 0.8061708084662018, 'n_estimators': 8078, 'max_depth': 20, 'learning_rate': 0.0011741080133649312, 'subsample': 0.6353947748412535, 'colsample_bytree': 0.6318022627164571, 'colsample_bylevel': 0.3793375460666057, 'reg_alpha': 1.196604618890767, 'reg_lambda': 4.33107356254046, 'gamma': 0.00012434647640406944, 'min_child_weight': 19}. Best is trial 660 with value: 3.2379913054860083e-06.

[Trial 1000/5000] Starting at 06:41:40
  Lambdas: P=1.865, B=0.872, G=1.486
  XGBoost params: n_estimators=4180, max_depth=20
  Starting cross-validation...
  Trial 994 MSE: 0.000005 | MAPE: 0.16% | R²: -0.314049
  Trial time: 13.0s
[I 2026-03-13 06:41:43,804] Trial 994 finished with value: 5.076887518448612e-06 and parameters: {'lambda_P': 1.3291139342015323, 'lambda_B': 1.2522831486601886, 'lambda_G': 1.6522034266248211, 'n_estimators': 2682, 'max_depth': 17, 'learning_rate': 0.013369225227785188, 'subsample': 0.46635804939001224, 'colsample_bytree': 0.6824591405074424, 'colsample_bylevel': 0.5212500923638982, 'reg_alpha': 1.3294437215214439, 'reg_lambda': 5.994259590292571, 'gamma': 0.00019591126343656765, 'min_child_weight': 1}. Best is trial 660 with value: 3.2379913054860083e-06.

[Trial 1001/5000] Starting at 06:41:43
  Lambdas: P=0.812, B=1.274, G=0.827
  XGBoost params: n_estimators=1665, max_depth=5
  Starting cross-validation...
  Trial 984 MSE: 0.000005 | MAPE: 0.16% | R²: -0.216665
  Trial time: 33.7s
[I 2026-03-13 06:41:46,203] Trial 984 finished with value: 4.700193228326328e-06 and parameters: {'lambda_P': 1.593008355437497, 'lambda_B': 1.597925795235181, 'lambda_G': 1.4831549304258331, 'n_estimators': 6851, 'max_depth': 11, 'learning_rate': 0.0028056020287423756, 'subsample': 0.3436329345057722, 'colsample_bytree': 0.522557747790382, 'colsample_bylevel': 0.6600605182054868, 'reg_alpha': 0.3731910502765701, 'reg_lambda': 6.554255788478249, 'gamma': 0.00013614170457761768, 'min_child_weight': 6}. Best is trial 660 with value: 3.2379913054860083e-06.

[Trial 1002/5000] Starting at 06:41:46
  Lambdas: P=1.156, B=1.466, G=1.559
  XGBoost params: n_estimators=3278, max_depth=17
  Starting cross-validation...
  Trial 988 MSE: 0.000005 | MAPE: 0.16% | R²: -0.314049
  Trial time: 28.8s
[I 2026-03-13 06:41:48,201] Trial 988 finished with value: 5.076887518448612e-06 and parameters: {'lambda_P': 1.465542720260759, 'lambda_B': 1.3060999143377423, 'lambda_G': 1.7616005621670432, 'n_estimators': 6758, 'max_depth': 9, 'learning_rate': 0.00140849509631049, 'subsample': 0.35210247675353357, 'colsample_bytree': 0.5212154031545017, 'colsample_bylevel': 0.6725411547192452, 'reg_alpha': 1.0911789645453376, 'reg_lambda': 8.384743998919493, 'gamma': 0.00014950325076929064, 'min_child_weight': 5}. Best is trial 660 with value: 3.2379913054860083e-06.

[Trial 1003/5000] Starting at 06:41:48
  Trial 982 MSE: 0.000005 | MAPE: 0.16% | R²: -0.310261
  Trial time: 37.7s
[I 2026-03-13 06:41:48,565] Trial 982 finished with value: 5.064111019606045e-06 and parameters: {'lambda_P': 1.5940772543264505, 'lambda_B': 1.5720340165907432, 'lambda_G': 1.9133651329592813, 'n_estimators': 7443, 'max_depth': 15, 'learning_rate': 0.0026527635748106793, 'subsample': 0.48397557571413496, 'colsample_bytree': 0.31440810897772126, 'colsample_bylevel': 0.5717232355009637, 'reg_alpha': 0.42630807421199823, 'reg_lambda': 6.4539842100659985, 'gamma': 0.0009136954295744477, 'min_child_weight': 6}. Best is trial 660 with value: 3.2379913054860083e-06.

[Trial 1004/5000] Starting at 06:41:48
  Lambdas: P=1.942, B=1.095, G=1.333
  XGBoost params: n_estimators=4543, max_depth=20
  Starting cross-validation...
  Lambdas: P=1.845, B=0.949, G=1.116
  XGBoost params: n_estimators=4690, max_depth=15
  Starting cross-validation...
  Trial 995 MSE: 0.000005 | MAPE: 0.16% | R²: -0.314049
  Trial time: 17.0s
[I 2026-03-13 06:41:49,387] Trial 995 finished with value: 5.076887518448612e-06 and parameters: {'lambda_P': 1.9664966412561646, 'lambda_B': 0.8882207962516676, 'lambda_G': 1.2998703806059597, 'n_estimators': 3443, 'max_depth': 19, 'learning_rate': 0.01703770618404946, 'subsample': 0.3644602040498742, 'colsample_bytree': 0.49530421312669815, 'colsample_bylevel': 0.36265197521720915, 'reg_alpha': 1.1912685733287214, 'reg_lambda': 8.064125000217198, 'gamma': 0.000547521605517597, 'min_child_weight': 9}. Best is trial 660 with value: 3.2379913054860083e-06.

[Trial 1005/5000] Starting at 06:41:49
  Lambdas: P=1.205, B=1.265, G=1.003
  XGBoost params: n_estimators=2744, max_depth=14
  Starting cross-validation...
  Trial 993 MSE: 0.000004 | MAPE: 0.15% | R²: -0.098106
  Trial time: 21.9s
[I 2026-03-13 06:41:50,567] Trial 993 finished with value: 4.023450385439288e-06 and parameters: {'lambda_P': 1.8240656539853632, 'lambda_B': 1.2662815834629773, 'lambda_G': 1.4979005119824629, 'n_estimators': 5537, 'max_depth': 19, 'learning_rate': 0.001807419615160022, 'subsample': 0.6249223474122072, 'colsample_bytree': 0.462756772536454, 'colsample_bylevel': 0.31219095969537836, 'reg_alpha': 0.34724300495440585, 'reg_lambda': 5.790397790829782, 'gamma': 0.0001881424696571264, 'min_child_weight': 13}. Best is trial 660 with value: 3.2379913054860083e-06.

[Trial 1006/5000] Starting at 06:41:50
  Lambdas: P=1.303, B=0.886, G=1.395
  XGBoost params: n_estimators=3818, max_depth=17
  Starting cross-validation...
  Trial 1000 MSE: 0.000005 | MAPE: 0.16% | R²: -0.314049
  Trial time: 8.7s
[I 2026-03-13 06:41:52,747] Trial 1000 finished with value: 5.076887518448612e-06 and parameters: {'lambda_P': 0.8118864014552477, 'lambda_B': 1.2743963714428868, 'lambda_G': 0.8268516750492165, 'n_estimators': 1665, 'max_depth': 5, 'learning_rate': 0.0034332532706329534, 'subsample': 0.8129833039907768, 'colsample_bytree': 0.3818755133529398, 'colsample_bylevel': 0.32942696643840597, 'reg_alpha': 1.6607357415842867, 'reg_lambda': 7.3818256308315515, 'gamma': 0.00012936252501049127, 'min_child_weight': 8}. Best is trial 660 with value: 3.2379913054860083e-06.

[Trial 1007/5000] Starting at 06:41:52
  Trial 991 MSE: 0.000005 | MAPE: 0.16% | R²: -0.295269
  Trial time: 27.6s
[I 2026-03-13 06:41:52,925] Trial 991 finished with value: 5.029675742346288e-06 and parameters: {'lambda_P': 1.9052725365590033, 'lambda_B': 0.6754802406235034, 'lambda_G': 1.4629700513510937, 'n_estimators': 5253, 'max_depth': 20, 'learning_rate': 0.0015000636381830477, 'subsample': 0.5537048206189421, 'colsample_bytree': 0.44570564413851455, 'colsample_bylevel': 0.3664879996715424, 'reg_alpha': 0.8541785758590053, 'reg_lambda': 6.955915345646221, 'gamma': 0.00010863942534682612, 'min_child_weight': 12}. Best is trial 660 with value: 3.2379913054860083e-06.

[Trial 1008/5000] Starting at 06:41:53
  Lambdas: P=1.954, B=1.176, G=1.976
  Lambdas: P=0.621, B=1.421, G=1.428
  XGBoost params: n_estimators=6186, max_depth=16
  Starting cross-validation...
  XGBoost params: n_estimators=231, max_depth=4
  Starting cross-validation...
  Trial 1007 MSE: 0.000005 | MAPE: 0.16% | R²: -0.296189
  Trial time: 1.5s
[I 2026-03-13 06:41:54,586] Trial 1007 finished with value: 5.026186389614684e-06 and parameters: {'lambda_P': 0.6214810786590031, 'lambda_B': 1.4214497376770847, 'lambda_G': 1.4278041834925055, 'n_estimators': 231, 'max_depth': 4, 'learning_rate': 0.0052530208664811505, 'subsample': 0.6481955160170678, 'colsample_bytree': 0.48240572232627704, 'colsample_bylevel': 0.4645086221959247, 'reg_alpha': 0.818718841976203, 'reg_lambda': 7.818696295963022, 'gamma': 0.000283302758304868, 'min_child_weight': 8}. Best is trial 660 with value: 3.2379913054860083e-06.

[Trial 1009/5000] Starting at 06:41:54
  Lambdas: P=1.537, B=0.776, G=1.535
  XGBoost params: n_estimators=2611, max_depth=16
  Starting cross-validation...
  Trial 992 MSE: 0.000004 | MAPE: 0.14% | R²: -0.036534
  Trial time: 28.7s
[I 2026-03-13 06:41:55,809] Trial 992 finished with value: 3.6195453420939895e-06 and parameters: {'lambda_P': 1.5995640620031886, 'lambda_B': 1.2944363549684543, 'lambda_G': 1.8646551005445688, 'n_estimators': 6376, 'max_depth': 17, 'learning_rate': 0.011278249506335398, 'subsample': 0.3839537728413561, 'colsample_bytree': 0.5181686360968485, 'colsample_bylevel': 0.6015933510502631, 'reg_alpha': 0.03427118850152794, 'reg_lambda': 7.424996151747891, 'gamma': 0.0002298870593363045, 'min_child_weight': 4}. Best is trial 660 with value: 3.2379913054860083e-06.

[Trial 1010/5000] Starting at 06:41:55
  Lambdas: P=1.757, B=1.545, G=1.904
  XGBoost params: n_estimators=2445, max_depth=15
  Starting cross-validation...
  Trial 990 MSE: 0.000005 | MAPE: 0.16% | R²: -0.314049
  Trial time: 36.6s
[I 2026-03-13 06:42:00,347] Trial 990 finished with value: 5.076887518448612e-06 and parameters: {'lambda_P': 1.7742746964239842, 'lambda_B': 0.5062214983603983, 'lambda_G': 1.8237113950273156, 'n_estimators': 7463, 'max_depth': 20, 'learning_rate': 0.047277705792641865, 'subsample': 0.3045739068406092, 'colsample_bytree': 0.45730743538248375, 'colsample_bylevel': 0.43370306250277113, 'reg_alpha': 1.276857951862695, 'reg_lambda': 7.890132626752095, 'gamma': 0.0001968224648407421, 'min_child_weight': 14}. Best is trial 660 with value: 3.2379913054860083e-06.

[Trial 1011/5000] Starting at 06:42:00
  Lambdas: P=0.651, B=0.911, G=1.079
  XGBoost params: n_estimators=5138, max_depth=3
  Starting cross-validation...
  Trial 999 MSE: 0.000005 | MAPE: 0.16% | R²: -0.314049
  Trial time: 20.9s
[I 2026-03-13 06:42:01,484] Trial 999 finished with value: 5.076887518448612e-06 and parameters: {'lambda_P': 1.8654296622271929, 'lambda_B': 0.871591265283952, 'lambda_G': 1.486114538488711, 'n_estimators': 4180, 'max_depth': 20, 'learning_rate': 0.004118959822457714, 'subsample': 0.36919652629838146, 'colsample_bytree': 0.5102110601605117, 'colsample_bylevel': 0.33399522412639676, 'reg_alpha': 2.0329881181382747, 'reg_lambda': 7.976454627193547, 'gamma': 0.0001452519346954193, 'min_child_weight': 7}. Best is trial 660 with value: 3.2379913054860083e-06.

[Trial 1012/5000] Starting at 06:42:01
  Lambdas: P=0.970, B=1.498, G=0.839
  XGBoost params: n_estimators=878, max_depth=14
  Starting cross-validation...
  Trial 1004 MSE: 0.000005 | MAPE: 0.16% | R²: -0.263033
  Trial time: 13.3s
[I 2026-03-13 06:42:02,867] Trial 1004 finished with value: 4.9304457480266966e-06 and parameters: {'lambda_P': 1.205196616006006, 'lambda_B': 1.264954300713684, 'lambda_G': 1.0029363844988648, 'n_estimators': 2744, 'max_depth': 14, 'learning_rate': 0.0018568614802943167, 'subsample': 0.4254128554167487, 'colsample_bytree': 0.42354406623830376, 'colsample_bylevel': 0.4976846529263248, 'reg_alpha': 0.5093362407127353, 'reg_lambda': 5.162570272602978, 'gamma': 0.00017844955313096384, 'min_child_weight': 4}. Best is trial 660 with value: 3.2379913054860083e-06.

[Trial 1013/5000] Starting at 06:42:02
  Trial 1001 MSE: 0.000005 | MAPE: 0.16% | R²: -0.300961
  Trial time: 16.7s
[I 2026-03-13 06:42:03,064] Trial 1001 finished with value: 5.043602961385421e-06 and parameters: {'lambda_P': 1.15632331277862, 'lambda_B': 1.465946152437767, 'lambda_G': 1.5594618173676997, 'n_estimators': 3278, 'max_depth': 17, 'learning_rate': 0.005979787615406517, 'subsample': 0.40906342250346517, 'colsample_bytree': 0.3879645567912702, 'colsample_bylevel': 0.4734589218252133, 'reg_alpha': 0.6109204369322959, 'reg_lambda': 4.248782645823725, 'gamma': 0.00016109611368439935, 'min_child_weight': 8}. Best is trial 660 with value: 3.2379913054860083e-06.

[Trial 1014/5000] Starting at 06:42:03
  Lambdas: P=1.817, B=0.954, G=1.739
  Lambdas: P=1.778, B=1.930, G=1.443
  XGBoost params: n_estimators=7502, max_depth=20
  Starting cross-validation...
  XGBoost params: n_estimators=7783, max_depth=12
  Starting cross-validation...
  Trial 1002 MSE: 0.000005 | MAPE: 0.16% | R²: -0.313983
  Trial time: 17.7s
[I 2026-03-13 06:42:06,085] Trial 1002 finished with value: 5.076519569143407e-06 and parameters: {'lambda_P': 1.9415271708216495, 'lambda_B': 1.0951012746616988, 'lambda_G': 1.3325325309848397, 'n_estimators': 4543, 'max_depth': 20, 'learning_rate': 0.006548176642242913, 'subsample': 0.45749738069973356, 'colsample_bytree': 0.543250861080659, 'colsample_bylevel': 0.3957176778478093, 'reg_alpha': 0.6157050167729683, 'reg_lambda': 5.642337804483861, 'gamma': 0.00044949273195527093, 'min_child_weight': 10}. Best is trial 660 with value: 3.2379913054860083e-06.

[Trial 1015/5000] Starting at 06:42:06
  Lambdas: P=1.331, B=1.145, G=1.587
  XGBoost params: n_estimators=5398, max_depth=16
  Starting cross-validation...
  Trial 1011 MSE: 0.000004 | MAPE: 0.15% | R²: -0.061581
  Trial time: 5.0s
[I 2026-03-13 06:42:06,692] Trial 1011 finished with value: 3.8337992885424945e-06 and parameters: {'lambda_P': 0.9704398562149681, 'lambda_B': 1.4980200004210495, 'lambda_G': 0.8386601996152285, 'n_estimators': 878, 'max_depth': 14, 'learning_rate': 0.06105123108050767, 'subsample': 0.7949109951328195, 'colsample_bytree': 0.6205819383519037, 'colsample_bylevel': 0.3467549989556217, 'reg_alpha': 0.3832676041431602, 'reg_lambda': 5.046477484667219, 'gamma': 0.00024457803395587665, 'min_child_weight': 8}. Best is trial 660 with value: 3.2379913054860083e-06.

[Trial 1016/5000] Starting at 06:42:06
  Lambdas: P=0.808, B=1.038, G=1.227
  XGBoost params: n_estimators=5062, max_depth=2
  Starting cross-validation...
  Trial 1009 MSE: 0.000005 | MAPE: 0.16% | R²: -0.314049
  Trial time: 12.0s
[I 2026-03-13 06:42:08,011] Trial 1009 finished with value: 5.076887518448612e-06 and parameters: {'lambda_P': 1.7570275222739813, 'lambda_B': 1.5454009054594342, 'lambda_G': 1.9044393578042076, 'n_estimators': 2445, 'max_depth': 15, 'learning_rate': 0.005138939679394998, 'subsample': 0.4863547760420742, 'colsample_bytree': 0.545836253250193, 'colsample_bylevel': 0.39086339658769553, 'reg_alpha': 1.2518354612357132, 'reg_lambda': 7.19054016946737, 'gamma': 0.00012261141964764496, 'min_child_weight': 7}. Best is trial 660 with value: 3.2379913054860083e-06.

[Trial 1017/5000] Starting at 06:42:08
  Lambdas: P=0.590, B=1.774, G=0.994
  Trial 998 MSE: 0.000005 | MAPE: 0.16% | R²: -0.314049
  Trial time: 30.3s
[I 2026-03-13 06:42:08,515] Trial 998 finished with value: 5.076887518448612e-06 and parameters: {'lambda_P': 1.714651490685524, 'lambda_B': 1.506512027395828, 'lambda_G': 1.9924745381548559, 'n_estimators': 6153, 'max_depth': 17, 'learning_rate': 0.004132740528312135, 'subsample': 0.330784488247787, 'colsample_bytree': 0.4487365230825631, 'colsample_bylevel': 0.5746355945569575, 'reg_alpha': 0.7338302488334036, 'reg_lambda': 6.363124460174887, 'gamma': 0.00018137384592424843, 'min_child_weight': 4}. Best is trial 660 with value: 3.2379913054860083e-06.

[Trial 1018/5000] Starting at 06:42:08
  XGBoost params: n_estimators=2878, max_depth=19
  Starting cross-validation...
  Trial 1008 MSE: 0.000005 | MAPE: 0.16% | R²: -0.223338
  Trial time: 14.1s
[I 2026-03-13 06:42:08,831] Trial 1008 finished with value: 4.723474504540177e-06 and parameters: {'lambda_P': 1.53706110460217, 'lambda_B': 0.775547132182858, 'lambda_G': 1.5351025909890301, 'n_estimators': 2611, 'max_depth': 16, 'learning_rate': 0.002076070206765515, 'subsample': 0.4143358094377996, 'colsample_bytree': 0.38820705433934866, 'colsample_bylevel': 0.4296011207161292, 'reg_alpha': 0.4055939617190485, 'reg_lambda': 5.0681334529623365, 'gamma': 0.0001845466641670422, 'min_child_weight': 5}. Best is trial 660 with value: 3.2379913054860083e-06.

[Trial 1019/5000] Starting at 06:42:08
  Lambdas: P=1.305, B=1.893, G=0.621
  XGBoost params: n_estimators=6730, max_depth=10
  Starting cross-validation...
  Lambdas: P=0.982, B=1.670, G=1.086
  XGBoost params: n_estimators=4573, max_depth=18
  Starting cross-validation...
  Trial 1005 MSE: 0.000005 | MAPE: 0.16% | R²: -0.314049
  Trial time: 19.1s
[I 2026-03-13 06:42:09,898] Trial 1005 finished with value: 5.076887518448612e-06 and parameters: {'lambda_P': 1.3026855966204558, 'lambda_B': 0.8864048254937176, 'lambda_G': 1.3954608739999435, 'n_estimators': 3818, 'max_depth': 17, 'learning_rate': 0.0020073016010456776, 'subsample': 0.35714537799605817, 'colsample_bytree': 0.41747515760940807, 'colsample_bylevel': 0.5953523408442069, 'reg_alpha': 0.3766660085173782, 'reg_lambda': 4.1514505073721875, 'gamma': 0.0008829862440050783, 'min_child_weight': 6}. Best is trial 660 with value: 3.2379913054860083e-06.

[Trial 1020/5000] Starting at 06:42:09
  Lambdas: P=1.401, B=1.938, G=1.035
  XGBoost params: n_estimators=6124, max_depth=13
  Starting cross-validation...
  Trial 996 MSE: 0.000005 | MAPE: 0.16% | R²: -0.314049
  Trial time: 38.6s
[I 2026-03-13 06:42:11,203] Trial 996 finished with value: 5.076887518448612e-06 and parameters: {'lambda_P': 1.987222838903502, 'lambda_B': 0.7759942736113938, 'lambda_G': 1.1802268764815333, 'n_estimators': 7518, 'max_depth': 17, 'learning_rate': 0.0026586950169932037, 'subsample': 0.3967375232560158, 'colsample_bytree': 0.5122549337719912, 'colsample_bylevel': 0.398137833829595, 'reg_alpha': 1.5501783876261621, 'reg_lambda': 7.41781542380623, 'gamma': 0.00017373155639092527, 'min_child_weight': 8}. Best is trial 660 with value: 3.2379913054860083e-06.

[Trial 1021/5000] Starting at 06:42:11
  Lambdas: P=0.676, B=1.982, G=0.595
  XGBoost params: n_estimators=1985, max_depth=5
  Starting cross-validation...
  Trial 1003 MSE: 0.000004 | MAPE: 0.15% | R²: -0.104992
  Trial time: 24.7s
[I 2026-03-13 06:42:13,496] Trial 1003 finished with value: 4.009726472380331e-06 and parameters: {'lambda_P': 1.845347908689542, 'lambda_B': 0.9491817521729768, 'lambda_G': 1.1162986975203228, 'n_estimators': 4690, 'max_depth': 15, 'learning_rate': 0.006209068968245604, 'subsample': 0.4259044799663232, 'colsample_bytree': 0.4748201419322887, 'colsample_bylevel': 0.3077436582110391, 'reg_alpha': 0.18956613723261523, 'reg_lambda': 8.345563243114189, 'gamma': 0.0002080055237254628, 'min_child_weight': 9}. Best is trial 660 with value: 3.2379913054860083e-06.

[Trial 1022/5000] Starting at 06:42:13
  Lambdas: P=0.769, B=1.842, G=0.824
  XGBoost params: n_estimators=884, max_depth=17
  Starting cross-validation...
  Trial 997 MSE: 0.000005 | MAPE: 0.16% | R²: -0.314049
  Trial time: 37.5s
[I 2026-03-13 06:42:14,526] Trial 997 finished with value: 5.076887518448612e-06 and parameters: {'lambda_P': 1.861680489969344, 'lambda_B': 0.6747806281924693, 'lambda_G': 1.7245606674245815, 'n_estimators': 6833, 'max_depth': 18, 'learning_rate': 0.005795043844132573, 'subsample': 0.34126523108238793, 'colsample_bytree': 0.382324604375846, 'colsample_bylevel': 0.40527143476186434, 'reg_alpha': 0.8549277641993205, 'reg_lambda': 7.38264647711691, 'gamma': 0.00011443024581868915, 'min_child_weight': 6}. Best is trial 660 with value: 3.2379913054860083e-06.

[Trial 1023/5000] Starting at 06:42:14
  Trial 989 MSE: 0.000004 | MAPE: 0.16% | R²: -0.180179
  Trial time: 52.4s
[I 2026-03-13 06:42:14,705] Trial 989 finished with value: 4.498568231071677e-06 and parameters: {'lambda_P': 1.7947357769337593, 'lambda_B': 0.5986026492616161, 'lambda_G': 1.6745923343364555, 'n_estimators': 9598, 'max_depth': 18, 'learning_rate': 0.006896159621808877, 'subsample': 0.48721132753373664, 'colsample_bytree': 0.47219413836976804, 'colsample_bylevel': 0.307090038640512, 'reg_alpha': 0.4898615800608066, 'reg_lambda': 6.474067570437559, 'gamma': 0.00012060888374717618, 'min_child_weight': 17}. Best is trial 660 with value: 3.2379913054860083e-06.

[Trial 1024/5000] Starting at 06:42:14
  Lambdas: P=0.594, B=1.125, G=1.159
  XGBoost params: n_estimators=5416, max_depth=6
  Starting cross-validation...
  Lambdas: P=0.858, B=1.461, G=0.708
  XGBoost params: n_estimators=2555, max_depth=5
  Starting cross-validation...
  Trial 1021 MSE: 0.000004 | MAPE: 0.15% | R²: -0.126552
  Trial time: 4.4s
[I 2026-03-13 06:42:18,163] Trial 1021 finished with value: 4.249992622983331e-06 and parameters: {'lambda_P': 0.7692756052557932, 'lambda_B': 1.8419913809302366, 'lambda_G': 0.8238033716663989, 'n_estimators': 884, 'max_depth': 17, 'learning_rate': 0.024253399627642627, 'subsample': 0.7760991794131579, 'colsample_bytree': 0.8988338160806792, 'colsample_bylevel': 0.5157738155196787, 'reg_alpha': 0.7030761177658514, 'reg_lambda': 8.314096352044299, 'gamma': 0.00010248785185433269, 'min_child_weight': 16}. Best is trial 660 with value: 3.2379913054860083e-06.

[Trial 1025/5000] Starting at 06:42:18
  Lambdas: P=0.840, B=1.526, G=1.085
  XGBoost params: n_estimators=5653, max_depth=18
  Starting cross-validation...
  Trial 1020 MSE: 0.000005 | MAPE: 0.16% | R²: -0.226729
  Trial time: 10.0s
