[I 2026-03-13 07:00:52,874] Trial 1689 finished with value: 5.076887518448612e-06 and parameters: {'lambda_P': 1.7757250319763367, 'lambda_B': 1.640652730339649, 'lambda_G': 0.5050702637679606, 'n_estimators': 2964, 'max_depth': 17, 'learning_rate': 0.0021053085166600313, 'subsample': 0.34404137425985776, 'colsample_bytree': 0.7238426750380011, 'colsample_bylevel': 0.5068058532352531, 'reg_alpha': 4.107507319507023, 'reg_lambda': 4.98884070270247, 'gamma': 0.08861222260166048, 'min_child_weight': 8}. Best is trial 1422 with value: 2.996031181594198e-06.
  Trial 1685 MSE: 0.000004 | MAPE: 0.15% | R²: -0.070176
  Trial time: 18.9s
[I 2026-03-13 07:00:53,051] Trial 1685 finished with value: 3.927077906175781e-06 and parameters: {'lambda_P': 1.2219781189899346, 'lambda_B': 1.9129421883671385, 'lambda_G': 1.3586382840323143, 'n_estimators': 4677, 'max_depth': 20, 'learning_rate': 0.0019083818805561619, 'subsample': 0.9939832175799015, 'colsample_bytree': 0.8192656605677795, 'colsample_bylevel': 0.5033994853004378, 'reg_alpha': 0.578624619366265, 'reg_lambda': 4.446146150106642, 'gamma': 0.00013286340656372766, 'min_child_weight': 7}. Best is trial 1422 with value: 2.996031181594198e-06.

[Trial 1698/5000] Starting at 07:00:53

[Trial 1699/5000] Starting at 07:00:53
  Lambdas: P=1.468, B=1.907, G=0.709
  Lambdas: P=1.462, B=1.998, G=0.845
  XGBoost params: n_estimators=5966, max_depth=9
  Starting cross-validation...
  XGBoost params: n_estimators=8092, max_depth=10
  Starting cross-validation...
  Trial 1691 MSE: 0.000005 | MAPE: 0.16% | R²: -0.314049
  Trial time: 9.5s
[I 2026-03-13 07:00:54,580] Trial 1691 finished with value: 5.076887518448612e-06 and parameters: {'lambda_P': 0.9649398938153624, 'lambda_B': 0.9381790371991044, 'lambda_G': 1.1815614200400943, 'n_estimators': 1854, 'max_depth': 4, 'learning_rate': 0.002458578721904641, 'subsample': 0.7455412297461825, 'colsample_bytree': 0.8085283741827325, 'colsample_bylevel': 0.3525039436968911, 'reg_alpha': 2.9141814682077425, 'reg_lambda': 7.9053270452764135, 'gamma': 0.00011294811164518492, 'min_child_weight': 9}. Best is trial 1422 with value: 2.996031181594198e-06.

[Trial 1700/5000] Starting at 07:00:54
  Lambdas: P=1.666, B=1.408, G=0.727
  XGBoost params: n_estimators=3990, max_depth=7
  Starting cross-validation...
  Trial 1687 MSE: 0.000004 | MAPE: 0.15% | R²: -0.046225
  Trial time: 20.0s
[I 2026-03-13 07:00:55,521] Trial 1687 finished with value: 3.7780334768420363e-06 and parameters: {'lambda_P': 1.40952895853123, 'lambda_B': 1.5835495548481267, 'lambda_G': 1.2053574613879192, 'n_estimators': 4107, 'max_depth': 18, 'learning_rate': 0.0019461821174115615, 'subsample': 0.8118768166873149, 'colsample_bytree': 0.9187358384750183, 'colsample_bylevel': 0.568632479065347, 'reg_alpha': 0.27456381356171267, 'reg_lambda': 5.16973232653751, 'gamma': 0.00013819575267790947, 'min_child_weight': 7}. Best is trial 1422 with value: 2.996031181594198e-06.

[Trial 1701/5000] Starting at 07:00:55
  Trial 1690 MSE: 0.000004 | MAPE: 0.15% | R²: -0.127687
  Trial time: 15.6s
[I 2026-03-13 07:00:55,706] Trial 1690 finished with value: 4.241626515079688e-06 and parameters: {'lambda_P': 1.2844705029099701, 'lambda_B': 1.873076828786711, 'lambda_G': 1.3268075805664767, 'n_estimators': 3377, 'max_depth': 20, 'learning_rate': 0.0021992999492707064, 'subsample': 0.9694315339748335, 'colsample_bytree': 0.8098185019841629, 'colsample_bylevel': 0.47928056413460035, 'reg_alpha': 0.7718951212200059, 'reg_lambda': 4.084270284495529, 'gamma': 0.00016308390878345242, 'min_child_weight': 4}. Best is trial 1422 with value: 2.996031181594198e-06.

[Trial 1702/5000] Starting at 07:00:55
  Lambdas: P=1.571, B=1.894, G=1.350
  Lambdas: P=0.681, B=1.207, G=0.515
  XGBoost params: n_estimators=2850, max_depth=6
  Starting cross-validation...
  XGBoost params: n_estimators=6518, max_depth=20
  Starting cross-validation...
  Trial 1683 MSE: 0.000005 | MAPE: 0.16% | R²: -0.276590
  Trial time: 29.1s
[I 2026-03-13 07:00:58,694] Trial 1683 finished with value: 4.975030193140146e-06 and parameters: {'lambda_P': 1.4542593078366115, 'lambda_B': 1.4945428621989663, 'lambda_G': 0.6919725117994672, 'n_estimators': 6071, 'max_depth': 13, 'learning_rate': 0.027567913363625164, 'subsample': 0.9704079057552151, 'colsample_bytree': 0.5051028748187663, 'colsample_bylevel': 0.30266205057313705, 'reg_alpha': 1.4047075876516895, 'reg_lambda': 0.17913756750338017, 'gamma': 0.00013957279117655393, 'min_child_weight': 15}. Best is trial 1422 with value: 2.996031181594198e-06.

[Trial 1703/5000] Starting at 07:00:58
  Lambdas: P=1.127, B=1.431, G=1.944
  XGBoost params: n_estimators=8451, max_depth=5
  Starting cross-validation...
  Trial 1679 MSE: 0.000004 | MAPE: 0.14% | R²: 0.000753
  Trial time: 36.9s
[I 2026-03-13 07:01:02,650] Trial 1679 finished with value: 3.51834348373671e-06 and parameters: {'lambda_P': 1.3009535924911624, 'lambda_B': 1.6979292831104318, 'lambda_G': 1.1549900028819522, 'n_estimators': 7932, 'max_depth': 9, 'learning_rate': 0.018729849443055165, 'subsample': 0.8126613711067819, 'colsample_bytree': 0.6215346791590857, 'colsample_bylevel': 0.34992825099051106, 'reg_alpha': 0.2949827925057729, 'reg_lambda': 3.0959819476637254, 'gamma': 0.00011105839130042138, 'min_child_weight': 2}. Best is trial 1422 with value: 2.996031181594198e-06.

[Trial 1704/5000] Starting at 07:01:02
  Lambdas: P=1.225, B=1.743, G=1.415
  XGBoost params: n_estimators=8207, max_depth=16
  Starting cross-validation...
  Trial 1692 MSE: 0.000004 | MAPE: 0.15% | R²: -0.060847
  Trial time: 20.2s
[I 2026-03-13 07:01:07,472] Trial 1692 finished with value: 3.855910178829092e-06 and parameters: {'lambda_P': 0.732975788969773, 'lambda_B': 1.3294522507765618, 'lambda_G': 1.5059130993160865, 'n_estimators': 4393, 'max_depth': 11, 'learning_rate': 0.0012429199280047018, 'subsample': 0.9837872733391125, 'colsample_bytree': 0.3327174400646063, 'colsample_bylevel': 0.6613264470257644, 'reg_alpha': 0.5187678315357012, 'reg_lambda': 1.2731668743455484, 'gamma': 0.00017801201542956536, 'min_child_weight': 19}. Best is trial 1422 with value: 2.996031181594198e-06.

[Trial 1705/5000] Starting at 07:01:07
  Trial 1700 MSE: 0.000005 | MAPE: 0.16% | R²: -0.314049
  Trial time: 12.0s
[I 2026-03-13 07:01:07,660] Trial 1700 finished with value: 5.076887518448612e-06 and parameters: {'lambda_P': 1.57078852566756, 'lambda_B': 1.8941705234774393, 'lambda_G': 1.3497558880612774, 'n_estimators': 2850, 'max_depth': 6, 'learning_rate': 0.011242038639864036, 'subsample': 0.7451840290548436, 'colsample_bytree': 0.4155385730026053, 'colsample_bylevel': 0.6228359138689488, 'reg_alpha': 1.6032723424972737, 'reg_lambda': 9.712581836011507, 'gamma': 0.00024262928445386417, 'min_child_weight': 10}. Best is trial 1422 with value: 2.996031181594198e-06.

[Trial 1706/5000] Starting at 07:01:07
  Trial 1677 MSE: 0.000005 | MAPE: 0.16% | R²: -0.314049
  Trial time: 44.1s
[I 2026-03-13 07:01:07,846] Trial 1677 finished with value: 5.076887518448612e-06 and parameters: {'lambda_P': 1.7251031688352447, 'lambda_B': 0.6765112179106603, 'lambda_G': 0.5101674945978338, 'n_estimators': 9369, 'max_depth': 4, 'learning_rate': 0.0016241005163725344, 'subsample': 0.8565861478283167, 'colsample_bytree': 0.6090911320867369, 'colsample_bylevel': 0.31330623810233404, 'reg_alpha': 0.48409896746365866, 'reg_lambda': 7.0789250332654365, 'gamma': 0.003252727136072508, 'min_child_weight': 7}. Best is trial 1422 with value: 2.996031181594198e-06.

[Trial 1707/5000] Starting at 07:01:07
  Trial 1688 MSE: 0.000005 | MAPE: 0.16% | R²: -0.310501
  Trial time: 31.4s
[I 2026-03-13 07:01:08,199] Trial 1688 finished with value: 5.069688897010149e-06 and parameters: {'lambda_P': 1.993450141443135, 'lambda_B': 1.648312891102773, 'lambda_G': 1.1519098224588002, 'n_estimators': 6890, 'max_depth': 11, 'learning_rate': 0.13899004668186002, 'subsample': 0.47051722117174544, 'colsample_bytree': 0.4183748560022419, 'colsample_bylevel': 0.811012671083964, 'reg_alpha': 0.006922970745132595, 'reg_lambda': 0.695623180117809, 'gamma': 0.08652399844859611, 'min_child_weight': 14}. Best is trial 1422 with value: 2.996031181594198e-06.

[Trial 1708/5000] Starting at 07:01:08
  Lambdas: P=1.048, B=1.174, G=1.786
  XGBoost params: n_estimators=6515, max_depth=2
  Starting cross-validation...
  Lambdas: P=0.635, B=1.908, G=1.632
  Lambdas: P=1.223, B=1.287, G=0.744
  XGBoost params: n_estimators=7744, max_depth=8
  Starting cross-validation...
  XGBoost params: n_estimators=4572, max_depth=15
  Starting cross-validation...
  Lambdas: P=1.378, B=1.255, G=0.781
  XGBoost params: n_estimators=6770, max_depth=11
  Starting cross-validation...
  Trial 1694 MSE: 0.000005 | MAPE: 0.16% | R²: -0.314049
  Trial time: 20.5s
[I 2026-03-13 07:01:10,698] Trial 1694 finished with value: 5.076887518448612e-06 and parameters: {'lambda_P': 0.7244036529346324, 'lambda_B': 1.891800893760433, 'lambda_G': 0.7037935786539787, 'n_estimators': 4313, 'max_depth': 19, 'learning_rate': 0.04295741558833078, 'subsample': 0.8578656950777762, 'colsample_bytree': 0.30123931541442905, 'colsample_bylevel': 0.6240923655286506, 'reg_alpha': 0.8796392865797042, 'reg_lambda': 1.6091878210769228, 'gamma': 0.0014428347109767428, 'min_child_weight': 2}. Best is trial 1422 with value: 2.996031181594198e-06.

[Trial 1709/5000] Starting at 07:01:10
  Lambdas: P=1.031, B=1.960, G=0.754
  XGBoost params: n_estimators=343, max_depth=8
  Starting cross-validation...
  Trial 1699 MSE: 0.000004 | MAPE: 0.15% | R²: -0.050633
  Trial time: 17.4s
[I 2026-03-13 07:01:12,235] Trial 1699 finished with value: 3.6960900323624042e-06 and parameters: {'lambda_P': 1.6664397882339452, 'lambda_B': 1.408395230946886, 'lambda_G': 0.7266171075861416, 'n_estimators': 3990, 'max_depth': 7, 'learning_rate': 0.0025068053919189274, 'subsample': 0.9518501782715969, 'colsample_bytree': 0.6514135555068241, 'colsample_bylevel': 0.9530897299764062, 'reg_alpha': 0.04843724737795992, 'reg_lambda': 4.137120388125461, 'gamma': 0.00012444113479771787, 'min_child_weight': 7}. Best is trial 1422 with value: 2.996031181594198e-06.

[Trial 1710/5000] Starting at 07:01:12
  Lambdas: P=0.650, B=1.403, G=1.244
  XGBoost params: n_estimators=3427, max_depth=15
  Starting cross-validation...
  Trial 1708 MSE: 0.000004 | MAPE: 0.14% | R²: 0.015963
  Trial time: 2.1s
[I 2026-03-13 07:01:13,017] Trial 1708 finished with value: 3.5092913565678077e-06 and parameters: {'lambda_P': 1.0307490171058884, 'lambda_B': 1.9597933917289667, 'lambda_G': 0.7535402699844043, 'n_estimators': 343, 'max_depth': 8, 'learning_rate': 0.03729002716728257, 'subsample': 0.7047283430786726, 'colsample_bytree': 0.4262250156882808, 'colsample_bylevel': 0.33689763160548036, 'reg_alpha': 0.18116525643398038, 'reg_lambda': 9.686823326975135, 'gamma': 0.00013121129162181933, 'min_child_weight': 18}. Best is trial 1422 with value: 2.996031181594198e-06.

[Trial 1711/5000] Starting at 07:01:13
  Lambdas: P=0.798, B=0.811, G=1.924
  XGBoost params: n_estimators=7984, max_depth=10
  Starting cross-validation...
  Trial 1686 MSE: 0.000005 | MAPE: 0.16% | R²: -0.314049
  Trial time: 42.4s
[I 2026-03-13 07:01:17,258] Trial 1686 finished with value: 5.076887518448612e-06 and parameters: {'lambda_P': 0.9523097400223774, 'lambda_B': 1.7344768374539736, 'lambda_G': 1.4119666282071028, 'n_estimators': 8524, 'max_depth': 18, 'learning_rate': 0.001599263555910825, 'subsample': 0.5592756911971288, 'colsample_bytree': 0.7465300499449787, 'colsample_bylevel': 0.30229454460072147, 'reg_alpha': 1.3450199172910784, 'reg_lambda': 5.320218644531709, 'gamma': 0.00010496034661721162, 'min_child_weight': 16}. Best is trial 1422 with value: 2.996031181594198e-06.

[Trial 1712/5000] Starting at 07:01:17
  Lambdas: P=1.580, B=1.977, G=1.454
  XGBoost params: n_estimators=4223, max_depth=7
  Starting cross-validation...
  Trial 1698 MSE: 0.000005 | MAPE: 0.16% | R²: -0.314049
  Trial time: 28.1s
[I 2026-03-13 07:01:21,335] Trial 1698 finished with value: 5.076887518448612e-06 and parameters: {'lambda_P': 1.4681926442767068, 'lambda_B': 1.9068805005948728, 'lambda_G': 0.7092698510401092, 'n_estimators': 5966, 'max_depth': 9, 'learning_rate': 0.007292997356743436, 'subsample': 0.9550938840253493, 'colsample_bytree': 0.903175724628916, 'colsample_bylevel': 0.7599947410444491, 'reg_alpha': 6.8852653788468, 'reg_lambda': 0.486646446351207, 'gamma': 0.0013282575792743982, 'min_child_weight': 14}. Best is trial 1422 with value: 2.996031181594198e-06.

[Trial 1713/5000] Starting at 07:01:21
  Lambdas: P=1.035, B=1.866, G=0.639
  XGBoost params: n_estimators=1681, max_depth=14
  Starting cross-validation...
  Trial 1709 MSE: 0.000005 | MAPE: 0.16% | R²: -0.314049
  Trial time: 12.4s
[I 2026-03-13 07:01:24,836] Trial 1709 finished with value: 5.076887518448612e-06 and parameters: {'lambda_P': 0.6497707264079784, 'lambda_B': 1.4031503013608886, 'lambda_G': 1.2439499478561076, 'n_estimators': 3427, 'max_depth': 15, 'learning_rate': 0.012281241628186588, 'subsample': 0.8873541679730546, 'colsample_bytree': 0.37294309432771083, 'colsample_bylevel': 0.9180357217869366, 'reg_alpha': 7.823693171591187, 'reg_lambda': 6.642899909820375, 'gamma': 0.0025023042608844303, 'min_child_weight': 1}. Best is trial 1422 with value: 2.996031181594198e-06.

[Trial 1714/5000] Starting at 07:01:24
  Lambdas: P=0.857, B=1.074, G=1.268
  XGBoost params: n_estimators=5872, max_depth=20
  Starting cross-validation...
  Trial 1701 MSE: 0.000004 | MAPE: 0.15% | R²: -0.088889
  Trial time: 30.1s
[I 2026-03-13 07:01:26,061] Trial 1701 finished with value: 4.049380933986447e-06 and parameters: {'lambda_P': 0.6811979058931595, 'lambda_B': 1.2070696382504542, 'lambda_G': 0.5145708025327835, 'n_estimators': 6518, 'max_depth': 20, 'learning_rate': 0.0024840707066471784, 'subsample': 0.9313650211051528, 'colsample_bytree': 0.4692998145747631, 'colsample_bylevel': 0.6266877262245542, 'reg_alpha': 0.6635674494676755, 'reg_lambda': 3.9783748745742122, 'gamma': 0.00011960084684027647, 'min_child_weight': 11}. Best is trial 1422 with value: 2.996031181594198e-06.

[Trial 1715/5000] Starting at 07:01:26
  Lambdas: P=0.650, B=1.039, G=1.054
  XGBoost params: n_estimators=7755, max_depth=20
  Starting cross-validation...
  Trial 1696 MSE: 0.000004 | MAPE: 0.14% | R²: 0.009079
  Trial time: 36.3s
[I 2026-03-13 07:01:28,746] Trial 1696 finished with value: 3.5126654013762677e-06 and parameters: {'lambda_P': 0.6198423815421925, 'lambda_B': 1.4942454561509335, 'lambda_G': 0.5003885324383907, 'n_estimators': 8154, 'max_depth': 20, 'learning_rate': 0.0089511850275308, 'subsample': 0.6029056280826822, 'colsample_bytree': 0.5493412116976018, 'colsample_bylevel': 0.5814598429215976, 'reg_alpha': 0.19879483731080616, 'reg_lambda': 2.76604307500535, 'gamma': 0.00010275015482688894, 'min_child_weight': 7}. Best is trial 1422 with value: 2.996031181594198e-06.

[Trial 1716/5000] Starting at 07:01:28
  Lambdas: P=0.738, B=1.371, G=1.233
  XGBoost params: n_estimators=7786, max_depth=13
  Starting cross-validation...
  Trial 1712 MSE: 0.000003 | MAPE: 0.14% | R²: -0.001683
  Trial time: 8.6s
[I 2026-03-13 07:01:30,189] Trial 1712 finished with value: 3.476739603636887e-06 and parameters: {'lambda_P': 1.0350235949327133, 'lambda_B': 1.8661925549274336, 'lambda_G': 0.6393075062840724, 'n_estimators': 1681, 'max_depth': 14, 'learning_rate': 0.08380719027953447, 'subsample': 0.8071060364614606, 'colsample_bytree': 0.6971783129864079, 'colsample_bylevel': 0.4190015904677773, 'reg_alpha': 0.13142824142508894, 'reg_lambda': 3.8400620835790438, 'gamma': 0.00015150716905737847, 'min_child_weight': 12}. Best is trial 1422 with value: 2.996031181594198e-06.

[Trial 1717/5000] Starting at 07:01:30
  Lambdas: P=1.915, B=1.559, G=1.316
  XGBoost params: n_estimators=2734, max_depth=16
  Starting cross-validation...
  Trial 1706 MSE: 0.000004 | MAPE: 0.15% | R²: -0.149433
  Trial time: 24.2s
[I 2026-03-13 07:01:32,220] Trial 1706 finished with value: 4.365624987562538e-06 and parameters: {'lambda_P': 1.2227139238972604, 'lambda_B': 1.2865500988992582, 'lambda_G': 0.7437222064002144, 'n_estimators': 4572, 'max_depth': 15, 'learning_rate': 0.007396677029357497, 'subsample': 0.9898103490651582, 'colsample_bytree': 0.4585456105008675, 'colsample_bylevel': 0.5393392338370623, 'reg_alpha': 0.8694652959371219, 'reg_lambda': 2.5040637713646383, 'gamma': 0.00017302665068695585, 'min_child_weight': 12}. Best is trial 1422 with value: 2.996031181594198e-06.

[Trial 1718/5000] Starting at 07:01:32
  Lambdas: P=1.906, B=0.657, G=1.325
  XGBoost params: n_estimators=3949, max_depth=15
  Starting cross-validation...
  Trial 1695 MSE: 0.000005 | MAPE: 0.16% | R²: -0.314049
  Trial time: 41.6s
[I 2026-03-13 07:01:33,244] Trial 1695 finished with value: 5.076887518448612e-06 and parameters: {'lambda_P': 0.5758847524405247, 'lambda_B': 1.310707921191704, 'lambda_G': 1.7412918891524205, 'n_estimators': 8587, 'max_depth': 14, 'learning_rate': 0.009106158839052364, 'subsample': 0.8120259381272446, 'colsample_bytree': 0.6670709509369758, 'colsample_bylevel': 0.5674284115444949, 'reg_alpha': 5.980819438951396, 'reg_lambda': 8.570141609958334, 'gamma': 0.062031040657727785, 'min_child_weight': 9}. Best is trial 1422 with value: 2.996031181594198e-06.

[Trial 1719/5000] Starting at 07:01:33
  Trial 1697 MSE: 0.000005 | MAPE: 0.16% | R²: -0.218862
  Trial time: 40.2s
[I 2026-03-13 07:01:33,439] Trial 1697 finished with value: 4.691883421135495e-06 and parameters: {'lambda_P': 1.4622861889487333, 'lambda_B': 1.997694504628815, 'lambda_G': 0.8446997864746286, 'n_estimators': 8092, 'max_depth': 10, 'learning_rate': 0.012040357777107175, 'subsample': 0.7144806151304783, 'colsample_bytree': 0.6987814598335252, 'colsample_bylevel': 0.303043891314813, 'reg_alpha': 0.6901321602287597, 'reg_lambda': 2.1015300359342133, 'gamma': 0.0003162533138490227, 'min_child_weight': 3}. Best is trial 1422 with value: 2.996031181594198e-06.

[Trial 1720/5000] Starting at 07:01:33
  Lambdas: P=0.632, B=1.833, G=1.569
  XGBoost params: n_estimators=3044, max_depth=10
  Starting cross-validation...
  Lambdas: P=1.115, B=1.657, G=1.275
  XGBoost params: n_estimators=6386, max_depth=16
  Starting cross-validation...
  Trial 1703 MSE: 0.000005 | MAPE: 0.16% | R²: -0.314049
  Trial time: 34.4s
[I 2026-03-13 07:01:37,270] Trial 1703 finished with value: 5.076887518448612e-06 and parameters: {'lambda_P': 1.2253294343739078, 'lambda_B': 1.7426659356232834, 'lambda_G': 1.4146481655973533, 'n_estimators': 8207, 'max_depth': 16, 'learning_rate': 0.0058678350100875775, 'subsample': 0.8251348848373141, 'colsample_bytree': 0.6107884267007629, 'colsample_bylevel': 0.5198642866096442, 'reg_alpha': 1.1566715063656847, 'reg_lambda': 6.020410906562148, 'gamma': 0.002887922064253643, 'min_child_weight': 1}. Best is trial 1422 with value: 2.996031181594198e-06.

[Trial 1721/5000] Starting at 07:01:37
  Lambdas: P=1.729, B=1.950, G=1.317
  XGBoost params: n_estimators=5118, max_depth=10
  Starting cross-validation...
  Trial 1702 MSE: 0.000005 | MAPE: 0.16% | R²: -0.314049
  Trial time: 40.4s
[I 2026-03-13 07:01:39,368] Trial 1702 finished with value: 5.076887518448612e-06 and parameters: {'lambda_P': 1.1271888817849354, 'lambda_B': 1.430644470333993, 'lambda_G': 1.9442412190913192, 'n_estimators': 8451, 'max_depth': 5, 'learning_rate': 0.016965830097469235, 'subsample': 0.3855587628173791, 'colsample_bytree': 0.986966857240853, 'colsample_bylevel': 0.35088970256157603, 'reg_alpha': 8.445877602085515, 'reg_lambda': 5.35653649487722, 'gamma': 0.0001296678671963684, 'min_child_weight': 19}. Best is trial 1422 with value: 2.996031181594198e-06.

[Trial 1722/5000] Starting at 07:01:39
  Lambdas: P=0.593, B=1.995, G=1.884
  XGBoost params: n_estimators=7861, max_depth=12
  Starting cross-validation...
  Trial 1711 MSE: 0.000003 | MAPE: 0.14% | R²: 0.047113
  Trial time: 23.0s
[I 2026-03-13 07:01:40,428] Trial 1711 finished with value: 3.279200017663813e-06 and parameters: {'lambda_P': 1.5802912276070533, 'lambda_B': 1.9771257729054093, 'lambda_G': 1.4544936044228756, 'n_estimators': 4223, 'max_depth': 7, 'learning_rate': 0.01684117729802607, 'subsample': 0.7248694155992071, 'colsample_bytree': 0.46868033796352687, 'colsample_bylevel': 0.46995028282972506, 'reg_alpha': 0.05856552317864104, 'reg_lambda': 9.491377044507855, 'gamma': 0.00018894346792102038, 'min_child_weight': 15}. Best is trial 1422 with value: 2.996031181594198e-06.

[Trial 1723/5000] Starting at 07:01:40
  Lambdas: P=1.484, B=1.629, G=1.626
  XGBoost params: n_estimators=2840, max_depth=8
  Starting cross-validation...
  Trial 1707 MSE: 0.000004 | MAPE: 0.15% | R²: -0.095532
  Trial time: 33.6s
[I 2026-03-13 07:01:42,001] Trial 1707 finished with value: 4.1242411784487415e-06 and parameters: {'lambda_P': 1.3783004375339922, 'lambda_B': 1.2547385494012828, 'lambda_G': 0.7813382735131447, 'n_estimators': 6770, 'max_depth': 11, 'learning_rate': 0.0024059906875840264, 'subsample': 0.9373543733202312, 'colsample_bytree': 0.5125378740497414, 'colsample_bylevel': 0.9810532419285048, 'reg_alpha': 0.7562727929116291, 'reg_lambda': 4.903606591404791, 'gamma': 0.00010353923088964251, 'min_child_weight': 4}. Best is trial 1422 with value: 2.996031181594198e-06.

[Trial 1724/5000] Starting at 07:01:42
  Trial 1704 MSE: 0.000005 | MAPE: 0.16% | R²: -0.314049
  Trial time: 34.5s
