[I 2026-03-13 07:13:32,658] Trial 2061 finished with value: 5.076887518448612e-06 and parameters: {'lambda_P': 1.7754767874885264, 'lambda_B': 0.5925392538090561, 'lambda_G': 1.521301622579535, 'n_estimators': 6970, 'max_depth': 7, 'learning_rate': 0.004167263204243873, 'subsample': 0.5781609243074297, 'colsample_bytree': 0.6799390266367221, 'colsample_bylevel': 0.3318539201363695, 'reg_alpha': 1.9444736327903391, 'reg_lambda': 5.695512493333625, 'gamma': 0.0005954383345582459, 'min_child_weight': 14}. Best is trial 1422 with value: 2.996031181594198e-06.

[Trial 2076/5000] Starting at 07:13:32
  Lambdas: P=1.626, B=0.994, G=1.425
  XGBoost params: n_estimators=8073, max_depth=15
  Starting cross-validation...
  Trial 2058 MSE: 0.000005 | MAPE: 0.16% | R²: -0.314049
  Trial time: 42.3s
[I 2026-03-13 07:13:33,992] Trial 2058 finished with value: 5.076887518448612e-06 and parameters: {'lambda_P': 1.920780418556883, 'lambda_B': 0.5749907587488853, 'lambda_G': 0.536760131203219, 'n_estimators': 8350, 'max_depth': 7, 'learning_rate': 0.025338167081096485, 'subsample': 0.9725551785112898, 'colsample_bytree': 0.705465732813984, 'colsample_bylevel': 0.3357947122299145, 'reg_alpha': 2.041532657415606, 'reg_lambda': 2.0950303119452016, 'gamma': 0.0006227473605919964, 'min_child_weight': 4}. Best is trial 1422 with value: 2.996031181594198e-06.

[Trial 2077/5000] Starting at 07:13:34
  Lambdas: P=1.855, B=0.550, G=1.498
  XGBoost params: n_estimators=4280, max_depth=5
  Starting cross-validation...
  Trial 2070 MSE: 0.000004 | MAPE: 0.15% | R²: -0.089456
  Trial time: 11.0s
[I 2026-03-13 07:13:36,332] Trial 2070 finished with value: 3.979328698773989e-06 and parameters: {'lambda_P': 1.8755388469301508, 'lambda_B': 0.8106421074702015, 'lambda_G': 1.8185195249964605, 'n_estimators': 2021, 'max_depth': 7, 'learning_rate': 0.04046902637409859, 'subsample': 0.645565374918895, 'colsample_bytree': 0.5110971882507096, 'colsample_bylevel': 0.34431521626613226, 'reg_alpha': 0.32521252506913084, 'reg_lambda': 7.533979551479355, 'gamma': 0.00021014947809796603, 'min_child_weight': 16}. Best is trial 1422 with value: 2.996031181594198e-06.

[Trial 2078/5000] Starting at 07:13:36
  Lambdas: P=1.841, B=0.854, G=1.582
  XGBoost params: n_estimators=9936, max_depth=13
  Starting cross-validation...
  Trial 2057 MSE: 0.000004 | MAPE: 0.15% | R²: -0.064319
  Trial time: 47.2s
[I 2026-03-13 07:13:37,856] Trial 2057 finished with value: 3.838169058371289e-06 and parameters: {'lambda_P': 1.3323139358761915, 'lambda_B': 0.5794565210936116, 'lambda_G': 1.9168321610314651, 'n_estimators': 9423, 'max_depth': 9, 'learning_rate': 0.01701002931610602, 'subsample': 0.5728808700061986, 'colsample_bytree': 0.45960824090418595, 'colsample_bylevel': 0.4376002202165048, 'reg_alpha': 0.32846590388246133, 'reg_lambda': 8.80703591396309, 'gamma': 0.00010472048020900364, 'min_child_weight': 13}. Best is trial 1422 with value: 2.996031181594198e-06.

[Trial 2079/5000] Starting at 07:13:37
  Lambdas: P=1.999, B=0.567, G=1.220
  XGBoost params: n_estimators=4966, max_depth=8
  Starting cross-validation...
  Trial 2066 MSE: 0.000005 | MAPE: 0.16% | R²: -0.314049
  Trial time: 33.8s
[I 2026-03-13 07:13:42,050] Trial 2066 finished with value: 5.076887518448612e-06 and parameters: {'lambda_P': 1.6541523892067636, 'lambda_B': 1.0513634455923389, 'lambda_G': 0.610365130282954, 'n_estimators': 8896, 'max_depth': 4, 'learning_rate': 0.001756838395278569, 'subsample': 0.9451396664248688, 'colsample_bytree': 0.5204050354294532, 'colsample_bylevel': 0.4257882105631528, 'reg_alpha': 0.606759414015524, 'reg_lambda': 0.6274238865432451, 'gamma': 0.0030498267097338106, 'min_child_weight': 6}. Best is trial 1422 with value: 2.996031181594198e-06.

[Trial 2080/5000] Starting at 07:13:42
  Lambdas: P=1.909, B=0.672, G=1.280
  XGBoost params: n_estimators=4867, max_depth=12
  Starting cross-validation...
  Trial 2064 MSE: 0.000004 | MAPE: 0.14% | R²: -0.041563
  Trial time: 40.4s
[I 2026-03-13 07:13:47,230] Trial 2064 finished with value: 3.712276470985549e-06 and parameters: {'lambda_P': 1.578934241953574, 'lambda_B': 0.9556585108583203, 'lambda_G': 1.2901523606722989, 'n_estimators': 8592, 'max_depth': 12, 'learning_rate': 0.18513581491645995, 'subsample': 0.6627453598324071, 'colsample_bytree': 0.6184615418507422, 'colsample_bylevel': 0.311051831939875, 'reg_alpha': 0.22118841074431794, 'reg_lambda': 5.898835207789687, 'gamma': 0.00030057302128714956, 'min_child_weight': 18}. Best is trial 1422 with value: 2.996031181594198e-06.

[Trial 2081/5000] Starting at 07:13:47
  Lambdas: P=1.290, B=1.425, G=1.504
  XGBoost params: n_estimators=9098, max_depth=12
  Starting cross-validation...
  Trial 2065 MSE: 0.000005 | MAPE: 0.16% | R²: -0.314049
  Trial time: 42.5s
[I 2026-03-13 07:13:49,526] Trial 2065 finished with value: 5.076887518448612e-06 and parameters: {'lambda_P': 1.993243153533212, 'lambda_B': 0.6373802065989459, 'lambda_G': 0.5893537190288677, 'n_estimators': 9455, 'max_depth': 7, 'learning_rate': 0.0121389503693785, 'subsample': 0.8864190222498984, 'colsample_bytree': 0.3640984671246642, 'colsample_bylevel': 0.34338007435495044, 'reg_alpha': 1.4421277187480344, 'reg_lambda': 1.3798640555839234, 'gamma': 0.0002193457302415622, 'min_child_weight': 5}. Best is trial 1422 with value: 2.996031181594198e-06.

[Trial 2082/5000] Starting at 07:13:49
  Lambdas: P=1.632, B=0.628, G=0.533
  XGBoost params: n_estimators=7968, max_depth=7
  Starting cross-validation...
  Trial 2063 MSE: 0.000004 | MAPE: 0.15% | R²: -0.064509
  Trial time: 46.3s
[I 2026-03-13 07:13:51,435] Trial 2063 finished with value: 3.856243226836714e-06 and parameters: {'lambda_P': 1.9016530202300888, 'lambda_B': 0.5943579459395387, 'lambda_G': 0.5546998658083032, 'n_estimators': 9472, 'max_depth': 11, 'learning_rate': 0.007618681818163713, 'subsample': 0.9628024101957751, 'colsample_bytree': 0.7992570811944371, 'colsample_bylevel': 0.4911549168303291, 'reg_alpha': 0.3994329104061187, 'reg_lambda': 0.8930768838332883, 'gamma': 0.00020641511402533653, 'min_child_weight': 7}. Best is trial 1422 with value: 2.996031181594198e-06.

[Trial 2083/5000] Starting at 07:13:51
  Lambdas: P=1.670, B=0.724, G=0.579
  XGBoost params: n_estimators=9617, max_depth=7
  Starting cross-validation...
  Trial 2076 MSE: 0.000005 | MAPE: 0.16% | R²: -0.314049
  Trial time: 19.6s
[I 2026-03-13 07:13:53,805] Trial 2076 finished with value: 5.076887518448612e-06 and parameters: {'lambda_P': 1.8553825840418212, 'lambda_B': 0.5495211680266245, 'lambda_G': 1.497503041087678, 'n_estimators': 4280, 'max_depth': 5, 'learning_rate': 0.016556014717672308, 'subsample': 0.5747462967001669, 'colsample_bytree': 0.49560061380473774, 'colsample_bylevel': 0.5065051016696871, 'reg_alpha': 1.8558058159880086, 'reg_lambda': 6.63546039831975, 'gamma': 0.0006015102185038369, 'min_child_weight': 14}. Best is trial 1422 with value: 2.996031181594198e-06.

[Trial 2084/5000] Starting at 07:13:53
  Lambdas: P=1.213, B=1.705, G=0.715
  XGBoost params: n_estimators=333, max_depth=17
  Starting cross-validation...
  Trial 2068 MSE: 0.000005 | MAPE: 0.16% | R²: -0.314049
  Trial time: 37.9s
[I 2026-03-13 07:13:55,638] Trial 2068 finished with value: 5.076887518448612e-06 and parameters: {'lambda_P': 1.5983260935078487, 'lambda_B': 0.5183960541569681, 'lambda_G': 1.3783657138676126, 'n_estimators': 7758, 'max_depth': 14, 'learning_rate': 0.04347722755995699, 'subsample': 0.777205758721649, 'colsample_bytree': 0.34920769543677077, 'colsample_bylevel': 0.5970420813225118, 'reg_alpha': 1.3666792374768706, 'reg_lambda': 7.060510203359087, 'gamma': 0.00016493162525578063, 'min_child_weight': 10}. Best is trial 1422 with value: 2.996031181594198e-06.

[Trial 2085/5000] Starting at 07:13:55
  Trial 2083 MSE: 0.000004 | MAPE: 0.15% | R²: -0.059601
  Trial time: 2.0s
[I 2026-03-13 07:13:55,958] Trial 2083 finished with value: 3.891780413199263e-06 and parameters: {'lambda_P': 1.2126194090303415, 'lambda_B': 1.7048029224419239, 'lambda_G': 0.7146210666923443, 'n_estimators': 333, 'max_depth': 17, 'learning_rate': 0.1468613300245929, 'subsample': 0.6610575215182548, 'colsample_bytree': 0.744603675753376, 'colsample_bylevel': 0.5381584644070748, 'reg_alpha': 0.43819794451673416, 'reg_lambda': 5.816973138949578, 'gamma': 0.00011784511784693732, 'min_child_weight': 11}. Best is trial 1422 with value: 2.996031181594198e-06.

[Trial 2086/5000] Starting at 07:13:56
  Lambdas: P=1.887, B=0.858, G=1.556
  XGBoost params: n_estimators=9303, max_depth=8
  Starting cross-validation...
  Lambdas: P=1.706, B=0.591, G=0.517
  XGBoost params: n_estimators=9637, max_depth=9
  Starting cross-validation...
  Trial 2069 MSE: 0.000004 | MAPE: 0.15% | R²: -0.066168
  Trial time: 33.2s
[I 2026-03-13 07:13:57,367] Trial 2069 finished with value: 3.882420695579908e-06 and parameters: {'lambda_P': 1.8014434324532145, 'lambda_B': 0.7606843474922209, 'lambda_G': 1.4441489357952668, 'n_estimators': 6582, 'max_depth': 7, 'learning_rate': 0.06557391853343392, 'subsample': 0.8658672996248751, 'colsample_bytree': 0.47571630882821997, 'colsample_bylevel': 0.3415144569424347, 'reg_alpha': 0.5474296308931192, 'reg_lambda': 7.76929911823098, 'gamma': 0.00011884698796474892, 'min_child_weight': 19}. Best is trial 1422 with value: 2.996031181594198e-06.

[Trial 2087/5000] Starting at 07:13:57
  Lambdas: P=1.251, B=1.384, G=1.391
  XGBoost params: n_estimators=855, max_depth=2
  Starting cross-validation...
  Trial 2079 MSE: 0.000005 | MAPE: 0.16% | R²: -0.248662
  Trial time: 17.3s
[I 2026-03-13 07:13:59,606] Trial 2079 finished with value: 4.880133526778137e-06 and parameters: {'lambda_P': 1.9093924643724802, 'lambda_B': 0.6719900938448503, 'lambda_G': 1.280498207123847, 'n_estimators': 4867, 'max_depth': 12, 'learning_rate': 0.018737013827507563, 'subsample': 0.7808035663761189, 'colsample_bytree': 0.4737228664209276, 'colsample_bylevel': 0.3046235019606966, 'reg_alpha': 0.9685488405551743, 'reg_lambda': 7.730315722889518, 'gamma': 0.00018353135311626929, 'min_child_weight': 9}. Best is trial 1422 with value: 2.996031181594198e-06.

[Trial 2088/5000] Starting at 07:13:59
  Lambdas: P=1.205, B=1.342, G=0.948
  XGBoost params: n_estimators=5142, max_depth=12
  Starting cross-validation...
  Trial 2086 MSE: 0.000005 | MAPE: 0.16% | R²: -0.314049
  Trial time: 4.3s
[I 2026-03-13 07:14:01,843] Trial 2086 finished with value: 5.076887518448612e-06 and parameters: {'lambda_P': 1.2510900184270253, 'lambda_B': 1.383960514030658, 'lambda_G': 1.3910403277493228, 'n_estimators': 855, 'max_depth': 2, 'learning_rate': 0.06488065491953057, 'subsample': 0.3942440250837536, 'colsample_bytree': 0.8063818809459398, 'colsample_bylevel': 0.6131841277197373, 'reg_alpha': 7.170084666690025, 'reg_lambda': 1.1137639894187497, 'gamma': 0.006966518365357313, 'min_child_weight': 19}. Best is trial 1422 with value: 2.996031181594198e-06.

[Trial 2089/5000] Starting at 07:14:01
  Lambdas: P=1.789, B=1.048, G=1.304
  XGBoost params: n_estimators=6170, max_depth=14
  Starting cross-validation...
  Trial 2078 MSE: 0.000003 | MAPE: 0.13% | R²: 0.059122
  Trial time: 24.5s
[I 2026-03-13 07:14:02,571] Trial 2078 finished with value: 3.224160135932207e-06 and parameters: {'lambda_P': 1.9990246258264666, 'lambda_B': 0.5668197140976642, 'lambda_G': 1.2200047444049646, 'n_estimators': 4966, 'max_depth': 8, 'learning_rate': 0.019322600461079757, 'subsample': 0.7310425546595902, 'colsample_bytree': 0.3108015199489214, 'colsample_bylevel': 0.41016086416713143, 'reg_alpha': 0.05690323862328661, 'reg_lambda': 8.518496621007362, 'gamma': 0.00024595370574345606, 'min_child_weight': 12}. Best is trial 1422 with value: 2.996031181594198e-06.

[Trial 2090/5000] Starting at 07:14:02
  Lambdas: P=1.720, B=0.692, G=1.052
  XGBoost params: n_estimators=7433, max_depth=6
  Starting cross-validation...
  Trial 2071 MSE: 0.000005 | MAPE: 0.16% | R²: -0.314049
  Trial time: 39.4s
[I 2026-03-13 07:14:04,979] Trial 2071 finished with value: 5.076887518448612e-06 and parameters: {'lambda_P': 1.8369568076613814, 'lambda_B': 0.7553599877700712, 'lambda_G': 0.9365837135384039, 'n_estimators': 9398, 'max_depth': 7, 'learning_rate': 0.042326057865154774, 'subsample': 0.857625400976213, 'colsample_bytree': 0.5999977948303521, 'colsample_bylevel': 0.385081382244178, 'reg_alpha': 1.1622391079223375, 'reg_lambda': 0.5556037236968463, 'gamma': 0.001104510407561948, 'min_child_weight': 8}. Best is trial 1422 with value: 2.996031181594198e-06.

[Trial 2091/5000] Starting at 07:14:05
  Lambdas: P=1.445, B=0.958, G=0.625
  XGBoost params: n_estimators=7434, max_depth=6
  Starting cross-validation...
  Trial 2073 MSE: 0.000004 | MAPE: 0.16% | R²: -0.160857
  Trial time: 41.0s
[I 2026-03-13 07:14:09,901] Trial 2073 finished with value: 4.433816914265617e-06 and parameters: {'lambda_P': 1.873235501352008, 'lambda_B': 0.7512981039787621, 'lambda_G': 0.9055244157654287, 'n_estimators': 9726, 'max_depth': 5, 'learning_rate': 0.011531196427814994, 'subsample': 0.9491751497831126, 'colsample_bytree': 0.3977246622922692, 'colsample_bylevel': 0.39087883291757025, 'reg_alpha': 0.9429109006055784, 'reg_lambda': 1.3860214060868017, 'gamma': 0.00012741876137208457, 'min_child_weight': 9}. Best is trial 1422 with value: 2.996031181594198e-06.

[Trial 2092/5000] Starting at 07:14:10
  Lambdas: P=1.801, B=0.508, G=0.864
  XGBoost params: n_estimators=5756, max_depth=9
  Starting cross-validation...
  Trial 2075 MSE: 0.000005 | MAPE: 0.16% | R²: -0.314049
  Trial time: 38.1s
[I 2026-03-13 07:14:10,934] Trial 2075 finished with value: 5.076887518448612e-06 and parameters: {'lambda_P': 1.62574398560392, 'lambda_B': 0.9944920076876355, 'lambda_G': 1.4250247267174057, 'n_estimators': 8073, 'max_depth': 15, 'learning_rate': 0.1229139799271057, 'subsample': 0.7298473196474271, 'colsample_bytree': 0.6722740690142084, 'colsample_bylevel': 0.36901587208965414, 'reg_alpha': 1.2864259155709248, 'reg_lambda': 7.958011503776657, 'gamma': 0.000115984058341317, 'min_child_weight': 20}. Best is trial 1422 with value: 2.996031181594198e-06.

[Trial 2093/5000] Starting at 07:14:11
  Lambdas: P=1.866, B=0.529, G=1.318
  Trial 2074 MSE: 0.000005 | MAPE: 0.16% | R²: -0.314049
  Trial time: 40.4s
[I 2026-03-13 07:14:11,500] Trial 2074 finished with value: 5.076887518448612e-06 and parameters: {'lambda_P': 1.7710373173331098, 'lambda_B': 0.6796664505056957, 'lambda_G': 1.529203010676078, 'n_estimators': 8033, 'max_depth': 10, 'learning_rate': 0.020154459883778182, 'subsample': 0.5782855749904159, 'colsample_bytree': 0.3742399413225369, 'colsample_bylevel': 0.3342748230217165, 'reg_alpha': 1.3325192526565814, 'reg_lambda': 9.07171696970629, 'gamma': 0.00015844614964336537, 'min_child_weight': 15}. Best is trial 1422 with value: 2.996031181594198e-06.

[Trial 2094/5000] Starting at 07:14:11
  XGBoost params: n_estimators=2086, max_depth=8
  Starting cross-validation...
  Lambdas: P=1.406, B=1.003, G=0.794
  XGBoost params: n_estimators=9928, max_depth=3
  Starting cross-validation...
  Trial 2072 MSE: 0.000005 | MAPE: 0.16% | R²: -0.314049
  Trial time: 45.2s
[I 2026-03-13 07:14:13,329] Trial 2072 finished with value: 5.076887518448612e-06 and parameters: {'lambda_P': 1.474687048116179, 'lambda_B': 0.7854993316491661, 'lambda_G': 0.7511201551616811, 'n_estimators': 9218, 'max_depth': 5, 'learning_rate': 0.007674994897279048, 'subsample': 0.9144761134330126, 'colsample_bytree': 0.5495350496560883, 'colsample_bylevel': 0.4196221528599163, 'reg_alpha': 1.4649535856839766, 'reg_lambda': 0.7809134016361112, 'gamma': 0.00041756027343527896, 'min_child_weight': 13}. Best is trial 1422 with value: 2.996031181594198e-06.

[Trial 2095/5000] Starting at 07:14:13
  Lambdas: P=1.748, B=0.546, G=1.165
  XGBoost params: n_estimators=5084, max_depth=9
  Starting cross-validation...
  Trial 2087 MSE: 0.000005 | MAPE: 0.16% | R²: -0.314049
  Trial time: 20.2s
[I 2026-03-13 07:14:20,035] Trial 2087 finished with value: 5.076887518448612e-06 and parameters: {'lambda_P': 1.2045635963249486, 'lambda_B': 1.3423019365586897, 'lambda_G': 0.9477959473483472, 'n_estimators': 5142, 'max_depth': 12, 'learning_rate': 0.013949414726038094, 'subsample': 0.8718014997228242, 'colsample_bytree': 0.6315246226700313, 'colsample_bylevel': 0.3156810218579614, 'reg_alpha': 2.59478076123444, 'reg_lambda': 1.9396832137155764, 'gamma': 0.006261620606105649, 'min_child_weight': 13}. Best is trial 1422 with value: 2.996031181594198e-06.

[Trial 2096/5000] Starting at 07:14:20
  Trial 2092 MSE: 0.000005 | MAPE: 0.16% | R²: -0.300752
  Trial time: 9.3s
[I 2026-03-13 07:14:20,399] Trial 2092 finished with value: 5.036322511318408e-06 and parameters: {'lambda_P': 1.86557332874864, 'lambda_B': 0.5292063500126283, 'lambda_G': 1.3181180746231438, 'n_estimators': 2086, 'max_depth': 8, 'learning_rate': 0.006927908656401418, 'subsample': 0.8355657447734092, 'colsample_bytree': 0.3317386276547453, 'colsample_bylevel': 0.4268876487624267, 'reg_alpha': 0.44779254806140484, 'reg_lambda': 9.738628190633918, 'gamma': 0.002167342549461235, 'min_child_weight': 11}. Best is trial 1422 with value: 2.996031181594198e-06.

[Trial 2097/5000] Starting at 07:14:20
  Lambdas: P=1.700, B=0.603, G=0.937
  XGBoost params: n_estimators=6866, max_depth=8
  Starting cross-validation...
  Lambdas: P=1.967, B=0.780, G=1.225
  XGBoost params: n_estimators=6081, max_depth=8
  Starting cross-validation...
  Trial 2077 MSE: 0.000005 | MAPE: 0.16% | R²: -0.274616
  Trial time: 47.5s
[I 2026-03-13 07:14:24,094] Trial 2077 finished with value: 4.960160847283817e-06 and parameters: {'lambda_P': 1.841007473807082, 'lambda_B': 0.8541219426525543, 'lambda_G': 1.5819064154309965, 'n_estimators': 9936, 'max_depth': 13, 'learning_rate': 0.30413766539821324, 'subsample': 0.6473622432183508, 'colsample_bytree': 0.6262885099279467, 'colsample_bylevel': 0.46123996732984557, 'reg_alpha': 0.9542447610263208, 'reg_lambda': 8.36653917527594, 'gamma': 0.00012774891003860614, 'min_child_weight': 13}. Best is trial 1422 with value: 2.996031181594198e-06.

[Trial 2098/5000] Starting at 07:14:24
  Lambdas: P=1.610, B=0.707, G=1.041
  XGBoost params: n_estimators=6581, max_depth=8
  Starting cross-validation...
  Trial 2081 MSE: 0.000005 | MAPE: 0.16% | R²: -0.314049
  Trial time: 38.2s
[I 2026-03-13 07:14:27,912] Trial 2081 finished with value: 5.076887518448612e-06 and parameters: {'lambda_P': 1.6319310217361203, 'lambda_B': 0.6276806422419127, 'lambda_G': 0.5326871524488938, 'n_estimators': 7968, 'max_depth': 7, 'learning_rate': 0.02202309186816727, 'subsample': 0.845602354007988, 'colsample_bytree': 0.5658204203750181, 'colsample_bylevel': 0.6319970817457763, 'reg_alpha': 4.344919081309685, 'reg_lambda': 1.5592937316725461, 'gamma': 0.0003910331139482106, 'min_child_weight': 4}. Best is trial 1422 with value: 2.996031181594198e-06.

[Trial 2099/5000] Starting at 07:14:28
  Lambdas: P=1.858, B=0.563, G=1.051
  XGBoost params: n_estimators=4329, max_depth=6
  Starting cross-validation...
  Trial 2080 MSE: 0.000005 | MAPE: 0.16% | R²: -0.314049
  Trial time: 42.9s
[I 2026-03-13 07:14:30,349] Trial 2080 finished with value: 5.076887518448612e-06 and parameters: {'lambda_P': 1.2902247154441755, 'lambda_B': 1.4252179572831811, 'lambda_G': 1.504231157798312, 'n_estimators': 9098, 'max_depth': 12, 'learning_rate': 0.0031436351593994746, 'subsample': 0.5235224799902104, 'colsample_bytree': 0.6484705433702809, 'colsample_bylevel': 0.7516182299360182, 'reg_alpha': 4.7693121889912895, 'reg_lambda': 3.2680816278022977, 'gamma': 0.016870890357106223, 'min_child_weight': 13}. Best is trial 1422 with value: 2.996031181594198e-06.

[Trial 2100/5000] Starting at 07:14:30
  Trial 2090 MSE: 0.000004 | MAPE: 0.15% | R²: -0.123098
  Trial time: 25.5s
[I 2026-03-13 07:14:30,731] Trial 2090 finished with value: 4.204657103585745e-06 and parameters: {'lambda_P': 1.4446833005797413, 'lambda_B': 0.9578938426300578, 'lambda_G': 0.6246182603169239, 'n_estimators': 7434, 'max_depth': 6, 'learning_rate': 0.020229472590865515, 'subsample': 0.8244541867676054, 'colsample_bytree': 0.4718209600225284, 'colsample_bylevel': 0.4963653500992286, 'reg_alpha': 0.611278575058426, 'reg_lambda': 0.03858016890474103, 'gamma': 0.00019902676343757316, 'min_child_weight': 4}. Best is trial 1422 with value: 2.996031181594198e-06.

[Trial 2101/5000] Starting at 07:14:30
  Lambdas: P=1.995, B=0.514, G=0.983
  Trial 2088 MSE: 0.000005 | MAPE: 0.16% | R²: -0.314049
  XGBoost params: n_estimators=4573, max_depth=6  Trial time: 29.1s

  Starting cross-validation...
[I 2026-03-13 07:14:31,149] Trial 2088 finished with value: 5.076887518448612e-06 and parameters: {'lambda_P': 1.7885642626936593, 'lambda_B': 1.0481888517182172, 'lambda_G': 1.3043078717372958, 'n_estimators': 6170, 'max_depth': 14, 'learning_rate': 0.05000968020680977, 'subsample': 0.6451933315473382, 'colsample_bytree': 0.41037389560076015, 'colsample_bylevel': 0.45370952242192736, 'reg_alpha': 1.3444658612297324, 'reg_lambda': 6.415446071106631, 'gamma': 0.0002079689463811549, 'min_child_weight': 16}. Best is trial 1422 with value: 2.996031181594198e-06.

[Trial 2102/5000] Starting at 07:14:31
  Lambdas: P=1.902, B=0.553, G=0.931
  XGBoost params: n_estimators=5829, max_depth=4
  Starting cross-validation...
  Lambdas: P=1.976, B=0.706, G=1.448
  XGBoost params: n_estimators=5482, max_depth=8
  Starting cross-validation...
  Trial 2091 MSE: 0.000004 | MAPE: 0.15% | R²: -0.150582
  Trial time: 26.4s
