[I 2026-03-13 07:27:32,691] Trial 2424 finished with value: 5.076887518448612e-06 and parameters: {'lambda_P': 1.3585147257441776, 'lambda_B': 1.1769889508600018, 'lambda_G': 1.8677697835793845, 'n_estimators': 379, 'max_depth': 6, 'learning_rate': 0.053232313244643364, 'subsample': 0.8566764038801497, 'colsample_bytree': 0.9023469639589572, 'colsample_bylevel': 0.8169099000960045, 'reg_alpha': 7.075622778508395, 'reg_lambda': 0.10003916216895625, 'gamma': 0.00011624395800262213, 'min_child_weight': 20}. Best is trial 2210 with value: 2.986319055234564e-06.

[Trial 2427/5000] Starting at 07:27:32
  Lambdas: P=1.389, B=0.773, G=0.738
  XGBoost params: n_estimators=9925, max_depth=7
  Starting cross-validation...
  Trial 2412 MSE: 0.000005 | MAPE: 0.16% | R²: -0.314049
  Trial time: 34.3s
[I 2026-03-13 07:27:34,058] Trial 2412 finished with value: 5.076887518448612e-06 and parameters: {'lambda_P': 1.5782093750969344, 'lambda_B': 0.7192690787950076, 'lambda_G': 0.575199439610002, 'n_estimators': 9584, 'max_depth': 9, 'learning_rate': 0.2949809670041571, 'subsample': 0.9592146409077611, 'colsample_bytree': 0.43808884088633077, 'colsample_bylevel': 0.5075157964166227, 'reg_alpha': 3.720536685414424, 'reg_lambda': 3.2249803012527245, 'gamma': 0.00011661527492167407, 'min_child_weight': 9}. Best is trial 2210 with value: 2.986319055234564e-06.

[Trial 2428/5000] Starting at 07:27:34
  Lambdas: P=1.834, B=0.934, G=0.988
  XGBoost params: n_estimators=5912, max_depth=2
  Starting cross-validation...
  Trial 2418 MSE: 0.000005 | MAPE: 0.16% | R²: -0.193145
  Trial time: 29.5s
[I 2026-03-13 07:27:38,303] Trial 2418 finished with value: 4.5362574264383e-06 and parameters: {'lambda_P': 1.05276403740945, 'lambda_B': 1.5510367496136073, 'lambda_G': 0.528131882664673, 'n_estimators': 6535, 'max_depth': 15, 'learning_rate': 0.0386435296466264, 'subsample': 0.9878917342447798, 'colsample_bytree': 0.3141387735852718, 'colsample_bylevel': 0.46567086745150954, 'reg_alpha': 0.481960225741532, 'reg_lambda': 2.0121677735665777, 'gamma': 0.0010362292215774203, 'min_child_weight': 19}. Best is trial 2210 with value: 2.986319055234564e-06.

[Trial 2429/5000] Starting at 07:27:38
  Lambdas: P=0.518, B=0.664, G=1.615
  XGBoost params: n_estimators=5641, max_depth=11
  Starting cross-validation...
  Trial 2425 MSE: 0.000005 | MAPE: 0.16% | R²: -0.314049
  Trial time: 7.5s
[I 2026-03-13 07:27:39,307] Trial 2425 finished with value: 5.076887518448612e-06 and parameters: {'lambda_P': 0.5961028305205479, 'lambda_B': 1.1884636832359667, 'lambda_G': 1.4095355551114561, 'n_estimators': 1749, 'max_depth': 7, 'learning_rate': 0.003673339427883066, 'subsample': 0.5847772507078423, 'colsample_bytree': 0.779899401313199, 'colsample_bylevel': 0.35737964225284674, 'reg_alpha': 1.434623157735866, 'reg_lambda': 1.4304086896178796, 'gamma': 0.0173325189346749, 'min_child_weight': 10}. Best is trial 2210 with value: 2.986319055234564e-06.

[Trial 2430/5000] Starting at 07:27:39
  Lambdas: P=1.088, B=1.812, G=1.339
  Trial 2409 MSE: 0.000005 | MAPE: 0.16% | R²: -0.314049
  Trial time: 46.5s
[I 2026-03-13 07:27:39,898] Trial 2409 finished with value: 5.076887518448612e-06 and parameters: {'lambda_P': 0.5628656905953352, 'lambda_B': 1.8434215359569617, 'lambda_G': 1.6646700258538087, 'n_estimators': 9090, 'max_depth': 20, 'learning_rate': 0.002134293409921725, 'subsample': 0.5295192132396094, 'colsample_bytree': 0.8825524938857471, 'colsample_bylevel': 0.3709260675270371, 'reg_alpha': 4.851893838724272, 'reg_lambda': 9.410605873562275, 'gamma': 0.03749297313394639, 'min_child_weight': 16}. Best is trial 2210 with value: 2.986319055234564e-06.
  XGBoost params: n_estimators=5639, max_depth=10
  Starting cross-validation...

[Trial 2431/5000] Starting at 07:27:39
  Lambdas: P=0.735, B=1.154, G=1.401
  XGBoost params: n_estimators=8728, max_depth=6
  Starting cross-validation...
  Trial 2411 MSE: 0.000004 | MAPE: 0.14% | R²: -0.040310
  Trial time: 41.6s
[I 2026-03-13 07:27:40,743] Trial 2411 finished with value: 3.680186719414039e-06 and parameters: {'lambda_P': 1.4762253490233683, 'lambda_B': 1.897631171365221, 'lambda_G': 0.8675707730526216, 'n_estimators': 8574, 'max_depth': 10, 'learning_rate': 0.002610411737213205, 'subsample': 0.9019558107511287, 'colsample_bytree': 0.5047532036327267, 'colsample_bylevel': 0.5037901588451946, 'reg_alpha': 0.2433139293275896, 'reg_lambda': 3.320235192325278, 'gamma': 0.00027292170761474043, 'min_child_weight': 18}. Best is trial 2210 with value: 2.986319055234564e-06.

[Trial 2432/5000] Starting at 07:27:40
  Lambdas: P=1.269, B=0.663, G=1.673
  XGBoost params: n_estimators=9490, max_depth=17
  Starting cross-validation...
  Trial 2413 MSE: 0.000004 | MAPE: 0.15% | R²: -0.110172
  Trial time: 36.5s
[I 2026-03-13 07:27:41,900] Trial 2413 finished with value: 4.148354797777458e-06 and parameters: {'lambda_P': 1.4606250565508911, 'lambda_B': 1.835957623644772, 'lambda_G': 1.0936420403983225, 'n_estimators': 7417, 'max_depth': 7, 'learning_rate': 0.006884285348607433, 'subsample': 0.9511995033076994, 'colsample_bytree': 0.4776024570615325, 'colsample_bylevel': 0.49310267310234157, 'reg_alpha': 0.6971476033851924, 'reg_lambda': 4.390005900852061, 'gamma': 0.0001582060683818736, 'min_child_weight': 18}. Best is trial 2210 with value: 2.986319055234564e-06.

[Trial 2433/5000] Starting at 07:27:41
  Lambdas: P=1.949, B=1.033, G=0.702
  XGBoost params: n_estimators=8975, max_depth=6
  Starting cross-validation...
  Trial 2419 MSE: 0.000004 | MAPE: 0.15% | R²: -0.094096
  Trial time: 33.8s
[I 2026-03-13 07:27:45,665] Trial 2419 finished with value: 4.052111114962388e-06 and parameters: {'lambda_P': 1.6851471602387593, 'lambda_B': 1.6167969047424309, 'lambda_G': 1.1060112675725757, 'n_estimators': 7071, 'max_depth': 8, 'learning_rate': 0.005992848077637712, 'subsample': 0.9599240945996647, 'colsample_bytree': 0.4355111000971913, 'colsample_bylevel': 0.34743283333833935, 'reg_alpha': 0.6545284603898917, 'reg_lambda': 3.184045161161848, 'gamma': 0.0001540360880589514, 'min_child_weight': 17}. Best is trial 2210 with value: 2.986319055234564e-06.

[Trial 2434/5000] Starting at 07:27:45
  Lambdas: P=1.622, B=0.721, G=0.646
  XGBoost params: n_estimators=8055, max_depth=8
  Starting cross-validation...
  Trial 2420 MSE: 0.000005 | MAPE: 0.16% | R²: -0.314049
  Trial time: 29.8s
[I 2026-03-13 07:27:47,687] Trial 2420 finished with value: 5.076887518448612e-06 and parameters: {'lambda_P': 1.5752497324533925, 'lambda_B': 1.8588816513391848, 'lambda_G': 0.8663999729906546, 'n_estimators': 5759, 'max_depth': 6, 'learning_rate': 0.0031687544821839514, 'subsample': 0.8344075669332758, 'colsample_bytree': 0.5240640052585839, 'colsample_bylevel': 0.4349541259959103, 'reg_alpha': 1.5003315005207747, 'reg_lambda': 4.591908680810047, 'gamma': 0.00013957761451858304, 'min_child_weight': 18}. Best is trial 2210 with value: 2.986319055234564e-06.

[Trial 2435/5000] Starting at 07:27:47
  Lambdas: P=1.753, B=0.636, G=0.507
  XGBoost params: n_estimators=8615, max_depth=8
  Starting cross-validation...
  Trial 2416 MSE: 0.000003 | MAPE: 0.13% | R²: 0.042863
  Trial time: 41.6s
[I 2026-03-13 07:27:49,013] Trial 2416 finished with value: 3.249264745843324e-06 and parameters: {'lambda_P': 1.9217215950257878, 'lambda_B': 0.7177120343825012, 'lambda_G': 0.8777411503766707, 'n_estimators': 8258, 'max_depth': 4, 'learning_rate': 0.06896484352498909, 'subsample': 0.6376618444787256, 'colsample_bytree': 0.6862334300016908, 'colsample_bylevel': 0.3080165775128574, 'reg_alpha': 0.1072989144949448, 'reg_lambda': 9.123318614856265, 'gamma': 0.00011951819183849527, 'min_child_weight': 11}. Best is trial 2210 with value: 2.986319055234564e-06.

[Trial 2436/5000] Starting at 07:27:49
  Lambdas: P=1.457, B=1.258, G=1.195
  XGBoost params: n_estimators=3913, max_depth=14
  Starting cross-validation...
  Trial 2417 MSE: 0.000005 | MAPE: 0.16% | R²: -0.314049
  Trial time: 41.4s
[I 2026-03-13 07:27:50,026] Trial 2417 finished with value: 5.076887518448612e-06 and parameters: {'lambda_P': 1.0698718501305264, 'lambda_B': 0.9403911965468593, 'lambda_G': 1.0998578615409944, 'n_estimators': 9653, 'max_depth': 11, 'learning_rate': 0.29040664268200356, 'subsample': 0.9878170347770435, 'colsample_bytree': 0.42028056456658763, 'colsample_bylevel': 0.606860730142841, 'reg_alpha': 9.32563730002217, 'reg_lambda': 9.667913896767278, 'gamma': 0.004624554374304679, 'min_child_weight': 5}. Best is trial 2210 with value: 2.986319055234564e-06.

[Trial 2437/5000] Starting at 07:27:50
  Lambdas: P=1.770, B=1.503, G=0.636
  XGBoost params: n_estimators=6118, max_depth=13
  Starting cross-validation...
  Trial 2423 MSE: 0.000005 | MAPE: 0.16% | R²: -0.314049
  Trial time: 23.7s
[I 2026-03-13 07:27:51,367] Trial 2423 finished with value: 5.076887518448612e-06 and parameters: {'lambda_P': 1.3403484797831107, 'lambda_B': 0.573138930124963, 'lambda_G': 1.186429330863458, 'n_estimators': 4351, 'max_depth': 7, 'learning_rate': 0.058161274710856664, 'subsample': 0.8731919671778527, 'colsample_bytree': 0.36194840564538544, 'colsample_bylevel': 0.9165023090700255, 'reg_alpha': 5.413678606935764, 'reg_lambda': 0.5889454113138646, 'gamma': 0.005733608716175562, 'min_child_weight': 20}. Best is trial 2210 with value: 2.986319055234564e-06.

[Trial 2438/5000] Starting at 07:27:51
  Lambdas: P=0.999, B=0.842, G=1.132
  XGBoost params: n_estimators=3261, max_depth=16
  Starting cross-validation...
  Trial 2427 MSE: 0.000005 | MAPE: 0.16% | R²: -0.288453
  Trial time: 23.8s
[I 2026-03-13 07:27:58,088] Trial 2427 finished with value: 5.013396383238702e-06 and parameters: {'lambda_P': 1.833538196266835, 'lambda_B': 0.933722403970795, 'lambda_G': 0.9875571626713332, 'n_estimators': 5912, 'max_depth': 2, 'learning_rate': 0.008305422367983208, 'subsample': 0.9158185134318815, 'colsample_bytree': 0.451021420189909, 'colsample_bylevel': 0.3714391890200037, 'reg_alpha': 1.4462846113688954, 'reg_lambda': 3.062343713769394, 'gamma': 0.00010192842852671395, 'min_child_weight': 10}. Best is trial 2210 with value: 2.986319055234564e-06.

[Trial 2439/5000] Starting at 07:27:58
  Lambdas: P=1.412, B=1.061, G=0.671
  XGBoost params: n_estimators=8080, max_depth=8
  Starting cross-validation...
  Trial 2421 MSE: 0.000004 | MAPE: 0.14% | R²: -0.031652
  Trial time: 41.2s
[I 2026-03-13 07:28:02,036] Trial 2421 finished with value: 3.6986560683093887e-06 and parameters: {'lambda_P': 1.752777506037774, 'lambda_B': 1.6090001434563563, 'lambda_G': 0.6965420147753464, 'n_estimators': 7986, 'max_depth': 7, 'learning_rate': 0.006589891274314916, 'subsample': 0.9349357918686934, 'colsample_bytree': 0.4477946691021821, 'colsample_bylevel': 0.5433753024137942, 'reg_alpha': 0.42223096527470794, 'reg_lambda': 7.539833607787829, 'gamma': 0.00013863980338257447, 'min_child_weight': 17}. Best is trial 2210 with value: 2.986319055234564e-06.

[Trial 2440/5000] Starting at 07:28:02
  Lambdas: P=1.554, B=1.416, G=0.729
  XGBoost params: n_estimators=9962, max_depth=18
  Starting cross-validation...
  Trial 2429 MSE: 0.000005 | MAPE: 0.16% | R²: -0.314049
  Trial time: 24.0s
[I 2026-03-13 07:28:03,590] Trial 2429 finished with value: 5.076887518448612e-06 and parameters: {'lambda_P': 1.0881125169915689, 'lambda_B': 1.8119492530908419, 'lambda_G': 1.3389280320126313, 'n_estimators': 5639, 'max_depth': 10, 'learning_rate': 0.24851598731128252, 'subsample': 0.9235160247745179, 'colsample_bytree': 0.9136841389874469, 'colsample_bylevel': 0.5540564555753019, 'reg_alpha': 9.732037935666419, 'reg_lambda': 5.267558329874971, 'gamma': 0.0017371330708366678, 'min_child_weight': 4}. Best is trial 2210 with value: 2.986319055234564e-06.

[Trial 2441/5000] Starting at 07:28:03
  Lambdas: P=0.981, B=0.969, G=0.997
  XGBoost params: n_estimators=1003, max_depth=7
  Starting cross-validation...
  Trial 2437 MSE: 0.000005 | MAPE: 0.16% | R²: -0.314049
  Trial time: 15.1s
[I 2026-03-13 07:28:06,746] Trial 2437 finished with value: 5.076887518448612e-06 and parameters: {'lambda_P': 0.9986059540931609, 'lambda_B': 0.8416274944731914, 'lambda_G': 1.1316299010560076, 'n_estimators': 3261, 'max_depth': 16, 'learning_rate': 0.17147812298749318, 'subsample': 0.7980340605099546, 'colsample_bytree': 0.36324481849231, 'colsample_bylevel': 0.9361848751174788, 'reg_alpha': 9.840871418468515, 'reg_lambda': 1.8050339300812839, 'gamma': 0.00017266033984111195, 'min_child_weight': 11}. Best is trial 2210 with value: 2.986319055234564e-06.

[Trial 2442/5000] Starting at 07:28:06
  Lambdas: P=1.622, B=0.592, G=0.519
  XGBoost params: n_estimators=8488, max_depth=18
  Starting cross-validation...
  Trial 2428 MSE: 0.000005 | MAPE: 0.16% | R²: -0.314049
  Trial time: 29.1s
[I 2026-03-13 07:28:07,654] Trial 2428 finished with value: 5.076887518448612e-06 and parameters: {'lambda_P': 0.5176722113091505, 'lambda_B': 0.664114117230991, 'lambda_G': 1.615228023699863, 'n_estimators': 5641, 'max_depth': 11, 'learning_rate': 0.08935638891913147, 'subsample': 0.9457869093708664, 'colsample_bytree': 0.92467037130806, 'colsample_bylevel': 0.6740802625106633, 'reg_alpha': 8.82001382277073, 'reg_lambda': 3.3704622095095456, 'gamma': 0.014630305923539408, 'min_child_weight': 10}. Best is trial 2210 with value: 2.986319055234564e-06.

[Trial 2443/5000] Starting at 07:28:07
  Lambdas: P=1.843, B=1.976, G=0.659
  XGBoost params: n_estimators=612, max_depth=3
  Starting cross-validation...
  Trial 2440 MSE: 0.000005 | MAPE: 0.16% | R²: -0.314049
  Trial time: 4.5s
[I 2026-03-13 07:28:08,314] Trial 2440 finished with value: 5.076887518448612e-06 and parameters: {'lambda_P': 0.9805150701645114, 'lambda_B': 0.9694810658784141, 'lambda_G': 0.9971775683108527, 'n_estimators': 1003, 'max_depth': 7, 'learning_rate': 0.18351261117108558, 'subsample': 0.8941077715650897, 'colsample_bytree': 0.46760958359065696, 'colsample_bylevel': 0.7773403035374565, 'reg_alpha': 9.463791618626553, 'reg_lambda': 5.701625403552593, 'gamma': 0.00276452521176798, 'min_child_weight': 17}. Best is trial 2210 with value: 2.986319055234564e-06.

[Trial 2444/5000] Starting at 07:28:08
  Lambdas: P=1.428, B=0.953, G=1.023
  XGBoost params: n_estimators=9084, max_depth=4
  Starting cross-validation...
  Trial 2435 MSE: 0.000005 | MAPE: 0.16% | R²: -0.314049
  Trial time: 20.1s
[I 2026-03-13 07:28:09,389] Trial 2435 finished with value: 5.076887518448612e-06 and parameters: {'lambda_P': 1.4571744665971211, 'lambda_B': 1.2582038298393432, 'lambda_G': 1.1953565900213827, 'n_estimators': 3913, 'max_depth': 14, 'learning_rate': 0.08591532087686586, 'subsample': 0.6812045964135125, 'colsample_bytree': 0.30059623296675725, 'colsample_bylevel': 0.35668385506394884, 'reg_alpha': 1.2117903239914103, 'reg_lambda': 2.387147840916545, 'gamma': 0.00010629564343341672, 'min_child_weight': 16}. Best is trial 2210 with value: 2.986319055234564e-06.

[Trial 2445/5000] Starting at 07:28:09  Trial 2422 MSE: 0.000005 | MAPE: 0.16% | R²: -0.314049

  Trial time: 46.7s
[I 2026-03-13 07:28:09,591] Trial 2422 finished with value: 5.076887518448612e-06 and parameters: {'lambda_P': 1.0750876908266411, 'lambda_B': 1.1289767273250066, 'lambda_G': 1.919634961042143, 'n_estimators': 9363, 'max_depth': 10, 'learning_rate': 0.0046086325605477745, 'subsample': 0.9653722514243989, 'colsample_bytree': 0.44297329383927697, 'colsample_bylevel': 0.8812032467006936, 'reg_alpha': 9.739556105284729, 'reg_lambda': 5.707805540949025, 'gamma': 0.00024195246027336568, 'min_child_weight': 19}. Best is trial 2210 with value: 2.986319055234564e-06.

[Trial 2446/5000] Starting at 07:28:09
  Lambdas: P=1.364, B=1.698, G=0.906
  Lambdas: P=1.324, B=0.797, G=0.545
  XGBoost params: n_estimators=8230, max_depth=12
  Starting cross-validation...
  XGBoost params: n_estimators=6226, max_depth=11
  Starting cross-validation...
  Trial 2442 MSE: 0.000005 | MAPE: 0.16% | R²: -0.314049
  Trial time: 4.0s
[I 2026-03-13 07:28:11,880] Trial 2442 finished with value: 5.076887518448612e-06 and parameters: {'lambda_P': 1.8431322610263994, 'lambda_B': 1.9760249713725593, 'lambda_G': 0.6588498483979807, 'n_estimators': 612, 'max_depth': 3, 'learning_rate': 0.0011778789052463306, 'subsample': 0.7069087811409241, 'colsample_bytree': 0.44394262459917677, 'colsample_bylevel': 0.8672084943204018, 'reg_alpha': 7.2099067722892825, 'reg_lambda': 5.982830355442475, 'gamma': 0.029669551514687916, 'min_child_weight': 19}. Best is trial 2210 with value: 2.986319055234564e-06.

[Trial 2447/5000] Starting at 07:28:11
  Lambdas: P=1.073, B=0.789, G=0.752
  XGBoost params: n_estimators=9931, max_depth=8
  Starting cross-validation...
  Trial 2436 MSE: 0.000005 | MAPE: 0.16% | R²: -0.241403
  Trial time: 23.8s
[I 2026-03-13 07:28:14,077] Trial 2436 finished with value: 4.7896715795418e-06 and parameters: {'lambda_P': 1.7703428862577268, 'lambda_B': 1.5030319119839712, 'lambda_G': 0.6357957690174505, 'n_estimators': 6118, 'max_depth': 13, 'learning_rate': 0.048792859518434865, 'subsample': 0.8693092119176361, 'colsample_bytree': 0.5961391210847259, 'colsample_bylevel': 0.4413200284358227, 'reg_alpha': 0.8804727358273667, 'reg_lambda': 5.246620835334875, 'gamma': 0.0003746970384072529, 'min_child_weight': 18}. Best is trial 2210 with value: 2.986319055234564e-06.

[Trial 2448/5000] Starting at 07:28:14
  Lambdas: P=0.978, B=0.859, G=1.186
  XGBoost params: n_estimators=6898, max_depth=5
  Starting cross-validation...
  Trial 2426 MSE: 0.000005 | MAPE: 0.16% | R²: -0.279621
  Trial time: 49.1s
[I 2026-03-13 07:28:22,004] Trial 2426 finished with value: 4.986649173784937e-06 and parameters: {'lambda_P': 1.3893674736587087, 'lambda_B': 0.7733989115196684, 'lambda_G': 0.7380530590967225, 'n_estimators': 9925, 'max_depth': 7, 'learning_rate': 0.10604745318638065, 'subsample': 0.9830068646944912, 'colsample_bytree': 0.6618039760092096, 'colsample_bylevel': 0.5832108631780966, 'reg_alpha': 1.477682558120942, 'reg_lambda': 4.588459063977046, 'gamma': 0.00013732977218899157, 'min_child_weight': 2}. Best is trial 2210 with value: 2.986319055234564e-06.

[Trial 2449/5000] Starting at 07:28:22
  Lambdas: P=1.790, B=0.724, G=0.503
  XGBoost params: n_estimators=7207, max_depth=7
  Starting cross-validation...
  Trial 2433 MSE: 0.000004 | MAPE: 0.15% | R²: -0.104885
  Trial time: 38.3s
[I 2026-03-13 07:28:24,198] Trial 2433 finished with value: 4.143340802309513e-06 and parameters: {'lambda_P': 1.6216079537779902, 'lambda_B': 0.720581960914224, 'lambda_G': 0.6460483097827243, 'n_estimators': 8055, 'max_depth': 8, 'learning_rate': 0.01585120593010049, 'subsample': 0.9492983969233851, 'colsample_bytree': 0.6786800977454063, 'colsample_bylevel': 0.5088950885389883, 'reg_alpha': 0.7796828740913123, 'reg_lambda': 0.5362462677005164, 'gamma': 0.00010422914113226232, 'min_child_weight': 1}. Best is trial 2210 with value: 2.986319055234564e-06.

[Trial 2450/5000] Starting at 07:28:24
  Lambdas: P=0.985, B=0.990, G=1.691
  XGBoost params: n_estimators=4555, max_depth=18
  Starting cross-validation...
  Trial 2430 MSE: 0.000005 | MAPE: 0.16% | R²: -0.314049
  Trial time: 44.7s
[I 2026-03-13 07:28:24,819] Trial 2430 finished with value: 5.076887518448612e-06 and parameters: {'lambda_P': 0.7354596064117442, 'lambda_B': 1.1538777514051173, 'lambda_G': 1.4006432775506763, 'n_estimators': 8728, 'max_depth': 6, 'learning_rate': 0.0012532347354154367, 'subsample': 0.9437242356325359, 'colsample_bytree': 0.9969441812059425, 'colsample_bylevel': 0.3075410308754128, 'reg_alpha': 7.802033821606633, 'reg_lambda': 2.29104318532954, 'gamma': 0.0011193019859025938, 'min_child_weight': 9}. Best is trial 2210 with value: 2.986319055234564e-06.

[Trial 2451/5000] Starting at 07:28:24
  Lambdas: P=0.910, B=1.571, G=1.915
  XGBoost params: n_estimators=5876, max_depth=5
  Starting cross-validation...
  Trial 2432 MSE: 0.000003 | MAPE: 0.14% | R²: 0.036568
  Trial time: 43.5s
[I 2026-03-13 07:28:25,681] Trial 2432 finished with value: 3.3345171853569642e-06 and parameters: {'lambda_P': 1.9492695302578578, 'lambda_B': 1.032507819860279, 'lambda_G': 0.7016279731503824, 'n_estimators': 8975, 'max_depth': 6, 'learning_rate': 0.001360621548115891, 'subsample': 0.7553463519882656, 'colsample_bytree': 0.4128399218879707, 'colsample_bylevel': 0.609001104265531, 'reg_alpha': 0.13859346971065883, 'reg_lambda': 4.034413538509226, 'gamma': 0.00010925882746885304, 'min_child_weight': 20}. Best is trial 2210 with value: 2.986319055234564e-06.

[Trial 2452/5000] Starting at 07:28:25
  Lambdas: P=1.519, B=1.493, G=1.032
  XGBoost params: n_estimators=1293, max_depth=17
  Starting cross-validation...
  Trial 2431 MSE: 0.000004 | MAPE: 0.14% | R²: -0.026570
  Trial time: 46.4s
[I 2026-03-13 07:28:27,419] Trial 2431 finished with value: 3.647116553322978e-06 and parameters: {'lambda_P': 1.2688300427650123, 'lambda_B': 0.6625384356632215, 'lambda_G': 1.6728735609515577, 'n_estimators': 9490, 'max_depth': 17, 'learning_rate': 0.004867788934131322, 'subsample': 0.5328073982698641, 'colsample_bytree': 0.33414984057039154, 'colsample_bylevel': 0.6440697917406577, 'reg_alpha': 0.22550299101039142, 'reg_lambda': 3.6100121746318887, 'gamma': 0.00010749242368555403, 'min_child_weight': 8}. Best is trial 2210 with value: 2.986319055234564e-06.

[Trial 2453/5000] Starting at 07:28:27
  Lambdas: P=1.168, B=1.983, G=1.422
  XGBoost params: n_estimators=5824, max_depth=18
  Starting cross-validation...
  Trial 2438 MSE: 0.000004 | MAPE: 0.15% | R²: -0.109457
  Trial time: 30.7s
