[I 2026-03-13 06:52:04,235] Trial 1358 finished with value: 5.076887518448612e-06 and parameters: {'lambda_P': 1.3329085053776493, 'lambda_B': 1.4961292997870161, 'lambda_G': 0.7609009234206193, 'n_estimators': 7520, 'max_depth': 16, 'learning_rate': 0.002141578817725381, 'subsample': 0.9725970560106457, 'colsample_bytree': 0.3558365200166122, 'colsample_bylevel': 0.5217540341050249, 'reg_alpha': 2.1695799137936924, 'reg_lambda': 3.898383827270063, 'gamma': 0.0002055812804126768, 'min_child_weight': 18}. Best is trial 1267 with value: 3.067840594549508e-06.

[Trial 1374/5000] Starting at 06:52:04
  Lambdas: P=1.170, B=0.640, G=0.736
  XGBoost params: n_estimators=8780, max_depth=8
  Starting cross-validation...
  Trial 1371 MSE: 0.000005 | MAPE: 0.16% | R²: -0.314049
  Trial time: 8.3s
[I 2026-03-13 06:52:05,467] Trial 1371 finished with value: 5.076887518448612e-06 and parameters: {'lambda_P': 1.170159485259315, 'lambda_B': 1.9070471882288111, 'lambda_G': 1.0383313620583798, 'n_estimators': 1967, 'max_depth': 4, 'learning_rate': 0.0026507653722720632, 'subsample': 0.9278022658926268, 'colsample_bytree': 0.5018682724684473, 'colsample_bylevel': 0.3078204972751178, 'reg_alpha': 1.2906223594730881, 'reg_lambda': 3.288724109860797, 'gamma': 0.0016296567787602804, 'min_child_weight': 3}. Best is trial 1267 with value: 3.067840594549508e-06.

[Trial 1375/5000] Starting at 06:52:05
  Trial 1363 MSE: 0.000004 | MAPE: 0.15% | R²: -0.068504
  Trial time: 30.7s
[I 2026-03-13 06:52:05,665] Trial 1363 finished with value: 3.7972740911770203e-06 and parameters: {'lambda_P': 1.521999195896561, 'lambda_B': 1.012559082437473, 'lambda_G': 0.6596652105402387, 'n_estimators': 6943, 'max_depth': 8, 'learning_rate': 0.01888853058245359, 'subsample': 0.897492385875886, 'colsample_bytree': 0.38376254829717826, 'colsample_bylevel': 0.543109367811506, 'reg_alpha': 0.36725200299102717, 'reg_lambda': 5.133211055179989, 'gamma': 0.00024422181879420917, 'min_child_weight': 1}. Best is trial 1267 with value: 3.067840594549508e-06.

[Trial 1376/5000] Starting at 06:52:05
  Lambdas: P=1.591, B=0.616, G=0.517
  Lambdas: P=1.690, B=0.745, G=0.621
  XGBoost params: n_estimators=9053, max_depth=8
  Starting cross-validation...
  XGBoost params: n_estimators=5420, max_depth=17
  Starting cross-validation...
  Trial 1357 MSE: 0.000005 | MAPE: 0.16% | R²: -0.314049
  Trial time: 40.2s
[I 2026-03-13 06:52:07,246] Trial 1357 finished with value: 5.076887518448612e-06 and parameters: {'lambda_P': 1.282061834819298, 'lambda_B': 1.2188340176624504, 'lambda_G': 0.8345214038015548, 'n_estimators': 7928, 'max_depth': 18, 'learning_rate': 0.020280451983082513, 'subsample': 0.9842653639107205, 'colsample_bytree': 0.4075768638115835, 'colsample_bylevel': 0.6755403120240591, 'reg_alpha': 3.3294895315862156, 'reg_lambda': 3.0268946401121735, 'gamma': 0.00011820037919572751, 'min_child_weight': 14}. Best is trial 1267 with value: 3.067840594549508e-06.

[Trial 1377/5000] Starting at 06:52:07
  Lambdas: P=1.394, B=1.041, G=1.166
  XGBoost params: n_estimators=5467, max_depth=10
  Starting cross-validation...
  Trial 1366 MSE: 0.000004 | MAPE: 0.15% | R²: -0.110569
  Trial time: 30.0s
[I 2026-03-13 06:52:10,884] Trial 1366 finished with value: 4.169507121567746e-06 and parameters: {'lambda_P': 1.4296716551746482, 'lambda_B': 0.9427721308881015, 'lambda_G': 0.9130936721065877, 'n_estimators': 6902, 'max_depth': 9, 'learning_rate': 0.003939266239430424, 'subsample': 0.8460394672251946, 'colsample_bytree': 0.49487268667115064, 'colsample_bylevel': 0.5558611307072115, 'reg_alpha': 0.6755425213042919, 'reg_lambda': 2.89879186171055, 'gamma': 0.00012393345262609107, 'min_child_weight': 1}. Best is trial 1267 with value: 3.067840594549508e-06.

[Trial 1378/5000] Starting at 06:52:10
  Trial 1362 MSE: 0.000005 | MAPE: 0.16% | R²: -0.189083
  Trial time: 36.5s
[I 2026-03-13 06:52:11,109] Trial 1362 finished with value: 4.525212802529443e-06 and parameters: {'lambda_P': 1.5030902800678125, 'lambda_B': 0.5007856742818007, 'lambda_G': 1.0280406131900492, 'n_estimators': 7458, 'max_depth': 9, 'learning_rate': 0.005527737700564462, 'subsample': 0.7934235276322021, 'colsample_bytree': 0.42817711374169937, 'colsample_bylevel': 0.5257183972599615, 'reg_alpha': 0.6741395399260751, 'reg_lambda': 6.250579180697013, 'gamma': 0.00031306805846103295, 'min_child_weight': 4}. Best is trial 1267 with value: 3.067840594549508e-06.

[Trial 1379/5000] Starting at 06:52:11
  Lambdas: P=1.140, B=1.787, G=0.617
  Lambdas: P=1.144, B=1.962, G=0.809  XGBoost params: n_estimators=3690, max_depth=7

  Starting cross-validation...
  XGBoost params: n_estimators=3713, max_depth=11
  Starting cross-validation...
  Trial 1359 MSE: 0.000004 | MAPE: 0.15% | R²: -0.139044
  Trial time: 48.1s
[I 2026-03-13 06:52:16,407] Trial 1359 finished with value: 4.285172892130329e-06 and parameters: {'lambda_P': 0.9949680750539125, 'lambda_B': 1.382993468711874, 'lambda_G': 0.7374721355156838, 'n_estimators': 9523, 'max_depth': 16, 'learning_rate': 0.0020038708767320546, 'subsample': 0.8554554220062448, 'colsample_bytree': 0.4388586178287612, 'colsample_bylevel': 0.5735079650071063, 'reg_alpha': 0.6710988221610926, 'reg_lambda': 2.0602613802344343, 'gamma': 0.0001986217759473645, 'min_child_weight': 13}. Best is trial 1267 with value: 3.067840594549508e-06.

[Trial 1380/5000] Starting at 06:52:16
  Lambdas: P=1.852, B=1.381, G=1.070
  XGBoost params: n_estimators=4557, max_depth=12
  Starting cross-validation...
  Trial 1372 MSE: 0.000005 | MAPE: 0.16% | R²: -0.314049
  Trial time: 16.1s
[I 2026-03-13 06:52:17,687] Trial 1372 finished with value: 5.076887518448612e-06 and parameters: {'lambda_P': 1.3204810786895975, 'lambda_B': 1.266025926612897, 'lambda_G': 0.8669983649339745, 'n_estimators': 3541, 'max_depth': 14, 'learning_rate': 0.008333308544019462, 'subsample': 0.9394803940648462, 'colsample_bytree': 0.5915552257089772, 'colsample_bylevel': 0.499830772414694, 'reg_alpha': 1.8513554924988713, 'reg_lambda': 1.0728390455712178, 'gamma': 0.00014707493537118534, 'min_child_weight': 1}. Best is trial 1267 with value: 3.067840594549508e-06.

[Trial 1381/5000] Starting at 06:52:17
  Lambdas: P=1.271, B=1.830, G=0.821
  XGBoost params: n_estimators=1830, max_depth=11
  Starting cross-validation...
  Trial 1365 MSE: 0.000005 | MAPE: 0.16% | R²: -0.314049
  Trial time: 39.5s
[I 2026-03-13 06:52:19,335] Trial 1365 finished with value: 5.076887518448612e-06 and parameters: {'lambda_P': 1.281621422747047, 'lambda_B': 0.6170467972899616, 'lambda_G': 0.9132894967072926, 'n_estimators': 7301, 'max_depth': 12, 'learning_rate': 0.008676286092902682, 'subsample': 0.712418308064586, 'colsample_bytree': 0.481272043223394, 'colsample_bylevel': 0.5376204105432014, 'reg_alpha': 1.491068623958428, 'reg_lambda': 3.8444564184259287, 'gamma': 0.0002469289862519362, 'min_child_weight': 3}. Best is trial 1267 with value: 3.067840594549508e-06.

[Trial 1382/5000] Starting at 06:52:19
  Lambdas: P=1.101, B=1.672, G=0.828
  XGBoost params: n_estimators=9699, max_depth=19
  Starting cross-validation...
  Trial 1364 MSE: 0.000004 | MAPE: 0.14% | R²: -0.035614
  Trial time: 44.6s
[I 2026-03-13 06:52:20,817] Trial 1364 finished with value: 3.6560877850340965e-06 and parameters: {'lambda_P': 1.321551584014882, 'lambda_B': 1.5892909796423489, 'lambda_G': 0.6128707369245388, 'n_estimators': 8883, 'max_depth': 19, 'learning_rate': 0.005362751255134726, 'subsample': 0.9828838698507381, 'colsample_bytree': 0.3243746779378843, 'colsample_bylevel': 0.7239754904188813, 'reg_alpha': 0.22967504410138992, 'reg_lambda': 3.740402138496584, 'gamma': 0.00033863017562938357, 'min_child_weight': 13}. Best is trial 1267 with value: 3.067840594549508e-06.

[Trial 1383/5000] Starting at 06:52:20
  Lambdas: P=1.774, B=1.550, G=1.005
  XGBoost params: n_estimators=3327, max_depth=13
  Starting cross-validation...
  Trial 1361 MSE: 0.000004 | MAPE: 0.15% | R²: -0.117839
  Trial time: 52.5s
[I 2026-03-13 06:52:23,935] Trial 1361 finished with value: 4.214045687716885e-06 and parameters: {'lambda_P': 1.375680334884978, 'lambda_B': 0.507159888861556, 'lambda_G': 0.6319432721381382, 'n_estimators': 9619, 'max_depth': 12, 'learning_rate': 0.002201514258803835, 'subsample': 0.8895165771795183, 'colsample_bytree': 0.3832488109855469, 'colsample_bylevel': 0.5922233428727639, 'reg_alpha': 0.738066044368859, 'reg_lambda': 2.95075561500804, 'gamma': 0.0001269559022717751, 'min_child_weight': 2}. Best is trial 1267 with value: 3.067840594549508e-06.

[Trial 1384/5000] Starting at 06:52:24
  Lambdas: P=1.585, B=1.051, G=0.886
  XGBoost params: n_estimators=7004, max_depth=8
  Starting cross-validation...
  Trial 1367 MSE: 0.000005 | MAPE: 0.16% | R²: -0.199506
  Trial time: 42.9s
[I 2026-03-13 06:52:26,717] Trial 1367 finished with value: 4.588123524953041e-06 and parameters: {'lambda_P': 1.4075908922826077, 'lambda_B': 0.9135165372084268, 'lambda_G': 0.6473854642934713, 'n_estimators': 8550, 'max_depth': 8, 'learning_rate': 0.008211515463780197, 'subsample': 0.733416505580929, 'colsample_bytree': 0.449866128602194, 'colsample_bylevel': 0.5670027928239446, 'reg_alpha': 0.7159240314795168, 'reg_lambda': 3.764891732253091, 'gamma': 0.0002319324406041617, 'min_child_weight': 1}. Best is trial 1267 with value: 3.067840594549508e-06.

[Trial 1385/5000] Starting at 06:52:26
  Lambdas: P=1.316, B=1.633, G=0.806
  XGBoost params: n_estimators=1033, max_depth=11
  Starting cross-validation...
  Trial 1380 MSE: 0.000004 | MAPE: 0.15% | R²: -0.141898
  Trial time: 9.5s
[I 2026-03-13 06:52:27,406] Trial 1380 finished with value: 4.302778224384262e-06 and parameters: {'lambda_P': 1.2708624158959394, 'lambda_B': 1.8304471864548477, 'lambda_G': 0.820500653040571, 'n_estimators': 1830, 'max_depth': 11, 'learning_rate': 0.0045584446929577745, 'subsample': 0.9662777627631851, 'colsample_bytree': 0.511049479082007, 'colsample_bylevel': 0.4991437574367662, 'reg_alpha': 0.735758617162087, 'reg_lambda': 2.186855277683926, 'gamma': 0.00023787168821880127, 'min_child_weight': 4}. Best is trial 1267 with value: 3.067840594549508e-06.

[Trial 1386/5000] Starting at 06:52:27
  Lambdas: P=0.586, B=1.494, G=0.661
  XGBoost params: n_estimators=1462, max_depth=3
  Starting cross-validation...
  Trial 1377 MSE: 0.000004 | MAPE: 0.15% | R²: -0.112607
  Trial time: 18.2s
[I 2026-03-13 06:52:29,324] Trial 1377 finished with value: 4.0787500759529604e-06 and parameters: {'lambda_P': 1.1402753867863666, 'lambda_B': 1.7873736206804, 'lambda_G': 0.61650683301717, 'n_estimators': 3690, 'max_depth': 7, 'learning_rate': 0.002947233755445442, 'subsample': 0.9392854624045475, 'colsample_bytree': 0.55953764169765, 'colsample_bylevel': 0.4693265342411066, 'reg_alpha': 0.3890894717308574, 'reg_lambda': 1.8047099994823996, 'gamma': 0.00042742886822879863, 'min_child_weight': 4}. Best is trial 1267 with value: 3.067840594549508e-06.

[Trial 1387/5000] Starting at 06:52:29
  Lambdas: P=1.453, B=1.916, G=0.954
  XGBoost params: n_estimators=4367, max_depth=11
  Starting cross-validation...
  Trial 1378 MSE: 0.000004 | MAPE: 0.15% | R²: -0.139103
  Trial time: 18.7s
[I 2026-03-13 06:52:30,033] Trial 1378 finished with value: 4.190017370262886e-06 and parameters: {'lambda_P': 1.1438661799698355, 'lambda_B': 1.9624328863648803, 'lambda_G': 0.8090473108881505, 'n_estimators': 3713, 'max_depth': 11, 'learning_rate': 0.0033343785280340148, 'subsample': 0.9933940216780616, 'colsample_bytree': 0.4846068165141344, 'colsample_bylevel': 0.5913403794648385, 'reg_alpha': 0.0828659089299558, 'reg_lambda': 0.9979302080261212, 'gamma': 0.0012608796847594036, 'min_child_weight': 4}. Best is trial 1267 with value: 3.067840594549508e-06.

[Trial 1388/5000] Starting at 06:52:30
  Lambdas: P=0.658, B=1.826, G=0.662
  XGBoost params: n_estimators=1218, max_depth=15
  Starting cross-validation...
  Trial 1374 MSE: 0.000005 | MAPE: 0.16% | R²: -0.202653
  Trial time: 26.4s
[I 2026-03-13 06:52:32,039] Trial 1374 finished with value: 4.660964610853195e-06 and parameters: {'lambda_P': 1.6901645235550644, 'lambda_B': 0.7451525977563612, 'lambda_G': 0.6211523791505444, 'n_estimators': 5420, 'max_depth': 17, 'learning_rate': 0.014843710371011603, 'subsample': 0.7682641087052974, 'colsample_bytree': 0.7228151614318563, 'colsample_bylevel': 0.3051073146020202, 'reg_alpha': 0.9057380153975678, 'reg_lambda': 2.572303708506163, 'gamma': 0.00011834368739336253, 'min_child_weight': 14}. Best is trial 1267 with value: 3.067840594549508e-06.

[Trial 1389/5000] Starting at 06:52:32
  Lambdas: P=1.198, B=1.746, G=0.896
  XGBoost params: n_estimators=6623, max_depth=16
  Starting cross-validation...
  Trial 1384 MSE: 0.000005 | MAPE: 0.16% | R²: -0.306103
  Trial time: 6.4s
[I 2026-03-13 06:52:33,322] Trial 1384 finished with value: 5.052337044031e-06 and parameters: {'lambda_P': 1.3157573566716987, 'lambda_B': 1.633454536230105, 'lambda_G': 0.8057940956878462, 'n_estimators': 1033, 'max_depth': 11, 'learning_rate': 0.00913102865288133, 'subsample': 0.8064218096563041, 'colsample_bytree': 0.3852245736685254, 'colsample_bylevel': 0.38798229065264667, 'reg_alpha': 0.6783489865348838, 'reg_lambda': 5.777478725410143, 'gamma': 0.0013049715386415446, 'min_child_weight': 2}. Best is trial 1267 with value: 3.067840594549508e-06.

[Trial 1390/5000] Starting at 06:52:33
  Lambdas: P=1.297, B=1.141, G=0.701
  XGBoost params: n_estimators=4549, max_depth=9
  Starting cross-validation...
  Trial 1369 MSE: 0.000005 | MAPE: 0.16% | R²: -0.314049
  Trial time: 40.3s
[I 2026-03-13 06:52:35,102] Trial 1369 finished with value: 5.076887518448612e-06 and parameters: {'lambda_P': 1.6999615929049579, 'lambda_B': 1.0396309862100623, 'lambda_G': 0.5138284703503234, 'n_estimators': 7548, 'max_depth': 12, 'learning_rate': 0.0058667528997504905, 'subsample': 0.9886607581766619, 'colsample_bytree': 0.5698864444068791, 'colsample_bylevel': 0.4317449371235541, 'reg_alpha': 1.4094631731159935, 'reg_lambda': 5.610093782324675, 'gamma': 0.00046588788867060066, 'min_child_weight': 3}. Best is trial 1267 with value: 3.067840594549508e-06.

[Trial 1391/5000] Starting at 06:52:35
  Lambdas: P=1.606, B=1.802, G=1.505
  XGBoost params: n_estimators=4067, max_depth=9
  Starting cross-validation...
  Trial 1385 MSE: 0.000004 | MAPE: 0.15% | R²: -0.120435
  Trial time: 8.5s
[I 2026-03-13 06:52:36,165] Trial 1385 finished with value: 4.171060591831113e-06 and parameters: {'lambda_P': 0.5864139571672661, 'lambda_B': 1.4944951920338543, 'lambda_G': 0.6610999004251821, 'n_estimators': 1462, 'max_depth': 3, 'learning_rate': 0.004316829000249345, 'subsample': 0.7581307958296283, 'colsample_bytree': 0.609067844012954, 'colsample_bylevel': 0.41314764877251287, 'reg_alpha': 0.5296087157813749, 'reg_lambda': 9.227166193915327, 'gamma': 0.00016264716290786396, 'min_child_weight': 3}. Best is trial 1267 with value: 3.067840594549508e-06.

[Trial 1392/5000] Starting at 06:52:36
  Lambdas: P=1.421, B=1.900, G=0.862
  XGBoost params: n_estimators=4218, max_depth=10
  Starting cross-validation...
  Trial 1382 MSE: 0.000005 | MAPE: 0.16% | R²: -0.205070
  Trial time: 16.2s
[I 2026-03-13 06:52:37,185] Trial 1382 finished with value: 4.566776434690473e-06 and parameters: {'lambda_P': 1.7738393712803817, 'lambda_B': 1.5498718312415165, 'lambda_G': 1.00459770608643, 'n_estimators': 3327, 'max_depth': 13, 'learning_rate': 0.004451765821376717, 'subsample': 0.7601908006970677, 'colsample_bytree': 0.7753011692233589, 'colsample_bylevel': 0.3549666568708601, 'reg_alpha': 0.4151115134199702, 'reg_lambda': 3.3124925150688096, 'gamma': 0.0007867068619958001, 'min_child_weight': 4}. Best is trial 1267 with value: 3.067840594549508e-06.

[Trial 1393/5000] Starting at 06:52:37
  Trial 1387 MSE: 0.000004 | MAPE: 0.15% | R²: -0.147791
  Trial time: 7.2s
[I 2026-03-13 06:52:37,431] Trial 1387 finished with value: 4.257366772227181e-06 and parameters: {'lambda_P': 0.6584726997833104, 'lambda_B': 1.8258632003267596, 'lambda_G': 0.6619067297231065, 'n_estimators': 1218, 'max_depth': 15, 'learning_rate': 0.004752371841088574, 'subsample': 0.4414143303165306, 'colsample_bytree': 0.8062068253077543, 'colsample_bylevel': 0.5369348699476235, 'reg_alpha': 0.2483372182839672, 'reg_lambda': 7.218623209390455, 'gamma': 0.0002387509713159579, 'min_child_weight': 17}. Best is trial 1267 with value: 3.067840594549508e-06.

[Trial 1394/5000] Starting at 06:52:37
  Lambdas: P=0.869, B=1.608, G=1.062
  XGBoost params: n_estimators=310, max_depth=6
  Starting cross-validation...
  Lambdas: P=1.387, B=1.798, G=1.483
  XGBoost params: n_estimators=3007, max_depth=7
  Starting cross-validation...
  Trial 1376 MSE: 0.000003 | MAPE: 0.14% | R²: 0.014194
  Trial time: 31.5s
[I 2026-03-13 06:52:38,913] Trial 1376 finished with value: 3.4193279713335526e-06 and parameters: {'lambda_P': 1.3938113890466388, 'lambda_B': 1.0407210003973468, 'lambda_G': 1.165672528091904, 'n_estimators': 5467, 'max_depth': 10, 'learning_rate': 0.002307846914306213, 'subsample': 0.9027094535631108, 'colsample_bytree': 0.5979140033420313, 'colsample_bylevel': 0.6043455840325874, 'reg_alpha': 0.02073341676593746, 'reg_lambda': 0.8680552858620826, 'gamma': 0.00024501154208080375, 'min_child_weight': 4}. Best is trial 1267 with value: 3.067840594549508e-06.

[Trial 1395/5000] Starting at 06:52:39
  Lambdas: P=1.207, B=1.874, G=1.105
  XGBoost params: n_estimators=8758, max_depth=17
  Starting cross-validation...
  Trial 1392 MSE: 0.000005 | MAPE: 0.16% | R²: -0.314049
  Trial time: 2.2s
[I 2026-03-13 06:52:39,585] Trial 1392 finished with value: 5.076887518448612e-06 and parameters: {'lambda_P': 0.8692497747542662, 'lambda_B': 1.6081255870325277, 'lambda_G': 1.061613153600865, 'n_estimators': 310, 'max_depth': 6, 'learning_rate': 0.0016699643364372473, 'subsample': 0.5800055540244612, 'colsample_bytree': 0.7788164862198168, 'colsample_bylevel': 0.5463887707519511, 'reg_alpha': 2.6666240707592115, 'reg_lambda': 7.29120585640116, 'gamma': 0.0014470618461550299, 'min_child_weight': 8}. Best is trial 1267 with value: 3.067840594549508e-06.

[Trial 1396/5000] Starting at 06:52:39
  Lambdas: P=0.548, B=1.726, G=0.771
  XGBoost params: n_estimators=3332, max_depth=17
  Starting cross-validation...
  Trial 1370 MSE: 0.000005 | MAPE: 0.16% | R²: -0.314049
  Trial time: 46.5s
[I 2026-03-13 06:52:42,029] Trial 1370 finished with value: 5.076887518448612e-06 and parameters: {'lambda_P': 1.3073987744560316, 'lambda_B': 1.6344286045047411, 'lambda_G': 0.7595451400417382, 'n_estimators': 8884, 'max_depth': 13, 'learning_rate': 0.011294031859973087, 'subsample': 0.9334454370831775, 'colsample_bytree': 0.42643020992498, 'colsample_bylevel': 0.7397416147074458, 'reg_alpha': 2.3708105534375568, 'reg_lambda': 5.344484047568661, 'gamma': 0.0001773165350752424, 'min_child_weight': 13}. Best is trial 1267 with value: 3.067840594549508e-06.

[Trial 1397/5000] Starting at 06:52:42
  Trial 1379 MSE: 0.000005 | MAPE: 0.16% | R²: -0.314049
  Trial time: 25.8s
[I 2026-03-13 06:52:42,378] Trial 1379 finished with value: 5.076887518448612e-06 and parameters: {'lambda_P': 1.8521027430249646, 'lambda_B': 1.3805939221548282, 'lambda_G': 1.0696877781766114, 'n_estimators': 4557, 'max_depth': 12, 'learning_rate': 0.01800719124238319, 'subsample': 0.8519953799015831, 'colsample_bytree': 0.5514493578934037, 'colsample_bylevel': 0.40073849926505545, 'reg_alpha': 1.371586148354722, 'reg_lambda': 3.220710146014352, 'gamma': 0.000490720234151106, 'min_child_weight': 4}. Best is trial 1267 with value: 3.067840594549508e-06.

[Trial 1398/5000] Starting at 06:52:42
  Lambdas: P=0.763, B=1.853, G=0.627
  XGBoost params: n_estimators=5350, max_depth=12
  Starting cross-validation...
  Lambdas: P=1.907, B=1.555, G=0.876
  XGBoost params: n_estimators=3494, max_depth=7
  Starting cross-validation...
  Trial 1386 MSE: 0.000004 | MAPE: 0.15% | R²: -0.162359
  Trial time: 20.1s
[I 2026-03-13 06:52:49,617] Trial 1386 finished with value: 4.383953430964016e-06 and parameters: {'lambda_P': 1.4530041249991577, 'lambda_B': 1.9158884758474228, 'lambda_G': 0.9543998250262861, 'n_estimators': 4367, 'max_depth': 11, 'learning_rate': 0.01580567640811506, 'subsample': 0.9320231294813028, 'colsample_bytree': 0.597462026818046, 'colsample_bylevel': 0.3297021257326297, 'reg_alpha': 0.4544008147166799, 'reg_lambda': 2.960132200166098, 'gamma': 0.0007880723645469637, 'min_child_weight': 4}. Best is trial 1267 with value: 3.067840594549508e-06.

[Trial 1399/5000] Starting at 06:52:49
  Lambdas: P=1.350, B=1.851, G=0.857
  XGBoost params: n_estimators=5382, max_depth=20
  Starting cross-validation...
  Trial 1375 MSE: 0.000005 | MAPE: 0.16% | R²: -0.314049
  Trial time: 46.1s
[I 2026-03-13 06:52:52,027] Trial 1375 finished with value: 5.076887518448612e-06 and parameters: {'lambda_P': 1.5911785496740924, 'lambda_B': 0.6158467568357983, 'lambda_G': 0.5168529834263479, 'n_estimators': 9053, 'max_depth': 8, 'learning_rate': 0.03652220296707478, 'subsample': 0.634874774638175, 'colsample_bytree': 0.36219951234234815, 'colsample_bylevel': 0.4993983717275112, 'reg_alpha': 1.5153771961378417, 'reg_lambda': 4.475915994955932, 'gamma': 0.003668084203885205, 'min_child_weight': 5}. Best is trial 1267 with value: 3.067840594549508e-06.

[Trial 1400/5000] Starting at 06:52:52
  Trial 1373 MSE: 0.000005 | MAPE: 0.16% | R²: -0.314049
  Trial time: 47.8s
