[I 2026-03-13 06:40:46,571] Trial 954 finished with value: 4.975254809129841e-06 and parameters: {'lambda_P': 1.4561288918193247, 'lambda_B': 1.1149384203849642, 'lambda_G': 1.2177502392517725, 'n_estimators': 6520, 'max_depth': 20, 'learning_rate': 0.0010304833615397916, 'subsample': 0.8847119730602633, 'colsample_bytree': 0.4875069200263119, 'colsample_bylevel': 0.34210940594769457, 'reg_alpha': 1.0467920292547905, 'reg_lambda': 4.860046387734732, 'gamma': 0.0004171100239400915, 'min_child_weight': 4}. Best is trial 660 with value: 3.2379913054860083e-06.

[Trial 972/5000] Starting at 06:40:46
  Lambdas: P=1.992, B=0.919, G=1.561
  XGBoost params: n_estimators=6572, max_depth=19
  Starting cross-validation...
  Trial 960 MSE: 0.000005 | MAPE: 0.16% | R²: -0.314049
  Trial time: 26.0s
[I 2026-03-13 06:40:49,827] Trial 960 finished with value: 5.076887518448612e-06 and parameters: {'lambda_P': 1.7629629155190463, 'lambda_B': 1.1426592074343156, 'lambda_G': 1.767045413884304, 'n_estimators': 5724, 'max_depth': 17, 'learning_rate': 0.014164091730447451, 'subsample': 0.7090086930516689, 'colsample_bytree': 0.44943479383913176, 'colsample_bylevel': 0.39438481871322717, 'reg_alpha': 1.6288140882664321, 'reg_lambda': 5.972146441694804, 'gamma': 0.00020908648812458235, 'min_child_weight': 5}. Best is trial 660 with value: 3.2379913054860083e-06.

[Trial 973/5000] Starting at 06:40:49
  Lambdas: P=1.642, B=0.930, G=1.710
  XGBoost params: n_estimators=9394, max_depth=15
  Starting cross-validation...
  Trial 959 MSE: 0.000005 | MAPE: 0.16% | R²: -0.314049
  Trial time: 32.9s
[I 2026-03-13 06:40:53,586] Trial 959 finished with value: 5.076887518448612e-06 and parameters: {'lambda_P': 1.725065498027007, 'lambda_B': 1.075388564113001, 'lambda_G': 1.8760835263144866, 'n_estimators': 8426, 'max_depth': 18, 'learning_rate': 0.009807464499815023, 'subsample': 0.5990100107140517, 'colsample_bytree': 0.46201044364081667, 'colsample_bylevel': 0.3713495105996907, 'reg_alpha': 3.14008258792856, 'reg_lambda': 4.614335227355327, 'gamma': 0.00044776609859552947, 'min_child_weight': 7}. Best is trial 660 with value: 3.2379913054860083e-06.

[Trial 974/5000] Starting at 06:40:53
  Lambdas: P=1.875, B=1.056, G=1.372
  XGBoost params: n_estimators=8628, max_depth=15
  Starting cross-validation...
  Trial 956 MSE: 0.000004 | MAPE: 0.15% | R²: -0.155112
  Trial time: 38.4s
[I 2026-03-13 06:40:55,545] Trial 956 finished with value: 4.30794128988667e-06 and parameters: {'lambda_P': 1.6495774214368533, 'lambda_B': 1.0178813156071387, 'lambda_G': 1.8000223169181724, 'n_estimators': 7895, 'max_depth': 16, 'learning_rate': 0.015244822888938615, 'subsample': 0.5601326197960363, 'colsample_bytree': 0.44706032068120993, 'colsample_bylevel': 0.33852930558585936, 'reg_alpha': 0.38364958964102513, 'reg_lambda': 5.791937917939246, 'gamma': 0.0002506725456411697, 'min_child_weight': 8}. Best is trial 660 with value: 3.2379913054860083e-06.

[Trial 975/5000] Starting at 06:40:55
  Lambdas: P=0.953, B=1.842, G=1.008
  XGBoost params: n_estimators=3715, max_depth=18
  Starting cross-validation...
  Trial 961 MSE: 0.000005 | MAPE: 0.16% | R²: -0.314049
  Trial time: 31.7s
[I 2026-03-13 06:40:58,460] Trial 961 finished with value: 5.076887518448612e-06 and parameters: {'lambda_P': 1.631315051141565, 'lambda_B': 1.592556762087623, 'lambda_G': 1.6445793742581913, 'n_estimators': 6718, 'max_depth': 16, 'learning_rate': 0.001974023546490986, 'subsample': 0.5247335969794746, 'colsample_bytree': 0.5039782675983945, 'colsample_bylevel': 0.4304525433406616, 'reg_alpha': 3.4724902574780008, 'reg_lambda': 8.390214899398128, 'gamma': 0.00019410405046930672, 'min_child_weight': 2}. Best is trial 660 with value: 3.2379913054860083e-06.
  Trial 967 MSE: 0.000005 | MAPE: 0.16% | R²: -0.248005
[Trial 976/5000] Starting at 06:40:58

  Trial time: 24.1s
[I 2026-03-13 06:40:58,644] Trial 967 finished with value: 4.8824930017423055e-06 and parameters: {'lambda_P': 1.9322336730267766, 'lambda_B': 1.4750214405245432, 'lambda_G': 1.6156650149305583, 'n_estimators': 5156, 'max_depth': 20, 'learning_rate': 0.009875455099343263, 'subsample': 0.5874935294728567, 'colsample_bytree': 0.35067682748365153, 'colsample_bylevel': 0.3683240467093942, 'reg_alpha': 0.7078503058768459, 'reg_lambda': 8.893588659209776, 'gamma': 0.00020511834883932205, 'min_child_weight': 2}. Best is trial 660 with value: 3.2379913054860083e-06.

[Trial 977/5000] Starting at 06:40:58
  Lambdas: P=0.623, B=1.075, G=1.242
  Lambdas: P=1.081, B=1.378, G=0.806
  XGBoost params: n_estimators=843, max_depth=3
  Starting cross-validation...
  XGBoost params: n_estimators=8078, max_depth=20
  Starting cross-validation...
  Trial 975 MSE: 0.000005 | MAPE: 0.16% | R²: -0.275924
  Trial time: 4.0s
[I 2026-03-13 06:41:02,717] Trial 975 finished with value: 4.955704474698174e-06 and parameters: {'lambda_P': 0.6233899170032232, 'lambda_B': 1.0751420503856963, 'lambda_G': 1.2420057499138586, 'n_estimators': 843, 'max_depth': 3, 'learning_rate': 0.001746674392558753, 'subsample': 0.7624063164434888, 'colsample_bytree': 0.7724552207346241, 'colsample_bylevel': 0.6005284025708519, 'reg_alpha': 0.4999384180799654, 'reg_lambda': 6.979311914855945, 'gamma': 0.0011481035102809207, 'min_child_weight': 16}. Best is trial 660 with value: 3.2379913054860083e-06.

[Trial 978/5000] Starting at 06:41:02
  Lambdas: P=0.850, B=1.260, G=0.656
  XGBoost params: n_estimators=1760, max_depth=5
  Starting cross-validation...
  Trial 963 MSE: 0.000005 | MAPE: 0.16% | R²: -0.314049
  Trial time: 36.2s
[I 2026-03-13 06:41:04,665] Trial 963 finished with value: 5.076887518448612e-06 and parameters: {'lambda_P': 1.8024185254141067, 'lambda_B': 1.0484552066034576, 'lambda_G': 1.457718187158057, 'n_estimators': 7766, 'max_depth': 14, 'learning_rate': 0.006770449643098015, 'subsample': 0.6998499867683678, 'colsample_bytree': 0.3310130460798739, 'colsample_bylevel': 0.4370779673257382, 'reg_alpha': 2.342304739628318, 'reg_lambda': 6.693829084534785, 'gamma': 0.00021100624163632894, 'min_child_weight': 4}. Best is trial 660 with value: 3.2379913054860083e-06.

[Trial 979/5000] Starting at 06:41:04
  Lambdas: P=0.611, B=1.249, G=1.184
  XGBoost params: n_estimators=1562, max_depth=3
  Starting cross-validation...
  Trial 955 MSE: 0.000005 | MAPE: 0.16% | R²: -0.314049
  Trial time: 49.4s
[I 2026-03-13 06:41:06,008] Trial 955 finished with value: 5.076887518448612e-06 and parameters: {'lambda_P': 1.7414355059807944, 'lambda_B': 1.018765706706608, 'lambda_G': 1.6405921656964855, 'n_estimators': 9520, 'max_depth': 13, 'learning_rate': 0.008612158053636082, 'subsample': 0.522618863634868, 'colsample_bytree': 0.41144066883422625, 'colsample_bylevel': 0.3960096840846106, 'reg_alpha': 2.535274694614968, 'reg_lambda': 5.995618767209368, 'gamma': 0.00040664017497704435, 'min_child_weight': 2}. Best is trial 660 with value: 3.2379913054860083e-06.

[Trial 980/5000] Starting at 06:41:06
  Trial 968 MSE: 0.000004 | MAPE: 0.14% | R²: -0.004988
  Trial time: 27.3s
[I 2026-03-13 06:41:06,406] Trial 968 finished with value: 3.5535927799196215e-06 and parameters: {'lambda_P': 1.6768450071649577, 'lambda_B': 1.48626343238405, 'lambda_G': 1.8602707075641105, 'n_estimators': 5748, 'max_depth': 15, 'learning_rate': 0.003518759328754013, 'subsample': 0.3823102140635183, 'colsample_bytree': 0.5219972508229942, 'colsample_bylevel': 0.5378778321197266, 'reg_alpha': 0.11437639403913259, 'reg_lambda': 7.8286082975293745, 'gamma': 0.00010378158232505435, 'min_child_weight': 3}. Best is trial 660 with value: 3.2379913054860083e-06.
  Lambdas: P=0.979, B=1.517, G=0.550

[Trial 981/5000] Starting at 06:41:06
  XGBoost params: n_estimators=5524, max_depth=20
  Starting cross-validation...
  Lambdas: P=1.410, B=1.647, G=1.829
  XGBoost params: n_estimators=5065, max_depth=12
  Starting cross-validation...
  Trial 970 MSE: 0.000005 | MAPE: 0.16% | R²: -0.314049
  Trial time: 26.1s
[I 2026-03-13 06:41:10,125] Trial 970 finished with value: 5.076887518448612e-06 and parameters: {'lambda_P': 1.618662497211538, 'lambda_B': 1.1393908926613752, 'lambda_G': 1.697233396189108, 'n_estimators': 7242, 'max_depth': 13, 'learning_rate': 0.024921146150485077, 'subsample': 0.5250515502399752, 'colsample_bytree': 0.4257065512986318, 'colsample_bylevel': 0.465598289071386, 'reg_alpha': 1.7245846617428882, 'reg_lambda': 6.724911574644862, 'gamma': 0.0005662475612589346, 'min_child_weight': 8}. Best is trial 660 with value: 3.2379913054860083e-06.

[Trial 982/5000] Starting at 06:41:10
  Lambdas: P=1.771, B=1.455, G=1.560
  Trial 962 MSE: 0.000005 | MAPE: 0.16% | R²: -0.314049
  Trial time: 42.9s
  XGBoost params: n_estimators=4118, max_depth=13
  Starting cross-validation...
[I 2026-03-13 06:41:10,614] Trial 962 finished with value: 5.076887518448612e-06 and parameters: {'lambda_P': 1.1779335120675756, 'lambda_B': 1.258069341054149, 'lambda_G': 0.5692485188719979, 'n_estimators': 8967, 'max_depth': 13, 'learning_rate': 0.005269746167029846, 'subsample': 0.7165571187086526, 'colsample_bytree': 0.6980542963495364, 'colsample_bylevel': 0.685885772132491, 'reg_alpha': 0.9855377113688634, 'reg_lambda': 9.077031477408791, 'gamma': 0.0005581235033435592, 'min_child_weight': 13}. Best is trial 660 with value: 3.2379913054860083e-06.

[Trial 983/5000] Starting at 06:41:10
  Lambdas: P=1.594, B=1.572, G=1.913
  XGBoost params: n_estimators=7443, max_depth=15
  Starting cross-validation...
  Trial 977 MSE: 0.000005 | MAPE: 0.16% | R²: -0.205067
  Trial time: 9.0s
[I 2026-03-13 06:41:11,914] Trial 977 finished with value: 4.659994804663968e-06 and parameters: {'lambda_P': 0.8498316482916326, 'lambda_B': 1.2596371945694262, 'lambda_G': 0.6560521852667746, 'n_estimators': 1760, 'max_depth': 5, 'learning_rate': 0.00983862850903964, 'subsample': 0.8972276392620042, 'colsample_bytree': 0.5379855625914276, 'colsample_bylevel': 0.4890726123259377, 'reg_alpha': 0.9949592333005453, 'reg_lambda': 8.301391479924817, 'gamma': 0.0001630249141036287, 'min_child_weight': 15}. Best is trial 660 with value: 3.2379913054860083e-06.

[Trial 984/5000] Starting at 06:41:12
  Trial 965 MSE: 0.000005 | MAPE: 0.16% | R²: -0.314049
  Trial time: 40.4s
[I 2026-03-13 06:41:12,251] Trial 965 finished with value: 5.076887518448612e-06 and parameters: {'lambda_P': 1.9003330490082846, 'lambda_B': 1.0747405307174, 'lambda_G': 1.5477884705767933, 'n_estimators': 8543, 'max_depth': 13, 'learning_rate': 0.013365760824711848, 'subsample': 0.43944419966158077, 'colsample_bytree': 0.4910474608266473, 'colsample_bylevel': 0.3089519920268587, 'reg_alpha': 1.0433060526706355, 'reg_lambda': 3.598040300892431, 'gamma': 0.0003973047038258355, 'min_child_weight': 9}. Best is trial 660 with value: 3.2379913054860083e-06.

[Trial 985/5000] Starting at 06:41:12
  Lambdas: P=1.408, B=1.298, G=1.491
  XGBoost params: n_estimators=3643, max_depth=14
  Starting cross-validation...
  Lambdas: P=1.593, B=1.598, G=1.483
  XGBoost params: n_estimators=6851, max_depth=11
  Starting cross-validation...
  Trial 978 MSE: 0.000003 | MAPE: 0.14% | R²: 0.025465
  Trial time: 8.6s
[I 2026-03-13 06:41:13,528] Trial 978 finished with value: 3.4131089761526713e-06 and parameters: {'lambda_P': 0.61130366692905, 'lambda_B': 1.2493743009081684, 'lambda_G': 1.1842204552968525, 'n_estimators': 1562, 'max_depth': 3, 'learning_rate': 0.0024601726454797895, 'subsample': 0.8902806704874222, 'colsample_bytree': 0.42050780442514263, 'colsample_bylevel': 0.33636731405516346, 'reg_alpha': 0.21607838299194398, 'reg_lambda': 8.707395997390577, 'gamma': 0.00010059034357719427, 'min_child_weight': 10}. Best is trial 660 with value: 3.2379913054860083e-06.

[Trial 986/5000] Starting at 06:41:13
  Lambdas: P=0.632, B=0.802, G=1.193
  XGBoost params: n_estimators=2000, max_depth=3
  Starting cross-validation...
  Trial 964 MSE: 0.000005 | MAPE: 0.16% | R²: -0.314049
  Trial time: 45.7s
[I 2026-03-13 06:41:14,326] Trial 964 finished with value: 5.076887518448612e-06 and parameters: {'lambda_P': 1.785421474417974, 'lambda_B': 0.8006772311823831, 'lambda_G': 1.4233357214060072, 'n_estimators': 8953, 'max_depth': 10, 'learning_rate': 0.0075711751535925105, 'subsample': 0.5030030426650727, 'colsample_bytree': 0.32425945138480633, 'colsample_bylevel': 0.3415621292226128, 'reg_alpha': 3.5054226181362065, 'reg_lambda': 5.845009960797226, 'gamma': 0.00015757106046233068, 'min_child_weight': 3}. Best is trial 660 with value: 3.2379913054860083e-06.

[Trial 987/5000] Starting at 06:41:14
  Lambdas: P=0.608, B=1.096, G=1.543
  XGBoost params: n_estimators=1528, max_depth=2
  Starting cross-validation...
  Trial 974 MSE: 0.000004 | MAPE: 0.14% | R²: -0.026561
  Trial time: 19.4s
[I 2026-03-13 06:41:15,098] Trial 974 finished with value: 3.6820647587364296e-06 and parameters: {'lambda_P': 0.9529905834046835, 'lambda_B': 1.8422974991868393, 'lambda_G': 1.0084535476925605, 'n_estimators': 3715, 'max_depth': 18, 'learning_rate': 0.12978584000773238, 'subsample': 0.8521650249387089, 'colsample_bytree': 0.8887024699827173, 'colsample_bylevel': 0.337424208490383, 'reg_alpha': 0.3155387499037381, 'reg_lambda': 5.144440674998761, 'gamma': 0.00013355430748245194, 'min_child_weight': 12}. Best is trial 660 with value: 3.2379913054860083e-06.

[Trial 988/5000] Starting at 06:41:15
  Lambdas: P=1.707, B=1.596, G=1.608
  XGBoost params: n_estimators=3570, max_depth=8
  Starting cross-validation...
  Trial 971 MSE: 0.000003 | MAPE: 0.14% | R²: -0.004530
  Trial time: 32.5s
[I 2026-03-13 06:41:19,250] Trial 971 finished with value: 3.4881211738587594e-06 and parameters: {'lambda_P': 1.9922998128438434, 'lambda_B': 0.9192663254549621, 'lambda_G': 1.5609633952570725, 'n_estimators': 6572, 'max_depth': 19, 'learning_rate': 0.005844944541895283, 'subsample': 0.48242523156204237, 'colsample_bytree': 0.4445774091421791, 'colsample_bylevel': 0.3058135472611737, 'reg_alpha': 0.1159080740073507, 'reg_lambda': 6.838184080700671, 'gamma': 0.00017383489775488165, 'min_child_weight': 9}. Best is trial 660 with value: 3.2379913054860083e-06.

[Trial 989/5000] Starting at 06:41:19
  Lambdas: P=1.466, B=1.306, G=1.762
  XGBoost params: n_estimators=6758, max_depth=9
  Starting cross-validation...
  Trial 986 MSE: 0.000004 | MAPE: 0.15% | R²: -0.078049
  Trial time: 7.6s
[I 2026-03-13 06:41:22,159] Trial 986 finished with value: 3.897069424151618e-06 and parameters: {'lambda_P': 0.60806300733526, 'lambda_B': 1.0963158004192688, 'lambda_G': 1.5429311252546096, 'n_estimators': 1528, 'max_depth': 2, 'learning_rate': 0.0017175031311350737, 'subsample': 0.9746591950267125, 'colsample_bytree': 0.3929483597348437, 'colsample_bylevel': 0.43186426573173947, 'reg_alpha': 0.3580635276836823, 'reg_lambda': 8.83990303743498, 'gamma': 0.00026914176518642017, 'min_child_weight': 11}. Best is trial 660 with value: 3.2379913054860083e-06.

[Trial 990/5000] Starting at 06:41:22
  Lambdas: P=1.795, B=0.599, G=1.675
  XGBoost params: n_estimators=9598, max_depth=18
  Starting cross-validation...
  Trial 985 MSE: 0.000005 | MAPE: 0.16% | R²: -0.307325
  Trial time: 9.8s
[I 2026-03-13 06:41:23,510] Trial 985 finished with value: 5.060214797248966e-06 and parameters: {'lambda_P': 0.6321730981544762, 'lambda_B': 0.8023089331530414, 'lambda_G': 1.1930141563559962, 'n_estimators': 2000, 'max_depth': 3, 'learning_rate': 0.0011464309165111284, 'subsample': 0.7628923410810456, 'colsample_bytree': 0.5829409541919472, 'colsample_bylevel': 0.3527088853103983, 'reg_alpha': 1.1437520952230273, 'reg_lambda': 8.685429290688624, 'gamma': 0.00023052471143696505, 'min_child_weight': 2}. Best is trial 660 with value: 3.2379913054860083e-06.

[Trial 991/5000] Starting at 06:41:23
  Lambdas: P=1.774, B=0.506, G=1.824
  XGBoost params: n_estimators=7463, max_depth=20
  Starting cross-validation...
  Trial 969 MSE: 0.000005 | MAPE: 0.16% | R²: -0.314049
  Trial time: 44.9s
[I 2026-03-13 06:41:25,118] Trial 969 finished with value: 5.076887518448612e-06 and parameters: {'lambda_P': 1.317292326279254, 'lambda_B': 1.3446863143263494, 'lambda_G': 1.615834288470143, 'n_estimators': 8954, 'max_depth': 14, 'learning_rate': 0.0039849762353304195, 'subsample': 0.4538650525385972, 'colsample_bytree': 0.45905690368025687, 'colsample_bylevel': 0.33139401509290495, 'reg_alpha': 0.9442464294176931, 'reg_lambda': 5.59058231184205, 'gamma': 0.0004266331738948621, 'min_child_weight': 1}. Best is trial 660 with value: 3.2379913054860083e-06.

[Trial 992/5000] Starting at 06:41:25
  Lambdas: P=1.905, B=0.675, G=1.463
  XGBoost params: n_estimators=5253, max_depth=20
  Starting cross-validation...
  Trial 981 MSE: 0.000005 | MAPE: 0.16% | R²: -0.223316
  Trial time: 16.5s
[I 2026-03-13 06:41:26,889] Trial 981 finished with value: 4.73756239171463e-06 and parameters: {'lambda_P': 1.7708562272703816, 'lambda_B': 1.455063755766566, 'lambda_G': 1.5595990739618162, 'n_estimators': 4118, 'max_depth': 13, 'learning_rate': 0.002003617865067309, 'subsample': 0.3647301313617609, 'colsample_bytree': 0.5926843814763617, 'colsample_bylevel': 0.6645792049722086, 'reg_alpha': 0.3986221004170801, 'reg_lambda': 5.282969588797521, 'gamma': 0.00013660758534947924, 'min_child_weight': 2}. Best is trial 660 with value: 3.2379913054860083e-06.

[Trial 993/5000] Starting at 06:41:26
  Lambdas: P=1.600, B=1.294, G=1.865
  XGBoost params: n_estimators=6376, max_depth=17
  Starting cross-validation...
  Trial 987 MSE: 0.000005 | MAPE: 0.16% | R²: -0.314049
  Trial time: 13.1s
[I 2026-03-13 06:41:28,425] Trial 987 finished with value: 5.076887518448612e-06 and parameters: {'lambda_P': 1.7065991829849938, 'lambda_B': 1.596037326083751, 'lambda_G': 1.6083556827612506, 'n_estimators': 3570, 'max_depth': 8, 'learning_rate': 0.010198857177438254, 'subsample': 0.31387003682363124, 'colsample_bytree': 0.6056164220167629, 'colsample_bylevel': 0.46767442626738776, 'reg_alpha': 1.40371734104062, 'reg_lambda': 6.2106064550498346, 'gamma': 0.00017593467830683782, 'min_child_weight': 5}. Best is trial 660 with value: 3.2379913054860083e-06.

[Trial 994/5000] Starting at 06:41:28
  Lambdas: P=1.824, B=1.266, G=1.498
  XGBoost params: n_estimators=5537, max_depth=19
  Starting cross-validation...
  Trial 983 MSE: 0.000003 | MAPE: 0.14% | R²: 0.005196
  Trial time: 18.5s
[I 2026-03-13 06:41:30,597] Trial 983 finished with value: 3.4840862347154287e-06 and parameters: {'lambda_P': 1.407519452811199, 'lambda_B': 1.2983957809870297, 'lambda_G': 1.4911672027156961, 'n_estimators': 3643, 'max_depth': 14, 'learning_rate': 0.003988788477772648, 'subsample': 0.33221025760952, 'colsample_bytree': 0.549769950002875, 'colsample_bylevel': 0.5676129389744784, 'reg_alpha': 0.06855975924664892, 'reg_lambda': 5.056443229891121, 'gamma': 0.000104091727776523, 'min_child_weight': 2}. Best is trial 660 with value: 3.2379913054860083e-06.

[Trial 995/5000] Starting at 06:41:30
  Lambdas: P=1.329, B=1.252, G=1.652
  XGBoost params: n_estimators=2682, max_depth=17
  Starting cross-validation...
  Trial 980 MSE: 0.000005 | MAPE: 0.16% | R²: -0.267546
  Trial time: 25.6s
[I 2026-03-13 06:41:32,204] Trial 980 finished with value: 4.937553994690253e-06 and parameters: {'lambda_P': 1.4099689067507999, 'lambda_B': 1.6474778555509941, 'lambda_G': 1.8293734450900265, 'n_estimators': 5065, 'max_depth': 12, 'learning_rate': 0.002864463277680746, 'subsample': 0.32165011552087963, 'colsample_bytree': 0.579990280289288, 'colsample_bylevel': 0.4612213904545608, 'reg_alpha': 0.293928523397696, 'reg_lambda': 9.743338923673594, 'gamma': 0.0003612513741740116, 'min_child_weight': 4}. Best is trial 660 with value: 3.2379913054860083e-06.

[Trial 996/5000] Starting at 06:41:32
  Trial 973 MSE: 0.000005 | MAPE: 0.16% | R²: -0.314049
  Trial time: 38.6s
[I 2026-03-13 06:41:32,399] Trial 973 finished with value: 5.076887518448612e-06 and parameters: {'lambda_P': 1.875432941173265, 'lambda_B': 1.0563789993667283, 'lambda_G': 1.3723964314071715, 'n_estimators': 8628, 'max_depth': 15, 'learning_rate': 0.015576786306369961, 'subsample': 0.6010980269961659, 'colsample_bytree': 0.30273022179427034, 'colsample_bylevel': 0.3098778639077456, 'reg_alpha': 1.1236598068761172, 'reg_lambda': 6.425007828859361, 'gamma': 0.00045407928799496395, 'min_child_weight': 6}. Best is trial 660 with value: 3.2379913054860083e-06.

[Trial 997/5000] Starting at 06:41:32
  Lambdas: P=1.987, B=0.776, G=1.180
  Lambdas: P=1.966, B=0.888, G=1.300
  XGBoost params: n_estimators=7518, max_depth=17
  Starting cross-validation...
  XGBoost params: n_estimators=3443, max_depth=19
  Starting cross-validation...
  Trial 979 MSE: 0.000005 | MAPE: 0.16% | R²: -0.314049
  Trial time: 30.6s
[I 2026-03-13 06:41:36,849] Trial 979 finished with value: 5.076887518448612e-06 and parameters: {'lambda_P': 0.979367745024518, 'lambda_B': 1.5171255412359637, 'lambda_G': 0.5500297460470905, 'n_estimators': 5524, 'max_depth': 20, 'learning_rate': 0.22744375284776844, 'subsample': 0.5399243541504586, 'colsample_bytree': 0.9342484883144476, 'colsample_bylevel': 0.5790099474058978, 'reg_alpha': 2.75675188145, 'reg_lambda': 6.863660385519723, 'gamma': 0.00010114162827995601, 'min_child_weight': 15}. Best is trial 660 with value: 3.2379913054860083e-06.

[Trial 998/5000] Starting at 06:41:36
  Lambdas: P=1.862, B=0.675, G=1.725
  XGBoost params: n_estimators=6833, max_depth=18
  Starting cross-validation...
  Trial 972 MSE: 0.000005 | MAPE: 0.16% | R²: -0.314049
  Trial time: 48.0s
