[I 2026-03-13 06:42:21,409] Trial 1020 finished with value: 4.728039993912557e-06 and parameters: {'lambda_P': 0.6763347513865599, 'lambda_B': 1.9821344204501314, 'lambda_G': 0.59498353415987, 'n_estimators': 1985, 'max_depth': 5, 'learning_rate': 0.02687290403422497, 'subsample': 0.6250734432568658, 'colsample_bytree': 0.7774272332777047, 'colsample_bylevel': 0.5450626000993593, 'reg_alpha': 0.6728394202716377, 'reg_lambda': 7.961968539806012, 'gamma': 0.00023191028088723024, 'min_child_weight': 8}. Best is trial 660 with value: 3.2379913054860083e-06.

[Trial 1026/5000] Starting at 06:42:21
  Lambdas: P=0.769, B=1.446, G=0.965
  XGBoost params: n_estimators=1936, max_depth=2
  Starting cross-validation...
  Trial 1016 MSE: 0.000005 | MAPE: 0.16% | R²: -0.279127
  Trial time: 14.7s
[I 2026-03-13 06:42:22,951] Trial 1016 finished with value: 4.982566659389383e-06 and parameters: {'lambda_P': 0.5899104405507988, 'lambda_B': 1.7738085093292568, 'lambda_G': 0.9944133611471444, 'n_estimators': 2878, 'max_depth': 19, 'learning_rate': 0.08117523697401091, 'subsample': 0.6649266701600693, 'colsample_bytree': 0.7977955764652828, 'colsample_bylevel': 0.5005767561433445, 'reg_alpha': 1.0307102340685632, 'reg_lambda': 9.575193484504496, 'gamma': 0.00010461463802638459, 'min_child_weight': 10}. Best is trial 660 with value: 3.2379913054860083e-06.

[Trial 1027/5000] Starting at 06:42:23
  Lambdas: P=0.992, B=1.786, G=1.240
  XGBoost params: n_estimators=3700, max_depth=20
  Starting cross-validation...
  Trial 1006 MSE: 0.000005 | MAPE: 0.16% | R²: -0.314049
  Trial time: 31.9s
[I 2026-03-13 06:42:24,822] Trial 1006 finished with value: 5.076887518448612e-06 and parameters: {'lambda_P': 1.9542186275600408, 'lambda_B': 1.1762981112019764, 'lambda_G': 1.9757301229322068, 'n_estimators': 6186, 'max_depth': 16, 'learning_rate': 0.0046495225173153725, 'subsample': 0.4547406492264414, 'colsample_bytree': 0.626823935771621, 'colsample_bylevel': 0.5593204914548215, 'reg_alpha': 0.917664464549384, 'reg_lambda': 9.951679972799413, 'gamma': 0.00010098219895482538, 'min_child_weight': 7}. Best is trial 660 with value: 3.2379913054860083e-06.

[Trial 1028/5000] Starting at 06:42:24
  Lambdas: P=1.128, B=1.837, G=1.088
  XGBoost params: n_estimators=3868, max_depth=11
  Starting cross-validation...
  Trial 1014 MSE: 0.000005 | MAPE: 0.16% | R²: -0.314049
  Trial time: 20.8s
[I 2026-03-13 06:42:27,073] Trial 1014 finished with value: 5.076887518448612e-06 and parameters: {'lambda_P': 1.3312514811429508, 'lambda_B': 1.145309238238641, 'lambda_G': 1.5866133718490005, 'n_estimators': 5398, 'max_depth': 16, 'learning_rate': 0.008918949599695095, 'subsample': 0.31078916707519566, 'colsample_bytree': 0.46038148280171154, 'colsample_bylevel': 0.4752356683883111, 'reg_alpha': 0.9260492141625147, 'reg_lambda': 3.1216517886644057, 'gamma': 0.0001579539812665886, 'min_child_weight': 1}. Best is trial 660 with value: 3.2379913054860083e-06.

[Trial 1029/5000] Starting at 06:42:27
  Lambdas: P=1.966, B=1.192, G=0.654
  XGBoost params: n_estimators=1707, max_depth=10  Trial 1010 MSE: 0.000005 | MAPE: 0.16% | R²: -0.202858
  Trial time: 27.0s

  Starting cross-validation...
[I 2026-03-13 06:42:27,557] Trial 1010 finished with value: 4.628123890615125e-06 and parameters: {'lambda_P': 0.6510610277573908, 'lambda_B': 0.911446406477591, 'lambda_G': 1.079307914290482, 'n_estimators': 5138, 'max_depth': 3, 'learning_rate': 0.0046495080856524635, 'subsample': 0.82421144388832, 'colsample_bytree': 0.5765489763701815, 'colsample_bylevel': 0.3794514639503258, 'reg_alpha': 0.8566523769956438, 'reg_lambda': 8.06929595561947, 'gamma': 0.00019995831111992455, 'min_child_weight': 12}. Best is trial 660 with value: 3.2379913054860083e-06.

[Trial 1030/5000] Starting at 06:42:27
  Lambdas: P=0.542, B=1.672, G=1.359
  XGBoost params: n_estimators=3349, max_depth=5
  Starting cross-validation...
  Trial 1023 MSE: 0.000005 | MAPE: 0.16% | R²: -0.314049
  Trial time: 13.4s
[I 2026-03-13 06:42:28,258] Trial 1023 finished with value: 5.076887518448612e-06 and parameters: {'lambda_P': 0.8575610237874718, 'lambda_B': 1.4608286659738956, 'lambda_G': 0.7084852762768405, 'n_estimators': 2555, 'max_depth': 5, 'learning_rate': 0.014943143079984284, 'subsample': 0.47366637414260926, 'colsample_bytree': 0.5006613864413152, 'colsample_bylevel': 0.44053044253015755, 'reg_alpha': 1.2242067298863661, 'reg_lambda': 8.018162611675386, 'gamma': 0.0001337466086065196, 'min_child_weight': 14}. Best is trial 660 with value: 3.2379913054860083e-06.

[Trial 1031/5000] Starting at 06:42:28
  Lambdas: P=0.973, B=1.121, G=1.140
  XGBoost params: n_estimators=6406, max_depth=11
  Starting cross-validation...
  Trial 1025 MSE: 0.000003 | MAPE: 0.14% | R²: 0.005739
  Trial time: 9.7s
[I 2026-03-13 06:42:31,355] Trial 1025 finished with value: 3.4780165252748695e-06 and parameters: {'lambda_P': 0.7687470371210645, 'lambda_B': 1.44626516579239, 'lambda_G': 0.9652642290372018, 'n_estimators': 1936, 'max_depth': 2, 'learning_rate': 0.0020532190028862128, 'subsample': 0.962174724296861, 'colsample_bytree': 0.3398427480880862, 'colsample_bylevel': 0.3628141842910771, 'reg_alpha': 0.2611808563121303, 'reg_lambda': 7.600930545233103, 'gamma': 0.00011998539968859766, 'min_child_weight': 15}. Best is trial 660 with value: 3.2379913054860083e-06.

[Trial 1032/5000] Starting at 06:42:31
  Lambdas: P=1.129, B=1.595, G=1.209
  XGBoost params: n_estimators=1581, max_depth=2
  Starting cross-validation...
  Trial 1015 MSE: 0.000004 | MAPE: 0.15% | R²: -0.146111
  Trial time: 25.8s
[I 2026-03-13 06:42:32,659] Trial 1015 finished with value: 4.314354869556144e-06 and parameters: {'lambda_P': 0.8081016910297291, 'lambda_B': 1.0381458564504187, 'lambda_G': 1.226806454083814, 'n_estimators': 5062, 'max_depth': 2, 'learning_rate': 0.008182909659421013, 'subsample': 0.8051976235260347, 'colsample_bytree': 0.4244724062566597, 'colsample_bylevel': 0.36307645811556843, 'reg_alpha': 0.6689466504362681, 'reg_lambda': 9.03547933892635, 'gamma': 0.00016549249109797264, 'min_child_weight': 9}. Best is trial 660 with value: 3.2379913054860083e-06.

[Trial 1033/5000] Starting at 06:42:32
  Lambdas: P=1.704, B=1.834, G=0.960
  XGBoost params: n_estimators=3598, max_depth=14
  Starting cross-validation...
  Trial 1018 MSE: 0.000003 | MAPE: 0.14% | R²: 0.016455
  Trial time: 24.2s
[I 2026-03-13 06:42:33,264] Trial 1018 finished with value: 3.401678397256098e-06 and parameters: {'lambda_P': 0.9821569376044558, 'lambda_B': 1.6695516289305958, 'lambda_G': 1.0864042639913445, 'n_estimators': 4573, 'max_depth': 18, 'learning_rate': 0.001098488776209737, 'subsample': 0.9640377476637846, 'colsample_bytree': 0.3315384567375482, 'colsample_bylevel': 0.5233460025816082, 'reg_alpha': 0.16285466619097405, 'reg_lambda': 4.835774222133743, 'gamma': 0.00020867140180916069, 'min_child_weight': 6}. Best is trial 660 with value: 3.2379913054860083e-06.

[Trial 1034/5000] Starting at 06:42:33
  Lambdas: P=0.634, B=1.467, G=1.032
  XGBoost params: n_estimators=671, max_depth=11
  Starting cross-validation...
  Trial 1028 MSE: 0.000003 | MAPE: 0.14% | R²: 0.004725
  Trial time: 7.0s
[I 2026-03-13 06:42:34,231] Trial 1028 finished with value: 3.478691672728524e-06 and parameters: {'lambda_P': 1.9659354170226104, 'lambda_B': 1.1924033930695364, 'lambda_G': 0.6541079319500602, 'n_estimators': 1707, 'max_depth': 10, 'learning_rate': 0.003317933883187835, 'subsample': 0.9137099407517124, 'colsample_bytree': 0.3980642247922078, 'colsample_bylevel': 0.9011230724803516, 'reg_alpha': 0.10607571941295726, 'reg_lambda': 7.656040019941719, 'gamma': 0.00021456855506821236, 'min_child_weight': 11}. Best is trial 660 with value: 3.2379913054860083e-06.

[Trial 1035/5000] Starting at 06:42:34
  Lambdas: P=1.776, B=0.913, G=0.606
  XGBoost params: n_estimators=273, max_depth=11
  Starting cross-validation...
  Trial 1034 MSE: 0.000005 | MAPE: 0.16% | R²: -0.314049
  Trial time: 1.1s
[I 2026-03-13 06:42:35,523] Trial 1034 finished with value: 5.076887518448612e-06 and parameters: {'lambda_P': 1.7759881515674316, 'lambda_B': 0.9133480480981029, 'lambda_G': 0.6058699233627755, 'n_estimators': 273, 'max_depth': 11, 'learning_rate': 0.00248656602205295, 'subsample': 0.9697240276218995, 'colsample_bytree': 0.43289057335955683, 'colsample_bylevel': 0.9153066341151997, 'reg_alpha': 1.5336959294813788, 'reg_lambda': 6.955188803253609, 'gamma': 0.00027888414650314194, 'min_child_weight': 16}. Best is trial 660 with value: 3.2379913054860083e-06.

[Trial 1036/5000] Starting at 06:42:35
  Lambdas: P=1.946, B=1.326, G=0.795
  XGBoost params: n_estimators=2154, max_depth=8
  Starting cross-validation...
  Trial 1033 MSE: 0.000005 | MAPE: 0.16% | R²: -0.304225
  Trial time: 3.8s
[I 2026-03-13 06:42:37,236] Trial 1033 finished with value: 5.048920514416063e-06 and parameters: {'lambda_P': 0.6339488544430304, 'lambda_B': 1.4671530184784238, 'lambda_G': 1.0322513915374516, 'n_estimators': 671, 'max_depth': 11, 'learning_rate': 0.0033204452917714572, 'subsample': 0.9899178274371013, 'colsample_bytree': 0.35614312676053356, 'colsample_bylevel': 0.33919558365008906, 'reg_alpha': 0.7109883161425221, 'reg_lambda': 6.0624361424979485, 'gamma': 0.0018729257797409234, 'min_child_weight': 11}. Best is trial 660 with value: 3.2379913054860083e-06.

[Trial 1037/5000] Starting at 06:42:37
  Lambdas: P=1.009, B=1.822, G=1.482
  XGBoost params: n_estimators=3602, max_depth=16
  Starting cross-validation...
  Trial 1013 MSE: 0.000004 | MAPE: 0.15% | R²: -0.153484
  Trial time: 35.3s
[I 2026-03-13 06:42:38,604] Trial 1013 finished with value: 4.222588866701217e-06 and parameters: {'lambda_P': 1.8165603503824355, 'lambda_B': 0.9543393368387733, 'lambda_G': 1.7394281185307057, 'n_estimators': 7502, 'max_depth': 20, 'learning_rate': 0.008968144857351782, 'subsample': 0.43734004925959924, 'colsample_bytree': 0.3463452761099604, 'colsample_bylevel': 0.43077547907540237, 'reg_alpha': 0.01503536657625168, 'reg_lambda': 6.852917090522704, 'gamma': 0.000804270117033168, 'min_child_weight': 12}. Best is trial 660 with value: 3.2379913054860083e-06.

[Trial 1038/5000] Starting at 06:42:38
  Lambdas: P=0.511, B=1.386, G=0.797
  XGBoost params: n_estimators=5735, max_depth=20
  Starting cross-validation...
  Trial 1019 MSE: 0.000005 | MAPE: 0.16% | R²: -0.314049
  Trial time: 30.0s
[I 2026-03-13 06:42:40,103] Trial 1019 finished with value: 5.076887518448612e-06 and parameters: {'lambda_P': 1.4011683554415904, 'lambda_B': 1.937804600518072, 'lambda_G': 1.0351177492408934, 'n_estimators': 6124, 'max_depth': 13, 'learning_rate': 0.006441069988975891, 'subsample': 0.9033009344557864, 'colsample_bytree': 0.4698143417274832, 'colsample_bylevel': 0.4032385826729604, 'reg_alpha': 3.0584513773808264, 'reg_lambda': 3.85879394631137, 'gamma': 0.003687784742130235, 'min_child_weight': 1}. Best is trial 660 with value: 3.2379913054860083e-06.

[Trial 1039/5000] Starting at 06:42:40
  Trial 1031 MSE: 0.000005 | MAPE: 0.16% | R²: -0.314049
  Trial time: 8.8s
[I 2026-03-13 06:42:40,317] Trial 1031 finished with value: 5.076887518448612e-06 and parameters: {'lambda_P': 1.1292561744224576, 'lambda_B': 1.5953145622069085, 'lambda_G': 1.2088326318992162, 'n_estimators': 1581, 'max_depth': 2, 'learning_rate': 0.002896355718006222, 'subsample': 0.9155758282984987, 'colsample_bytree': 0.420350660616195, 'colsample_bylevel': 0.3467387750614945, 'reg_alpha': 1.9724997210529243, 'reg_lambda': 9.73110052906253, 'gamma': 0.0006234660771207454, 'min_child_weight': 18}. Best is trial 660 with value: 3.2379913054860083e-06.

[Trial 1040/5000] Starting at 06:42:40
  Lambdas: P=1.075, B=1.368, G=1.020
  XGBoost params: n_estimators=3839, max_depth=4
  Starting cross-validation...
  Lambdas: P=1.985, B=1.125, G=0.964
  XGBoost params: n_estimators=2360, max_depth=8
  Starting cross-validation...
  Trial 1026 MSE: 0.000003 | MAPE: 0.14% | R²: 0.038828
  Trial time: 19.0s
[I 2026-03-13 06:42:42,138] Trial 1026 finished with value: 3.2992525092174112e-06 and parameters: {'lambda_P': 0.9924203650928453, 'lambda_B': 1.7859883619265515, 'lambda_G': 1.2403647329558836, 'n_estimators': 3700, 'max_depth': 20, 'learning_rate': 0.00503701551697497, 'subsample': 0.8942722306339618, 'colsample_bytree': 0.7314816049890653, 'colsample_bylevel': 0.49423066716325187, 'reg_alpha': 0.0567926483062641, 'reg_lambda': 5.6518903585216, 'gamma': 0.00010063627469481989, 'min_child_weight': 4}. Best is trial 660 with value: 3.2379913054860083e-06.

[Trial 1041/5000] Starting at 06:42:42
  Lambdas: P=0.682, B=1.843, G=1.283
  XGBoost params: n_estimators=3269, max_depth=20
  Starting cross-validation...
  Trial 1012 MSE: 0.000004 | MAPE: 0.14% | R²: -0.020554
  Trial time: 40.2s
[I 2026-03-13 06:42:43,329] Trial 1012 finished with value: 3.582919140754113e-06 and parameters: {'lambda_P': 1.7782340689955312, 'lambda_B': 1.9302687890585926, 'lambda_G': 1.4432167673311471, 'n_estimators': 7783, 'max_depth': 12, 'learning_rate': 0.006770595755854573, 'subsample': 0.9583565148249534, 'colsample_bytree': 0.5696624491821328, 'colsample_bylevel': 0.40156044577308303, 'reg_alpha': 0.19278588262221388, 'reg_lambda': 1.3765597035234933, 'gamma': 0.00030663255170817, 'min_child_weight': 1}. Best is trial 660 with value: 3.2379913054860083e-06.

[Trial 1042/5000] Starting at 06:42:43
  Lambdas: P=1.946, B=0.847, G=0.893
  XGBoost params: n_estimators=3440, max_depth=10
  Starting cross-validation...
  Trial 1017 MSE: 0.000005 | MAPE: 0.16% | R²: -0.314049
  Trial time: 35.8s
[I 2026-03-13 06:42:44,503] Trial 1017 finished with value: 5.076887518448612e-06 and parameters: {'lambda_P': 1.3052705548143713, 'lambda_B': 1.8929124785796096, 'lambda_G': 0.6211934708124373, 'n_estimators': 6730, 'max_depth': 10, 'learning_rate': 0.0013845331683201253, 'subsample': 0.6917725361188165, 'colsample_bytree': 0.38308253733483244, 'colsample_bylevel': 0.4957282015282861, 'reg_alpha': 1.8562457743269438, 'reg_lambda': 9.5435976076052, 'gamma': 0.0008083009500448017, 'min_child_weight': 3}. Best is trial 660 with value: 3.2379913054860083e-06.

[Trial 1043/5000] Starting at 06:42:44
  Trial 1027 MSE: 0.000005 | MAPE: 0.16% | R²: -0.314049
  Trial time: 19.7s
[I 2026-03-13 06:42:44,673] Trial 1027 finished with value: 5.076887518448612e-06 and parameters: {'lambda_P': 1.1280890897432898, 'lambda_B': 1.8366966390805566, 'lambda_G': 1.0876742193294977, 'n_estimators': 3868, 'max_depth': 11, 'learning_rate': 0.004395930874126522, 'subsample': 0.3672152002090726, 'colsample_bytree': 0.6415388080998362, 'colsample_bylevel': 0.6502432658365995, 'reg_alpha': 1.8489513649757015, 'reg_lambda': 3.4134219862804827, 'gamma': 0.00012468934547979073, 'min_child_weight': 7}. Best is trial 660 with value: 3.2379913054860083e-06.

[Trial 1044/5000] Starting at 06:42:44
  Lambdas: P=0.793, B=1.512, G=0.966
  XGBoost params: n_estimators=5172, max_depth=15
  Starting cross-validation...
  Lambdas: P=0.825, B=1.899, G=1.102
  XGBoost params: n_estimators=2341, max_depth=19
  Starting cross-validation...
  Trial 1035 MSE: 0.000005 | MAPE: 0.16% | R²: -0.314049
  Trial time: 9.7s
[I 2026-03-13 06:42:45,386] Trial 1035 finished with value: 5.076887518448612e-06 and parameters: {'lambda_P': 1.945829407212339, 'lambda_B': 1.3263671358783071, 'lambda_G': 0.7948705978078635, 'n_estimators': 2154, 'max_depth': 8, 'learning_rate': 0.00935077627449893, 'subsample': 0.7470608989116881, 'colsample_bytree': 0.430039728087357, 'colsample_bylevel': 0.9894588254332684, 'reg_alpha': 1.2986927680196028, 'reg_lambda': 8.354974807844256, 'gamma': 0.0001880848603635987, 'min_child_weight': 10}. Best is trial 660 with value: 3.2379913054860083e-06.

[Trial 1045/5000] Starting at 06:42:45
  Lambdas: P=1.173, B=1.634, G=1.043
  XGBoost params: n_estimators=3540, max_depth=14
  Starting cross-validation...
  Trial 1022 MSE: 0.000004 | MAPE: 0.16% | R²: -0.169651
  Trial time: 31.3s
[I 2026-03-13 06:42:46,026] Trial 1022 finished with value: 4.479562593177388e-06 and parameters: {'lambda_P': 0.594189041539565, 'lambda_B': 1.1247879243912677, 'lambda_G': 1.159039731642189, 'n_estimators': 5416, 'max_depth': 6, 'learning_rate': 0.012250955763578446, 'subsample': 0.7285624076193697, 'colsample_bytree': 0.5538778441574547, 'colsample_bylevel': 0.45526479089131117, 'reg_alpha': 0.739320377642309, 'reg_lambda': 5.192154508736095, 'gamma': 0.00014465876594020835, 'min_child_weight': 11}. Best is trial 660 with value: 3.2379913054860083e-06.

[Trial 1046/5000] Starting at 06:42:46
  Trial 1029 MSE: 0.000004 | MAPE: 0.15% | R²: -0.136403
  Trial time: 18.6s
[I 2026-03-13 06:42:46,318] Trial 1029 finished with value: 4.266957358360632e-06 and parameters: {'lambda_P': 0.5420023432712893, 'lambda_B': 1.672107633311486, 'lambda_G': 1.3589526567089392, 'n_estimators': 3349, 'max_depth': 5, 'learning_rate': 0.0017379001297812354, 'subsample': 0.9696105019123278, 'colsample_bytree': 0.37538045398772496, 'colsample_bylevel': 0.30934435059667237, 'reg_alpha': 0.6723990368114517, 'reg_lambda': 5.331328575039894, 'gamma': 0.00017630403908799674, 'min_child_weight': 11}. Best is trial 660 with value: 3.2379913054860083e-06.

[Trial 1047/5000] Starting at 06:42:46
  Lambdas: P=0.912, B=1.538, G=0.890
  XGBoost params: n_estimators=4221, max_depth=18
  Starting cross-validation...
  Lambdas: P=0.633, B=1.538, G=1.038
  XGBoost params: n_estimators=3510, max_depth=20
  Starting cross-validation...
  Trial 1024 MSE: 0.000004 | MAPE: 0.15% | R²: -0.144359
  Trial time: 29.5s
[I 2026-03-13 06:42:47,890] Trial 1024 finished with value: 4.2657771141321105e-06 and parameters: {'lambda_P': 0.8401789097667238, 'lambda_B': 1.5261592711784073, 'lambda_G': 1.0854130227717556, 'n_estimators': 5653, 'max_depth': 18, 'learning_rate': 0.0013851781971462918, 'subsample': 0.7449979029264913, 'colsample_bytree': 0.4227928864099862, 'colsample_bylevel': 0.5520436173350007, 'reg_alpha': 0.43107971414998353, 'reg_lambda': 2.9843015233707675, 'gamma': 0.0003640819683567193, 'min_child_weight': 3}. Best is trial 660 with value: 3.2379913054860083e-06.

[Trial 1048/5000] Starting at 06:42:47
  Lambdas: P=0.967, B=1.920, G=1.249
  XGBoost params: n_estimators=2940, max_depth=17
  Starting cross-validation...
  Trial 1032 MSE: 0.000005 | MAPE: 0.16% | R²: -0.314049
  Trial time: 18.4s
[I 2026-03-13 06:42:51,233] Trial 1032 finished with value: 5.076887518448612e-06 and parameters: {'lambda_P': 1.7040897675718174, 'lambda_B': 1.8341510955629745, 'lambda_G': 0.9600435452952805, 'n_estimators': 3598, 'max_depth': 14, 'learning_rate': 0.46111912015589446, 'subsample': 0.5056988187023519, 'colsample_bytree': 0.639036548214795, 'colsample_bylevel': 0.4345950513409949, 'reg_alpha': 1.4407345902879605, 'reg_lambda': 9.903883429851039, 'gamma': 0.0002399312018731491, 'min_child_weight': 10}. Best is trial 660 with value: 3.2379913054860083e-06.

[Trial 1049/5000] Starting at 06:42:51
  Lambdas: P=1.556, B=1.184, G=0.657
  XGBoost params: n_estimators=1847, max_depth=14
  Starting cross-validation...
  Trial 1039 MSE: 0.000004 | MAPE: 0.16% | R²: -0.171777
  Trial time: 11.5s
[I 2026-03-13 06:42:52,025] Trial 1039 finished with value: 4.4400928506553004e-06 and parameters: {'lambda_P': 1.984722750495089, 'lambda_B': 1.1246723961263254, 'lambda_G': 0.9644883386857126, 'n_estimators': 2360, 'max_depth': 8, 'learning_rate': 0.008226757550390387, 'subsample': 0.9901914233932565, 'colsample_bytree': 0.3539026887513072, 'colsample_bylevel': 0.9875939357491068, 'reg_alpha': 0.7324973423351627, 'reg_lambda': 9.737731386085256, 'gamma': 0.00038789511505517163, 'min_child_weight': 10}. Best is trial 660 with value: 3.2379913054860083e-06.

[Trial 1050/5000] Starting at 06:42:52
  Lambdas: P=1.067, B=1.844, G=1.256
  XGBoost params: n_estimators=2595, max_depth=18
  Starting cross-validation...
  Trial 1036 MSE: 0.000005 | MAPE: 0.16% | R²: -0.263867
  Trial time: 17.5s
[I 2026-03-13 06:42:54,955] Trial 1036 finished with value: 4.931127503718398e-06 and parameters: {'lambda_P': 1.0086531565917003, 'lambda_B': 1.822384375667113, 'lambda_G': 1.4815133828604152, 'n_estimators': 3602, 'max_depth': 16, 'learning_rate': 0.001115080712517569, 'subsample': 0.8649170911605281, 'colsample_bytree': 0.380526052017252, 'colsample_bylevel': 0.6036226676674525, 'reg_alpha': 0.9545922353108824, 'reg_lambda': 5.969765713796225, 'gamma': 0.0003837323117158624, 'min_child_weight': 13}. Best is trial 660 with value: 3.2379913054860083e-06.

[Trial 1051/5000] Starting at 06:42:55
  Lambdas: P=0.807, B=1.940, G=0.973
  XGBoost params: n_estimators=5780, max_depth=17
  Starting cross-validation...
  Trial 1043 MSE: 0.000004 | MAPE: 0.15% | R²: -0.073738
  Trial time: 11.2s
[I 2026-03-13 06:42:56,092] Trial 1043 finished with value: 3.887203458673718e-06 and parameters: {'lambda_P': 0.8252551349639654, 'lambda_B': 1.8992998175930407, 'lambda_G': 1.1017757971237723, 'n_estimators': 2341, 'max_depth': 19, 'learning_rate': 0.002130825229333403, 'subsample': 0.8758735293863299, 'colsample_bytree': 0.9017299545075661, 'colsample_bylevel': 0.3016870434941181, 'reg_alpha': 0.4293970356365814, 'reg_lambda': 4.973558739002327, 'gamma': 0.00018307059980144912, 'min_child_weight': 4}. Best is trial 660 with value: 3.2379913054860083e-06.

[Trial 1052/5000] Starting at 06:42:56
  Lambdas: P=0.517, B=1.223, G=1.364
  XGBoost params: n_estimators=4134, max_depth=17
  Starting cross-validation...
  Trial 1040 MSE: 0.000004 | MAPE: 0.15% | R²: -0.097374
  Trial time: 15.3s
