[I 2026-03-13 06:58:33,241] Trial 1602 finished with value: 4.2764994495500425e-06 and parameters: {'lambda_P': 0.8442758546192739, 'lambda_B': 1.3113420617138436, 'lambda_G': 1.7535609708106934, 'n_estimators': 5309, 'max_depth': 20, 'learning_rate': 0.006002570541842768, 'subsample': 0.8937597551362674, 'colsample_bytree': 0.3540679079764979, 'colsample_bylevel': 0.6614114269515634, 'reg_alpha': 0.49892752561595144, 'reg_lambda': 0.8771552556535906, 'gamma': 0.00046357979557985, 'min_child_weight': 14}. Best is trial 1422 with value: 2.996031181594198e-06.

[Trial 1617/5000] Starting at 06:58:33
  Lambdas: P=0.515, B=1.439, G=0.918
  XGBoost params: n_estimators=5112, max_depth=19
  Starting cross-validation...
  Trial 1608 MSE: 0.000005 | MAPE: 0.16% | R²: -0.288222
  Trial time: 19.5s
[I 2026-03-13 06:58:34,338] Trial 1608 finished with value: 5.010867955604191e-06 and parameters: {'lambda_P': 0.5138139178085441, 'lambda_B': 1.017889879213364, 'lambda_G': 0.9818826991186909, 'n_estimators': 4756, 'max_depth': 17, 'learning_rate': 0.001790229957491875, 'subsample': 0.9773048115796827, 'colsample_bytree': 0.3400457509022445, 'colsample_bylevel': 0.6443163073516702, 'reg_alpha': 1.4329904237881186, 'reg_lambda': 2.9538478656345095, 'gamma': 0.00017559606673370068, 'min_child_weight': 20}. Best is trial 1422 with value: 2.996031181594198e-06.

[Trial 1618/5000] Starting at 06:58:34
  Trial 1601 MSE: 0.000004 | MAPE: 0.15% | R²: -0.035822
  Trial time: 31.9s
[I 2026-03-13 06:58:34,528] Trial 1601 finished with value: 3.7626557837775913e-06 and parameters: {'lambda_P': 0.9986780975334527, 'lambda_B': 1.1669650349028204, 'lambda_G': 1.3589304299598317, 'n_estimators': 6242, 'max_depth': 20, 'learning_rate': 0.003638822353960548, 'subsample': 0.9225073934765516, 'colsample_bytree': 0.5439212171785919, 'colsample_bylevel': 0.7779437466310393, 'reg_alpha': 0.4543672837654271, 'reg_lambda': 2.683530113587132, 'gamma': 0.00010537742560644595, 'min_child_weight': 18}. Best is trial 1422 with value: 2.996031181594198e-06.

[Trial 1619/5000] Starting at 06:58:34
  Lambdas: P=0.712, B=1.551, G=0.757
  XGBoost params: n_estimators=5070, max_depth=18
  Starting cross-validation...
  Lambdas: P=0.639, B=1.573, G=0.808
  XGBoost params: n_estimators=4901, max_depth=19
  Starting cross-validation...
  Trial 1595 MSE: 0.000005 | MAPE: 0.16% | R²: -0.270893
  Trial time: 43.1s
[I 2026-03-13 06:58:36,838] Trial 1595 finished with value: 4.954951974896132e-06 and parameters: {'lambda_P': 1.1065892914291167, 'lambda_B': 1.1220458404533202, 'lambda_G': 1.7548424673882872, 'n_estimators': 8681, 'max_depth': 20, 'learning_rate': 0.0053534170549649936, 'subsample': 0.7595191174026766, 'colsample_bytree': 0.4183460745144406, 'colsample_bylevel': 0.6065069392497481, 'reg_alpha': 0.9651314249137983, 'reg_lambda': 0.8085069392740604, 'gamma': 0.00026907323613237, 'min_child_weight': 18}. Best is trial 1422 with value: 2.996031181594198e-06.

[Trial 1620/5000] Starting at 06:58:36
  Lambdas: P=1.632, B=1.404, G=0.920
  XGBoost params: n_estimators=9388, max_depth=15
  Starting cross-validation...
  Trial 1606 MSE: 0.000004 | MAPE: 0.15% | R²: -0.127096
  Trial time: 26.1s
[I 2026-03-13 06:58:38,980] Trial 1606 finished with value: 4.140794769813758e-06 and parameters: {'lambda_P': 0.6609793957714392, 'lambda_B': 1.1615088873971655, 'lambda_G': 1.5499785250234661, 'n_estimators': 5178, 'max_depth': 20, 'learning_rate': 0.0016791969199987556, 'subsample': 0.9646084229799258, 'colsample_bytree': 0.4809018940828486, 'colsample_bylevel': 0.6816428830651132, 'reg_alpha': 0.25375416348937885, 'reg_lambda': 1.5850967506484457, 'gamma': 0.0007199010079336032, 'min_child_weight': 19}. Best is trial 1422 with value: 2.996031181594198e-06.

[Trial 1621/5000] Starting at 06:58:39
  Trial 1609 MSE: 0.000004 | MAPE: 0.14% | R²: -0.045369
  Trial time: 19.9s
[I 2026-03-13 06:58:39,379] Trial 1609 finished with value: 3.6927020656609623e-06 and parameters: {'lambda_P': 0.7346632218503321, 'lambda_B': 1.0635354380241038, 'lambda_G': 1.2627010447805014, 'n_estimators': 3866, 'max_depth': 18, 'learning_rate': 0.0019726963008804537, 'subsample': 0.9203391635394621, 'colsample_bytree': 0.4523600938028802, 'colsample_bylevel': 0.58291933272031, 'reg_alpha': 0.18107753848878477, 'reg_lambda': 2.792701001676325, 'gamma': 0.00037983116458665053, 'min_child_weight': 18}. Best is trial 1422 with value: 2.996031181594198e-06.

[Trial 1622/5000] Starting at 06:58:39
  Lambdas: P=1.375, B=1.038, G=0.534
  XGBoost params: n_estimators=9481, max_depth=14
  Starting cross-validation...
  Lambdas: P=1.656, B=1.122, G=0.569
  XGBoost params: n_estimators=6976, max_depth=13
  Starting cross-validation...
  Trial 1612 MSE: 0.000005 | MAPE: 0.16% | R²: -0.303989
  Trial time: 14.4s
[I 2026-03-13 06:58:40,769] Trial 1612 finished with value: 5.0528014555279235e-06 and parameters: {'lambda_P': 0.8769740135999221, 'lambda_B': 1.1767458871274432, 'lambda_G': 0.7866215736669464, 'n_estimators': 3613, 'max_depth': 19, 'learning_rate': 0.021215410832667786, 'subsample': 0.910149479688141, 'colsample_bytree': 0.3012188995804881, 'colsample_bylevel': 0.6740999971874294, 'reg_alpha': 1.489592633728631, 'reg_lambda': 0.34949800077712223, 'gamma': 0.00014179263051831612, 'min_child_weight': 13}. Best is trial 1422 with value: 2.996031181594198e-06.

[Trial 1623/5000] Starting at 06:58:40
  Lambdas: P=1.771, B=0.687, G=1.212
  XGBoost params: n_estimators=5331, max_depth=8
  Starting cross-validation...
  Trial 1607 MSE: 0.000004 | MAPE: 0.15% | R²: -0.088411
  Trial time: 27.4s
[I 2026-03-13 06:58:41,443] Trial 1607 finished with value: 4.066417127033453e-06 and parameters: {'lambda_P': 0.552299234756974, 'lambda_B': 1.1801786808011194, 'lambda_G': 1.4797396907446123, 'n_estimators': 5204, 'max_depth': 18, 'learning_rate': 0.003799733689621162, 'subsample': 0.9920299791391997, 'colsample_bytree': 0.5473532454785659, 'colsample_bylevel': 0.7694330590884726, 'reg_alpha': 0.7090799665515476, 'reg_lambda': 2.8844261581297417, 'gamma': 0.00012043293531738832, 'min_child_weight': 19}. Best is trial 1422 with value: 2.996031181594198e-06.

[Trial 1624/5000] Starting at 06:58:41
  Lambdas: P=1.228, B=1.601, G=0.582
  XGBoost params: n_estimators=4381, max_depth=13
  Starting cross-validation...
  Trial 1603 MSE: 0.000004 | MAPE: 0.14% | R²: -0.040007
  Trial time: 37.1s
[I 2026-03-13 06:58:43,831] Trial 1603 finished with value: 3.758500421975611e-06 and parameters: {'lambda_P': 0.9120165663132898, 'lambda_B': 1.2552999121629822, 'lambda_G': 1.0448679397962257, 'n_estimators': 7013, 'max_depth': 18, 'learning_rate': 0.0013194622460680203, 'subsample': 0.9721067120573249, 'colsample_bytree': 0.44538347531353434, 'colsample_bylevel': 0.7720875533071616, 'reg_alpha': 0.46283730954711505, 'reg_lambda': 1.2375187441939528, 'gamma': 0.00012324939035596955, 'min_child_weight': 15}. Best is trial 1422 with value: 2.996031181594198e-06.

[Trial 1625/5000] Starting at 06:58:43
  Lambdas: P=1.293, B=1.843, G=0.946
  XGBoost params: n_estimators=1559, max_depth=3
  Starting cross-validation...
  Trial 1611 MSE: 0.000005 | MAPE: 0.16% | R²: -0.314049
  Trial time: 20.7s
[I 2026-03-13 06:58:45,988] Trial 1611 finished with value: 5.076887518448612e-06 and parameters: {'lambda_P': 0.5722635745763112, 'lambda_B': 1.488575815514863, 'lambda_G': 0.8962829630422015, 'n_estimators': 3983, 'max_depth': 18, 'learning_rate': 0.02640260731535018, 'subsample': 0.9520524586439103, 'colsample_bytree': 0.3527964793028548, 'colsample_bylevel': 0.5736772063565974, 'reg_alpha': 2.154258173816526, 'reg_lambda': 3.341467029757191, 'gamma': 0.0001889722575125044, 'min_child_weight': 12}. Best is trial 1422 with value: 2.996031181594198e-06.

[Trial 1626/5000] Starting at 06:58:46
  Lambdas: P=1.884, B=1.925, G=0.883
  XGBoost params: n_estimators=9175, max_depth=8
  Starting cross-validation...
  Trial 1624 MSE: 0.000005 | MAPE: 0.16% | R²: -0.314049
  Trial time: 7.0s
[I 2026-03-13 06:58:51,000] Trial 1624 finished with value: 5.076887518448612e-06 and parameters: {'lambda_P': 1.292608773203511, 'lambda_B': 1.8425290965757721, 'lambda_G': 0.9462883234766613, 'n_estimators': 1559, 'max_depth': 3, 'learning_rate': 0.3308217374227532, 'subsample': 0.7090023576175173, 'colsample_bytree': 0.34171953974441643, 'colsample_bylevel': 0.3913238889561805, 'reg_alpha': 4.072711812189502, 'reg_lambda': 9.10748883248865, 'gamma': 0.0001296337065952754, 'min_child_weight': 17}. Best is trial 1422 with value: 2.996031181594198e-06.

[Trial 1627/5000] Starting at 06:58:51
  Lambdas: P=1.185, B=1.946, G=1.360
  XGBoost params: n_estimators=9081, max_depth=15
  Starting cross-validation...
  Trial 1610 MSE: 0.000004 | MAPE: 0.15% | R²: -0.101708
  Trial time: 32.0s
[I 2026-03-13 06:58:55,077] Trial 1610 finished with value: 4.08060273863103e-06 and parameters: {'lambda_P': 0.809055967669116, 'lambda_B': 1.1128843250932325, 'lambda_G': 0.6936024284055183, 'n_estimators': 6424, 'max_depth': 19, 'learning_rate': 0.01734349623230098, 'subsample': 0.978428314044443, 'colsample_bytree': 0.36553703775170876, 'colsample_bylevel': 0.7857282649634126, 'reg_alpha': 0.5676367041294637, 'reg_lambda': 2.4425522195435585, 'gamma': 0.0002727918800119562, 'min_child_weight': 5}. Best is trial 1422 with value: 2.996031181594198e-06.

[Trial 1628/5000] Starting at 06:58:55
  Lambdas: P=1.774, B=1.587, G=0.719
  XGBoost params: n_estimators=6392, max_depth=9
  Starting cross-validation...
  Trial 1617 MSE: 0.000004 | MAPE: 0.15% | R²: -0.060388
  Trial time: 21.5s
[I 2026-03-13 06:58:56,003] Trial 1617 finished with value: 3.857093196189547e-06 and parameters: {'lambda_P': 0.7120180088025989, 'lambda_B': 1.5510875769798877, 'lambda_G': 0.7572539911559987, 'n_estimators': 5070, 'max_depth': 18, 'learning_rate': 0.025978414503524568, 'subsample': 0.7837723829115459, 'colsample_bytree': 0.34991475460695165, 'colsample_bylevel': 0.6702604087446097, 'reg_alpha': 0.4049968294385389, 'reg_lambda': 3.292941789153408, 'gamma': 0.00013626691243870897, 'min_child_weight': 14}. Best is trial 1422 with value: 2.996031181594198e-06.

[Trial 1629/5000] Starting at 06:58:56
  Lambdas: P=1.742, B=1.125, G=0.994
  XGBoost params: n_estimators=7150, max_depth=7
  Starting cross-validation...
  Trial 1616 MSE: 0.000005 | MAPE: 0.16% | R²: -0.190797
  Trial time: 25.3s
[I 2026-03-13 06:58:58,801] Trial 1616 finished with value: 4.524004843573515e-06 and parameters: {'lambda_P': 0.5149506380217239, 'lambda_B': 1.438676154731195, 'lambda_G': 0.9183793762426923, 'n_estimators': 5112, 'max_depth': 19, 'learning_rate': 0.01630962674678982, 'subsample': 0.8629635300480494, 'colsample_bytree': 0.3883780995340619, 'colsample_bylevel': 0.5521855755751535, 'reg_alpha': 0.5910642171237614, 'reg_lambda': 2.470754580260989, 'gamma': 0.0005816559849076976, 'min_child_weight': 12}. Best is trial 1422 with value: 2.996031181594198e-06.

[Trial 1630/5000] Starting at 06:58:58
  Lambdas: P=1.537, B=1.558, G=0.862
  Trial 1618 MSE: 0.000004 | MAPE: 0.14% | R²: -0.044712
  Trial time: 24.6s
[I 2026-03-13 06:58:59,360] Trial 1618 finished with value: 3.7856702441444433e-06 and parameters: {'lambda_P': 0.6392567141712515, 'lambda_B': 1.5734321018486404, 'lambda_G': 0.8076439969011271, 'n_estimators': 4901, 'max_depth': 19, 'learning_rate': 0.01704851427139539, 'subsample': 0.8254180199638484, 'colsample_bytree': 0.3912900751189353, 'colsample_bylevel': 0.5943702784462717, 'reg_alpha': 0.46795974496288417, 'reg_lambda': 1.6028503977232356, 'gamma': 0.00011601591153960636, 'min_child_weight': 15}. Best is trial 1422 with value: 2.996031181594198e-06.
  XGBoost params: n_estimators=5115, max_depth=9
  Starting cross-validation...

[Trial 1631/5000] Starting at 06:58:59
  Lambdas: P=1.130, B=1.956, G=0.663
  XGBoost params: n_estimators=1274, max_depth=11
  Starting cross-validation...
  Trial 1622 MSE: 0.000005 | MAPE: 0.16% | R²: -0.314049
  Trial time: 20.7s
[I 2026-03-13 06:59:01,721] Trial 1622 finished with value: 5.076887518448612e-06 and parameters: {'lambda_P': 1.7710659781502378, 'lambda_B': 0.686731174728057, 'lambda_G': 1.2117280342760408, 'n_estimators': 5331, 'max_depth': 8, 'learning_rate': 0.004558870222914387, 'subsample': 0.8229449117283832, 'colsample_bytree': 0.5539050668512155, 'colsample_bylevel': 0.6421743889751248, 'reg_alpha': 2.9475239376615976, 'reg_lambda': 5.236481909552456, 'gamma': 0.00015071731932119565, 'min_child_weight': 12}. Best is trial 1422 with value: 2.996031181594198e-06.

[Trial 1632/5000] Starting at 06:59:01
  Lambdas: P=1.052, B=1.286, G=1.116
  XGBoost params: n_estimators=189, max_depth=20
  Starting cross-validation...
  Trial 1623 MSE: 0.000004 | MAPE: 0.15% | R²: -0.058990
  Trial time: 21.0s
[I 2026-03-13 06:59:02,675] Trial 1623 finished with value: 3.7850695349799805e-06 and parameters: {'lambda_P': 1.2282063127263305, 'lambda_B': 1.600846201953254, 'lambda_G': 0.5817753415741274, 'n_estimators': 4381, 'max_depth': 13, 'learning_rate': 0.01404219828340781, 'subsample': 0.8128913340979969, 'colsample_bytree': 0.3664738155334002, 'colsample_bylevel': 0.861614754775458, 'reg_alpha': 0.3298387988899691, 'reg_lambda': 4.197359224109459, 'gamma': 0.0001928348612612333, 'min_child_weight': 17}. Best is trial 1422 with value: 2.996031181594198e-06.

[Trial 1633/5000] Starting at 06:59:02
  Lambdas: P=1.714, B=0.719, G=1.323
  XGBoost params: n_estimators=9868, max_depth=5
  Starting cross-validation...
  Trial 1631 MSE: 0.000005 | MAPE: 0.16% | R²: -0.314049
  Trial time: 1.4s
[I 2026-03-13 06:59:03,290] Trial 1631 finished with value: 5.076887518448612e-06 and parameters: {'lambda_P': 1.0517973477690765, 'lambda_B': 1.2861887638131344, 'lambda_G': 1.1164531757595042, 'n_estimators': 189, 'max_depth': 20, 'learning_rate': 0.0012026173722448018, 'subsample': 0.41163119093948164, 'colsample_bytree': 0.3093493263033581, 'colsample_bylevel': 0.4542503676445434, 'reg_alpha': 8.709450624981976, 'reg_lambda': 7.683864679117369, 'gamma': 0.0011604494688800943, 'min_child_weight': 7}. Best is trial 1422 with value: 2.996031181594198e-06.

[Trial 1634/5000] Starting at 06:59:03
  Lambdas: P=0.906, B=1.225, G=1.043
  XGBoost params: n_estimators=997, max_depth=3
  Starting cross-validation...
  Trial 1613 MSE: 0.000005 | MAPE: 0.16% | R²: -0.314049
  Trial time: 36.5s
[I 2026-03-13 06:59:05,657] Trial 1613 finished with value: 5.076887518448612e-06 and parameters: {'lambda_P': 1.6081454216418396, 'lambda_B': 0.8556492267667162, 'lambda_G': 1.1645587767079486, 'n_estimators': 7957, 'max_depth': 8, 'learning_rate': 0.0010385455225937466, 'subsample': 0.9136734160138293, 'colsample_bytree': 0.5158472172596265, 'colsample_bylevel': 0.5901136278350625, 'reg_alpha': 2.6993341996632307, 'reg_lambda': 4.558470950817896, 'gamma': 0.00015143144980853237, 'min_child_weight': 14}. Best is trial 1422 with value: 2.996031181594198e-06.

[Trial 1635/5000] Starting at 06:59:05
  Lambdas: P=1.244, B=1.579, G=1.012
  XGBoost params: n_estimators=5371, max_depth=20
  Starting cross-validation...
  Trial 1630 MSE: 0.000005 | MAPE: 0.16% | R²: -0.314049
  Trial time: 7.3s
[I 2026-03-13 06:59:06,830] Trial 1630 finished with value: 5.076887518448612e-06 and parameters: {'lambda_P': 1.129757971841355, 'lambda_B': 1.9559309797981168, 'lambda_G': 0.66288441287496, 'n_estimators': 1274, 'max_depth': 11, 'learning_rate': 0.09548971456539167, 'subsample': 0.560882847711961, 'colsample_bytree': 0.5100289037967651, 'colsample_bylevel': 0.3122707521125691, 'reg_alpha': 0.7403824672545016, 'reg_lambda': 8.391747445823341, 'gamma': 0.0007602320027480609, 'min_child_weight': 20}. Best is trial 1422 with value: 2.996031181594198e-06.

[Trial 1636/5000] Starting at 06:59:06
  Lambdas: P=1.847, B=1.404, G=0.847
  XGBoost params: n_estimators=8464, max_depth=14
  Starting cross-validation...
  Trial 1633 MSE: 0.000004 | MAPE: 0.15% | R²: -0.159637
  Trial time: 4.4s
[I 2026-03-13 06:59:07,895] Trial 1633 finished with value: 4.37641373286275e-06 and parameters: {'lambda_P': 0.906211382339136, 'lambda_B': 1.2253041701953722, 'lambda_G': 1.0434235491577049, 'n_estimators': 997, 'max_depth': 3, 'learning_rate': 0.002595496145018854, 'subsample': 0.550373758146019, 'colsample_bytree': 0.5600959136290344, 'colsample_bylevel': 0.4282236455408365, 'reg_alpha': 0.4316479719031897, 'reg_lambda': 8.912121441957595, 'gamma': 0.00011887842032653467, 'min_child_weight': 9}. Best is trial 1422 with value: 2.996031181594198e-06.

[Trial 1637/5000] Starting at 06:59:07
  Lambdas: P=0.963, B=1.669, G=1.111
  XGBoost params: n_estimators=4744, max_depth=13
  Starting cross-validation...
  Trial 1621 MSE: 0.000004 | MAPE: 0.14% | R²: 0.007954
  Trial time: 34.2s
[I 2026-03-13 06:59:13,792] Trial 1621 finished with value: 3.513641634153102e-06 and parameters: {'lambda_P': 1.6560536555585939, 'lambda_B': 1.1220819146816772, 'lambda_G': 0.5692609343489442, 'n_estimators': 6976, 'max_depth': 13, 'learning_rate': 0.012460949177991952, 'subsample': 0.8921880664178411, 'colsample_bytree': 0.5163694354656737, 'colsample_bylevel': 0.3484712909966554, 'reg_alpha': 0.3165992727176169, 'reg_lambda': 1.918086062949381, 'gamma': 0.00011639369032781882, 'min_child_weight': 6}. Best is trial 1422 with value: 2.996031181594198e-06.

[Trial 1638/5000] Starting at 06:59:13
  Lambdas: P=1.581, B=1.879, G=1.467
  XGBoost params: n_estimators=6107, max_depth=9
  Starting cross-validation...
  Trial 1615 MSE: 0.000004 | MAPE: 0.14% | R²: -0.007201
  Trial time: 45.1s
[I 2026-03-13 06:59:16,142] Trial 1615 finished with value: 3.5792471884620667e-06 and parameters: {'lambda_P': 1.8861783666895806, 'lambda_B': 1.194869348150448, 'lambda_G': 0.5975434940021006, 'n_estimators': 9211, 'max_depth': 12, 'learning_rate': 0.006570283692341652, 'subsample': 0.8876966425655514, 'colsample_bytree': 0.545791427433407, 'colsample_bylevel': 0.5064604322571922, 'reg_alpha': 0.317666551621103, 'reg_lambda': 7.155135910345788, 'gamma': 0.00011034781991087603, 'min_child_weight': 13}. Best is trial 1422 with value: 2.996031181594198e-06.

[Trial 1639/5000] Starting at 06:59:16
  Lambdas: P=1.687, B=1.372, G=1.663
  XGBoost params: n_estimators=5071, max_depth=5
  Starting cross-validation...
  Trial 1614 MSE: 0.000005 | MAPE: 0.16% | R²: -0.314049
  Trial time: 46.8s
[I 2026-03-13 06:59:17,237] Trial 1614 finished with value: 5.076887518448612e-06 and parameters: {'lambda_P': 0.5726003600758749, 'lambda_B': 0.6579292756854955, 'lambda_G': 0.7376589780631263, 'n_estimators': 9199, 'max_depth': 8, 'learning_rate': 0.0035121990103307897, 'subsample': 0.31666963639983364, 'colsample_bytree': 0.3504619680513715, 'colsample_bylevel': 0.8676021410510043, 'reg_alpha': 1.6083734870381878, 'reg_lambda': 3.0180067905649963, 'gamma': 0.014818493596733954, 'min_child_weight': 3}. Best is trial 1422 with value: 2.996031181594198e-06.

[Trial 1640/5000] Starting at 06:59:17
  Lambdas: P=1.694, B=1.771, G=1.584
  XGBoost params: n_estimators=118, max_depth=16
  Starting cross-validation...
  Trial 1639 MSE: 0.000005 | MAPE: 0.16% | R²: -0.314049
  Trial time: 0.8s
[I 2026-03-13 06:59:18,304] Trial 1639 finished with value: 5.076887518448612e-06 and parameters: {'lambda_P': 1.6942887968155462, 'lambda_B': 1.770733184982129, 'lambda_G': 1.5840685569647914, 'n_estimators': 118, 'max_depth': 16, 'learning_rate': 0.3485777046503676, 'subsample': 0.31805351959817735, 'colsample_bytree': 0.672975073779598, 'colsample_bylevel': 0.6709584235395588, 'reg_alpha': 6.815414645196702, 'reg_lambda': 9.32981914902743, 'gamma': 0.000827467144369634, 'min_child_weight': 6}. Best is trial 1422 with value: 2.996031181594198e-06.

[Trial 1641/5000] Starting at 06:59:18
  Lambdas: P=1.759, B=0.617, G=1.312
  XGBoost params: n_estimators=8623, max_depth=6
  Starting cross-validation...
  Trial 1619 MSE: 0.000005 | MAPE: 0.16% | R²: -0.307980
  Trial time: 45.1s
[I 2026-03-13 06:59:22,154] Trial 1619 finished with value: 5.062573980420642e-06 and parameters: {'lambda_P': 1.6318114662905656, 'lambda_B': 1.4036611805245347, 'lambda_G': 0.9203940166871494, 'n_estimators': 9388, 'max_depth': 15, 'learning_rate': 0.03243956360664908, 'subsample': 0.8939101460954868, 'colsample_bytree': 0.7449158100344858, 'colsample_bylevel': 0.33575182689067257, 'reg_alpha': 1.12127894861906, 'reg_lambda': 0.5952153001630968, 'gamma': 0.0007609336132350291, 'min_child_weight': 1}. Best is trial 1422 with value: 2.996031181594198e-06.

[Trial 1642/5000] Starting at 06:59:22
  Lambdas: P=0.950, B=1.457, G=1.383
  XGBoost params: n_estimators=3049, max_depth=11
  Starting cross-validation...
  Trial 1629 MSE: 0.000004 | MAPE: 0.15% | R²: -0.123931
  Trial time: 25.0s
[I 2026-03-13 06:59:23,984] Trial 1629 finished with value: 4.253791766426502e-06 and parameters: {'lambda_P': 1.5365277918808984, 'lambda_B': 1.55843138236338, 'lambda_G': 0.8620099685253082, 'n_estimators': 5115, 'max_depth': 9, 'learning_rate': 0.0030261194701230077, 'subsample': 0.8216204110795027, 'colsample_bytree': 0.3790772611209277, 'colsample_bylevel': 0.882049431461598, 'reg_alpha': 0.7047722679548003, 'reg_lambda': 6.298241280753304, 'gamma': 0.00013637686775985525, 'min_child_weight': 4}. Best is trial 1422 with value: 2.996031181594198e-06.

[Trial 1643/5000] Starting at 06:59:24
  Lambdas: P=1.088, B=1.756, G=1.416
  Trial 1636 MSE: 0.000005 | MAPE: 0.16% | R²: -0.220459
  Trial time: 16.3s
