[I 2026-03-13 06:43:57,039] Trial 1104 finished with value: 4.561660976449144e-06 and parameters: {'lambda_P': 1.8540226966970075, 'lambda_B': 0.8636368546915429, 'lambda_G': 0.5459918335822004, 'n_estimators': 418, 'max_depth': 4, 'learning_rate': 0.05030201749855071, 'subsample': 0.7704728269535451, 'colsample_bytree': 0.5428546105409331, 'colsample_bylevel': 0.6717747094082764, 'reg_alpha': 0.8635979863181662, 'reg_lambda': 6.822464931527746, 'gamma': 0.00011146723367461649, 'min_child_weight': 8}. Best is trial 660 with value: 3.2379913054860083e-06.

[Trial 1107/5000] Starting at 06:43:57
  Lambdas: P=1.806, B=1.267, G=0.572
  XGBoost params: n_estimators=2037, max_depth=6
  Starting cross-validation...
  Trial 1069 MSE: 0.000004 | MAPE: 0.15% | R²: -0.124589
  Trial time: 45.7s
[I 2026-03-13 06:43:59,220] Trial 1069 finished with value: 4.206784561692092e-06 and parameters: {'lambda_P': 1.4780616817108938, 'lambda_B': 1.9793600284872723, 'lambda_G': 1.9125865968734475, 'n_estimators': 8080, 'max_depth': 15, 'learning_rate': 0.046170008820588665, 'subsample': 0.9150518001205163, 'colsample_bytree': 0.36205696462496556, 'colsample_bylevel': 0.30903575024343627, 'reg_alpha': 0.5050891231981238, 'reg_lambda': 7.278107514991683, 'gamma': 0.0004892139070097197, 'min_child_weight': 6}. Best is trial 660 with value: 3.2379913054860083e-06.

[Trial 1108/5000] Starting at 06:43:59
  Trial 1096 MSE: 0.000004 | MAPE: 0.14% | R²: -0.035150
  Trial time: 8.9s
[I 2026-03-13 06:43:59,530] Trial 1096 finished with value: 3.7143157126976955e-06 and parameters: {'lambda_P': 1.9831806456523267, 'lambda_B': 1.4754795804250227, 'lambda_G': 0.6820532656736804, 'n_estimators': 1565, 'max_depth': 3, 'learning_rate': 0.03137166408123721, 'subsample': 0.8014228867078629, 'colsample_bytree': 0.3327742262925245, 'colsample_bylevel': 0.48810524866692995, 'reg_alpha': 0.3623863786050805, 'reg_lambda': 8.388146090099518, 'gamma': 0.0001266394433271735, 'min_child_weight': 15}. Best is trial 660 with value: 3.2379913054860083e-06.

[Trial 1109/5000] Starting at 06:43:59
  Lambdas: P=1.994, B=1.202, G=0.681
  XGBoost params: n_estimators=198, max_depth=12
  Starting cross-validation...
  Lambdas: P=1.252, B=1.729, G=1.959
  XGBoost params: n_estimators=2172, max_depth=13
  Starting cross-validation...
  Trial 1107 MSE: 0.000005 | MAPE: 0.16% | R²: -0.221310
  Trial time: 1.4s
[I 2026-03-13 06:44:00,798] Trial 1107 finished with value: 4.657267222084226e-06 and parameters: {'lambda_P': 1.9942521706632705, 'lambda_B': 1.2024733781472978, 'lambda_G': 0.6813535695605453, 'n_estimators': 198, 'max_depth': 12, 'learning_rate': 0.010681614865086668, 'subsample': 0.6973657223031469, 'colsample_bytree': 0.40067453597731745, 'colsample_bylevel': 0.6760927267849275, 'reg_alpha': 0.5857583176964419, 'reg_lambda': 7.134621764829472, 'gamma': 0.00034799227990019936, 'min_child_weight': 15}. Best is trial 660 with value: 3.2379913054860083e-06.

[Trial 1110/5000] Starting at 06:44:00
  Lambdas: P=1.428, B=1.236, G=1.929
  XGBoost params: n_estimators=1832, max_depth=7
  Starting cross-validation...
  Trial 1093 MSE: 0.000004 | MAPE: 0.15% | R²: -0.034087
  Trial time: 15.6s
[I 2026-03-13 06:44:02,303] Trial 1093 finished with value: 3.6970368288435793e-06 and parameters: {'lambda_P': 1.6011396277447805, 'lambda_B': 1.3270412586067257, 'lambda_G': 1.3996847835047004, 'n_estimators': 2914, 'max_depth': 20, 'learning_rate': 0.1176279538232303, 'subsample': 0.8865936557065721, 'colsample_bytree': 0.5613527378013099, 'colsample_bylevel': 0.9084347706387882, 'reg_alpha': 0.15990072456684282, 'reg_lambda': 0.6155968753842342, 'gamma': 0.00021316698871519726, 'min_child_weight': 5}. Best is trial 660 with value: 3.2379913054860083e-06.

[Trial 1111/5000] Starting at 06:44:02
  Lambdas: P=1.315, B=1.891, G=1.259
  XGBoost params: n_estimators=8162, max_depth=15
  Starting cross-validation...
  Trial 1103 MSE: 0.000003 | MAPE: 0.14% | R²: 0.033451
  Trial time: 8.7s
[I 2026-03-13 06:44:03,127] Trial 1103 finished with value: 3.305873514080446e-06 and parameters: {'lambda_P': 0.625505907095935, 'lambda_B': 1.396442726166402, 'lambda_G': 0.8278926916480642, 'n_estimators': 1615, 'max_depth': 2, 'learning_rate': 0.003031939415083486, 'subsample': 0.6531186316172003, 'colsample_bytree': 0.6936555611269196, 'colsample_bylevel': 0.4509283660236646, 'reg_alpha': 0.06108794623239198, 'reg_lambda': 8.937519405815195, 'gamma': 0.00012256721143652833, 'min_child_weight': 9}. Best is trial 660 with value: 3.2379913054860083e-06.

[Trial 1112/5000] Starting at 06:44:03
  Lambdas: P=0.624, B=1.114, G=0.754
  XGBoost params: n_estimators=145, max_depth=2
  Starting cross-validation...
  Trial 1111 MSE: 0.000005 | MAPE: 0.16% | R²: -0.314049
  Trial time: 1.0s
[I 2026-03-13 06:44:04,272] Trial 1111 finished with value: 5.076887518448612e-06 and parameters: {'lambda_P': 0.6239340059268218, 'lambda_B': 1.1143767878217188, 'lambda_G': 0.7537761866889804, 'n_estimators': 145, 'max_depth': 2, 'learning_rate': 0.008380915444924114, 'subsample': 0.6584607228184789, 'colsample_bytree': 0.673966002144879, 'colsample_bylevel': 0.46090161280638425, 'reg_alpha': 2.014439739226974, 'reg_lambda': 9.494594455271768, 'gamma': 0.0003326043105753887, 'min_child_weight': 10}. Best is trial 660 with value: 3.2379913054860083e-06.

[Trial 1113/5000] Starting at 06:44:04
  Lambdas: P=0.879, B=1.560, G=0.940
  XGBoost params: n_estimators=3517, max_depth=2
  Starting cross-validation...
  Trial 1095 MSE: 0.000003 | MAPE: 0.14% | R²: 0.035261
  Trial time: 15.0s
[I 2026-03-13 06:44:04,842] Trial 1095 finished with value: 3.3112456455391886e-06 and parameters: {'lambda_P': 0.9151844429412515, 'lambda_B': 1.5499616494410045, 'lambda_G': 1.3183142114682829, 'n_estimators': 2363, 'max_depth': 10, 'learning_rate': 0.02059423476177118, 'subsample': 0.93306819790429, 'colsample_bytree': 0.5886118019096696, 'colsample_bylevel': 0.35721079713019477, 'reg_alpha': 0.007504158763770946, 'reg_lambda': 9.686423498618982, 'gamma': 0.00033342072381202086, 'min_child_weight': 15}. Best is trial 660 with value: 3.2379913054860083e-06.

[Trial 1114/5000] Starting at 06:44:04
  Lambdas: P=0.905, B=1.381, G=1.275
  XGBoost params: n_estimators=3441, max_depth=13
  Starting cross-validation...
  Trial 1102 MSE: 0.000005 | MAPE: 0.16% | R²: -0.200492
  Trial time: 13.1s
[I 2026-03-13 06:44:06,792] Trial 1102 finished with value: 4.5522277996633945e-06 and parameters: {'lambda_P': 1.8980721568471652, 'lambda_B': 1.0171835324400493, 'lambda_G': 0.5063452451395809, 'n_estimators': 2447, 'max_depth': 10, 'learning_rate': 0.007003987380009185, 'subsample': 0.8478794937293007, 'colsample_bytree': 0.48972214646707246, 'colsample_bylevel': 0.6635492700493089, 'reg_alpha': 0.5032442444496139, 'reg_lambda': 4.144424458546367, 'gamma': 0.0007445119534673244, 'min_child_weight': 12}. Best is trial 660 with value: 3.2379913054860083e-06.

[Trial 1115/5000] Starting at 06:44:06
  Lambdas: P=0.924, B=1.807, G=1.652
  XGBoost params: n_estimators=472, max_depth=12
  Starting cross-validation...
  Trial 1106 MSE: 0.000005 | MAPE: 0.16% | R²: -0.250770
  Trial time: 10.4s
[I 2026-03-13 06:44:07,676] Trial 1106 finished with value: 4.857716605282744e-06 and parameters: {'lambda_P': 1.8059811763386058, 'lambda_B': 1.2668553168332155, 'lambda_G': 0.5721870726546444, 'n_estimators': 2037, 'max_depth': 6, 'learning_rate': 0.0013889263628442735, 'subsample': 0.8446523788228457, 'colsample_bytree': 0.453756206408851, 'colsample_bylevel': 0.8618204362620869, 'reg_alpha': 0.8498305167081408, 'reg_lambda': 7.414375965718609, 'gamma': 0.00040463610831040176, 'min_child_weight': 12}. Best is trial 660 with value: 3.2379913054860083e-06.

[Trial 1116/5000] Starting at 06:44:07
  Lambdas: P=0.923, B=1.835, G=1.595
  XGBoost params: n_estimators=1176, max_depth=11
  Starting cross-validation...
  Trial 1114 MSE: 0.000004 | MAPE: 0.15% | R²: -0.145382
  Trial time: 2.7s
[I 2026-03-13 06:44:09,631] Trial 1114 finished with value: 4.196869443511138e-06 and parameters: {'lambda_P': 0.9238081284659193, 'lambda_B': 1.8070922313637503, 'lambda_G': 1.651605763020846, 'n_estimators': 472, 'max_depth': 12, 'learning_rate': 0.004209218788195732, 'subsample': 0.8704078985128612, 'colsample_bytree': 0.36222525065282607, 'colsample_bylevel': 0.45998255738776295, 'reg_alpha': 0.10737900271750761, 'reg_lambda': 9.171676496998389, 'gamma': 0.0008551727583396768, 'min_child_weight': 20}. Best is trial 660 with value: 3.2379913054860083e-06.

[Trial 1117/5000] Starting at 06:44:09
  Lambdas: P=0.822, B=1.013, G=1.457
  XGBoost params: n_estimators=2090, max_depth=10
  Starting cross-validation...
  Trial 1109 MSE: 0.000005 | MAPE: 0.16% | R²: -0.314049
  Trial time: 9.6s
[I 2026-03-13 06:44:10,632] Trial 1109 finished with value: 5.076887518448612e-06 and parameters: {'lambda_P': 1.4277506508199214, 'lambda_B': 1.2362079989302042, 'lambda_G': 1.9291648458983082, 'n_estimators': 1832, 'max_depth': 7, 'learning_rate': 0.002373390403734967, 'subsample': 0.34575221541446277, 'colsample_bytree': 0.4640703094325009, 'colsample_bylevel': 0.5610465663941685, 'reg_alpha': 2.9069186585303664, 'reg_lambda': 0.8647746952359876, 'gamma': 0.00013345341160982347, 'min_child_weight': 1}. Best is trial 660 with value: 3.2379913054860083e-06.

[Trial 1118/5000] Starting at 06:44:10
  Lambdas: P=1.133, B=1.554, G=1.687
  XGBoost params: n_estimators=1910, max_depth=15
  Starting cross-validation...
  Trial 1108 MSE: 0.000005 | MAPE: 0.16% | R²: -0.314049
  Trial time: 11.9s
[I 2026-03-13 06:44:11,654] Trial 1108 finished with value: 5.076887518448612e-06 and parameters: {'lambda_P': 1.2518787922507313, 'lambda_B': 1.729012965215989, 'lambda_G': 1.9586366485694908, 'n_estimators': 2172, 'max_depth': 13, 'learning_rate': 0.0029643308680812218, 'subsample': 0.3997217901147475, 'colsample_bytree': 0.6387635484528663, 'colsample_bylevel': 0.5872445994079565, 'reg_alpha': 1.9191363104988841, 'reg_lambda': 2.077068037756457, 'gamma': 0.0004799532527173875, 'min_child_weight': 2}. Best is trial 660 with value: 3.2379913054860083e-06.

[Trial 1119/5000] Starting at 06:44:11
  Lambdas: P=0.630, B=1.124, G=0.575
  XGBoost params: n_estimators=4907, max_depth=3
  Starting cross-validation...
  Trial 1082 MSE: 0.000004 | MAPE: 0.15% | R²: -0.109425
  Trial time: 43.0s
[I 2026-03-13 06:44:12,835] Trial 1082 finished with value: 4.101293624819779e-06 and parameters: {'lambda_P': 0.7387368514523764, 'lambda_B': 1.4944269346579384, 'lambda_G': 0.8573791329337389, 'n_estimators': 7408, 'max_depth': 19, 'learning_rate': 0.004672726848560172, 'subsample': 0.5045856384723477, 'colsample_bytree': 0.446773312200864, 'colsample_bylevel': 0.33216145353285986, 'reg_alpha': 0.328715769522158, 'reg_lambda': 3.7966460749164472, 'gamma': 0.00014212621106067495, 'min_child_weight': 12}. Best is trial 660 with value: 3.2379913054860083e-06.

[Trial 1120/5000] Starting at 06:44:12
  Lambdas: P=1.137, B=1.141, G=1.562
  XGBoost params: n_estimators=4874, max_depth=7
  Starting cross-validation...
  Trial 1115 MSE: 0.000004 | MAPE: 0.15% | R²: -0.127772
  Trial time: 6.4s
[I 2026-03-13 06:44:14,251] Trial 1115 finished with value: 4.192076420627044e-06 and parameters: {'lambda_P': 0.9225986671421821, 'lambda_B': 1.8350361802269837, 'lambda_G': 1.59458973269261, 'n_estimators': 1176, 'max_depth': 11, 'learning_rate': 0.00944754086420755, 'subsample': 0.9770167965228389, 'colsample_bytree': 0.49227230320048887, 'colsample_bylevel': 0.3927840533585877, 'reg_alpha': 0.5138062418333152, 'reg_lambda': 8.668757734238023, 'gamma': 0.0004376168536164262, 'min_child_weight': 17}. Best is trial 660 with value: 3.2379913054860083e-06.

[Trial 1121/5000] Starting at 06:44:14
  Lambdas: P=0.747, B=1.163, G=1.209
  XGBoost params: n_estimators=1292, max_depth=13
  Starting cross-validation...
  Trial 1099 MSE: 0.000005 | MAPE: 0.16% | R²: -0.307518
  Trial time: 23.0s
[I 2026-03-13 06:44:15,112] Trial 1099 finished with value: 5.052368646884361e-06 and parameters: {'lambda_P': 0.6084111829214398, 'lambda_B': 1.411218752501559, 'lambda_G': 0.8683635746374192, 'n_estimators': 3966, 'max_depth': 7, 'learning_rate': 0.021253246861706068, 'subsample': 0.6467820873446403, 'colsample_bytree': 0.687609314476469, 'colsample_bylevel': 0.39166160318865784, 'reg_alpha': 0.6858495804550868, 'reg_lambda': 9.638099254896144, 'gamma': 0.00070293870927268, 'min_child_weight': 16}. Best is trial 660 with value: 3.2379913054860083e-06.

[Trial 1122/5000] Starting at 06:44:15
  Lambdas: P=0.869, B=1.011, G=1.683
  XGBoost params: n_estimators=1492, max_depth=6
  Starting cross-validation...
  Trial 1081 MSE: 0.000004 | MAPE: 0.15% | R²: -0.155605
  Trial time: 49.1s
[I 2026-03-13 06:44:15,840] Trial 1081 finished with value: 4.328533107084785e-06 and parameters: {'lambda_P': 1.1095795552274306, 'lambda_B': 1.3047652126858473, 'lambda_G': 0.8365403872910431, 'n_estimators': 9549, 'max_depth': 3, 'learning_rate': 0.0010053792096794412, 'subsample': 0.9258529668666791, 'colsample_bytree': 0.6688752436416494, 'colsample_bylevel': 0.5414622300262966, 'reg_alpha': 0.5432203376532562, 'reg_lambda': 0.31577047575050643, 'gamma': 0.00048442012858375026, 'min_child_weight': 1}. Best is trial 660 with value: 3.2379913054860083e-06.

[Trial 1123/5000] Starting at 06:44:15
  Lambdas: P=0.630, B=1.432, G=1.237
  XGBoost params: n_estimators=4028, max_depth=10
  Starting cross-validation...
  Trial 1105 MSE: 0.000005 | MAPE: 0.16% | R²: -0.293584
  Trial time: 21.5s
[I 2026-03-13 06:44:16,694] Trial 1105 finished with value: 5.027164864554273e-06 and parameters: {'lambda_P': 0.5568717177968091, 'lambda_B': 1.7794465230561067, 'lambda_G': 0.6522702090153527, 'n_estimators': 4775, 'max_depth': 9, 'learning_rate': 0.02830273671514331, 'subsample': 0.8447389472240621, 'colsample_bytree': 0.783185989035067, 'colsample_bylevel': 0.48314344973995865, 'reg_alpha': 1.3791442471885573, 'reg_lambda': 9.168017526119328, 'gamma': 0.00010095392195831893, 'min_child_weight': 16}. Best is trial 660 with value: 3.2379913054860083e-06.

[Trial 1124/5000] Starting at 06:44:16
  Lambdas: P=1.179, B=1.524, G=1.162
  XGBoost params: n_estimators=3161, max_depth=10
  Starting cross-validation...
  Trial 1120 MSE: 0.000005 | MAPE: 0.16% | R²: -0.201243
  Trial time: 6.4s
[I 2026-03-13 06:44:20,885] Trial 1120 finished with value: 4.594986205043776e-06 and parameters: {'lambda_P': 0.7471112588465816, 'lambda_B': 1.163087173547754, 'lambda_G': 1.2088158916177316, 'n_estimators': 1292, 'max_depth': 13, 'learning_rate': 0.04306486237824929, 'subsample': 0.8902771460396679, 'colsample_bytree': 0.6375626432180548, 'colsample_bylevel': 0.3692000906266114, 'reg_alpha': 0.8507301269415378, 'reg_lambda': 9.241460133000386, 'gamma': 0.00026063646846472043, 'min_child_weight': 15}. Best is trial 660 with value: 3.2379913054860083e-06.

[Trial 1125/5000] Starting at 06:44:20
  Trial 1117 MSE: 0.000004 | MAPE: 0.15% | R²: -0.078907
  Trial time: 10.3s
[I 2026-03-13 06:44:21,161] Trial 1117 finished with value: 3.825809698469147e-06 and parameters: {'lambda_P': 1.1326680258417197, 'lambda_B': 1.5542269457496398, 'lambda_G': 1.6869059088027751, 'n_estimators': 1910, 'max_depth': 15, 'learning_rate': 0.032886124649669196, 'subsample': 0.9967462893260266, 'colsample_bytree': 0.5628561325753787, 'colsample_bylevel': 0.43152488181008075, 'reg_alpha': 0.31942525477377515, 'reg_lambda': 8.933593226406074, 'gamma': 0.0002442327263299668, 'min_child_weight': 13}. Best is trial 660 with value: 3.2379913054860083e-06.
  Trial 1116 MSE: 0.000005 | MAPE: 0.16% | R²: -0.298862
  Trial time: 11.5s

[Trial 1126/5000] Starting at 06:44:21
[I 2026-03-13 06:44:21,326] Trial 1116 finished with value: 5.039707312336578e-06 and parameters: {'lambda_P': 0.8218442080100637, 'lambda_B': 1.013371467456146, 'lambda_G': 1.4566246003809293, 'n_estimators': 2090, 'max_depth': 10, 'learning_rate': 0.01361336880583225, 'subsample': 0.818926823669941, 'colsample_bytree': 0.58679716328854, 'colsample_bylevel': 0.35397664272766916, 'reg_alpha': 1.304719994668815, 'reg_lambda': 8.259283663846556, 'gamma': 0.00014126694176008813, 'min_child_weight': 17}. Best is trial 660 with value: 3.2379913054860083e-06.

[Trial 1127/5000] Starting at 06:44:21
  Lambdas: P=1.207, B=1.156, G=1.492
  XGBoost params: n_estimators=5570, max_depth=8
  Starting cross-validation...
  Lambdas: P=0.506, B=1.546, G=0.985
  XGBoost params: n_estimators=4921, max_depth=5
  Starting cross-validation...
  Lambdas: P=1.106, B=1.148, G=0.800
  XGBoost params: n_estimators=1741, max_depth=2
  Starting cross-validation...
  Trial 1121 MSE: 0.000004 | MAPE: 0.14% | R²: -0.053830
  Trial time: 8.1s
[I 2026-03-13 06:44:23,376] Trial 1121 finished with value: 3.6790882063506016e-06 and parameters: {'lambda_P': 0.8689382001268445, 'lambda_B': 1.0108112822929738, 'lambda_G': 1.6831124632381562, 'n_estimators': 1492, 'max_depth': 6, 'learning_rate': 0.03282860141747677, 'subsample': 0.9753657767910465, 'colsample_bytree': 0.6687980947643609, 'colsample_bylevel': 0.3861333952566243, 'reg_alpha': 0.08350557454939153, 'reg_lambda': 8.79954205083751, 'gamma': 0.0005400038236345508, 'min_child_weight': 16}. Best is trial 660 with value: 3.2379913054860083e-06.

[Trial 1128/5000] Starting at 06:44:23
  Lambdas: P=0.541, B=1.940, G=1.495
  XGBoost params: n_estimators=8185, max_depth=12
  Starting cross-validation...
  Trial 1113 MSE: 0.000005 | MAPE: 0.16% | R²: -0.266543
  Trial time: 19.2s
[I 2026-03-13 06:44:24,214] Trial 1113 finished with value: 4.9350103903758675e-06 and parameters: {'lambda_P': 0.904835840216873, 'lambda_B': 1.3806797176935302, 'lambda_G': 1.2753476499009904, 'n_estimators': 3441, 'max_depth': 13, 'learning_rate': 0.008332422677383846, 'subsample': 0.9111069895388285, 'colsample_bytree': 0.7128808424645098, 'colsample_bylevel': 0.349197131956217, 'reg_alpha': 0.7647340813037189, 'reg_lambda': 9.805101552175598, 'gamma': 0.000887509889117152, 'min_child_weight': 17}. Best is trial 660 with value: 3.2379913054860083e-06.

[Trial 1129/5000] Starting at 06:44:24
  Lambdas: P=1.107, B=1.793, G=1.526
  Trial 1112 MSE: 0.000005 | MAPE: 0.16% | R²: -0.314049
  Trial time: 20.2s
[I 2026-03-13 06:44:24,705] Trial 1112 finished with value: 5.076887518448612e-06 and parameters: {'lambda_P': 0.87871989230119, 'lambda_B': 1.5602791362622828, 'lambda_G': 0.9400736444278186, 'n_estimators': 3517, 'max_depth': 2, 'learning_rate': 0.004585529168651245, 'subsample': 0.6156369367267432, 'colsample_bytree': 0.6922974135590813, 'colsample_bylevel': 0.3485327258154661, 'reg_alpha': 3.5550874409572963, 'reg_lambda': 8.379877585908782, 'gamma': 0.00021657459301478526, 'min_child_weight': 7}. Best is trial 660 with value: 3.2379913054860083e-06.
  XGBoost params: n_estimators=3582, max_depth=4
  Starting cross-validation...

[Trial 1130/5000] Starting at 06:44:24
  Lambdas: P=0.555, B=1.381, G=1.032
  XGBoost params: n_estimators=3093, max_depth=6
  Starting cross-validation...
  Trial 1123 MSE: 0.000005 | MAPE: 0.16% | R²: -0.314049
  Trial time: 11.1s
[I 2026-03-13 06:44:27,997] Trial 1123 finished with value: 5.076887518448612e-06 and parameters: {'lambda_P': 1.1792857019025682, 'lambda_B': 1.5239650790327168, 'lambda_G': 1.1619986446099915, 'n_estimators': 3161, 'max_depth': 10, 'learning_rate': 0.07213559371256474, 'subsample': 0.8996856509819666, 'colsample_bytree': 0.7443847325386251, 'colsample_bylevel': 0.3671930044006048, 'reg_alpha': 1.8623975034671878, 'reg_lambda': 9.571574258878826, 'gamma': 0.0002024939666819359, 'min_child_weight': 20}. Best is trial 660 with value: 3.2379913054860083e-06.

[Trial 1131/5000] Starting at 06:44:28
  Lambdas: P=1.692, B=1.425, G=0.663
  XGBoost params: n_estimators=5791, max_depth=9
  Starting cross-validation...
  Trial 1101 MSE: 0.000004 | MAPE: 0.15% | R²: -0.086132
  Trial time: 36.7s
[I 2026-03-13 06:44:30,201] Trial 1101 finished with value: 4.065988028348949e-06 and parameters: {'lambda_P': 1.722930609985533, 'lambda_B': 1.7829760689953316, 'lambda_G': 1.7191469003282638, 'n_estimators': 6823, 'max_depth': 17, 'learning_rate': 0.04813841925333803, 'subsample': 0.7780246862950516, 'colsample_bytree': 0.4247171514784902, 'colsample_bylevel': 0.4855249996704671, 'reg_alpha': 0.6078207663385089, 'reg_lambda': 5.591962630221038, 'gamma': 0.00010570432817081403, 'min_child_weight': 2}. Best is trial 660 with value: 3.2379913054860083e-06.

[Trial 1132/5000] Starting at 06:44:30
  Trial 1126 MSE: 0.000004 | MAPE: 0.15% | R²: -0.078340
  Trial time: 8.9s
[I 2026-03-13 06:44:30,359] Trial 1126 finished with value: 3.894071579906226e-06 and parameters: {'lambda_P': 1.105655076234175, 'lambda_B': 1.148148589119003, 'lambda_G': 0.7995786999428617, 'n_estimators': 1741, 'max_depth': 2, 'learning_rate': 0.0021785649574725947, 'subsample': 0.514275962753173, 'colsample_bytree': 0.8143192854979331, 'colsample_bylevel': 0.5454053786066703, 'reg_alpha': 0.16823979382650936, 'reg_lambda': 7.499961319433819, 'gamma': 0.0001890310648140899, 'min_child_weight': 14}. Best is trial 660 with value: 3.2379913054860083e-06.

[Trial 1133/5000] Starting at 06:44:30
  Lambdas: P=1.123, B=1.459, G=0.565
  Lambdas: P=1.485, B=1.355, G=1.304
  XGBoost params: n_estimators=3965, max_depth=20
  Starting cross-validation...
  XGBoost params: n_estimators=7258, max_depth=4
  Starting cross-validation...
  Trial 1122 MSE: 0.000005 | MAPE: 0.16% | R²: -0.305802
  Trial time: 17.4s
