[I 2026-03-13 07:28:28,970] Trial 2438 finished with value: 4.127258510955923e-06 and parameters: {'lambda_P': 1.4120610825809017, 'lambda_B': 1.061025350248329, 'lambda_G': 0.6710035582819286, 'n_estimators': 8080, 'max_depth': 8, 'learning_rate': 0.012510497884547457, 'subsample': 0.628429982371886, 'colsample_bytree': 0.7935496573287115, 'colsample_bylevel': 0.5741070190480553, 'reg_alpha': 0.4467644938716013, 'reg_lambda': 2.7616467916051715, 'gamma': 0.0001584469163878712, 'min_child_weight': 20}. Best is trial 2210 with value: 2.986319055234564e-06.

[Trial 2454/5000] Starting at 07:28:29
  Lambdas: P=1.037, B=1.433, G=0.888
  XGBoost params: n_estimators=4577, max_depth=11
  Starting cross-validation...
  Trial 2434 MSE: 0.000003 | MAPE: 0.13% | R²: 0.070905
  Trial time: 43.4s
[I 2026-03-13 07:28:31,320] Trial 2434 finished with value: 3.139153511187639e-06 and parameters: {'lambda_P': 1.7532216445856033, 'lambda_B': 0.6361253810919758, 'lambda_G': 0.5069119459696699, 'n_estimators': 8615, 'max_depth': 8, 'learning_rate': 0.006628927796578583, 'subsample': 0.8214501568299032, 'colsample_bytree': 0.5440793219992055, 'colsample_bylevel': 0.3514772202429458, 'reg_alpha': 0.06291367010578297, 'reg_lambda': 0.25988996799877156, 'gamma': 0.00014261532411811905, 'min_child_weight': 3}. Best is trial 2210 with value: 2.986319055234564e-06.

[Trial 2455/5000] Starting at 07:28:31
  Lambdas: P=1.702, B=1.087, G=0.624
  XGBoost params: n_estimators=9235, max_depth=11
  Starting cross-validation...
  Trial 2451 MSE: 0.000005 | MAPE: 0.16% | R²: -0.314049
  Trial time: 6.7s
[I 2026-03-13 07:28:32,565] Trial 2451 finished with value: 5.076887518448612e-06 and parameters: {'lambda_P': 1.5191468718503933, 'lambda_B': 1.4926142977531405, 'lambda_G': 1.031929745267825, 'n_estimators': 1293, 'max_depth': 17, 'learning_rate': 0.008970450111879856, 'subsample': 0.780102104690737, 'colsample_bytree': 0.7392601596225142, 'colsample_bylevel': 0.7511159669919181, 'reg_alpha': 8.105112890525536, 'reg_lambda': 0.5318184602962832, 'gamma': 0.049354470441445426, 'min_child_weight': 14}. Best is trial 2210 with value: 2.986319055234564e-06.

[Trial 2456/5000] Starting at 07:28:32
  Lambdas: P=1.951, B=0.761, G=0.525
  XGBoost params: n_estimators=8032, max_depth=7
  Starting cross-validation...
  Trial 2447 MSE: 0.000004 | MAPE: 0.15% | R²: -0.066663
  Trial time: 23.8s
[I 2026-03-13 07:28:38,090] Trial 2447 finished with value: 3.8830784743463075e-06 and parameters: {'lambda_P': 0.9780836079927682, 'lambda_B': 0.8585167821755442, 'lambda_G': 1.1861975555415911, 'n_estimators': 6898, 'max_depth': 5, 'learning_rate': 0.0165658514039345, 'subsample': 0.7389970943052723, 'colsample_bytree': 0.826725033785541, 'colsample_bylevel': 0.718106648475271, 'reg_alpha': 0.36582746133933713, 'reg_lambda': 0.8173135010115797, 'gamma': 0.0001432463425509369, 'min_child_weight': 20}. Best is trial 2210 with value: 2.986319055234564e-06.

[Trial 2457/5000] Starting at 07:28:38
  Lambdas: P=1.845, B=0.861, G=1.131
  XGBoost params: n_estimators=8182, max_depth=9
  Starting cross-validation...
  Trial 2444 MSE: 0.000003 | MAPE: 0.14% | R²: 0.010830
  Trial time: 30.1s
[I 2026-03-13 07:28:39,683] Trial 2444 finished with value: 3.4736912466417584e-06 and parameters: {'lambda_P': 1.363714930510588, 'lambda_B': 1.6982240215627644, 'lambda_G': 0.9060081014834336, 'n_estimators': 6226, 'max_depth': 11, 'learning_rate': 0.004721742410633097, 'subsample': 0.9167884321351095, 'colsample_bytree': 0.3194513100003583, 'colsample_bylevel': 0.3791203959314109, 'reg_alpha': 0.34860986779930847, 'reg_lambda': 5.130650269412426, 'gamma': 0.00010287762312262125, 'min_child_weight': 20}. Best is trial 2210 with value: 2.986319055234564e-06.

[Trial 2458/5000] Starting at 07:28:39
  Lambdas: P=1.641, B=0.847, G=1.074
  XGBoost params: n_estimators=8611, max_depth=11
  Starting cross-validation...
  Trial 2453 MSE: 0.000005 | MAPE: 0.16% | R²: -0.314049
  Trial time: 15.5s
[I 2026-03-13 07:28:44,664] Trial 2453 finished with value: 5.076887518448612e-06 and parameters: {'lambda_P': 1.0367598409215462, 'lambda_B': 1.4326987886966496, 'lambda_G': 0.8881271304812447, 'n_estimators': 4577, 'max_depth': 11, 'learning_rate': 0.030153054026835432, 'subsample': 0.656276078948404, 'colsample_bytree': 0.6526290537831937, 'colsample_bylevel': 0.5109408689598955, 'reg_alpha': 1.769155070973381, 'reg_lambda': 1.5602323978624448, 'gamma': 0.00010274903098031279, 'min_child_weight': 17}. Best is trial 2210 with value: 2.986319055234564e-06.

[Trial 2459/5000] Starting at 07:28:44
  Lambdas: P=1.789, B=0.537, G=0.730
  XGBoost params: n_estimators=9653, max_depth=4
  Starting cross-validation...
  Trial 2449 MSE: 0.000005 | MAPE: 0.16% | R²: -0.314049
  Trial time: 21.3s
[I 2026-03-13 07:28:45,755] Trial 2449 finished with value: 5.076887518448612e-06 and parameters: {'lambda_P': 0.9853233548166691, 'lambda_B': 0.9897842861553874, 'lambda_G': 1.6911587147251228, 'n_estimators': 4555, 'max_depth': 18, 'learning_rate': 0.0011658212808187893, 'subsample': 0.631253364483193, 'colsample_bytree': 0.32705424201914923, 'colsample_bylevel': 0.6936657199216055, 'reg_alpha': 6.850901358497767, 'reg_lambda': 9.537657142575988, 'gamma': 0.002689506540378778, 'min_child_weight': 3}. Best is trial 2210 with value: 2.986319055234564e-06.

[Trial 2460/5000] Starting at 07:28:45
  Lambdas: P=1.926, B=1.703, G=0.826
  XGBoost params: n_estimators=1763, max_depth=3
  Starting cross-validation...
  Trial 2445 MSE: 0.000004 | MAPE: 0.15% | R²: -0.146075
  Trial time: 37.4s
[I 2026-03-13 07:28:47,182] Trial 2445 finished with value: 4.35320191996329e-06 and parameters: {'lambda_P': 1.323699667745302, 'lambda_B': 0.7971116294691791, 'lambda_G': 0.5454020557301213, 'n_estimators': 8230, 'max_depth': 12, 'learning_rate': 0.19318294160563182, 'subsample': 0.7707824257595128, 'colsample_bytree': 0.30154282561950596, 'colsample_bylevel': 0.4696353156885175, 'reg_alpha': 0.7530656905280174, 'reg_lambda': 4.147362924702975, 'gamma': 0.0001103470941186805, 'min_child_weight': 5}. Best is trial 2210 with value: 2.986319055234564e-06.

[Trial 2461/5000] Starting at 07:28:47
  Lambdas: P=1.513, B=1.718, G=1.235
  XGBoost params: n_estimators=914, max_depth=7
  Starting cross-validation...
  Trial 2441 MSE: 0.000003 | MAPE: 0.13% | R²: 0.092425
  Trial time: 41.4s
[I 2026-03-13 07:28:48,391] Trial 2441 finished with value: 3.0764785223973185e-06 and parameters: {'lambda_P': 1.621951640154367, 'lambda_B': 0.5919835918680115, 'lambda_G': 0.5185755487561555, 'n_estimators': 8488, 'max_depth': 18, 'learning_rate': 0.01837775893116963, 'subsample': 0.8829563705492859, 'colsample_bytree': 0.31119622848665185, 'colsample_bylevel': 0.45869133191158024, 'reg_alpha': 0.04807855606928964, 'reg_lambda': 0.1606216031655624, 'gamma': 0.0001384903294463785, 'min_child_weight': 2}. Best is trial 2210 with value: 2.986319055234564e-06.

[Trial 2462/5000] Starting at 07:28:48
  Lambdas: P=1.836, B=0.851, G=0.650
  XGBoost params: n_estimators=9089, max_depth=20
  Starting cross-validation...
  Trial 2439 MSE: 0.000003 | MAPE: 0.14% | R²: 0.006356
  Trial time: 47.6s
[I 2026-03-13 07:28:49,845] Trial 2439 finished with value: 3.4975839539677994e-06 and parameters: {'lambda_P': 1.5537849781388402, 'lambda_B': 1.4164222496042103, 'lambda_G': 0.7286459957655604, 'n_estimators': 9962, 'max_depth': 18, 'learning_rate': 0.006248594323676345, 'subsample': 0.9652063213125107, 'colsample_bytree': 0.6139582463536579, 'colsample_bylevel': 0.5138203078093991, 'reg_alpha': 0.18404832880230199, 'reg_lambda': 4.061880223855883, 'gamma': 0.00014674094125562533, 'min_child_weight': 8}. Best is trial 2210 with value: 2.986319055234564e-06.

[Trial 2463/5000] Starting at 07:28:49
  Lambdas: P=1.732, B=0.832, G=0.584
  XGBoost params: n_estimators=7781, max_depth=9
  Starting cross-validation...
  Trial 2460 MSE: 0.000005 | MAPE: 0.16% | R²: -0.314049
  Trial time: 4.7s
[I 2026-03-13 07:28:52,106] Trial 2460 finished with value: 5.076887518448612e-06 and parameters: {'lambda_P': 1.5125418423735455, 'lambda_B': 1.7180373873128552, 'lambda_G': 1.2353470768144714, 'n_estimators': 914, 'max_depth': 7, 'learning_rate': 0.0010740836556627814, 'subsample': 0.9929519866858948, 'colsample_bytree': 0.8588955927972475, 'colsample_bylevel': 0.3080987323171779, 'reg_alpha': 0.03378372292803267, 'reg_lambda': 1.5512626010904862, 'gamma': 0.05885225063563778, 'min_child_weight': 8}. Best is trial 2210 with value: 2.986319055234564e-06.

[Trial 2464/5000] Starting at 07:28:52
  Lambdas: P=1.450, B=0.604, G=0.721
  XGBoost params: n_estimators=5913, max_depth=16
  Starting cross-validation...
  Trial 2443 MSE: 0.000005 | MAPE: 0.16% | R²: -0.314049
  Trial time: 45.0s
[I 2026-03-13 07:28:53,584] Trial 2443 finished with value: 5.076887518448612e-06 and parameters: {'lambda_P': 1.4276308795911568, 'lambda_B': 0.9527681702483127, 'lambda_G': 1.0233487343761447, 'n_estimators': 9084, 'max_depth': 4, 'learning_rate': 0.005880371494593464, 'subsample': 0.5522172790183, 'colsample_bytree': 0.6574903365346259, 'colsample_bylevel': 0.3085651392291764, 'reg_alpha': 2.3937847509892203, 'reg_lambda': 3.778066596726915, 'gamma': 0.0007777645600058423, 'min_child_weight': 20}. Best is trial 2210 with value: 2.986319055234564e-06.

[Trial 2465/5000] Starting at 07:28:53
  Lambdas: P=1.595, B=0.534, G=0.653
  XGBoost params: n_estimators=7473, max_depth=19
  Starting cross-validation...
  Trial 2450 MSE: 0.000005 | MAPE: 0.16% | R²: -0.314049
  Trial time: 29.8s
[I 2026-03-13 07:28:54,863] Trial 2450 finished with value: 5.076887518448612e-06 and parameters: {'lambda_P': 0.9103101921934074, 'lambda_B': 1.5712350480798898, 'lambda_G': 1.9152085551829865, 'n_estimators': 5876, 'max_depth': 5, 'learning_rate': 0.3250942522378676, 'subsample': 0.862811868331137, 'colsample_bytree': 0.48612203605067517, 'colsample_bylevel': 0.9057241240585105, 'reg_alpha': 7.551977381953328, 'reg_lambda': 9.136239174178495, 'gamma': 0.015161370449790153, 'min_child_weight': 3}. Best is trial 2210 with value: 2.986319055234564e-06.

[Trial 2466/5000] Starting at 07:28:54
  Lambdas: P=1.521, B=0.736, G=0.549
  XGBoost params: n_estimators=9456, max_depth=19
  Starting cross-validation...
  Trial 2459 MSE: 0.000005 | MAPE: 0.16% | R²: -0.314049
  Trial time: 9.7s
[I 2026-03-13 07:28:55,708] Trial 2459 finished with value: 5.076887518448612e-06 and parameters: {'lambda_P': 1.9261667765180635, 'lambda_B': 1.7032441725223215, 'lambda_G': 0.8260592031200542, 'n_estimators': 1763, 'max_depth': 3, 'learning_rate': 0.0038972941282155683, 'subsample': 0.6722569174201545, 'colsample_bytree': 0.3199054093866729, 'colsample_bylevel': 0.5379287885072112, 'reg_alpha': 0.8280686078934183, 'reg_lambda': 2.550166012522838, 'gamma': 0.020222585991397337, 'min_child_weight': 13}. Best is trial 2210 with value: 2.986319055234564e-06.

[Trial 2467/5000] Starting at 07:28:55
  Trial 2452 MSE: 0.000004 | MAPE: 0.14% | R²: -0.034724
  Trial time: 28.5s
[I 2026-03-13 07:28:56,114] Trial 2452 finished with value: 3.696920317417332e-06 and parameters: {'lambda_P': 1.1676404189772773, 'lambda_B': 1.9834310040195968, 'lambda_G': 1.4218665055417172, 'n_estimators': 5824, 'max_depth': 18, 'learning_rate': 0.0014186448995204537, 'subsample': 0.7373247127341532, 'colsample_bytree': 0.4110593968646628, 'colsample_bylevel': 0.7025009702973812, 'reg_alpha': 0.2791211870984074, 'reg_lambda': 4.772403852815684, 'gamma': 0.0001559233431535686, 'min_child_weight': 7}. Best is trial 2210 with value: 2.986319055234564e-06.

[Trial 2468/5000] Starting at 07:28:56
  Lambdas: P=1.576, B=0.728, G=0.519
  XGBoost params: n_estimators=6800, max_depth=17
  Starting cross-validation...
  Lambdas: P=1.384, B=0.764, G=0.634
  XGBoost params: n_estimators=7976, max_depth=20
  Starting cross-validation...
  Trial 2448 MSE: 0.000003 | MAPE: 0.13% | R²: 0.072922
  Trial time: 36.9s
[I 2026-03-13 07:28:59,107] Trial 2448 finished with value: 3.155339331738587e-06 and parameters: {'lambda_P': 1.7902952483352599, 'lambda_B': 0.723590959845351, 'lambda_G': 0.5032455124541669, 'n_estimators': 7207, 'max_depth': 7, 'learning_rate': 0.0012689433676229577, 'subsample': 0.9493602242608391, 'colsample_bytree': 0.5772116755052692, 'colsample_bylevel': 0.332618315943592, 'reg_alpha': 0.1283225188119343, 'reg_lambda': 0.9301985579175389, 'gamma': 0.00010817685850683199, 'min_child_weight': 6}. Best is trial 2210 with value: 2.986319055234564e-06.

[Trial 2469/5000] Starting at 07:28:59
  Trial 2446 MSE: 0.000003 | MAPE: 0.14% | R²: 0.012340
  Trial time: 47.4s
[I 2026-03-13 07:28:59,497] Trial 2446 finished with value: 3.4659629744100924e-06 and parameters: {'lambda_P': 1.072724611648671, 'lambda_B': 0.7889363551135806, 'lambda_G': 0.7520249050350402, 'n_estimators': 9931, 'max_depth': 8, 'learning_rate': 0.017941297193695437, 'subsample': 0.7227650425558542, 'colsample_bytree': 0.6888052847843108, 'colsample_bylevel': 0.31438989259877104, 'reg_alpha': 0.24146751534321736, 'reg_lambda': 4.959949702135126, 'gamma': 0.00010684575389021436, 'min_child_weight': 14}. Best is trial 2210 with value: 2.986319055234564e-06.

[Trial 2470/5000] Starting at 07:28:59
  Lambdas: P=1.822, B=0.512, G=1.045
  XGBoost params: n_estimators=9680, max_depth=16
  Starting cross-validation...
  Lambdas: P=1.143, B=0.567, G=0.680
  XGBoost params: n_estimators=8039, max_depth=19
  Starting cross-validation...
  Trial 2455 MSE: 0.000005 | MAPE: 0.16% | R²: -0.303955
  Trial time: 36.9s
[I 2026-03-13 07:29:09,722] Trial 2455 finished with value: 5.052575680876365e-06 and parameters: {'lambda_P': 1.9512704970354697, 'lambda_B': 0.7606997679566257, 'lambda_G': 0.525243803728473, 'n_estimators': 8032, 'max_depth': 7, 'learning_rate': 0.0019962850838126127, 'subsample': 0.804484507459396, 'colsample_bytree': 0.5828460334601442, 'colsample_bylevel': 0.30631460592134, 'reg_alpha': 1.2883674043594078, 'reg_lambda': 0.09844984468042642, 'gamma': 0.00015575833483986242, 'min_child_weight': 6}. Best is trial 2210 with value: 2.986319055234564e-06.

[Trial 2471/5000] Starting at 07:29:09
  Lambdas: P=1.743, B=0.736, G=0.680
  XGBoost params: n_estimators=9798, max_depth=19
  Starting cross-validation...
  Trial 2454 MSE: 0.000005 | MAPE: 0.16% | R²: -0.314049
  Trial time: 44.2s
[I 2026-03-13 07:29:15,729] Trial 2454 finished with value: 5.076887518448612e-06 and parameters: {'lambda_P': 1.7018179661671047, 'lambda_B': 1.0865252882392045, 'lambda_G': 0.6244576714006731, 'n_estimators': 9235, 'max_depth': 11, 'learning_rate': 0.002114146282503307, 'subsample': 0.7122881823279182, 'colsample_bytree': 0.5451001025167483, 'colsample_bylevel': 0.30193063602917647, 'reg_alpha': 3.4032050918660928, 'reg_lambda': 1.3837647562935542, 'gamma': 0.0003412972551621222, 'min_child_weight': 6}. Best is trial 2210 with value: 2.986319055234564e-06.

[Trial 2472/5000] Starting at 07:29:15
  Lambdas: P=1.712, B=0.864, G=0.739
  XGBoost params: n_estimators=9501, max_depth=19
  Starting cross-validation...
  Trial 2462 MSE: 0.000003 | MAPE: 0.13% | R²: 0.089004
  Trial time: 26.9s
[I 2026-03-13 07:29:16,992] Trial 2462 finished with value: 3.0816336368457657e-06 and parameters: {'lambda_P': 1.732079674536296, 'lambda_B': 0.8317067646057857, 'lambda_G': 0.5837612478276459, 'n_estimators': 7781, 'max_depth': 9, 'learning_rate': 0.0010882424518674774, 'subsample': 0.9025004554076147, 'colsample_bytree': 0.46631438568274103, 'colsample_bylevel': 0.394220642508942, 'reg_alpha': 0.05100812057064647, 'reg_lambda': 1.1722295299196064, 'gamma': 0.00015025008040763858, 'min_child_weight': 3}. Best is trial 2210 with value: 2.986319055234564e-06.

[Trial 2473/5000] Starting at 07:29:17
  Trial 2456 MSE: 0.000004 | MAPE: 0.14% | R²: -0.023882
  Trial time: 38.9s
[I 2026-03-13 07:29:17,221] Trial 2456 finished with value: 3.6000900407042295e-06 and parameters: {'lambda_P': 1.8445193493980638, 'lambda_B': 0.8609314125619134, 'lambda_G': 1.1307962587294473, 'n_estimators': 8182, 'max_depth': 9, 'learning_rate': 0.010683474607232322, 'subsample': 0.7114945840166288, 'colsample_bytree': 0.530964223304636, 'colsample_bylevel': 0.41163015823259586, 'reg_alpha': 0.16702931757636746, 'reg_lambda': 0.14436068656311338, 'gamma': 0.00023675623155007693, 'min_child_weight': 1}. Best is trial 2210 with value: 2.986319055234564e-06.

[Trial 2474/5000] Starting at 07:29:17
  Lambdas: P=1.026, B=0.516, G=0.658
  XGBoost params: n_estimators=7281, max_depth=18
  Starting cross-validation...
  Lambdas: P=1.315, B=0.736, G=0.537
  XGBoost params: n_estimators=8771, max_depth=18
  Starting cross-validation...
  Trial 2463 MSE: 0.000005 | MAPE: 0.16% | R²: -0.314049
  Trial time: 26.3s
[I 2026-03-13 07:29:18,667] Trial 2463 finished with value: 5.076887518448612e-06 and parameters: {'lambda_P': 1.450090564784472, 'lambda_B': 0.6041425718879776, 'lambda_G': 0.7211867526700009, 'n_estimators': 5913, 'max_depth': 16, 'learning_rate': 0.05428255386422506, 'subsample': 0.9723522574535065, 'colsample_bytree': 0.38878540117449134, 'colsample_bylevel': 0.6357029880627043, 'reg_alpha': 3.0992955561093942, 'reg_lambda': 1.5975562987126604, 'gamma': 0.00036782319859555534, 'min_child_weight': 6}. Best is trial 2210 with value: 2.986319055234564e-06.

[Trial 2475/5000] Starting at 07:29:18
  Lambdas: P=1.527, B=0.623, G=0.546
  XGBoost params: n_estimators=9149, max_depth=19
  Starting cross-validation...
  Trial 2457 MSE: 0.000004 | MAPE: 0.15% | R²: -0.091379
  Trial time: 41.0s
[I 2026-03-13 07:29:20,933] Trial 2457 finished with value: 3.950283591969911e-06 and parameters: {'lambda_P': 1.6414998328419206, 'lambda_B': 0.846817135756341, 'lambda_G': 1.073766026910559, 'n_estimators': 8611, 'max_depth': 11, 'learning_rate': 0.0047397866239936946, 'subsample': 0.8008759707625862, 'colsample_bytree': 0.5186242302257543, 'colsample_bylevel': 0.3878308690265584, 'reg_alpha': 0.29723555088958864, 'reg_lambda': 0.3154863567522046, 'gamma': 0.0003715213818494105, 'min_child_weight': 6}. Best is trial 2210 with value: 2.986319055234564e-06.

[Trial 2476/5000] Starting at 07:29:21
  Lambdas: P=1.649, B=0.796, G=0.660
  XGBoost params: n_estimators=8619, max_depth=15
  Starting cross-validation...
  Trial 2458 MSE: 0.000005 | MAPE: 0.16% | R²: -0.314049
  Trial time: 38.4s
[I 2026-03-13 07:29:23,257] Trial 2458 finished with value: 5.076887518448612e-06 and parameters: {'lambda_P': 1.7892875926902454, 'lambda_B': 0.5368342656559724, 'lambda_G': 0.7298607542593771, 'n_estimators': 9653, 'max_depth': 4, 'learning_rate': 0.004990812820809418, 'subsample': 0.6667005271824357, 'colsample_bytree': 0.5470060692735385, 'colsample_bylevel': 0.31560457244918944, 'reg_alpha': 3.8342737600748626, 'reg_lambda': 3.24273935242224, 'gamma': 0.0003903282742418331, 'min_child_weight': 1}. Best is trial 2210 with value: 2.986319055234564e-06.

[Trial 2477/5000] Starting at 07:29:23
  Lambdas: P=1.462, B=0.798, G=0.671
  XGBoost params: n_estimators=9373, max_depth=20
  Starting cross-validation...
  Trial 2466 MSE: 0.000005 | MAPE: 0.16% | R²: -0.269647
  Trial time: 30.7s
[I 2026-03-13 07:29:26,667] Trial 2466 finished with value: 4.952183153186042e-06 and parameters: {'lambda_P': 1.5757043236747563, 'lambda_B': 0.7279287146226725, 'lambda_G': 0.5188496487981574, 'n_estimators': 6800, 'max_depth': 17, 'learning_rate': 0.008485117690618056, 'subsample': 0.7519187643383392, 'colsample_bytree': 0.3967980662106386, 'colsample_bylevel': 0.4617537175272091, 'reg_alpha': 0.9602404593692262, 'reg_lambda': 1.9556090155555097, 'gamma': 0.00025898273008246713, 'min_child_weight': 1}. Best is trial 2210 with value: 2.986319055234564e-06.

[Trial 2478/5000] Starting at 07:29:26
  Lambdas: P=1.367, B=0.702, G=0.513
  XGBoost params: n_estimators=8225, max_depth=16
  Starting cross-validation...
  Trial 2464 MSE: 0.000004 | MAPE: 0.15% | R²: -0.069629
  Trial time: 34.8s
[I 2026-03-13 07:29:28,599] Trial 2464 finished with value: 3.8329930560126926e-06 and parameters: {'lambda_P': 1.594570192846923, 'lambda_B': 0.5343713361230549, 'lambda_G': 0.6525570215681983, 'n_estimators': 7473, 'max_depth': 19, 'learning_rate': 0.02081669762760528, 'subsample': 0.8608644326111871, 'colsample_bytree': 0.34314799207738556, 'colsample_bylevel': 0.42671699355260884, 'reg_alpha': 0.27583378584237056, 'reg_lambda': 2.3724225549995603, 'gamma': 0.00037141200350120486, 'min_child_weight': 4}. Best is trial 2210 with value: 2.986319055234564e-06.

[Trial 2479/5000] Starting at 07:29:28
  Lambdas: P=1.770, B=1.033, G=0.588
  XGBoost params: n_estimators=9026, max_depth=14
  Starting cross-validation...
  Trial 2461 MSE: 0.000005 | MAPE: 0.16% | R²: -0.314049
  Trial time: 41.2s
[I 2026-03-13 07:29:29,848] Trial 2461 finished with value: 5.076887518448612e-06 and parameters: {'lambda_P': 1.8361034507718041, 'lambda_B': 0.8513690919453587, 'lambda_G': 0.6500210451097392, 'n_estimators': 9089, 'max_depth': 20, 'learning_rate': 0.051613857013676503, 'subsample': 0.8982012090778838, 'colsample_bytree': 0.3686671756110728, 'colsample_bylevel': 0.6962793146522291, 'reg_alpha': 1.933323027575637, 'reg_lambda': 2.5535863593182233, 'gamma': 0.00019530358319428355, 'min_child_weight': 6}. Best is trial 2210 with value: 2.986319055234564e-06.

[Trial 2480/5000] Starting at 07:29:29
  Lambdas: P=1.347, B=0.719, G=0.847
  XGBoost params: n_estimators=7569, max_depth=20
  Starting cross-validation...
  Trial 2467 MSE: 0.000005 | MAPE: 0.16% | R²: -0.268621
  Trial time: 34.4s
