[I 2026-03-13 06:42:57,640] Trial 1040 finished with value: 3.996102117398498e-06 and parameters: {'lambda_P': 0.6819673132327616, 'lambda_B': 1.842871706845266, 'lambda_G': 1.283016651758909, 'n_estimators': 3269, 'max_depth': 20, 'learning_rate': 0.009932030680245243, 'subsample': 0.9440727633673797, 'colsample_bytree': 0.722875389588813, 'colsample_bylevel': 0.4376479317252019, 'reg_alpha': 0.41316731697071807, 'reg_lambda': 7.507018263301067, 'gamma': 0.00030813687724261756, 'min_child_weight': 4}. Best is trial 660 with value: 3.2379913054860083e-06.

[Trial 1053/5000] Starting at 06:42:57
  Lambdas: P=1.868, B=1.312, G=0.658
  XGBoost params: n_estimators=74, max_depth=8
  Starting cross-validation...
  Trial 1052 MSE: 0.000005 | MAPE: 0.16% | R²: -0.285586
  Trial time: 0.7s
[I 2026-03-13 06:42:58,558] Trial 1052 finished with value: 4.937301569725063e-06 and parameters: {'lambda_P': 1.868038003331067, 'lambda_B': 1.3119818211334575, 'lambda_G': 0.6575300966602955, 'n_estimators': 74, 'max_depth': 8, 'learning_rate': 0.001297042551504912, 'subsample': 0.8217818949722561, 'colsample_bytree': 0.4386927523782736, 'colsample_bylevel': 0.7848707142593698, 'reg_alpha': 0.3147189505836395, 'reg_lambda': 7.351686434542098, 'gamma': 0.000229479350771032, 'min_child_weight': 4}. Best is trial 660 with value: 3.2379913054860083e-06.

[Trial 1054/5000] Starting at 06:42:58
  Lambdas: P=1.156, B=1.795, G=1.000
  Trial 1038 MSE: 0.000005 | MAPE: 0.16% | R²: -0.314049
  Trial time: 18.8s
  XGBoost params: n_estimators=3532, max_depth=17
  Starting cross-validation...
[I 2026-03-13 06:42:59,084] Trial 1038 finished with value: 5.076887518448612e-06 and parameters: {'lambda_P': 1.0752503759287244, 'lambda_B': 1.368307142867404, 'lambda_G': 1.0198239528148922, 'n_estimators': 3839, 'max_depth': 4, 'learning_rate': 0.0011990812009264064, 'subsample': 0.9683673136733879, 'colsample_bytree': 0.3051992387787439, 'colsample_bylevel': 0.31457675612909586, 'reg_alpha': 2.3910380218656933, 'reg_lambda': 6.670991034275409, 'gamma': 0.00016140449345538054, 'min_child_weight': 19}. Best is trial 660 with value: 3.2379913054860083e-06.

[Trial 1055/5000] Starting at 06:42:59
  Lambdas: P=1.614, B=1.674, G=0.650
  XGBoost params: n_estimators=2499, max_depth=7
  Starting cross-validation...
  Trial 1041 MSE: 0.000004 | MAPE: 0.15% | R²: -0.063718
  Trial time: 17.1s
[I 2026-03-13 06:43:00,617] Trial 1041 finished with value: 3.874978039244602e-06 and parameters: {'lambda_P': 1.9464888026910263, 'lambda_B': 0.8467771061496372, 'lambda_G': 0.8929277454815893, 'n_estimators': 3440, 'max_depth': 10, 'learning_rate': 0.016755428358004403, 'subsample': 0.9796918145788098, 'colsample_bytree': 0.4519595618204516, 'colsample_bylevel': 0.9517457901250873, 'reg_alpha': 0.48859014919699706, 'reg_lambda': 9.324206041467663, 'gamma': 0.00015229497982716654, 'min_child_weight': 9}. Best is trial 660 with value: 3.2379913054860083e-06.

[Trial 1056/5000] Starting at 06:43:00
  Lambdas: P=1.013, B=1.429, G=1.107
  XGBoost params: n_estimators=4887, max_depth=14
  Starting cross-validation...
  Trial 1048 MSE: 0.000005 | MAPE: 0.16% | R²: -0.222357
  Trial time: 10.3s
[I 2026-03-13 06:43:01,759] Trial 1048 finished with value: 4.7528559653273826e-06 and parameters: {'lambda_P': 1.5559498738092743, 'lambda_B': 1.183732160128857, 'lambda_G': 0.6572691784516052, 'n_estimators': 1847, 'max_depth': 14, 'learning_rate': 0.004202375842279553, 'subsample': 0.9909566752069806, 'colsample_bytree': 0.3325562483192299, 'colsample_bylevel': 0.8718255004229489, 'reg_alpha': 1.1414910725990577, 'reg_lambda': 8.350277508390873, 'gamma': 0.0001691923679059503, 'min_child_weight': 8}. Best is trial 660 with value: 3.2379913054860083e-06.

[Trial 1057/5000] Starting at 06:43:01
  Lambdas: P=0.765, B=1.806, G=0.784
  XGBoost params: n_estimators=1015, max_depth=2
  Starting cross-validation...
  Trial 1047 MSE: 0.000005 | MAPE: 0.16% | R²: -0.314049
  Trial time: 14.3s
[I 2026-03-13 06:43:02,385] Trial 1047 finished with value: 5.076887518448612e-06 and parameters: {'lambda_P': 0.9668936027360344, 'lambda_B': 1.9204385069360075, 'lambda_G': 1.2487663663157536, 'n_estimators': 2940, 'max_depth': 17, 'learning_rate': 0.01181826703132986, 'subsample': 0.811298959016024, 'colsample_bytree': 0.7822960961116903, 'colsample_bylevel': 0.5103368532334435, 'reg_alpha': 1.424073702964379, 'reg_lambda': 8.340195961502019, 'gamma': 0.00026828758231849266, 'min_child_weight': 2}. Best is trial 660 with value: 3.2379913054860083e-06.

[Trial 1058/5000] Starting at 06:43:02
  Lambdas: P=1.958, B=1.174, G=0.560
  XGBoost params: n_estimators=345, max_depth=9
  Starting cross-validation...
  Trial 1046 MSE: 0.000005 | MAPE: 0.16% | R²: -0.212294
  Trial time: 16.8s
[I 2026-03-13 06:43:03,314] Trial 1046 finished with value: 4.605399882772848e-06 and parameters: {'lambda_P': 0.6327985777103076, 'lambda_B': 1.5379444629609158, 'lambda_G': 1.0382488467558866, 'n_estimators': 3510, 'max_depth': 20, 'learning_rate': 0.0011902667033221374, 'subsample': 0.8582405968627353, 'colsample_bytree': 0.4041761912971903, 'colsample_bylevel': 0.4788188163327517, 'reg_alpha': 0.45576111637798283, 'reg_lambda': 4.51457268519305, 'gamma': 0.0009092358647664262, 'min_child_weight': 9}. Best is trial 660 with value: 3.2379913054860083e-06.

[Trial 1059/5000] Starting at 06:43:03
  Lambdas: P=1.554, B=1.913, G=1.296
  XGBoost params: n_estimators=7419, max_depth=20
  Starting cross-validation...
  Trial 1030 MSE: 0.000004 | MAPE: 0.14% | R²: -0.006686
  Trial time: 36.3s
[I 2026-03-13 06:43:04,715] Trial 1030 finished with value: 3.5670281558686302e-06 and parameters: {'lambda_P': 0.9726318373377663, 'lambda_B': 1.1214066853668339, 'lambda_G': 1.1402076186557961, 'n_estimators': 6406, 'max_depth': 11, 'learning_rate': 0.0012770531895718003, 'subsample': 0.8433500346555858, 'colsample_bytree': 0.3500286521358389, 'colsample_bylevel': 0.7431395266878653, 'reg_alpha': 0.28092781930469024, 'reg_lambda': 9.148207508970177, 'gamma': 0.00015261937516845785, 'min_child_weight': 6}. Best is trial 660 with value: 3.2379913054860083e-06.
  Trial 1057 MSE: 0.000003 | MAPE: 0.14% | R²: 0.018581
  Trial time: 2.3s
[I 2026-03-13 06:43:04,876] Trial 1057 finished with value: 3.3802284336845055e-06 and parameters: {'lambda_P': 1.9578950342665462, 'lambda_B': 1.1735164371871922, 'lambda_G': 0.559567578941506, 'n_estimators': 345, 'max_depth': 9, 'learning_rate': 0.024361023016338475, 'subsample': 0.812474514525728, 'colsample_bytree': 0.34712579084276335, 'colsample_bylevel': 0.620863851419649, 'reg_alpha': 0.03434535290929429, 'reg_lambda': 6.2690966075216314, 'gamma': 0.00027847119924612256, 'min_child_weight': 11}. Best is trial 660 with value: 3.2379913054860083e-06.

[Trial 1060/5000] Starting at 06:43:04

[Trial 1061/5000] Starting at 06:43:04
  Trial 1044 MSE: 0.000005 | MAPE: 0.16% | R²: -0.314049
  Trial time: 19.6s
[I 2026-03-13 06:43:05,188] Trial 1044 finished with value: 5.076887518448612e-06 and parameters: {'lambda_P': 1.1728347233079206, 'lambda_B': 1.633838309457708, 'lambda_G': 1.0427005308707544, 'n_estimators': 3540, 'max_depth': 14, 'learning_rate': 0.0012456517067357268, 'subsample': 0.9131157118617294, 'colsample_bytree': 0.40601041812638683, 'colsample_bylevel': 0.44121840830410863, 'reg_alpha': 1.3791529575654997, 'reg_lambda': 3.7925200304335354, 'gamma': 0.00035387722307965436, 'min_child_weight': 10}. Best is trial 660 with value: 3.2379913054860083e-06.

[Trial 1062/5000] Starting at 06:43:05
  Lambdas: P=1.971, B=1.350, G=0.801
  Lambdas: P=1.892, B=0.875, G=0.563
  XGBoost params: n_estimators=320, max_depth=9
  Starting cross-validation...
  XGBoost params: n_estimators=2615, max_depth=15
  Starting cross-validation...
  Lambdas: P=1.879, B=0.814, G=0.976
  XGBoost params: n_estimators=549, max_depth=7
  Starting cross-validation...
  Trial 1049 MSE: 0.000005 | MAPE: 0.16% | R²: -0.209486
  Trial time: 14.5s
[I 2026-03-13 06:43:06,690] Trial 1049 finished with value: 4.626564789189605e-06 and parameters: {'lambda_P': 1.0671603889377368, 'lambda_B': 1.8439381518691436, 'lambda_G': 1.255911039960675, 'n_estimators': 2595, 'max_depth': 18, 'learning_rate': 0.0013525366109492967, 'subsample': 0.9033221511189635, 'colsample_bytree': 0.36412204428421935, 'colsample_bylevel': 0.5374777826696113, 'reg_alpha': 0.7213908898675694, 'reg_lambda': 5.171480737716512, 'gamma': 0.00047504432851488466, 'min_child_weight': 7}. Best is trial 660 with value: 3.2379913054860083e-06.

[Trial 1063/5000] Starting at 06:43:06
  Lambdas: P=1.740, B=0.894, G=0.525
  XGBoost params: n_estimators=933, max_depth=9
  Starting cross-validation...
  Trial 1060 MSE: 0.000004 | MAPE: 0.15% | R²: -0.067020
  Trial time: 2.5s
[I 2026-03-13 06:43:07,545] Trial 1060 finished with value: 3.851055576311466e-06 and parameters: {'lambda_P': 1.9708123570125604, 'lambda_B': 1.3501004366502076, 'lambda_G': 0.8010010201986593, 'n_estimators': 320, 'max_depth': 9, 'learning_rate': 0.08368911492467099, 'subsample': 0.8904276622236825, 'colsample_bytree': 0.4495325036080966, 'colsample_bylevel': 0.6873445232943483, 'reg_alpha': 0.26758845734803244, 'reg_lambda': 3.7620847802285726, 'gamma': 0.00025615082160601507, 'min_child_weight': 11}. Best is trial 660 with value: 3.2379913054860083e-06.

[Trial 1064/5000] Starting at 06:43:07
  Lambdas: P=1.949, B=1.108, G=0.595
  XGBoost params: n_estimators=1155, max_depth=10
  Starting cross-validation...
  Trial 1056 MSE: 0.000004 | MAPE: 0.15% | R²: -0.141455
  Trial time: 6.7s
[I 2026-03-13 06:43:08,698] Trial 1056 finished with value: 4.346923792649506e-06 and parameters: {'lambda_P': 0.7645681054948956, 'lambda_B': 1.8058495852793264, 'lambda_G': 0.7835463741333446, 'n_estimators': 1015, 'max_depth': 2, 'learning_rate': 0.009457253488820427, 'subsample': 0.9064209567942673, 'colsample_bytree': 0.30226596690419494, 'colsample_bylevel': 0.4087340011339997, 'reg_alpha': 0.8321548760289323, 'reg_lambda': 4.178320938340655, 'gamma': 0.00012997671409400828, 'min_child_weight': 16}. Best is trial 660 with value: 3.2379913054860083e-06.

[Trial 1065/5000] Starting at 06:43:08
  Lambdas: P=1.517, B=1.139, G=0.532
  XGBoost params: n_estimators=72, max_depth=11
  Starting cross-validation...
  Trial 1061 MSE: 0.000005 | MAPE: 0.16% | R²: -0.212861
  Trial time: 4.0s
[I 2026-03-13 06:43:09,414] Trial 1061 finished with value: 4.583870882264686e-06 and parameters: {'lambda_P': 1.878563287226762, 'lambda_B': 0.8137461090053142, 'lambda_G': 0.9760096308737104, 'n_estimators': 549, 'max_depth': 7, 'learning_rate': 0.12642623687153243, 'subsample': 0.7323741095414382, 'colsample_bytree': 0.40143815618686335, 'colsample_bylevel': 0.7093394813061586, 'reg_alpha': 0.5445720423775726, 'reg_lambda': 4.815195958702661, 'gamma': 0.0005460400865215973, 'min_child_weight': 14}. Best is trial 660 with value: 3.2379913054860083e-06.

[Trial 1066/5000] Starting at 06:43:09
  Lambdas: P=1.447, B=0.650, G=1.607
  Trial 1037 MSE: 0.000005 | MAPE: 0.16% | R²: -0.314049
  Trial time: 31.1s
[I 2026-03-13 06:43:09,936] Trial 1037 finished with value: 5.076887518448612e-06 and parameters: {'lambda_P': 0.5107174655657831, 'lambda_B': 1.3862397561460638, 'lambda_G': 0.797163877236196, 'n_estimators': 5735, 'max_depth': 20, 'learning_rate': 0.002186986040801166, 'subsample': 0.9688186428289614, 'colsample_bytree': 0.34759161531368327, 'colsample_bylevel': 0.3999178829502918, 'reg_alpha': 2.15091751159208, 'reg_lambda': 3.782515495077746, 'gamma': 0.0002780286063860439, 'min_child_weight': 7}. Best is trial 660 with value: 3.2379913054860083e-06.  XGBoost params: n_estimators=3959, max_depth=10
  Starting cross-validation...


[Trial 1067/5000] Starting at 06:43:10
  Trial 1064 MSE: 0.000005 | MAPE: 0.16% | R²: -0.252521
  Trial time: 1.3s
[I 2026-03-13 06:43:10,135] Trial 1064 finished with value: 4.8268540902265165e-06 and parameters: {'lambda_P': 1.516930308676154, 'lambda_B': 1.1394251956279247, 'lambda_G': 0.531671938512887, 'n_estimators': 72, 'max_depth': 11, 'learning_rate': 0.008826193407652894, 'subsample': 0.9021227202135692, 'colsample_bytree': 0.4095942331947063, 'colsample_bylevel': 0.5701336060723657, 'reg_alpha': 0.75382287918665, 'reg_lambda': 7.152594676242065, 'gamma': 0.00014358405876928505, 'min_child_weight': 11}. Best is trial 660 with value: 3.2379913054860083e-06.

[Trial 1068/5000] Starting at 06:43:10
  Lambdas: P=1.943, B=1.292, G=0.603
  Lambdas: P=1.019, B=1.473, G=1.247
  XGBoost params: n_estimators=1452, max_depth=12
  Starting cross-validation...
  XGBoost params: n_estimators=3575, max_depth=19
  Starting cross-validation...
  Trial 1045 MSE: 0.000003 | MAPE: 0.14% | R²: 0.038771
  Trial time: 25.2s
[I 2026-03-13 06:43:11,378] Trial 1045 finished with value: 3.353227188486544e-06 and parameters: {'lambda_P': 0.9117443338046833, 'lambda_B': 1.5381260643502668, 'lambda_G': 0.8896366094058712, 'n_estimators': 4221, 'max_depth': 18, 'learning_rate': 0.0013720238004431722, 'subsample': 0.9893367526176157, 'colsample_bytree': 0.4480511941707507, 'colsample_bylevel': 0.4387050988804927, 'reg_alpha': 0.23408808924238472, 'reg_lambda': 5.038395766104555, 'gamma': 0.00011297483602964356, 'min_child_weight': 6}. Best is trial 660 with value: 3.2379913054860083e-06.

[Trial 1069/5000] Starting at 06:43:11
  Lambdas: P=1.048, B=1.685, G=0.846
  XGBoost params: n_estimators=1773, max_depth=18
  Starting cross-validation...
  Trial 1062 MSE: 0.000004 | MAPE: 0.15% | R²: -0.174411
  Trial time: 6.4s
[I 2026-03-13 06:43:13,285] Trial 1062 finished with value: 4.317194324620429e-06 and parameters: {'lambda_P': 1.7401202930993414, 'lambda_B': 0.894216378998949, 'lambda_G': 0.5252857702164235, 'n_estimators': 933, 'max_depth': 9, 'learning_rate': 0.11984924194315377, 'subsample': 0.7649483687104144, 'colsample_bytree': 0.31185893903902967, 'colsample_bylevel': 0.637358421695457, 'reg_alpha': 0.3513269444359126, 'reg_lambda': 5.52640318240507, 'gamma': 0.0005445457497696175, 'min_child_weight': 17}. Best is trial 660 with value: 3.2379913054860083e-06.

[Trial 1070/5000] Starting at 06:43:13
  Lambdas: P=1.478, B=1.979, G=1.913
  XGBoost params: n_estimators=8080, max_depth=15
  Starting cross-validation...
  Trial 1054 MSE: 0.000005 | MAPE: 0.16% | R²: -0.314049
  Trial time: 15.5s
[I 2026-03-13 06:43:14,765] Trial 1054 finished with value: 5.076887518448612e-06 and parameters: {'lambda_P': 1.613600596859286, 'lambda_B': 1.674424522623308, 'lambda_G': 0.650030430005284, 'n_estimators': 2499, 'max_depth': 7, 'learning_rate': 0.0033902080895708083, 'subsample': 0.9895825181603681, 'colsample_bytree': 0.30900584573478085, 'colsample_bylevel': 0.7132043700659955, 'reg_alpha': 2.49004975542118, 'reg_lambda': 4.877067628092777, 'gamma': 0.0004456498281948538, 'min_child_weight': 10}. Best is trial 660 with value: 3.2379913054860083e-06.

[Trial 1071/5000] Starting at 06:43:14
  Lambdas: P=1.046, B=1.561, G=0.808
  XGBoost params: n_estimators=3504, max_depth=20
  Starting cross-validation...
  Trial 1063 MSE: 0.000005 | MAPE: 0.16% | R²: -0.262858
  Trial time: 7.7s
[I 2026-03-13 06:43:15,459] Trial 1063 finished with value: 4.928755842177312e-06 and parameters: {'lambda_P': 1.949354007500191, 'lambda_B': 1.1078739769707764, 'lambda_G': 0.5948899736660119, 'n_estimators': 1155, 'max_depth': 10, 'learning_rate': 0.0057337170976995535, 'subsample': 0.9061997037999991, 'colsample_bytree': 0.32381616242998695, 'colsample_bylevel': 0.3654191081817056, 'reg_alpha': 1.0080677442918893, 'reg_lambda': 7.859399110784325, 'gamma': 0.00038165102089140785, 'min_child_weight': 9}. Best is trial 660 with value: 3.2379913054860083e-06.

[Trial 1072/5000] Starting at 06:43:15
  Lambdas: P=0.692, B=1.845, G=1.494
  Trial 1042 MSE: 0.000004 | MAPE: 0.14% | R²: -0.013144
  Trial time: 31.2s
[I 2026-03-13 06:43:15,917] Trial 1042 finished with value: 3.558187498202852e-06 and parameters: {'lambda_P': 0.7930481396152755, 'lambda_B': 1.512321707686984, 'lambda_G': 0.9662492939000153, 'n_estimators': 5172, 'max_depth': 15, 'learning_rate': 0.0016431323604862492, 'subsample': 0.9573687446648451, 'colsample_bytree': 0.3408463888402198, 'colsample_bylevel': 0.42432797912230935, 'reg_alpha': 0.24882690441266836, 'reg_lambda': 7.16275883039228, 'gamma': 0.00025678214126230757, 'min_child_weight': 4}. Best is trial 660 with value: 3.2379913054860083e-06.

[Trial 1073/5000] Starting at 06:43:16
  XGBoost params: n_estimators=6699, max_depth=16
  Starting cross-validation...
  Lambdas: P=1.982, B=1.074, G=0.897
  Trial 1051 MSE: 0.000005 | MAPE: 0.16% | R²: -0.314049
  Trial time: 20.2s
[I 2026-03-13 06:43:16,473] Trial 1051 finished with value: 5.076887518448612e-06 and parameters: {'lambda_P': 0.5174107350791048, 'lambda_B': 1.2234627742924458, 'lambda_G': 1.3641211177484942, 'n_estimators': 4134, 'max_depth': 17, 'learning_rate': 0.0044213323401414446, 'subsample': 0.9651359652579344, 'colsample_bytree': 0.5985941793482465, 'colsample_bylevel': 0.35477722127414524, 'reg_alpha': 2.9618237241809413, 'reg_lambda': 5.131575313690182, 'gamma': 0.0008289352823711311, 'min_child_weight': 4}. Best is trial 660 with value: 3.2379913054860083e-06.

[Trial 1074/5000] Starting at 06:43:16
  XGBoost params: n_estimators=2735, max_depth=7
  Starting cross-validation...
  Lambdas: P=1.958, B=1.035, G=0.520
  XGBoost params: n_estimators=292, max_depth=10
  Starting cross-validation...
  Trial 1073 MSE: 0.000004 | MAPE: 0.16% | R²: -0.204971
  Trial time: 1.3s
[I 2026-03-13 06:43:17,987] Trial 1073 finished with value: 4.435844128678814e-06 and parameters: {'lambda_P': 1.9583659802064641, 'lambda_B': 1.034720490649462, 'lambda_G': 0.5197706952453581, 'n_estimators': 292, 'max_depth': 10, 'learning_rate': 0.1234328161141351, 'subsample': 0.6564727243591717, 'colsample_bytree': 0.32233655758061774, 'colsample_bylevel': 0.5500213847619009, 'reg_alpha': 0.2814634900198833, 'reg_lambda': 9.330050277864135, 'gamma': 0.0006618438747712235, 'min_child_weight': 9}. Best is trial 660 with value: 3.2379913054860083e-06.

[Trial 1075/5000] Starting at 06:43:18
  Lambdas: P=0.951, B=1.697, G=1.181
  XGBoost params: n_estimators=3588, max_depth=17
  Starting cross-validation...
  Trial 1066 MSE: 0.000005 | MAPE: 0.16% | R²: -0.254339
  Trial time: 8.9s
[I 2026-03-13 06:43:19,088] Trial 1066 finished with value: 4.7980434315974565e-06 and parameters: {'lambda_P': 1.9434731691965583, 'lambda_B': 1.2915864523852858, 'lambda_G': 0.602767179565012, 'n_estimators': 1452, 'max_depth': 12, 'learning_rate': 0.00749193691504837, 'subsample': 0.5278928710275717, 'colsample_bytree': 0.48023441024704944, 'colsample_bylevel': 0.6107025822011142, 'reg_alpha': 0.2123252839332106, 'reg_lambda': 4.0966870078844755, 'gamma': 0.0010945367680426673, 'min_child_weight': 6}. Best is trial 660 with value: 3.2379913054860083e-06.

[Trial 1076/5000] Starting at 06:43:19
  Lambdas: P=0.991, B=1.349, G=1.253
  XGBoost params: n_estimators=2880, max_depth=20
  Starting cross-validation...
  Trial 1053 MSE: 0.000005 | MAPE: 0.16% | R²: -0.314049
  Trial time: 22.0s
[I 2026-03-13 06:43:20,721] Trial 1053 finished with value: 5.076887518448612e-06 and parameters: {'lambda_P': 1.1557801178377543, 'lambda_B': 1.7951345404464496, 'lambda_G': 1.0002804203617648, 'n_estimators': 3532, 'max_depth': 17, 'learning_rate': 0.0014050700410309573, 'subsample': 0.9689247814972098, 'colsample_bytree': 0.31725400792712993, 'colsample_bylevel': 0.357018068555767, 'reg_alpha': 1.7517018745744628, 'reg_lambda': 7.447087044437772, 'gamma': 0.0012477864748560133, 'min_child_weight': 7}. Best is trial 660 with value: 3.2379913054860083e-06.

[Trial 1077/5000] Starting at 06:43:20
  Lambdas: P=1.163, B=1.508, G=1.116
  XGBoost params: n_estimators=4443, max_depth=20
  Starting cross-validation...
  Trial 1068 MSE: 0.000005 | MAPE: 0.16% | R²: -0.314049
  Trial time: 10.6s
[I 2026-03-13 06:43:22,204] Trial 1068 finished with value: 5.076887518448612e-06 and parameters: {'lambda_P': 1.0483189121647984, 'lambda_B': 1.6849227191461151, 'lambda_G': 0.8463084641835275, 'n_estimators': 1773, 'max_depth': 18, 'learning_rate': 0.005608361980380882, 'subsample': 0.9373429854454407, 'colsample_bytree': 0.5519666487291499, 'colsample_bylevel': 0.4616952372482496, 'reg_alpha': 2.499507048509041, 'reg_lambda': 4.366539771711112, 'gamma': 0.00024542237316818296, 'min_child_weight': 2}. Best is trial 660 with value: 3.2379913054860083e-06.

[Trial 1078/5000] Starting at 06:43:22
  Trial 1050 MSE: 0.000005 | MAPE: 0.16% | R²: -0.314049
  Trial time: 27.4s
[I 2026-03-13 06:43:22,563] Trial 1050 finished with value: 5.076887518448612e-06 and parameters: {'lambda_P': 0.806553833136714, 'lambda_B': 1.9399751686861026, 'lambda_G': 0.9734344174675285, 'n_estimators': 5780, 'max_depth': 17, 'learning_rate': 0.009433489348356142, 'subsample': 0.9204978973097453, 'colsample_bytree': 0.7675916868694063, 'colsample_bylevel': 0.4078400284617677, 'reg_alpha': 1.7265575299091975, 'reg_lambda': 3.717796823922164, 'gamma': 0.0005463044304045874, 'min_child_weight': 1}. Best is trial 660 with value: 3.2379913054860083e-06.

[Trial 1079/5000] Starting at 06:43:22
  Lambdas: P=1.788, B=1.558, G=0.660
  XGBoost params: n_estimators=624, max_depth=6
  Starting cross-validation...
  Trial 1059 MSE: 0.000005 | MAPE: 0.16% | R²: -0.222623
  Trial time: 18.0s
