[I 2026-03-13 07:08:04,417] Trial 1893 finished with value: 5.076887518448612e-06 and parameters: {'lambda_P': 1.6768765999471122, 'lambda_B': 1.9146049896812989, 'lambda_G': 0.8376189566475677, 'n_estimators': 7685, 'max_depth': 14, 'learning_rate': 0.003145088964512377, 'subsample': 0.6339988368521122, 'colsample_bytree': 0.4827439938698088, 'colsample_bylevel': 0.5633863649661324, 'reg_alpha': 1.802935069532973, 'reg_lambda': 0.030887231973862228, 'gamma': 0.00012976697485091732, 'min_child_weight': 1}. Best is trial 1422 with value: 2.996031181594198e-06.

[Trial 1914/5000] Starting at 07:08:04
  Lambdas: P=1.943, B=1.833, G=0.616
  XGBoost params: n_estimators=7307, max_depth=12
  Starting cross-validation...
  Trial 1900 MSE: 0.000005 | MAPE: 0.16% | R²: -0.314049
  Trial time: 24.5s
[I 2026-03-13 07:08:05,514] Trial 1900 finished with value: 5.076887518448612e-06 and parameters: {'lambda_P': 1.6956069550558421, 'lambda_B': 1.0465138842167172, 'lambda_G': 1.7263228117064853, 'n_estimators': 4641, 'max_depth': 5, 'learning_rate': 0.015732032009669335, 'subsample': 0.5534482905518416, 'colsample_bytree': 0.9813699565509502, 'colsample_bylevel': 0.49898429790376214, 'reg_alpha': 6.93900443382756, 'reg_lambda': 4.813799754859942, 'gamma': 0.01219710535825803, 'min_child_weight': 13}. Best is trial 1422 with value: 2.996031181594198e-06.

[Trial 1915/5000] Starting at 07:08:05
  Lambdas: P=1.992, B=1.841, G=0.711
  XGBoost params: n_estimators=6523, max_depth=12
  Starting cross-validation...
  Trial 1901 MSE: 0.000005 | MAPE: 0.16% | R²: -0.314049
  Trial time: 24.9s
[I 2026-03-13 07:08:11,161] Trial 1901 finished with value: 5.076887518448612e-06 and parameters: {'lambda_P': 0.5481982549853348, 'lambda_B': 1.4712497341726758, 'lambda_G': 1.1430731871322501, 'n_estimators': 4758, 'max_depth': 2, 'learning_rate': 0.037423093447253454, 'subsample': 0.5415662354023131, 'colsample_bytree': 0.46509457667352594, 'colsample_bylevel': 0.9722520084510922, 'reg_alpha': 7.260432011312163, 'reg_lambda': 7.778022800758864, 'gamma': 0.00042719349896217, 'min_child_weight': 4}. Best is trial 1422 with value: 2.996031181594198e-06.

[Trial 1916/5000] Starting at 07:08:11
  Lambdas: P=1.896, B=1.914, G=1.805
  XGBoost params: n_estimators=7035, max_depth=2
  Starting cross-validation...
  Trial 1907 MSE: 0.000005 | MAPE: 0.16% | R²: -0.320756
  Trial time: 13.2s
[I 2026-03-13 07:08:12,342] Trial 1907 finished with value: 5.08820216068044e-06 and parameters: {'lambda_P': 1.2808013979175856, 'lambda_B': 1.6861758722166398, 'lambda_G': 1.1164764631850945, 'n_estimators': 2826, 'max_depth': 15, 'learning_rate': 0.030107054010626497, 'subsample': 0.6104340620997232, 'colsample_bytree': 0.5779173816940832, 'colsample_bylevel': 0.35086907418423785, 'reg_alpha': 0.48499643418065713, 'reg_lambda': 4.363470139294134, 'gamma': 0.0013368753497554587, 'min_child_weight': 10}. Best is trial 1422 with value: 2.996031181594198e-06.

[Trial 1917/5000] Starting at 07:08:12
  Lambdas: P=1.899, B=1.473, G=0.762
  XGBoost params: n_estimators=6836, max_depth=14
  Starting cross-validation...
  Trial 1904 MSE: 0.000005 | MAPE: 0.16% | R²: -0.314049
  Trial time: 25.7s
[I 2026-03-13 07:08:15,016] Trial 1904 finished with value: 5.076887518448612e-06 and parameters: {'lambda_P': 0.7693612013452251, 'lambda_B': 0.6935796111077285, 'lambda_G': 1.00405320406089, 'n_estimators': 5074, 'max_depth': 4, 'learning_rate': 0.42544961409290744, 'subsample': 0.6252058378548555, 'colsample_bytree': 0.5453280888379464, 'colsample_bylevel': 0.44973715629058575, 'reg_alpha': 6.625106825024245, 'reg_lambda': 7.831712700547153, 'gamma': 0.00017076017095403727, 'min_child_weight': 20}. Best is trial 1422 with value: 2.996031181594198e-06.

[Trial 1918/5000] Starting at 07:08:15
  Lambdas: P=1.653, B=1.534, G=1.851
  XGBoost params: n_estimators=448, max_depth=3
  Starting cross-validation...
  Trial 1917 MSE: 0.000004 | MAPE: 0.15% | R²: -0.118552
  Trial time: 2.2s
[I 2026-03-13 07:08:17,430] Trial 1917 finished with value: 4.210327791134963e-06 and parameters: {'lambda_P': 1.6532605123924655, 'lambda_B': 1.5336084729537522, 'lambda_G': 1.8509426202470738, 'n_estimators': 448, 'max_depth': 3, 'learning_rate': 0.03711822137840402, 'subsample': 0.8015144979121496, 'colsample_bytree': 0.35411107126835983, 'colsample_bylevel': 0.5910301407843779, 'reg_alpha': 0.6593626549774859, 'reg_lambda': 8.7865704500254, 'gamma': 0.00012643209478155757, 'min_child_weight': 20}. Best is trial 1422 with value: 2.996031181594198e-06.

[Trial 1919/5000] Starting at 07:08:17
  Lambdas: P=1.402, B=1.221, G=0.533
  XGBoost params: n_estimators=5624, max_depth=10
  Starting cross-validation...
  Trial 1897 MSE: 0.000004 | MAPE: 0.15% | R²: -0.155202
  Trial time: 43.2s
[I 2026-03-13 07:08:18,276] Trial 1897 finished with value: 4.325553066129816e-06 and parameters: {'lambda_P': 1.4725793282357003, 'lambda_B': 0.6680809924028308, 'lambda_G': 0.5201850452641772, 'n_estimators': 8574, 'max_depth': 3, 'learning_rate': 0.001976373263919941, 'subsample': 0.7907881867123283, 'colsample_bytree': 0.44601457840619263, 'colsample_bylevel': 0.5279079787558041, 'reg_alpha': 0.44038785447211276, 'reg_lambda': 6.03815012847237, 'gamma': 0.0004884052868098343, 'min_child_weight': 1}. Best is trial 1422 with value: 2.996031181594198e-06.

[Trial 1920/5000] Starting at 07:08:18
  Lambdas: P=0.573, B=1.685, G=0.706
  XGBoost params: n_estimators=5050, max_depth=13
  Starting cross-validation...
  Trial 1912 MSE: 0.000005 | MAPE: 0.16% | R²: -0.314049
  Trial time: 16.3s
[I 2026-03-13 07:08:19,537] Trial 1912 finished with value: 5.076887518448612e-06 and parameters: {'lambda_P': 1.2599352699237063, 'lambda_B': 1.9892014934148596, 'lambda_G': 1.6091397919398067, 'n_estimators': 3352, 'max_depth': 3, 'learning_rate': 0.055881008673094666, 'subsample': 0.45572758157111987, 'colsample_bytree': 0.42362118675196736, 'colsample_bylevel': 0.30213092132817404, 'reg_alpha': 2.028066347092082, 'reg_lambda': 9.687413617444335, 'gamma': 0.00015665265691885408, 'min_child_weight': 11}. Best is trial 1422 with value: 2.996031181594198e-06.

[Trial 1921/5000] Starting at 07:08:19
  Lambdas: P=1.152, B=0.750, G=1.897
  XGBoost params: n_estimators=4681, max_depth=20
  Starting cross-validation...
  Trial 1905 MSE: 0.000005 | MAPE: 0.16% | R²: -0.192118
  Trial time: 31.2s
[I 2026-03-13 07:08:21,265] Trial 1905 finished with value: 4.5459907251902846e-06 and parameters: {'lambda_P': 1.7326429206490395, 'lambda_B': 1.983479644363507, 'lambda_G': 0.9586060537171466, 'n_estimators': 7852, 'max_depth': 12, 'learning_rate': 0.0012594895600345098, 'subsample': 0.7794698875773324, 'colsample_bytree': 0.506318076749507, 'colsample_bylevel': 0.6875562897911376, 'reg_alpha': 0.6533848452121371, 'reg_lambda': 3.0067138759254175, 'gamma': 0.00033805989910279426, 'min_child_weight': 7}. Best is trial 1422 with value: 2.996031181594198e-06.

[Trial 1922/5000] Starting at 07:08:21
  Lambdas: P=0.923, B=1.714, G=1.275
  Trial 1911 MSE: 0.000003 | MAPE: 0.14% | R²: 0.019947
  Trial time: 19.2s
[I 2026-03-13 07:08:21,758] Trial 1911 finished with value: 3.31294907031562e-06 and parameters: {'lambda_P': 1.0540264796391097, 'lambda_B': 1.7983198107170086, 'lambda_G': 1.4218076666539463, 'n_estimators': 3769, 'max_depth': 16, 'learning_rate': 0.12194902861337074, 'subsample': 0.6685342884940499, 'colsample_bytree': 0.628330224962283, 'colsample_bylevel': 0.30442406897161695, 'reg_alpha': 0.04711970670724438, 'reg_lambda': 3.601599529846735, 'gamma': 0.00011502810360965079, 'min_child_weight': 4}. Best is trial 1422 with value: 2.996031181594198e-06.
  XGBoost params: n_estimators=8687, max_depth=20

[Trial 1923/5000] Starting at 07:08:21
  Starting cross-validation...
  Lambdas: P=1.204, B=0.840, G=0.502
  XGBoost params: n_estimators=9623, max_depth=12
  Starting cross-validation...
  Trial 1906 MSE: 0.000003 | MAPE: 0.14% | R²: 0.024299
  Trial time: 31.4s
[I 2026-03-13 07:08:26,072] Trial 1906 finished with value: 3.399657909610125e-06 and parameters: {'lambda_P': 1.8778471633028286, 'lambda_B': 1.7291613508623485, 'lambda_G': 1.1156235566450432, 'n_estimators': 6122, 'max_depth': 16, 'learning_rate': 0.003628141836252578, 'subsample': 0.7017183170452391, 'colsample_bytree': 0.3346645425609249, 'colsample_bylevel': 0.7619525888445311, 'reg_alpha': 0.14351357479340662, 'reg_lambda': 2.366634473329622, 'gamma': 0.00014745200380094164, 'min_child_weight': 7}. Best is trial 1422 with value: 2.996031181594198e-06.

[Trial 1924/5000] Starting at 07:08:26
  Lambdas: P=0.681, B=1.362, G=1.318
  XGBoost params: n_estimators=66, max_depth=6
  Starting cross-validation...
  Trial 1908 MSE: 0.000005 | MAPE: 0.16% | R²: -0.314049
  Trial time: 26.5s
[I 2026-03-13 07:08:26,766] Trial 1908 finished with value: 5.076887518448612e-06 and parameters: {'lambda_P': 1.0576826304664226, 'lambda_B': 1.3620789125686166, 'lambda_G': 0.7843930608235221, 'n_estimators': 5021, 'max_depth': 5, 'learning_rate': 0.2610615845073897, 'subsample': 0.9832677000899019, 'colsample_bytree': 0.4611697888379419, 'colsample_bylevel': 0.30197384742736644, 'reg_alpha': 0.18774252873679487, 'reg_lambda': 6.668429412161208, 'gamma': 0.03317836615870109, 'min_child_weight': 3}. Best is trial 1422 with value: 2.996031181594198e-06.

[Trial 1925/5000] Starting at 07:08:26
  Trial 1923 MSE: 0.000005 | MAPE: 0.16% | R²: -0.314049
  Trial time: 0.9s
[I 2026-03-13 07:08:27,142] Trial 1923 finished with value: 5.076887518448612e-06 and parameters: {'lambda_P': 0.6805160669324546, 'lambda_B': 1.3622526297579431, 'lambda_G': 1.3183424287711047, 'n_estimators': 66, 'max_depth': 6, 'learning_rate': 0.4989331734725167, 'subsample': 0.9494613440992283, 'colsample_bytree': 0.3679300792137118, 'colsample_bylevel': 0.6859097621766257, 'reg_alpha': 6.26195179495361, 'reg_lambda': 7.414745671662956, 'gamma': 0.09952616975684946, 'min_child_weight': 5}. Best is trial 1422 with value: 2.996031181594198e-06.

[Trial 1926/5000] Starting at 07:08:27
  Lambdas: P=0.756, B=1.155, G=0.940
  XGBoost params: n_estimators=479, max_depth=6
  Starting cross-validation...
  Lambdas: P=1.859, B=1.250, G=1.856
  XGBoost params: n_estimators=8327, max_depth=18
  Starting cross-validation...
  Trial 1924 MSE: 0.000005 | MAPE: 0.16% | R²: -0.314049
  Trial time: 2.4s
[I 2026-03-13 07:08:29,409] Trial 1924 finished with value: 5.076887518448612e-06 and parameters: {'lambda_P': 0.7561226856844995, 'lambda_B': 1.1548698974638993, 'lambda_G': 0.9399720139251704, 'n_estimators': 479, 'max_depth': 6, 'learning_rate': 0.23587794654933186, 'subsample': 0.3321155196925661, 'colsample_bytree': 0.3631675803743594, 'colsample_bylevel': 0.7469581735649556, 'reg_alpha': 5.347140025874318, 'reg_lambda': 4.3611200959398655, 'gamma': 0.04232578881000332, 'min_child_weight': 3}. Best is trial 1422 with value: 2.996031181594198e-06.

[Trial 1927/5000] Starting at 07:08:29
  Lambdas: P=1.263, B=0.682, G=0.587
  XGBoost params: n_estimators=2812, max_depth=7
  Starting cross-validation...
  Trial 1902 MSE: 0.000004 | MAPE: 0.15% | R²: -0.082130
  Trial time: 43.3s
[I 2026-03-13 07:08:30,083] Trial 1902 finished with value: 3.864369969009591e-06 and parameters: {'lambda_P': 1.7059474138109187, 'lambda_B': 0.533416857172228, 'lambda_G': 0.7184063363932367, 'n_estimators': 7624, 'max_depth': 4, 'learning_rate': 0.009778108004831027, 'subsample': 0.611013513500817, 'colsample_bytree': 0.6700742779693881, 'colsample_bylevel': 0.44880787851969955, 'reg_alpha': 0.04217153478261433, 'reg_lambda': 1.826806724556422, 'gamma': 0.000560460142196907, 'min_child_weight': 8}. Best is trial 1422 with value: 2.996031181594198e-06.

[Trial 1928/5000] Starting at 07:08:30
  Lambdas: P=0.601, B=1.341, G=0.634
  XGBoost params: n_estimators=4811, max_depth=17
  Starting cross-validation...
  Trial 1910 MSE: 0.000004 | MAPE: 0.15% | R²: -0.061207
  Trial time: 32.1s
[I 2026-03-13 07:08:33,947] Trial 1910 finished with value: 3.859306572508059e-06 and parameters: {'lambda_P': 1.9299491725589462, 'lambda_B': 1.7057354137007317, 'lambda_G': 0.9144619677714125, 'n_estimators': 6454, 'max_depth': 10, 'learning_rate': 0.003700320415031497, 'subsample': 0.7991419097817762, 'colsample_bytree': 0.4942667236173112, 'colsample_bylevel': 0.7635614325070647, 'reg_alpha': 0.43606477824631495, 'reg_lambda': 4.550097159589862, 'gamma': 0.00012032836164496538, 'min_child_weight': 10}. Best is trial 1422 with value: 2.996031181594198e-06.

[Trial 1929/5000] Starting at 07:08:34
  Lambdas: P=0.917, B=1.917, G=1.129
  XGBoost params: n_estimators=9147, max_depth=19
  Starting cross-validation...
  Trial 1914 MSE: 0.000004 | MAPE: 0.15% | R²: -0.087287
  Trial time: 30.6s
[I 2026-03-13 07:08:36,313] Trial 1914 finished with value: 3.996873647845924e-06 and parameters: {'lambda_P': 1.9923030313517558, 'lambda_B': 1.8414260665800857, 'lambda_G': 0.7109479523710673, 'n_estimators': 6523, 'max_depth': 12, 'learning_rate': 0.016224318394570156, 'subsample': 0.6395283015490911, 'colsample_bytree': 0.6798803267148679, 'colsample_bylevel': 0.726938871379556, 'reg_alpha': 0.3947864827197913, 'reg_lambda': 3.521846853733884, 'gamma': 0.0001372521218313797, 'min_child_weight': 10}. Best is trial 1422 with value: 2.996031181594198e-06.

[Trial 1930/5000] Starting at 07:08:36
  Lambdas: P=1.111, B=1.846, G=0.812
  XGBoost params: n_estimators=8763, max_depth=12
  Starting cross-validation...
  Trial 1926 MSE: 0.000004 | MAPE: 0.15% | R²: -0.128983
  Trial time: 9.5s
[I 2026-03-13 07:08:39,146] Trial 1926 finished with value: 4.134889543761805e-06 and parameters: {'lambda_P': 1.2632779312407534, 'lambda_B': 0.6819962071223499, 'lambda_G': 0.5871424802597073, 'n_estimators': 2812, 'max_depth': 7, 'learning_rate': 0.001477489956152121, 'subsample': 0.6302237175470682, 'colsample_bytree': 0.3696183662957732, 'colsample_bylevel': 0.6930764863667592, 'reg_alpha': 0.15427082024227268, 'reg_lambda': 2.6157123063891667, 'gamma': 0.0005331693813988619, 'min_child_weight': 3}. Best is trial 1422 with value: 2.996031181594198e-06.

[Trial 1931/5000] Starting at 07:08:39
  Lambdas: P=1.292, B=1.828, G=1.583
  XGBoost params: n_estimators=2019, max_depth=6
  Starting cross-validation...
  Trial 1913 MSE: 0.000004 | MAPE: 0.15% | R²: -0.066621
  Trial time: 35.4s
[I 2026-03-13 07:08:40,053] Trial 1913 finished with value: 3.873886685047654e-06 and parameters: {'lambda_P': 1.9430397952179908, 'lambda_B': 1.8327462997703012, 'lambda_G': 0.6162413356667182, 'n_estimators': 7307, 'max_depth': 12, 'learning_rate': 0.003979490712820137, 'subsample': 0.6520838017285737, 'colsample_bytree': 0.5588963775589799, 'colsample_bylevel': 0.8860708421630048, 'reg_alpha': 0.30519347668933466, 'reg_lambda': 3.5663273847164634, 'gamma': 0.00014382062608398575, 'min_child_weight': 7}. Best is trial 1422 with value: 2.996031181594198e-06.

[Trial 1932/5000] Starting at 07:08:40
  Lambdas: P=0.958, B=1.615, G=0.833
  XGBoost params: n_estimators=8493, max_depth=9
  Starting cross-validation...
  Trial 1920 MSE: 0.000005 | MAPE: 0.16% | R²: -0.314049
  Trial time: 21.9s
[I 2026-03-13 07:08:41,635] Trial 1920 finished with value: 5.076887518448612e-06 and parameters: {'lambda_P': 1.1520452047025929, 'lambda_B': 0.7502989929357953, 'lambda_G': 1.897361157738409, 'n_estimators': 4681, 'max_depth': 20, 'learning_rate': 0.3564594449430518, 'subsample': 0.5228365743211377, 'colsample_bytree': 0.7546560964103841, 'colsample_bylevel': 0.5651137885487763, 'reg_alpha': 4.544657667503858, 'reg_lambda': 6.049546466386197, 'gamma': 0.0803456767236837, 'min_child_weight': 10}. Best is trial 1422 with value: 2.996031181594198e-06.

[Trial 1933/5000] Starting at 07:08:41
  Trial 1919 MSE: 0.000005 | MAPE: 0.16% | R²: -0.314049
  Trial time: 23.5s
[I 2026-03-13 07:08:42,002] Trial 1919 finished with value: 5.076887518448612e-06 and parameters: {'lambda_P': 0.5725589726111058, 'lambda_B': 1.6846359858328084, 'lambda_G': 0.7064183255962785, 'n_estimators': 5050, 'max_depth': 13, 'learning_rate': 0.003175080975230892, 'subsample': 0.9621596993786794, 'colsample_bytree': 0.34774420334048756, 'colsample_bylevel': 0.8675941572746632, 'reg_alpha': 9.591992332725525, 'reg_lambda': 5.479504053642539, 'gamma': 0.01061202553023644, 'min_child_weight': 17}. Best is trial 1422 with value: 2.996031181594198e-06.

[Trial 1934/5000] Starting at 07:08:42
  Lambdas: P=1.964, B=1.585, G=1.690
  Trial 1916 MSE: 0.000004 | MAPE: 0.15% | R²: -0.095844
  Trial time: 29.9s
  XGBoost params: n_estimators=6549, max_depth=9
  Starting cross-validation...
[I 2026-03-13 07:08:42,478] Trial 1916 finished with value: 3.998995659936734e-06 and parameters: {'lambda_P': 1.8986690717593657, 'lambda_B': 1.4731262859205423, 'lambda_G': 0.7621221279698317, 'n_estimators': 6836, 'max_depth': 14, 'learning_rate': 0.0023469004261779092, 'subsample': 0.798134206281417, 'colsample_bytree': 0.7628413148349535, 'colsample_bylevel': 0.6944137880502236, 'reg_alpha': 0.33486287835517115, 'reg_lambda': 4.12920308461409, 'gamma': 0.0002544603387165478, 'min_child_weight': 6}. Best is trial 1422 with value: 2.996031181594198e-06.

[Trial 1935/5000] Starting at 07:08:42
  Lambdas: P=0.502, B=1.355, G=1.506
  XGBoost params: n_estimators=4990, max_depth=17
  Starting cross-validation...
  Lambdas: P=1.288, B=1.975, G=1.245
  XGBoost params: n_estimators=5082, max_depth=7
  Starting cross-validation...
  Trial 1918 MSE: 0.000005 | MAPE: 0.16% | R²: -0.301352
  Trial time: 27.1s
[I 2026-03-13 07:08:44,790] Trial 1918 finished with value: 5.04653515625e-06 and parameters: {'lambda_P': 1.4019041158871288, 'lambda_B': 1.221416356396337, 'lambda_G': 0.5331324824366509, 'n_estimators': 5624, 'max_depth': 10, 'learning_rate': 0.004792267783923482, 'subsample': 0.8658431498428865, 'colsample_bytree': 0.4795331558301449, 'colsample_bylevel': 0.3074264540991743, 'reg_alpha': 1.4110840099239028, 'reg_lambda': 5.487661272081194, 'gamma': 0.00012615147638984686, 'min_child_weight': 10}. Best is trial 1422 with value: 2.996031181594198e-06.

[Trial 1936/5000] Starting at 07:08:44
  Lambdas: P=1.862, B=1.937, G=1.574
  XGBoost params: n_estimators=4247, max_depth=12
  Starting cross-validation...
  Trial 1915 MSE: 0.000005 | MAPE: 0.16% | R²: -0.191644
  Trial time: 34.3s
[I 2026-03-13 07:08:45,648] Trial 1915 finished with value: 4.520114740252068e-06 and parameters: {'lambda_P': 1.8960316783640585, 'lambda_B': 1.913933685062031, 'lambda_G': 1.8046452709980543, 'n_estimators': 7035, 'max_depth': 2, 'learning_rate': 0.0143720657165157, 'subsample': 0.5760477436444709, 'colsample_bytree': 0.30724757099150873, 'colsample_bylevel': 0.3220429113999331, 'reg_alpha': 0.43676801469664445, 'reg_lambda': 9.784019910401065, 'gamma': 0.00034583330744761834, 'min_child_weight': 5}. Best is trial 1422 with value: 2.996031181594198e-06.

[Trial 1937/5000] Starting at 07:08:45
  Lambdas: P=1.000, B=1.681, G=0.848
  XGBoost params: n_estimators=5071, max_depth=8
  Starting cross-validation...
  Trial 1930 MSE: 0.000004 | MAPE: 0.15% | R²: -0.080625
  Trial time: 8.6s
[I 2026-03-13 07:08:47,965] Trial 1930 finished with value: 3.9412804207013115e-06 and parameters: {'lambda_P': 1.292428737324813, 'lambda_B': 1.8280748297641454, 'lambda_G': 1.5828928652974183, 'n_estimators': 2019, 'max_depth': 6, 'learning_rate': 0.015053202866120384, 'subsample': 0.7367149927576322, 'colsample_bytree': 0.376754284822234, 'colsample_bylevel': 0.6316901148816689, 'reg_alpha': 0.3483724121102709, 'reg_lambda': 9.712348893331093, 'gamma': 0.0002633458086241063, 'min_child_weight': 17}. Best is trial 1422 with value: 2.996031181594198e-06.

[Trial 1938/5000] Starting at 07:08:48
  Lambdas: P=1.323, B=1.190, G=1.465
  XGBoost params: n_estimators=4375, max_depth=3
  Starting cross-validation...
  Trial 1909 MSE: 0.000005 | MAPE: 0.16% | R²: -0.314049
  Trial time: 48.6s
[I 2026-03-13 07:08:49,062] Trial 1909 finished with value: 5.076887518448612e-06 and parameters: {'lambda_P': 1.1305105786975735, 'lambda_B': 1.844460531180819, 'lambda_G': 1.8683365046870226, 'n_estimators': 9998, 'max_depth': 12, 'learning_rate': 0.0017766031001646729, 'subsample': 0.9943604125335659, 'colsample_bytree': 0.9628812511971967, 'colsample_bylevel': 0.9836366725686749, 'reg_alpha': 5.046217120151392, 'reg_lambda': 4.801622730428141, 'gamma': 0.0043660123361737085, 'min_child_weight': 8}. Best is trial 1422 with value: 2.996031181594198e-06.

[Trial 1939/5000] Starting at 07:08:49
  Lambdas: P=1.195, B=1.992, G=1.376
  XGBoost params: n_estimators=7513, max_depth=17
  Starting cross-validation...
  Trial 1927 MSE: 0.000005 | MAPE: 0.16% | R²: -0.314049
  Trial time: 21.3s
[I 2026-03-13 07:08:51,592] Trial 1927 finished with value: 5.076887518448612e-06 and parameters: {'lambda_P': 0.6012345572953197, 'lambda_B': 1.340894377825808, 'lambda_G': 0.6338409156944991, 'n_estimators': 4811, 'max_depth': 17, 'learning_rate': 0.006834544015097388, 'subsample': 0.8801547999595828, 'colsample_bytree': 0.8374415400586418, 'colsample_bylevel': 0.38131051531739873, 'reg_alpha': 9.951424824272664, 'reg_lambda': 5.836635420015543, 'gamma': 0.00021593341565946564, 'min_child_weight': 3}. Best is trial 1422 with value: 2.996031181594198e-06.

[Trial 1940/5000] Starting at 07:08:51
  Lambdas: P=1.417, B=1.827, G=1.317
  XGBoost params: n_estimators=7911, max_depth=13
  Starting cross-validation...
  Trial 1921 MSE: 0.000005 | MAPE: 0.16% | R²: -0.190902
  Trial time: 40.3s
