[I 2026-03-13 06:13:05,830] Trial 117 finished with value: 5.076887518448612e-06 and parameters: {'lambda_P': 1.0039246474840733, 'lambda_B': 1.1711039969182537, 'lambda_G': 1.0903900507005733, 'n_estimators': 8003, 'max_depth': 4, 'learning_rate': 0.025454364233246388, 'subsample': 0.9511797438395133, 'colsample_bytree': 0.8404723527245122, 'colsample_bylevel': 0.3807561460574141, 'reg_alpha': 1.761088405953698, 'reg_lambda': 6.253762960157129, 'gamma': 0.0034765670273743323, 'min_child_weight': 8}. Best is trial 106 with value: 4.236503968690876e-06.

[Trial 136/5000] Starting at 06:13:05
  Lambdas: P=0.786, B=1.379, G=1.008
  XGBoost params: n_estimators=9642, max_depth=14
  Starting cross-validation...
  Trial 126 MSE: 0.000005 | MAPE: 0.16% | R²: -0.314049
  Trial time: 21.0s
[I 2026-03-13 06:13:06,878] Trial 126 finished with value: 5.076887518448612e-06 and parameters: {'lambda_P': 0.7566195929204995, 'lambda_B': 0.6091529551977872, 'lambda_G': 0.6715239959600565, 'n_estimators': 5789, 'max_depth': 16, 'learning_rate': 0.01472928433001682, 'subsample': 0.6685718463338469, 'colsample_bytree': 0.8970589873869184, 'colsample_bylevel': 0.5877981252712503, 'reg_alpha': 5.45260019307396, 'reg_lambda': 9.69801111863197, 'gamma': 0.07677678152364588, 'min_child_weight': 6}. Best is trial 106 with value: 4.236503968690876e-06.

[Trial 137/5000] Starting at 06:13:06
  Lambdas: P=1.029, B=0.816, G=0.605
  XGBoost params: n_estimators=5359, max_depth=14
  Starting cross-validation...
  Trial 122 MSE: 0.000005 | MAPE: 0.16% | R²: -0.314049
  Trial time: 28.9s
[I 2026-03-13 06:13:09,559] Trial 122 finished with value: 5.076887518448612e-06 and parameters: {'lambda_P': 1.9578131383579458, 'lambda_B': 1.1386114012061608, 'lambda_G': 0.8130184318065923, 'n_estimators': 5469, 'max_depth': 14, 'learning_rate': 0.029806582089148884, 'subsample': 0.39048097788325875, 'colsample_bytree': 0.6186538713271098, 'colsample_bylevel': 0.3444636542776669, 'reg_alpha': 5.629464235658269, 'reg_lambda': 1.205068024330741, 'gamma': 0.00012688839793651221, 'min_child_weight': 8}. Best is trial 106 with value: 4.236503968690876e-06.

[Trial 138/5000] Starting at 06:13:09
  Lambdas: P=1.522, B=1.078, G=1.137
  Trial 114 MSE: 0.000005 | MAPE: 0.16% | R²: -0.314049
  Trial time: 45.9s
[I 2026-03-13 06:13:09,818] Trial 114 finished with value: 5.076887518448612e-06 and parameters: {'lambda_P': 1.3478530599132754, 'lambda_B': 1.368070080733942, 'lambda_G': 0.9895809328868039, 'n_estimators': 9030, 'max_depth': 5, 'learning_rate': 0.0012993970947555316, 'subsample': 0.5660749632806366, 'colsample_bytree': 0.3875853904060928, 'colsample_bylevel': 0.4441035609956169, 'reg_alpha': 9.402377665617166, 'reg_lambda': 5.643562836723255, 'gamma': 0.001293350738008797, 'min_child_weight': 7}. Best is trial 106 with value: 4.236503968690876e-06.

[Trial 139/5000] Starting at 06:13:09
  Lambdas: P=1.027, B=1.633, G=0.578
  XGBoost params: n_estimators=8638, max_depth=4
  Starting cross-validation...
  XGBoost params: n_estimators=4000, max_depth=20
  Starting cross-validation...
  Trial 132 MSE: 0.000005 | MAPE: 0.16% | R²: -0.314049
  Trial time: 13.9s
[I 2026-03-13 06:13:10,841] Trial 132 finished with value: 5.076887518448612e-06 and parameters: {'lambda_P': 1.0129186609488214, 'lambda_B': 1.8888134521808047, 'lambda_G': 1.4182742532795594, 'n_estimators': 2676, 'max_depth': 11, 'learning_rate': 0.004502736402449255, 'subsample': 0.33143842105927734, 'colsample_bytree': 0.6056327016493961, 'colsample_bylevel': 0.4983459501902881, 'reg_alpha': 9.487417300938658, 'reg_lambda': 6.472587268111893, 'gamma': 0.008639730836279192, 'min_child_weight': 9}. Best is trial 106 with value: 4.236503968690876e-06.

[Trial 140/5000] Starting at 06:13:10
  Lambdas: P=1.603, B=0.647, G=1.621
  XGBoost params: n_estimators=668, max_depth=19
  Starting cross-validation...
  Trial 127 MSE: 0.000005 | MAPE: 0.16% | R²: -0.314049
  Trial time: 25.5s
[I 2026-03-13 06:13:11,820] Trial 127 finished with value: 5.076887518448612e-06 and parameters: {'lambda_P': 1.3961375915935703, 'lambda_B': 1.3521033931762854, 'lambda_G': 1.8247994211769312, 'n_estimators': 5388, 'max_depth': 5, 'learning_rate': 0.0014272274391225598, 'subsample': 0.4261252412467863, 'colsample_bytree': 0.9995287644190494, 'colsample_bylevel': 0.9488142549000125, 'reg_alpha': 0.9065858885083844, 'reg_lambda': 2.9400362652603107, 'gamma': 0.00025242310711394477, 'min_child_weight': 12}. Best is trial 106 with value: 4.236503968690876e-06.

[Trial 141/5000] Starting at 06:13:11
  Lambdas: P=1.030, B=0.738, G=0.984
  XGBoost params: n_estimators=1454, max_depth=8
  Starting cross-validation...
  Trial 139 MSE: 0.000005 | MAPE: 0.16% | R²: -0.314049
  Trial time: 3.4s
[I 2026-03-13 06:13:14,496] Trial 139 finished with value: 5.076887518448612e-06 and parameters: {'lambda_P': 1.6033202199998526, 'lambda_B': 0.6472584127671479, 'lambda_G': 1.6213143154420266, 'n_estimators': 668, 'max_depth': 19, 'learning_rate': 0.001568645822817293, 'subsample': 0.7124339806887148, 'colsample_bytree': 0.9016163851082679, 'colsample_bylevel': 0.4481624656979979, 'reg_alpha': 3.5380560746612755, 'reg_lambda': 0.25103053349149085, 'gamma': 0.015721667961136856, 'min_child_weight': 17}. Best is trial 106 with value: 4.236503968690876e-06.

[Trial 142/5000] Starting at 06:13:14
  Lambdas: P=1.622, B=0.917, G=0.903
  XGBoost params: n_estimators=6257, max_depth=3
  Starting cross-validation...
  Trial 116 MSE: 0.000005 | MAPE: 0.16% | R²: -0.314049
  Trial time: 48.0s
[I 2026-03-13 06:13:15,137] Trial 116 finished with value: 5.076887518448612e-06 and parameters: {'lambda_P': 1.267322777341605, 'lambda_B': 0.6918988495759671, 'lambda_G': 0.7784780194327072, 'n_estimators': 9397, 'max_depth': 14, 'learning_rate': 0.4981850404885443, 'subsample': 0.8862314515113054, 'colsample_bytree': 0.7892024253587347, 'colsample_bylevel': 0.5219237012442712, 'reg_alpha': 1.869252129602862, 'reg_lambda': 6.693891056903283, 'gamma': 0.0001950272191438193, 'min_child_weight': 15}. Best is trial 106 with value: 4.236503968690876e-06.

[Trial 143/5000] Starting at 06:13:15
  Lambdas: P=1.932, B=0.737, G=1.982
  XGBoost params: n_estimators=3094, max_depth=9
  Starting cross-validation...
  Trial 140 MSE: 0.000005 | MAPE: 0.16% | R²: -0.314049
  Trial time: 5.7s
[I 2026-03-13 06:13:17,755] Trial 140 finished with value: 5.076887518448612e-06 and parameters: {'lambda_P': 1.0302492164228412, 'lambda_B': 0.7380806565543225, 'lambda_G': 0.9838037760858962, 'n_estimators': 1454, 'max_depth': 8, 'learning_rate': 0.0011729775188859231, 'subsample': 0.32616860180323, 'colsample_bytree': 0.3342307191146768, 'colsample_bylevel': 0.5300784944364105, 'reg_alpha': 5.615006295984991, 'reg_lambda': 5.696744719529562, 'gamma': 0.00018015680127228623, 'min_child_weight': 1}. Best is trial 106 with value: 4.236503968690876e-06.

[Trial 144/5000] Starting at 06:13:17
  Lambdas: P=0.632, B=1.581, G=0.895
  XGBoost params: n_estimators=7230, max_depth=11
  Starting cross-validation...
  Trial 123 MSE: 0.000005 | MAPE: 0.16% | R²: -0.314049
  Trial time: 36.3s
[I 2026-03-13 06:13:18,404] Trial 123 finished with value: 5.076887518448612e-06 and parameters: {'lambda_P': 1.819911262335984, 'lambda_B': 1.4181064702510664, 'lambda_G': 1.1241376060678623, 'n_estimators': 6941, 'max_depth': 18, 'learning_rate': 0.1658871874445367, 'subsample': 0.4590001716426843, 'colsample_bytree': 0.3511989362276407, 'colsample_bylevel': 0.3113615211571794, 'reg_alpha': 5.215260796187264, 'reg_lambda': 3.4606832921157626, 'gamma': 0.00075444805830917, 'min_child_weight': 18}. Best is trial 106 with value: 4.236503968690876e-06.

[Trial 145/5000] Starting at 06:13:18
  Lambdas: P=1.049, B=1.866, G=1.516
  XGBoost params: n_estimators=8968, max_depth=6
  Starting cross-validation...
  Trial 129 MSE: 0.000005 | MAPE: 0.16% | R²: -0.314049
  Trial time: 27.8s
[I 2026-03-13 06:13:19,098] Trial 129 finished with value: 5.076887518448612e-06 and parameters: {'lambda_P': 1.5360378680057292, 'lambda_B': 1.459064023431323, 'lambda_G': 0.5322323916448688, 'n_estimators': 5320, 'max_depth': 7, 'learning_rate': 0.05974482719532751, 'subsample': 0.9012298640290324, 'colsample_bytree': 0.7096390450304635, 'colsample_bylevel': 0.9298689797542519, 'reg_alpha': 8.828848522639962, 'reg_lambda': 5.5410552344122275, 'gamma': 0.02129135605827672, 'min_child_weight': 4}. Best is trial 106 with value: 4.236503968690876e-06.

[Trial 146/5000] Starting at 06:13:19
  Lambdas: P=1.497, B=0.753, G=1.114
  XGBoost params: n_estimators=8285, max_depth=10
  Starting cross-validation...
  Trial 124 MSE: 0.000005 | MAPE: 0.16% | R²: -0.314049
  Trial time: 38.0s
[I 2026-03-13 06:13:20,658] Trial 124 finished with value: 5.076887518448612e-06 and parameters: {'lambda_P': 1.4775521777687763, 'lambda_B': 1.004984681238224, 'lambda_G': 1.3137194278169115, 'n_estimators': 7284, 'max_depth': 7, 'learning_rate': 0.019524141477435267, 'subsample': 0.34277327501424215, 'colsample_bytree': 0.770390414541299, 'colsample_bylevel': 0.9662679187689616, 'reg_alpha': 6.520638593325279, 'reg_lambda': 3.136001384036964, 'gamma': 0.010316888839707208, 'min_child_weight': 1}. Best is trial 106 with value: 4.236503968690876e-06.

[Trial 147/5000] Starting at 06:13:20
  Lambdas: P=1.842, B=0.938, G=1.846
  XGBoost params: n_estimators=2625, max_depth=6
  Starting cross-validation...
  Trial 128 MSE: 0.000005 | MAPE: 0.16% | R²: -0.314049
  Trial time: 33.3s
[I 2026-03-13 06:13:24,292] Trial 128 finished with value: 5.076887518448612e-06 and parameters: {'lambda_P': 1.9180608116848414, 'lambda_B': 1.2699825013535047, 'lambda_G': 1.362681890256908, 'n_estimators': 6240, 'max_depth': 14, 'learning_rate': 0.0622322225894211, 'subsample': 0.45313345812453987, 'colsample_bytree': 0.6795947649881222, 'colsample_bylevel': 0.6672986752025085, 'reg_alpha': 6.036785380991415, 'reg_lambda': 8.874913896056343, 'gamma': 0.0011529909343752508, 'min_child_weight': 20}. Best is trial 106 with value: 4.236503968690876e-06.

[Trial 148/5000] Starting at 06:13:24
  Lambdas: P=0.567, B=1.010, G=1.224
  XGBoost params: n_estimators=9816, max_depth=9
  Starting cross-validation...
  Trial 136 MSE: 0.000005 | MAPE: 0.16% | R²: -0.314049
  Trial time: 22.0s
[I 2026-03-13 06:13:29,082] Trial 136 finished with value: 5.076887518448612e-06 and parameters: {'lambda_P': 1.028577582207021, 'lambda_B': 0.8160757063561666, 'lambda_G': 0.6046551312417585, 'n_estimators': 5359, 'max_depth': 14, 'learning_rate': 0.11580964571656244, 'subsample': 0.4809965686557046, 'colsample_bytree': 0.6143960806731956, 'colsample_bylevel': 0.8589475986440902, 'reg_alpha': 6.619102709757936, 'reg_lambda': 4.516698186571858, 'gamma': 0.0013231896532207407, 'min_child_weight': 6}. Best is trial 106 with value: 4.236503968690876e-06.

[Trial 149/5000] Starting at 06:13:29
  Lambdas: P=1.581, B=0.899, G=1.211
  XGBoost params: n_estimators=3772, max_depth=11
  Starting cross-validation...
  Trial 121 MSE: 0.000005 | MAPE: 0.16% | R²: -0.314049
  Trial time: 49.7s
[I 2026-03-13 06:13:29,568] Trial 121 finished with value: 5.076887518448612e-06 and parameters: {'lambda_P': 1.6341903324564842, 'lambda_B': 0.873770648306933, 'lambda_G': 0.7810120218867798, 'n_estimators': 9609, 'max_depth': 9, 'learning_rate': 0.005431708219326671, 'subsample': 0.49715102889335316, 'colsample_bytree': 0.38276948759893287, 'colsample_bylevel': 0.32293524224136533, 'reg_alpha': 7.292667845328711, 'reg_lambda': 9.269066785919394, 'gamma': 0.001017100737575564, 'min_child_weight': 20}. Best is trial 106 with value: 4.236503968690876e-06.

[Trial 150/5000] Starting at 06:13:29
  Lambdas: P=1.305, B=1.570, G=1.845
  XGBoost params: n_estimators=6248, max_depth=18
  Starting cross-validation...
  Trial 142 MSE: 0.000005 | MAPE: 0.16% | R²: -0.314049
  Trial time: 15.9s
[I 2026-03-13 06:13:31,250] Trial 142 finished with value: 5.076887518448612e-06 and parameters: {'lambda_P': 1.931898011919673, 'lambda_B': 0.7365047057857187, 'lambda_G': 1.9823898730524565, 'n_estimators': 3094, 'max_depth': 9, 'learning_rate': 0.13308113683369785, 'subsample': 0.6037714043787945, 'colsample_bytree': 0.37567499304627366, 'colsample_bylevel': 0.6806750929178189, 'reg_alpha': 9.342159107104722, 'reg_lambda': 5.858993998706451, 'gamma': 0.001513806579622311, 'min_child_weight': 20}. Best is trial 106 with value: 4.236503968690876e-06.

[Trial 151/5000] Starting at 06:13:31
  Lambdas: P=1.568, B=1.900, G=1.666
  XGBoost params: n_estimators=5811, max_depth=10
  Starting cross-validation...
  Trial 138 MSE: 0.000004 | MAPE: 0.15% | R²: -0.048062
  Trial time: 22.1s
[I 2026-03-13 06:13:32,221] Trial 138 finished with value: 3.778356983372113e-06 and parameters: {'lambda_P': 1.026790621846558, 'lambda_B': 1.6331311898867868, 'lambda_G': 0.5783839520567899, 'n_estimators': 4000, 'max_depth': 20, 'learning_rate': 0.015550410691576245, 'subsample': 0.7775808955563659, 'colsample_bytree': 0.6075329050721553, 'colsample_bylevel': 0.8746593367644431, 'reg_alpha': 0.20537124245775806, 'reg_lambda': 0.3390684886599149, 'gamma': 0.00020262202505062703, 'min_child_weight': 3}. Best is trial 138 with value: 3.778356983372113e-06.

[NEW BEST] Trial 138: 0.000004
Parameters: {'lambda_P': 1.026790621846558, 'lambda_B': 1.6331311898867868, 'lambda_G': 0.5783839520567899, 'n_estimators': 4000, 'max_depth': 20, 'learning_rate': 0.015550410691576245, 'subsample': 0.7775808955563659, 'colsample_bytree': 0.6075329050721553, 'colsample_bylevel': 0.8746593367644431, 'reg_alpha': 0.20537124245775806, 'reg_lambda': 0.3390684886599149, 'gamma': 0.00020262202505062703, 'min_child_weight': 3}


[Trial 152/5000] Starting at 06:13:32
  Lambdas: P=1.925, B=0.679, G=1.320
  XGBoost params: n_estimators=9527, max_depth=5
  Starting cross-validation...
  Trial 134 MSE: 0.000005 | MAPE: 0.16% | R²: -0.314049
  Trial time: 29.3s
[I 2026-03-13 06:13:32,980] Trial 134 finished with value: 5.076887518448612e-06 and parameters: {'lambda_P': 1.5361257792859346, 'lambda_B': 0.5483715474211475, 'lambda_G': 1.071823877659603, 'n_estimators': 6977, 'max_depth': 20, 'learning_rate': 0.0107042281911686, 'subsample': 0.5800282117093576, 'colsample_bytree': 0.9643174583178475, 'colsample_bylevel': 0.612531023869411, 'reg_alpha': 6.074955919321292, 'reg_lambda': 4.333677227506765, 'gamma': 0.00042285955109772636, 'min_child_weight': 10}. Best is trial 138 with value: 3.778356983372113e-06.

[Trial 153/5000] Starting at 06:13:33
  Lambdas: P=1.575, B=0.579, G=0.587
  XGBoost params: n_estimators=8571, max_depth=7
  Starting cross-validation...
  Trial 125 MSE: 0.000005 | MAPE: 0.16% | R²: -0.314049
  Trial time: 50.0s
[I 2026-03-13 06:13:34,319] Trial 125 finished with value: 5.076887518448612e-06 and parameters: {'lambda_P': 0.9510476139004629, 'lambda_B': 1.8658501151869884, 'lambda_G': 0.5266436993904824, 'n_estimators': 9467, 'max_depth': 12, 'learning_rate': 0.02193942923406421, 'subsample': 0.3536439512314694, 'colsample_bytree': 0.8803498146744186, 'colsample_bylevel': 0.4035020215262335, 'reg_alpha': 9.035779308866374, 'reg_lambda': 0.1511659882794436, 'gamma': 0.001019407025455886, 'min_child_weight': 18}. Best is trial 138 with value: 3.778356983372113e-06.

[Trial 154/5000] Starting at 06:13:34
  Lambdas: P=1.227, B=1.134, G=0.652
  XGBoost params: n_estimators=8444, max_depth=3
  Starting cross-validation...
  Trial 146 MSE: 0.000005 | MAPE: 0.16% | R²: -0.314049
  Trial time: 13.9s
[I 2026-03-13 06:13:34,732] Trial 146 finished with value: 5.076887518448612e-06 and parameters: {'lambda_P': 1.8420948296847188, 'lambda_B': 0.9381590475207167, 'lambda_G': 1.8457616204739353, 'n_estimators': 2625, 'max_depth': 6, 'learning_rate': 0.0024261696153272927, 'subsample': 0.5793375813896597, 'colsample_bytree': 0.5900676194903565, 'colsample_bylevel': 0.7590390257841505, 'reg_alpha': 2.401948796560852, 'reg_lambda': 6.044854259651994, 'gamma': 0.0009122806310504131, 'min_child_weight': 14}. Best is trial 138 with value: 3.778356983372113e-06.

[Trial 155/5000] Starting at 06:13:34
  Lambdas: P=1.139, B=1.954, G=1.924
  XGBoost params: n_estimators=2586, max_depth=8
  Starting cross-validation...
  Trial 148 MSE: 0.000005 | MAPE: 0.16% | R²: -0.314049
  Trial time: 14.7s
[I 2026-03-13 06:13:43,953] Trial 148 finished with value: 5.076887518448612e-06 and parameters: {'lambda_P': 1.5811971835882939, 'lambda_B': 0.8991033615609294, 'lambda_G': 1.2114707612174085, 'n_estimators': 3772, 'max_depth': 11, 'learning_rate': 0.13447673762873527, 'subsample': 0.7882069902707043, 'colsample_bytree': 0.3305525867303124, 'colsample_bylevel': 0.9702556689084374, 'reg_alpha': 7.362148431319091, 'reg_lambda': 8.895590203128753, 'gamma': 0.00028440787406052483, 'min_child_weight': 1}. Best is trial 138 with value: 3.778356983372113e-06.

[Trial 156/5000] Starting at 06:13:44
  Lambdas: P=0.766, B=0.842, G=1.821
  XGBoost params: n_estimators=9952, max_depth=13
  Starting cross-validation...
  Trial 154 MSE: 0.000005 | MAPE: 0.16% | R²: -0.314049
  Trial time: 11.4s
[I 2026-03-13 06:13:46,366] Trial 154 finished with value: 5.076887518448612e-06 and parameters: {'lambda_P': 1.1389087285467647, 'lambda_B': 1.9540280953664058, 'lambda_G': 1.9242240410416958, 'n_estimators': 2586, 'max_depth': 8, 'learning_rate': 0.11069977781444797, 'subsample': 0.7187982145789655, 'colsample_bytree': 0.6421598365924388, 'colsample_bylevel': 0.6571152621877898, 'reg_alpha': 3.778372422678552, 'reg_lambda': 7.687706658174417, 'gamma': 0.0006684163350339633, 'min_child_weight': 15}. Best is trial 138 with value: 3.778356983372113e-06.
  Trial 143 MSE: 0.000005 | MAPE: 0.16% | R²: -0.314049
  Trial time: 28.5s
[I 2026-03-13 06:13:46,592] Trial 143 finished with value: 5.076887518448612e-06 and parameters: {'lambda_P': 0.6324719994703798, 'lambda_B': 1.5807670544437489, 'lambda_G': 0.8950450869460775, 'n_estimators': 7230, 'max_depth': 11, 'learning_rate': 0.018677521256072145, 'subsample': 0.387624192468011, 'colsample_bytree': 0.3316325245780678, 'colsample_bylevel': 0.6539502091498255, 'reg_alpha': 6.874864212817195, 'reg_lambda': 5.543234133003201, 'gamma': 0.00010315205404250126, 'min_child_weight': 14}. Best is trial 138 with value: 3.778356983372113e-06.

[Trial 157/5000] Starting at 06:13:46
  Lambdas: P=0.816, B=0.902, G=1.732

[Trial 158/5000] Starting at 06:13:46
  Lambdas: P=1.733, B=0.748, G=1.317
  Trial 141 MSE: 0.000005 | MAPE: 0.16% | R²: -0.314049
  Trial time: 32.2s
[I 2026-03-13 06:13:46,903] Trial 141 finished with value: 5.076887518448612e-06 and parameters: {'lambda_P': 1.6219219050572882, 'lambda_B': 0.9167194637010474, 'lambda_G': 0.903104490112036, 'n_estimators': 6257, 'max_depth': 3, 'learning_rate': 0.1082130886991569, 'subsample': 0.3257977905265704, 'colsample_bytree': 0.3301361711541854, 'colsample_bylevel': 0.31843725132608264, 'reg_alpha': 6.997402196724591, 'reg_lambda': 4.331086475600637, 'gamma': 0.0017208255488991824, 'min_child_weight': 15}. Best is trial 138 with value: 3.778356983372113e-06.

[Trial 159/5000] Starting at 06:13:47
  Lambdas: P=1.738, B=1.473, G=1.466
  XGBoost params: n_estimators=9281, max_depth=10
  Starting cross-validation...
  XGBoost params: n_estimators=3761, max_depth=14
  Starting cross-validation...
  XGBoost params: n_estimators=7763, max_depth=15
  Starting cross-validation...
  Trial 135 MSE: 0.000005 | MAPE: 0.16% | R²: -0.314049
  Trial time: 49.3s
[I 2026-03-13 06:13:55,364] Trial 135 finished with value: 5.076887518448612e-06 and parameters: {'lambda_P': 0.7863362263920989, 'lambda_B': 1.37933946425709, 'lambda_G': 1.0075792428813455, 'n_estimators': 9642, 'max_depth': 14, 'learning_rate': 0.022702932990513597, 'subsample': 0.7149026967659649, 'colsample_bytree': 0.7935794873713702, 'colsample_bylevel': 0.9497489940625177, 'reg_alpha': 5.146024029446234, 'reg_lambda': 3.6053947388901553, 'gamma': 0.00021048014129398734, 'min_child_weight': 16}. Best is trial 138 with value: 3.778356983372113e-06.

[Trial 160/5000] Starting at 06:13:55
  Lambdas: P=0.630, B=1.230, G=1.114
  XGBoost params: n_estimators=4264, max_depth=16
  Starting cross-validation...
  Trial 137 MSE: 0.000005 | MAPE: 0.16% | R²: -0.314049
  Trial time: 46.3s
[I 2026-03-13 06:13:56,031] Trial 137 finished with value: 5.076887518448612e-06 and parameters: {'lambda_P': 1.5217683745454, 'lambda_B': 1.0780524227568375, 'lambda_G': 1.1368922780818491, 'n_estimators': 8638, 'max_depth': 4, 'learning_rate': 0.49856536479448993, 'subsample': 0.8990304294543556, 'colsample_bytree': 0.3583950931591262, 'colsample_bylevel': 0.34740617572441895, 'reg_alpha': 7.76679812560583, 'reg_lambda': 9.946982368437569, 'gamma': 0.0002649789034038093, 'min_child_weight': 12}. Best is trial 138 with value: 3.778356983372113e-06.

[Trial 161/5000] Starting at 06:13:56
  Lambdas: P=1.040, B=1.173, G=0.520
  XGBoost params: n_estimators=9381, max_depth=17
  Starting cross-validation...
  Trial 150 MSE: 0.000005 | MAPE: 0.16% | R²: -0.314049
  Trial time: 27.4s
[I 2026-03-13 06:13:58,919] Trial 150 finished with value: 5.076887518448612e-06 and parameters: {'lambda_P': 1.5680319780298313, 'lambda_B': 1.8998751372141063, 'lambda_G': 1.6659566046741563, 'n_estimators': 5811, 'max_depth': 10, 'learning_rate': 0.0031971359212361623, 'subsample': 0.8679009226158307, 'colsample_bytree': 0.3840558590502639, 'colsample_bylevel': 0.4145356915287479, 'reg_alpha': 9.96087565991944, 'reg_lambda': 8.684452202210146, 'gamma': 0.07735952643107924, 'min_child_weight': 19}. Best is trial 138 with value: 3.778356983372113e-06.

[Trial 162/5000] Starting at 06:13:59
  Lambdas: P=0.993, B=0.959, G=1.831
  XGBoost params: n_estimators=2277, max_depth=7
  Starting cross-validation...
  Trial 145 MSE: 0.000005 | MAPE: 0.16% | R²: -0.314049
  Trial time: 41.9s
