[I 2026-03-13 06:46:18,062] Trial 1180 finished with value: 3.580253866461931e-06 and parameters: {'lambda_P': 0.7206820930998239, 'lambda_B': 1.2485375051045882, 'lambda_G': 1.1408162037344955, 'n_estimators': 1683, 'max_depth': 2, 'learning_rate': 0.014058781730582665, 'subsample': 0.6517881902646735, 'colsample_bytree': 0.8857403610592564, 'colsample_bylevel': 0.5725836807054518, 'reg_alpha': 0.09362234179659343, 'reg_lambda': 7.836781626429909, 'gamma': 0.0001613018120641345, 'min_child_weight': 8}. Best is trial 1130 with value: 3.2181299783521623e-06.

[Trial 1187/5000] Starting at 06:46:18
  Lambdas: P=1.606, B=1.954, G=1.362
  XGBoost params: n_estimators=9439, max_depth=12
  Starting cross-validation...
  Trial 1181 MSE: 0.000005 | MAPE: 0.16% | R²: -0.240801
  Trial time: 6.6s
[I 2026-03-13 06:46:18,781] Trial 1181 finished with value: 4.784407064784067e-06 and parameters: {'lambda_P': 1.1112205187925615, 'lambda_B': 0.8724459133134781, 'lambda_G': 0.7827119182490992, 'n_estimators': 1063, 'max_depth': 14, 'learning_rate': 0.0025650791329765057, 'subsample': 0.8522080068328842, 'colsample_bytree': 0.46391313397756184, 'colsample_bylevel': 0.3436995101226655, 'reg_alpha': 0.8587223391460803, 'reg_lambda': 3.2297381273101933, 'gamma': 0.00027858142682743133, 'min_child_weight': 9}. Best is trial 1130 with value: 3.2181299783521623e-06.

[Trial 1188/5000] Starting at 06:46:18
  Lambdas: P=1.246, B=1.933, G=1.298
  XGBoost params: n_estimators=9926, max_depth=9
  Starting cross-validation...
  Trial 1179 MSE: 0.000005 | MAPE: 0.16% | R²: -0.314049
  Trial time: 13.8s
[I 2026-03-13 06:46:20,419] Trial 1179 finished with value: 5.076887518448612e-06 and parameters: {'lambda_P': 1.212551335639133, 'lambda_B': 1.4164334698437204, 'lambda_G': 0.8002906847772037, 'n_estimators': 2485, 'max_depth': 19, 'learning_rate': 0.02062876920016007, 'subsample': 0.8497897856268661, 'colsample_bytree': 0.49213688766514924, 'colsample_bylevel': 0.34188089337079214, 'reg_alpha': 1.9626326159657463, 'reg_lambda': 4.09834766229778, 'gamma': 0.00010653716321430978, 'min_child_weight': 14}. Best is trial 1130 with value: 3.2181299783521623e-06.

[Trial 1189/5000] Starting at 06:46:20
  Lambdas: P=1.524, B=0.596, G=1.114
  XGBoost params: n_estimators=6601, max_depth=2
  Starting cross-validation...
  Trial 1184 MSE: 0.000005 | MAPE: 0.16% | R²: -0.314049
  Trial time: 6.9s
[I 2026-03-13 06:46:21,628] Trial 1184 finished with value: 5.076887518448612e-06 and parameters: {'lambda_P': 0.9059896061184223, 'lambda_B': 1.5231253973715995, 'lambda_G': 0.8431085578274737, 'n_estimators': 1236, 'max_depth': 20, 'learning_rate': 0.006824039526188717, 'subsample': 0.7770831526036677, 'colsample_bytree': 0.3330637668204811, 'colsample_bylevel': 0.3145123960117411, 'reg_alpha': 2.013258019442062, 'reg_lambda': 2.0017780376448133, 'gamma': 0.0001490981278174792, 'min_child_weight': 12}. Best is trial 1130 with value: 3.2181299783521623e-06.

[Trial 1190/5000] Starting at 06:46:21
  Lambdas: P=0.879, B=1.477, G=0.663
  XGBoost params: n_estimators=2157, max_depth=20
  Starting cross-validation...
  Trial 1173 MSE: 0.000005 | MAPE: 0.16% | R²: -0.216616
  Trial time: 28.6s
[I 2026-03-13 06:46:24,138] Trial 1173 finished with value: 4.744547289717262e-06 and parameters: {'lambda_P': 1.3972721171774323, 'lambda_B': 0.524118747021485, 'lambda_G': 1.3387602120223512, 'n_estimators': 6865, 'max_depth': 2, 'learning_rate': 0.0014333684925582166, 'subsample': 0.9931043785619497, 'colsample_bytree': 0.527933865524586, 'colsample_bylevel': 0.6354148371193675, 'reg_alpha': 1.188132909504122, 'reg_lambda': 0.9220069194947048, 'gamma': 0.00013280364408648214, 'min_child_weight': 7}. Best is trial 1130 with value: 3.2181299783521623e-06.

[Trial 1191/5000] Starting at 06:46:24
  Lambdas: P=1.518, B=1.571, G=0.528
  XGBoost params: n_estimators=4747, max_depth=13
  Starting cross-validation...
  Trial 1167 MSE: 0.000004 | MAPE: 0.15% | R²: -0.155468
  Trial time: 50.2s
[I 2026-03-13 06:46:26,597] Trial 1167 finished with value: 4.378146292815932e-06 and parameters: {'lambda_P': 1.8115944518097848, 'lambda_B': 1.7038821341682924, 'lambda_G': 1.5436891306009966, 'n_estimators': 9904, 'max_depth': 16, 'learning_rate': 0.0016758125875043944, 'subsample': 0.9298222019728424, 'colsample_bytree': 0.5402410559048141, 'colsample_bylevel': 0.36060926302718255, 'reg_alpha': 0.7896936194749657, 'reg_lambda': 8.309182568781422, 'gamma': 0.00020688605313277006, 'min_child_weight': 4}. Best is trial 1130 with value: 3.2181299783521623e-06.

[Trial 1192/5000] Starting at 06:46:26
  Lambdas: P=1.357, B=1.046, G=0.645
  Trial 1170 MSE: 0.000005 | MAPE: 0.16% | R²: -0.250610
  Trial time: 42.2s
[I 2026-03-13 06:46:27,118] Trial 1170 finished with value: 4.882762981949233e-06 and parameters: {'lambda_P': 1.9231831794172787, 'lambda_B': 1.720906053120415, 'lambda_G': 1.5028974839922158, 'n_estimators': 8219, 'max_depth': 15, 'learning_rate': 0.0028646229121614022, 'subsample': 0.7569620076963322, 'colsample_bytree': 0.6241648462506411, 'colsample_bylevel': 0.3250549157897912, 'reg_alpha': 0.9409316091545754, 'reg_lambda': 7.171647385557075, 'gamma': 0.00017478924729601687, 'min_child_weight': 1}. Best is trial 1130 with value: 3.2181299783521623e-06.  XGBoost params: n_estimators=6930, max_depth=7

  Starting cross-validation...

[Trial 1193/5000] Starting at 06:46:27
  Lambdas: P=1.896, B=1.253, G=1.088
  XGBoost params: n_estimators=6154, max_depth=9
  Starting cross-validation...
  Trial 1172 MSE: 0.000005 | MAPE: 0.16% | R²: -0.239488
  Trial time: 41.0s
[I 2026-03-13 06:46:27,940] Trial 1172 finished with value: 4.77764830323236e-06 and parameters: {'lambda_P': 1.0407884041261917, 'lambda_B': 0.5411177214929297, 'lambda_G': 1.47570264311835, 'n_estimators': 8230, 'max_depth': 4, 'learning_rate': 0.0014129987776935788, 'subsample': 0.9891366767593013, 'colsample_bytree': 0.6276691439276715, 'colsample_bylevel': 0.8676767123096791, 'reg_alpha': 0.8121159359026122, 'reg_lambda': 0.5086117789276572, 'gamma': 0.0006534158907627953, 'min_child_weight': 1}. Best is trial 1130 with value: 3.2181299783521623e-06.

[Trial 1194/5000] Starting at 06:46:28
  Lambdas: P=0.757, B=1.304, G=0.667
  XGBoost params: n_estimators=2173, max_depth=18
  Starting cross-validation...
  Trial 1175 MSE: 0.000004 | MAPE: 0.15% | R²: -0.091458
  Trial time: 29.8s
[I 2026-03-13 06:46:30,048] Trial 1175 finished with value: 3.92761182764142e-06 and parameters: {'lambda_P': 1.8421205481233396, 'lambda_B': 1.3654880289414304, 'lambda_G': 0.6152088587708642, 'n_estimators': 5467, 'max_depth': 5, 'learning_rate': 0.009732980608172955, 'subsample': 0.7631953155445059, 'colsample_bytree': 0.5797119965211395, 'colsample_bylevel': 0.7269476925223648, 'reg_alpha': 0.16692623232158138, 'reg_lambda': 5.724265348599174, 'gamma': 0.00039046208342471386, 'min_child_weight': 8}. Best is trial 1130 with value: 3.2181299783521623e-06.

[Trial 1195/5000] Starting at 06:46:30
  Lambdas: P=1.000, B=0.948, G=1.405
  XGBoost params: n_estimators=8822, max_depth=13
  Starting cross-validation...
  Trial 1183 MSE: 0.000004 | MAPE: 0.14% | R²: -0.006862
  Trial time: 18.0s
[I 2026-03-13 06:46:31,362] Trial 1183 finished with value: 3.512308922819657e-06 and parameters: {'lambda_P': 1.2594690542624067, 'lambda_B': 0.9104753301307514, 'lambda_G': 0.8683341188409134, 'n_estimators': 3323, 'max_depth': 16, 'learning_rate': 0.005802894379128216, 'subsample': 0.9386084725504548, 'colsample_bytree': 0.32132845796067494, 'colsample_bylevel': 0.5938475305383031, 'reg_alpha': 0.1657811939857936, 'reg_lambda': 3.7200704326640954, 'gamma': 0.00031080474178677087, 'min_child_weight': 11}. Best is trial 1130 with value: 3.2181299783521623e-06.

[Trial 1196/5000] Starting at 06:46:31
  Lambdas: P=1.800, B=1.624, G=0.699
  XGBoost params: n_estimators=4820, max_depth=6
  Starting cross-validation...
  Trial 1189 MSE: 0.000004 | MAPE: 0.14% | R²: -0.036030
  Trial time: 11.0s
[I 2026-03-13 06:46:32,863] Trial 1189 finished with value: 3.674072787408672e-06 and parameters: {'lambda_P': 0.8793495543496971, 'lambda_B': 1.4768050766467724, 'lambda_G': 0.6633322528484654, 'n_estimators': 2157, 'max_depth': 20, 'learning_rate': 0.006607480252542339, 'subsample': 0.9686972183201965, 'colsample_bytree': 0.55613713991411, 'colsample_bylevel': 0.44796364727297766, 'reg_alpha': 0.34485274944645283, 'reg_lambda': 0.7547505252094653, 'gamma': 0.00016989256603997698, 'min_child_weight': 10}. Best is trial 1130 with value: 3.2181299783521623e-06.

[Trial 1197/5000] Starting at 06:46:32
  Lambdas: P=1.343, B=1.293, G=0.511
  XGBoost params: n_estimators=5469, max_depth=8
  Starting cross-validation...
  Trial 1177 MSE: 0.000004 | MAPE: 0.15% | R²: -0.112152
  Trial time: 30.2s
[I 2026-03-13 06:46:34,499] Trial 1177 finished with value: 4.199890590491436e-06 and parameters: {'lambda_P': 1.8231381838380678, 'lambda_B': 1.5564153732030843, 'lambda_G': 0.5146776721704589, 'n_estimators': 5667, 'max_depth': 7, 'learning_rate': 0.0014836524472878019, 'subsample': 0.8840865783261582, 'colsample_bytree': 0.5637190230010987, 'colsample_bylevel': 0.7752215385837125, 'reg_alpha': 0.733752607053211, 'reg_lambda': 7.5160571382763575, 'gamma': 0.00012466937953693765, 'min_child_weight': 6}. Best is trial 1130 with value: 3.2181299783521623e-06.

[Trial 1198/5000] Starting at 06:46:34
  Lambdas: P=0.898, B=1.556, G=1.331
  XGBoost params: n_estimators=1309, max_depth=6
  Starting cross-validation...
  Trial 1182 MSE: 0.000004 | MAPE: 0.14% | R²: -0.040882
  Trial time: 24.3s
[I 2026-03-13 06:46:36,979] Trial 1182 finished with value: 3.6842654817688514e-06 and parameters: {'lambda_P': 0.665068708005097, 'lambda_B': 1.178180698489936, 'lambda_G': 0.606192935203348, 'n_estimators': 4466, 'max_depth': 19, 'learning_rate': 0.019996497933691133, 'subsample': 0.911702314563595, 'colsample_bytree': 0.5885756719829018, 'colsample_bylevel': 0.62799926583807, 'reg_alpha': 0.19020511763854545, 'reg_lambda': 1.9310661519449046, 'gamma': 0.0002637699937011901, 'min_child_weight': 13}. Best is trial 1130 with value: 3.2181299783521623e-06.

[Trial 1199/5000] Starting at 06:46:37
  Lambdas: P=0.644, B=1.666, G=1.615
  XGBoost params: n_estimators=9462, max_depth=17
  Starting cross-validation...
  Trial 1193 MSE: 0.000005 | MAPE: 0.16% | R²: -0.194752
  Trial time: 10.5s
[I 2026-03-13 06:46:38,667] Trial 1193 finished with value: 4.54968886752625e-06 and parameters: {'lambda_P': 0.7574204484659958, 'lambda_B': 1.304159343503601, 'lambda_G': 0.6665080875077778, 'n_estimators': 2173, 'max_depth': 18, 'learning_rate': 0.006472233124712576, 'subsample': 0.8404377752959619, 'colsample_bytree': 0.5746059151232219, 'colsample_bylevel': 0.6851380861031353, 'reg_alpha': 0.6647283784182358, 'reg_lambda': 3.1670459409807434, 'gamma': 0.0004253232566229283, 'min_child_weight': 11}. Best is trial 1130 with value: 3.2181299783521623e-06.

[Trial 1200/5000] Starting at 06:46:38
  Lambdas: P=1.729, B=1.667, G=0.796
  XGBoost params: n_estimators=4904, max_depth=11
  Starting cross-validation...
  Trial 1197 MSE: 0.000003 | MAPE: 0.14% | R²: 0.041212
  Trial time: 6.2s
[I 2026-03-13 06:46:40,915] Trial 1197 finished with value: 3.321440202421012e-06 and parameters: {'lambda_P': 0.8982726638098114, 'lambda_B': 1.5561269879394364, 'lambda_G': 1.3307537878418365, 'n_estimators': 1309, 'max_depth': 6, 'learning_rate': 0.029159324553021573, 'subsample': 0.9798943195264435, 'colsample_bytree': 0.5325430943096374, 'colsample_bylevel': 0.3688465423873528, 'reg_alpha': 0.04694914201613973, 'reg_lambda': 9.680718245342645, 'gamma': 0.00019995490565185024, 'min_child_weight': 15}. Best is trial 1130 with value: 3.2181299783521623e-06.

[Trial 1201/5000] Starting at 06:46:41
  Lambdas: P=0.727, B=1.590, G=1.518
  XGBoost params: n_estimators=1155, max_depth=7
  Starting cross-validation...
  Trial 1190 MSE: 0.000005 | MAPE: 0.16% | R²: -0.298342
  Trial time: 17.6s
[I 2026-03-13 06:46:41,920] Trial 1190 finished with value: 5.038494921664127e-06 and parameters: {'lambda_P': 1.5179841186141352, 'lambda_B': 1.5707986640224636, 'lambda_G': 0.5282331770831569, 'n_estimators': 4747, 'max_depth': 13, 'learning_rate': 0.011585267647256049, 'subsample': 0.9246596557029684, 'colsample_bytree': 0.5220754765908595, 'colsample_bylevel': 0.9486343712090893, 'reg_alpha': 1.3916611830129644, 'reg_lambda': 7.661491890375461, 'gamma': 0.000222415136042523, 'min_child_weight': 7}. Best is trial 1130 with value: 3.2181299783521623e-06.

[Trial 1202/5000] Starting at 06:46:42
  Lambdas: P=1.284, B=1.160, G=0.753
  XGBoost params: n_estimators=6595, max_depth=10
  Starting cross-validation...
  Trial 1185 MSE: 0.000005 | MAPE: 0.16% | R²: -0.314049
  Trial time: 27.8s
[I 2026-03-13 06:46:43,434] Trial 1185 finished with value: 5.076887518448612e-06 and parameters: {'lambda_P': 0.8021893393076187, 'lambda_B': 1.2154581341520059, 'lambda_G': 0.7677976658743993, 'n_estimators': 5872, 'max_depth': 18, 'learning_rate': 0.01853203149912186, 'subsample': 0.7802898687023648, 'colsample_bytree': 0.5755763867517222, 'colsample_bylevel': 0.4027556376425847, 'reg_alpha': 1.7101417152336242, 'reg_lambda': 1.601834714617534, 'gamma': 0.0003095323233937807, 'min_child_weight': 9}. Best is trial 1130 with value: 3.2181299783521623e-06.

[Trial 1203/5000] Starting at 06:46:43
  Lambdas: P=0.612, B=0.600, G=0.694
  XGBoost params: n_estimators=2410, max_depth=4
  Starting cross-validation...
  Trial 1200 MSE: 0.000004 | MAPE: 0.14% | R²: -0.062615
  Trial time: 5.5s
[I 2026-03-13 06:46:46,586] Trial 1200 finished with value: 3.782724108074314e-06 and parameters: {'lambda_P': 0.7270371295322713, 'lambda_B': 1.5901345944893757, 'lambda_G': 1.5175967931155063, 'n_estimators': 1155, 'max_depth': 7, 'learning_rate': 0.11057665666503942, 'subsample': 0.9666394061386907, 'colsample_bytree': 0.3123741496868071, 'colsample_bylevel': 0.33119826951534526, 'reg_alpha': 0.5331269106142843, 'reg_lambda': 9.639573039625935, 'gamma': 0.00011532999168618482, 'min_child_weight': 13}. Best is trial 1130 with value: 3.2181299783521623e-06.

[Trial 1204/5000] Starting at 06:46:46
  Lambdas: P=0.676, B=1.865, G=0.666
  XGBoost params: n_estimators=6192, max_depth=14
  Starting cross-validation...
  Trial 1176 MSE: 0.000005 | MAPE: 0.16% | R²: -0.255609
  Trial time: 46.8s
[I 2026-03-13 06:46:50,312] Trial 1176 finished with value: 4.911960769602648e-06 and parameters: {'lambda_P': 0.5465023129774271, 'lambda_B': 1.9221778519432011, 'lambda_G': 1.2339341800078565, 'n_estimators': 8789, 'max_depth': 13, 'learning_rate': 0.0031033037578901182, 'subsample': 0.636806703509273, 'colsample_bytree': 0.34778864293809, 'colsample_bylevel': 0.8361910764865375, 'reg_alpha': 0.8554270103399068, 'reg_lambda': 3.8700932915630486, 'gamma': 0.00012670802016443943, 'min_child_weight': 13}. Best is trial 1130 with value: 3.2181299783521623e-06.

[Trial 1205/5000] Starting at 06:46:50
  Lambdas: P=0.853, B=1.630, G=1.367
  XGBoost params: n_estimators=734, max_depth=8
  Starting cross-validation...
  Trial 1188 MSE: 0.000004 | MAPE: 0.14% | R²: -0.020234
  Trial time: 33.2s
[I 2026-03-13 06:46:53,813] Trial 1188 finished with value: 3.638506531692081e-06 and parameters: {'lambda_P': 1.524373845025273, 'lambda_B': 0.5956596187086404, 'lambda_G': 1.1143548067757802, 'n_estimators': 6601, 'max_depth': 2, 'learning_rate': 0.0014475756885184829, 'subsample': 0.9453930277301755, 'colsample_bytree': 0.7239486422172582, 'colsample_bylevel': 0.7713850415387716, 'reg_alpha': 0.19886290245305854, 'reg_lambda': 1.3654333827302183, 'gamma': 0.00010582341982400091, 'min_child_weight': 5}. Best is trial 1130 with value: 3.2181299783521623e-06.

[Trial 1206/5000] Starting at 06:46:53
  Trial 1202 MSE: 0.000005 | MAPE: 0.16% | R²: -0.174778
  Trial time: 10.4s
[I 2026-03-13 06:46:53,985] Trial 1202 finished with value: 4.5259598138792e-06 and parameters: {'lambda_P': 0.6117993051336772, 'lambda_B': 0.599586641829053, 'lambda_G': 0.6936176712431215, 'n_estimators': 2410, 'max_depth': 4, 'learning_rate': 0.0035985160397226327, 'subsample': 0.8038199595592649, 'colsample_bytree': 0.6394470824956432, 'colsample_bylevel': 0.6102604971729781, 'reg_alpha': 0.8795658562694171, 'reg_lambda': 8.567946006874639, 'gamma': 0.00010708637495070418, 'min_child_weight': 15}. Best is trial 1130 with value: 3.2181299783521623e-06.

[Trial 1207/5000] Starting at 06:46:54
  Trial 1204 MSE: 0.000004 | MAPE: 0.15% | R²: -0.137998
  Trial time: 3.8s
[I 2026-03-13 06:46:54,352] Trial 1204 finished with value: 4.271025805164574e-06 and parameters: {'lambda_P': 0.8531181076796942, 'lambda_B': 1.630430735115225, 'lambda_G': 1.3666632205281868, 'n_estimators': 734, 'max_depth': 8, 'learning_rate': 0.02999065740123811, 'subsample': 0.9627547986095433, 'colsample_bytree': 0.6164413140300368, 'colsample_bylevel': 0.40176074068684964, 'reg_alpha': 0.7632224996967736, 'reg_lambda': 8.151133658955809, 'gamma': 0.00016897911334418515, 'min_child_weight': 14}. Best is trial 1130 with value: 3.2181299783521623e-06.

[Trial 1208/5000] Starting at 06:46:54
  Lambdas: P=1.676, B=1.285, G=0.644
  Lambdas: P=0.806, B=1.927, G=1.442
  XGBoost params: n_estimators=8527, max_depth=5
  Starting cross-validation...
  XGBoost params: n_estimators=58, max_depth=3
  Starting cross-validation...
  Lambdas: P=1.190, B=1.420, G=1.132
  XGBoost params: n_estimators=1283, max_depth=4
  Starting cross-validation...
  Trial 1206 MSE: 0.000004 | MAPE: 0.15% | R²: -0.096742
  Trial time: 1.1s
[I 2026-03-13 06:46:55,325] Trial 1206 finished with value: 4.032487248241614e-06 and parameters: {'lambda_P': 0.8064514547273374, 'lambda_B': 1.9268658247158656, 'lambda_G': 1.4419983837714678, 'n_estimators': 58, 'max_depth': 3, 'learning_rate': 0.05689965992391354, 'subsample': 0.9932009899163213, 'colsample_bytree': 0.682282948814628, 'colsample_bylevel': 0.37289933159634153, 'reg_alpha': 0.6079849694318055, 'reg_lambda': 6.7403384960408195, 'gamma': 0.0001780364809521485, 'min_child_weight': 10}. Best is trial 1130 with value: 3.2181299783521623e-06.

[Trial 1209/5000] Starting at 06:46:55
  Lambdas: P=1.677, B=1.485, G=1.629
  Trial 1195 MSE: 0.000004 | MAPE: 0.15% | R²: -0.111140
  Trial time: 24.3s
[I 2026-03-13 06:46:55,818] Trial 1195 finished with value: 4.1230956140014805e-06 and parameters: {'lambda_P': 1.7996010284343014, 'lambda_B': 1.6237312408640188, 'lambda_G': 0.699368510819834, 'n_estimators': 4820, 'max_depth': 6, 'learning_rate': 0.0013315593784096426, 'subsample': 0.9676705385248084, 'colsample_bytree': 0.5915235002374832, 'colsample_bylevel': 0.7757215840798717, 'reg_alpha': 0.5865891321055147, 'reg_lambda': 5.637544130354828, 'gamma': 0.00025783017649724473, 'min_child_weight': 2}. Best is trial 1130 with value: 3.2181299783521623e-06.

[Trial 1210/5000] Starting at 06:46:55
  XGBoost params: n_estimators=3810, max_depth=14
  Starting cross-validation...
  Lambdas: P=1.201, B=1.800, G=1.243
  XGBoost params: n_estimators=6974, max_depth=15
  Starting cross-validation...
  Trial 1186 MSE: 0.000005 | MAPE: 0.16% | R²: -0.314049
  Trial time: 40.3s
[I 2026-03-13 06:46:58,560] Trial 1186 finished with value: 5.076887518448612e-06 and parameters: {'lambda_P': 1.605666951948698, 'lambda_B': 1.9537408031526715, 'lambda_G': 1.3620822301617155, 'n_estimators': 9439, 'max_depth': 12, 'learning_rate': 0.003358188787182741, 'subsample': 0.6526748916726233, 'colsample_bytree': 0.7385222199040687, 'colsample_bylevel': 0.5082610935588927, 'reg_alpha': 1.0677490917630388, 'reg_lambda': 3.1650780916723806, 'gamma': 0.0023170202471994856, 'min_child_weight': 1}. Best is trial 1130 with value: 3.2181299783521623e-06.

[Trial 1211/5000] Starting at 06:46:58
  Lambdas: P=0.529, B=1.116, G=1.251
  Trial 1192 MSE: 0.000004 | MAPE: 0.15% | R²: -0.055636
  Trial time: 31.7s
[I 2026-03-13 06:46:59,080] Trial 1192 finished with value: 3.767222855052537e-06 and parameters: {'lambda_P': 1.8964811733796894, 'lambda_B': 1.2527693189513625, 'lambda_G': 1.0879859583558182, 'n_estimators': 6154, 'max_depth': 9, 'learning_rate': 0.0013670009115710527, 'subsample': 0.9677136310035932, 'colsample_bytree': 0.44903812550871225, 'colsample_bylevel': 0.8306194891350465, 'reg_alpha': 0.20469560806309103, 'reg_lambda': 6.7447241573790215, 'gamma': 0.0003581114818184236, 'min_child_weight': 9}. Best is trial 1130 with value: 3.2181299783521623e-06.
  XGBoost params: n_estimators=2442, max_depth=4
  Starting cross-validation...

[Trial 1212/5000] Starting at 06:46:59
  Lambdas: P=1.257, B=0.546, G=0.954
  XGBoost params: n_estimators=8885, max_depth=12
  Starting cross-validation...
  Trial 1196 MSE: 0.000004 | MAPE: 0.15% | R²: -0.061642
  Trial time: 27.0s
[I 2026-03-13 06:47:00,023] Trial 1196 finished with value: 3.868727474958473e-06 and parameters: {'lambda_P': 1.3425100177813698, 'lambda_B': 1.2928195218890903, 'lambda_G': 0.5105435625831888, 'n_estimators': 5469, 'max_depth': 8, 'learning_rate': 0.0018037937727958715, 'subsample': 0.9416598748485127, 'colsample_bytree': 0.32171414481093863, 'colsample_bylevel': 0.7609628228632034, 'reg_alpha': 0.5190037863403548, 'reg_lambda': 7.127552331535491, 'gamma': 0.00015930289969038803, 'min_child_weight': 7}. Best is trial 1130 with value: 3.2181299783521623e-06.

[Trial 1213/5000] Starting at 06:47:00
  Lambdas: P=0.937, B=1.577, G=0.977
  XGBoost params: n_estimators=1274, max_depth=4
  Starting cross-validation...
  Trial 1191 MSE: 0.000004 | MAPE: 0.15% | R²: -0.150542
  Trial time: 34.9s
