[I 2026-03-13 07:09:48,494] Trial 1953 finished with value: 5.061929162943144e-06 and parameters: {'lambda_P': 0.7404131928620559, 'lambda_B': 1.5102109880609946, 'lambda_G': 0.9701193977251714, 'n_estimators': 4709, 'max_depth': 6, 'learning_rate': 0.01036699021469174, 'subsample': 0.9357074020703507, 'colsample_bytree': 0.8410065529653312, 'colsample_bylevel': 0.42023862337485635, 'reg_alpha': 1.4806709573244075, 'reg_lambda': 0.9620410205464888, 'gamma': 0.00020357577799434478, 'min_child_weight': 2}. Best is trial 1422 with value: 2.996031181594198e-06.

[Trial 1968/5000] Starting at 07:09:48
  Lambdas: P=1.185, B=1.687, G=1.441
  XGBoost params: n_estimators=7139, max_depth=10
  Starting cross-validation...
  Trial 1949 MSE: 0.000005 | MAPE: 0.16% | R²: -0.314049
  Trial time: 33.9s
[I 2026-03-13 07:09:49,526] Trial 1949 finished with value: 5.076887518448612e-06 and parameters: {'lambda_P': 1.0361523655552694, 'lambda_B': 1.8688760808119178, 'lambda_G': 0.5484043189379387, 'n_estimators': 6210, 'max_depth': 3, 'learning_rate': 0.01695310072912565, 'subsample': 0.8667338420673365, 'colsample_bytree': 0.7771396664622428, 'colsample_bylevel': 0.589063698207705, 'reg_alpha': 3.5010464099253977, 'reg_lambda': 0.0264932065930798, 'gamma': 0.00031511234458684304, 'min_child_weight': 3}. Best is trial 1422 with value: 2.996031181594198e-06.

[Trial 1969/5000] Starting at 07:09:49
  Lambdas: P=1.313, B=1.604, G=0.788
  XGBoost params: n_estimators=6448, max_depth=11
  Starting cross-validation...
  Trial 1958 MSE: 0.000005 | MAPE: 0.16% | R²: -0.313964
  Trial time: 22.4s
[I 2026-03-13 07:09:52,501] Trial 1958 finished with value: 5.076663851365466e-06 and parameters: {'lambda_P': 1.2467905379238666, 'lambda_B': 1.3503305914220354, 'lambda_G': 0.8949917565679131, 'n_estimators': 4411, 'max_depth': 6, 'learning_rate': 0.0011398971931731955, 'subsample': 0.8877110356366573, 'colsample_bytree': 0.636821125438039, 'colsample_bylevel': 0.3647879289916732, 'reg_alpha': 1.4948892536800704, 'reg_lambda': 1.2175625192388861, 'gamma': 0.00013803449146469472, 'min_child_weight': 2}. Best is trial 1422 with value: 2.996031181594198e-06.

[Trial 1970/5000] Starting at 07:09:52
  Lambdas: P=0.978, B=1.901, G=1.392
  XGBoost params: n_estimators=8646, max_depth=5
  Starting cross-validation...
  Trial 1957 MSE: 0.000005 | MAPE: 0.16% | R²: -0.174488
  Trial time: 25.9s
[I 2026-03-13 07:09:55,029] Trial 1957 finished with value: 4.509800311467234e-06 and parameters: {'lambda_P': 0.9620830682924526, 'lambda_B': 1.8199493994950218, 'lambda_G': 1.1485541643240906, 'n_estimators': 4840, 'max_depth': 6, 'learning_rate': 0.03173731959645922, 'subsample': 0.8807129927644755, 'colsample_bytree': 0.8056672089191436, 'colsample_bylevel': 0.3112028373260893, 'reg_alpha': 0.9643402297205854, 'reg_lambda': 0.07303088159244295, 'gamma': 0.00010418671324416235, 'min_child_weight': 13}. Best is trial 1422 with value: 2.996031181594198e-06.

[Trial 1971/5000] Starting at 07:09:55
  Lambdas: P=0.992, B=1.860, G=1.489
  XGBoost params: n_estimators=3543, max_depth=4
  Starting cross-validation...
  Trial 1964 MSE: 0.000005 | MAPE: 0.16% | R²: -0.195013
  Trial time: 12.5s
[I 2026-03-13 07:09:56,121] Trial 1964 finished with value: 4.633687636727588e-06 and parameters: {'lambda_P': 1.0243996538990168, 'lambda_B': 1.8611179504564053, 'lambda_G': 0.9068927619270054, 'n_estimators': 3233, 'max_depth': 7, 'learning_rate': 0.005702328470967006, 'subsample': 0.9238076546563212, 'colsample_bytree': 0.753373065717636, 'colsample_bylevel': 0.412859646260612, 'reg_alpha': 1.0932392911772713, 'reg_lambda': 0.6191554780057456, 'gamma': 0.00010091280837443229, 'min_child_weight': 1}. Best is trial 1422 with value: 2.996031181594198e-06.

[Trial 1972/5000] Starting at 07:09:56
  Lambdas: P=1.368, B=0.916, G=1.036
  XGBoost params: n_estimators=9661, max_depth=4
  Starting cross-validation...
  Trial 1954 MSE: 0.000005 | MAPE: 0.16% | R²: -0.314049
  Trial time: 33.3s
[I 2026-03-13 07:09:56,654] Trial 1954 finished with value: 5.076887518448612e-06 and parameters: {'lambda_P': 1.0120388684225636, 'lambda_B': 1.7124025995011438, 'lambda_G': 1.8631447575049305, 'n_estimators': 6429, 'max_depth': 7, 'learning_rate': 0.148685086448704, 'subsample': 0.715015480866756, 'colsample_bytree': 0.45935663886064515, 'colsample_bylevel': 0.931955977805536, 'reg_alpha': 8.164629107911622, 'reg_lambda': 4.33844766300621, 'gamma': 0.00014381692564480303, 'min_child_weight': 13}. Best is trial 1422 with value: 2.996031181594198e-06.

[Trial 1973/5000] Starting at 07:09:56
  Lambdas: P=1.743, B=1.918, G=0.978
  XGBoost params: n_estimators=2101, max_depth=10
  Starting cross-validation...
  Trial 1943 MSE: 0.000005 | MAPE: 0.16% | R²: -0.314049
  Trial time: 50.6s
[I 2026-03-13 07:09:57,824] Trial 1943 finished with value: 5.076887518448612e-06 and parameters: {'lambda_P': 0.766192083745436, 'lambda_B': 0.7047733760831466, 'lambda_G': 1.7268537204593988, 'n_estimators': 9426, 'max_depth': 3, 'learning_rate': 0.011575948565267976, 'subsample': 0.48508970945484825, 'colsample_bytree': 0.8683936271538438, 'colsample_bylevel': 0.9560960977566482, 'reg_alpha': 9.181826128616287, 'reg_lambda': 9.634641285252286, 'gamma': 0.0007311898942235114, 'min_child_weight': 20}. Best is trial 1422 with value: 2.996031181594198e-06.

[Trial 1974/5000] Starting at 07:09:57
  Lambdas: P=0.955, B=1.884, G=0.939
  Trial 1961 MSE: 0.000005 | MAPE: 0.16% | R²: -0.314049
  Trial time: 22.3s
[I 2026-03-13 07:09:58,354] Trial 1961 finished with value: 5.076887518448612e-06 and parameters: {'lambda_P': 1.2423778380211983, 'lambda_B': 0.7457275931875265, 'lambda_G': 1.9937314512075581, 'n_estimators': 4364, 'max_depth': 7, 'learning_rate': 0.0093887756415133, 'subsample': 0.45453137026371593, 'colsample_bytree': 0.8349748489877149, 'colsample_bylevel': 0.7057245826009083, 'reg_alpha': 5.604329379963574, 'reg_lambda': 1.8008696541577636, 'gamma': 0.0006806238202681465, 'min_child_weight': 14}. Best is trial 1422 with value: 2.996031181594198e-06.

[Trial 1975/5000] Starting at 07:09:58
  XGBoost params: n_estimators=2772, max_depth=8
  Starting cross-validation...
  Trial 1966 MSE: 0.000004 | MAPE: 0.15% | R²: -0.066318
  Trial time: 12.0s
[I 2026-03-13 07:09:58,671] Trial 1966 finished with value: 3.82769583612006e-06 and parameters: {'lambda_P': 1.1195874967488204, 'lambda_B': 1.5226444541486415, 'lambda_G': 0.9195976213963144, 'n_estimators': 2235, 'max_depth': 7, 'learning_rate': 0.02255852141542594, 'subsample': 0.9803402768558054, 'colsample_bytree': 0.9427985748803409, 'colsample_bylevel': 0.3813505131657881, 'reg_alpha': 0.42337339662218887, 'reg_lambda': 0.5311885225850786, 'gamma': 0.0001920450472881979, 'min_child_weight': 13}. Best is trial 1422 with value: 2.996031181594198e-06.

[Trial 1976/5000] Starting at 07:09:58
  Lambdas: P=1.968, B=0.580, G=1.777
  XGBoost params: n_estimators=3874, max_depth=4
  Starting cross-validation...
  Lambdas: P=0.778, B=1.985, G=0.640
  XGBoost params: n_estimators=9770, max_depth=11
  Starting cross-validation...
  Trial 1959 MSE: 0.000004 | MAPE: 0.15% | R²: -0.055805
  Trial time: 26.4s
[I 2026-03-13 07:10:00,098] Trial 1959 finished with value: 3.850746138844147e-06 and parameters: {'lambda_P': 0.7251011947650976, 'lambda_B': 1.8878233174756585, 'lambda_G': 0.8106928954011289, 'n_estimators': 5262, 'max_depth': 8, 'learning_rate': 0.0024638665879028565, 'subsample': 0.91336352259925, 'colsample_bytree': 0.6816018008308642, 'colsample_bylevel': 0.524858125328404, 'reg_alpha': 0.508297862095253, 'reg_lambda': 0.12168079491446213, 'gamma': 0.00011107070990230368, 'min_child_weight': 3}. Best is trial 1422 with value: 2.996031181594198e-06.

[Trial 1977/5000] Starting at 07:10:00
  Lambdas: P=0.532, B=1.405, G=1.031
  XGBoost params: n_estimators=147, max_depth=18
  Starting cross-validation...
  Trial 1976 MSE: 0.000005 | MAPE: 0.16% | R²: -0.314049
  Trial time: 1.0s
[I 2026-03-13 07:10:01,356] Trial 1976 finished with value: 5.076887518448612e-06 and parameters: {'lambda_P': 0.5322894418506484, 'lambda_B': 1.4053983594762856, 'lambda_G': 1.0313979913764264, 'n_estimators': 147, 'max_depth': 18, 'learning_rate': 0.009232246765099749, 'subsample': 0.8261242302610314, 'colsample_bytree': 0.7135284284884535, 'colsample_bylevel': 0.5611938656226467, 'reg_alpha': 4.946700240471764, 'reg_lambda': 9.060094515332876, 'gamma': 0.007289862634377024, 'min_child_weight': 9}. Best is trial 1422 with value: 2.996031181594198e-06.

[Trial 1978/5000] Starting at 07:10:01
  Lambdas: P=1.756, B=1.820, G=1.182
  XGBoost params: n_estimators=8950, max_depth=8
  Starting cross-validation...
  Trial 1960 MSE: 0.000005 | MAPE: 0.16% | R²: -0.314049
  Trial time: 27.8s
[I 2026-03-13 07:10:03,040] Trial 1960 finished with value: 5.076887518448612e-06 and parameters: {'lambda_P': 0.556322434762262, 'lambda_B': 1.6586671667290858, 'lambda_G': 1.1989891810119617, 'n_estimators': 6620, 'max_depth': 20, 'learning_rate': 0.003994385935351364, 'subsample': 0.4620320853698249, 'colsample_bytree': 0.5728577931335478, 'colsample_bylevel': 0.551557904749722, 'reg_alpha': 1.1352302102555316, 'reg_lambda': 6.22124954167846, 'gamma': 0.00010287099929694272, 'min_child_weight': 18}. Best is trial 1422 with value: 2.996031181594198e-06.

[Trial 1979/5000] Starting at 07:10:03
  Lambdas: P=1.009, B=1.295, G=1.215
  XGBoost params: n_estimators=5819, max_depth=14
  Starting cross-validation...
  Trial 1963 MSE: 0.000005 | MAPE: 0.16% | R²: -0.314049
  Trial time: 24.2s
[I 2026-03-13 07:10:07,065] Trial 1963 finished with value: 5.076887518448612e-06 and parameters: {'lambda_P': 0.931238460661181, 'lambda_B': 1.4805220079461499, 'lambda_G': 0.6857273611314217, 'n_estimators': 4418, 'max_depth': 8, 'learning_rate': 0.005426963905517518, 'subsample': 0.8269933106858146, 'colsample_bytree': 0.9530781074324765, 'colsample_bylevel': 0.4913251436439554, 'reg_alpha': 2.0131405497623716, 'reg_lambda': 0.6166965668265629, 'gamma': 0.0007462281841000613, 'min_child_weight': 1}. Best is trial 1422 with value: 2.996031181594198e-06.

[Trial 1980/5000] Starting at 07:10:07
  Lambdas: P=1.864, B=1.603, G=1.999
  XGBoost params: n_estimators=8335, max_depth=10
  Starting cross-validation...
  Trial 1972 MSE: 0.000005 | MAPE: 0.16% | R²: -0.314049
  Trial time: 11.3s
[I 2026-03-13 07:10:08,131] Trial 1972 finished with value: 5.076887518448612e-06 and parameters: {'lambda_P': 1.74341513712342, 'lambda_B': 1.917512444756887, 'lambda_G': 0.9775664378743973, 'n_estimators': 2101, 'max_depth': 10, 'learning_rate': 0.005580915093222923, 'subsample': 0.5939112800047248, 'colsample_bytree': 0.5026280088630971, 'colsample_bylevel': 0.5226235802005292, 'reg_alpha': 2.8528124795042693, 'reg_lambda': 8.335101967153424, 'gamma': 0.00012659608405016074, 'min_child_weight': 19}. Best is trial 1422 with value: 2.996031181594198e-06.

[Trial 1981/5000] Starting at 07:10:08
  Lambdas: P=1.933, B=1.056, G=1.728
  XGBoost params: n_estimators=6357, max_depth=5
  Starting cross-validation...
  Trial 1962 MSE: 0.000005 | MAPE: 0.16% | R²: -0.314049
  Trial time: 29.7s
[I 2026-03-13 07:10:08,895] Trial 1962 finished with value: 5.076887518448612e-06 and parameters: {'lambda_P': 1.3789941580956606, 'lambda_B': 0.9307607756324086, 'lambda_G': 1.5871783768812358, 'n_estimators': 5732, 'max_depth': 16, 'learning_rate': 0.005848855043753014, 'subsample': 0.9371065380040691, 'colsample_bytree': 0.8641803961226898, 'colsample_bylevel': 0.6205499483533583, 'reg_alpha': 0.6144724737202729, 'reg_lambda': 0.02688024346052842, 'gamma': 0.029286756101982014, 'min_child_weight': 12}. Best is trial 1422 with value: 2.996031181594198e-06.

[Trial 1982/5000] Starting at 07:10:08
  Lambdas: P=1.070, B=1.524, G=0.700
  XGBoost params: n_estimators=5314, max_depth=13
  Starting cross-validation...
  Trial 1973 MSE: 0.000005 | MAPE: 0.16% | R²: -0.314049
  Trial time: 14.6s
[I 2026-03-13 07:10:12,613] Trial 1973 finished with value: 5.076887518448612e-06 and parameters: {'lambda_P': 0.9552863736308355, 'lambda_B': 1.8835799317415662, 'lambda_G': 0.9394353140257865, 'n_estimators': 2772, 'max_depth': 8, 'learning_rate': 0.33098021661528115, 'subsample': 0.6968268210949448, 'colsample_bytree': 0.5479323009762258, 'colsample_bylevel': 0.44047388024810585, 'reg_alpha': 8.632191397660826, 'reg_lambda': 8.86135826372589, 'gamma': 0.011158968169172728, 'min_child_weight': 13}. Best is trial 1422 with value: 2.996031181594198e-06.

[Trial 1983/5000] Starting at 07:10:12
  Lambdas: P=0.863, B=1.700, G=1.037
  XGBoost params: n_estimators=6562, max_depth=9
  Starting cross-validation...
  Trial 1965 MSE: 0.000005 | MAPE: 0.16% | R²: -0.301672
  Trial time: 29.5s
[I 2026-03-13 07:10:15,241] Trial 1965 finished with value: 5.045556893751131e-06 and parameters: {'lambda_P': 1.093633283014408, 'lambda_B': 1.7006678465181069, 'lambda_G': 1.0728930818209081, 'n_estimators': 5499, 'max_depth': 9, 'learning_rate': 0.007840881675504454, 'subsample': 0.9295988206007493, 'colsample_bytree': 0.7279630110372437, 'colsample_bylevel': 0.45817666991210126, 'reg_alpha': 1.329103206862687, 'reg_lambda': 1.9967229696346682, 'gamma': 0.0003080571639057766, 'min_child_weight': 6}. Best is trial 1422 with value: 2.996031181594198e-06.

[Trial 1984/5000] Starting at 07:10:15
  Trial 1970 MSE: 0.000005 | MAPE: 0.16% | R²: -0.314049
  Trial time: 20.4s
[I 2026-03-13 07:10:15,654] Trial 1970 finished with value: 5.076887518448612e-06 and parameters: {'lambda_P': 0.992100249749593, 'lambda_B': 1.8597763208465876, 'lambda_G': 1.4886192832304281, 'n_estimators': 3543, 'max_depth': 4, 'learning_rate': 0.08738803020307763, 'subsample': 0.5424348767727297, 'colsample_bytree': 0.8423183361134509, 'colsample_bylevel': 0.8361661098885881, 'reg_alpha': 7.093108775216711, 'reg_lambda': 5.171046735783901, 'gamma': 0.0010730195102640156, 'min_child_weight': 6}. Best is trial 1422 with value: 2.996031181594198e-06.

[Trial 1985/5000] Starting at 07:10:15
  Lambdas: P=0.587, B=1.512, G=1.444
  XGBoost params: n_estimators=2941, max_depth=2
  Starting cross-validation...
  Lambdas: P=0.960, B=1.927, G=1.405
  XGBoost params: n_estimators=8187, max_depth=4
  Starting cross-validation...
  Trial 1974 MSE: 0.000005 | MAPE: 0.16% | R²: -0.314049
  Trial time: 19.3s
[I 2026-03-13 07:10:17,889] Trial 1974 finished with value: 5.076887518448612e-06 and parameters: {'lambda_P': 1.9684330895383753, 'lambda_B': 0.5796880402810369, 'lambda_G': 1.7770526926051105, 'n_estimators': 3874, 'max_depth': 4, 'learning_rate': 0.2046514681260477, 'subsample': 0.4105936019089963, 'colsample_bytree': 0.5187972545452344, 'colsample_bylevel': 0.6937368319473607, 'reg_alpha': 9.575604417869343, 'reg_lambda': 0.9514124417401195, 'gamma': 0.005263994234931805, 'min_child_weight': 16}. Best is trial 1422 with value: 2.996031181594198e-06.

[Trial 1986/5000] Starting at 07:10:17
  Lambdas: P=1.276, B=1.973, G=0.746
  XGBoost params: n_estimators=6228, max_depth=7
  Starting cross-validation...
  Trial 1968 MSE: 0.000004 | MAPE: 0.15% | R²: -0.064986
  Trial time: 34.1s
[I 2026-03-13 07:10:23,859] Trial 1968 finished with value: 3.858717401965599e-06 and parameters: {'lambda_P': 1.3126563472040569, 'lambda_B': 1.6036367842947155, 'lambda_G': 0.7880817152404975, 'n_estimators': 6448, 'max_depth': 11, 'learning_rate': 0.020736203586440596, 'subsample': 0.8500918215314514, 'colsample_bytree': 0.7631345312544835, 'colsample_bylevel': 0.3763299618574188, 'reg_alpha': 0.4352065085272643, 'reg_lambda': 0.30703942693246833, 'gamma': 0.0001481305673782568, 'min_child_weight': 6}. Best is trial 1422 with value: 2.996031181594198e-06.

[Trial 1987/5000] Starting at 07:10:23
  Lambdas: P=1.847, B=1.978, G=1.584
  XGBoost params: n_estimators=1927, max_depth=20
  Starting cross-validation...
  Trial 1978 MSE: 0.000005 | MAPE: 0.16% | R²: -0.314049
  Trial time: 21.6s
[I 2026-03-13 07:10:24,839] Trial 1978 finished with value: 5.076887518448612e-06 and parameters: {'lambda_P': 1.0086224860853248, 'lambda_B': 1.295317022834109, 'lambda_G': 1.215189656191637, 'n_estimators': 5819, 'max_depth': 14, 'learning_rate': 0.40093821203261837, 'subsample': 0.8796394016058615, 'colsample_bytree': 0.814157518231103, 'colsample_bylevel': 0.4582792770841433, 'reg_alpha': 9.757992849366108, 'reg_lambda': 1.267744707539626, 'gamma': 0.017279207632645927, 'min_child_weight': 18}. Best is trial 1422 with value: 2.996031181594198e-06.

[Trial 1988/5000] Starting at 07:10:24
  Trial 1967 MSE: 0.000005 | MAPE: 0.16% | R²: -0.314049
  Trial time: 36.5s
[I 2026-03-13 07:10:25,220] Trial 1967 finished with value: 5.076887518448612e-06 and parameters: {'lambda_P': 1.1845580005918046, 'lambda_B': 1.6867082397481736, 'lambda_G': 1.441366787766404, 'n_estimators': 7139, 'max_depth': 10, 'learning_rate': 0.03017439863300395, 'subsample': 0.8136761341226569, 'colsample_bytree': 0.34537122278649635, 'colsample_bylevel': 0.6210600291238293, 'reg_alpha': 1.4479159673272104, 'reg_lambda': 3.234432651721176, 'gamma': 0.0003187102390794522, 'min_child_weight': 8}. Best is trial 1422 with value: 2.996031181594198e-06.

[Trial 1989/5000] Starting at 07:10:25
  Lambdas: P=1.260, B=1.482, G=1.384
  XGBoost params: n_estimators=3248, max_depth=15
  Starting cross-validation...
  Lambdas: P=1.237, B=0.783, G=1.545
  XGBoost params: n_estimators=9241, max_depth=6
  Starting cross-validation...
  Trial 1983 MSE: 0.000005 | MAPE: 0.16% | R²: -0.314049
  Trial time: 13.0s
[I 2026-03-13 07:10:28,494] Trial 1983 finished with value: 5.076887518448612e-06 and parameters: {'lambda_P': 0.5865943745609749, 'lambda_B': 1.5122545770609268, 'lambda_G': 1.4440497045327794, 'n_estimators': 2941, 'max_depth': 2, 'learning_rate': 0.001151082318147383, 'subsample': 0.977814188345232, 'colsample_bytree': 0.5680728351439329, 'colsample_bylevel': 0.5449588544493643, 'reg_alpha': 7.5989000151727755, 'reg_lambda': 7.806739211482164, 'gamma': 0.001983581144906962, 'min_child_weight': 3}. Best is trial 1422 with value: 2.996031181594198e-06.

[Trial 1990/5000] Starting at 07:10:28
  Lambdas: P=1.892, B=0.552, G=1.192
  XGBoost params: n_estimators=5276, max_depth=20
  Starting cross-validation...
  Trial 1986 MSE: 0.000005 | MAPE: 0.16% | R²: -0.314049
  Trial time: 8.6s
[I 2026-03-13 07:10:32,627] Trial 1986 finished with value: 5.076887518448612e-06 and parameters: {'lambda_P': 1.8473508482368415, 'lambda_B': 1.977527205603336, 'lambda_G': 1.5844709723599906, 'n_estimators': 1927, 'max_depth': 20, 'learning_rate': 0.3874920103076562, 'subsample': 0.9534879401008274, 'colsample_bytree': 0.8070049744660341, 'colsample_bylevel': 0.7958303008472096, 'reg_alpha': 4.140895551649381, 'reg_lambda': 4.76121162321285, 'gamma': 0.0003617226842705419, 'min_child_weight': 1}. Best is trial 1422 with value: 2.996031181594198e-06.

[Trial 1991/5000] Starting at 07:10:32
  Lambdas: P=1.561, B=1.570, G=1.692
  XGBoost params: n_estimators=6150, max_depth=4
  Starting cross-validation...
  Trial 1981 MSE: 0.000003 | MAPE: 0.14% | R²: 0.026639
  Trial time: 24.5s
[I 2026-03-13 07:10:33,606] Trial 1981 finished with value: 3.346201672185933e-06 and parameters: {'lambda_P': 1.0702005997438218, 'lambda_B': 1.523525961923355, 'lambda_G': 0.7001750860941631, 'n_estimators': 5314, 'max_depth': 13, 'learning_rate': 0.003311407157701096, 'subsample': 0.9753775949791059, 'colsample_bytree': 0.702316497548133, 'colsample_bylevel': 0.46044869081484896, 'reg_alpha': 0.0708013837561344, 'reg_lambda': 2.761517974011113, 'gamma': 0.00015344110478031478, 'min_child_weight': 2}. Best is trial 1422 with value: 2.996031181594198e-06.

[Trial 1992/5000] Starting at 07:10:33
  Lambdas: P=1.389, B=0.801, G=1.263
  XGBoost params: n_estimators=5888, max_depth=9
  Starting cross-validation...
  Trial 1971 MSE: 0.000005 | MAPE: 0.16% | R²: -0.314049
  Trial time: 39.3s
[I 2026-03-13 07:10:35,643] Trial 1971 finished with value: 5.076887518448612e-06 and parameters: {'lambda_P': 1.3679947498086598, 'lambda_B': 0.9162020116300812, 'lambda_G': 1.0357925982797, 'n_estimators': 9661, 'max_depth': 4, 'learning_rate': 0.027530347881125284, 'subsample': 0.3734723230900491, 'colsample_bytree': 0.8839950163504868, 'colsample_bylevel': 0.468958991956821, 'reg_alpha': 3.4862605184080984, 'reg_lambda': 1.675535496008267, 'gamma': 0.009768278974547486, 'min_child_weight': 6}. Best is trial 1422 with value: 2.996031181594198e-06.

[Trial 1993/5000] Starting at 07:10:35
  Lambdas: P=1.061, B=1.918, G=1.603
  XGBoost params: n_estimators=3011, max_depth=2
  Starting cross-validation...
  Trial 1969 MSE: 0.000005 | MAPE: 0.16% | R²: -0.314049
  Trial time: 44.0s
[I 2026-03-13 07:10:36,705] Trial 1969 finished with value: 5.076887518448612e-06 and parameters: {'lambda_P': 0.9777922629345972, 'lambda_B': 1.9010617933057503, 'lambda_G': 1.391940994466893, 'n_estimators': 8646, 'max_depth': 5, 'learning_rate': 0.006057028954005073, 'subsample': 0.4859997535550501, 'colsample_bytree': 0.6994649595319827, 'colsample_bylevel': 0.9805976467331334, 'reg_alpha': 8.582365779157717, 'reg_lambda': 1.841744698929559, 'gamma': 0.09457218062170611, 'min_child_weight': 18}. Best is trial 1422 with value: 2.996031181594198e-06.

[Trial 1994/5000] Starting at 07:10:36
  Lambdas: P=1.703, B=1.994, G=1.422
  XGBoost params: n_estimators=2859, max_depth=7
  Starting cross-validation...
  Trial 1980 MSE: 0.000003 | MAPE: 0.13% | R²: 0.106336
  Trial time: 30.1s
