[I 2026-03-13 06:35:52,948] Trial 820 finished with value: 4.242451433278979e-06 and parameters: {'lambda_P': 0.7865999442060474, 'lambda_B': 1.7310235592029997, 'lambda_G': 1.659447547923495, 'n_estimators': 8410, 'max_depth': 20, 'learning_rate': 0.29751180426205237, 'subsample': 0.8366898269466656, 'colsample_bytree': 0.4836593811554261, 'colsample_bylevel': 0.5059859384809052, 'reg_alpha': 0.5981290696096699, 'reg_lambda': 7.680457477534346, 'gamma': 0.0002589000550864176, 'min_child_weight': 11}. Best is trial 660 with value: 3.2379913054860083e-06.

[Trial 837/5000] Starting at 06:35:53
  Lambdas: P=1.408, B=0.917, G=0.823
  XGBoost params: n_estimators=7995, max_depth=7
  Starting cross-validation...
  Trial 823 MSE: 0.000004 | MAPE: 0.15% | R²: -0.063459
  Trial time: 32.1s
[I 2026-03-13 06:35:55,308] Trial 823 finished with value: 3.837549640947038e-06 and parameters: {'lambda_P': 1.7665091562652684, 'lambda_B': 0.9509027674753348, 'lambda_G': 1.1094073396405806, 'n_estimators': 7682, 'max_depth': 8, 'learning_rate': 0.0030891813555813325, 'subsample': 0.9113915430440398, 'colsample_bytree': 0.7469853939668842, 'colsample_bylevel': 0.8565090401199968, 'reg_alpha': 0.20261172266202587, 'reg_lambda': 4.69497443083622, 'gamma': 0.0001275342820766604, 'min_child_weight': 9}. Best is trial 660 with value: 3.2379913054860083e-06.

[Trial 838/5000] Starting at 06:35:55
  Lambdas: P=1.442, B=1.472, G=1.086
  XGBoost params: n_estimators=9738, max_depth=6
  Starting cross-validation...
  Trial 825 MSE: 0.000005 | MAPE: 0.16% | R²: -0.314049
  Trial time: 34.3s
[I 2026-03-13 06:36:00,262] Trial 825 finished with value: 5.076887518448612e-06 and parameters: {'lambda_P': 1.5389923481847452, 'lambda_B': 1.2130214146909026, 'lambda_G': 1.1645278387906908, 'n_estimators': 8297, 'max_depth': 7, 'learning_rate': 0.0024218171066364173, 'subsample': 0.9089690079423253, 'colsample_bytree': 0.6415264930217537, 'colsample_bylevel': 0.9588111788708437, 'reg_alpha': 2.3839355171210994, 'reg_lambda': 5.420008953994714, 'gamma': 0.00032097017590672876, 'min_child_weight': 6}. Best is trial 660 with value: 3.2379913054860083e-06.

[Trial 839/5000] Starting at 06:36:00
  Lambdas: P=1.795, B=1.456, G=0.677
  XGBoost params: n_estimators=4677, max_depth=18
  Starting cross-validation...
  Trial 827 MSE: 0.000005 | MAPE: 0.16% | R²: -0.314049
  Trial time: 37.2s
[I 2026-03-13 06:36:05,382] Trial 827 finished with value: 5.076887518448612e-06 and parameters: {'lambda_P': 1.6526715345340444, 'lambda_B': 0.8639463049798666, 'lambda_G': 0.8963389195466089, 'n_estimators': 8803, 'max_depth': 9, 'learning_rate': 0.014885615677177545, 'subsample': 0.9659297069241783, 'colsample_bytree': 0.6027462923107502, 'colsample_bylevel': 0.6957818572503071, 'reg_alpha': 1.7285070012564936, 'reg_lambda': 3.5889608574454757, 'gamma': 0.00016607795805170672, 'min_child_weight': 8}. Best is trial 660 with value: 3.2379913054860083e-06.

[Trial 840/5000] Starting at 06:36:05
  Trial 826 MSE: 0.000005 | MAPE: 0.16% | R²: -0.223536
  Trial time: 38.6s
[I 2026-03-13 06:36:05,573] Trial 826 finished with value: 4.6279834373106505e-06 and parameters: {'lambda_P': 1.3127518499624755, 'lambda_B': 1.4313336798552712, 'lambda_G': 0.9358878845532038, 'n_estimators': 9113, 'max_depth': 7, 'learning_rate': 0.011131254377079706, 'subsample': 0.9471954925262838, 'colsample_bytree': 0.8722275893576282, 'colsample_bylevel': 0.7365249868585941, 'reg_alpha': 0.26299880678037657, 'reg_lambda': 3.762647343207405, 'gamma': 0.001733316545254153, 'min_child_weight': 6}. Best is trial 660 with value: 3.2379913054860083e-06.

[Trial 841/5000] Starting at 06:36:05
  Lambdas: P=1.459, B=0.856, G=1.333
  Lambdas: P=1.685, B=1.317, G=0.695
  XGBoost params: n_estimators=8556, max_depth=4
  Starting cross-validation...
  XGBoost params: n_estimators=5799, max_depth=16
  Starting cross-validation...
  Trial 831 MSE: 0.000004 | MAPE: 0.15% | R²: -0.137430
  Trial time: 25.7s
[I 2026-03-13 06:36:07,326] Trial 831 finished with value: 4.068705220899064e-06 and parameters: {'lambda_P': 1.7384052447277598, 'lambda_B': 0.8879271712630987, 'lambda_G': 1.1769357394968487, 'n_estimators': 7783, 'max_depth': 6, 'learning_rate': 0.0485699323527336, 'subsample': 0.8454677438214628, 'colsample_bytree': 0.9640176941154237, 'colsample_bylevel': 0.8906073304099317, 'reg_alpha': 0.06861741522302886, 'reg_lambda': 2.603158507757307, 'gamma': 0.00018102567304022693, 'min_child_weight': 7}. Best is trial 660 with value: 3.2379913054860083e-06.

[Trial 842/5000] Starting at 06:36:07
  Lambdas: P=1.197, B=1.571, G=0.660
  XGBoost params: n_estimators=9881, max_depth=3
  Starting cross-validation...
  Trial 824 MSE: 0.000004 | MAPE: 0.15% | R²: -0.126333
  Trial time: 45.5s
[I 2026-03-13 06:36:10,007] Trial 824 finished with value: 4.226053018654452e-06 and parameters: {'lambda_P': 1.1940586136345908, 'lambda_B': 0.8478972283750812, 'lambda_G': 1.1221462050862048, 'n_estimators': 9985, 'max_depth': 9, 'learning_rate': 0.005225432696826578, 'subsample': 0.8484481311418506, 'colsample_bytree': 0.7983072571883865, 'colsample_bylevel': 0.7502513400624307, 'reg_alpha': 0.661665365566322, 'reg_lambda': 6.168766499564238, 'gamma': 0.00018095386248161553, 'min_child_weight': 2}. Best is trial 660 with value: 3.2379913054860083e-06.

[Trial 843/5000] Starting at 06:36:10
  Lambdas: P=1.288, B=0.840, G=1.209
  XGBoost params: n_estimators=9966, max_depth=4
  Starting cross-validation...
  Trial 828 MSE: 0.000004 | MAPE: 0.15% | R²: -0.157932
  Trial time: 38.1s
[I 2026-03-13 06:36:13,808] Trial 828 finished with value: 4.317950258692e-06 and parameters: {'lambda_P': 1.2475975870332667, 'lambda_B': 1.0110798082375676, 'lambda_G': 0.9598330147908989, 'n_estimators': 8691, 'max_depth': 7, 'learning_rate': 0.0053882824108824005, 'subsample': 0.8620515411449394, 'colsample_bytree': 0.7305395079446891, 'colsample_bylevel': 0.7902815615527734, 'reg_alpha': 0.4763142012732574, 'reg_lambda': 3.003755651425288, 'gamma': 0.0004979705017223808, 'min_child_weight': 4}. Best is trial 660 with value: 3.2379913054860083e-06.

[Trial 844/5000] Starting at 06:36:13
  Lambdas: P=0.850, B=1.990, G=0.502
  XGBoost params: n_estimators=8190, max_depth=14
  Starting cross-validation...
  Trial 829 MSE: 0.000004 | MAPE: 0.15% | R²: -0.096062
  Trial time: 36.9s
[I 2026-03-13 06:36:15,132] Trial 829 finished with value: 3.980672678164852e-06 and parameters: {'lambda_P': 1.661888602491505, 'lambda_B': 1.1878935593099, 'lambda_G': 1.1163033636658533, 'n_estimators': 8236, 'max_depth': 10, 'learning_rate': 0.02780529478713232, 'subsample': 0.9216942088502558, 'colsample_bytree': 0.7497701794179137, 'colsample_bylevel': 0.9260008129182984, 'reg_alpha': 0.3985115404553586, 'reg_lambda': 1.9299552815566101, 'gamma': 0.0002180324162549909, 'min_child_weight': 6}. Best is trial 660 with value: 3.2379913054860083e-06.

[Trial 845/5000] Starting at 06:36:15
  Lambdas: P=0.951, B=0.710, G=0.783
  XGBoost params: n_estimators=6217, max_depth=2
  Starting cross-validation...
  Trial 833 MSE: 0.000005 | MAPE: 0.16% | R²: -0.314049
  Trial time: 32.3s
[I 2026-03-13 06:36:16,940] Trial 833 finished with value: 5.076887518448612e-06 and parameters: {'lambda_P': 1.5625006408139905, 'lambda_B': 1.1523010038650308, 'lambda_G': 0.7555677392062666, 'n_estimators': 7411, 'max_depth': 11, 'learning_rate': 0.005804312622470496, 'subsample': 0.9515706156710528, 'colsample_bytree': 0.6626999784447867, 'colsample_bylevel': 0.7378595065752566, 'reg_alpha': 1.6580619473858063, 'reg_lambda': 2.7728409443041513, 'gamma': 0.0002449014030681811, 'min_child_weight': 2}. Best is trial 660 with value: 3.2379913054860083e-06.

[Trial 846/5000] Starting at 06:36:17
  Lambdas: P=0.508, B=1.194, G=0.764
  XGBoost params: n_estimators=2087, max_depth=11
  Starting cross-validation...
  Trial 830 MSE: 0.000005 | MAPE: 0.16% | R²: -0.301505
  Trial time: 38.6s
[I 2026-03-13 06:36:17,692] Trial 830 finished with value: 5.046223145692258e-06 and parameters: {'lambda_P': 1.5913210039680767, 'lambda_B': 1.7842572439080933, 'lambda_G': 0.9369872027720423, 'n_estimators': 9143, 'max_depth': 6, 'learning_rate': 0.0011380840497566486, 'subsample': 0.6958474492408647, 'colsample_bytree': 0.42164038997424025, 'colsample_bylevel': 0.6120801735953564, 'reg_alpha': 1.098256714346717, 'reg_lambda': 9.04303086366166, 'gamma': 0.00014705917363675057, 'min_child_weight': 8}. Best is trial 660 with value: 3.2379913054860083e-06.

[Trial 847/5000] Starting at 06:36:17
  Lambdas: P=1.665, B=0.689, G=1.337
  XGBoost params: n_estimators=8936, max_depth=5
  Starting cross-validation...
  Trial 838 MSE: 0.000004 | MAPE: 0.15% | R²: -0.050628
  Trial time: 19.5s
[I 2026-03-13 06:36:19,935] Trial 838 finished with value: 3.843625693646295e-06 and parameters: {'lambda_P': 1.7953667609880533, 'lambda_B': 1.4559278194081295, 'lambda_G': 0.6768277422090738, 'n_estimators': 4677, 'max_depth': 18, 'learning_rate': 0.1742705837568542, 'subsample': 0.70925540218911, 'colsample_bytree': 0.6443061265080166, 'colsample_bylevel': 0.4932668415641864, 'reg_alpha': 0.36817117636608965, 'reg_lambda': 9.676260345141726, 'gamma': 0.00014206851773978631, 'min_child_weight': 8}. Best is trial 660 with value: 3.2379913054860083e-06.

[Trial 848/5000] Starting at 06:36:20
  Lambdas: P=0.541, B=1.662, G=0.679
  XGBoost params: n_estimators=3770, max_depth=9
  Starting cross-validation...
  Trial 832 MSE: 0.000005 | MAPE: 0.16% | R²: -0.212920
  Trial time: 37.0s
[I 2026-03-13 06:36:20,925] Trial 832 finished with value: 4.709251732262154e-06 and parameters: {'lambda_P': 1.5095643938228758, 'lambda_B': 1.3113313100018091, 'lambda_G': 1.2363010190025658, 'n_estimators': 8228, 'max_depth': 5, 'learning_rate': 0.005128278440793814, 'subsample': 0.8092684430426046, 'colsample_bytree': 0.7174389396841336, 'colsample_bylevel': 0.7181157217718843, 'reg_alpha': 0.9569059480759655, 'reg_lambda': 4.284159639467875, 'gamma': 0.00014335764263940888, 'min_child_weight': 9}. Best is trial 660 with value: 3.2379913054860083e-06.

[Trial 849/5000] Starting at 06:36:21
  Lambdas: P=1.602, B=1.634, G=1.518
  XGBoost params: n_estimators=4959, max_depth=16
  Starting cross-validation...
  Trial 836 MSE: 0.000005 | MAPE: 0.16% | R²: -0.314049
  Trial time: 30.7s
[I 2026-03-13 06:36:23,820] Trial 836 finished with value: 5.076887518448612e-06 and parameters: {'lambda_P': 1.4083568523015342, 'lambda_B': 0.9167487179600253, 'lambda_G': 0.823083343356683, 'n_estimators': 7995, 'max_depth': 7, 'learning_rate': 0.007004246238191381, 'subsample': 0.9039476122362361, 'colsample_bytree': 0.8559149650169812, 'colsample_bylevel': 0.8369759793503746, 'reg_alpha': 1.5912467710644693, 'reg_lambda': 2.4373535210554262, 'gamma': 0.0006625607762621816, 'min_child_weight': 10}. Best is trial 660 with value: 3.2379913054860083e-06.

[Trial 850/5000] Starting at 06:36:23
  Lambdas: P=0.806, B=1.884, G=1.004
  XGBoost params: n_estimators=8161, max_depth=14
  Starting cross-validation...
  Trial 845 MSE: 0.000005 | MAPE: 0.16% | R²: -0.314049
  Trial time: 10.0s
[I 2026-03-13 06:36:27,178] Trial 845 finished with value: 5.076887518448612e-06 and parameters: {'lambda_P': 0.5077717449099014, 'lambda_B': 1.1939685799766933, 'lambda_G': 0.7637668431024107, 'n_estimators': 2087, 'max_depth': 11, 'learning_rate': 0.0016714182840892574, 'subsample': 0.6487005960059151, 'colsample_bytree': 0.7267144597973895, 'colsample_bylevel': 0.5591525812498191, 'reg_alpha': 1.5397949842271241, 'reg_lambda': 9.85260324897806, 'gamma': 0.00033748626029114667, 'min_child_weight': 11}. Best is trial 660 with value: 3.2379913054860083e-06.

[Trial 851/5000] Starting at 06:36:27
  Lambdas: P=1.447, B=0.950, G=1.315
  XGBoost params: n_estimators=8377, max_depth=2
  Starting cross-validation...
  Trial 834 MSE: 0.000005 | MAPE: 0.16% | R²: -0.202700
  Trial time: 42.6s
[I 2026-03-13 06:36:29,630] Trial 834 finished with value: 4.64264091850119e-06 and parameters: {'lambda_P': 1.5915918884149445, 'lambda_B': 0.8635328126105353, 'lambda_G': 0.8111422446285657, 'n_estimators': 9548, 'max_depth': 8, 'learning_rate': 0.011578217086580333, 'subsample': 0.8765917214279353, 'colsample_bytree': 0.645888721207807, 'colsample_bylevel': 0.7598497175181842, 'reg_alpha': 0.941401050733563, 'reg_lambda': 4.779021985366197, 'gamma': 0.00020064562049235276, 'min_child_weight': 6}. Best is trial 660 with value: 3.2379913054860083e-06.

[Trial 852/5000] Starting at 06:36:29
  Lambdas: P=1.655, B=1.259, G=1.098
  XGBoost params: n_estimators=9800, max_depth=10
  Starting cross-validation...
  Trial 835 MSE: 0.000004 | MAPE: 0.15% | R²: -0.117868
  Trial time: 40.4s
[I 2026-03-13 06:36:31,326] Trial 835 finished with value: 4.0530105271705846e-06 and parameters: {'lambda_P': 1.1852966165373195, 'lambda_B': 0.6010030360098899, 'lambda_G': 0.6094632400954284, 'n_estimators': 9162, 'max_depth': 3, 'learning_rate': 0.003165189682761999, 'subsample': 0.9804112014918558, 'colsample_bytree': 0.9451834057776554, 'colsample_bylevel': 0.7985400909135962, 'reg_alpha': 0.27009880582080614, 'reg_lambda': 4.13203415381139, 'gamma': 0.0003330536440974458, 'min_child_weight': 10}. Best is trial 660 with value: 3.2379913054860083e-06.

[Trial 853/5000] Starting at 06:36:31
  Lambdas: P=0.572, B=1.680, G=0.643
  XGBoost params: n_estimators=1988, max_depth=7
  Starting cross-validation...
  Trial 840 MSE: 0.000005 | MAPE: 0.16% | R²: -0.194130
  Trial time: 26.1s
[I 2026-03-13 06:36:31,830] Trial 840 finished with value: 4.581015543170884e-06 and parameters: {'lambda_P': 1.6848465193858542, 'lambda_B': 1.3171926580904412, 'lambda_G': 0.6950140075753236, 'n_estimators': 5799, 'max_depth': 16, 'learning_rate': 0.06739805647773349, 'subsample': 0.774687980690569, 'colsample_bytree': 0.5811743899339707, 'colsample_bylevel': 0.4137255445206753, 'reg_alpha': 0.7639650635208216, 'reg_lambda': 9.23660475955284, 'gamma': 0.0002612120352156512, 'min_child_weight': 10}. Best is trial 660 with value: 3.2379913054860083e-06.

[Trial 854/5000] Starting at 06:36:31
  Lambdas: P=1.606, B=0.901, G=1.215
  XGBoost params: n_estimators=9763, max_depth=4
  Starting cross-validation...
  Trial 847 MSE: 0.000005 | MAPE: 0.16% | R²: -0.302353
  Trial time: 16.9s
[I 2026-03-13 06:36:37,069] Trial 847 finished with value: 5.048909664860637e-06 and parameters: {'lambda_P': 0.5413667537930998, 'lambda_B': 1.6618675675659145, 'lambda_G': 0.6793669964776688, 'n_estimators': 3770, 'max_depth': 9, 'learning_rate': 0.009844770340846565, 'subsample': 0.9392949637763227, 'colsample_bytree': 0.5706334573498869, 'colsample_bylevel': 0.666870386463723, 'reg_alpha': 1.5277275641172907, 'reg_lambda': 6.2774108946249925, 'gamma': 0.00013329533004158474, 'min_child_weight': 10}. Best is trial 660 with value: 3.2379913054860083e-06.

[Trial 855/5000] Starting at 06:36:37
  Lambdas: P=0.599, B=1.760, G=1.347
  Trial 844 MSE: 0.000004 | MAPE: 0.15% | R²: -0.109844
  Trial time: 22.2s
[I 2026-03-13 06:36:37,497] Trial 844 finished with value: 4.157221295573935e-06 and parameters: {'lambda_P': 0.9513204598970234, 'lambda_B': 0.7099423001834027, 'lambda_G': 0.7831094225859676, 'n_estimators': 6217, 'max_depth': 2, 'learning_rate': 0.0018056179673930123, 'subsample': 0.9131217566458851, 'colsample_bytree': 0.5989119885587036, 'colsample_bylevel': 0.44658073213225774, 'reg_alpha': 0.7034449777046493, 'reg_lambda': 0.7448081167498828, 'gamma': 0.00013862764239835662, 'min_child_weight': 4}. Best is trial 660 with value: 3.2379913054860083e-06.

[Trial 856/5000] Starting at 06:36:37
  XGBoost params: n_estimators=5645, max_depth=11
  Starting cross-validation...
  Lambdas: P=1.746, B=1.043, G=1.418
  XGBoost params: n_estimators=7347, max_depth=5
  Starting cross-validation...
  Trial 837 MSE: 0.000004 | MAPE: 0.15% | R²: -0.124224
  Trial time: 43.0s
[I 2026-03-13 06:36:38,516] Trial 837 finished with value: 4.049834522108715e-06 and parameters: {'lambda_P': 1.441522746260362, 'lambda_B': 1.472351987400634, 'lambda_G': 1.0862155607259116, 'n_estimators': 9738, 'max_depth': 6, 'learning_rate': 0.002453860306318146, 'subsample': 0.9637381049138437, 'colsample_bytree': 0.7402062152230816, 'colsample_bylevel': 0.6028582768737385, 'reg_alpha': 0.03128573971215237, 'reg_lambda': 4.509256731251253, 'gamma': 0.0009091221224905473, 'min_child_weight': 8}. Best is trial 660 with value: 3.2379913054860083e-06.

[Trial 857/5000] Starting at 06:36:38
  Lambdas: P=1.771, B=0.863, G=1.416
  XGBoost params: n_estimators=7457, max_depth=2
  Starting cross-validation...
  Trial 852 MSE: 0.000004 | MAPE: 0.14% | R²: -0.020772
  Trial time: 9.0s
[I 2026-03-13 06:36:40,526] Trial 852 finished with value: 3.640838145640128e-06 and parameters: {'lambda_P': 0.5724570144257813, 'lambda_B': 1.6797602674065695, 'lambda_G': 0.6426729805864692, 'n_estimators': 1988, 'max_depth': 7, 'learning_rate': 0.010313521359277033, 'subsample': 0.9943930709439651, 'colsample_bytree': 0.6503177494610944, 'colsample_bylevel': 0.631920805757559, 'reg_alpha': 0.15713006350157366, 'reg_lambda': 7.422752875518892, 'gamma': 0.00017744654965698382, 'min_child_weight': 8}. Best is trial 660 with value: 3.2379913054860083e-06.

[Trial 858/5000] Starting at 06:36:40
  Lambdas: P=0.943, B=1.938, G=0.971
  XGBoost params: n_estimators=2346, max_depth=13
  Starting cross-validation...
  Trial 848 MSE: 0.000004 | MAPE: 0.15% | R²: -0.098269
  Trial time: 22.2s
[I 2026-03-13 06:36:43,366] Trial 848 finished with value: 4.052590924977652e-06 and parameters: {'lambda_P': 1.6020259061031106, 'lambda_B': 1.6336126294856854, 'lambda_G': 1.5176262480797234, 'n_estimators': 4959, 'max_depth': 16, 'learning_rate': 0.008022345895068485, 'subsample': 0.8101584140419327, 'colsample_bytree': 0.6559900800939167, 'colsample_bylevel': 0.5811099271176388, 'reg_alpha': 0.5002519250502352, 'reg_lambda': 0.6271821116345166, 'gamma': 0.00019509135522675724, 'min_child_weight': 1}. Best is trial 660 with value: 3.2379913054860083e-06.

[Trial 859/5000] Starting at 06:36:43
  Lambdas: P=0.556, B=1.550, G=0.886
  XGBoost params: n_estimators=284, max_depth=8
  Starting cross-validation...
  Trial 858 MSE: 0.000005 | MAPE: 0.16% | R²: -0.314049
  Trial time: 1.5s
[I 2026-03-13 06:36:45,024] Trial 858 finished with value: 5.076887518448612e-06 and parameters: {'lambda_P': 0.5556426472950784, 'lambda_B': 1.5503581949078509, 'lambda_G': 0.8856786929361999, 'n_estimators': 284, 'max_depth': 8, 'learning_rate': 0.024414064949828403, 'subsample': 0.9344521674054417, 'colsample_bytree': 0.7949255356780759, 'colsample_bylevel': 0.6157822502594603, 'reg_alpha': 3.1678115937747675, 'reg_lambda': 7.837947564031416, 'gamma': 0.00011688797298337319, 'min_child_weight': 7}. Best is trial 660 with value: 3.2379913054860083e-06.

[Trial 860/5000] Starting at 06:36:45
  Lambdas: P=0.834, B=0.997, G=0.633
  Trial 839 MSE: 0.000004 | MAPE: 0.15% | R²: -0.084703
  Trial time: 39.9s
[I 2026-03-13 06:36:45,489] Trial 839 finished with value: 3.943747497710801e-06 and parameters: {'lambda_P': 1.4594387832521185, 'lambda_B': 0.8563548367647471, 'lambda_G': 1.3326663233055598, 'n_estimators': 8556, 'max_depth': 4, 'learning_rate': 0.002590324443459361, 'subsample': 0.9666682943266872, 'colsample_bytree': 0.8340030541211594, 'colsample_bylevel': 0.6053046805777391, 'reg_alpha': 0.33521149335683387, 'reg_lambda': 1.651534184679252, 'gamma': 0.00028936966897616265, 'min_child_weight': 5}. Best is trial 660 with value: 3.2379913054860083e-06.

[Trial 861/5000] Starting at 06:36:45
  XGBoost params: n_estimators=1171, max_depth=2
  Starting cross-validation...
  Lambdas: P=1.217, B=0.868, G=0.945
  XGBoost params: n_estimators=9926, max_depth=14
  Starting cross-validation...
  Trial 859 MSE: 0.000005 | MAPE: 0.16% | R²: -0.314049
  Trial time: 5.3s
[I 2026-03-13 06:36:50,502] Trial 859 finished with value: 5.076887518448612e-06 and parameters: {'lambda_P': 0.8339296303334833, 'lambda_B': 0.9974259541360061, 'lambda_G': 0.6330776413095691, 'n_estimators': 1171, 'max_depth': 2, 'learning_rate': 0.0019148745257246266, 'subsample': 0.9944935641755134, 'colsample_bytree': 0.7647941773951985, 'colsample_bylevel': 0.6362251853628668, 'reg_alpha': 1.578086423857306, 'reg_lambda': 8.2289627229711, 'gamma': 0.00021190556418417605, 'min_child_weight': 6}. Best is trial 660 with value: 3.2379913054860083e-06.

[Trial 862/5000] Starting at 06:36:50
  Lambdas: P=0.735, B=1.873, G=0.771
  XGBoost params: n_estimators=2413, max_depth=3
  Starting cross-validation...
  Trial 857 MSE: 0.000005 | MAPE: 0.16% | R²: -0.314049
  Trial time: 10.4s
[I 2026-03-13 06:36:51,131] Trial 857 finished with value: 5.076887518448612e-06 and parameters: {'lambda_P': 0.9425102064815782, 'lambda_B': 1.9376387046748507, 'lambda_G': 0.9708066509635671, 'n_estimators': 2346, 'max_depth': 13, 'learning_rate': 0.2053025660636342, 'subsample': 0.3726430929934444, 'colsample_bytree': 0.9369912834855899, 'colsample_bylevel': 0.36633771355133277, 'reg_alpha': 2.7195193649229514, 'reg_lambda': 9.8686881013643, 'gamma': 0.00039327465137150083, 'min_child_weight': 11}. Best is trial 660 with value: 3.2379913054860083e-06.

[Trial 863/5000] Starting at 06:36:51
  Lambdas: P=1.661, B=1.454, G=0.622
  XGBoost params: n_estimators=1385, max_depth=20
  Starting cross-validation...
  Trial 843 MSE: 0.000005 | MAPE: 0.16% | R²: -0.227303
  Trial time: 38.4s
