[I 2026-03-13 06:33:50,636] Trial 765 finished with value: 4.597767012890293e-06 and parameters: {'lambda_P': 1.8306950949721452, 'lambda_B': 1.3355632675280271, 'lambda_G': 0.5594461043783598, 'n_estimators': 5744, 'max_depth': 18, 'learning_rate': 0.31001824422475094, 'subsample': 0.6784183301492205, 'colsample_bytree': 0.41131840693354993, 'colsample_bylevel': 0.9199093747772197, 'reg_alpha': 0.12912598815036322, 'reg_lambda': 0.3620656261333114, 'gamma': 0.0011930779925011193, 'min_child_weight': 5}. Best is trial 660 with value: 3.2379913054860083e-06.

[Trial 783/5000] Starting at 06:33:50
  Lambdas: P=1.529, B=1.974, G=0.527
  XGBoost params: n_estimators=6062, max_depth=9
  Starting cross-validation...
  Trial 772 MSE: 0.000005 | MAPE: 0.16% | R²: -0.314049
  Trial time: 24.2s
[I 2026-03-13 06:33:54,686] Trial 772 finished with value: 5.076887518448612e-06 and parameters: {'lambda_P': 1.777783682797623, 'lambda_B': 1.8756003478220795, 'lambda_G': 0.6214125979380271, 'n_estimators': 4855, 'max_depth': 11, 'learning_rate': 0.3851376462541856, 'subsample': 0.7085450009899157, 'colsample_bytree': 0.7376707682929463, 'colsample_bylevel': 0.556828533315863, 'reg_alpha': 1.8107889967121746, 'reg_lambda': 9.873182800356139, 'gamma': 0.00039182747832293066, 'min_child_weight': 18}. Best is trial 660 with value: 3.2379913054860083e-06.

[Trial 784/5000] Starting at 06:33:54
  Lambdas: P=1.298, B=1.391, G=1.982
  XGBoost params: n_estimators=6121, max_depth=15
  Starting cross-validation...
  Trial 771 MSE: 0.000005 | MAPE: 0.16% | R²: -0.275175
  Trial time: 25.4s
[I 2026-03-13 06:33:55,742] Trial 771 finished with value: 4.956173967731939e-06 and parameters: {'lambda_P': 1.796769919682382, 'lambda_B': 1.7895878668577812, 'lambda_G': 0.5087405169206214, 'n_estimators': 5519, 'max_depth': 9, 'learning_rate': 0.08325738149128459, 'subsample': 0.694906948110193, 'colsample_bytree': 0.7986990704064802, 'colsample_bylevel': 0.5729872473297083, 'reg_alpha': 0.8509305771048471, 'reg_lambda': 8.710293429252012, 'gamma': 0.00030665419143874746, 'min_child_weight': 20}. Best is trial 660 with value: 3.2379913054860083e-06.

[Trial 785/5000] Starting at 06:33:55
  Lambdas: P=0.951, B=1.348, G=1.727
  XGBoost params: n_estimators=6673, max_depth=17
  Starting cross-validation...
  Trial 769 MSE: 0.000005 | MAPE: 0.16% | R²: -0.314049
  Trial time: 31.1s
[I 2026-03-13 06:33:58,880] Trial 769 finished with value: 5.076887518448612e-06 and parameters: {'lambda_P': 1.1999242930276224, 'lambda_B': 1.5308681079580775, 'lambda_G': 0.6188550755467322, 'n_estimators': 6434, 'max_depth': 20, 'learning_rate': 0.16794826617683378, 'subsample': 0.7686949571337904, 'colsample_bytree': 0.3757010143731317, 'colsample_bylevel': 0.979704173627165, 'reg_alpha': 2.0068259555379986, 'reg_lambda': 0.4346816476941383, 'gamma': 0.0002243575014578929, 'min_child_weight': 3}. Best is trial 660 with value: 3.2379913054860083e-06.

[Trial 786/5000] Starting at 06:33:58
  Lambdas: P=1.134, B=1.764, G=1.608
  XGBoost params: n_estimators=5214, max_depth=13
  Starting cross-validation...
  Trial 766 MSE: 0.000005 | MAPE: 0.16% | R²: -0.314049
  Trial time: 38.2s
[I 2026-03-13 06:33:59,915] Trial 766 finished with value: 5.076887518448612e-06 and parameters: {'lambda_P': 1.4370705253087426, 'lambda_B': 1.1453376754643265, 'lambda_G': 0.9462939704019098, 'n_estimators': 7623, 'max_depth': 18, 'learning_rate': 0.36916273193368215, 'subsample': 0.5025322580255484, 'colsample_bytree': 0.3154966358384438, 'colsample_bylevel': 0.9927571871826778, 'reg_alpha': 2.654164775975642, 'reg_lambda': 2.3830216809550127, 'gamma': 0.00030917825288015265, 'min_child_weight': 3}. Best is trial 660 with value: 3.2379913054860083e-06.

[Trial 787/5000] Starting at 06:33:59
  Lambdas: P=1.276, B=1.740, G=1.777
  XGBoost params: n_estimators=5159, max_depth=11
  Starting cross-validation...
  Trial 780 MSE: 0.000005 | MAPE: 0.16% | R²: -0.314049
  Trial time: 12.0s
[I 2026-03-13 06:34:01,110] Trial 780 finished with value: 5.076887518448612e-06 and parameters: {'lambda_P': 1.803615031489333, 'lambda_B': 1.9914943994191245, 'lambda_G': 0.7819256300499486, 'n_estimators': 2352, 'max_depth': 13, 'learning_rate': 0.07995538669075962, 'subsample': 0.7503320559493485, 'colsample_bytree': 0.5577674111998002, 'colsample_bylevel': 0.5680329761052825, 'reg_alpha': 0.5950059088538142, 'reg_lambda': 8.948853390431708, 'gamma': 0.0021477826678195627, 'min_child_weight': 17}. Best is trial 660 with value: 3.2379913054860083e-06.

[Trial 788/5000] Starting at 06:34:01
  Lambdas: P=1.240, B=1.875, G=1.402
  Trial 773 MSE: 0.000005 | MAPE: 0.16% | R²: -0.314049
  Trial time: 29.7s
[I 2026-03-13 06:34:01,573] Trial 773 finished with value: 5.076887518448612e-06 and parameters: {'lambda_P': 1.6272882797331605, 'lambda_B': 1.0118018366831327, 'lambda_G': 0.6777758141855781, 'n_estimators': 6018, 'max_depth': 20, 'learning_rate': 0.07843224839634297, 'subsample': 0.5785106588185973, 'colsample_bytree': 0.39927048334661996, 'colsample_bylevel': 0.9166456248222592, 'reg_alpha': 4.16470153744185, 'reg_lambda': 1.9455287515067283, 'gamma': 0.000721311634830654, 'min_child_weight': 5}. Best is trial 660 with value: 3.2379913054860083e-06.

[Trial 789/5000] Starting at 06:34:01
  XGBoost params: n_estimators=6154, max_depth=15
  Starting cross-validation...
  Lambdas: P=1.297, B=1.705, G=1.816
  XGBoost params: n_estimators=6179, max_depth=13
  Starting cross-validation...
  Trial 778 MSE: 0.000004 | MAPE: 0.15% | R²: -0.081337
  Trial time: 19.2s
[I 2026-03-13 06:34:04,110] Trial 778 finished with value: 3.987651915875828e-06 and parameters: {'lambda_P': 1.5861527977147736, 'lambda_B': 1.602592187557053, 'lambda_G': 0.7951087028179422, 'n_estimators': 4833, 'max_depth': 11, 'learning_rate': 0.10483223789653484, 'subsample': 0.5913953957374343, 'colsample_bytree': 0.70604282134622, 'colsample_bylevel': 0.672248122460863, 'reg_alpha': 0.36586080479396743, 'reg_lambda': 7.520555969250645, 'gamma': 0.00012961887560913152, 'min_child_weight': 20}. Best is trial 660 with value: 3.2379913054860083e-06.

[Trial 790/5000] Starting at 06:34:04
  Lambdas: P=1.247, B=1.774, G=1.828
  XGBoost params: n_estimators=9610, max_depth=15
  Starting cross-validation...
  Trial 774 MSE: 0.000005 | MAPE: 0.16% | R²: -0.314049
  Trial time: 31.4s
[I 2026-03-13 06:34:04,687] Trial 774 finished with value: 5.076887518448612e-06 and parameters: {'lambda_P': 1.5612558313872251, 'lambda_B': 1.7426463528192129, 'lambda_G': 0.6971546247999311, 'n_estimators': 6231, 'max_depth': 10, 'learning_rate': 0.09699762185996895, 'subsample': 0.669171639270175, 'colsample_bytree': 0.4930034998781244, 'colsample_bylevel': 0.6898703348035201, 'reg_alpha': 1.5686173997597403, 'reg_lambda': 9.865944746000364, 'gamma': 0.00400883374050118, 'min_child_weight': 20}. Best is trial 660 with value: 3.2379913054860083e-06.

[Trial 791/5000] Starting at 06:34:04
  Lambdas: P=1.147, B=1.586, G=1.875
  XGBoost params: n_estimators=9285, max_depth=14
  Starting cross-validation...
  Trial 775 MSE: 0.000005 | MAPE: 0.16% | R²: -0.314049
  Trial time: 32.1s
[I 2026-03-13 06:34:09,382] Trial 775 finished with value: 5.076887518448612e-06 and parameters: {'lambda_P': 1.649417642040496, 'lambda_B': 1.570060067146572, 'lambda_G': 1.8813288026432355, 'n_estimators': 6739, 'max_depth': 10, 'learning_rate': 0.27123294130090264, 'subsample': 0.7874801553854116, 'colsample_bytree': 0.4797272065721936, 'colsample_bylevel': 0.3684809549613129, 'reg_alpha': 1.3294782064727677, 'reg_lambda': 9.887912064689784, 'gamma': 0.00024184541739284153, 'min_child_weight': 10}. Best is trial 660 with value: 3.2379913054860083e-06.

[Trial 792/5000] Starting at 06:34:09
  Lambdas: P=1.193, B=1.887, G=1.745
  XGBoost params: n_estimators=4045, max_depth=19
  Starting cross-validation...
  Trial 777 MSE: 0.000005 | MAPE: 0.16% | R²: -0.239493
  Trial time: 32.7s
[I 2026-03-13 06:34:16,681] Trial 777 finished with value: 4.881690429824804e-06 and parameters: {'lambda_P': 1.333643869328012, 'lambda_B': 1.7013125196095673, 'lambda_G': 1.5806952734087565, 'n_estimators': 6842, 'max_depth': 9, 'learning_rate': 0.49930077140194934, 'subsample': 0.6012024207215101, 'colsample_bytree': 0.33081338279252825, 'colsample_bylevel': 0.40617560280229303, 'reg_alpha': 0.8668798717012227, 'reg_lambda': 7.51412971855105, 'gamma': 0.00021036275988856626, 'min_child_weight': 10}. Best is trial 660 with value: 3.2379913054860083e-06.

[Trial 793/5000] Starting at 06:34:16
  Lambdas: P=1.067, B=1.461, G=1.841
  XGBoost params: n_estimators=7207, max_depth=18
  Starting cross-validation...
  Trial 781 MSE: 0.000005 | MAPE: 0.16% | R²: -0.280613
  Trial time: 28.5s
[I 2026-03-13 06:34:18,430] Trial 781 finished with value: 4.976896090152356e-06 and parameters: {'lambda_P': 0.8751075707542206, 'lambda_B': 1.4804503957719626, 'lambda_G': 0.5415176353708677, 'n_estimators': 6008, 'max_depth': 18, 'learning_rate': 0.01378087508955006, 'subsample': 0.3836494448304504, 'colsample_bytree': 0.6981365347405741, 'colsample_bylevel': 0.4321879762854878, 'reg_alpha': 0.3647466086586033, 'reg_lambda': 9.319715424236517, 'gamma': 0.0005033556242179703, 'min_child_weight': 15}. Best is trial 660 with value: 3.2379913054860083e-06.

[Trial 794/5000] Starting at 06:34:18
  Lambdas: P=1.257, B=1.147, G=1.783
  XGBoost params: n_estimators=5347, max_depth=17
  Starting cross-validation...
  Trial 782 MSE: 0.000004 | MAPE: 0.15% | R²: -0.149404
  Trial time: 28.3s
[I 2026-03-13 06:34:19,171] Trial 782 finished with value: 4.24680596633763e-06 and parameters: {'lambda_P': 1.5288265839135096, 'lambda_B': 1.974232882328269, 'lambda_G': 0.5266416068835589, 'n_estimators': 6062, 'max_depth': 9, 'learning_rate': 0.08393265638203073, 'subsample': 0.6282434557916992, 'colsample_bytree': 0.5614899536472538, 'colsample_bylevel': 0.6282295663873435, 'reg_alpha': 0.366741118457923, 'reg_lambda': 8.525206608095736, 'gamma': 0.00031638053717854064, 'min_child_weight': 20}. Best is trial 660 with value: 3.2379913054860083e-06.

[Trial 795/5000] Starting at 06:34:19
  Lambdas: P=1.491, B=1.580, G=1.886
  XGBoost params: n_estimators=7143, max_depth=16
  Starting cross-validation...
  Trial 785 MSE: 0.000005 | MAPE: 0.16% | R²: -0.314049
  Trial time: 22.3s
[I 2026-03-13 06:34:21,380] Trial 785 finished with value: 5.076887518448612e-06 and parameters: {'lambda_P': 1.1343389902804033, 'lambda_B': 1.763820710986632, 'lambda_G': 1.607683724026177, 'n_estimators': 5214, 'max_depth': 13, 'learning_rate': 0.0659754527122895, 'subsample': 0.6787497378834858, 'colsample_bytree': 0.3407445816993163, 'colsample_bylevel': 0.364139754298687, 'reg_alpha': 3.246360171790014, 'reg_lambda': 9.335345373436512, 'gamma': 0.0008184231644853204, 'min_child_weight': 10}. Best is trial 660 with value: 3.2379913054860083e-06.

[Trial 796/5000] Starting at 06:34:21
  Lambdas: P=1.020, B=1.596, G=1.823
  XGBoost params: n_estimators=8164, max_depth=14
  Starting cross-validation...
  Trial 784 MSE: 0.000004 | MAPE: 0.15% | R²: -0.153032
  Trial time: 27.7s
[I 2026-03-13 06:34:23,683] Trial 784 finished with value: 4.37334660012296e-06 and parameters: {'lambda_P': 0.9512630912086761, 'lambda_B': 1.3479385324655386, 'lambda_G': 1.7265657212390253, 'n_estimators': 6673, 'max_depth': 17, 'learning_rate': 0.40460890563946955, 'subsample': 0.5724385217884813, 'colsample_bytree': 0.3569968760662515, 'colsample_bylevel': 0.3885675760763382, 'reg_alpha': 0.5802863362075825, 'reg_lambda': 9.247518908102784, 'gamma': 0.00016627296813768062, 'min_child_weight': 12}. Best is trial 660 with value: 3.2379913054860083e-06.

[Trial 797/5000] Starting at 06:34:23
  Lambdas: P=0.561, B=1.855, G=1.299
  XGBoost params: n_estimators=9770, max_depth=6
  Starting cross-validation...
  Trial 783 MSE: 0.000004 | MAPE: 0.15% | R²: -0.098538
  Trial time: 29.9s
[I 2026-03-13 06:34:24,730] Trial 783 finished with value: 3.8042854513847097e-06 and parameters: {'lambda_P': 1.2979118085305787, 'lambda_B': 1.3909877854349966, 'lambda_G': 1.9819291426540475, 'n_estimators': 6121, 'max_depth': 15, 'learning_rate': 0.4605560188068362, 'subsample': 0.487057948282362, 'colsample_bytree': 0.6512934407631519, 'colsample_bylevel': 0.33891963754255167, 'reg_alpha': 0.04927329109559325, 'reg_lambda': 9.69806312279518, 'gamma': 0.00015486531903279786, 'min_child_weight': 18}. Best is trial 660 with value: 3.2379913054860083e-06.

[Trial 798/5000] Starting at 06:34:24
  Lambdas: P=1.428, B=1.871, G=1.446
  XGBoost params: n_estimators=5565, max_depth=15
  Starting cross-validation...
  Trial 786 MSE: 0.000005 | MAPE: 0.16% | R²: -0.257374
  Trial time: 25.2s
[I 2026-03-13 06:34:25,333] Trial 786 finished with value: 4.9178020754968e-06 and parameters: {'lambda_P': 1.2762525047456408, 'lambda_B': 1.739978694694605, 'lambda_G': 1.776744206444964, 'n_estimators': 5159, 'max_depth': 11, 'learning_rate': 0.06857654393354966, 'subsample': 0.5835993803549527, 'colsample_bytree': 0.358990035707758, 'colsample_bylevel': 0.5908185251081756, 'reg_alpha': 0.7840565841258791, 'reg_lambda': 9.363174379904546, 'gamma': 0.00014889497862620565, 'min_child_weight': 11}. Best is trial 660 with value: 3.2379913054860083e-06.

[Trial 799/5000] Starting at 06:34:25
  Lambdas: P=1.214, B=1.606, G=1.477
  XGBoost params: n_estimators=7218, max_depth=19
  Starting cross-validation...
  Trial 779 MSE: 0.000004 | MAPE: 0.15% | R²: -0.078037
  Trial time: 39.1s
[I 2026-03-13 06:34:26,148] Trial 779 finished with value: 3.996322737441001e-06 and parameters: {'lambda_P': 1.2658854603647145, 'lambda_B': 1.1452782143184654, 'lambda_G': 1.9391171975184611, 'n_estimators': 7909, 'max_depth': 15, 'learning_rate': 0.15596747085395798, 'subsample': 0.5599216058579419, 'colsample_bytree': 0.43360514115222776, 'colsample_bylevel': 0.5114371232014484, 'reg_alpha': 0.4018806162490713, 'reg_lambda': 9.44382909353458, 'gamma': 0.00010795292578197475, 'min_child_weight': 10}. Best is trial 660 with value: 3.2379913054860083e-06.

[Trial 800/5000] Starting at 06:34:26
  Lambdas: P=1.473, B=1.702, G=1.788
  XGBoost params: n_estimators=9096, max_depth=14
  Starting cross-validation...
  Trial 791 MSE: 0.000005 | MAPE: 0.16% | R²: -0.314049
  Trial time: 19.2s
[I 2026-03-13 06:34:28,778] Trial 791 finished with value: 5.076887518448612e-06 and parameters: {'lambda_P': 1.1929382463407947, 'lambda_B': 1.8870914322738521, 'lambda_G': 1.745492719070423, 'n_estimators': 4045, 'max_depth': 19, 'learning_rate': 0.034739734874955075, 'subsample': 0.6616402225278846, 'colsample_bytree': 0.3516278799197692, 'colsample_bylevel': 0.4706912106157776, 'reg_alpha': 1.357197401302788, 'reg_lambda': 9.150267778472887, 'gamma': 0.00012747976536911968, 'min_child_weight': 15}. Best is trial 660 with value: 3.2379913054860083e-06.

[Trial 801/5000] Starting at 06:34:28
  Trial 776 MSE: 0.000005 | MAPE: 0.16% | R²: -0.314049
  Trial time: 48.3s
[I 2026-03-13 06:34:29,139] Trial 776 finished with value: 5.076887518448612e-06 and parameters: {'lambda_P': 0.8118625489631441, 'lambda_B': 1.8903404019513401, 'lambda_G': 1.7144990284167612, 'n_estimators': 9746, 'max_depth': 8, 'learning_rate': 0.0023924901277665236, 'subsample': 0.39203142021024723, 'colsample_bytree': 0.6205297107040655, 'colsample_bylevel': 0.6838184765824177, 'reg_alpha': 1.529637636127299, 'reg_lambda': 6.417452709200215, 'gamma': 0.00014152083755700543, 'min_child_weight': 18}. Best is trial 660 with value: 3.2379913054860083e-06.

[Trial 802/5000] Starting at 06:34:29
  Lambdas: P=1.509, B=1.761, G=1.763
  XGBoost params: n_estimators=6602, max_depth=17
  Starting cross-validation...
  Lambdas: P=1.606, B=1.751, G=1.409
  XGBoost params: n_estimators=6515, max_depth=20
  Starting cross-validation...
  Trial 787 MSE: 0.000005 | MAPE: 0.16% | R²: -0.314049
  Trial time: 30.2s
[I 2026-03-13 06:34:31,502] Trial 787 finished with value: 5.076887518448612e-06 and parameters: {'lambda_P': 1.2400756800752728, 'lambda_B': 1.8753298212507363, 'lambda_G': 1.4016990520422827, 'n_estimators': 6154, 'max_depth': 15, 'learning_rate': 0.13592018163415454, 'subsample': 0.5630416041812827, 'colsample_bytree': 0.352017962998323, 'colsample_bylevel': 0.504604604212912, 'reg_alpha': 1.8878774513721523, 'reg_lambda': 9.837568414635756, 'gamma': 0.00015279479010011564, 'min_child_weight': 12}. Best is trial 660 with value: 3.2379913054860083e-06.

[Trial 803/5000] Starting at 06:34:31
  Trial 788 MSE: 0.000005 | MAPE: 0.16% | R²: -0.254400
  Trial time: 29.9s
[I 2026-03-13 06:34:31,682] Trial 788 finished with value: 4.902960609009437e-06 and parameters: {'lambda_P': 1.2965061202822274, 'lambda_B': 1.7054782430904993, 'lambda_G': 1.8157480615789892, 'n_estimators': 6179, 'max_depth': 13, 'learning_rate': 0.13411385505581366, 'subsample': 0.5532063198472925, 'colsample_bytree': 0.4225616103292106, 'colsample_bylevel': 0.5202265864016524, 'reg_alpha': 0.6697101501394693, 'reg_lambda': 9.718630713057328, 'gamma': 0.0002386693420356345, 'min_child_weight': 10}. Best is trial 660 with value: 3.2379913054860083e-06.

[Trial 804/5000] Starting at 06:34:31
  Lambdas: P=0.643, B=1.545, G=0.514
  Lambdas: P=0.795, B=1.768, G=1.192
  XGBoost params: n_estimators=9607, max_depth=17
  Starting cross-validation...
  XGBoost params: n_estimators=8357, max_depth=20
  Starting cross-validation...
  Trial 789 MSE: 0.000004 | MAPE: 0.15% | R²: -0.068489
  Trial time: 34.6s
[I 2026-03-13 06:34:38,895] Trial 789 finished with value: 3.7945590027519385e-06 and parameters: {'lambda_P': 1.2473410460332186, 'lambda_B': 1.7741536901578892, 'lambda_G': 1.8280549925782457, 'n_estimators': 9610, 'max_depth': 15, 'learning_rate': 0.06065974709889915, 'subsample': 0.7559513923882345, 'colsample_bytree': 0.4705060281765347, 'colsample_bylevel': 0.5617659001245489, 'reg_alpha': 0.28764315303348853, 'reg_lambda': 9.92170923556155, 'gamma': 0.00017908835543592369, 'min_child_weight': 16}. Best is trial 660 with value: 3.2379913054860083e-06.

[Trial 805/5000] Starting at 06:34:38
  Lambdas: P=0.502, B=1.681, G=0.707
  XGBoost params: n_estimators=6253, max_depth=20
  Starting cross-validation...
  Trial 793 MSE: 0.000005 | MAPE: 0.16% | R²: -0.314049
  Trial time: 25.9s
[I 2026-03-13 06:34:44,556] Trial 793 finished with value: 5.076887518448612e-06 and parameters: {'lambda_P': 1.2568145648294229, 'lambda_B': 1.1469996674656842, 'lambda_G': 1.7828398674881578, 'n_estimators': 5347, 'max_depth': 17, 'learning_rate': 0.3009265488009831, 'subsample': 0.596493376959951, 'colsample_bytree': 0.32512903339380683, 'colsample_bylevel': 0.4074949885455322, 'reg_alpha': 1.5615425439334716, 'reg_lambda': 8.290869829155218, 'gamma': 0.0002294665136687436, 'min_child_weight': 11}. Best is trial 660 with value: 3.2379913054860083e-06.

[Trial 806/5000] Starting at 06:34:44
  Lambdas: P=0.578, B=1.612, G=1.572
  XGBoost params: n_estimators=8552, max_depth=8
  Starting cross-validation...
  Trial 790 MSE: 0.000005 | MAPE: 0.16% | R²: -0.219850
  Trial time: 43.1s
[I 2026-03-13 06:34:48,026] Trial 790 finished with value: 4.728093046313314e-06 and parameters: {'lambda_P': 1.1474579792940591, 'lambda_B': 1.5859454703701146, 'lambda_G': 1.8748541983160292, 'n_estimators': 9285, 'max_depth': 14, 'learning_rate': 0.1477288556887071, 'subsample': 0.5933705592897937, 'colsample_bytree': 0.3920030966452607, 'colsample_bylevel': 0.6226863487942673, 'reg_alpha': 0.7012481005920586, 'reg_lambda': 8.239164147576364, 'gamma': 0.00017659200457090818, 'min_child_weight': 10}. Best is trial 660 with value: 3.2379913054860083e-06.

[Trial 807/5000] Starting at 06:34:48
  Lambdas: P=1.579, B=1.026, G=0.993
  XGBoost params: n_estimators=9599, max_depth=8
  Starting cross-validation...
  Trial 792 MSE: 0.000004 | MAPE: 0.15% | R²: -0.124653
  Trial time: 34.2s
[I 2026-03-13 06:34:51,103] Trial 792 finished with value: 3.74141258225432e-06 and parameters: {'lambda_P': 1.067240642731052, 'lambda_B': 1.4605373919499085, 'lambda_G': 1.8407382320443864, 'n_estimators': 7207, 'max_depth': 18, 'learning_rate': 0.3711679679327185, 'subsample': 0.776540164597219, 'colsample_bytree': 0.3640346417952448, 'colsample_bylevel': 0.5492329772339827, 'reg_alpha': 0.14856519945594263, 'reg_lambda': 9.485083797563163, 'gamma': 0.00010756724984206663, 'min_child_weight': 14}. Best is trial 660 with value: 3.2379913054860083e-06.

[Trial 808/5000] Starting at 06:34:51
  Lambdas: P=0.790, B=1.155, G=1.818
  XGBoost params: n_estimators=5810, max_depth=18
  Starting cross-validation...
  Trial 795 MSE: 0.000005 | MAPE: 0.16% | R²: -0.314049
  Trial time: 30.4s
[I 2026-03-13 06:34:51,996] Trial 795 finished with value: 5.076887518448612e-06 and parameters: {'lambda_P': 1.020005079933473, 'lambda_B': 1.5955935560178656, 'lambda_G': 1.823214012285379, 'n_estimators': 8164, 'max_depth': 14, 'learning_rate': 0.1954708228583129, 'subsample': 0.527032644461773, 'colsample_bytree': 0.6030161091960702, 'colsample_bylevel': 0.3057274232302597, 'reg_alpha': 1.9439592111113562, 'reg_lambda': 9.327791713912386, 'gamma': 0.0005424397717802401, 'min_child_weight': 14}. Best is trial 660 with value: 3.2379913054860083e-06.

[Trial 809/5000] Starting at 06:34:52
  Trial 797 MSE: 0.000005 | MAPE: 0.16% | R²: -0.314049
  Trial time: 27.3s
