[I 2026-03-13 07:01:42,196] Trial 1704 finished with value: 5.076887518448612e-06 and parameters: {'lambda_P': 1.047814378581102, 'lambda_B': 1.1738861552528266, 'lambda_G': 1.786108244987477, 'n_estimators': 6515, 'max_depth': 2, 'learning_rate': 0.057325195932249995, 'subsample': 0.5075610627261239, 'colsample_bytree': 0.40980207353062836, 'colsample_bylevel': 0.8272252574040833, 'reg_alpha': 5.213459643124699, 'reg_lambda': 0.1862237575308594, 'gamma': 0.032337579503654415, 'min_child_weight': 17}. Best is trial 1422 with value: 2.996031181594198e-06.

[Trial 1725/5000] Starting at 07:01:42
  Lambdas: P=0.926, B=1.321, G=1.980
  Lambdas: P=1.948, B=1.937, G=1.263
  XGBoost params: n_estimators=6816, max_depth=4
  Starting cross-validation...
  XGBoost params: n_estimators=4243, max_depth=5
  Starting cross-validation...
  Trial 1716 MSE: 0.000005 | MAPE: 0.16% | R²: -0.314049
  Trial time: 14.9s
[I 2026-03-13 07:01:45,335] Trial 1716 finished with value: 5.076887518448612e-06 and parameters: {'lambda_P': 1.9150479192536354, 'lambda_B': 1.5590493311903324, 'lambda_G': 1.316185152661384, 'n_estimators': 2734, 'max_depth': 16, 'learning_rate': 0.013981338638484846, 'subsample': 0.8983335621577044, 'colsample_bytree': 0.8581514616059576, 'colsample_bylevel': 0.37880583391986455, 'reg_alpha': 1.7831963768578807, 'reg_lambda': 6.883282155324507, 'gamma': 0.08492114465417604, 'min_child_weight': 15}. Best is trial 1422 with value: 2.996031181594198e-06.

[Trial 1726/5000] Starting at 07:01:45
  Lambdas: P=1.762, B=1.731, G=1.912
  XGBoost params: n_estimators=3348, max_depth=7
  Starting cross-validation...
  Trial 1705 MSE: 0.000003 | MAPE: 0.14% | R²: -0.005293
  Trial time: 40.3s
[I 2026-03-13 07:01:48,147] Trial 1705 finished with value: 3.440383190784596e-06 and parameters: {'lambda_P': 0.6350395167667646, 'lambda_B': 1.908475945608097, 'lambda_G': 1.6317199386179855, 'n_estimators': 7744, 'max_depth': 8, 'learning_rate': 0.01797201108563414, 'subsample': 0.4744843912604646, 'colsample_bytree': 0.7510364801226048, 'colsample_bylevel': 0.4196933589725265, 'reg_alpha': 0.01845282992486669, 'reg_lambda': 2.392293921062425, 'gamma': 0.00016371161235530425, 'min_child_weight': 6}. Best is trial 1422 with value: 2.996031181594198e-06.

[Trial 1727/5000] Starting at 07:01:48
  Lambdas: P=0.540, B=1.142, G=1.552
  XGBoost params: n_estimators=540, max_depth=18
  Starting cross-validation...
  Trial 1718 MSE: 0.000005 | MAPE: 0.16% | R²: -0.314049
  Trial time: 15.7s
[I 2026-03-13 07:01:49,177] Trial 1718 finished with value: 5.076887518448612e-06 and parameters: {'lambda_P': 0.632467328770536, 'lambda_B': 1.8334203474772561, 'lambda_G': 1.5688842940885046, 'n_estimators': 3044, 'max_depth': 10, 'learning_rate': 0.03299734175416398, 'subsample': 0.6693124906899106, 'colsample_bytree': 0.5890306740627838, 'colsample_bylevel': 0.3184608341983622, 'reg_alpha': 2.4409104987892536, 'reg_lambda': 2.5127524594242487, 'gamma': 0.00010429065439291375, 'min_child_weight': 5}. Best is trial 1422 with value: 2.996031181594198e-06.

[Trial 1728/5000] Starting at 07:01:49
  Lambdas: P=1.337, B=1.283, G=0.512
  XGBoost params: n_estimators=9424, max_depth=8
  Starting cross-validation...
  Trial 1726 MSE: 0.000005 | MAPE: 0.16% | R²: -0.314049
  Trial time: 3.1s
[I 2026-03-13 07:01:51,485] Trial 1726 finished with value: 5.076887518448612e-06 and parameters: {'lambda_P': 0.5403246125156687, 'lambda_B': 1.141588685807923, 'lambda_G': 1.5520117880311004, 'n_estimators': 540, 'max_depth': 18, 'learning_rate': 0.0019433635818930086, 'subsample': 0.38104431284080215, 'colsample_bytree': 0.8069331223994822, 'colsample_bylevel': 0.765531464197374, 'reg_alpha': 5.989512766038572, 'reg_lambda': 1.2756021356552303, 'gamma': 0.02030926259168332, 'min_child_weight': 15}. Best is trial 1422 with value: 2.996031181594198e-06.

[Trial 1729/5000] Starting at 07:01:51
  Lambdas: P=1.742, B=1.752, G=1.477
  XGBoost params: n_estimators=2729, max_depth=5
  Starting cross-validation...
  Trial 1713 MSE: 0.000004 | MAPE: 0.15% | R²: -0.061482
  Trial time: 28.0s
[I 2026-03-13 07:01:53,066] Trial 1713 finished with value: 3.824082178266477e-06 and parameters: {'lambda_P': 0.8570715332152277, 'lambda_B': 1.0742752598641006, 'lambda_G': 1.2677687941564764, 'n_estimators': 5872, 'max_depth': 20, 'learning_rate': 0.01405634294752315, 'subsample': 0.7547597797945484, 'colsample_bytree': 0.6741799487010462, 'colsample_bylevel': 0.3229493005026442, 'reg_alpha': 0.39948687592907683, 'reg_lambda': 4.472308783922677, 'gamma': 0.00012204902782537266, 'min_child_weight': 14}. Best is trial 1422 with value: 2.996031181594198e-06.

[Trial 1730/5000] Starting at 07:01:53
  Trial 1717 MSE: 0.000005 | MAPE: 0.16% | R²: -0.314049
  Trial time: 21.0s
[I 2026-03-13 07:01:53,461] Trial 1717 finished with value: 5.076887518448612e-06 and parameters: {'lambda_P': 1.9056266867666718, 'lambda_B': 0.6566639909195771, 'lambda_G': 1.3250453930637969, 'n_estimators': 3949, 'max_depth': 15, 'learning_rate': 0.007131846584457456, 'subsample': 0.447467362462147, 'colsample_bytree': 0.47743508846125093, 'colsample_bylevel': 0.8632140440929477, 'reg_alpha': 7.860079347788346, 'reg_lambda': 9.349554897237304, 'gamma': 0.00015641419182859225, 'min_child_weight': 16}. Best is trial 1422 with value: 2.996031181594198e-06.

[Trial 1731/5000] Starting at 07:01:53
  Lambdas: P=1.668, B=1.928, G=1.477
  Trial 1710 MSE: 0.000005 | MAPE: 0.16% | R²: -0.210967
  Trial time: 40.6s
  XGBoost params: n_estimators=3970, max_depth=11
  Starting cross-validation...
[I 2026-03-13 07:01:53,852] Trial 1710 finished with value: 4.7003947557709716e-06 and parameters: {'lambda_P': 0.798000621061362, 'lambda_B': 0.8105238104016049, 'lambda_G': 1.9242512879488718, 'n_estimators': 7984, 'max_depth': 10, 'learning_rate': 0.017698236851978872, 'subsample': 0.9055777521588743, 'colsample_bytree': 0.3779008965067349, 'colsample_bylevel': 0.978143706627405, 'reg_alpha': 1.036658250016083, 'reg_lambda': 9.535213810752637, 'gamma': 0.00016986830327782526, 'min_child_weight': 4}. Best is trial 1422 with value: 2.996031181594198e-06.

[Trial 1732/5000] Starting at 07:01:53
  Lambdas: P=1.282, B=1.984, G=1.429
  XGBoost params: n_estimators=5351, max_depth=7
  Starting cross-validation...
  Lambdas: P=1.733, B=1.618, G=1.505
  XGBoost params: n_estimators=6695, max_depth=13
  Starting cross-validation...
  Trial 1722 MSE: 0.000005 | MAPE: 0.16% | R²: -0.314049
  Trial time: 15.2s
[I 2026-03-13 07:01:55,813] Trial 1722 finished with value: 5.076887518448612e-06 and parameters: {'lambda_P': 1.4836210998213397, 'lambda_B': 1.6287035162836683, 'lambda_G': 1.6259650864030686, 'n_estimators': 2840, 'max_depth': 8, 'learning_rate': 0.020688211872487112, 'subsample': 0.660102198425226, 'colsample_bytree': 0.46681205570908074, 'colsample_bylevel': 0.564028176359382, 'reg_alpha': 3.246745378584235, 'reg_lambda': 5.399612481645186, 'gamma': 0.0001264005387850046, 'min_child_weight': 14}. Best is trial 1422 with value: 2.996031181594198e-06.

[Trial 1733/5000] Starting at 07:01:55
  Lambdas: P=1.746, B=1.892, G=1.600
  XGBoost params: n_estimators=5121, max_depth=7
  Starting cross-validation...
  Trial 1720 MSE: 0.000005 | MAPE: 0.16% | R²: -0.314049
  Trial time: 21.8s
[I 2026-03-13 07:01:59,272] Trial 1720 finished with value: 5.076887518448612e-06 and parameters: {'lambda_P': 1.7289944944121263, 'lambda_B': 1.9499666463514322, 'lambda_G': 1.3170169766101754, 'n_estimators': 5118, 'max_depth': 10, 'learning_rate': 0.4608361868986074, 'subsample': 0.5957720586561458, 'colsample_bytree': 0.9684951509918107, 'colsample_bylevel': 0.5619061351113037, 'reg_alpha': 4.534223361828528, 'reg_lambda': 8.090715708336106, 'gamma': 0.05175033040806476, 'min_child_weight': 2}. Best is trial 1422 with value: 2.996031181594198e-06.

[Trial 1734/5000] Starting at 07:01:59
  Lambdas: P=1.703, B=1.666, G=1.933
  XGBoost params: n_estimators=5128, max_depth=10
  Starting cross-validation...
  Trial 1715 MSE: 0.000005 | MAPE: 0.16% | R²: -0.314049
  Trial time: 32.9s
[I 2026-03-13 07:02:01,831] Trial 1715 finished with value: 5.076887518448612e-06 and parameters: {'lambda_P': 0.7375909341244494, 'lambda_B': 1.3705656046415473, 'lambda_G': 1.2330632650841573, 'n_estimators': 7786, 'max_depth': 13, 'learning_rate': 0.0022498829486105464, 'subsample': 0.6754278152326985, 'colsample_bytree': 0.8814590266389812, 'colsample_bylevel': 0.5060579555456622, 'reg_alpha': 9.777083876014107, 'reg_lambda': 3.508232889437922, 'gamma': 0.023325755093809783, 'min_child_weight': 3}. Best is trial 1422 with value: 2.996031181594198e-06.

[Trial 1735/5000] Starting at 07:02:01
  Lambdas: P=1.653, B=1.869, G=1.605
  XGBoost params: n_estimators=4497, max_depth=10
  Starting cross-validation...
  Trial 1725 MSE: 0.000005 | MAPE: 0.16% | R²: -0.314049
  Trial time: 17.8s
[I 2026-03-13 07:02:03,322] Trial 1725 finished with value: 5.076887518448612e-06 and parameters: {'lambda_P': 1.7624174036190747, 'lambda_B': 1.7311715416955844, 'lambda_G': 1.91233098360792, 'n_estimators': 3348, 'max_depth': 7, 'learning_rate': 0.02065350669674248, 'subsample': 0.5925516024955717, 'colsample_bytree': 0.421359558255184, 'colsample_bylevel': 0.4297962811292885, 'reg_alpha': 1.5560279109425075, 'reg_lambda': 9.428922155596771, 'gamma': 0.00031355053669959753, 'min_child_weight': 14}. Best is trial 1422 with value: 2.996031181594198e-06.

[Trial 1736/5000] Starting at 07:02:03
  Lambdas: P=1.960, B=0.683, G=1.915
  XGBoost params: n_estimators=3131, max_depth=12
  Starting cross-validation...
  Trial 1723 MSE: 0.000005 | MAPE: 0.16% | R²: -0.302088
  Trial time: 22.4s
[I 2026-03-13 07:02:04,611] Trial 1723 finished with value: 5.045122901794395e-06 and parameters: {'lambda_P': 1.9480175850692119, 'lambda_B': 1.9367695734667556, 'lambda_G': 1.26304935948177, 'n_estimators': 4243, 'max_depth': 5, 'learning_rate': 0.07715141100728684, 'subsample': 0.6561710351871833, 'colsample_bytree': 0.5503832980110629, 'colsample_bylevel': 0.47142322654664287, 'reg_alpha': 0.9404080854789089, 'reg_lambda': 7.695843678468605, 'gamma': 0.0003061239586932141, 'min_child_weight': 17}. Best is trial 1422 with value: 2.996031181594198e-06.

[Trial 1737/5000] Starting at 07:02:04
  Trial 1714 MSE: 0.000004 | MAPE: 0.15% | R²: -0.136285
  Trial time: 38.6s
[I 2026-03-13 07:02:04,827] Trial 1714 finished with value: 4.3082493705687435e-06 and parameters: {'lambda_P': 0.649915891848136, 'lambda_B': 1.0391038945846864, 'lambda_G': 1.0535469055000537, 'n_estimators': 7755, 'max_depth': 20, 'learning_rate': 0.005573743120086555, 'subsample': 0.9558726123081266, 'colsample_bytree': 0.43522952251138747, 'colsample_bylevel': 0.42296640665689167, 'reg_alpha': 0.8565539628008807, 'reg_lambda': 0.9713881282766637, 'gamma': 0.0001284809574654143, 'min_child_weight': 16}. Best is trial 1422 with value: 2.996031181594198e-06.

[Trial 1738/5000] Starting at 07:02:04
  Lambdas: P=1.638, B=1.686, G=1.575
  XGBoost params: n_estimators=6389, max_depth=4
  Starting cross-validation...
  Lambdas: P=1.440, B=1.551, G=1.646
  XGBoost params: n_estimators=6411, max_depth=7
  Starting cross-validation...
  Trial 1728 MSE: 0.000004 | MAPE: 0.15% | R²: -0.130378
  Trial time: 15.4s
[I 2026-03-13 07:02:07,149] Trial 1728 finished with value: 4.2409772526886435e-06 and parameters: {'lambda_P': 1.7416418383714265, 'lambda_B': 1.7523982346983082, 'lambda_G': 1.4766803983043455, 'n_estimators': 2729, 'max_depth': 5, 'learning_rate': 0.002573202036463379, 'subsample': 0.661941731447782, 'colsample_bytree': 0.45355702155419714, 'colsample_bylevel': 0.4098370544558956, 'reg_alpha': 0.5016743006366595, 'reg_lambda': 8.711022888945681, 'gamma': 0.00014863297130520477, 'min_child_weight': 16}. Best is trial 1422 with value: 2.996031181594198e-06.

[Trial 1739/5000] Starting at 07:02:07
  Lambdas: P=1.308, B=1.912, G=1.702
  XGBoost params: n_estimators=5298, max_depth=7
  Starting cross-validation...
  Trial 1719 MSE: 0.000004 | MAPE: 0.16% | R²: -0.178575
  Trial time: 35.0s
[I 2026-03-13 07:02:08,682] Trial 1719 finished with value: 4.494128657276218e-06 and parameters: {'lambda_P': 1.1152137785706904, 'lambda_B': 1.6565207595798308, 'lambda_G': 1.2749638634314686, 'n_estimators': 6386, 'max_depth': 16, 'learning_rate': 0.06252948560110169, 'subsample': 0.465552565468311, 'colsample_bytree': 0.597247419169358, 'colsample_bylevel': 0.5392536003642467, 'reg_alpha': 0.41822979645489505, 'reg_lambda': 2.0438942764638504, 'gamma': 0.00023279019125038635, 'min_child_weight': 1}. Best is trial 1422 with value: 2.996031181594198e-06.

[Trial 1740/5000] Starting at 07:02:08
  Lambdas: P=1.106, B=0.581, G=1.633
  XGBoost params: n_estimators=9988, max_depth=14
  Starting cross-validation...
  Trial 1729 MSE: 0.000005 | MAPE: 0.16% | R²: -0.314049
  Trial time: 21.3s
[I 2026-03-13 07:02:14,617] Trial 1729 finished with value: 5.076887518448612e-06 and parameters: {'lambda_P': 1.6681706752541516, 'lambda_B': 1.9278018808585005, 'lambda_G': 1.477473642409799, 'n_estimators': 3970, 'max_depth': 11, 'learning_rate': 0.002830420995621133, 'subsample': 0.8599181953478464, 'colsample_bytree': 0.5806925954295332, 'colsample_bylevel': 0.47049018338804754, 'reg_alpha': 1.3087958540849116, 'reg_lambda': 9.701949249206558, 'gamma': 0.0006377683216958089, 'min_child_weight': 16}. Best is trial 1422 with value: 2.996031181594198e-06.

[Trial 1741/5000] Starting at 07:02:14
  Lambdas: P=1.910, B=0.852, G=1.564
  XGBoost params: n_estimators=388, max_depth=10
  Starting cross-validation...
  Trial 1740 MSE: 0.000005 | MAPE: 0.16% | R²: -0.314049
  Trial time: 2.1s
[I 2026-03-13 07:02:16,970] Trial 1740 finished with value: 5.076887518448612e-06 and parameters: {'lambda_P': 1.9104480151365748, 'lambda_B': 0.8520213323521633, 'lambda_G': 1.5641371412023943, 'n_estimators': 388, 'max_depth': 10, 'learning_rate': 0.04235294286065141, 'subsample': 0.7256499627714849, 'colsample_bytree': 0.30781201723577006, 'colsample_bylevel': 0.7364544582966739, 'reg_alpha': 5.577433644666165, 'reg_lambda': 1.3946984581244615, 'gamma': 0.0005930431867009383, 'min_child_weight': 14}. Best is trial 1422 with value: 2.996031181594198e-06.

[Trial 1742/5000] Starting at 07:02:17
  Lambdas: P=1.404, B=1.681, G=1.269
  XGBoost params: n_estimators=7881, max_depth=8
  Starting cross-validation...
  Trial 1724 MSE: 0.000005 | MAPE: 0.16% | R²: -0.314049
  Trial time: 35.6s
[I 2026-03-13 07:02:17,984] Trial 1724 finished with value: 5.076887518448612e-06 and parameters: {'lambda_P': 0.9261619386712134, 'lambda_B': 1.3206492307351299, 'lambda_G': 1.9803257987619907, 'n_estimators': 6816, 'max_depth': 4, 'learning_rate': 0.01156176785699493, 'subsample': 0.9343447404964162, 'colsample_bytree': 0.8412462203255154, 'colsample_bylevel': 0.782038875178758, 'reg_alpha': 3.430821458860578, 'reg_lambda': 5.244014446676704, 'gamma': 0.012719505838163121, 'min_child_weight': 18}. Best is trial 1422 with value: 2.996031181594198e-06.

[Trial 1743/5000] Starting at 07:02:18
  Lambdas: P=1.604, B=1.894, G=1.550
  XGBoost params: n_estimators=6181, max_depth=7
  Starting cross-validation...
  Trial 1721 MSE: 0.000005 | MAPE: 0.16% | R²: -0.314049
  Trial time: 39.6s
[I 2026-03-13 07:02:19,223] Trial 1721 finished with value: 5.076887518448612e-06 and parameters: {'lambda_P': 0.5932785851349293, 'lambda_B': 1.9950473950347452, 'lambda_G': 1.8840136095153226, 'n_estimators': 7861, 'max_depth': 12, 'learning_rate': 0.0013421115733884424, 'subsample': 0.5899217009622243, 'colsample_bytree': 0.35343443502101485, 'colsample_bylevel': 0.55048478497133, 'reg_alpha': 8.71815581824923, 'reg_lambda': 9.662739916427482, 'gamma': 0.06473338955700304, 'min_child_weight': 8}. Best is trial 1422 with value: 2.996031181594198e-06.

[Trial 1744/5000] Starting at 07:02:19
  Lambdas: P=0.694, B=0.627, G=1.762
  XGBoost params: n_estimators=9325, max_depth=5
  Starting cross-validation...
  Trial 1735 MSE: 0.000005 | MAPE: 0.16% | R²: -0.314049
  Trial time: 16.9s
[I 2026-03-13 07:02:20,441] Trial 1735 finished with value: 5.076887518448612e-06 and parameters: {'lambda_P': 1.9604905116211357, 'lambda_B': 0.6832446985810743, 'lambda_G': 1.9150397152170977, 'n_estimators': 3131, 'max_depth': 12, 'learning_rate': 0.030792478817510047, 'subsample': 0.7628881110427652, 'colsample_bytree': 0.8069712893433572, 'colsample_bylevel': 0.8116661807543856, 'reg_alpha': 8.864141633173922, 'reg_lambda': 9.984210978278426, 'gamma': 0.00120545208571991, 'min_child_weight': 19}. Best is trial 1422 with value: 2.996031181594198e-06.

[Trial 1745/5000] Starting at 07:02:20
  Lambdas: P=1.490, B=1.708, G=1.664
  XGBoost params: n_estimators=7935, max_depth=4
  Starting cross-validation...
  Trial 1730 MSE: 0.000003 | MAPE: 0.14% | R²: 0.014285
  Trial time: 28.4s
[I 2026-03-13 07:02:22,098] Trial 1730 finished with value: 3.371944511808911e-06 and parameters: {'lambda_P': 1.281979354350252, 'lambda_B': 1.984320912459158, 'lambda_G': 1.4294747693120518, 'n_estimators': 5351, 'max_depth': 7, 'learning_rate': 0.0359297883953039, 'subsample': 0.956071989672463, 'colsample_bytree': 0.4240436833598715, 'colsample_bylevel': 0.35750851794892197, 'reg_alpha': 0.023004301425566608, 'reg_lambda': 8.78547586925481, 'gamma': 0.00037992254979689897, 'min_child_weight': 11}. Best is trial 1422 with value: 2.996031181594198e-06.

[Trial 1746/5000] Starting at 07:02:22
  Trial 1733 MSE: 0.000004 | MAPE: 0.15% | R²: -0.120162
  Trial time: 22.9s
[I 2026-03-13 07:02:22,419] Trial 1733 finished with value: 4.100372033554113e-06 and parameters: {'lambda_P': 1.7034179193944872, 'lambda_B': 1.6660831225130857, 'lambda_G': 1.9330992336026802, 'n_estimators': 5128, 'max_depth': 10, 'learning_rate': 0.024761130953299806, 'subsample': 0.8492689372980007, 'colsample_bytree': 0.3605064747703539, 'colsample_bylevel': 0.4728140882646072, 'reg_alpha': 0.1538348096323593, 'reg_lambda': 7.253817201687552, 'gamma': 0.0009073322497963468, 'min_child_weight': 15}. Best is trial 1422 with value: 2.996031181594198e-06.

[Trial 1747/5000] Starting at 07:02:22
  Lambdas: P=0.537, B=1.471, G=0.856
  XGBoost params: n_estimators=4701, max_depth=19
  Starting cross-validation...
  Lambdas: P=0.925, B=0.949, G=1.998
  XGBoost params: n_estimators=9272, max_depth=17
  Starting cross-validation...
  Trial 1734 MSE: 0.000005 | MAPE: 0.16% | R²: -0.314049
  Trial time: 21.1s
[I 2026-03-13 07:02:23,193] Trial 1734 finished with value: 5.076887518448612e-06 and parameters: {'lambda_P': 1.6530769691924456, 'lambda_B': 1.8685455050273465, 'lambda_G': 1.6048191233594797, 'n_estimators': 4497, 'max_depth': 10, 'learning_rate': 0.006260015214268629, 'subsample': 0.7747221543693354, 'colsample_bytree': 0.5904148805943203, 'colsample_bylevel': 0.3757523893247773, 'reg_alpha': 1.2491092548076466, 'reg_lambda': 9.487450979581851, 'gamma': 0.0003844367149118538, 'min_child_weight': 12}. Best is trial 1422 with value: 2.996031181594198e-06.

[Trial 1748/5000] Starting at 07:02:23
  Lambdas: P=1.439, B=1.947, G=1.538
  XGBoost params: n_estimators=5836, max_depth=8
  Starting cross-validation...
  Trial 1732 MSE: 0.000005 | MAPE: 0.16% | R²: -0.264110
  Trial time: 28.4s
[I 2026-03-13 07:02:24,394] Trial 1732 finished with value: 4.82546524671076e-06 and parameters: {'lambda_P': 1.745822035396041, 'lambda_B': 1.8921894762973965, 'lambda_G': 1.5998833746235817, 'n_estimators': 5121, 'max_depth': 7, 'learning_rate': 0.07103904809289117, 'subsample': 0.8040815833658501, 'colsample_bytree': 0.4920496937101857, 'colsample_bylevel': 0.37995829557184746, 'reg_alpha': 0.4601315707485329, 'reg_lambda': 8.842557539920843, 'gamma': 0.001213521618155795, 'min_child_weight': 15}. Best is trial 1422 with value: 2.996031181594198e-06.

[Trial 1749/5000] Starting at 07:02:24
  Lambdas: P=1.156, B=0.718, G=0.632
  XGBoost params: n_estimators=769, max_depth=15
  Starting cross-validation...
  Trial 1748 MSE: 0.000005 | MAPE: 0.16% | R²: -0.314049
  Trial time: 3.7s
[I 2026-03-13 07:02:28,290] Trial 1748 finished with value: 5.076887518448612e-06 and parameters: {'lambda_P': 1.1555725902719312, 'lambda_B': 0.7184298781299492, 'lambda_G': 0.6321532150595288, 'n_estimators': 769, 'max_depth': 15, 'learning_rate': 0.015270727134654171, 'subsample': 0.9743266277194121, 'colsample_bytree': 0.8088735020995061, 'colsample_bylevel': 0.4058427912274811, 'reg_alpha': 3.5823688686191772, 'reg_lambda': 9.90482062346528, 'gamma': 0.008272564381185815, 'min_child_weight': 7}. Best is trial 1422 with value: 2.996031181594198e-06.

[Trial 1750/5000] Starting at 07:02:28
  Lambdas: P=0.508, B=1.942, G=0.774
  XGBoost params: n_estimators=5765, max_depth=15
  Starting cross-validation...
  Trial 1731 MSE: 0.000005 | MAPE: 0.16% | R²: -0.258318
  Trial time: 35.9s
[I 2026-03-13 07:02:29,960] Trial 1731 finished with value: 4.921899073445975e-06 and parameters: {'lambda_P': 1.7328892684785042, 'lambda_B': 1.6179668930980964, 'lambda_G': 1.5051676462519845, 'n_estimators': 6695, 'max_depth': 13, 'learning_rate': 0.02200676615233022, 'subsample': 0.6018593584011297, 'colsample_bytree': 0.548783631839692, 'colsample_bylevel': 0.4543988942845145, 'reg_alpha': 0.8207767229046072, 'reg_lambda': 8.252427748041706, 'gamma': 0.00014649488859398943, 'min_child_weight': 16}. Best is trial 1422 with value: 2.996031181594198e-06.

[Trial 1751/5000] Starting at 07:02:30
  Lambdas: P=1.698, B=1.804, G=0.612
  XGBoost params: n_estimators=3080, max_depth=11
  Starting cross-validation...
  Trial 1737 MSE: 0.000004 | MAPE: 0.14% | R²: 0.013114
  Trial time: 29.7s
