[I 2026-03-13 07:29:30,765] Trial 2467 finished with value: 4.951159153303293e-06 and parameters: {'lambda_P': 1.3843683988718831, 'lambda_B': 0.7643555301701697, 'lambda_G': 0.6341327474711231, 'n_estimators': 7976, 'max_depth': 20, 'learning_rate': 0.007968172237529934, 'subsample': 0.8709563497310501, 'colsample_bytree': 0.474149857589336, 'colsample_bylevel': 0.41224590614952683, 'reg_alpha': 1.2024703671860437, 'reg_lambda': 1.8126833516013656, 'gamma': 0.0001687058525268273, 'min_child_weight': 1}. Best is trial 2210 with value: 2.986319055234564e-06.

[Trial 2481/5000] Starting at 07:29:30
  Lambdas: P=1.423, B=0.822, G=0.738
  XGBoost params: n_estimators=7065, max_depth=19
  Starting cross-validation...
  Trial 2469 MSE: 0.000005 | MAPE: 0.16% | R²: -0.240881
  Trial time: 33.8s
[I 2026-03-13 07:29:33,486] Trial 2469 finished with value: 4.832414465905917e-06 and parameters: {'lambda_P': 1.1432920701939124, 'lambda_B': 0.5666816573991694, 'lambda_G': 0.6795173109967843, 'n_estimators': 8039, 'max_depth': 19, 'learning_rate': 0.026536148452724017, 'subsample': 0.96376852708843, 'colsample_bytree': 0.36760141908953703, 'colsample_bylevel': 0.3757775352216791, 'reg_alpha': 1.1590819406162165, 'reg_lambda': 1.442365235151739, 'gamma': 0.0001814884759717107, 'min_child_weight': 8}. Best is trial 2210 with value: 2.986319055234564e-06.

[Trial 2482/5000] Starting at 07:29:33
  Lambdas: P=1.971, B=0.905, G=0.501
  XGBoost params: n_estimators=6506, max_depth=7
  Starting cross-validation...
  Trial 2465 MSE: 0.000005 | MAPE: 0.16% | R²: -0.314049
  Trial time: 42.2s
[I 2026-03-13 07:29:37,320] Trial 2465 finished with value: 5.076887518448612e-06 and parameters: {'lambda_P': 1.5213048775232116, 'lambda_B': 0.7357987175372902, 'lambda_G': 0.5494739113642408, 'n_estimators': 9456, 'max_depth': 19, 'learning_rate': 0.02388947542881616, 'subsample': 0.8755812231365909, 'colsample_bytree': 0.43195698523122333, 'colsample_bylevel': 0.6285175132209468, 'reg_alpha': 1.288142237808044, 'reg_lambda': 2.1749958063634556, 'gamma': 0.0031865977904745276, 'min_child_weight': 3}. Best is trial 2210 with value: 2.986319055234564e-06.

[Trial 2483/5000] Starting at 07:29:37
  Lambdas: P=1.821, B=0.551, G=0.680
  XGBoost params: n_estimators=9996, max_depth=16
  Starting cross-validation...
  Trial 2468 MSE: 0.000005 | MAPE: 0.16% | R²: -0.255048
  Trial time: 41.2s
[I 2026-03-13 07:29:40,528] Trial 2468 finished with value: 4.909502249991703e-06 and parameters: {'lambda_P': 1.8218787756957417, 'lambda_B': 0.512005942463204, 'lambda_G': 1.0453292169261224, 'n_estimators': 9680, 'max_depth': 16, 'learning_rate': 0.014130712771953127, 'subsample': 0.7850629477517018, 'colsample_bytree': 0.46982332543069055, 'colsample_bylevel': 0.4453526722651213, 'reg_alpha': 1.0479314365841423, 'reg_lambda': 1.3327439220360922, 'gamma': 0.00013242314141808094, 'min_child_weight': 2}. Best is trial 2210 with value: 2.986319055234564e-06.

[Trial 2484/5000] Starting at 07:29:40
  Lambdas: P=1.765, B=0.658, G=0.683
  XGBoost params: n_estimators=5468, max_depth=8
  Starting cross-validation...
  Trial 2472 MSE: 0.000005 | MAPE: 0.16% | R²: -0.314049
  Trial time: 31.9s
[I 2026-03-13 07:29:49,103] Trial 2472 finished with value: 5.076887518448612e-06 and parameters: {'lambda_P': 1.0256632879233492, 'lambda_B': 0.5157718251096064, 'lambda_G': 0.6580994205241988, 'n_estimators': 7281, 'max_depth': 18, 'learning_rate': 0.015874580916740006, 'subsample': 0.8823000981825581, 'colsample_bytree': 0.4325601397285184, 'colsample_bylevel': 0.47914699198757793, 'reg_alpha': 3.5333625967651443, 'reg_lambda': 0.6135723175493271, 'gamma': 0.0001269005847206643, 'min_child_weight': 1}. Best is trial 2210 with value: 2.986319055234564e-06.

[Trial 2485/5000] Starting at 07:29:49
  Lambdas: P=1.829, B=0.884, G=0.767
  XGBoost params: n_estimators=7836, max_depth=10
  Starting cross-validation...
  Trial 2470 MSE: 0.000005 | MAPE: 0.16% | R²: -0.271481
  Trial time: 40.4s
[I 2026-03-13 07:29:50,341] Trial 2470 finished with value: 4.960460440061853e-06 and parameters: {'lambda_P': 1.74300827465685, 'lambda_B': 0.7359585601252132, 'lambda_G': 0.6795722275921723, 'n_estimators': 9798, 'max_depth': 19, 'learning_rate': 0.029651425839654515, 'subsample': 0.9692193563502837, 'colsample_bytree': 0.31611774323534725, 'colsample_bylevel': 0.41968320705616785, 'reg_alpha': 1.3713904845405736, 'reg_lambda': 0.8780775404385532, 'gamma': 0.00015051656391716566, 'min_child_weight': 4}. Best is trial 2210 with value: 2.986319055234564e-06.

[Trial 2486/5000] Starting at 07:29:50
  Lambdas: P=1.495, B=0.890, G=0.641
  XGBoost params: n_estimators=6668, max_depth=5
  Starting cross-validation...
  Trial 2475 MSE: 0.000005 | MAPE: 0.16% | R²: -0.314049
  Trial time: 31.0s
[I 2026-03-13 07:29:52,137] Trial 2475 finished with value: 5.076887518448612e-06 and parameters: {'lambda_P': 1.6493993618716374, 'lambda_B': 0.7962992079116047, 'lambda_G': 0.6595330487517249, 'n_estimators': 8619, 'max_depth': 15, 'learning_rate': 0.007511001447125015, 'subsample': 0.6515743114338257, 'colsample_bytree': 0.38076598123537336, 'colsample_bylevel': 0.37620405512314214, 'reg_alpha': 1.104361383922224, 'reg_lambda': 0.13825876633488304, 'gamma': 0.0003888995480508484, 'min_child_weight': 1}. Best is trial 2210 with value: 2.986319055234564e-06.

[Trial 2487/5000] Starting at 07:29:52
  Lambdas: P=1.991, B=0.960, G=0.659
  XGBoost params: n_estimators=2770, max_depth=9
  Starting cross-validation...
  Trial 2473 MSE: 0.000004 | MAPE: 0.14% | R²: -0.053607
  Trial time: 37.7s
[I 2026-03-13 07:29:55,142] Trial 2473 finished with value: 3.781674637221373e-06 and parameters: {'lambda_P': 1.3150587245368353, 'lambda_B': 0.7364170681277226, 'lambda_G': 0.5373348550426352, 'n_estimators': 8771, 'max_depth': 18, 'learning_rate': 0.022036340240160934, 'subsample': 0.9864859907997787, 'colsample_bytree': 0.3255534563324309, 'colsample_bylevel': 0.39855484877801933, 'reg_alpha': 0.5144519384255521, 'reg_lambda': 1.857677740540828, 'gamma': 0.00011432463065538116, 'min_child_weight': 1}. Best is trial 2210 with value: 2.986319055234564e-06.

[Trial 2488/5000] Starting at 07:29:55
  Lambdas: P=1.855, B=0.716, G=0.733
  XGBoost params: n_estimators=7210, max_depth=11
  Starting cross-validation...
  Trial 2474 MSE: 0.000005 | MAPE: 0.16% | R²: -0.255407
  Trial time: 37.9s
[I 2026-03-13 07:29:56,771] Trial 2474 finished with value: 4.879382761945393e-06 and parameters: {'lambda_P': 1.526603521364177, 'lambda_B': 0.6227707085691072, 'lambda_G': 0.5462132673109715, 'n_estimators': 9149, 'max_depth': 19, 'learning_rate': 0.08134263005168794, 'subsample': 0.9092428370709598, 'colsample_bytree': 0.33416328997797995, 'colsample_bylevel': 0.67454161613406, 'reg_alpha': 0.8813437467676353, 'reg_lambda': 1.4595680361635348, 'gamma': 0.0005960024729510743, 'min_child_weight': 2}. Best is trial 2210 with value: 2.986319055234564e-06.

[Trial 2489/5000] Starting at 07:29:56
  Lambdas: P=1.869, B=0.549, G=0.724
  XGBoost params: n_estimators=6899, max_depth=5
  Starting cross-validation...
  Trial 2471 MSE: 0.000005 | MAPE: 0.16% | R²: -0.287802
  Trial time: 42.3s
[I 2026-03-13 07:29:58,264] Trial 2471 finished with value: 4.99075921247698e-06 and parameters: {'lambda_P': 1.7119140273438171, 'lambda_B': 0.8635812166607164, 'lambda_G': 0.739345404381771, 'n_estimators': 9501, 'max_depth': 19, 'learning_rate': 0.02746711003628268, 'subsample': 0.8802865469644229, 'colsample_bytree': 0.41479556164285636, 'colsample_bylevel': 0.3819576874364474, 'reg_alpha': 0.8129156059593495, 'reg_lambda': 0.3332263037142842, 'gamma': 0.0009054091757395805, 'min_child_weight': 3}. Best is trial 2210 with value: 2.986319055234564e-06.

[Trial 2490/5000] Starting at 07:29:58
  Lambdas: P=1.866, B=0.775, G=0.505
  XGBoost params: n_estimators=8265, max_depth=15
  Starting cross-validation...
  Trial 2480 MSE: 0.000003 | MAPE: 0.13% | R²: 0.054849
  Trial time: 28.8s
[I 2026-03-13 07:29:59,784] Trial 2480 finished with value: 3.2185794641681047e-06 and parameters: {'lambda_P': 1.4229270153930762, 'lambda_B': 0.8215596286394712, 'lambda_G': 0.7378436007597317, 'n_estimators': 7065, 'max_depth': 19, 'learning_rate': 0.006475549183884058, 'subsample': 0.9903438213383648, 'colsample_bytree': 0.3002903689454758, 'colsample_bylevel': 0.4717585736479386, 'reg_alpha': 0.107269915935336, 'reg_lambda': 0.10646441231906242, 'gamma': 0.0001835933709921472, 'min_child_weight': 4}. Best is trial 2210 with value: 2.986319055234564e-06.

[Trial 2491/5000] Starting at 07:29:59
  Lambdas: P=1.837, B=1.335, G=0.631
  XGBoost params: n_estimators=7936, max_depth=10
  Starting cross-validation...
  Trial 2481 MSE: 0.000004 | MAPE: 0.15% | R²: -0.049855
  Trial time: 27.1s
[I 2026-03-13 07:30:00,803] Trial 2481 finished with value: 3.8018586574964492e-06 and parameters: {'lambda_P': 1.9706434324698618, 'lambda_B': 0.9047452995041985, 'lambda_G': 0.5006158011683342, 'n_estimators': 6506, 'max_depth': 7, 'learning_rate': 0.0010496193727876496, 'subsample': 0.9162803343201638, 'colsample_bytree': 0.7749555650539165, 'colsample_bylevel': 0.3655367469664128, 'reg_alpha': 0.485592709435865, 'reg_lambda': 2.5950363162381294, 'gamma': 0.00011455390735625114, 'min_child_weight': 2}. Best is trial 2210 with value: 2.986319055234564e-06.

[Trial 2492/5000] Starting at 07:30:00
  Lambdas: P=1.869, B=0.850, G=0.719
  XGBoost params: n_estimators=5557, max_depth=10
  Starting cross-validation...
  Trial 2479 MSE: 0.000005 | MAPE: 0.16% | R²: -0.314049
  Trial time: 32.0s
[I 2026-03-13 07:30:02,046] Trial 2479 finished with value: 5.076887518448612e-06 and parameters: {'lambda_P': 1.3471096390634065, 'lambda_B': 0.7189775125601622, 'lambda_G': 0.8469985933647742, 'n_estimators': 7569, 'max_depth': 20, 'learning_rate': 0.010084227621565389, 'subsample': 0.8763524072379479, 'colsample_bytree': 0.3257100652284382, 'colsample_bylevel': 0.6717531319009373, 'reg_alpha': 1.6454995548614464, 'reg_lambda': 0.3179122541216939, 'gamma': 0.0002658396868378631, 'min_child_weight': 5}. Best is trial 2210 with value: 2.986319055234564e-06.

[Trial 2493/5000] Starting at 07:30:02
  Lambdas: P=1.863, B=0.509, G=0.780
  XGBoost params: n_estimators=6106, max_depth=5
  Starting cross-validation...
  Trial 2486 MSE: 0.000004 | MAPE: 0.15% | R²: -0.109315
  Trial time: 10.4s
[I 2026-03-13 07:30:02,782] Trial 2486 finished with value: 4.117358277338483e-06 and parameters: {'lambda_P': 1.9908252634179742, 'lambda_B': 0.9601813053630777, 'lambda_G': 0.658741622106686, 'n_estimators': 2770, 'max_depth': 9, 'learning_rate': 0.0010993068225237333, 'subsample': 0.9452135865279487, 'colsample_bytree': 0.6590205945449552, 'colsample_bylevel': 0.3153639721818644, 'reg_alpha': 0.6072535504867667, 'reg_lambda': 3.5133744125212516, 'gamma': 0.00012236407396108028, 'min_child_weight': 2}. Best is trial 2210 with value: 2.986319055234564e-06.

[Trial 2494/5000] Starting at 07:30:02
  Lambdas: P=1.941, B=0.998, G=0.720
  XGBoost params: n_estimators=7488, max_depth=10
  Starting cross-validation...
  Trial 2477 MSE: 0.000003 | MAPE: 0.13% | R²: 0.061094
  Trial time: 37.2s
[I 2026-03-13 07:30:04,118] Trial 2477 finished with value: 3.198839403329947e-06 and parameters: {'lambda_P': 1.3670436824719938, 'lambda_B': 0.701680594218954, 'lambda_G': 0.5131304815653318, 'n_estimators': 8225, 'max_depth': 16, 'learning_rate': 0.015431211238398041, 'subsample': 0.9248468077839974, 'colsample_bytree': 0.3107104201500505, 'colsample_bylevel': 0.3925313190258488, 'reg_alpha': 0.14413938882503646, 'reg_lambda': 0.4791365414606521, 'gamma': 0.00015242816739899107, 'min_child_weight': 5}. Best is trial 2210 with value: 2.986319055234564e-06.

[Trial 2495/5000] Starting at 07:30:04
  Lambdas: P=1.927, B=0.894, G=0.808
  XGBoost params: n_estimators=8899, max_depth=13
  Starting cross-validation...
  Trial 2483 MSE: 0.000004 | MAPE: 0.15% | R²: -0.123492
  Trial time: 25.0s
[I 2026-03-13 07:30:05,777] Trial 2483 finished with value: 4.151177467639545e-06 and parameters: {'lambda_P': 1.7654908215422742, 'lambda_B': 0.6578346152386821, 'lambda_G': 0.682790316953554, 'n_estimators': 5468, 'max_depth': 8, 'learning_rate': 0.0016106732269647235, 'subsample': 0.9979903616671617, 'colsample_bytree': 0.48410486833534383, 'colsample_bylevel': 0.3226780829231287, 'reg_alpha': 0.5353285689691984, 'reg_lambda': 0.6208810660750902, 'gamma': 0.00036971960415636146, 'min_child_weight': 1}. Best is trial 2210 with value: 2.986319055234564e-06.

[Trial 2496/5000] Starting at 07:30:05
  Lambdas: P=0.890, B=0.927, G=0.811
  XGBoost params: n_estimators=9985, max_depth=12
  Starting cross-validation...
  Trial 2476 MSE: 0.000005 | MAPE: 0.16% | R²: -0.268029
  Trial time: 43.4s
[I 2026-03-13 07:30:06,841] Trial 2476 finished with value: 4.947560745012439e-06 and parameters: {'lambda_P': 1.4624014106167242, 'lambda_B': 0.7979819819089959, 'lambda_G': 0.6708499505252798, 'n_estimators': 9373, 'max_depth': 20, 'learning_rate': 0.0038171836478634235, 'subsample': 0.8857504954872581, 'colsample_bytree': 0.31759057252282996, 'colsample_bylevel': 0.6459057077059641, 'reg_alpha': 1.1760383321521937, 'reg_lambda': 0.8138561274654126, 'gamma': 0.00020160716945716317, 'min_child_weight': 5}. Best is trial 2210 with value: 2.986319055234564e-06.

[Trial 2497/5000] Starting at 07:30:06
  Lambdas: P=1.956, B=0.903, G=0.581
  XGBoost params: n_estimators=5871, max_depth=5
  Starting cross-validation...
  Trial 2478 MSE: 0.000005 | MAPE: 0.16% | R²: -0.312830
  Trial time: 41.0s
[I 2026-03-13 07:30:09,826] Trial 2478 finished with value: 5.073872954540304e-06 and parameters: {'lambda_P': 1.7695966479981207, 'lambda_B': 1.0328465168281187, 'lambda_G': 0.5881330521687633, 'n_estimators': 9026, 'max_depth': 14, 'learning_rate': 0.006016483996801556, 'subsample': 0.8513307438903215, 'colsample_bytree': 0.33218197627397855, 'colsample_bylevel': 0.5931815892566272, 'reg_alpha': 1.3445438290595266, 'reg_lambda': 1.2150963421439949, 'gamma': 0.00023542748073616298, 'min_child_weight': 3}. Best is trial 2210 with value: 2.986319055234564e-06.

[Trial 2498/5000] Starting at 07:30:09
  Lambdas: P=1.486, B=0.851, G=0.505
  XGBoost params: n_estimators=7344, max_depth=4
  Starting cross-validation...
  Trial 2482 MSE: 0.000005 | MAPE: 0.16% | R²: -0.314049
  Trial time: 42.9s
[I 2026-03-13 07:30:20,492] Trial 2482 finished with value: 5.076887518448612e-06 and parameters: {'lambda_P': 1.8213423706377536, 'lambda_B': 0.5512562267266395, 'lambda_G': 0.6796085445343845, 'n_estimators': 9996, 'max_depth': 16, 'learning_rate': 0.007976867604050388, 'subsample': 0.9058260660652553, 'colsample_bytree': 0.3027725722824339, 'colsample_bylevel': 0.46174163148316694, 'reg_alpha': 2.770058266438086, 'reg_lambda': 0.9889932360697836, 'gamma': 0.0002572162497520915, 'min_child_weight': 1}. Best is trial 2210 with value: 2.986319055234564e-06.

[Trial 2499/5000] Starting at 07:30:20
  Trial 2487 MSE: 0.000004 | MAPE: 0.16% | R²: -0.167030
  Trial time: 25.5s
[I 2026-03-13 07:30:20,859] Trial 2487 finished with value: 4.4610496262388366e-06 and parameters: {'lambda_P': 1.8547983806964388, 'lambda_B': 0.7158178034881065, 'lambda_G': 0.7325334161459798, 'n_estimators': 7210, 'max_depth': 11, 'learning_rate': 0.0015710499990143256, 'subsample': 0.9921600820391533, 'colsample_bytree': 0.6968989301213391, 'colsample_bylevel': 0.3289722037701178, 'reg_alpha': 0.9564670058326517, 'reg_lambda': 3.470617315042876, 'gamma': 0.00015640130964400257, 'min_child_weight': 5}. Best is trial 2210 with value: 2.986319055234564e-06.

[Trial 2500/5000] Starting at 07:30:20
  Lambdas: P=1.906, B=0.533, G=0.869
  XGBoost params: n_estimators=9259, max_depth=2
  Starting cross-validation...
  Lambdas: P=1.841, B=0.767, G=0.578
  XGBoost params: n_estimators=6503, max_depth=12
  Starting cross-validation...
  Trial 2485 MSE: 0.000005 | MAPE: 0.16% | R²: -0.179644
  Trial time: 33.3s
[I 2026-03-13 07:30:23,848] Trial 2485 finished with value: 4.5488967552845615e-06 and parameters: {'lambda_P': 1.4946261288235736, 'lambda_B': 0.8903846937583908, 'lambda_G': 0.6407935497592991, 'n_estimators': 6668, 'max_depth': 5, 'learning_rate': 0.0015396061582096184, 'subsample': 0.999031004929081, 'colsample_bytree': 0.5440981294627354, 'colsample_bylevel': 0.3566806887606217, 'reg_alpha': 1.0918996922984692, 'reg_lambda': 0.9604114847357396, 'gamma': 0.0001005780832321127, 'min_child_weight': 2}. Best is trial 2210 with value: 2.986319055234564e-06.

[Trial 2501/5000] Starting at 07:30:23
  Lambdas: P=1.737, B=1.341, G=0.668
  XGBoost params: n_estimators=8494, max_depth=11
  Starting cross-validation...
  Trial 2491 MSE: 0.000004 | MAPE: 0.14% | R²: -0.034714
  Trial time: 25.3s
[I 2026-03-13 07:30:26,346] Trial 2491 finished with value: 3.7278918036016195e-06 and parameters: {'lambda_P': 1.8694664255707993, 'lambda_B': 0.850151336405008, 'lambda_G': 0.7187832494298125, 'n_estimators': 5557, 'max_depth': 10, 'learning_rate': 0.0010513767241154897, 'subsample': 0.8138852956313011, 'colsample_bytree': 0.5132611055901423, 'colsample_bylevel': 0.4270923240811476, 'reg_alpha': 0.4143245680455447, 'reg_lambda': 0.9540225656517566, 'gamma': 0.00010055908837753378, 'min_child_weight': 3}. Best is trial 2210 with value: 2.986319055234564e-06.

[Trial 2502/5000] Starting at 07:30:26
  Lambdas: P=1.780, B=0.687, G=0.572
  XGBoost params: n_estimators=4555, max_depth=10
  Starting cross-validation...
  Trial 2484 MSE: 0.000004 | MAPE: 0.15% | R²: -0.063749
  Trial time: 38.5s
[I 2026-03-13 07:30:27,858] Trial 2484 finished with value: 3.8622112414132204e-06 and parameters: {'lambda_P': 1.828958690242956, 'lambda_B': 0.8843270972816232, 'lambda_G': 0.7670316395973811, 'n_estimators': 7836, 'max_depth': 10, 'learning_rate': 0.0012014405339482424, 'subsample': 0.9685194618126726, 'colsample_bytree': 0.5691975228131062, 'colsample_bylevel': 0.37921132146846825, 'reg_alpha': 0.531524181301086, 'reg_lambda': 2.379025750859708, 'gamma': 0.00014903467907819177, 'min_child_weight': 2}. Best is trial 2210 with value: 2.986319055234564e-06.

[Trial 2503/5000] Starting at 07:30:27
  Lambdas: P=1.594, B=0.688, G=0.542
  XGBoost params: n_estimators=6855, max_depth=9
  Starting cross-validation...
  Trial 2493 MSE: 0.000003 | MAPE: 0.14% | R²: 0.019311
  Trial time: 26.8s
[I 2026-03-13 07:30:29,790] Trial 2493 finished with value: 3.433154978987133e-06 and parameters: {'lambda_P': 1.9413102395141104, 'lambda_B': 0.9984460399176047, 'lambda_G': 0.7202665218003442, 'n_estimators': 7488, 'max_depth': 10, 'learning_rate': 0.0011681127215041212, 'subsample': 0.8779072872012537, 'colsample_bytree': 0.4323982656900573, 'colsample_bylevel': 0.4148481890749958, 'reg_alpha': 0.23714022365191126, 'reg_lambda': 2.4683725522047455, 'gamma': 0.0001449316039825396, 'min_child_weight': 3}. Best is trial 2210 with value: 2.986319055234564e-06.

[Trial 2504/5000] Starting at 07:30:29
  Lambdas: P=1.903, B=0.586, G=1.130
  Trial 2492 MSE: 0.000004 | MAPE: 0.15% | R²: -0.078803
  Trial time: 28.1s
[I 2026-03-13 07:30:30,364] Trial 2492 finished with value: 3.899964989007653e-06 and parameters: {'lambda_P': 1.8628584491286535, 'lambda_B': 0.5088217822437723, 'lambda_G': 0.779835572239143, 'n_estimators': 6106, 'max_depth': 5, 'learning_rate': 0.004159739653071826, 'subsample': 0.8839923896378703, 'colsample_bytree': 0.43496434875409173, 'colsample_bylevel': 0.31709074824005956, 'reg_alpha': 0.34514621027403825, 'reg_lambda': 2.5668173680218, 'gamma': 0.00034742789994369864, 'min_child_weight': 1}. Best is trial 2210 with value: 2.986319055234564e-06.
  XGBoost params: n_estimators=5131, max_depth=3
  Starting cross-validation...

[Trial 2505/5000] Starting at 07:30:30
  Lambdas: P=1.718, B=0.886, G=0.710
  XGBoost params: n_estimators=5773, max_depth=18
  Starting cross-validation...
  Trial 2488 MSE: 0.000004 | MAPE: 0.16% | R²: -0.167499
  Trial time: 35.6s
[I 2026-03-13 07:30:32,561] Trial 2488 finished with value: 4.47475798182411e-06 and parameters: {'lambda_P': 1.868925448717103, 'lambda_B': 0.5492951926801324, 'lambda_G': 0.7237340646393098, 'n_estimators': 6899, 'max_depth': 5, 'learning_rate': 0.0012499704397005828, 'subsample': 0.8151167640589843, 'colsample_bytree': 0.731374245933546, 'colsample_bylevel': 0.4824217574182534, 'reg_alpha': 0.8257935392513394, 'reg_lambda': 2.0863404309664855, 'gamma': 0.0001375800479223599, 'min_child_weight': 7}. Best is trial 2210 with value: 2.986319055234564e-06.

[Trial 2506/5000] Starting at 07:30:32
  Lambdas: P=1.729, B=1.946, G=0.504
  XGBoost params: n_estimators=3725, max_depth=14
  Starting cross-validation...
  Trial 2496 MSE: 0.000005 | MAPE: 0.16% | R²: -0.314049
  Trial time: 27.7s
