[I 2026-03-13 07:18:46,222] Trial 2194 finished with value: 3.2474303031116465e-06 and parameters: {'lambda_P': 1.2107442553691186, 'lambda_B': 1.2450204466214665, 'lambda_G': 1.2339245272218917, 'n_estimators': 9634, 'max_depth': 9, 'learning_rate': 0.0049637096151343004, 'subsample': 0.5515551446647791, 'colsample_bytree': 0.41015852613687986, 'colsample_bylevel': 0.6678600748779737, 'reg_alpha': 0.039897606793817805, 'reg_lambda': 7.637910413117265, 'gamma': 0.00012527383726111788, 'min_child_weight': 3}. Best is trial 1422 with value: 2.996031181594198e-06.

[Trial 2211/5000] Starting at 07:18:46
  Lambdas: P=1.690, B=0.964, G=0.593
  XGBoost params: n_estimators=9251, max_depth=7
  Starting cross-validation...
  Trial 2191 MSE: 0.000004 | MAPE: 0.15% | R²: -0.119569
  Trial time: 49.2s
[I 2026-03-13 07:18:47,199] Trial 2191 finished with value: 4.125489385814837e-06 and parameters: {'lambda_P': 1.1731904558958652, 'lambda_B': 1.618328629998137, 'lambda_G': 1.1533682341771987, 'n_estimators': 9649, 'max_depth': 8, 'learning_rate': 0.001800124755930989, 'subsample': 0.4521250327600381, 'colsample_bytree': 0.5659112757192115, 'colsample_bylevel': 0.6017037815204586, 'reg_alpha': 0.26777637073540406, 'reg_lambda': 8.927234531978481, 'gamma': 0.00016787710693324406, 'min_child_weight': 3}. Best is trial 1422 with value: 2.996031181594198e-06.

[Trial 2212/5000] Starting at 07:18:47
  Lambdas: P=1.205, B=1.227, G=0.777
  XGBoost params: n_estimators=8097, max_depth=9
  Starting cross-validation...
  Trial 2199 MSE: 0.000003 | MAPE: 0.14% | R²: -0.003585
  Trial time: 34.7s
[I 2026-03-13 07:18:51,767] Trial 2199 finished with value: 3.4794040176191995e-06 and parameters: {'lambda_P': 1.8725085050435684, 'lambda_B': 1.114405358464609, 'lambda_G': 0.7334380169127637, 'n_estimators': 7251, 'max_depth': 5, 'learning_rate': 0.023579997558324878, 'subsample': 0.722353139557269, 'colsample_bytree': 0.6507826931193827, 'colsample_bylevel': 0.5988548281564474, 'reg_alpha': 0.024088387086644656, 'reg_lambda': 5.2772682647813225, 'gamma': 0.0001841952304578406, 'min_child_weight': 12}. Best is trial 1422 with value: 2.996031181594198e-06.

[Trial 2213/5000] Starting at 07:18:51
  Lambdas: P=1.917, B=0.629, G=1.242
  XGBoost params: n_estimators=5089, max_depth=8
  Starting cross-validation...
  Trial 2198 MSE: 0.000005 | MAPE: 0.16% | R²: -0.215724
  Trial time: 41.1s
[I 2026-03-13 07:18:57,016] Trial 2198 finished with value: 4.6532530009768625e-06 and parameters: {'lambda_P': 1.5078794675430913, 'lambda_B': 1.0655321707010899, 'lambda_G': 1.155689726182599, 'n_estimators': 9734, 'max_depth': 9, 'learning_rate': 0.0368768346759827, 'subsample': 0.5070969945387402, 'colsample_bytree': 0.40576784922001147, 'colsample_bylevel': 0.6154035476440166, 'reg_alpha': 0.39716943006824457, 'reg_lambda': 6.58296479973185, 'gamma': 0.00045799747796265716, 'min_child_weight': 2}. Best is trial 1422 with value: 2.996031181594198e-06.

[Trial 2214/5000] Starting at 07:18:57
  Lambdas: P=1.819, B=0.835, G=0.757
  XGBoost params: n_estimators=7231, max_depth=6
  Starting cross-validation...
  Trial 2196 MSE: 0.000004 | MAPE: 0.14% | R²: -0.024616
  Trial time: 45.6s
[I 2026-03-13 07:18:58,990] Trial 2196 finished with value: 3.652361398120896e-06 and parameters: {'lambda_P': 1.1067491089648493, 'lambda_B': 1.1495663301004149, 'lambda_G': 1.4075527567286545, 'n_estimators': 9340, 'max_depth': 13, 'learning_rate': 0.00100838516932521, 'subsample': 0.6259635427448454, 'colsample_bytree': 0.6909695080720859, 'colsample_bylevel': 0.7513320268191179, 'reg_alpha': 0.12166101096893614, 'reg_lambda': 3.5649490962261874, 'gamma': 0.00013381732201457413, 'min_child_weight': 7}. Best is trial 1422 with value: 2.996031181594198e-06.

[Trial 2215/5000] Starting at 07:18:59
  Lambdas: P=1.417, B=1.839, G=0.883
  XGBoost params: n_estimators=1020, max_depth=10
  Starting cross-validation...
  Trial 2201 MSE: 0.000005 | MAPE: 0.16% | R²: -0.314049
  Trial time: 37.1s
[I 2026-03-13 07:19:00,461] Trial 2201 finished with value: 5.076887518448612e-06 and parameters: {'lambda_P': 1.1200312102537726, 'lambda_B': 1.3558261138851762, 'lambda_G': 1.2172476376314176, 'n_estimators': 9576, 'max_depth': 9, 'learning_rate': 0.02186037109223711, 'subsample': 0.4338035270209866, 'colsample_bytree': 0.3343303904217725, 'colsample_bylevel': 0.7582578326140901, 'reg_alpha': 1.1276876826626276, 'reg_lambda': 8.203892504849682, 'gamma': 0.0004176990499793525, 'min_child_weight': 9}. Best is trial 1422 with value: 2.996031181594198e-06.

[Trial 2216/5000] Starting at 07:19:00
  Lambdas: P=1.980, B=0.726, G=0.611
  XGBoost params: n_estimators=4880, max_depth=9
  Starting cross-validation...
  Trial 2207 MSE: 0.000005 | MAPE: 0.16% | R²: -0.314049
  Trial time: 22.9s
[I 2026-03-13 07:19:01,327] Trial 2207 finished with value: 5.076887518448612e-06 and parameters: {'lambda_P': 1.9465425760716668, 'lambda_B': 0.9598456257582144, 'lambda_G': 0.6538761118416091, 'n_estimators': 4754, 'max_depth': 2, 'learning_rate': 0.006423643644869687, 'subsample': 0.8228321299149016, 'colsample_bytree': 0.5578554001598075, 'colsample_bylevel': 0.32949972887542284, 'reg_alpha': 1.210635755889172, 'reg_lambda': 5.386692815385664, 'gamma': 0.0007983443003181228, 'min_child_weight': 18}. Best is trial 1422 with value: 2.996031181594198e-06.

[Trial 2217/5000] Starting at 07:19:01
  Lambdas: P=1.523, B=0.848, G=0.956
  XGBoost params: n_estimators=8706, max_depth=2
  Starting cross-validation...
  Trial 2202 MSE: 0.000004 | MAPE: 0.15% | R²: -0.133944
  Trial time: 32.6s
[I 2026-03-13 07:19:02,099] Trial 2202 finished with value: 4.215334815867208e-06 and parameters: {'lambda_P': 1.1367756141413699, 'lambda_B': 1.009055319109095, 'lambda_G': 0.8289528645391286, 'n_estimators': 6413, 'max_depth': 10, 'learning_rate': 0.02165572019335716, 'subsample': 0.4488702316462447, 'colsample_bytree': 0.48693006518958554, 'colsample_bylevel': 0.5705007742582849, 'reg_alpha': 0.23836925907032597, 'reg_lambda': 7.039463319941402, 'gamma': 0.00029262810864014974, 'min_child_weight': 2}. Best is trial 1422 with value: 2.996031181594198e-06.

[Trial 2218/5000] Starting at 07:19:02
  Lambdas: P=1.916, B=0.549, G=0.852
  XGBoost params: n_estimators=6452, max_depth=2
  Starting cross-validation...
  Trial 2214 MSE: 0.000005 | MAPE: 0.16% | R²: -0.314049
  Trial time: 6.1s
[I 2026-03-13 07:19:05,283] Trial 2214 finished with value: 5.076887518448612e-06 and parameters: {'lambda_P': 1.417214555801887, 'lambda_B': 1.8386415746698908, 'lambda_G': 0.8827692194249288, 'n_estimators': 1020, 'max_depth': 10, 'learning_rate': 0.004764608839410767, 'subsample': 0.9336024543417056, 'colsample_bytree': 0.6193724106798415, 'colsample_bylevel': 0.8578628547387392, 'reg_alpha': 6.456678090514229, 'reg_lambda': 4.3579063595964485, 'gamma': 0.00022379337907095552, 'min_child_weight': 15}. Best is trial 1422 with value: 2.996031181594198e-06.

[Trial 2219/5000] Starting at 07:19:05
  Lambdas: P=1.191, B=1.101, G=0.826
  XGBoost params: n_estimators=5117, max_depth=2
  Starting cross-validation...
  Trial 2205 MSE: 0.000004 | MAPE: 0.16% | R²: -0.175854
  Trial time: 33.0s
[I 2026-03-13 07:19:06,478] Trial 2205 finished with value: 4.492092716896476e-06 and parameters: {'lambda_P': 1.9177953705807202, 'lambda_B': 0.8803865714075674, 'lambda_G': 0.9197524780672444, 'n_estimators': 6474, 'max_depth': 8, 'learning_rate': 0.009025401841879794, 'subsample': 0.7617344132942547, 'colsample_bytree': 0.48554412991661206, 'colsample_bylevel': 0.5287716637289308, 'reg_alpha': 0.7617887935377138, 'reg_lambda': 4.155099890373867, 'gamma': 0.00015429466012312584, 'min_child_weight': 12}. Best is trial 1422 with value: 2.996031181594198e-06.

[Trial 2220/5000] Starting at 07:19:06
  Lambdas: P=1.705, B=0.776, G=0.788
  XGBoost params: n_estimators=5675, max_depth=4
  Starting cross-validation...
  Trial 2197 MSE: 0.000004 | MAPE: 0.15% | R²: -0.116852
  Trial time: 52.9s
[I 2026-03-13 07:19:08,225] Trial 2197 finished with value: 4.136145164049907e-06 and parameters: {'lambda_P': 1.7367574776786023, 'lambda_B': 1.6547286957846525, 'lambda_G': 1.4315134975975865, 'n_estimators': 9983, 'max_depth': 10, 'learning_rate': 0.003793293987642976, 'subsample': 0.5396621073871605, 'colsample_bytree': 0.5160425784016134, 'colsample_bylevel': 0.7996052247125498, 'reg_alpha': 0.3502316637274374, 'reg_lambda': 8.27524422988741, 'gamma': 0.00017192452685398985, 'min_child_weight': 1}. Best is trial 1422 with value: 2.996031181594198e-06.

[Trial 2221/5000] Starting at 07:19:08
  Lambdas: P=1.728, B=0.696, G=1.130
  XGBoost params: n_estimators=7824, max_depth=6
  Starting cross-validation...
  Trial 2208 MSE: 0.000005 | MAPE: 0.16% | R²: -0.283183
  Trial time: 30.0s
[I 2026-03-13 07:19:09,498] Trial 2208 finished with value: 4.995925539434809e-06 and parameters: {'lambda_P': 1.523186623053229, 'lambda_B': 0.6040143478322382, 'lambda_G': 1.0753312694716515, 'n_estimators': 7314, 'max_depth': 5, 'learning_rate': 0.010188999224162859, 'subsample': 0.847148966613718, 'colsample_bytree': 0.44544999450283895, 'colsample_bylevel': 0.3852987506756978, 'reg_alpha': 1.2176755146904592, 'reg_lambda': 5.483291356700425, 'gamma': 0.00020155550007631344, 'min_child_weight': 20}. Best is trial 1422 with value: 2.996031181594198e-06.

[Trial 2222/5000] Starting at 07:19:09
  Lambdas: P=1.966, B=0.865, G=0.524
  XGBoost params: n_estimators=7743, max_depth=9
  Starting cross-validation...
  Trial 2204 MSE: 0.000003 | MAPE: 0.14% | R²: 0.033805
  Trial time: 45.1s
[I 2026-03-13 07:19:16,543] Trial 2204 finished with value: 3.285413303445382e-06 and parameters: {'lambda_P': 1.7783086831844062, 'lambda_B': 0.700602407544109, 'lambda_G': 0.8333067153106668, 'n_estimators': 8934, 'max_depth': 3, 'learning_rate': 0.006129827188045729, 'subsample': 0.8048371162877925, 'colsample_bytree': 0.6441048495935006, 'colsample_bylevel': 0.40776949724904177, 'reg_alpha': 0.06774035034561023, 'reg_lambda': 6.950157485158265, 'gamma': 0.00015184993936265872, 'min_child_weight': 12}. Best is trial 1422 with value: 2.996031181594198e-06.

[Trial 2223/5000] Starting at 07:19:16
  Trial 2206 MSE: 0.000005 | MAPE: 0.16% | R²: -0.314049
  Trial time: 42.4s
[I 2026-03-13 07:19:16,989] Trial 2206 finished with value: 5.076887518448612e-06 and parameters: {'lambda_P': 1.5307971209079865, 'lambda_B': 1.0163630229342628, 'lambda_G': 1.2924379056393913, 'n_estimators': 8442, 'max_depth': 12, 'learning_rate': 0.02647686366789418, 'subsample': 0.5336843828526073, 'colsample_bytree': 0.30524058859205805, 'colsample_bylevel': 0.9973462056764131, 'reg_alpha': 0.8888245810110659, 'reg_lambda': 3.2607617139927236, 'gamma': 0.0010217281518222767, 'min_child_weight': 3}. Best is trial 1422 with value: 2.996031181594198e-06.

[Trial 2224/5000] Starting at 07:19:17
  Lambdas: P=0.831, B=0.758, G=1.652
  XGBoost params: n_estimators=5165, max_depth=2
  Starting cross-validation...
  Lambdas: P=1.659, B=0.803, G=0.717
  XGBoost params: n_estimators=6120, max_depth=4
  Starting cross-validation...
  Trial 2212 MSE: 0.000003 | MAPE: 0.14% | R²: 0.029631
  Trial time: 26.0s
[I 2026-03-13 07:19:17,991] Trial 2212 finished with value: 3.3638129922579508e-06 and parameters: {'lambda_P': 1.916612173884281, 'lambda_B': 0.6287937209222298, 'lambda_G': 1.2416482781803926, 'n_estimators': 5089, 'max_depth': 8, 'learning_rate': 0.005956871861637883, 'subsample': 0.6841813093663415, 'colsample_bytree': 0.6050469419725532, 'colsample_bylevel': 0.3043407328120748, 'reg_alpha': 0.153237400547078, 'reg_lambda': 3.8482679499349235, 'gamma': 0.00012708842190688695, 'min_child_weight': 5}. Best is trial 1422 with value: 2.996031181594198e-06.

[Trial 2225/5000] Starting at 07:19:18
  Lambdas: P=1.199, B=0.680, G=0.904
  XGBoost params: n_estimators=7662, max_depth=4
  Starting cross-validation...
  Trial 2215 MSE: 0.000004 | MAPE: 0.14% | R²: -0.053243
  Trial time: 19.5s
[I 2026-03-13 07:19:20,218] Trial 2215 finished with value: 3.799479169249624e-06 and parameters: {'lambda_P': 1.9800804299073294, 'lambda_B': 0.726079496594079, 'lambda_G': 0.6109667938542305, 'n_estimators': 4880, 'max_depth': 9, 'learning_rate': 0.002941896843980558, 'subsample': 0.8097493406038957, 'colsample_bytree': 0.5781306415414995, 'colsample_bylevel': 0.3371003461222978, 'reg_alpha': 0.4348084164270048, 'reg_lambda': 4.786783101891112, 'gamma': 0.00011748363823826367, 'min_child_weight': 14}. Best is trial 1422 with value: 2.996031181594198e-06.

[Trial 2226/5000] Starting at 07:19:20
  Lambdas: P=1.852, B=0.572, G=0.811
  XGBoost params: n_estimators=4876, max_depth=4
  Starting cross-validation...
  Trial 2209 MSE: 0.000004 | MAPE: 0.16% | R²: -0.167560
  Trial time: 42.6s
[I 2026-03-13 07:19:22,847] Trial 2209 finished with value: 4.489505174413185e-06 and parameters: {'lambda_P': 1.7257313919445199, 'lambda_B': 0.7726808869645053, 'lambda_G': 0.9079203294562097, 'n_estimators': 8588, 'max_depth': 2, 'learning_rate': 0.00485613250029181, 'subsample': 0.9371710402361224, 'colsample_bytree': 0.5654671077774952, 'colsample_bylevel': 0.4910535696068387, 'reg_alpha': 0.9952548242749301, 'reg_lambda': 3.8644065945428503, 'gamma': 0.00011617797917101757, 'min_child_weight': 18}. Best is trial 1422 with value: 2.996031181594198e-06.

[Trial 2227/5000] Starting at 07:19:22
  Lambdas: P=1.266, B=1.475, G=1.074
  XGBoost params: n_estimators=9543, max_depth=8
  Starting cross-validation...
  Trial 2213 MSE: 0.000005 | MAPE: 0.16% | R²: -0.314049
  Trial time: 28.2s
[I 2026-03-13 07:19:25,460] Trial 2213 finished with value: 5.076887518448612e-06 and parameters: {'lambda_P': 1.8190320597512961, 'lambda_B': 0.8350928730289294, 'lambda_G': 0.756599890159573, 'n_estimators': 7231, 'max_depth': 6, 'learning_rate': 0.008093556296198895, 'subsample': 0.8412807558964357, 'colsample_bytree': 0.36308785792348536, 'colsample_bylevel': 0.32211153745769155, 'reg_alpha': 1.9883634540342126, 'reg_lambda': 4.513263608813055, 'gamma': 0.0002555691088579755, 'min_child_weight': 16}. Best is trial 1422 with value: 2.996031181594198e-06.

[Trial 2228/5000] Starting at 07:19:25
  Lambdas: P=1.759, B=0.591, G=0.815
  XGBoost params: n_estimators=5113, max_depth=4
  Starting cross-validation...
  Trial 2211 MSE: 0.000005 | MAPE: 0.16% | R²: -0.314049
  Trial time: 41.2s
[I 2026-03-13 07:19:28,596] Trial 2211 finished with value: 5.076887518448612e-06 and parameters: {'lambda_P': 1.2047493748005318, 'lambda_B': 1.227315855023723, 'lambda_G': 0.7771283909030665, 'n_estimators': 8097, 'max_depth': 9, 'learning_rate': 0.012527125922057535, 'subsample': 0.4057485911809881, 'colsample_bytree': 0.5988541375517515, 'colsample_bylevel': 0.6606733338972137, 'reg_alpha': 2.6220562833347283, 'reg_lambda': 5.984450718119623, 'gamma': 0.001459044492229444, 'min_child_weight': 2}. Best is trial 1422 with value: 2.996031181594198e-06.

[Trial 2229/5000] Starting at 07:19:28
  Lambdas: P=1.125, B=1.265, G=1.166
  XGBoost params: n_estimators=9755, max_depth=12
  Starting cross-validation...
  Trial 2218 MSE: 0.000005 | MAPE: 0.16% | R²: -0.314049
  Trial time: 25.4s
[I 2026-03-13 07:19:30,963] Trial 2218 finished with value: 5.076887518448612e-06 and parameters: {'lambda_P': 1.191008624504112, 'lambda_B': 1.1014115045454391, 'lambda_G': 0.826085833156405, 'n_estimators': 5117, 'max_depth': 2, 'learning_rate': 0.003035796594033796, 'subsample': 0.6223195482294721, 'colsample_bytree': 0.6626711521253951, 'colsample_bylevel': 0.3748835762064395, 'reg_alpha': 2.0080878011271874, 'reg_lambda': 3.2730473050402673, 'gamma': 0.0004218864735246435, 'min_child_weight': 18}. Best is trial 1422 with value: 2.996031181594198e-06.

[Trial 2230/5000] Starting at 07:19:31
  Lambdas: P=0.783, B=0.812, G=0.825
  XGBoost params: n_estimators=7109, max_depth=9
  Starting cross-validation...
  Trial 2217 MSE: 0.000004 | MAPE: 0.15% | R²: -0.070098
  Trial time: 31.7s
[I 2026-03-13 07:19:34,049] Trial 2217 finished with value: 3.922352108717184e-06 and parameters: {'lambda_P': 1.9162967590671074, 'lambda_B': 0.5489626814434315, 'lambda_G': 0.8515759326492034, 'n_estimators': 6452, 'max_depth': 2, 'learning_rate': 0.0373144674948282, 'subsample': 0.81835626303118, 'colsample_bytree': 0.5781562914826273, 'colsample_bylevel': 0.36039886624951345, 'reg_alpha': 0.5446557081102524, 'reg_lambda': 6.875576895707447, 'gamma': 0.00010277066188823702, 'min_child_weight': 18}. Best is trial 1422 with value: 2.996031181594198e-06.

[Trial 2231/5000] Starting at 07:19:34
  Trial 2219 MSE: 0.000005 | MAPE: 0.16% | R²: -0.314049
  Trial time: 27.7s
[I 2026-03-13 07:19:34,353] Trial 2219 finished with value: 5.076887518448612e-06 and parameters: {'lambda_P': 1.7046150523323391, 'lambda_B': 0.775518921758977, 'lambda_G': 0.7881532948032917, 'n_estimators': 5675, 'max_depth': 4, 'learning_rate': 0.003910961158961026, 'subsample': 0.757640179994639, 'colsample_bytree': 0.574402457428093, 'colsample_bylevel': 0.3754076479347869, 'reg_alpha': 1.6993887198554438, 'reg_lambda': 1.4839460322552962, 'gamma': 0.00013917203639632317, 'min_child_weight': 16}. Best is trial 1422 with value: 2.996031181594198e-06.

[Trial 2232/5000] Starting at 07:19:34
  Lambdas: P=0.799, B=1.093, G=1.091
  XGBoost params: n_estimators=8978, max_depth=7
  Starting cross-validation...
  Lambdas: P=1.691, B=0.820, G=0.510
  XGBoost params: n_estimators=9377, max_depth=3
  Starting cross-validation...
  Trial 2210 MSE: 0.000003 | MAPE: 0.13% | R²: 0.112110
  Trial time: 49.8s
[I 2026-03-13 07:19:36,272] Trial 2210 finished with value: 2.986319055234564e-06 and parameters: {'lambda_P': 1.6897774593473212, 'lambda_B': 0.9644425574837052, 'lambda_G': 0.5931183778747064, 'n_estimators': 9251, 'max_depth': 7, 'learning_rate': 0.0015659869379493379, 'subsample': 0.780081817941268, 'colsample_bytree': 0.4414324927404519, 'colsample_bylevel': 0.36464852167573153, 'reg_alpha': 0.008021827039029846, 'reg_lambda': 2.9637115629059974, 'gamma': 0.00012859511921585402, 'min_child_weight': 19}. Best is trial 2210 with value: 2.986319055234564e-06.

[NEW BEST] Trial 2210: 0.000003
Parameters: {'lambda_P': 1.6897774593473212, 'lambda_B': 0.9644425574837052, 'lambda_G': 0.5931183778747064, 'n_estimators': 9251, 'max_depth': 7, 'learning_rate': 0.0015659869379493379, 'subsample': 0.780081817941268, 'colsample_bytree': 0.4414324927404519, 'colsample_bylevel': 0.36464852167573153, 'reg_alpha': 0.008021827039029846, 'reg_lambda': 2.9637115629059974, 'gamma': 0.00012859511921585402, 'min_child_weight': 19}


[Trial 2233/5000] Starting at 07:19:36
  Lambdas: P=1.641, B=0.502, G=0.645
  XGBoost params: n_estimators=8479, max_depth=8
  Starting cross-validation...
  Trial 2225 MSE: 0.000005 | MAPE: 0.16% | R²: -0.314049
  Trial time: 18.1s
[I 2026-03-13 07:19:38,561] Trial 2225 finished with value: 5.076887518448612e-06 and parameters: {'lambda_P': 1.8515962499250433, 'lambda_B': 0.5724317685419611, 'lambda_G': 0.8105054043561601, 'n_estimators': 4876, 'max_depth': 4, 'learning_rate': 0.001611047375034845, 'subsample': 0.6799332997602122, 'colsample_bytree': 0.45012009981927686, 'colsample_bylevel': 0.32938725020466936, 'reg_alpha': 1.5710249645420091, 'reg_lambda': 0.825395202217289, 'gamma': 0.0005374887392949186, 'min_child_weight': 17}. Best is trial 2210 with value: 2.986319055234564e-06.

[Trial 2234/5000] Starting at 07:19:38
  Lambdas: P=1.960, B=0.731, G=0.534
  XGBoost params: n_estimators=9072, max_depth=9
  Starting cross-validation...
  Trial 2222 MSE: 0.000005 | MAPE: 0.16% | R²: -0.314049
  Trial time: 25.7s
[I 2026-03-13 07:19:42,505] Trial 2222 finished with value: 5.076887518448612e-06 and parameters: {'lambda_P': 0.8313060232731955, 'lambda_B': 0.7581569868944453, 'lambda_G': 1.6515273428169592, 'n_estimators': 5165, 'max_depth': 2, 'learning_rate': 0.0010022090388399972, 'subsample': 0.49430757556691474, 'colsample_bytree': 0.7327573884277094, 'colsample_bylevel': 0.5934735792609585, 'reg_alpha': 6.740886379567311, 'reg_lambda': 9.207404333851557, 'gamma': 0.006989881928472807, 'min_child_weight': 16}. Best is trial 2210 with value: 2.986319055234564e-06.

[Trial 2235/5000] Starting at 07:19:42
  Lambdas: P=1.796, B=0.885, G=0.743
  XGBoost params: n_estimators=8747, max_depth=7
  Starting cross-validation...
  Trial 2227 MSE: 0.000005 | MAPE: 0.16% | R²: -0.314049
  Trial time: 18.8s
[I 2026-03-13 07:19:44,484] Trial 2227 finished with value: 5.076887518448612e-06 and parameters: {'lambda_P': 1.7594896155768258, 'lambda_B': 0.5911508579770264, 'lambda_G': 0.8145923570821973, 'n_estimators': 5113, 'max_depth': 4, 'learning_rate': 0.021532318652604313, 'subsample': 0.7040902991945708, 'colsample_bytree': 0.462059840346519, 'colsample_bylevel': 0.35595276829443895, 'reg_alpha': 3.505835183490969, 'reg_lambda': 6.35860286078293, 'gamma': 0.0001051964515252078, 'min_child_weight': 4}. Best is trial 2210 with value: 2.986319055234564e-06.

[Trial 2236/5000] Starting at 07:19:44
  Lambdas: P=1.539, B=0.673, G=0.668
  XGBoost params: n_estimators=7960, max_depth=12
  Starting cross-validation...
  Trial 2216 MSE: 0.000003 | MAPE: 0.13% | R²: 0.068142
  Trial time: 44.5s
[I 2026-03-13 07:19:46,084] Trial 2216 finished with value: 3.0834870792329997e-06 and parameters: {'lambda_P': 1.5233618389387662, 'lambda_B': 0.848167080897336, 'lambda_G': 0.9561138436786455, 'n_estimators': 8706, 'max_depth': 2, 'learning_rate': 0.007967114236129232, 'subsample': 0.7441980448795334, 'colsample_bytree': 0.549771099742647, 'colsample_bylevel': 0.32480182426055654, 'reg_alpha': 0.026374578395989015, 'reg_lambda': 3.6996199441901307, 'gamma': 0.00010935275015807283, 'min_child_weight': 20}. Best is trial 2210 with value: 2.986319055234564e-06.

[Trial 2237/5000] Starting at 07:19:46
  Lambdas: P=1.626, B=1.279, G=1.213
  XGBoost params: n_estimators=9250, max_depth=5
  Starting cross-validation...
  Trial 2223 MSE: 0.000004 | MAPE: 0.14% | R²: -0.031203
  Trial time: 30.0s
