[I 2026-03-13 07:05:24,066] Trial 1812 finished with value: 5.076887518448612e-06 and parameters: {'lambda_P': 1.9981654551207262, 'lambda_B': 1.746510073780298, 'lambda_G': 0.8478156853023003, 'n_estimators': 7262, 'max_depth': 13, 'learning_rate': 0.017282564948929192, 'subsample': 0.8316640719441967, 'colsample_bytree': 0.6957475602558841, 'colsample_bylevel': 0.7545720076832483, 'reg_alpha': 1.9168144152518896, 'reg_lambda': 7.958462236424674, 'gamma': 0.0001509420758193049, 'min_child_weight': 12}. Best is trial 1422 with value: 2.996031181594198e-06.

[Trial 1833/5000] Starting at 07:05:24
  Lambdas: P=1.858, B=1.768, G=0.567
  XGBoost params: n_estimators=9737, max_depth=16
  Starting cross-validation...
  Trial 1831 MSE: 0.000004 | MAPE: 0.15% | R²: -0.145056
  Trial time: 3.5s
[I 2026-03-13 07:05:26,550] Trial 1831 finished with value: 4.309172462745999e-06 and parameters: {'lambda_P': 0.7641124612780452, 'lambda_B': 1.9940124454972288, 'lambda_G': 1.068952580524007, 'n_estimators': 901, 'max_depth': 12, 'learning_rate': 0.25275648045896265, 'subsample': 0.7270283154725347, 'colsample_bytree': 0.7767099883896503, 'colsample_bylevel': 0.3742062222051852, 'reg_alpha': 0.6506230497588767, 'reg_lambda': 5.655576448864587, 'gamma': 0.00014067036599827655, 'min_child_weight': 11}. Best is trial 1422 with value: 2.996031181594198e-06.

[Trial 1834/5000] Starting at 07:05:26
  Lambdas: P=0.580, B=0.991, G=1.234
  XGBoost params: n_estimators=7972, max_depth=16
  Starting cross-validation...
  Trial 1830 MSE: 0.000004 | MAPE: 0.14% | R²: 0.001150
  Trial time: 8.5s
[I 2026-03-13 07:05:28,983] Trial 1830 finished with value: 3.5322394565577507e-06 and parameters: {'lambda_P': 1.5656522242288535, 'lambda_B': 1.9559789493637907, 'lambda_G': 1.0413830787949914, 'n_estimators': 1590, 'max_depth': 3, 'learning_rate': 0.005641801988885534, 'subsample': 0.5429734148724423, 'colsample_bytree': 0.6414660595064215, 'colsample_bylevel': 0.6403702219232192, 'reg_alpha': 0.10768867722102349, 'reg_lambda': 9.379593469259564, 'gamma': 0.00010770237413731246, 'min_child_weight': 13}. Best is trial 1422 with value: 2.996031181594198e-06.

[Trial 1835/5000] Starting at 07:05:29
  Trial 1820 MSE: 0.000005 | MAPE: 0.16% | R²: -0.314049
  Trial time: 22.7s
[I 2026-03-13 07:05:29,348] Trial 1820 finished with value: 5.076887518448612e-06 and parameters: {'lambda_P': 0.5898466803152148, 'lambda_B': 1.3165411093949806, 'lambda_G': 1.0774175221408073, 'n_estimators': 4338, 'max_depth': 17, 'learning_rate': 0.06604715877923806, 'subsample': 0.641779160356004, 'colsample_bytree': 0.4291887797213414, 'colsample_bylevel': 0.5514798217405184, 'reg_alpha': 1.4106328850273846, 'reg_lambda': 2.7847899624741856, 'gamma': 0.0002691233320298069, 'min_child_weight': 3}. Best is trial 1422 with value: 2.996031181594198e-06.

[Trial 1836/5000] Starting at 07:05:29
  Lambdas: P=1.146, B=0.828, G=0.563
  XGBoost params: n_estimators=3193, max_depth=3
  Starting cross-validation...
  Lambdas: P=1.938, B=1.914, G=1.028
  XGBoost params: n_estimators=7528, max_depth=12
  Starting cross-validation...
  Trial 1827 MSE: 0.000005 | MAPE: 0.16% | R²: -0.314049
  Trial time: 13.6s
[I 2026-03-13 07:05:32,652] Trial 1827 finished with value: 5.076887518448612e-06 and parameters: {'lambda_P': 0.8943110749026, 'lambda_B': 1.5648720524558306, 'lambda_G': 1.1749716674798099, 'n_estimators': 2588, 'max_depth': 16, 'learning_rate': 0.031027463705351473, 'subsample': 0.6265159850677261, 'colsample_bytree': 0.7316827381669452, 'colsample_bylevel': 0.30411012201092474, 'reg_alpha': 1.3833323242365012, 'reg_lambda': 1.4769923795646998, 'gamma': 0.0003645953367655124, 'min_child_weight': 6}. Best is trial 1422 with value: 2.996031181594198e-06.

[Trial 1837/5000] Starting at 07:05:32
  Lambdas: P=1.827, B=1.956, G=1.060
  XGBoost params: n_estimators=3546, max_depth=6
  Starting cross-validation...
  Trial 1818 MSE: 0.000005 | MAPE: 0.16% | R²: -0.314049
  Trial time: 32.6s
[I 2026-03-13 07:05:34,049] Trial 1818 finished with value: 5.076887518448612e-06 and parameters: {'lambda_P': 1.9968517927692857, 'lambda_B': 1.7830437465661135, 'lambda_G': 1.7409619120330073, 'n_estimators': 6144, 'max_depth': 7, 'learning_rate': 0.0038646813520375823, 'subsample': 0.3607258739520341, 'colsample_bytree': 0.6288148349134375, 'colsample_bylevel': 0.38889645022504027, 'reg_alpha': 2.072989800805052, 'reg_lambda': 7.483555561983463, 'gamma': 0.0002559056313079875, 'min_child_weight': 14}. Best is trial 1422 with value: 2.996031181594198e-06.

[Trial 1838/5000] Starting at 07:05:34
  Lambdas: P=0.520, B=0.933, G=1.041
  XGBoost params: n_estimators=5249, max_depth=19
  Starting cross-validation...
  Trial 1817 MSE: 0.000005 | MAPE: 0.16% | R²: -0.289685
  Trial time: 39.0s
[I 2026-03-13 07:05:37,939] Trial 1817 finished with value: 5.015959615142211e-06 and parameters: {'lambda_P': 1.8752640447570597, 'lambda_B': 1.6420408283971784, 'lambda_G': 0.6681246056387599, 'n_estimators': 7792, 'max_depth': 11, 'learning_rate': 0.017773565695547274, 'subsample': 0.9021892603857626, 'colsample_bytree': 0.3227813632394677, 'colsample_bylevel': 0.6960637400484594, 'reg_alpha': 1.3485691011660594, 'reg_lambda': 7.0516796502948145, 'gamma': 0.00018314809501405286, 'min_child_weight': 3}. Best is trial 1422 with value: 2.996031181594198e-06.

[Trial 1839/5000] Starting at 07:05:38
  Lambdas: P=1.472, B=1.969, G=1.497
  Trial 1823 MSE: 0.000004 | MAPE: 0.14% | R²: -0.025494
  Trial time: 25.5s
[I 2026-03-13 07:05:38,490] Trial 1823 finished with value: 3.6024806182827362e-06 and parameters: {'lambda_P': 1.9090235372022448, 'lambda_B': 1.3477799973823976, 'lambda_G': 0.7146159730059021, 'n_estimators': 6562, 'max_depth': 10, 'learning_rate': 0.01905167496728409, 'subsample': 0.9912260899481635, 'colsample_bytree': 0.4121880330741104, 'colsample_bylevel': 0.6693030031512105, 'reg_alpha': 0.04406190811372536, 'reg_lambda': 6.886097063722715, 'gamma': 0.0004997383283922665, 'min_child_weight': 4}. Best is trial 1422 with value: 2.996031181594198e-06.

[Trial 1840/5000] Starting at 07:05:38  XGBoost params: n_estimators=4362, max_depth=5
  Starting cross-validation...

  Lambdas: P=1.502, B=1.996, G=0.876
  XGBoost params: n_estimators=961, max_depth=18
  Starting cross-validation...
  Trial 1839 MSE: 0.000004 | MAPE: 0.15% | R²: -0.119413
  Trial time: 3.6s
[I 2026-03-13 07:05:42,302] Trial 1839 finished with value: 4.123228522590773e-06 and parameters: {'lambda_P': 1.5016611702396634, 'lambda_B': 1.9963709477838172, 'lambda_G': 0.8761081536228619, 'n_estimators': 961, 'max_depth': 18, 'learning_rate': 0.04153625746309471, 'subsample': 0.471161953392663, 'colsample_bytree': 0.8888679253750615, 'colsample_bylevel': 0.4487425902771521, 'reg_alpha': 0.24517000568969535, 'reg_lambda': 3.7203721047958096, 'gamma': 0.0002464909506798455, 'min_child_weight': 11}. Best is trial 1422 with value: 2.996031181594198e-06.

[Trial 1841/5000] Starting at 07:05:42
  Lambdas: P=1.922, B=1.869, G=1.634
  XGBoost params: n_estimators=8493, max_depth=3
  Starting cross-validation...
  Trial 1825 MSE: 0.000005 | MAPE: 0.16% | R²: -0.314049
  Trial time: 30.7s
[I 2026-03-13 07:05:44,755] Trial 1825 finished with value: 5.076887518448612e-06 and parameters: {'lambda_P': 1.888495349598148, 'lambda_B': 1.7514260605936431, 'lambda_G': 1.5538764093315331, 'n_estimators': 5907, 'max_depth': 6, 'learning_rate': 0.007889874359322294, 'subsample': 0.6581929817465374, 'colsample_bytree': 0.4080984667181845, 'colsample_bylevel': 0.3131119499855821, 'reg_alpha': 1.3558864519244298, 'reg_lambda': 8.188032565438945, 'gamma': 0.00014970724382630486, 'min_child_weight': 11}. Best is trial 1422 with value: 2.996031181594198e-06.

[Trial 1842/5000] Starting at 07:05:44
  Lambdas: P=0.917, B=0.616, G=0.532
  XGBoost params: n_estimators=7656, max_depth=15
  Starting cross-validation...
  Trial 1819 MSE: 0.000005 | MAPE: 0.16% | R²: -0.296150
  Trial time: 41.0s
[I 2026-03-13 07:05:45,358] Trial 1819 finished with value: 5.033044175483927e-06 and parameters: {'lambda_P': 1.6725503626370335, 'lambda_B': 1.9121621207779007, 'lambda_G': 0.7486161783279028, 'n_estimators': 8267, 'max_depth': 13, 'learning_rate': 0.00889763067052674, 'subsample': 0.958581395470642, 'colsample_bytree': 0.5237466037083215, 'colsample_bylevel': 0.7346178907491617, 'reg_alpha': 1.3781035464812768, 'reg_lambda': 6.5818078072042345, 'gamma': 0.00027290842443273287, 'min_child_weight': 3}. Best is trial 1422 with value: 2.996031181594198e-06.

[Trial 1843/5000] Starting at 07:05:45
  Lambdas: P=1.504, B=1.325, G=0.706
  XGBoost params: n_estimators=511, max_depth=12
  Starting cross-validation...
  Trial 1834 MSE: 0.000005 | MAPE: 0.16% | R²: -0.314049
  Trial time: 17.1s
[I 2026-03-13 07:05:46,275] Trial 1834 finished with value: 5.076887518448612e-06 and parameters: {'lambda_P': 1.145524218047062, 'lambda_B': 0.828464426472894, 'lambda_G': 0.5631014506329092, 'n_estimators': 3193, 'max_depth': 3, 'learning_rate': 0.19120151813534383, 'subsample': 0.6143713008413894, 'colsample_bytree': 0.5387798397347627, 'colsample_bylevel': 0.9238624860356455, 'reg_alpha': 4.868205653746856, 'reg_lambda': 9.439641059413667, 'gamma': 0.0022617467324688905, 'min_child_weight': 1}. Best is trial 1422 with value: 2.996031181594198e-06.

[Trial 1844/5000] Starting at 07:05:46
  Lambdas: P=1.750, B=1.095, G=1.074
  XGBoost params: n_estimators=8537, max_depth=9
  Starting cross-validation...
  Trial 1821 MSE: 0.000004 | MAPE: 0.15% | R²: -0.050703
  Trial time: 38.5s
[I 2026-03-13 07:05:47,440] Trial 1821 finished with value: 3.789462054734015e-06 and parameters: {'lambda_P': 1.6957129629234529, 'lambda_B': 1.8683810688794296, 'lambda_G': 1.7389477326843945, 'n_estimators': 7253, 'max_depth': 8, 'learning_rate': 0.010327206676012753, 'subsample': 0.7075781548765179, 'colsample_bytree': 0.7175678448025182, 'colsample_bylevel': 0.482559037287394, 'reg_alpha': 0.26974427332011747, 'reg_lambda': 9.823150657584364, 'gamma': 0.0001998361287217498, 'min_child_weight': 10}. Best is trial 1422 with value: 2.996031181594198e-06.

[Trial 1845/5000] Starting at 07:05:47
  Lambdas: P=0.542, B=0.935, G=1.081
  Trial 1826 MSE: 0.000005 | MAPE: 0.16% | R²: -0.245522
  Trial time: 31.7s
[I 2026-03-13 07:05:47,966] Trial 1826 finished with value: 4.85577343055509e-06 and parameters: {'lambda_P': 1.6209738933859552, 'lambda_B': 1.9950530290735529, 'lambda_G': 1.3120471408050491, 'n_estimators': 6088, 'max_depth': 15, 'learning_rate': 0.0218250994478817, 'subsample': 0.7993340529396451, 'colsample_bytree': 0.43289800033422415, 'colsample_bylevel': 0.6491718736310929, 'reg_alpha': 0.9727575756763317, 'reg_lambda': 8.44247500953803, 'gamma': 0.00020556340524325843, 'min_child_weight': 15}. Best is trial 1422 with value: 2.996031181594198e-06.

[Trial 1846/5000] Starting at 07:05:48
  XGBoost params: n_estimators=3444, max_depth=19
  Starting cross-validation...
  Lambdas: P=1.671, B=1.411, G=0.732
  XGBoost params: n_estimators=6214, max_depth=3
  Starting cross-validation...
  Trial 1842 MSE: 0.000005 | MAPE: 0.16% | R²: -0.314049
  Trial time: 3.6s
[I 2026-03-13 07:05:49,220] Trial 1842 finished with value: 5.076887518448612e-06 and parameters: {'lambda_P': 1.504440162370655, 'lambda_B': 1.3247722569501925, 'lambda_G': 0.7058696149953935, 'n_estimators': 511, 'max_depth': 12, 'learning_rate': 0.13203869535390242, 'subsample': 0.7335712870279147, 'colsample_bytree': 0.7671821037882129, 'colsample_bylevel': 0.42038129167680993, 'reg_alpha': 9.933442643180708, 'reg_lambda': 0.5976771286744569, 'gamma': 0.03337305425929673, 'min_child_weight': 5}. Best is trial 1422 with value: 2.996031181594198e-06.

[Trial 1847/5000] Starting at 07:05:49
  Lambdas: P=0.791, B=1.926, G=1.402
  XGBoost params: n_estimators=9172, max_depth=19
  Starting cross-validation...
  Trial 1836 MSE: 0.000004 | MAPE: 0.14% | R²: -0.068591
  Trial time: 19.4s
[I 2026-03-13 07:05:52,237] Trial 1836 finished with value: 3.7528305305444646e-06 and parameters: {'lambda_P': 1.827403025616992, 'lambda_B': 1.955947496239594, 'lambda_G': 1.0599919122868549, 'n_estimators': 3546, 'max_depth': 6, 'learning_rate': 0.007481546182578436, 'subsample': 0.8870726947274337, 'colsample_bytree': 0.37470490085871505, 'colsample_bylevel': 0.44785583629693715, 'reg_alpha': 0.09404622107874816, 'reg_lambda': 9.884103003367558, 'gamma': 0.0005964093940607744, 'min_child_weight': 11}. Best is trial 1422 with value: 2.996031181594198e-06.

[Trial 1848/5000] Starting at 07:05:52
  Lambdas: P=1.136, B=0.953, G=0.803
  XGBoost params: n_estimators=3728, max_depth=14
  Starting cross-validation...
  Trial 1837 MSE: 0.000005 | MAPE: 0.16% | R²: -0.229987
  Trial time: 23.3s
[I 2026-03-13 07:05:57,528] Trial 1837 finished with value: 4.605018438820119e-06 and parameters: {'lambda_P': 0.5199237064261146, 'lambda_B': 0.9330490861762208, 'lambda_G': 1.041121581403611, 'n_estimators': 5249, 'max_depth': 19, 'learning_rate': 0.11833364456379288, 'subsample': 0.8234087212522365, 'colsample_bytree': 0.32463378831409073, 'colsample_bylevel': 0.6029165448049201, 'reg_alpha': 0.6797586613931204, 'reg_lambda': 3.722497170474728, 'gamma': 0.00037804684879818955, 'min_child_weight': 5}. Best is trial 1422 with value: 2.996031181594198e-06.

[Trial 1849/5000] Starting at 07:05:57
  Lambdas: P=1.136, B=1.851, G=1.014
  XGBoost params: n_estimators=9206, max_depth=15
  Starting cross-validation...
  Trial 1833 MSE: 0.000005 | MAPE: 0.16% | R²: -0.314049
  Trial time: 31.8s
[I 2026-03-13 07:05:58,518] Trial 1833 finished with value: 5.076887518448612e-06 and parameters: {'lambda_P': 0.579834896178099, 'lambda_B': 0.9906062207056723, 'lambda_G': 1.234139578083338, 'n_estimators': 7972, 'max_depth': 16, 'learning_rate': 0.13835884531269618, 'subsample': 0.35700564038598664, 'colsample_bytree': 0.4844889396807658, 'colsample_bylevel': 0.9358298923102051, 'reg_alpha': 4.720169823565524, 'reg_lambda': 4.735883387296684, 'gamma': 0.0848022967641527, 'min_child_weight': 7}. Best is trial 1422 with value: 2.996031181594198e-06.

[Trial 1850/5000] Starting at 07:05:58
  Lambdas: P=1.489, B=1.988, G=1.432
  XGBoost params: n_estimators=5436, max_depth=9
  Starting cross-validation...
  Trial 1838 MSE: 0.000003 | MAPE: 0.14% | R²: 0.024368
  Trial time: 22.2s
[I 2026-03-13 07:06:00,400] Trial 1838 finished with value: 3.397027089171381e-06 and parameters: {'lambda_P': 1.471578206982844, 'lambda_B': 1.9691630416219252, 'lambda_G': 1.4965749594324653, 'n_estimators': 4362, 'max_depth': 5, 'learning_rate': 0.006670983384380653, 'subsample': 0.6947901120768799, 'colsample_bytree': 0.6133009520624434, 'colsample_bylevel': 0.4822218583547187, 'reg_alpha': 0.12787721105486238, 'reg_lambda': 9.294820635862836, 'gamma': 0.00013215051536180243, 'min_child_weight': 16}. Best is trial 1422 with value: 2.996031181594198e-06.

[Trial 1851/5000] Starting at 07:06:00
  Lambdas: P=0.591, B=1.699, G=0.638
  XGBoost params: n_estimators=6427, max_depth=20
  Starting cross-validation...
  Trial 1829 MSE: 0.000005 | MAPE: 0.16% | R²: -0.314049
  Trial time: 42.7s
[I 2026-03-13 07:06:02,663] Trial 1829 finished with value: 5.076887518448612e-06 and parameters: {'lambda_P': 1.5687121602450285, 'lambda_B': 0.6415242303091028, 'lambda_G': 0.7750253093491644, 'n_estimators': 8330, 'max_depth': 7, 'learning_rate': 0.010337182293268169, 'subsample': 0.6553682535572216, 'colsample_bytree': 0.37214177546446625, 'colsample_bylevel': 0.7638690219367031, 'reg_alpha': 9.700421111329629, 'reg_lambda': 7.256557419326018, 'gamma': 0.0008411001288150482, 'min_child_weight': 13}. Best is trial 1422 with value: 2.996031181594198e-06.

[Trial 1852/5000] Starting at 07:06:02
  Lambdas: P=1.999, B=1.895, G=0.798
  XGBoost params: n_estimators=7410, max_depth=13
  Starting cross-validation...
  Trial 1844 MSE: 0.000004 | MAPE: 0.16% | R²: -0.180168
  Trial time: 17.1s
[I 2026-03-13 07:06:04,786] Trial 1844 finished with value: 4.400500694919161e-06 and parameters: {'lambda_P': 0.5420155162478164, 'lambda_B': 0.9350873050582222, 'lambda_G': 1.0814478188642005, 'n_estimators': 3444, 'max_depth': 19, 'learning_rate': 0.04573860704178082, 'subsample': 0.8291636900816143, 'colsample_bytree': 0.3294895247574215, 'colsample_bylevel': 0.6125092177226246, 'reg_alpha': 0.4827746406128025, 'reg_lambda': 3.06716129159284, 'gamma': 0.0005272899298705298, 'min_child_weight': 7}. Best is trial 1422 with value: 2.996031181594198e-06.

[Trial 1853/5000] Starting at 07:06:04
  Lambdas: P=0.605, B=1.510, G=1.169
  XGBoost params: n_estimators=6156, max_depth=19
  Starting cross-validation...
  Trial 1835 MSE: 0.000005 | MAPE: 0.16% | R²: -0.288665
  Trial time: 36.9s
[I 2026-03-13 07:06:06,503] Trial 1835 finished with value: 4.997407878593146e-06 and parameters: {'lambda_P': 1.9376339467469417, 'lambda_B': 1.9139809682372755, 'lambda_G': 1.0283130150867632, 'n_estimators': 7528, 'max_depth': 12, 'learning_rate': 0.005378144419955285, 'subsample': 0.9448382598271694, 'colsample_bytree': 0.48642808238351676, 'colsample_bylevel': 0.9387367535711908, 'reg_alpha': 0.9196551362321028, 'reg_lambda': 6.034256217690416, 'gamma': 0.0008420333882285472, 'min_child_weight': 2}. Best is trial 1422 with value: 2.996031181594198e-06.

[Trial 1854/5000] Starting at 07:06:06
  Lambdas: P=1.525, B=0.757, G=1.991
  XGBoost params: n_estimators=556, max_depth=16
  Starting cross-validation...
  Trial 1853 MSE: 0.000005 | MAPE: 0.16% | R²: -0.314049
  Trial time: 2.6s
[I 2026-03-13 07:06:09,285] Trial 1853 finished with value: 5.076887518448612e-06 and parameters: {'lambda_P': 1.5253632198974603, 'lambda_B': 0.7569792225439538, 'lambda_G': 1.991021583495912, 'n_estimators': 556, 'max_depth': 16, 'learning_rate': 0.4706462653838511, 'subsample': 0.761544428132235, 'colsample_bytree': 0.6327444777169927, 'colsample_bylevel': 0.5129222792445615, 'reg_alpha': 8.427787709238693, 'reg_lambda': 2.0089728439517014, 'gamma': 0.028593917545564618, 'min_child_weight': 5}. Best is trial 1422 with value: 2.996031181594198e-06.

[Trial 1855/5000] Starting at 07:06:09
  Lambdas: P=0.995, B=0.731, G=1.157
  XGBoost params: n_estimators=5114, max_depth=7
  Starting cross-validation...
  Trial 1847 MSE: 0.000005 | MAPE: 0.16% | R²: -0.314049
  Trial time: 17.8s
[I 2026-03-13 07:06:10,266] Trial 1847 finished with value: 5.076887518448612e-06 and parameters: {'lambda_P': 1.1358939466240958, 'lambda_B': 0.9533194917736814, 'lambda_G': 0.803056899183869, 'n_estimators': 3728, 'max_depth': 14, 'learning_rate': 0.0396365265199241, 'subsample': 0.813494920728173, 'colsample_bytree': 0.5337556012546341, 'colsample_bylevel': 0.4021662933108816, 'reg_alpha': 1.972379606314286, 'reg_lambda': 0.39981750675336225, 'gamma': 0.00026572651397044485, 'min_child_weight': 13}. Best is trial 1422 with value: 2.996031181594198e-06.

[Trial 1856/5000] Starting at 07:06:10
  Trial 1828 MSE: 0.000005 | MAPE: 0.16% | R²: -0.314049
  Trial time: 51.0s
[I 2026-03-13 07:06:10,670] Trial 1828 finished with value: 5.076887518448612e-06 and parameters: {'lambda_P': 0.7441621718816664, 'lambda_B': 1.8799459397096085, 'lambda_G': 1.3579589045820066, 'n_estimators': 9871, 'max_depth': 6, 'learning_rate': 0.004171884725667758, 'subsample': 0.7167948519192915, 'colsample_bytree': 0.9458745971753693, 'colsample_bylevel': 0.954616869448935, 'reg_alpha': 1.3264127739308025, 'reg_lambda': 2.8964304943242714, 'gamma': 0.0020229331797736003, 'min_child_weight': 20}. Best is trial 1422 with value: 2.996031181594198e-06.

[Trial 1857/5000] Starting at 07:06:10
  Lambdas: P=1.767, B=0.714, G=1.699
  XGBoost params: n_estimators=7097, max_depth=2
  Starting cross-validation...
  Lambdas: P=0.851, B=1.551, G=1.329
  XGBoost params: n_estimators=2575, max_depth=19
  Starting cross-validation...
  Trial 1832 MSE: 0.000005 | MAPE: 0.16% | R²: -0.314049
  Trial time: 48.5s
[I 2026-03-13 07:06:12,756] Trial 1832 finished with value: 5.076887518448612e-06 and parameters: {'lambda_P': 1.85766844238552, 'lambda_B': 1.768305153450493, 'lambda_G': 0.5674841652224341, 'n_estimators': 9737, 'max_depth': 16, 'learning_rate': 0.09301510695075013, 'subsample': 0.3491736323928113, 'colsample_bytree': 0.9392662197159679, 'colsample_bylevel': 0.8053613590737678, 'reg_alpha': 8.511715681338517, 'reg_lambda': 6.895018801590483, 'gamma': 0.00012981049354314885, 'min_child_weight': 18}. Best is trial 1422 with value: 2.996031181594198e-06.

[Trial 1858/5000] Starting at 07:06:12
  Lambdas: P=1.222, B=1.938, G=1.203
  XGBoost params: n_estimators=9660, max_depth=9
  Starting cross-validation...
  Trial 1845 MSE: 0.000004 | MAPE: 0.16% | R²: -0.188145
  Trial time: 30.3s
[I 2026-03-13 07:06:18,489] Trial 1845 finished with value: 4.446840911035251e-06 and parameters: {'lambda_P': 1.6711254629618102, 'lambda_B': 1.410603141484946, 'lambda_G': 0.7318458586679987, 'n_estimators': 6214, 'max_depth': 3, 'learning_rate': 0.0021644336327750285, 'subsample': 0.9803780691508844, 'colsample_bytree': 0.3843867001648806, 'colsample_bylevel': 0.944424106286282, 'reg_alpha': 0.011944007659117978, 'reg_lambda': 6.16408826518338, 'gamma': 0.0020609705853727907, 'min_child_weight': 8}. Best is trial 1422 with value: 2.996031181594198e-06.

[Trial 1859/5000] Starting at 07:06:18
  Lambdas: P=1.294, B=1.165, G=1.328
  XGBoost params: n_estimators=6099, max_depth=8
  Starting cross-validation...
  Trial 1849 MSE: 0.000003 | MAPE: 0.14% | R²: 0.048584
  Trial time: 22.1s
