[I 2026-03-13 07:25:21,847] Trial 2356 finished with value: 3.755267735882143e-06 and parameters: {'lambda_P': 1.6657844104059571, 'lambda_B': 0.9076448872939827, 'lambda_G': 1.7499880062924484, 'n_estimators': 6552, 'max_depth': 13, 'learning_rate': 0.046551714209712595, 'subsample': 0.5629224474604533, 'colsample_bytree': 0.471230442667927, 'colsample_bylevel': 0.42072194779210353, 'reg_alpha': 0.308357290196051, 'reg_lambda': 8.47675324901562, 'gamma': 0.00011288610122588724, 'min_child_weight': 11}. Best is trial 2210 with value: 2.986319055234564e-06.

[Trial 2373/5000] Starting at 07:25:21
  Lambdas: P=1.719, B=1.794, G=0.769
  XGBoost params: n_estimators=6723, max_depth=6
  Starting cross-validation...
  Trial 2355 MSE: 0.000003 | MAPE: 0.14% | R²: 0.023131
  Trial time: 37.5s
[I 2026-03-13 07:25:27,510] Trial 2355 finished with value: 3.2790456145893993e-06 and parameters: {'lambda_P': 1.5933705471912145, 'lambda_B': 1.2950888750798946, 'lambda_G': 1.920561038311582, 'n_estimators': 9638, 'max_depth': 13, 'learning_rate': 0.0740336788015607, 'subsample': 0.7218776576409613, 'colsample_bytree': 0.5476919327935553, 'colsample_bylevel': 0.47926069835881513, 'reg_alpha': 0.02107844350722722, 'reg_lambda': 8.875642323824561, 'gamma': 0.00032109371865748297, 'min_child_weight': 14}. Best is trial 2210 with value: 2.986319055234564e-06.

[Trial 2374/5000] Starting at 07:25:27
  Lambdas: P=1.925, B=0.705, G=1.755
  XGBoost params: n_estimators=7461, max_depth=20
  Starting cross-validation...
  Trial 2364 MSE: 0.000005 | MAPE: 0.16% | R²: -0.314049
  Trial time: 27.3s
[I 2026-03-13 07:25:29,650] Trial 2364 finished with value: 5.076887518448612e-06 and parameters: {'lambda_P': 1.2047415076625851, 'lambda_B': 1.3102073067450133, 'lambda_G': 1.431513883583731, 'n_estimators': 5953, 'max_depth': 9, 'learning_rate': 0.3967933667282954, 'subsample': 0.9417138558938165, 'colsample_bytree': 0.8703350664613014, 'colsample_bylevel': 0.9660986138654842, 'reg_alpha': 8.573847215039295, 'reg_lambda': 4.123124123426901, 'gamma': 0.0012291595491320426, 'min_child_weight': 9}. Best is trial 2210 with value: 2.986319055234564e-06.

[Trial 2375/5000] Starting at 07:25:29
  Lambdas: P=1.725, B=1.855, G=1.059
  XGBoost params: n_estimators=9765, max_depth=8
  Starting cross-validation...
  Trial 2359 MSE: 0.000005 | MAPE: 0.16% | R²: -0.295047
  Trial time: 34.2s
[I 2026-03-13 07:25:30,928] Trial 2359 finished with value: 5.006108149131052e-06 and parameters: {'lambda_P': 1.7845891320422411, 'lambda_B': 1.1648500226045375, 'lambda_G': 1.5269770818037964, 'n_estimators': 7307, 'max_depth': 6, 'learning_rate': 0.055255451003482586, 'subsample': 0.866382496210726, 'colsample_bytree': 0.36890566168966304, 'colsample_bylevel': 0.3473649081882355, 'reg_alpha': 0.22950796848558108, 'reg_lambda': 5.896783093839137, 'gamma': 0.002912790844582955, 'min_child_weight': 16}. Best is trial 2210 with value: 2.986319055234564e-06.

[Trial 2376/5000] Starting at 07:25:31
  Lambdas: P=1.511, B=1.542, G=0.840
  XGBoost params: n_estimators=9255, max_depth=6
  Starting cross-validation...
  Trial 2361 MSE: 0.000004 | MAPE: 0.15% | R²: -0.064469
  Trial time: 41.0s
[I 2026-03-13 07:25:41,272] Trial 2361 finished with value: 3.8637030136573964e-06 and parameters: {'lambda_P': 1.9342979368475803, 'lambda_B': 1.2188703745523428, 'lambda_G': 1.876148042815778, 'n_estimators': 9172, 'max_depth': 19, 'learning_rate': 0.084655343304675, 'subsample': 0.6019013000460083, 'colsample_bytree': 0.6612792642146013, 'colsample_bylevel': 0.5300885970442301, 'reg_alpha': 0.34924752916887236, 'reg_lambda': 5.010558003980601, 'gamma': 0.0001302320915590653, 'min_child_weight': 13}. Best is trial 2210 with value: 2.986319055234564e-06.

[Trial 2377/5000] Starting at 07:25:41
  Lambdas: P=1.952, B=1.819, G=1.166
  XGBoost params: n_estimators=9146, max_depth=8
  Starting cross-validation...
  Trial 2362 MSE: 0.000005 | MAPE: 0.16% | R²: -0.314049
  Trial time: 43.5s
[I 2026-03-13 07:25:43,926] Trial 2362 finished with value: 5.076887518448612e-06 and parameters: {'lambda_P': 1.407624412532496, 'lambda_B': 0.5227470361311547, 'lambda_G': 0.5111290882547852, 'n_estimators': 9515, 'max_depth': 11, 'learning_rate': 0.002259322251858239, 'subsample': 0.7630708654499495, 'colsample_bytree': 0.6512831483658742, 'colsample_bylevel': 0.32223231230502253, 'reg_alpha': 1.7435389914120059, 'reg_lambda': 1.3698543674213097, 'gamma': 0.0023339656944293854, 'min_child_weight': 5}. Best is trial 2210 with value: 2.986319055234564e-06.

[Trial 2378/5000] Starting at 07:25:44
  Lambdas: P=1.560, B=1.662, G=0.691
  XGBoost params: n_estimators=5643, max_depth=12
  Starting cross-validation...
  Trial 2366 MSE: 0.000004 | MAPE: 0.14% | R²: 0.000030
  Trial time: 38.4s
[I 2026-03-13 07:25:44,811] Trial 2366 finished with value: 3.5213043786889436e-06 and parameters: {'lambda_P': 1.5839344841904457, 'lambda_B': 0.9757740217430815, 'lambda_G': 1.8471183344814635, 'n_estimators': 7910, 'max_depth': 12, 'learning_rate': 0.08547930692934817, 'subsample': 0.5365550555316072, 'colsample_bytree': 0.566806136984647, 'colsample_bylevel': 0.3570186114074734, 'reg_alpha': 0.0994949402134515, 'reg_lambda': 8.613367042909436, 'gamma': 0.00012617824933782045, 'min_child_weight': 10}. Best is trial 2210 with value: 2.986319055234564e-06.

[Trial 2379/5000] Starting at 07:25:44
  Lambdas: P=1.862, B=1.632, G=0.841
  XGBoost params: n_estimators=6744, max_depth=11
  Starting cross-validation...
  Trial 2370 MSE: 0.000005 | MAPE: 0.16% | R²: -0.314049
  Trial time: 34.7s
[I 2026-03-13 07:25:46,656] Trial 2370 finished with value: 5.076887518448612e-06 and parameters: {'lambda_P': 0.6264098553929642, 'lambda_B': 0.6627885886664288, 'lambda_G': 1.029737166286588, 'n_estimators': 7858, 'max_depth': 13, 'learning_rate': 0.07479097435244543, 'subsample': 0.3421011240430533, 'colsample_bytree': 0.7305535514623133, 'colsample_bylevel': 0.3858741501064012, 'reg_alpha': 4.8970266038424075, 'reg_lambda': 7.727920452036702, 'gamma': 0.0021305284567688485, 'min_child_weight': 5}. Best is trial 2210 with value: 2.986319055234564e-06.

[Trial 2380/5000] Starting at 07:25:46
  Trial 2369 MSE: 0.000004 | MAPE: 0.15% | R²: -0.134169
  Trial time: 36.9s
[I 2026-03-13 07:25:46,883] Trial 2369 finished with value: 4.2904990742710654e-06 and parameters: {'lambda_P': 1.2560069395148168, 'lambda_B': 0.8368790715822498, 'lambda_G': 0.8111858870721598, 'n_estimators': 8933, 'max_depth': 4, 'learning_rate': 0.044213385932384615, 'subsample': 0.7551058410773359, 'colsample_bytree': 0.5145235934667031, 'colsample_bylevel': 0.4084381076866431, 'reg_alpha': 0.6953566424836308, 'reg_lambda': 5.166221527286897, 'gamma': 0.00011215310197651855, 'min_child_weight': 20}. Best is trial 2210 with value: 2.986319055234564e-06.
  Trial 2363 MSE: 0.000005 | MAPE: 0.16% | R²: -0.314049

[Trial 2381/5000] Starting at 07:25:47
  Trial time: 46.0s
[I 2026-03-13 07:25:47,113] Trial 2363 finished with value: 5.076887518448612e-06 and parameters: {'lambda_P': 0.969481186168281, 'lambda_B': 0.5231769636939685, 'lambda_G': 0.644786095629739, 'n_estimators': 9860, 'max_depth': 2, 'learning_rate': 0.024219042708913053, 'subsample': 0.8528515115214775, 'colsample_bytree': 0.37138253733461724, 'colsample_bylevel': 0.36714449515698677, 'reg_alpha': 8.34532332874418, 'reg_lambda': 8.381237713106096, 'gamma': 0.01961208934341461, 'min_child_weight': 3}. Best is trial 2210 with value: 2.986319055234564e-06.

[Trial 2382/5000] Starting at 07:25:47
  Trial 2371 MSE: 0.000005 | MAPE: 0.16% | R²: -0.314049
  Trial time: 29.1s
[I 2026-03-13 07:25:47,538] Trial 2371 finished with value: 5.076887518448612e-06 and parameters: {'lambda_P': 1.956590587637237, 'lambda_B': 1.484491633525111, 'lambda_G': 0.926149704209549, 'n_estimators': 8003, 'max_depth': 9, 'learning_rate': 0.0059438114229210075, 'subsample': 0.6710147455699119, 'colsample_bytree': 0.3284088792720717, 'colsample_bylevel': 0.47184775652275535, 'reg_alpha': 1.2203268228670463, 'reg_lambda': 7.7378369332018915, 'gamma': 0.0005264776425349943, 'min_child_weight': 16}. Best is trial 2210 with value: 2.986319055234564e-06.

[Trial 2383/5000] Starting at 07:25:47
  Lambdas: P=1.617, B=0.934, G=1.381
  XGBoost params: n_estimators=588, max_depth=17
  Starting cross-validation...
  Lambdas: P=1.793, B=1.684, G=0.661
  Lambdas: P=1.984, B=1.738, G=0.733
  XGBoost params: n_estimators=9070, max_depth=6
  Starting cross-validation...
  XGBoost params: n_estimators=6142, max_depth=9
  Starting cross-validation...
  Lambdas: P=1.856, B=1.368, G=0.501
  XGBoost params: n_estimators=7257, max_depth=12
  Starting cross-validation...
  Trial 2365 MSE: 0.000005 | MAPE: 0.16% | R²: -0.314049
  Trial time: 42.8s
[I 2026-03-13 07:25:48,547] Trial 2365 finished with value: 5.076887518448612e-06 and parameters: {'lambda_P': 1.9671277360391155, 'lambda_B': 1.084247298485346, 'lambda_G': 0.5082530885328853, 'n_estimators': 9985, 'max_depth': 5, 'learning_rate': 0.002379213325840265, 'subsample': 0.9025850841678894, 'colsample_bytree': 0.34974987884890485, 'colsample_bylevel': 0.3789650722323997, 'reg_alpha': 1.5789535361378204, 'reg_lambda': 4.818406688425056, 'gamma': 0.00011769383882489599, 'min_child_weight': 17}. Best is trial 2210 with value: 2.986319055234564e-06.

[Trial 2384/5000] Starting at 07:25:48
  Lambdas: P=1.794, B=1.355, G=0.844
  XGBoost params: n_estimators=6030, max_depth=7
  Starting cross-validation...
  Trial 2368 MSE: 0.000003 | MAPE: 0.14% | R²: 0.006236
  Trial time: 40.1s
[I 2026-03-13 07:25:49,916] Trial 2368 finished with value: 3.4777194470693065e-06 and parameters: {'lambda_P': 1.3504632665746985, 'lambda_B': 1.32674402725196, 'lambda_G': 0.6174272475708762, 'n_estimators': 9118, 'max_depth': 8, 'learning_rate': 0.001971224647052228, 'subsample': 0.6128324548308202, 'colsample_bytree': 0.3467526394698298, 'colsample_bylevel': 0.5214214801284776, 'reg_alpha': 0.1682562071427111, 'reg_lambda': 5.923325900194198, 'gamma': 0.0001462149279897014, 'min_child_weight': 7}. Best is trial 2210 with value: 2.986319055234564e-06.

[Trial 2385/5000] Starting at 07:25:50
  Lambdas: P=1.892, B=1.835, G=0.517
  Trial 2367 MSE: 0.000005 | MAPE: 0.16% | R²: -0.314049
  Trial time: 43.6s
[I 2026-03-13 07:25:50,481] Trial 2367 finished with value: 5.076887518448612e-06 and parameters: {'lambda_P': 0.6503782654005728, 'lambda_B': 1.9237619428749895, 'lambda_G': 1.9526505393480074, 'n_estimators': 9355, 'max_depth': 14, 'learning_rate': 0.004463464035026844, 'subsample': 0.35303581500191894, 'colsample_bytree': 0.36667494353122604, 'colsample_bylevel': 0.3077035466464052, 'reg_alpha': 9.729096828223977, 'reg_lambda': 4.754286727020518, 'gamma': 0.00011438831962494217, 'min_child_weight': 6}. Best is trial 2210 with value: 2.986319055234564e-06.

[Trial 2386/5000] Starting at 07:25:50
  XGBoost params: n_estimators=7957, max_depth=11
  Starting cross-validation...
  Lambdas: P=1.646, B=1.826, G=0.696
  XGBoost params: n_estimators=6112, max_depth=11
  Starting cross-validation...
  Trial 2380 MSE: 0.000005 | MAPE: 0.16% | R²: -0.314049
  Trial time: 4.1s
[I 2026-03-13 07:25:51,231] Trial 2380 finished with value: 5.076887518448612e-06 and parameters: {'lambda_P': 1.6169293338313435, 'lambda_B': 0.9341902952480874, 'lambda_G': 1.3812723140909389, 'n_estimators': 588, 'max_depth': 17, 'learning_rate': 0.03500138870622101, 'subsample': 0.9461703879400598, 'colsample_bytree': 0.7505830898425753, 'colsample_bylevel': 0.9411824879064055, 'reg_alpha': 0.4697867981431676, 'reg_lambda': 3.622861406396813, 'gamma': 0.045017501554272116, 'min_child_weight': 13}. Best is trial 2210 with value: 2.986319055234564e-06.

[Trial 2387/5000] Starting at 07:25:51
  Lambdas: P=0.883, B=1.794, G=0.788
  XGBoost params: n_estimators=2864, max_depth=8
  Starting cross-validation...
  Trial 2372 MSE: 0.000005 | MAPE: 0.16% | R²: -0.314049
  Trial time: 31.2s
[I 2026-03-13 07:25:53,248] Trial 2372 finished with value: 5.076887518448612e-06 and parameters: {'lambda_P': 1.718774444835013, 'lambda_B': 1.7937494519215031, 'lambda_G': 0.7687708234930166, 'n_estimators': 6723, 'max_depth': 6, 'learning_rate': 0.01699103495522708, 'subsample': 0.6271995969985653, 'colsample_bytree': 0.3157743065861588, 'colsample_bylevel': 0.4036581221886725, 'reg_alpha': 3.009797275175536, 'reg_lambda': 4.688081533140242, 'gamma': 0.0006801972621484696, 'min_child_weight': 19}. Best is trial 2210 with value: 2.986319055234564e-06.

[Trial 2388/5000] Starting at 07:25:53
  Lambdas: P=1.629, B=1.857, G=0.775
  XGBoost params: n_estimators=8074, max_depth=12
  Starting cross-validation...
  Trial 2373 MSE: 0.000005 | MAPE: 0.16% | R²: -0.314049
  Trial time: 28.1s
[I 2026-03-13 07:25:55,845] Trial 2373 finished with value: 5.076887518448612e-06 and parameters: {'lambda_P': 1.9253946027007203, 'lambda_B': 0.7053531498115728, 'lambda_G': 1.7553617007174815, 'n_estimators': 7461, 'max_depth': 20, 'learning_rate': 0.008135584353976266, 'subsample': 0.9039601776034297, 'colsample_bytree': 0.30538939794380426, 'colsample_bylevel': 0.8703778614411348, 'reg_alpha': 7.0116998690037065, 'reg_lambda': 6.230395626056057, 'gamma': 0.00018869714913049957, 'min_child_weight': 2}. Best is trial 2210 with value: 2.986319055234564e-06.

[Trial 2389/5000] Starting at 07:25:55
  Lambdas: P=1.837, B=1.834, G=0.796
  XGBoost params: n_estimators=7853, max_depth=13
  Starting cross-validation...
  Trial 2386 MSE: 0.000005 | MAPE: 0.16% | R²: -0.314049
  Trial time: 9.7s
[I 2026-03-13 07:26:01,151] Trial 2386 finished with value: 5.076887518448612e-06 and parameters: {'lambda_P': 0.8830775234783685, 'lambda_B': 1.7937499583195482, 'lambda_G': 0.787676355690577, 'n_estimators': 2864, 'max_depth': 8, 'learning_rate': 0.004267059542422633, 'subsample': 0.5980641609131307, 'colsample_bytree': 0.6736806667609746, 'colsample_bylevel': 0.8409001558102726, 'reg_alpha': 7.274970502808822, 'reg_lambda': 0.20110029172465094, 'gamma': 0.0006228488543484434, 'min_child_weight': 17}. Best is trial 2210 with value: 2.986319055234564e-06.

[Trial 2390/5000] Starting at 07:26:01
  Lambdas: P=1.733, B=1.490, G=0.682
  XGBoost params: n_estimators=7370, max_depth=11
  Starting cross-validation...
  Trial 2377 MSE: 0.000005 | MAPE: 0.16% | R²: -0.314049
  Trial time: 27.5s
[I 2026-03-13 07:26:11,639] Trial 2377 finished with value: 5.076887518448612e-06 and parameters: {'lambda_P': 1.5595184000757079, 'lambda_B': 1.6615415629913346, 'lambda_G': 0.6910276674967704, 'n_estimators': 5643, 'max_depth': 12, 'learning_rate': 0.001669489769522103, 'subsample': 0.7746156754191386, 'colsample_bytree': 0.37176290998596095, 'colsample_bylevel': 0.33497071611712537, 'reg_alpha': 1.3596419731226548, 'reg_lambda': 4.390146052702293, 'gamma': 0.00024785198555857306, 'min_child_weight': 13}. Best is trial 2210 with value: 2.986319055234564e-06.

[Trial 2391/5000] Starting at 07:26:11
  Lambdas: P=1.930, B=1.958, G=0.713
  XGBoost params: n_estimators=8746, max_depth=12
  Starting cross-validation...
  Trial 2374 MSE: 0.000005 | MAPE: 0.16% | R²: -0.314049
  Trial time: 44.0s
[I 2026-03-13 07:26:13,888] Trial 2374 finished with value: 5.076887518448612e-06 and parameters: {'lambda_P': 1.7254158017292167, 'lambda_B': 1.8545042907653593, 'lambda_G': 1.0593052135484493, 'n_estimators': 9765, 'max_depth': 8, 'learning_rate': 0.003184021755686309, 'subsample': 0.8877969238863226, 'colsample_bytree': 0.870381339694345, 'colsample_bylevel': 0.32755012615197293, 'reg_alpha': 8.42429011892455, 'reg_lambda': 7.40611013644253, 'gamma': 0.03095639552943274, 'min_child_weight': 8}. Best is trial 2210 with value: 2.986319055234564e-06.

[Trial 2392/5000] Starting at 07:26:13
  Trial 2375 MSE: 0.000005 | MAPE: 0.16% | R²: -0.314049
  Trial time: 43.0s
[I 2026-03-13 07:26:14,082] Trial 2375 finished with value: 5.076887518448612e-06 and parameters: {'lambda_P': 1.5110799683868832, 'lambda_B': 1.5421143540086, 'lambda_G': 0.840459105979923, 'n_estimators': 9255, 'max_depth': 6, 'learning_rate': 0.007163979377434137, 'subsample': 0.6632885490963479, 'colsample_bytree': 0.3030916813702358, 'colsample_bylevel': 0.3271403655258051, 'reg_alpha': 2.3284535994515934, 'reg_lambda': 4.284720478406879, 'gamma': 0.00016322832071437516, 'min_child_weight': 16}. Best is trial 2210 with value: 2.986319055234564e-06.

[Trial 2393/5000] Starting at 07:26:14
  Lambdas: P=1.998, B=1.875, G=1.046
  Lambdas: P=1.848, B=1.998, G=1.027
  XGBoost params: n_estimators=6494, max_depth=13
  Starting cross-validation...
  XGBoost params: n_estimators=8245, max_depth=7
  Starting cross-validation...
  Trial 2383 MSE: 0.000005 | MAPE: 0.16% | R²: -0.209891
  Trial time: 26.5s
[I 2026-03-13 07:26:15,315] Trial 2383 finished with value: 4.662390495686905e-06 and parameters: {'lambda_P': 1.7942573343193429, 'lambda_B': 1.3546092369823954, 'lambda_G': 0.8441344895777121, 'n_estimators': 6030, 'max_depth': 7, 'learning_rate': 0.0032406580224339184, 'subsample': 0.6928987249204516, 'colsample_bytree': 0.33332179885645785, 'colsample_bylevel': 0.33314255130971615, 'reg_alpha': 0.703841046950479, 'reg_lambda': 3.9660198628500183, 'gamma': 0.0002122802314261484, 'min_child_weight': 20}. Best is trial 2210 with value: 2.986319055234564e-06.

[Trial 2394/5000] Starting at 07:26:15
  Lambdas: P=1.901, B=1.001, G=0.714
  XGBoost params: n_estimators=9367, max_depth=2
  Starting cross-validation...
  Trial 2381 MSE: 0.000005 | MAPE: 0.16% | R²: -0.314049
  Trial time: 29.7s
[I 2026-03-13 07:26:17,047] Trial 2381 finished with value: 5.076887518448612e-06 and parameters: {'lambda_P': 1.9842579912808105, 'lambda_B': 1.738403710926785, 'lambda_G': 0.7326949771971378, 'n_estimators': 6142, 'max_depth': 9, 'learning_rate': 0.0035329440563804603, 'subsample': 0.5923010871066066, 'colsample_bytree': 0.37123412344220463, 'colsample_bylevel': 0.39605820200494835, 'reg_alpha': 1.1654648147610442, 'reg_lambda': 4.765884752774845, 'gamma': 0.00014845414786815737, 'min_child_weight': 16}. Best is trial 2210 with value: 2.986319055234564e-06.

[Trial 2395/5000] Starting at 07:26:17
  Lambdas: P=0.608, B=0.557, G=1.012
  XGBoost params: n_estimators=2925, max_depth=17
  Starting cross-validation...
  Trial 2385 MSE: 0.000005 | MAPE: 0.16% | R²: -0.314049
  Trial time: 27.9s
[I 2026-03-13 07:26:18,665] Trial 2385 finished with value: 5.076887518448612e-06 and parameters: {'lambda_P': 1.6456604095156533, 'lambda_B': 1.8257390631216766, 'lambda_G': 0.6964676874204815, 'n_estimators': 6112, 'max_depth': 11, 'learning_rate': 0.016392173819760728, 'subsample': 0.73107533684061, 'colsample_bytree': 0.36300695545902467, 'colsample_bylevel': 0.33330786069868845, 'reg_alpha': 1.1547778635860897, 'reg_lambda': 4.657007036966036, 'gamma': 0.0028394931193358153, 'min_child_weight': 16}. Best is trial 2210 with value: 2.986319055234564e-06.

[Trial 2396/5000] Starting at 07:26:18
  Trial 2378 MSE: 0.000005 | MAPE: 0.16% | R²: -0.314049
  Trial time: 33.9s
[I 2026-03-13 07:26:18,853] Trial 2378 finished with value: 5.076887518448612e-06 and parameters: {'lambda_P': 1.861925272046865, 'lambda_B': 1.6319637389343982, 'lambda_G': 0.8405309148764979, 'n_estimators': 6744, 'max_depth': 11, 'learning_rate': 0.001528002716360262, 'subsample': 0.8290607477503447, 'colsample_bytree': 0.4160971273877563, 'colsample_bylevel': 0.3920659797741823, 'reg_alpha': 2.597180294056239, 'reg_lambda': 3.318812716292896, 'gamma': 0.0006925657465952596, 'min_child_weight': 20}. Best is trial 2210 with value: 2.986319055234564e-06.

[Trial 2397/5000] Starting at 07:26:18
  Lambdas: P=1.290, B=1.213, G=0.637
  Lambdas: P=1.910, B=1.654, G=0.698
  Trial 2382 MSE: 0.000005 | MAPE: 0.16% | R²: -0.314049
  Trial time: 31.7s
[I 2026-03-13 07:26:19,477] Trial 2382 finished with value: 5.076887518448612e-06 and parameters: {'lambda_P': 1.8564278471152562, 'lambda_B': 1.3679057130005963, 'lambda_G': 0.5008460170816335, 'n_estimators': 7257, 'max_depth': 12, 'learning_rate': 0.015304189188081508, 'subsample': 0.5311487787229919, 'colsample_bytree': 0.34135258620781134, 'colsample_bylevel': 0.4096560109909698, 'reg_alpha': 3.5108541886933256, 'reg_lambda': 4.998574875563283, 'gamma': 0.00040081582227590725, 'min_child_weight': 16}. Best is trial 2210 with value: 2.986319055234564e-06.

[Trial 2398/5000] Starting at 07:26:19
  XGBoost params: n_estimators=7805, max_depth=10
  Starting cross-validation...
  XGBoost params: n_estimators=9837, max_depth=12
  Starting cross-validation...
  Lambdas: P=1.578, B=1.651, G=0.714
  XGBoost params: n_estimators=6551, max_depth=9
  Starting cross-validation...
  Trial 2388 MSE: 0.000004 | MAPE: 0.15% | R²: -0.130010
  Trial time: 28.8s
[I 2026-03-13 07:26:24,896] Trial 2388 finished with value: 4.146633622523656e-06 and parameters: {'lambda_P': 1.8373491857496227, 'lambda_B': 1.8336295667413594, 'lambda_G': 0.7961218677559736, 'n_estimators': 7853, 'max_depth': 13, 'learning_rate': 0.012892379881097543, 'subsample': 0.5923803805480502, 'colsample_bytree': 0.3561838738167379, 'colsample_bylevel': 0.317537705004697, 'reg_alpha': 0.016878746307928502, 'reg_lambda': 5.124995001358036, 'gamma': 0.0009722092501038214, 'min_child_weight': 19}. Best is trial 2210 with value: 2.986319055234564e-06.

[Trial 2399/5000] Starting at 07:26:24
  Lambdas: P=1.781, B=0.561, G=0.539
  XGBoost params: n_estimators=8815, max_depth=4
  Starting cross-validation...
  Trial 2376 MSE: 0.000004 | MAPE: 0.14% | R²: -0.039959
  Trial time: 44.8s
