[I 2026-03-13 06:10:37,805] Trial 41 finished with value: 5.076887518448612e-06 and parameters: {'lambda_P': 0.8636938682553982, 'lambda_B': 1.1129990658622408, 'lambda_G': 1.5658777721231392, 'n_estimators': 5865, 'max_depth': 5, 'learning_rate': 0.03304636437829661, 'subsample': 0.7579934411067797, 'colsample_bytree': 0.35790139703957247, 'colsample_bylevel': 0.8393919184965679, 'reg_alpha': 3.628488661483633, 'reg_lambda': 6.078199526710443, 'gamma': 0.004964932229253356, 'min_child_weight': 14}. Best is trial 6 with value: 4.367259064411295e-06.

[Trial 55/5000] Starting at 06:10:37  Trial 36 MSE: 0.000005 | MAPE: 0.16% | R²: -0.314126
  Lambdas: P=1.532, B=0.875, G=1.078

  Trial time: 38.9s
[I 2026-03-13 06:10:38,006] Trial 36 finished with value: 5.077110868113593e-06 and parameters: {'lambda_P': 1.496798434451421, 'lambda_B': 1.914292900395162, 'lambda_G': 1.8215659028485012, 'n_estimators': 8396, 'max_depth': 11, 'learning_rate': 0.001090948662761848, 'subsample': 0.5563919273065159, 'colsample_bytree': 0.31259617944107715, 'colsample_bylevel': 0.3296168576193578, 'reg_alpha': 0.10038929794014884, 'reg_lambda': 9.211946059074089, 'gamma': 0.044520814672675615, 'min_child_weight': 4}. Best is trial 6 with value: 4.367259064411295e-06.

[Trial 56/5000] Starting at 06:10:38
  Lambdas: P=1.731, B=1.122, G=1.900
  XGBoost params: n_estimators=8493, max_depth=2
  Starting cross-validation...
  XGBoost params: n_estimators=2480, max_depth=5
  Starting cross-validation...
  Trial 32 MSE: 0.000005 | MAPE: 0.16% | R²: -0.314049
  Trial time: 46.3s
[I 2026-03-13 06:10:38,933] Trial 32 finished with value: 5.076887518448612e-06 and parameters: {'lambda_P': 1.9050608296830387, 'lambda_B': 1.6576944230123805, 'lambda_G': 1.533380250885788, 'n_estimators': 9643, 'max_depth': 13, 'learning_rate': 0.23765963580230606, 'subsample': 0.7090734670442955, 'colsample_bytree': 0.5432464459379273, 'colsample_bylevel': 0.8813226726635772, 'reg_alpha': 0.688706026595095, 'reg_lambda': 8.00169945470676, 'gamma': 0.0025305205835139746, 'min_child_weight': 16}. Best is trial 6 with value: 4.367259064411295e-06.

[Trial 57/5000] Starting at 06:10:39
  Lambdas: P=0.976, B=1.121, G=1.134
  XGBoost params: n_estimators=6509, max_depth=4
  Starting cross-validation...
  Trial 49 MSE: 0.000005 | MAPE: 0.16% | R²: -0.314049
  Trial time: 11.9s
[I 2026-03-13 06:10:39,948] Trial 49 finished with value: 5.076887518448612e-06 and parameters: {'lambda_P': 0.8422551293464227, 'lambda_B': 0.6616375713233398, 'lambda_G': 1.1792786979994523, 'n_estimators': 3065, 'max_depth': 8, 'learning_rate': 0.004469291775064092, 'subsample': 0.6081804856459745, 'colsample_bytree': 0.34229278708301253, 'colsample_bylevel': 0.541156756580031, 'reg_alpha': 2.628123834958279, 'reg_lambda': 4.508883987907484, 'gamma': 0.00011963119676333065, 'min_child_weight': 4}. Best is trial 6 with value: 4.367259064411295e-06.

[Trial 58/5000] Starting at 06:10:40
  Lambdas: P=1.834, B=1.530, G=1.854
  XGBoost params: n_estimators=7730, max_depth=13
  Starting cross-validation...
  Trial 42 MSE: 0.000005 | MAPE: 0.16% | R²: -0.314049
  Trial time: 28.1s
[I 2026-03-13 06:10:40,669] Trial 42 finished with value: 5.076887518448612e-06 and parameters: {'lambda_P': 1.358860993661976, 'lambda_B': 1.4130459650137055, 'lambda_G': 0.9135180543449049, 'n_estimators': 5936, 'max_depth': 19, 'learning_rate': 0.0035110788323911707, 'subsample': 0.8549368862198288, 'colsample_bytree': 0.34869596307738127, 'colsample_bylevel': 0.8612259321908076, 'reg_alpha': 4.280893227156812, 'reg_lambda': 6.184978407882351, 'gamma': 0.00012179547062818018, 'min_child_weight': 11}. Best is trial 6 with value: 4.367259064411295e-06.

[Trial 59/5000] Starting at 06:10:40
  Lambdas: P=0.781, B=1.271, G=0.565
  XGBoost params: n_estimators=485, max_depth=4
  Starting cross-validation...
  Trial 34 MSE: 0.000005 | MAPE: 0.16% | R²: -0.314049
  Trial time: 45.2s
[I 2026-03-13 06:10:41,552] Trial 34 finished with value: 5.076887518448612e-06 and parameters: {'lambda_P': 0.9525770037429552, 'lambda_B': 1.5559695326133094, 'lambda_G': 1.5201324606897098, 'n_estimators': 9436, 'max_depth': 2, 'learning_rate': 0.004131931193377575, 'subsample': 0.5447021012620902, 'colsample_bytree': 0.3380141888170147, 'colsample_bylevel': 0.5084042653944338, 'reg_alpha': 5.323771343545233, 'reg_lambda': 6.074554187422389, 'gamma': 0.00012228103273643822, 'min_child_weight': 12}. Best is trial 6 with value: 4.367259064411295e-06.

[Trial 60/5000] Starting at 06:10:41
  Lambdas: P=0.715, B=1.941, G=1.160
  XGBoost params: n_estimators=3885, max_depth=13
  Starting cross-validation...
  Trial 58 MSE: 0.000005 | MAPE: 0.16% | R²: -0.314049
  Trial time: 2.4s
[I 2026-03-13 06:10:43,242] Trial 58 finished with value: 5.076887518448612e-06 and parameters: {'lambda_P': 0.7809360714144826, 'lambda_B': 1.270679968479154, 'lambda_G': 0.5649762051742706, 'n_estimators': 485, 'max_depth': 4, 'learning_rate': 0.3473548811654863, 'subsample': 0.8574104538002554, 'colsample_bytree': 0.37573589739545704, 'colsample_bylevel': 0.38368587881727984, 'reg_alpha': 9.899449091029144, 'reg_lambda': 1.4234898963449927, 'gamma': 0.00015533735531971128, 'min_child_weight': 6}. Best is trial 6 with value: 4.367259064411295e-06.

[Trial 61/5000] Starting at 06:10:43
  Lambdas: P=1.873, B=0.585, G=1.076
  XGBoost params: n_estimators=9378, max_depth=13
  Starting cross-validation...
  Trial 55 MSE: 0.000005 | MAPE: 0.16% | R²: -0.314049
  Trial time: 11.5s
[I 2026-03-13 06:10:49,810] Trial 55 finished with value: 5.076887518448612e-06 and parameters: {'lambda_P': 1.7313673259058298, 'lambda_B': 1.121879851002342, 'lambda_G': 1.8998893548993367, 'n_estimators': 2480, 'max_depth': 5, 'learning_rate': 0.35528889005308983, 'subsample': 0.8037094362429655, 'colsample_bytree': 0.47752101604381764, 'colsample_bylevel': 0.839071435612754, 'reg_alpha': 9.829381546711357, 'reg_lambda': 5.788551817527253, 'gamma': 0.07702192901967055, 'min_child_weight': 18}. Best is trial 6 with value: 4.367259064411295e-06.

[Trial 62/5000] Starting at 06:10:49
  Lambdas: P=1.726, B=1.818, G=1.890
  XGBoost params: n_estimators=5055, max_depth=4
  Starting cross-validation...
  Trial 53 MSE: 0.000005 | MAPE: 0.16% | R²: -0.314049
  Trial time: 14.1s
[I 2026-03-13 06:10:50,351] Trial 53 finished with value: 5.076887518448612e-06 and parameters: {'lambda_P': 0.8532361688524619, 'lambda_B': 0.7339836987757414, 'lambda_G': 0.5254465494193037, 'n_estimators': 4037, 'max_depth': 20, 'learning_rate': 0.014383232092701233, 'subsample': 0.8957912429410535, 'colsample_bytree': 0.3163273294201104, 'colsample_bylevel': 0.983429028683529, 'reg_alpha': 2.0276093336147882, 'reg_lambda': 8.556796238885607, 'gamma': 0.011255049095669847, 'min_child_weight': 2}. Best is trial 6 with value: 4.367259064411295e-06.

[Trial 63/5000] Starting at 06:10:50
  Lambdas: P=0.903, B=1.433, G=1.277
  XGBoost params: n_estimators=8994, max_depth=5
  Starting cross-validation...
  Trial 45 MSE: 0.000005 | MAPE: 0.16% | R²: -0.314049
  Trial time: 27.1s
[I 2026-03-13 06:10:51,149] Trial 45 finished with value: 5.076887518448612e-06 and parameters: {'lambda_P': 0.8777036929963211, 'lambda_B': 1.1628147707134435, 'lambda_G': 0.8168710055578106, 'n_estimators': 5176, 'max_depth': 19, 'learning_rate': 0.007619969806246243, 'subsample': 0.4443161995945393, 'colsample_bytree': 0.7676155474673955, 'colsample_bylevel': 0.754043570160474, 'reg_alpha': 4.078253905102457, 'reg_lambda': 9.889634424684973, 'gamma': 0.006254534910524382, 'min_child_weight': 10}. Best is trial 6 with value: 4.367259064411295e-06.

[Trial 64/5000] Starting at 06:10:51
  Lambdas: P=0.898, B=1.034, G=0.683
  XGBoost params: n_estimators=6681, max_depth=3
  Starting cross-validation...
  Trial 48 MSE: 0.000005 | MAPE: 0.16% | R²: -0.314049
  Trial time: 30.9s
[I 2026-03-13 06:10:58,167] Trial 48 finished with value: 5.076887518448612e-06 and parameters: {'lambda_P': 1.3235063027386147, 'lambda_B': 1.6943465621819371, 'lambda_G': 0.7881234807070073, 'n_estimators': 6330, 'max_depth': 3, 'learning_rate': 0.046873695440815294, 'subsample': 0.8188495866474679, 'colsample_bytree': 0.9790835339166029, 'colsample_bylevel': 0.3399996290185452, 'reg_alpha': 9.364874438411261, 'reg_lambda': 4.887511688565339, 'gamma': 0.003553687758180587, 'min_child_weight': 3}. Best is trial 6 with value: 4.367259064411295e-06.

[Trial 65/5000] Starting at 06:10:58
  Lambdas: P=0.907, B=1.129, G=0.507
  XGBoost params: n_estimators=9516, max_depth=2
  Starting cross-validation...
  Trial 59 MSE: 0.000005 | MAPE: 0.16% | R²: -0.314049
  Trial time: 17.4s
[I 2026-03-13 06:10:59,129] Trial 59 finished with value: 5.076887518448612e-06 and parameters: {'lambda_P': 0.7150059801523752, 'lambda_B': 1.9406725330873125, 'lambda_G': 1.1597984544198545, 'n_estimators': 3885, 'max_depth': 13, 'learning_rate': 0.04697519184605885, 'subsample': 0.6178473577295278, 'colsample_bytree': 0.7087680354631003, 'colsample_bylevel': 0.8152118163979005, 'reg_alpha': 3.9856800670337456, 'reg_lambda': 2.710148718727403, 'gamma': 0.09547595071252275, 'min_child_weight': 14}. Best is trial 6 with value: 4.367259064411295e-06.

[Trial 66/5000] Starting at 06:10:59
  Lambdas: P=1.037, B=0.899, G=1.434
  Trial 44 MSE: 0.000005 | MAPE: 0.16% | R²: -0.314049
  Trial time: 40.0s
[I 2026-03-13 06:10:59,392] Trial 44 finished with value: 5.076887518448612e-06 and parameters: {'lambda_P': 1.0800777529011918, 'lambda_B': 1.073619952210307, 'lambda_G': 0.9118473602022421, 'n_estimators': 8479, 'max_depth': 6, 'learning_rate': 0.048246830798168126, 'subsample': 0.8654232578956582, 'colsample_bytree': 0.7351672768227903, 'colsample_bylevel': 0.3884018293877605, 'reg_alpha': 4.371468413020251, 'reg_lambda': 6.218956659965464, 'gamma': 0.029575169754445418, 'min_child_weight': 13}. Best is trial 6 with value: 4.367259064411295e-06.

[Trial 67/5000] Starting at 06:10:59
  Lambdas: P=0.830, B=0.520, G=1.424
  XGBoost params: n_estimators=6099, max_depth=2
  Starting cross-validation...
  XGBoost params: n_estimators=6715, max_depth=2
  Starting cross-validation...
  Trial 52 MSE: 0.000005 | MAPE: 0.16% | R²: -0.314049
  Trial time: 26.6s
[I 2026-03-13 06:11:00,381] Trial 52 finished with value: 5.076887518448612e-06 and parameters: {'lambda_P': 1.691339427920344, 'lambda_B': 1.8400145977227609, 'lambda_G': 1.515051210361267, 'n_estimators': 5632, 'max_depth': 15, 'learning_rate': 0.0015768757272580788, 'subsample': 0.8956881793122715, 'colsample_bytree': 0.47526839905074686, 'colsample_bylevel': 0.46620052815918545, 'reg_alpha': 6.004769348275934, 'reg_lambda': 8.312612362830412, 'gamma': 0.0028160124860538453, 'min_child_weight': 10}. Best is trial 6 with value: 4.367259064411295e-06.

[Trial 68/5000] Starting at 06:11:00
  Lambdas: P=1.813, B=1.465, G=1.823
  XGBoost params: n_estimators=4229, max_depth=8
  Starting cross-validation...
  Trial 50 MSE: 0.000005 | MAPE: 0.16% | R²: -0.314049
  Trial time: 33.2s
[I 2026-03-13 06:11:01,909] Trial 50 finished with value: 5.076887518448612e-06 and parameters: {'lambda_P': 1.8063574797168307, 'lambda_B': 1.0679353947893246, 'lambda_G': 1.9025364902271313, 'n_estimators': 6820, 'max_depth': 16, 'learning_rate': 0.0032212875110609433, 'subsample': 0.3091919118083752, 'colsample_bytree': 0.8455625214592286, 'colsample_bylevel': 0.5857004735561289, 'reg_alpha': 8.159802210796862, 'reg_lambda': 3.000080159293028, 'gamma': 0.011725100862403177, 'min_child_weight': 10}. Best is trial 6 with value: 4.367259064411295e-06.

[Trial 69/5000] Starting at 06:11:02
  Lambdas: P=0.916, B=0.707, G=1.230
  XGBoost params: n_estimators=2822, max_depth=4
  Starting cross-validation...
  Trial 57 MSE: 0.000005 | MAPE: 0.16% | R²: -0.314049
  Trial time: 25.9s
[I 2026-03-13 06:11:05,993] Trial 57 finished with value: 5.076887518448612e-06 and parameters: {'lambda_P': 1.8343482963622666, 'lambda_B': 1.5301652768579297, 'lambda_G': 1.8539101729808647, 'n_estimators': 7730, 'max_depth': 13, 'learning_rate': 0.0035272972376731524, 'subsample': 0.4189772045747084, 'colsample_bytree': 0.3456802212149437, 'colsample_bylevel': 0.6419173688092319, 'reg_alpha': 8.373743626773921, 'reg_lambda': 2.476978519005668, 'gamma': 0.0005745787757054179, 'min_child_weight': 11}. Best is trial 6 with value: 4.367259064411295e-06.

[Trial 70/5000] Starting at 06:11:06
  Lambdas: P=1.661, B=1.167, G=1.278
  XGBoost params: n_estimators=7654, max_depth=2
  Starting cross-validation...
  Trial 51 MSE: 0.000005 | MAPE: 0.16% | R²: -0.314049
  Trial time: 38.6s
[I 2026-03-13 06:11:10,930] Trial 51 finished with value: 5.076887518448612e-06 and parameters: {'lambda_P': 1.1586590802689487, 'lambda_B': 1.4797415284833582, 'lambda_G': 0.6988174768907703, 'n_estimators': 8100, 'max_depth': 17, 'learning_rate': 0.001268999952129189, 'subsample': 0.30511632539705213, 'colsample_bytree': 0.690625357806113, 'colsample_bylevel': 0.7288018640684959, 'reg_alpha': 2.646016534508501, 'reg_lambda': 8.837645250372518, 'gamma': 0.016007133746081835, 'min_child_weight': 16}. Best is trial 6 with value: 4.367259064411295e-06.

[Trial 71/5000] Starting at 06:11:11
  Lambdas: P=1.216, B=1.405, G=1.833
  XGBoost params: n_estimators=2951, max_depth=6
  Starting cross-validation...
  Trial 56 MSE: 0.000005 | MAPE: 0.16% | R²: -0.313921
  Trial time: 32.3s
[I 2026-03-13 06:11:11,423] Trial 56 finished with value: 5.076471477741153e-06 and parameters: {'lambda_P': 0.9758087229385314, 'lambda_B': 1.120783011574153, 'lambda_G': 1.1344240824583744, 'n_estimators': 6509, 'max_depth': 4, 'learning_rate': 0.0802709970486544, 'subsample': 0.6455578153608859, 'colsample_bytree': 0.9485562345722542, 'colsample_bylevel': 0.937324377865923, 'reg_alpha': 0.06117937172488985, 'reg_lambda': 4.5065710574443685, 'gamma': 0.005198736210440231, 'min_child_weight': 7}. Best is trial 6 with value: 4.367259064411295e-06.

[Trial 72/5000] Starting at 06:11:11
  Lambdas: P=0.997, B=0.902, G=1.311
  XGBoost params: n_estimators=5129, max_depth=4
  Starting cross-validation...
  Trial 46 MSE: 0.000005 | MAPE: 0.16% | R²: -0.314049
  Trial time: 46.9s
[I 2026-03-13 06:11:11,955] Trial 46 finished with value: 5.076887518448612e-06 and parameters: {'lambda_P': 0.555364074432753, 'lambda_B': 1.3742097393495787, 'lambda_G': 1.3932715848279904, 'n_estimators': 9630, 'max_depth': 9, 'learning_rate': 0.06062593755014043, 'subsample': 0.650247782735409, 'colsample_bytree': 0.9830586464602624, 'colsample_bylevel': 0.5242303499095797, 'reg_alpha': 6.595977747323998, 'reg_lambda': 4.668339700364057, 'gamma': 0.0022938129044464727, 'min_child_weight': 10}. Best is trial 6 with value: 4.367259064411295e-06.

[Trial 73/5000] Starting at 06:11:12
  Lambdas: P=1.863, B=0.624, G=1.268
  XGBoost params: n_estimators=2381, max_depth=12
  Starting cross-validation...
  Trial 61 MSE: 0.000005 | MAPE: 0.16% | R²: -0.314049
  Trial time: 23.5s
[I 2026-03-13 06:11:13,454] Trial 61 finished with value: 5.076887518448612e-06 and parameters: {'lambda_P': 1.7262430696636146, 'lambda_B': 1.8183635480553464, 'lambda_G': 1.8901832012237012, 'n_estimators': 5055, 'max_depth': 4, 'learning_rate': 0.0026933738700455584, 'subsample': 0.684606412012641, 'colsample_bytree': 0.5858125309123251, 'colsample_bylevel': 0.40394429295336265, 'reg_alpha': 9.235567211616276, 'reg_lambda': 4.71885758714933, 'gamma': 0.0008017095085833062, 'min_child_weight': 12}. Best is trial 6 with value: 4.367259064411295e-06.

[Trial 74/5000] Starting at 06:11:13
  Lambdas: P=1.951, B=0.593, G=1.132
  XGBoost params: n_estimators=7371, max_depth=5
  Starting cross-validation...
  Trial 68 MSE: 0.000005 | MAPE: 0.16% | R²: -0.314049
  Trial time: 13.0s
[I 2026-03-13 06:11:15,154] Trial 68 finished with value: 5.076887518448612e-06 and parameters: {'lambda_P': 0.9160776088952582, 'lambda_B': 0.7066773985150996, 'lambda_G': 1.2301074645854877, 'n_estimators': 2822, 'max_depth': 4, 'learning_rate': 0.010484188643957613, 'subsample': 0.5845349075562978, 'colsample_bytree': 0.7153529988712016, 'colsample_bylevel': 0.7828767293509599, 'reg_alpha': 9.353146793986532, 'reg_lambda': 1.366786959043329, 'gamma': 0.00020069461148194387, 'min_child_weight': 16}. Best is trial 6 with value: 4.367259064411295e-06.

[Trial 75/5000] Starting at 06:11:15
  Lambdas: P=0.729, B=0.980, G=1.690
  XGBoost params: n_estimators=2599, max_depth=19
  Starting cross-validation...
  Trial 54 MSE: 0.000005 | MAPE: 0.16% | R²: -0.314049
  Trial time: 40.4s
[I 2026-03-13 06:11:18,371] Trial 54 finished with value: 5.076887518448612e-06 and parameters: {'lambda_P': 1.5315950720439946, 'lambda_B': 0.8752372759748286, 'lambda_G': 1.0779582146612983, 'n_estimators': 8493, 'max_depth': 2, 'learning_rate': 0.013884442909061627, 'subsample': 0.49729496380667526, 'colsample_bytree': 0.9131966284083819, 'colsample_bylevel': 0.7584271077468763, 'reg_alpha': 6.580689120072404, 'reg_lambda': 1.1165399610666649, 'gamma': 0.00013865231962123542, 'min_child_weight': 19}. Best is trial 6 with value: 4.367259064411295e-06.

[Trial 76/5000] Starting at 06:11:18
  Lambdas: P=0.630, B=1.965, G=1.998
  XGBoost params: n_estimators=1963, max_depth=3
  Starting cross-validation...
  Trial 67 MSE: 0.000005 | MAPE: 0.16% | R²: -0.314049
  Trial time: 19.0s
[I 2026-03-13 06:11:19,606] Trial 67 finished with value: 5.076887518448612e-06 and parameters: {'lambda_P': 1.8125200074268633, 'lambda_B': 1.4648085852453208, 'lambda_G': 1.8228661529393853, 'n_estimators': 4229, 'max_depth': 8, 'learning_rate': 0.24223395664805553, 'subsample': 0.7856384563278449, 'colsample_bytree': 0.8673449010368037, 'colsample_bylevel': 0.8062757808123548, 'reg_alpha': 8.735003173690366, 'reg_lambda': 4.647369529843882, 'gamma': 0.0008406707691644764, 'min_child_weight': 18}. Best is trial 6 with value: 4.367259064411295e-06.

[Trial 77/5000] Starting at 06:11:19
  Lambdas: P=0.688, B=0.972, G=1.988
  XGBoost params: n_estimators=3899, max_depth=3
  Starting cross-validation...
  Trial 62 MSE: 0.000005 | MAPE: 0.16% | R²: -0.314049
  Trial time: 30.1s
[I 2026-03-13 06:11:20,639] Trial 62 finished with value: 5.076887518448612e-06 and parameters: {'lambda_P': 0.9026266963685821, 'lambda_B': 1.4328756642112626, 'lambda_G': 1.2769962616195736, 'n_estimators': 8994, 'max_depth': 5, 'learning_rate': 0.005464809650973374, 'subsample': 0.3977139211804439, 'colsample_bytree': 0.4089009395847886, 'colsample_bylevel': 0.4838052629206374, 'reg_alpha': 6.768862003507826, 'reg_lambda': 8.816617894513172, 'gamma': 0.00017617434403265726, 'min_child_weight': 1}. Best is trial 6 with value: 4.367259064411295e-06.

[Trial 78/5000] Starting at 06:11:20
  Lambdas: P=0.664, B=0.695, G=1.935
  XGBoost params: n_estimators=9880, max_depth=18
  Starting cross-validation...
  Trial 63 MSE: 0.000005 | MAPE: 0.16% | R²: -0.314049
  Trial time: 31.6s
[I 2026-03-13 06:11:23,008] Trial 63 finished with value: 5.076887518448612e-06 and parameters: {'lambda_P': 0.8976837270463898, 'lambda_B': 1.0336272450585389, 'lambda_G': 0.6831439823631316, 'n_estimators': 6681, 'max_depth': 3, 'learning_rate': 0.06769274459758204, 'subsample': 0.8046914746757086, 'colsample_bytree': 0.8432032693324665, 'colsample_bylevel': 0.8491952834900609, 'reg_alpha': 0.40295922221131764, 'reg_lambda': 4.497048186558724, 'gamma': 0.03336697336882168, 'min_child_weight': 3}. Best is trial 6 with value: 4.367259064411295e-06.

[Trial 79/5000] Starting at 06:11:23
  Lambdas: P=1.392, B=0.851, G=0.508
  XGBoost params: n_estimators=7356, max_depth=14
  Starting cross-validation...
  Trial 72 MSE: 0.000005 | MAPE: 0.16% | R²: -0.314049
  Trial time: 11.3s
[I 2026-03-13 06:11:23,434] Trial 72 finished with value: 5.076887518448612e-06 and parameters: {'lambda_P': 1.863164129109915, 'lambda_B': 0.6235320006868734, 'lambda_G': 1.2681348297576356, 'n_estimators': 2381, 'max_depth': 12, 'learning_rate': 0.011685139603454376, 'subsample': 0.6590336820268966, 'colsample_bytree': 0.8656493280749566, 'colsample_bylevel': 0.6369743571703789, 'reg_alpha': 5.476491416037769, 'reg_lambda': 5.1340524616121535, 'gamma': 0.004142565358821059, 'min_child_weight': 3}. Best is trial 6 with value: 4.367259064411295e-06.

[Trial 80/5000] Starting at 06:11:23
  Lambdas: P=1.850, B=0.978, G=1.681
  XGBoost params: n_estimators=8791, max_depth=19
  Starting cross-validation...
  Trial 70 MSE: 0.000005 | MAPE: 0.16% | R²: -0.314049
  Trial time: 14.1s
[I 2026-03-13 06:11:25,206] Trial 70 finished with value: 5.076887518448612e-06 and parameters: {'lambda_P': 1.2157631167378313, 'lambda_B': 1.4054822910011513, 'lambda_G': 1.83299845369838, 'n_estimators': 2951, 'max_depth': 6, 'learning_rate': 0.0013134766235550965, 'subsample': 0.49750243418020207, 'colsample_bytree': 0.6631314572944373, 'colsample_bylevel': 0.9129638411509302, 'reg_alpha': 4.895173459788422, 'reg_lambda': 0.8716636472749495, 'gamma': 0.01179795544465056, 'min_child_weight': 10}. Best is trial 6 with value: 4.367259064411295e-06.

[Trial 81/5000] Starting at 06:11:25
  Lambdas: P=0.830, B=0.808, G=1.245
  XGBoost params: n_estimators=4623, max_depth=15
  Starting cross-validation...
  Trial 60 MSE: 0.000005 | MAPE: 0.16% | R²: -0.314049
  Trial time: 43.1s
