[I 2026-03-13 06:50:16,963] Trial 1310 finished with value: 4.06136901734455e-06 and parameters: {'lambda_P': 0.9297989171799561, 'lambda_B': 1.8025360113418873, 'lambda_G': 1.2809966830308794, 'n_estimators': 4979, 'max_depth': 3, 'learning_rate': 0.0010737848371109979, 'subsample': 0.635480325533514, 'colsample_bytree': 0.442956921564651, 'colsample_bylevel': 0.4352108476485885, 'reg_alpha': 0.2983633651205939, 'reg_lambda': 6.808877207560702, 'gamma': 0.00026531640766440346, 'min_child_weight': 9}. Best is trial 1267 with value: 3.067840594549508e-06.

[Trial 1320/5000] Starting at 06:50:17
  XGBoost params: n_estimators=370, max_depth=12
  Starting cross-validation...
  Lambdas: P=1.021, B=1.247, G=1.151
  XGBoost params: n_estimators=4885, max_depth=8
  Starting cross-validation...
  Trial 1305 MSE: 0.000005 | MAPE: 0.16% | R²: -0.221097
  Trial time: 29.5s
[I 2026-03-13 06:50:18,543] Trial 1305 finished with value: 4.702676556210586e-06 and parameters: {'lambda_P': 1.1652040243754247, 'lambda_B': 1.599941474480336, 'lambda_G': 1.1217434630961967, 'n_estimators': 5613, 'max_depth': 18, 'learning_rate': 0.002513069393961833, 'subsample': 0.789719256524819, 'colsample_bytree': 0.47360542520449944, 'colsample_bylevel': 0.6628018406792794, 'reg_alpha': 0.7200539360601943, 'reg_lambda': 3.609059868646143, 'gamma': 0.0003987286111438763, 'min_child_weight': 11}. Best is trial 1267 with value: 3.067840594549508e-06.

[Trial 1321/5000] Starting at 06:50:18
  Lambdas: P=1.228, B=1.225, G=0.930
  XGBoost params: n_estimators=6610, max_depth=13
  Starting cross-validation...
  Trial 1318 MSE: 0.000005 | MAPE: 0.16% | R²: -0.314049
  Trial time: 2.8s
[I 2026-03-13 06:50:19,477] Trial 1318 finished with value: 5.076887518448612e-06 and parameters: {'lambda_P': 1.024844715992651, 'lambda_B': 1.9497733309840872, 'lambda_G': 1.3575756934839385, 'n_estimators': 370, 'max_depth': 12, 'learning_rate': 0.1102772566489789, 'subsample': 0.8359223186667148, 'colsample_bytree': 0.6454411615572719, 'colsample_bylevel': 0.3002342404271201, 'reg_alpha': 0.6835469129729644, 'reg_lambda': 8.747415933703497, 'gamma': 0.002042486196874454, 'min_child_weight': 12}. Best is trial 1267 with value: 3.067840594549508e-06.

[Trial 1322/5000] Starting at 06:50:19
  Lambdas: P=1.096, B=0.940, G=1.062
  Trial 1301 MSE: 0.000005 | MAPE: 0.16% | R²: -0.314049
  Trial time: 40.8s
  XGBoost params: n_estimators=1741, max_depth=11
[I 2026-03-13 06:50:20,057] Trial 1301 finished with value: 5.076887518448612e-06 and parameters: {'lambda_P': 0.7724860231004531, 'lambda_B': 1.5353787355314472, 'lambda_G': 1.3649095876519193, 'n_estimators': 8058, 'max_depth': 6, 'learning_rate': 0.0024868235882495038, 'subsample': 0.7593238129959872, 'colsample_bytree': 0.57849457871548, 'colsample_bylevel': 0.4029499871331713, 'reg_alpha': 1.8802780470815048, 'reg_lambda': 8.068128595654924, 'gamma': 0.00010179627264028251, 'min_child_weight': 2}. Best is trial 1267 with value: 3.067840594549508e-06.
  Starting cross-validation...

[Trial 1323/5000] Starting at 06:50:20
  Lambdas: P=1.060, B=1.220, G=0.912
  XGBoost params: n_estimators=5178, max_depth=7
  Starting cross-validation...
  Trial 1307 MSE: 0.000005 | MAPE: 0.16% | R²: -0.223823
  Trial time: 29.9s
[I 2026-03-13 06:50:21,059] Trial 1307 finished with value: 4.747549234260938e-06 and parameters: {'lambda_P': 1.2281741677009923, 'lambda_B': 1.075925928990363, 'lambda_G': 1.281559510134738, 'n_estimators': 5802, 'max_depth': 12, 'learning_rate': 0.015016656224064074, 'subsample': 0.8563676930078074, 'colsample_bytree': 0.5860452010002318, 'colsample_bylevel': 0.4906607347992613, 'reg_alpha': 0.9677387587375013, 'reg_lambda': 1.581139181024283, 'gamma': 0.00021014947851447118, 'min_child_weight': 13}. Best is trial 1267 with value: 3.067840594549508e-06.

[Trial 1324/5000] Starting at 06:50:21
  Lambdas: P=0.818, B=1.844, G=1.512
  Trial 1306 MSE: 0.000005 | MAPE: 0.16% | R²: -0.300129
  Trial time: 31.1s
  XGBoost params: n_estimators=4818, max_depth=9
  Starting cross-validation...
[I 2026-03-13 06:50:21,619] Trial 1306 finished with value: 5.039402515913342e-06 and parameters: {'lambda_P': 0.8961379058852461, 'lambda_B': 1.880273055944561, 'lambda_G': 1.6855570820909638, 'n_estimators': 6631, 'max_depth': 6, 'learning_rate': 0.008854674938570629, 'subsample': 0.7223617297279938, 'colsample_bytree': 0.5037111977621213, 'colsample_bylevel': 0.6054409227878965, 'reg_alpha': 0.9333638405884325, 'reg_lambda': 8.35880314132321, 'gamma': 0.0004194277278721715, 'min_child_weight': 3}. Best is trial 1267 with value: 3.067840594549508e-06.

[Trial 1325/5000] Starting at 06:50:21
  Lambdas: P=1.060, B=1.556, G=0.865
  XGBoost params: n_estimators=4202, max_depth=5
  Starting cross-validation...
  Trial 1308 MSE: 0.000005 | MAPE: 0.16% | R²: -0.314049
  Trial time: 30.6s
[I 2026-03-13 06:50:22,522] Trial 1308 finished with value: 5.076887518448612e-06 and parameters: {'lambda_P': 1.0548325796239613, 'lambda_B': 1.80069929609329, 'lambda_G': 1.55766343738193, 'n_estimators': 6629, 'max_depth': 6, 'learning_rate': 0.00235862052463967, 'subsample': 0.8327650138511044, 'colsample_bytree': 0.42988640892044117, 'colsample_bylevel': 0.30507216990221725, 'reg_alpha': 1.9398885604011011, 'reg_lambda': 7.725920574775685, 'gamma': 0.00010524260115408011, 'min_child_weight': 6}. Best is trial 1267 with value: 3.067840594549508e-06.

[Trial 1326/5000] Starting at 06:50:22
  Lambdas: P=1.430, B=1.486, G=1.378
  XGBoost params: n_estimators=1731, max_depth=16
  Starting cross-validation...
  Trial 1304 MSE: 0.000004 | MAPE: 0.16% | R²: -0.196088
  Trial time: 39.5s
[I 2026-03-13 06:50:26,837] Trial 1304 finished with value: 4.493579752812529e-06 and parameters: {'lambda_P': 1.1189616144701604, 'lambda_B': 1.7233410552630708, 'lambda_G': 1.672671060665455, 'n_estimators': 7669, 'max_depth': 7, 'learning_rate': 0.0013486111138081183, 'subsample': 0.8125959173923774, 'colsample_bytree': 0.6465254249617396, 'colsample_bylevel': 0.510887718355901, 'reg_alpha': 0.1902625324145809, 'reg_lambda': 9.435534468630578, 'gamma': 0.0013220800275262862, 'min_child_weight': 1}. Best is trial 1267 with value: 3.067840594549508e-06.

[Trial 1327/5000] Starting at 06:50:26
  Lambdas: P=1.093, B=1.542, G=0.682
  XGBoost params: n_estimators=6949, max_depth=14
  Starting cross-validation...
  Trial 1321 MSE: 0.000004 | MAPE: 0.15% | R²: -0.081814
  Trial time: 9.7s
[I 2026-03-13 06:50:29,391] Trial 1321 finished with value: 3.863402927381438e-06 and parameters: {'lambda_P': 1.096201161678167, 'lambda_B': 0.9397531954584744, 'lambda_G': 1.0619686397679886, 'n_estimators': 1741, 'max_depth': 11, 'learning_rate': 0.23215641827092937, 'subsample': 0.6220483751526799, 'colsample_bytree': 0.6809847931718715, 'colsample_bylevel': 0.3902667358700779, 'reg_alpha': 0.3450154573685883, 'reg_lambda': 0.30262995539383863, 'gamma': 0.00011760248561565835, 'min_child_weight': 7}. Best is trial 1267 with value: 3.067840594549508e-06.

[Trial 1328/5000] Starting at 06:50:29
  Trial 1315 MSE: 0.000003 | MAPE: 0.14% | R²: 0.002101
  Trial time: 18.8s
[I 2026-03-13 06:50:29,691] Trial 1315 finished with value: 3.4979836428702874e-06 and parameters: {'lambda_P': 1.2501441420494948, 'lambda_B': 1.6798007446843288, 'lambda_G': 1.32022545186089, 'n_estimators': 3357, 'max_depth': 7, 'learning_rate': 0.047431394533271186, 'subsample': 0.6609571837259144, 'colsample_bytree': 0.6537392124869761, 'colsample_bylevel': 0.32593873870460627, 'reg_alpha': 0.18448336762338133, 'reg_lambda': 5.549717199470544, 'gamma': 0.00012988600058401288, 'min_child_weight': 6}. Best is trial 1267 with value: 3.067840594549508e-06.

[Trial 1329/5000] Starting at 06:50:29
  Lambdas: P=0.786, B=1.484, G=1.021
  XGBoost params: n_estimators=5470, max_depth=11
  Starting cross-validation...
  Lambdas: P=1.150, B=1.512, G=1.223
  XGBoost params: n_estimators=5758, max_depth=12
  Starting cross-validation...
  Trial 1325 MSE: 0.000004 | MAPE: 0.15% | R²: -0.123995
  Trial time: 7.9s
[I 2026-03-13 06:50:30,652] Trial 1325 finished with value: 4.183082736852614e-06 and parameters: {'lambda_P': 1.4304034396250602, 'lambda_B': 1.4859995036400195, 'lambda_G': 1.3780730998989856, 'n_estimators': 1731, 'max_depth': 16, 'learning_rate': 0.006062601842528348, 'subsample': 0.7639550870306688, 'colsample_bytree': 0.6686664918320863, 'colsample_bylevel': 0.336531572168286, 'reg_alpha': 0.47662785514044265, 'reg_lambda': 1.3906489058276612, 'gamma': 0.0002595425530913059, 'min_child_weight': 11}. Best is trial 1267 with value: 3.067840594549508e-06.

[Trial 1330/5000] Starting at 06:50:30
  Trial 1312 MSE: 0.000004 | MAPE: 0.14% | R²: -0.008447
  Trial time: 28.1s
[I 2026-03-13 06:50:30,958] Trial 1312 finished with value: 3.587949968520745e-06 and parameters: {'lambda_P': 1.1707731666356909, 'lambda_B': 1.6562898308932112, 'lambda_G': 1.0107625430616383, 'n_estimators': 5312, 'max_depth': 20, 'learning_rate': 0.009882870843641329, 'subsample': 0.8102080473598288, 'colsample_bytree': 0.32370602825361894, 'colsample_bylevel': 0.6044993942264093, 'reg_alpha': 0.3517693717240803, 'reg_lambda': 4.893836899326896, 'gamma': 0.00011302506021972554, 'min_child_weight': 10}. Best is trial 1267 with value: 3.067840594549508e-06.

[Trial 1331/5000] Starting at 06:50:31
  Lambdas: P=0.987, B=1.659, G=1.163
  XGBoost params: n_estimators=4837, max_depth=9
  Starting cross-validation...
  Lambdas: P=1.832, B=0.957, G=0.683
  Trial 1314 MSE: 0.000004 | MAPE: 0.14% | R²: -0.041943
  Trial time: 22.0s
[I 2026-03-13 06:50:31,571] Trial 1314 finished with value: 3.667057393326601e-06 and parameters: {'lambda_P': 1.4671673614064917, 'lambda_B': 1.092287523171151, 'lambda_G': 1.4087000379751764, 'n_estimators': 4313, 'max_depth': 12, 'learning_rate': 0.007066570794902411, 'subsample': 0.799722552380513, 'colsample_bytree': 0.4214937328951046, 'colsample_bylevel': 0.34126398947002345, 'reg_alpha': 0.23245064907634305, 'reg_lambda': 2.147077507958268, 'gamma': 0.0002638858243532158, 'min_child_weight': 9}. Best is trial 1267 with value: 3.067840594549508e-06.
  XGBoost params: n_estimators=505, max_depth=11
  Starting cross-validation...

[Trial 1332/5000] Starting at 06:50:31
  Lambdas: P=1.167, B=1.850, G=0.613
  XGBoost params: n_estimators=848, max_depth=16
  Starting cross-validation...
  Trial 1330 MSE: 0.000005 | MAPE: 0.16% | R²: -0.298537
  Trial time: 2.4s
[I 2026-03-13 06:50:33,555] Trial 1330 finished with value: 5.020466551966083e-06 and parameters: {'lambda_P': 1.8324522427715597, 'lambda_B': 0.9565893799245254, 'lambda_G': 0.6832394730751845, 'n_estimators': 505, 'max_depth': 11, 'learning_rate': 0.013943848473959922, 'subsample': 0.848702381356261, 'colsample_bytree': 0.3937378741445984, 'colsample_bylevel': 0.6945883451100867, 'reg_alpha': 0.11761077936612258, 'reg_lambda': 8.208912400390862, 'gamma': 0.003402376546908638, 'min_child_weight': 10}. Best is trial 1267 with value: 3.067840594549508e-06.

[Trial 1333/5000] Starting at 06:50:33
  Lambdas: P=1.135, B=1.936, G=1.168
  XGBoost params: n_estimators=8313, max_depth=20
  Starting cross-validation...
  Trial 1331 MSE: 0.000005 | MAPE: 0.16% | R²: -0.221103
  Trial time: 4.0s
[I 2026-03-13 06:50:35,816] Trial 1331 finished with value: 4.658346037148552e-06 and parameters: {'lambda_P': 1.166849010079708, 'lambda_B': 1.8496486354673598, 'lambda_G': 0.6125266566330585, 'n_estimators': 848, 'max_depth': 16, 'learning_rate': 0.1760143100166894, 'subsample': 0.8587296610179622, 'colsample_bytree': 0.6971578001881324, 'colsample_bylevel': 0.4513530630342982, 'reg_alpha': 0.3519270802755476, 'reg_lambda': 5.152508630435571, 'gamma': 0.0016145752988489085, 'min_child_weight': 14}. Best is trial 1267 with value: 3.067840594549508e-06.

[Trial 1334/5000] Starting at 06:50:35
  Lambdas: P=1.147, B=1.201, G=0.865
  XGBoost params: n_estimators=5823, max_depth=11
  Starting cross-validation...
  Trial 1311 MSE: 0.000004 | MAPE: 0.15% | R²: -0.110287
  Trial time: 37.6s
[I 2026-03-13 06:50:39,559] Trial 1311 finished with value: 4.071244735943378e-06 and parameters: {'lambda_P': 0.865524719092476, 'lambda_B': 1.0094832333901378, 'lambda_G': 0.8444744641382198, 'n_estimators': 7093, 'max_depth': 9, 'learning_rate': 0.019373187829941043, 'subsample': 0.7629755056577114, 'colsample_bytree': 0.48472735975783154, 'colsample_bylevel': 0.44361792288959284, 'reg_alpha': 0.3671347579887671, 'reg_lambda': 0.9364831500058178, 'gamma': 0.00035903485216163503, 'min_child_weight': 11}. Best is trial 1267 with value: 3.067840594549508e-06.

[Trial 1335/5000] Starting at 06:50:39
  Lambdas: P=1.283, B=1.640, G=1.578
  XGBoost params: n_estimators=4434, max_depth=14
  Starting cross-validation...
  Trial 1324 MSE: 0.000004 | MAPE: 0.14% | R²: -0.000280
  Trial time: 18.5s
[I 2026-03-13 06:50:40,371] Trial 1324 finished with value: 3.5230748236677796e-06 and parameters: {'lambda_P': 1.059829062356578, 'lambda_B': 1.5557472050222794, 'lambda_G': 0.8649474164037922, 'n_estimators': 4202, 'max_depth': 5, 'learning_rate': 0.008885602934692847, 'subsample': 0.8364557259402434, 'colsample_bytree': 0.5040899511945605, 'colsample_bylevel': 0.41492964963216433, 'reg_alpha': 0.24866560997437043, 'reg_lambda': 1.59351901047285, 'gamma': 0.00014568022324702314, 'min_child_weight': 11}. Best is trial 1267 with value: 3.067840594549508e-06.

[Trial 1336/5000] Starting at 06:50:40
  Lambdas: P=0.560, B=1.324, G=0.740
  XGBoost params: n_estimators=540, max_depth=4
  Starting cross-validation...
  Trial 1319 MSE: 0.000004 | MAPE: 0.15% | R²: -0.131957
  Trial time: 24.8s
[I 2026-03-13 06:50:41,996] Trial 1319 finished with value: 4.284734867785626e-06 and parameters: {'lambda_P': 1.0213810366670608, 'lambda_B': 1.2466986805984992, 'lambda_G': 1.1510953458908522, 'n_estimators': 4885, 'max_depth': 8, 'learning_rate': 0.011454956629544226, 'subsample': 0.8618079801486436, 'colsample_bytree': 0.4638014067816233, 'colsample_bylevel': 0.31713315114300267, 'reg_alpha': 0.7587331403949852, 'reg_lambda': 0.8283228649612261, 'gamma': 0.0001281993461000627, 'min_child_weight': 14}. Best is trial 1267 with value: 3.067840594549508e-06.

[Trial 1337/5000] Starting at 06:50:42
  Lambdas: P=1.010, B=1.898, G=0.762
  XGBoost params: n_estimators=3483, max_depth=11
  Starting cross-validation...
  Trial 1335 MSE: 0.000004 | MAPE: 0.14% | R²: 0.003516
  Trial time: 2.4s
[I 2026-03-13 06:50:42,962] Trial 1335 finished with value: 3.535684011355681e-06 and parameters: {'lambda_P': 0.560159500979407, 'lambda_B': 1.323772793203171, 'lambda_G': 0.7400139293343873, 'n_estimators': 540, 'max_depth': 4, 'learning_rate': 0.011510622468947181, 'subsample': 0.6881007583206636, 'colsample_bytree': 0.8264012204629495, 'colsample_bylevel': 0.3276675520306286, 'reg_alpha': 0.20715524127383828, 'reg_lambda': 6.737354831571016, 'gamma': 0.00013367621141568528, 'min_child_weight': 8}. Best is trial 1267 with value: 3.067840594549508e-06.

[Trial 1338/5000] Starting at 06:50:43
  Trial 1317 MSE: 0.000004 | MAPE: 0.14% | R²: -0.031684
  Trial time: 29.9s
[I 2026-03-13 06:50:43,186] Trial 1317 finished with value: 3.6830448364026894e-06 and parameters: {'lambda_P': 1.0801168056251054, 'lambda_B': 1.9234535418066325, 'lambda_G': 1.1874770486682797, 'n_estimators': 5558, 'max_depth': 13, 'learning_rate': 0.02316417987116917, 'subsample': 0.6280211287636779, 'colsample_bytree': 0.6676502443734641, 'colsample_bylevel': 0.3012705095830107, 'reg_alpha': 0.24297825161018843, 'reg_lambda': 2.396390075928705, 'gamma': 0.00016056878674038642, 'min_child_weight': 10}. Best is trial 1267 with value: 3.067840594549508e-06.

[Trial 1339/5000] Starting at 06:50:43
  Lambdas: P=1.452, B=1.324, G=0.668
  XGBoost params: n_estimators=7296, max_depth=9
  Starting cross-validation...
  Lambdas: P=1.490, B=1.340, G=0.979
  XGBoost params: n_estimators=2695, max_depth=8
  Starting cross-validation...
  Trial 1323 MSE: 0.000003 | MAPE: 0.14% | R²: 0.011067
  Trial time: 24.5s
[I 2026-03-13 06:50:45,825] Trial 1323 finished with value: 3.4881330978985815e-06 and parameters: {'lambda_P': 0.8181653859781128, 'lambda_B': 1.8435281551837481, 'lambda_G': 1.5115544194534878, 'n_estimators': 4818, 'max_depth': 9, 'learning_rate': 0.013245994887565202, 'subsample': 0.9091701254416367, 'colsample_bytree': 0.6383780669921431, 'colsample_bylevel': 0.4902493750592345, 'reg_alpha': 0.13820799725130775, 'reg_lambda': 9.99919308107221, 'gamma': 0.00021518093883040882, 'min_child_weight': 15}. Best is trial 1267 with value: 3.067840594549508e-06.

[Trial 1340/5000] Starting at 06:50:45
  Lambdas: P=1.387, B=1.786, G=0.985
  XGBoost params: n_estimators=4103, max_depth=11
  Starting cross-validation...
  Trial 1313 MSE: 0.000003 | MAPE: 0.13% | R²: 0.054983
  Trial time: 42.2s
[I 2026-03-13 06:50:46,939] Trial 1313 finished with value: 3.1997966889326855e-06 and parameters: {'lambda_P': 1.5185996084612827, 'lambda_B': 0.9690776859020008, 'lambda_G': 1.0562075758680654, 'n_estimators': 7268, 'max_depth': 7, 'learning_rate': 0.0022317695557796478, 'subsample': 0.8084358193545444, 'colsample_bytree': 0.4146436960362966, 'colsample_bylevel': 0.6501013564344271, 'reg_alpha': 0.07469902939816002, 'reg_lambda': 2.754705141265907, 'gamma': 0.00011081230934459444, 'min_child_weight': 7}. Best is trial 1267 with value: 3.067840594549508e-06.

[Trial 1341/5000] Starting at 06:50:47
  Lambdas: P=1.479, B=0.787, G=0.667
  XGBoost params: n_estimators=8237, max_depth=7
  Starting cross-validation...
  Trial 1322 MSE: 0.000005 | MAPE: 0.16% | R²: -0.314049
  Trial time: 27.4s
[I 2026-03-13 06:50:47,651] Trial 1322 finished with value: 5.076887518448612e-06 and parameters: {'lambda_P': 1.0600512475377262, 'lambda_B': 1.2196054371175087, 'lambda_G': 0.9123555635468416, 'n_estimators': 5178, 'max_depth': 7, 'learning_rate': 0.006945417502065835, 'subsample': 0.947848845046173, 'colsample_bytree': 0.939852842122875, 'colsample_bylevel': 0.5398806666078146, 'reg_alpha': 3.364191246369993, 'reg_lambda': 6.162284571509543, 'gamma': 0.00029444348193819885, 'min_child_weight': 1}. Best is trial 1267 with value: 3.067840594549508e-06.

[Trial 1342/5000] Starting at 06:50:47
  Lambdas: P=1.343, B=1.083, G=0.948
  XGBoost params: n_estimators=6888, max_depth=5
  Starting cross-validation...
  Trial 1320 MSE: 0.000005 | MAPE: 0.16% | R²: -0.314049
  Trial time: 34.3s
[I 2026-03-13 06:50:53,053] Trial 1320 finished with value: 5.076887518448612e-06 and parameters: {'lambda_P': 1.2276437033132843, 'lambda_B': 1.2247020300050488, 'lambda_G': 0.9303818611793498, 'n_estimators': 6610, 'max_depth': 13, 'learning_rate': 0.005460097617298251, 'subsample': 0.829414413771751, 'colsample_bytree': 0.6436136217286784, 'colsample_bylevel': 0.46563137629775136, 'reg_alpha': 1.7628774281620365, 'reg_lambda': 2.766467685274738, 'gamma': 0.0001527381737289981, 'min_child_weight': 15}. Best is trial 1267 with value: 3.067840594549508e-06.

[Trial 1343/5000] Starting at 06:50:53
  Lambdas: P=1.404, B=0.906, G=1.054
  XGBoost params: n_estimators=7036, max_depth=3
  Starting cross-validation...
  Trial 1329 MSE: 0.000004 | MAPE: 0.15% | R²: -0.077631
  Trial time: 24.6s
[I 2026-03-13 06:50:55,471] Trial 1329 finished with value: 3.941248090792842e-06 and parameters: {'lambda_P': 0.9866156737626518, 'lambda_B': 1.6587544812881978, 'lambda_G': 1.1627438774136103, 'n_estimators': 4837, 'max_depth': 9, 'learning_rate': 0.006255279699831691, 'subsample': 0.7218601900451767, 'colsample_bytree': 0.5192392346317286, 'colsample_bylevel': 0.31827290668820496, 'reg_alpha': 0.4389255815780802, 'reg_lambda': 1.2747591929027084, 'gamma': 0.00013067208380128159, 'min_child_weight': 10}. Best is trial 1267 with value: 3.067840594549508e-06.

[Trial 1344/5000] Starting at 06:50:55
  Lambdas: P=1.545, B=0.738, G=0.733
  XGBoost params: n_estimators=8717, max_depth=10
  Starting cross-validation...
  Trial 1338 MSE: 0.000004 | MAPE: 0.16% | R²: -0.169588
  Trial time: 12.7s
[I 2026-03-13 06:50:56,070] Trial 1338 finished with value: 4.469061355448112e-06 and parameters: {'lambda_P': 1.4899898805604703, 'lambda_B': 1.3396462768971569, 'lambda_G': 0.978884662642623, 'n_estimators': 2695, 'max_depth': 8, 'learning_rate': 0.2282039502937254, 'subsample': 0.8702647713748581, 'colsample_bytree': 0.9327792769841353, 'colsample_bylevel': 0.30297793355325536, 'reg_alpha': 0.2584523421341605, 'reg_lambda': 3.128373918004074, 'gamma': 0.0018043755345927507, 'min_child_weight': 4}. Best is trial 1267 with value: 3.067840594549508e-06.

[Trial 1345/5000] Starting at 06:50:56
  Lambdas: P=1.937, B=0.643, G=0.753
  XGBoost params: n_estimators=6857, max_depth=7
  Starting cross-validation...
  Trial 1327 MSE: 0.000004 | MAPE: 0.15% | R²: -0.068125
  Trial time: 29.2s
[I 2026-03-13 06:50:58,768] Trial 1327 finished with value: 3.894844115661145e-06 and parameters: {'lambda_P': 0.7861783812282812, 'lambda_B': 1.4841172746441802, 'lambda_G': 1.0214320270798083, 'n_estimators': 5470, 'max_depth': 11, 'learning_rate': 0.014109327100237535, 'subsample': 0.9327923634071408, 'colsample_bytree': 0.9818549837181717, 'colsample_bylevel': 0.3402024390805508, 'reg_alpha': 0.46559796157310546, 'reg_lambda': 5.135298653794434, 'gamma': 0.0002165202086725646, 'min_child_weight': 2}. Best is trial 1267 with value: 3.067840594549508e-06.

[Trial 1346/5000] Starting at 06:50:58
  Lambdas: P=0.865, B=1.684, G=0.924
  XGBoost params: n_estimators=5065, max_depth=13
  Starting cross-validation...
  Trial 1336 MSE: 0.000005 | MAPE: 0.16% | R²: -0.314049
  Trial time: 17.4s
