[I 2026-03-13 07:06:20,885] Trial 1849 finished with value: 3.3034849937111586e-06 and parameters: {'lambda_P': 1.4891173398699662, 'lambda_B': 1.9876265647276823, 'lambda_G': 1.431872263782004, 'n_estimators': 5436, 'max_depth': 9, 'learning_rate': 0.022079251779882788, 'subsample': 0.7786637005755528, 'colsample_bytree': 0.6360772138717156, 'colsample_bylevel': 0.5358378059947052, 'reg_alpha': 0.03342186168284712, 'reg_lambda': 8.97185109609986, 'gamma': 0.00016945784084481226, 'min_child_weight': 15}. Best is trial 1422 with value: 2.996031181594198e-06.

[Trial 1860/5000] Starting at 07:06:20
  Trial 1840 MSE: 0.000005 | MAPE: 0.16% | R²: -0.314049
  Trial time: 38.8s
[I 2026-03-13 07:06:21,325] Trial 1840 finished with value: 5.076887518448612e-06 and parameters: {'lambda_P': 1.9219987089218558, 'lambda_B': 1.869350169160483, 'lambda_G': 1.6337009394855408, 'n_estimators': 8493, 'max_depth': 3, 'learning_rate': 0.038527958384783234, 'subsample': 0.6048824232459227, 'colsample_bytree': 0.7860937217708279, 'colsample_bylevel': 0.44959605946497616, 'reg_alpha': 1.1214558299479302, 'reg_lambda': 9.629237790707299, 'gamma': 0.0008904244781535215, 'min_child_weight': 10}. Best is trial 1422 with value: 2.996031181594198e-06.

[Trial 1861/5000] Starting at 07:06:21
  Lambdas: P=0.986, B=1.916, G=1.364
  XGBoost params: n_estimators=591, max_depth=12
  Starting cross-validation...
  Lambdas: P=0.630, B=1.900, G=0.783
  XGBoost params: n_estimators=6187, max_depth=20
  Starting cross-validation...
  Trial 1856 MSE: 0.000005 | MAPE: 0.16% | R²: -0.314049
  Trial time: 11.6s
[I 2026-03-13 07:06:22,438] Trial 1856 finished with value: 5.076887518448612e-06 and parameters: {'lambda_P': 0.8512282428784559, 'lambda_B': 1.5506921407580727, 'lambda_G': 1.3290715960653372, 'n_estimators': 2575, 'max_depth': 19, 'learning_rate': 0.01424671600307396, 'subsample': 0.8901870884436374, 'colsample_bytree': 0.942800701930611, 'colsample_bylevel': 0.5007581488083784, 'reg_alpha': 2.9545781051373714, 'reg_lambda': 5.569153347947763, 'gamma': 0.00013502071273270935, 'min_child_weight': 9}. Best is trial 1422 with value: 2.996031181594198e-06.

[Trial 1862/5000] Starting at 07:06:22
  Lambdas: P=1.581, B=1.233, G=1.337
  XGBoost params: n_estimators=8697, max_depth=12
  Starting cross-validation...
  Trial 1859 MSE: 0.000005 | MAPE: 0.16% | R²: -0.314049
  Trial time: 3.5s
[I 2026-03-13 07:06:24,560] Trial 1859 finished with value: 5.076887518448612e-06 and parameters: {'lambda_P': 0.986047387989256, 'lambda_B': 1.9160284763615434, 'lambda_G': 1.3635360894335935, 'n_estimators': 591, 'max_depth': 12, 'learning_rate': 0.013160060297299539, 'subsample': 0.844149883177347, 'colsample_bytree': 0.6717644990156598, 'colsample_bylevel': 0.7112647865038031, 'reg_alpha': 1.4070086928577021, 'reg_lambda': 1.9048188779227222, 'gamma': 0.01775616416588556, 'min_child_weight': 20}. Best is trial 1422 with value: 2.996031181594198e-06.

[Trial 1863/5000] Starting at 07:06:24
  Trial 1841 MSE: 0.000005 | MAPE: 0.16% | R²: -0.314049
  Trial time: 39.8s
[I 2026-03-13 07:06:24,755] Trial 1841 finished with value: 5.076887518448612e-06 and parameters: {'lambda_P': 0.9167992086453575, 'lambda_B': 0.6160552531080185, 'lambda_G': 0.5318222005434196, 'n_estimators': 7656, 'max_depth': 15, 'learning_rate': 0.02532224226056746, 'subsample': 0.9329964564571909, 'colsample_bytree': 0.864130222960545, 'colsample_bylevel': 0.8933308211303065, 'reg_alpha': 9.658073750872084, 'reg_lambda': 7.747829358043836, 'gamma': 0.0002926977110708, 'min_child_weight': 14}. Best is trial 1422 with value: 2.996031181594198e-06.

[Trial 1864/5000] Starting at 07:06:24
  Lambdas: P=0.754, B=1.735, G=0.794
  Lambdas: P=0.980, B=1.472, G=1.401
  XGBoost params: n_estimators=9229, max_depth=20
  Starting cross-validation...
  XGBoost params: n_estimators=1821, max_depth=3
  Starting cross-validation...
  Trial 1843 MSE: 0.000005 | MAPE: 0.16% | R²: -0.314049
  Trial time: 42.6s
[I 2026-03-13 07:06:29,126] Trial 1843 finished with value: 5.076887518448612e-06 and parameters: {'lambda_P': 1.750160675020193, 'lambda_B': 1.0954180349898996, 'lambda_G': 1.0741053880225642, 'n_estimators': 8537, 'max_depth': 9, 'learning_rate': 0.0013241694647294715, 'subsample': 0.760911953927894, 'colsample_bytree': 0.4689007555667374, 'colsample_bylevel': 0.7214052221602814, 'reg_alpha': 0.9809445716988571, 'reg_lambda': 3.2667291121693554, 'gamma': 0.000710326868175735, 'min_child_weight': 7}. Best is trial 1422 with value: 2.996031181594198e-06.

[Trial 1865/5000] Starting at 07:06:29
  Lambdas: P=1.049, B=1.558, G=0.859
  XGBoost params: n_estimators=4813, max_depth=20
  Starting cross-validation...
  Trial 1850 MSE: 0.000004 | MAPE: 0.14% | R²: -0.027541
  Trial time: 30.1s
[I 2026-03-13 07:06:30,724] Trial 1850 finished with value: 3.6214521070398482e-06 and parameters: {'lambda_P': 0.5907380552886032, 'lambda_B': 1.6991740954156485, 'lambda_G': 0.6379215829240317, 'n_estimators': 6427, 'max_depth': 20, 'learning_rate': 0.011432327931299214, 'subsample': 0.9879085532575363, 'colsample_bytree': 0.3094433616620633, 'colsample_bylevel': 0.5785391087629745, 'reg_alpha': 0.29494648131366674, 'reg_lambda': 5.928498918820108, 'gamma': 0.0002556962328614194, 'min_child_weight': 2}. Best is trial 1422 with value: 2.996031181594198e-06.

[Trial 1866/5000] Starting at 07:06:30
  Lambdas: P=1.841, B=1.125, G=1.010
  XGBoost params: n_estimators=6152, max_depth=8
  Starting cross-validation...
  Trial 1846 MSE: 0.000004 | MAPE: 0.14% | R²: -0.045722
  Trial time: 42.5s
[I 2026-03-13 07:06:31,951] Trial 1846 finished with value: 3.7709750953839003e-06 and parameters: {'lambda_P': 0.7912482685925922, 'lambda_B': 1.9263473404725895, 'lambda_G': 1.4021993594030022, 'n_estimators': 9172, 'max_depth': 19, 'learning_rate': 0.0018126351865411939, 'subsample': 0.8773964494319361, 'colsample_bytree': 0.6921013630304336, 'colsample_bylevel': 0.306178322314138, 'reg_alpha': 0.45283804341140843, 'reg_lambda': 0.09980276541304689, 'gamma': 0.000112454376469527, 'min_child_weight': 2}. Best is trial 1422 with value: 2.996031181594198e-06.

[Trial 1867/5000] Starting at 07:06:32
  Lambdas: P=1.270, B=1.955, G=1.242
  XGBoost params: n_estimators=1421, max_depth=18
  Starting cross-validation...
  Trial 1852 MSE: 0.000005 | MAPE: 0.16% | R²: -0.314049
  Trial time: 28.0s
[I 2026-03-13 07:06:32,971] Trial 1852 finished with value: 5.076887518448612e-06 and parameters: {'lambda_P': 0.6050367844844428, 'lambda_B': 1.5098924483218847, 'lambda_G': 1.1691517878812667, 'n_estimators': 6156, 'max_depth': 19, 'learning_rate': 0.008485152497378677, 'subsample': 0.9854868332140658, 'colsample_bytree': 0.31386649423545154, 'colsample_bylevel': 0.5736847499200732, 'reg_alpha': 2.2175192993660984, 'reg_lambda': 0.44748331158209886, 'gamma': 0.0003193433243152092, 'min_child_weight': 10}. Best is trial 1422 with value: 2.996031181594198e-06.

[Trial 1868/5000] Starting at 07:06:33
  Trial 1854 MSE: 0.000005 | MAPE: 0.16% | R²: -0.314049
  Trial time: 23.7s
[I 2026-03-13 07:06:33,208] Trial 1854 finished with value: 5.076887518448612e-06 and parameters: {'lambda_P': 0.9953783005078777, 'lambda_B': 0.7308465912604808, 'lambda_G': 1.1567702220979845, 'n_estimators': 5114, 'max_depth': 7, 'learning_rate': 0.02139816039747975, 'subsample': 0.9673132568439957, 'colsample_bytree': 0.3291677302882265, 'colsample_bylevel': 0.3798403305367073, 'reg_alpha': 8.430635517407259, 'reg_lambda': 5.098876124810076, 'gamma': 0.0003472852630793427, 'min_child_weight': 5}. Best is trial 1422 with value: 2.996031181594198e-06.

[Trial 1869/5000] Starting at 07:06:33
  Lambdas: P=1.149, B=1.467, G=0.796
  XGBoost params: n_estimators=6306, max_depth=20
  Starting cross-validation...
  Lambdas: P=1.330, B=1.991, G=0.864
  XGBoost params: n_estimators=4992, max_depth=2
  Starting cross-validation...
  Trial 1863 MSE: 0.000005 | MAPE: 0.16% | R²: -0.314049
  Trial time: 9.1s
[I 2026-03-13 07:06:34,053] Trial 1863 finished with value: 5.076887518448612e-06 and parameters: {'lambda_P': 0.9796326025690566, 'lambda_B': 1.4721583016118915, 'lambda_G': 1.401281391299142, 'n_estimators': 1821, 'max_depth': 3, 'learning_rate': 0.016668976914267834, 'subsample': 0.32340501969201874, 'colsample_bytree': 0.33228725022603406, 'colsample_bylevel': 0.5757156143320911, 'reg_alpha': 6.637219372538297, 'reg_lambda': 4.346193672459992, 'gamma': 0.00037204208447834755, 'min_child_weight': 15}. Best is trial 1422 with value: 2.996031181594198e-06.

[Trial 1870/5000] Starting at 07:06:34
  Lambdas: P=1.587, B=0.698, G=0.918
  XGBoost params: n_estimators=892, max_depth=17
  Starting cross-validation...
  Trial 1848 MSE: 0.000004 | MAPE: 0.15% | R²: -0.137001
  Trial time: 40.1s
[I 2026-03-13 07:06:37,849] Trial 1848 finished with value: 4.213602688053235e-06 and parameters: {'lambda_P': 1.1361526703067144, 'lambda_B': 1.8506323307413308, 'lambda_G': 1.014314356997902, 'n_estimators': 9206, 'max_depth': 15, 'learning_rate': 0.0054536743680983915, 'subsample': 0.9419357905235739, 'colsample_bytree': 0.5769641311056367, 'colsample_bylevel': 0.5106690234472492, 'reg_alpha': 0.46465132653349206, 'reg_lambda': 5.497973571680182, 'gamma': 0.000475120742123455, 'min_child_weight': 1}. Best is trial 1422 with value: 2.996031181594198e-06.

[Trial 1871/5000] Starting at 07:06:37
  Lambdas: P=0.688, B=1.600, G=1.213
  XGBoost params: n_estimators=5289, max_depth=20
  Starting cross-validation...
  Trial 1869 MSE: 0.000005 | MAPE: 0.16% | R²: -0.314049
  Trial time: 4.2s
[I 2026-03-13 07:06:38,495] Trial 1869 finished with value: 5.076887518448612e-06 and parameters: {'lambda_P': 1.5867518776933465, 'lambda_B': 0.697526856824327, 'lambda_G': 0.9183239561126689, 'n_estimators': 892, 'max_depth': 17, 'learning_rate': 0.003939052881545959, 'subsample': 0.6396239535151779, 'colsample_bytree': 0.8446472365411271, 'colsample_bylevel': 0.975875849814185, 'reg_alpha': 7.100154221242363, 'reg_lambda': 5.907848388870118, 'gamma': 0.04136100081962335, 'min_child_weight': 18}. Best is trial 1422 with value: 2.996031181594198e-06.

[Trial 1872/5000] Starting at 07:06:38
  Lambdas: P=1.015, B=1.201, G=1.546
  XGBoost params: n_estimators=7377, max_depth=3
  Starting cross-validation...
  Trial 1866 MSE: 0.000004 | MAPE: 0.15% | R²: -0.106950
  Trial time: 7.4s
[I 2026-03-13 07:06:39,527] Trial 1866 finished with value: 4.082498789429027e-06 and parameters: {'lambda_P': 1.269559159054179, 'lambda_B': 1.9553092956813667, 'lambda_G': 1.2416574751232552, 'n_estimators': 1421, 'max_depth': 18, 'learning_rate': 0.09354833333748341, 'subsample': 0.716166806625561, 'colsample_bytree': 0.6204719645015877, 'colsample_bylevel': 0.5290440567091063, 'reg_alpha': 0.47053294516334304, 'reg_lambda': 3.776428145938614, 'gamma': 0.00016443360877037516, 'min_child_weight': 13}. Best is trial 1422 with value: 2.996031181594198e-06.

[Trial 1873/5000] Starting at 07:06:39
  Lambdas: P=1.225, B=1.831, G=1.642
  XGBoost params: n_estimators=9140, max_depth=12
  Starting cross-validation...
  Trial 1851 MSE: 0.000003 | MAPE: 0.13% | R²: 0.092447
  Trial time: 37.5s
[I 2026-03-13 07:06:40,383] Trial 1851 finished with value: 3.1227933189346095e-06 and parameters: {'lambda_P': 1.999300866951802, 'lambda_B': 1.8954699244000888, 'lambda_G': 0.7978449837275714, 'n_estimators': 7410, 'max_depth': 13, 'learning_rate': 0.005542165682503651, 'subsample': 0.7792064720235128, 'colsample_bytree': 0.5098037380146572, 'colsample_bylevel': 0.7178205198363116, 'reg_alpha': 0.00713134353536209, 'reg_lambda': 1.8284209746926234, 'gamma': 0.00010574202885664736, 'min_child_weight': 7}. Best is trial 1422 with value: 2.996031181594198e-06.

[Trial 1874/5000] Starting at 07:06:40
  Lambdas: P=2.000, B=1.788, G=1.008
  XGBoost params: n_estimators=5549, max_depth=14
  Starting cross-validation...
  Trial 1855 MSE: 0.000005 | MAPE: 0.16% | R²: -0.314049
  Trial time: 33.7s
[I 2026-03-13 07:06:44,179] Trial 1855 finished with value: 5.076887518448612e-06 and parameters: {'lambda_P': 1.7673728470523973, 'lambda_B': 0.7139281350997497, 'lambda_G': 1.699325837664551, 'n_estimators': 7097, 'max_depth': 2, 'learning_rate': 0.48843997384089616, 'subsample': 0.9633838543923289, 'colsample_bytree': 0.8161820452025291, 'colsample_bylevel': 0.4484022720230091, 'reg_alpha': 4.24174025121216, 'reg_lambda': 9.713646236877054, 'gamma': 0.0032201946631122635, 'min_child_weight': 2}. Best is trial 1422 with value: 2.996031181594198e-06.

[Trial 1875/5000] Starting at 07:06:44
  Lambdas: P=1.881, B=1.754, G=0.856
  XGBoost params: n_estimators=6375, max_depth=7
  Starting cross-validation...
  Trial 1858 MSE: 0.000003 | MAPE: 0.14% | R²: 0.018743
  Trial time: 29.7s
[I 2026-03-13 07:06:48,368] Trial 1858 finished with value: 3.4386150551816014e-06 and parameters: {'lambda_P': 1.2939050592382018, 'lambda_B': 1.1648696041190862, 'lambda_G': 1.327729709941076, 'n_estimators': 6099, 'max_depth': 8, 'learning_rate': 0.001650198025779028, 'subsample': 0.8622024033315854, 'colsample_bytree': 0.32674683958845435, 'colsample_bylevel': 0.5229952997336406, 'reg_alpha': 0.24501437150709832, 'reg_lambda': 4.026027359831661, 'gamma': 0.00015390092314227253, 'min_child_weight': 5}. Best is trial 1422 with value: 2.996031181594198e-06.

[Trial 1876/5000] Starting at 07:06:48
  Lambdas: P=1.948, B=1.927, G=0.838
  XGBoost params: n_estimators=7512, max_depth=15
  Starting cross-validation...
  Trial 1860 MSE: 0.000005 | MAPE: 0.16% | R²: -0.286060
  Trial time: 28.7s
[I 2026-03-13 07:06:50,300] Trial 1860 finished with value: 5.00363433229508e-06 and parameters: {'lambda_P': 0.6299861238850726, 'lambda_B': 1.8999370749082016, 'lambda_G': 0.7833375079435415, 'n_estimators': 6187, 'max_depth': 20, 'learning_rate': 0.016991782000261767, 'subsample': 0.6391783402068688, 'colsample_bytree': 0.7197675488436105, 'colsample_bylevel': 0.37779643414841046, 'reg_alpha': 0.9914994544762791, 'reg_lambda': 3.4099605036546827, 'gamma': 0.0001151120229166869, 'min_child_weight': 19}. Best is trial 1422 with value: 2.996031181594198e-06.

[Trial 1877/5000] Starting at 07:06:50
  Lambdas: P=1.943, B=1.844, G=0.582
  XGBoost params: n_estimators=9404, max_depth=15
  Starting cross-validation...
  Trial 1864 MSE: 0.000005 | MAPE: 0.16% | R²: -0.314049
  Trial time: 22.2s
[I 2026-03-13 07:06:51,555] Trial 1864 finished with value: 5.076887518448612e-06 and parameters: {'lambda_P': 1.0487806958811752, 'lambda_B': 1.558344812266799, 'lambda_G': 0.8594556619288539, 'n_estimators': 4813, 'max_depth': 20, 'learning_rate': 0.01122112341776158, 'subsample': 0.8939988820851781, 'colsample_bytree': 0.31238455106166396, 'colsample_bylevel': 0.4346368586501782, 'reg_alpha': 2.163593937280175, 'reg_lambda': 4.642350696345017, 'gamma': 0.0009381616086464511, 'min_child_weight': 3}. Best is trial 1422 with value: 2.996031181594198e-06.

[Trial 1878/5000] Starting at 07:06:51
  Trial 1857 MSE: 0.000005 | MAPE: 0.16% | R²: -0.314049
  Trial time: 38.8s
[I 2026-03-13 07:06:51,733] Trial 1857 finished with value: 5.076887518448612e-06 and parameters: {'lambda_P': 1.2222928632603987, 'lambda_B': 1.9383172935680053, 'lambda_G': 1.202691798318235, 'n_estimators': 9660, 'max_depth': 9, 'learning_rate': 0.05187458971052264, 'subsample': 0.9496040974075752, 'colsample_bytree': 0.3286892922690947, 'colsample_bylevel': 0.3289472102990336, 'reg_alpha': 2.276563992908586, 'reg_lambda': 6.093850218365456, 'gamma': 0.00020349943958926058, 'min_child_weight': 1}. Best is trial 1422 with value: 2.996031181594198e-06.

[Trial 1879/5000] Starting at 07:06:51
  Lambdas: P=1.905, B=1.647, G=0.904
  XGBoost params: n_estimators=6888, max_depth=13
  Starting cross-validation...
  Lambdas: P=1.872, B=1.491, G=0.803
  XGBoost params: n_estimators=6407, max_depth=15
  Starting cross-validation...
  Trial 1868 MSE: 0.000005 | MAPE: 0.16% | R²: -0.314049
  Trial time: 22.9s
[I 2026-03-13 07:06:56,320] Trial 1868 finished with value: 5.076887518448612e-06 and parameters: {'lambda_P': 1.330420035155095, 'lambda_B': 1.9912564135543303, 'lambda_G': 0.8638921068078825, 'n_estimators': 4992, 'max_depth': 2, 'learning_rate': 0.0013248182361393981, 'subsample': 0.33354889730723253, 'colsample_bytree': 0.9617147376499329, 'colsample_bylevel': 0.8831621024718078, 'reg_alpha': 6.201528578322163, 'reg_lambda': 0.1154101124627811, 'gamma': 0.02170822940326835, 'min_child_weight': 10}. Best is trial 1422 with value: 2.996031181594198e-06.

[Trial 1880/5000] Starting at 07:06:56
  Lambdas: P=1.997, B=1.816, G=0.896
  XGBoost params: n_estimators=6731, max_depth=12
  Starting cross-validation...
  Trial 1867 MSE: 0.000005 | MAPE: 0.16% | R²: -0.314049
  Trial time: 26.4s
[I 2026-03-13 07:06:59,633] Trial 1867 finished with value: 5.076887518448612e-06 and parameters: {'lambda_P': 1.1493476084453813, 'lambda_B': 1.4671154475738026, 'lambda_G': 0.7961980548607268, 'n_estimators': 6306, 'max_depth': 20, 'learning_rate': 0.016351446832156353, 'subsample': 0.717650740030062, 'colsample_bytree': 0.8721306765231206, 'colsample_bylevel': 0.3279499792803652, 'reg_alpha': 7.359058305096283, 'reg_lambda': 6.794724887054513, 'gamma': 0.017119356813983737, 'min_child_weight': 4}. Best is trial 1422 with value: 2.996031181594198e-06.

[Trial 1881/5000] Starting at 07:06:59
  Lambdas: P=1.973, B=1.779, G=0.900
  XGBoost params: n_estimators=7532, max_depth=12
  Starting cross-validation...
  Trial 1865 MSE: 0.000005 | MAPE: 0.16% | R²: -0.314049
  Trial time: 29.7s
[I 2026-03-13 07:07:00,580] Trial 1865 finished with value: 5.076887518448612e-06 and parameters: {'lambda_P': 1.8414853930279436, 'lambda_B': 1.1252786548392066, 'lambda_G': 1.0102803284863764, 'n_estimators': 6152, 'max_depth': 8, 'learning_rate': 0.011717321138662003, 'subsample': 0.507229448354494, 'colsample_bytree': 0.8696521484197556, 'colsample_bylevel': 0.716561624752273, 'reg_alpha': 3.7625840963569592, 'reg_lambda': 7.636580497975828, 'gamma': 0.03851735529871316, 'min_child_weight': 2}. Best is trial 1422 with value: 2.996031181594198e-06.

[Trial 1882/5000] Starting at 07:07:00
  Lambdas: P=0.922, B=1.806, G=1.346
  XGBoost params: n_estimators=9530, max_depth=12
  Starting cross-validation...
  Trial 1870 MSE: 0.000005 | MAPE: 0.16% | R²: -0.235224
  Trial time: 24.2s
[I 2026-03-13 07:07:02,237] Trial 1870 finished with value: 4.565960802703981e-06 and parameters: {'lambda_P': 0.6880355041080969, 'lambda_B': 1.600188369398356, 'lambda_G': 1.212799393380624, 'n_estimators': 5289, 'max_depth': 20, 'learning_rate': 0.177690704886896, 'subsample': 0.9688316202265118, 'colsample_bytree': 0.30978524319617706, 'colsample_bylevel': 0.4922597197308746, 'reg_alpha': 0.6458838292359768, 'reg_lambda': 3.813569875497822, 'gamma': 0.0005635627577580894, 'min_child_weight': 5}. Best is trial 1422 with value: 2.996031181594198e-06.

[Trial 1883/5000] Starting at 07:07:02
  Lambdas: P=1.841, B=1.925, G=0.864
  XGBoost params: n_estimators=4699, max_depth=9
  Starting cross-validation...
  Trial 1861 MSE: 0.000005 | MAPE: 0.16% | R²: -0.314049
  Trial time: 41.7s
[I 2026-03-13 07:07:04,391] Trial 1861 finished with value: 5.076887518448612e-06 and parameters: {'lambda_P': 1.5812067467073478, 'lambda_B': 1.2333516307892296, 'lambda_G': 1.336872186595144, 'n_estimators': 8697, 'max_depth': 12, 'learning_rate': 0.12767824443029802, 'subsample': 0.4506751038860216, 'colsample_bytree': 0.998026658469922, 'colsample_bylevel': 0.7667138637237179, 'reg_alpha': 3.856277754709481, 'reg_lambda': 5.1408395543851535, 'gamma': 0.045644364902149716, 'min_child_weight': 1}. Best is trial 1422 with value: 2.996031181594198e-06.

[Trial 1884/5000] Starting at 07:07:04
  Lambdas: P=0.985, B=1.483, G=0.687
  XGBoost params: n_estimators=256, max_depth=16
  Starting cross-validation...
  Trial 1871 MSE: 0.000005 | MAPE: 0.16% | R²: -0.314049
  Trial time: 27.1s
[I 2026-03-13 07:07:05,856] Trial 1871 finished with value: 5.076887518448612e-06 and parameters: {'lambda_P': 1.015057921800195, 'lambda_B': 1.2012574849935693, 'lambda_G': 1.5456557142939857, 'n_estimators': 7377, 'max_depth': 3, 'learning_rate': 0.3027010621630547, 'subsample': 0.32015651171737286, 'colsample_bytree': 0.8019639254583584, 'colsample_bylevel': 0.6834119267554586, 'reg_alpha': 7.172164160586609, 'reg_lambda': 1.0892137137878937, 'gamma': 0.04398292414403772, 'min_child_weight': 9}. Best is trial 1422 with value: 2.996031181594198e-06.

[Trial 1885/5000] Starting at 07:07:05
  Lambdas: P=0.657, B=0.734, G=1.507
  XGBoost params: n_estimators=1954, max_depth=6
  Starting cross-validation...
  Trial 1883 MSE: 0.000005 | MAPE: 0.16% | R²: -0.314049
  Trial time: 1.9s
[I 2026-03-13 07:07:06,450] Trial 1883 finished with value: 5.076887518448612e-06 and parameters: {'lambda_P': 0.9853695036571429, 'lambda_B': 1.4830390317489468, 'lambda_G': 0.687244505108891, 'n_estimators': 256, 'max_depth': 16, 'learning_rate': 0.027794726696031984, 'subsample': 0.7222606229589451, 'colsample_bytree': 0.8783452565278347, 'colsample_bylevel': 0.5031501858923524, 'reg_alpha': 2.443631744718322, 'reg_lambda': 3.6514737112925006, 'gamma': 0.00036113721839308116, 'min_child_weight': 16}. Best is trial 1422 with value: 2.996031181594198e-06.

[Trial 1886/5000] Starting at 07:07:06
  Trial 1873 MSE: 0.000005 | MAPE: 0.16% | R²: -0.314049
  Trial time: 26.2s
