[I 2026-03-13 06:32:14,826] Trial 711 finished with value: 4.240526849577604e-06 and parameters: {'lambda_P': 1.5544393487623873, 'lambda_B': 1.5320432709691914, 'lambda_G': 0.5039709689660159, 'n_estimators': 6949, 'max_depth': 17, 'learning_rate': 0.0010431197720604266, 'subsample': 0.9496746591150803, 'colsample_bytree': 0.8747385900922505, 'colsample_bylevel': 0.5395749345550724, 'reg_alpha': 0.6908274422813017, 'reg_lambda': 0.6170480258050253, 'gamma': 0.00022484663399434648, 'min_child_weight': 9}. Best is trial 660 with value: 3.2379913054860083e-06.

[Trial 729/5000] Starting at 06:32:14
  Lambdas: P=1.149, B=1.680, G=1.791
  XGBoost params: n_estimators=6530, max_depth=15
  Starting cross-validation...
  Trial 722 MSE: 0.000005 | MAPE: 0.16% | R²: -0.230599
  Trial time: 16.1s
[I 2026-03-13 06:32:18,156] Trial 722 finished with value: 4.794356743676792e-06 and parameters: {'lambda_P': 1.4915314800735688, 'lambda_B': 1.6493039493742263, 'lambda_G': 1.4370549024212629, 'n_estimators': 3709, 'max_depth': 15, 'learning_rate': 0.0017451361104200342, 'subsample': 0.8230369518162449, 'colsample_bytree': 0.49532328595507236, 'colsample_bylevel': 0.541031561565405, 'reg_alpha': 1.0024269439793883, 'reg_lambda': 5.224318565012448, 'gamma': 0.00013767515704028472, 'min_child_weight': 3}. Best is trial 660 with value: 3.2379913054860083e-06.

[Trial 730/5000] Starting at 06:32:18
  Trial 723 MSE: 0.000005 | MAPE: 0.16% | R²: -0.231366
  Trial time: 14.7s
[I 2026-03-13 06:32:18,436] Trial 723 finished with value: 4.794551745056862e-06 and parameters: {'lambda_P': 0.9487675836291579, 'lambda_B': 1.8313705979639554, 'lambda_G': 1.8029156152451622, 'n_estimators': 4101, 'max_depth': 11, 'learning_rate': 0.004053238453647376, 'subsample': 0.7895686570676962, 'colsample_bytree': 0.628279723060386, 'colsample_bylevel': 0.6633336449364252, 'reg_alpha': 0.9834708598595123, 'reg_lambda': 1.7465134302240144, 'gamma': 0.00012973752785855694, 'min_child_weight': 7}. Best is trial 660 with value: 3.2379913054860083e-06.

[Trial 731/5000] Starting at 06:32:18
  Lambdas: P=1.392, B=1.625, G=1.592
  XGBoost params: n_estimators=7372, max_depth=16
  Starting cross-validation...
  Lambdas: P=1.039, B=1.670, G=1.538
  XGBoost params: n_estimators=8767, max_depth=14
  Starting cross-validation...
  Trial 717 MSE: 0.000005 | MAPE: 0.16% | R²: -0.314049
  Trial time: 24.6s
[I 2026-03-13 06:32:20,029] Trial 717 finished with value: 5.076887518448612e-06 and parameters: {'lambda_P': 1.189513537213162, 'lambda_B': 1.6580934981728794, 'lambda_G': 1.5429923027814565, 'n_estimators': 5035, 'max_depth': 13, 'learning_rate': 0.0011045224005001293, 'subsample': 0.9030071749282855, 'colsample_bytree': 0.7677689553935647, 'colsample_bylevel': 0.41864559425402437, 'reg_alpha': 2.358727641492768, 'reg_lambda': 0.8673410157129711, 'gamma': 0.00024747266121485993, 'min_child_weight': 1}. Best is trial 660 with value: 3.2379913054860083e-06.

[Trial 732/5000] Starting at 06:32:20
  Lambdas: P=0.933, B=1.080, G=1.179
  XGBoost params: n_estimators=8446, max_depth=19
  Starting cross-validation...
  Trial 725 MSE: 0.000004 | MAPE: 0.14% | R²: -0.039078
  Trial time: 17.3s
[I 2026-03-13 06:32:23,633] Trial 725 finished with value: 3.72334046584621e-06 and parameters: {'lambda_P': 1.1310934144537668, 'lambda_B': 1.8540222982353074, 'lambda_G': 0.7749504317999413, 'n_estimators': 4559, 'max_depth': 14, 'learning_rate': 0.045768934697291666, 'subsample': 0.5377338850782644, 'colsample_bytree': 0.7167799062947866, 'colsample_bylevel': 0.43045222551777385, 'reg_alpha': 0.19185618366717655, 'reg_lambda': 8.81799593193647, 'gamma': 0.00020046799271180267, 'min_child_weight': 11}. Best is trial 660 with value: 3.2379913054860083e-06.

[Trial 733/5000] Starting at 06:32:23
  Lambdas: P=1.369, B=1.405, G=0.754
  XGBoost params: n_estimators=2959, max_depth=19
  Starting cross-validation...
  Trial 721 MSE: 0.000005 | MAPE: 0.16% | R²: -0.314049
  Trial time: 26.5s
[I 2026-03-13 06:32:25,816] Trial 721 finished with value: 5.076887518448612e-06 and parameters: {'lambda_P': 1.1327398033982163, 'lambda_B': 1.8861963222091296, 'lambda_G': 1.0958415565958048, 'n_estimators': 5571, 'max_depth': 15, 'learning_rate': 0.001430625144754405, 'subsample': 0.82888295948127, 'colsample_bytree': 0.6674309271508198, 'colsample_bylevel': 0.44264382368995475, 'reg_alpha': 1.9660244986955209, 'reg_lambda': 2.107543658661794, 'gamma': 0.000101546411926449, 'min_child_weight': 7}. Best is trial 660 with value: 3.2379913054860083e-06.

[Trial 734/5000] Starting at 06:32:25
  Trial 710 MSE: 0.000004 | MAPE: 0.16% | R²: -0.167530
  Trial time: 46.7s
[I 2026-03-13 06:32:25,995] Trial 710 finished with value: 4.340082587601946e-06 and parameters: {'lambda_P': 1.9249108064855212, 'lambda_B': 1.7963023058426546, 'lambda_G': 0.9115331360746112, 'n_estimators': 9905, 'max_depth': 19, 'learning_rate': 0.003377478525730203, 'subsample': 0.9130370277676001, 'colsample_bytree': 0.5117231520467311, 'colsample_bylevel': 0.670155698684079, 'reg_alpha': 0.0901053992823522, 'reg_lambda': 2.446612432753167, 'gamma': 0.0014120584971330443, 'min_child_weight': 1}. Best is trial 660 with value: 3.2379913054860083e-06.

[Trial 735/5000] Starting at 06:32:26
  Lambdas: P=1.259, B=1.960, G=1.039
  Lambdas: P=0.886, B=1.920, G=0.715
  XGBoost params: n_estimators=5235, max_depth=11
  Starting cross-validation...
  XGBoost params: n_estimators=2996, max_depth=20
  Starting cross-validation...
  Trial 712 MSE: 0.000005 | MAPE: 0.16% | R²: -0.314049
  Trial time: 45.6s
[I 2026-03-13 06:32:29,151] Trial 712 finished with value: 5.076887518448612e-06 and parameters: {'lambda_P': 1.9641564054631928, 'lambda_B': 1.2700210104330916, 'lambda_G': 0.6640740834189758, 'n_estimators': 9469, 'max_depth': 20, 'learning_rate': 0.0034148026048888692, 'subsample': 0.9127370126991905, 'colsample_bytree': 0.4106793291042097, 'colsample_bylevel': 0.8889459951152282, 'reg_alpha': 1.4920625582733922, 'reg_lambda': 3.1622287308294608, 'gamma': 0.00037625784622217644, 'min_child_weight': 3}. Best is trial 660 with value: 3.2379913054860083e-06.

[Trial 736/5000] Starting at 06:32:29
  Lambdas: P=1.427, B=1.996, G=0.700
  XGBoost params: n_estimators=5440, max_depth=17
  Starting cross-validation...
  Trial 719 MSE: 0.000004 | MAPE: 0.15% | R²: -0.138275
  Trial time: 33.3s
[I 2026-03-13 06:32:31,265] Trial 719 finished with value: 4.214948924807668e-06 and parameters: {'lambda_P': 1.2388485525460053, 'lambda_B': 1.8383783815830896, 'lambda_G': 0.7093308648961647, 'n_estimators': 6935, 'max_depth': 14, 'learning_rate': 0.0011585663466478135, 'subsample': 0.9868155524403375, 'colsample_bytree': 0.7970426502380427, 'colsample_bylevel': 0.7347105637206833, 'reg_alpha': 0.5047889511862895, 'reg_lambda': 3.2741510980653445, 'gamma': 0.00041868154680991957, 'min_child_weight': 7}. Best is trial 660 with value: 3.2379913054860083e-06.

[Trial 737/5000] Starting at 06:32:31
  Lambdas: P=1.561, B=1.697, G=0.943
  XGBoost params: n_estimators=4566, max_depth=15
  Starting cross-validation...
  Trial 727 MSE: 0.000004 | MAPE: 0.15% | R²: -0.061896
  Trial time: 21.4s
[I 2026-03-13 06:32:34,098] Trial 727 finished with value: 3.8388489386604865e-06 and parameters: {'lambda_P': 1.551292266499098, 'lambda_B': 1.9370694049000794, 'lambda_G': 1.2947755418005802, 'n_estimators': 4659, 'max_depth': 10, 'learning_rate': 0.0010287967475604797, 'subsample': 0.9921661209491655, 'colsample_bytree': 0.6491656365812536, 'colsample_bylevel': 0.5533375900127974, 'reg_alpha': 0.34441692632582654, 'reg_lambda': 1.110266040957952, 'gamma': 0.0002526092976075025, 'min_child_weight': 8}. Best is trial 660 with value: 3.2379913054860083e-06.

[Trial 738/5000] Starting at 06:32:34
  Lambdas: P=1.311, B=1.893, G=1.279
  XGBoost params: n_estimators=4304, max_depth=14
  Starting cross-validation...
  Trial 715 MSE: 0.000005 | MAPE: 0.16% | R²: -0.314049
  Trial time: 42.8s
[I 2026-03-13 06:32:35,812] Trial 715 finished with value: 5.076887518448612e-06 and parameters: {'lambda_P': 1.3058731721902475, 'lambda_B': 1.6489697369275564, 'lambda_G': 0.5760587368781462, 'n_estimators': 8733, 'max_depth': 17, 'learning_rate': 0.003228084788915796, 'subsample': 0.8352967421852457, 'colsample_bytree': 0.9003057084637813, 'colsample_bylevel': 0.8182601243876093, 'reg_alpha': 2.821066838976777, 'reg_lambda': 3.4939339348811, 'gamma': 0.00011637119794386948, 'min_child_weight': 7}. Best is trial 660 with value: 3.2379913054860083e-06.

[Trial 739/5000] Starting at 06:32:35
  Lambdas: P=1.549, B=1.817, G=1.488
  XGBoost params: n_estimators=2909, max_depth=11
  Starting cross-validation...
  Trial 732 MSE: 0.000004 | MAPE: 0.15% | R²: -0.158522
  Trial time: 14.0s
[I 2026-03-13 06:32:37,814] Trial 732 finished with value: 4.365932220687772e-06 and parameters: {'lambda_P': 1.368635405664831, 'lambda_B': 1.4047151938315188, 'lambda_G': 0.7539986045828873, 'n_estimators': 2959, 'max_depth': 19, 'learning_rate': 0.032291296750165385, 'subsample': 0.44126263599546395, 'colsample_bytree': 0.6359700304316186, 'colsample_bylevel': 0.5221948206793878, 'reg_alpha': 0.27441174211415736, 'reg_lambda': 7.500990232826231, 'gamma': 0.00037130593305341, 'min_child_weight': 7}. Best is trial 660 with value: 3.2379913054860083e-06.

[Trial 740/5000] Starting at 06:32:37
  Trial 724 MSE: 0.000005 | MAPE: 0.16% | R²: -0.314049
  Trial time: 33.0s
[I 2026-03-13 06:32:38,178] Trial 724 finished with value: 5.076887518448612e-06 and parameters: {'lambda_P': 1.0781047744440502, 'lambda_B': 1.7608043825295538, 'lambda_G': 1.6355629097004762, 'n_estimators': 6827, 'max_depth': 13, 'learning_rate': 0.001309856993225501, 'subsample': 0.8228976427306233, 'colsample_bytree': 0.6616960649912176, 'colsample_bylevel': 0.48721481806287015, 'reg_alpha': 1.8291023214673752, 'reg_lambda': 1.1499657744622838, 'gamma': 0.00044379928035747203, 'min_child_weight': 3}. Best is trial 660 with value: 3.2379913054860083e-06.

[Trial 741/5000] Starting at 06:32:38
  Lambdas: P=1.983, B=1.890, G=1.452
  XGBoost params: n_estimators=3018, max_depth=10
  Starting cross-validation...
  Lambdas: P=1.272, B=1.652, G=0.761
  XGBoost params: n_estimators=5842, max_depth=9
  Starting cross-validation...
  Trial 714 MSE: 0.000005 | MAPE: 0.16% | R²: -0.314049
  Trial time: 48.3s
[I 2026-03-13 06:32:39,383] Trial 714 finished with value: 5.076887518448612e-06 and parameters: {'lambda_P': 1.000815615774847, 'lambda_B': 1.956653848553929, 'lambda_G': 0.5024519933624072, 'n_estimators': 9887, 'max_depth': 13, 'learning_rate': 0.0045653310218028015, 'subsample': 0.9797441093261664, 'colsample_bytree': 0.7830761962284967, 'colsample_bylevel': 0.7926992098899373, 'reg_alpha': 2.3777756208570793, 'reg_lambda': 1.481349301868556, 'gamma': 0.00023231408041460836, 'min_child_weight': 1}. Best is trial 660 with value: 3.2379913054860083e-06.

[Trial 742/5000] Starting at 06:32:39
  Lambdas: P=1.690, B=1.942, G=1.448
  XGBoost params: n_estimators=4074, max_depth=12
  Starting cross-validation...
  Trial 734 MSE: 0.000005 | MAPE: 0.16% | R²: -0.314049
  Trial time: 15.2s
[I 2026-03-13 06:32:41,356] Trial 734 finished with value: 5.076887518448612e-06 and parameters: {'lambda_P': 0.8860844583023624, 'lambda_B': 1.9195747376112902, 'lambda_G': 0.715210767531367, 'n_estimators': 2996, 'max_depth': 20, 'learning_rate': 0.043549638281957306, 'subsample': 0.3096695319093111, 'colsample_bytree': 0.6771027072919901, 'colsample_bylevel': 0.4046157119277571, 'reg_alpha': 0.48417461377420246, 'reg_lambda': 7.239944878741325, 'gamma': 0.0006395070085050314, 'min_child_weight': 7}. Best is trial 660 with value: 3.2379913054860083e-06.

[Trial 743/5000] Starting at 06:32:41
  Lambdas: P=1.608, B=1.983, G=1.500
  XGBoost params: n_estimators=1813, max_depth=12
  Starting cross-validation...
  Trial 726 MSE: 0.000003 | MAPE: 0.14% | R²: 0.023603
  Trial time: 32.9s
[I 2026-03-13 06:32:42,553] Trial 726 finished with value: 3.35512027482842e-06 and parameters: {'lambda_P': 1.3154856862588953, 'lambda_B': 1.9500826453847842, 'lambda_G': 1.4149969949648853, 'n_estimators': 6664, 'max_depth': 15, 'learning_rate': 0.004724946754232562, 'subsample': 0.9101092422194992, 'colsample_bytree': 0.5700961511897257, 'colsample_bylevel': 0.45466777716186463, 'reg_alpha': 0.0011517809692705439, 'reg_lambda': 2.0459911875174717, 'gamma': 0.00029163849021063786, 'min_child_weight': 1}. Best is trial 660 with value: 3.2379913054860083e-06.

[Trial 744/5000] Starting at 06:32:42
  Lambdas: P=1.149, B=1.969, G=0.682
  XGBoost params: n_estimators=4767, max_depth=12
  Starting cross-validation...
  Trial 728 MSE: 0.000005 | MAPE: 0.16% | R²: -0.314049
  Trial time: 29.1s
[I 2026-03-13 06:32:44,142] Trial 728 finished with value: 5.076887518448612e-06 and parameters: {'lambda_P': 1.1492412614173269, 'lambda_B': 1.680151236457338, 'lambda_G': 1.7914967025518962, 'n_estimators': 6530, 'max_depth': 15, 'learning_rate': 0.0013330730978396, 'subsample': 0.9043907963848197, 'colsample_bytree': 0.7395379390217678, 'colsample_bylevel': 0.5010163368808066, 'reg_alpha': 1.5158754918768018, 'reg_lambda': 0.22309980968082932, 'gamma': 0.00043570540444364214, 'min_child_weight': 9}. Best is trial 660 with value: 3.2379913054860083e-06.

[Trial 745/5000] Starting at 06:32:44
  Lambdas: P=1.703, B=1.828, G=1.166
  XGBoost params: n_estimators=2763, max_depth=9
  Starting cross-validation...
  Trial 742 MSE: 0.000004 | MAPE: 0.15% | R²: -0.131073
  Trial time: 8.8s
[I 2026-03-13 06:32:50,382] Trial 742 finished with value: 4.150450748180481e-06 and parameters: {'lambda_P': 1.6082807569097917, 'lambda_B': 1.9831360957947328, 'lambda_G': 1.499617047013535, 'n_estimators': 1813, 'max_depth': 12, 'learning_rate': 0.0010914110445859955, 'subsample': 0.9212038374917908, 'colsample_bytree': 0.8027811902269668, 'colsample_bylevel': 0.6035157030663146, 'reg_alpha': 0.33252197778163445, 'reg_lambda': 2.211558585098518, 'gamma': 0.0004822868054896476, 'min_child_weight': 9}. Best is trial 660 with value: 3.2379913054860083e-06.

[Trial 746/5000] Starting at 06:32:50
  Trial 737 MSE: 0.000005 | MAPE: 0.16% | R²: -0.314049
  Trial time: 16.4s
[I 2026-03-13 06:32:50,703] Trial 737 finished with value: 5.076887518448612e-06 and parameters: {'lambda_P': 1.3113729713764342, 'lambda_B': 1.8933234500541665, 'lambda_G': 1.2790529562118012, 'n_estimators': 4304, 'max_depth': 14, 'learning_rate': 0.027767817650715135, 'subsample': 0.3245158469420887, 'colsample_bytree': 0.5174373036815902, 'colsample_bylevel': 0.4291950418014106, 'reg_alpha': 1.227225136893413, 'reg_lambda': 8.856807271826241, 'gamma': 0.00039062929639645884, 'min_child_weight': 9}. Best is trial 660 with value: 3.2379913054860083e-06.

[Trial 747/5000] Starting at 06:32:50
  Lambdas: P=1.054, B=1.857, G=1.436
  XGBoost params: n_estimators=5534, max_depth=19
  Starting cross-validation...
  Lambdas: P=1.750, B=1.780, G=1.184
  Trial 738 MSE: 0.000004 | MAPE: 0.15% | R²: -0.101364
  Trial time: 15.3s
[I 2026-03-13 06:32:51,276] Trial 738 finished with value: 4.0400905346026845e-06 and parameters: {'lambda_P': 1.5485515313964362, 'lambda_B': 1.8174223153330362, 'lambda_G': 1.4882618460913146, 'n_estimators': 2909, 'max_depth': 11, 'learning_rate': 0.0026635865495314866, 'subsample': 0.996564492564931, 'colsample_bytree': 0.7027319920034195, 'colsample_bylevel': 0.6467857168793003, 'reg_alpha': 0.39281686174844654, 'reg_lambda': 4.548850306991719, 'gamma': 0.00035899569638045376, 'min_child_weight': 14}. Best is trial 660 with value: 3.2379913054860083e-06.
  XGBoost params: n_estimators=4066, max_depth=8
  Starting cross-validation...

[Trial 748/5000] Starting at 06:32:51
  Lambdas: P=1.792, B=1.952, G=1.093
  XGBoost params: n_estimators=6007, max_depth=10
  Starting cross-validation...
  Trial 739 MSE: 0.000005 | MAPE: 0.16% | R²: -0.314049
  Trial time: 15.5s
[I 2026-03-13 06:32:53,481] Trial 739 finished with value: 5.076887518448612e-06 and parameters: {'lambda_P': 1.9826396105093296, 'lambda_B': 1.889561017926192, 'lambda_G': 1.4523074549923813, 'n_estimators': 3018, 'max_depth': 10, 'learning_rate': 0.003654641998635026, 'subsample': 0.9253968182400706, 'colsample_bytree': 0.650570728627181, 'colsample_bylevel': 0.5597228331667919, 'reg_alpha': 2.0780188697353035, 'reg_lambda': 1.2490342493943742, 'gamma': 0.00021883985857635432, 'min_child_weight': 17}. Best is trial 660 with value: 3.2379913054860083e-06.

[Trial 749/5000] Starting at 06:32:53
  Lambdas: P=1.545, B=1.375, G=0.536
  XGBoost params: n_estimators=3790, max_depth=19
  Starting cross-validation...
  Trial 733 MSE: 0.000005 | MAPE: 0.16% | R²: -0.314049
  Trial time: 28.3s
[I 2026-03-13 06:32:54,301] Trial 733 finished with value: 5.076887518448612e-06 and parameters: {'lambda_P': 1.259078846542308, 'lambda_B': 1.9600925493971486, 'lambda_G': 1.039157176978839, 'n_estimators': 5235, 'max_depth': 11, 'learning_rate': 0.011790039167910831, 'subsample': 0.5565522294286994, 'colsample_bytree': 0.8585965767375188, 'colsample_bylevel': 0.5244593895983722, 'reg_alpha': 1.0098787030893954, 'reg_lambda': 7.732598489670119, 'gamma': 0.00015629755517084401, 'min_child_weight': 12}. Best is trial 660 with value: 3.2379913054860083e-06.

[Trial 750/5000] Starting at 06:32:54
  Lambdas: P=0.996, B=1.987, G=1.364
  XGBoost params: n_estimators=3267, max_depth=17
  Starting cross-validation...
  Trial 744 MSE: 0.000004 | MAPE: 0.15% | R²: -0.149920
  Trial time: 10.7s
[I 2026-03-13 06:32:55,003] Trial 744 finished with value: 4.2606007096878994e-06 and parameters: {'lambda_P': 1.703232375172386, 'lambda_B': 1.8281412337411314, 'lambda_G': 1.166022374243482, 'n_estimators': 2763, 'max_depth': 9, 'learning_rate': 0.0016580093496241723, 'subsample': 0.7852607801895208, 'colsample_bytree': 0.5383310646556791, 'colsample_bylevel': 0.6727089089498999, 'reg_alpha': 0.22498010277610947, 'reg_lambda': 1.4166995295933411, 'gamma': 0.0007267671219528128, 'min_child_weight': 9}. Best is trial 660 with value: 3.2379913054860083e-06.

[Trial 751/5000] Starting at 06:32:55
  Lambdas: P=1.416, B=1.927, G=1.299
  XGBoost params: n_estimators=7220, max_depth=20
  Starting cross-validation...
  Trial 736 MSE: 0.000004 | MAPE: 0.14% | R²: -0.014494
  Trial time: 24.5s
[I 2026-03-13 06:32:55,923] Trial 736 finished with value: 3.579376127058715e-06 and parameters: {'lambda_P': 1.5607579609186053, 'lambda_B': 1.696804817654941, 'lambda_G': 0.9433490281102002, 'n_estimators': 4566, 'max_depth': 15, 'learning_rate': 0.1559157661038135, 'subsample': 0.6397178075250143, 'colsample_bytree': 0.5563758766889699, 'colsample_bylevel': 0.45402728834274025, 'reg_alpha': 0.14577296782830618, 'reg_lambda': 9.435857371614723, 'gamma': 0.00014816369129177703, 'min_child_weight': 12}. Best is trial 660 with value: 3.2379913054860083e-06.

[Trial 752/5000] Starting at 06:32:56
  Trial 729 MSE: 0.000004 | MAPE: 0.15% | R²: -0.047365
  Trial time: 37.9s
[I 2026-03-13 06:32:56,247] Trial 729 finished with value: 3.7187452630107726e-06 and parameters: {'lambda_P': 1.3920717249351513, 'lambda_B': 1.624668346181088, 'lambda_G': 1.5916505115766812, 'n_estimators': 7372, 'max_depth': 16, 'learning_rate': 0.005690366752188796, 'subsample': 0.939904044320163, 'colsample_bytree': 0.6264212373884614, 'colsample_bylevel': 0.5960889480178555, 'reg_alpha': 0.11624339875188544, 'reg_lambda': 0.22089149136206265, 'gamma': 0.0003441516176879946, 'min_child_weight': 6}. Best is trial 660 with value: 3.2379913054860083e-06.

[Trial 753/5000] Starting at 06:32:56
  Lambdas: P=1.362, B=1.769, G=1.477
  XGBoost params: n_estimators=7671, max_depth=15
  Starting cross-validation...
  Lambdas: P=1.517, B=1.539, G=0.844
  XGBoost params: n_estimators=4155, max_depth=16
  Starting cross-validation...
  Trial 730 MSE: 0.000005 | MAPE: 0.16% | R²: -0.313848
  Trial time: 38.8s
[I 2026-03-13 06:32:57,439] Trial 730 finished with value: 5.073177913992719e-06 and parameters: {'lambda_P': 1.0393040581523343, 'lambda_B': 1.6699049967363009, 'lambda_G': 1.5383472392590205, 'n_estimators': 8767, 'max_depth': 14, 'learning_rate': 0.0015729221890215318, 'subsample': 0.9028015757187113, 'colsample_bytree': 0.6041663097380795, 'colsample_bylevel': 0.6566971523641165, 'reg_alpha': 0.8804333369375285, 'reg_lambda': 1.4765786223747948, 'gamma': 0.0012290510201696313, 'min_child_weight': 4}. Best is trial 660 with value: 3.2379913054860083e-06.

[Trial 754/5000] Starting at 06:32:57
  Lambdas: P=1.241, B=1.414, G=1.096
  XGBoost params: n_estimators=4902, max_depth=15
  Starting cross-validation...
  Trial 735 MSE: 0.000005 | MAPE: 0.16% | R²: -0.314049
  Trial time: 29.3s
[I 2026-03-13 06:32:58,657] Trial 735 finished with value: 5.076887518448612e-06 and parameters: {'lambda_P': 1.4274531681619673, 'lambda_B': 1.9955553402718076, 'lambda_G': 0.6996008290308215, 'n_estimators': 5440, 'max_depth': 17, 'learning_rate': 0.08870934314118573, 'subsample': 0.4339087929569576, 'colsample_bytree': 0.7463396365736308, 'colsample_bylevel': 0.48841566386984986, 'reg_alpha': 2.807883309143225, 'reg_lambda': 8.64005541037951, 'gamma': 0.00013223224252118207, 'min_child_weight': 8}. Best is trial 660 with value: 3.2379913054860083e-06.

[Trial 755/5000] Starting at 06:32:58
  Lambdas: P=1.283, B=1.669, G=1.689
  XGBoost params: n_estimators=6685, max_depth=16
  Starting cross-validation...
  Trial 741 MSE: 0.000004 | MAPE: 0.16% | R²: -0.174336
  Trial time: 20.9s
