[I 2026-03-13 07:23:19,355] Trial 2306 finished with value: 4.619645640239173e-06 and parameters: {'lambda_P': 1.6212391565395672, 'lambda_B': 0.7564375830812674, 'lambda_G': 0.570476390349823, 'n_estimators': 7670, 'max_depth': 12, 'learning_rate': 0.1910900422526395, 'subsample': 0.8775041223088524, 'colsample_bytree': 0.49510654928454634, 'colsample_bylevel': 0.40783743849133725, 'reg_alpha': 0.374030306255282, 'reg_lambda': 3.555629145533903, 'gamma': 0.001478082106665492, 'min_child_weight': 6}. Best is trial 2210 with value: 2.986319055234564e-06.

[Trial 2319/5000] Starting at 07:23:19
  Lambdas: P=1.922, B=1.067, G=1.135
  XGBoost params: n_estimators=8962, max_depth=9
  Starting cross-validation...
  Trial 2304 MSE: 0.000005 | MAPE: 0.16% | R²: -0.314049
  Trial time: 38.3s
[I 2026-03-13 07:23:21,816] Trial 2304 finished with value: 5.076887518448612e-06 and parameters: {'lambda_P': 1.5878480982706222, 'lambda_B': 0.8353575571724478, 'lambda_G': 0.920701855271446, 'n_estimators': 9940, 'max_depth': 14, 'learning_rate': 0.2965088886700557, 'subsample': 0.9869616653731569, 'colsample_bytree': 0.5919699368898222, 'colsample_bylevel': 0.3925296546500772, 'reg_alpha': 2.175422388565026, 'reg_lambda': 1.3408958166159843, 'gamma': 0.0002454307607227353, 'min_child_weight': 3}. Best is trial 2210 with value: 2.986319055234564e-06.

[Trial 2320/5000] Starting at 07:23:21
  Lambdas: P=1.276, B=0.701, G=0.736
  XGBoost params: n_estimators=8739, max_depth=9
  Starting cross-validation...
  Trial 2305 MSE: 0.000004 | MAPE: 0.15% | R²: -0.151160
  Trial time: 40.3s
[I 2026-03-13 07:23:24,078] Trial 2305 finished with value: 4.163597256239831e-06 and parameters: {'lambda_P': 1.926817980984772, 'lambda_B': 0.7477748020102729, 'lambda_G': 0.5435580191207726, 'n_estimators': 8309, 'max_depth': 9, 'learning_rate': 0.3982441900417025, 'subsample': 0.916395396618249, 'colsample_bytree': 0.38626511928474155, 'colsample_bylevel': 0.5151707766226115, 'reg_alpha': 0.555738932199221, 'reg_lambda': 1.1918508525542642, 'gamma': 0.000331281628966038, 'min_child_weight': 3}. Best is trial 2210 with value: 2.986319055234564e-06.

[Trial 2321/5000] Starting at 07:23:24
  Lambdas: P=1.440, B=1.643, G=1.472
  XGBoost params: n_estimators=4621, max_depth=6
  Starting cross-validation...
  Trial 2307 MSE: 0.000005 | MAPE: 0.16% | R²: -0.314049
  Trial time: 35.1s
[I 2026-03-13 07:23:28,475] Trial 2307 finished with value: 5.076887518448612e-06 and parameters: {'lambda_P': 1.3866909698030923, 'lambda_B': 0.5516420514723468, 'lambda_G': 0.5026807653670616, 'n_estimators': 7559, 'max_depth': 8, 'learning_rate': 0.2854468725127773, 'subsample': 0.9587901120539422, 'colsample_bytree': 0.4866860032589178, 'colsample_bylevel': 0.4747351716930513, 'reg_alpha': 1.709174455482114, 'reg_lambda': 0.689511962671214, 'gamma': 0.001227232727509353, 'min_child_weight': 2}. Best is trial 2210 with value: 2.986319055234564e-06.

[Trial 2322/5000] Starting at 07:23:28
  Lambdas: P=1.977, B=0.531, G=0.828
  XGBoost params: n_estimators=8094, max_depth=3
  Starting cross-validation...
  Trial 2313 MSE: 0.000005 | MAPE: 0.16% | R²: -0.314049
  Trial time: 21.2s
[I 2026-03-13 07:23:32,139] Trial 2313 finished with value: 5.076887518448612e-06 and parameters: {'lambda_P': 0.7743022027614699, 'lambda_B': 1.2606349126038374, 'lambda_G': 0.6077294307084652, 'n_estimators': 4559, 'max_depth': 10, 'learning_rate': 0.0809319533307018, 'subsample': 0.4437863820508633, 'colsample_bytree': 0.9549669668588564, 'colsample_bylevel': 0.5841924072477362, 'reg_alpha': 4.7778253761256275, 'reg_lambda': 5.757182729462288, 'gamma': 0.004570328133926831, 'min_child_weight': 5}. Best is trial 2210 with value: 2.986319055234564e-06.

[Trial 2323/5000] Starting at 07:23:32
  Lambdas: P=1.464, B=0.561, G=0.972
  XGBoost params: n_estimators=3539, max_depth=2
  Starting cross-validation...
  Trial 2309 MSE: 0.000005 | MAPE: 0.16% | R²: -0.314049
  Trial time: 35.8s
[I 2026-03-13 07:23:35,373] Trial 2309 finished with value: 5.076887518448612e-06 and parameters: {'lambda_P': 1.2097070844432836, 'lambda_B': 0.5366438457501157, 'lambda_G': 0.6132449604322878, 'n_estimators': 8673, 'max_depth': 7, 'learning_rate': 0.19307105837143065, 'subsample': 0.7906760195214682, 'colsample_bytree': 0.5184801482193896, 'colsample_bylevel': 0.39364806568062055, 'reg_alpha': 2.1202982501780308, 'reg_lambda': 1.1044197377409277, 'gamma': 0.00010329344593076741, 'min_child_weight': 6}. Best is trial 2210 with value: 2.986319055234564e-06.

[Trial 2324/5000] Starting at 07:23:35
  Lambdas: P=1.687, B=0.907, G=1.846
  XGBoost params: n_estimators=1293, max_depth=19
  Starting cross-validation...
  Trial 2308 MSE: 0.000005 | MAPE: 0.16% | R²: -0.314049
  Trial time: 41.6s
[I 2026-03-13 07:23:36,203] Trial 2308 finished with value: 5.076887518448612e-06 and parameters: {'lambda_P': 1.5031360355948993, 'lambda_B': 0.8375190611438648, 'lambda_G': 0.7603873779070778, 'n_estimators': 8917, 'max_depth': 14, 'learning_rate': 0.4643414431729156, 'subsample': 0.7926567023356461, 'colsample_bytree': 0.5913641488211632, 'colsample_bylevel': 0.5425875173927784, 'reg_alpha': 1.869906123014804, 'reg_lambda': 0.4083587885134012, 'gamma': 0.00023629211984446902, 'min_child_weight': 2}. Best is trial 2210 with value: 2.986319055234564e-06.

[Trial 2325/5000] Starting at 07:23:36
  Lambdas: P=0.598, B=0.577, G=0.615
  XGBoost params: n_estimators=892, max_depth=10
  Starting cross-validation...
  Trial 2311 MSE: 0.000003 | MAPE: 0.13% | R²: 0.055492
  Trial time: 33.0s
[I 2026-03-13 07:23:38,080] Trial 2311 finished with value: 3.2177426129579863e-06 and parameters: {'lambda_P': 1.808417008937404, 'lambda_B': 1.1700388216921807, 'lambda_G': 1.8365152326033232, 'n_estimators': 7805, 'max_depth': 12, 'learning_rate': 0.042452629982881025, 'subsample': 0.6004741313402772, 'colsample_bytree': 0.5471399952149429, 'colsample_bylevel': 0.4586354107575482, 'reg_alpha': 0.08021441992150394, 'reg_lambda': 7.13179656477403, 'gamma': 0.0001244150532134977, 'min_child_weight': 13}. Best is trial 2210 with value: 2.986319055234564e-06.

[Trial 2326/5000] Starting at 07:23:38
  Lambdas: P=1.387, B=1.384, G=1.741
  XGBoost params: n_estimators=8189, max_depth=13
  Starting cross-validation...
  Trial 2324 MSE: 0.000005 | MAPE: 0.16% | R²: -0.314049
  Trial time: 4.0s
[I 2026-03-13 07:23:40,430] Trial 2324 finished with value: 5.076887518448612e-06 and parameters: {'lambda_P': 0.5981975685120239, 'lambda_B': 0.5773757794683816, 'lambda_G': 0.6154938108382907, 'n_estimators': 892, 'max_depth': 10, 'learning_rate': 0.020150894128275462, 'subsample': 0.4468171690298908, 'colsample_bytree': 0.310102114185268, 'colsample_bylevel': 0.7615527146816126, 'reg_alpha': 4.789939474909975, 'reg_lambda': 0.8720730825485461, 'gamma': 0.0005199022655125431, 'min_child_weight': 15}. Best is trial 2210 with value: 2.986319055234564e-06.

[Trial 2327/5000] Starting at 07:23:40
  Lambdas: P=1.336, B=1.023, G=1.744
  XGBoost params: n_estimators=9764, max_depth=10
  Starting cross-validation...
  Trial 2310 MSE: 0.000005 | MAPE: 0.16% | R²: -0.263498
  Trial time: 41.3s
[I 2026-03-13 07:23:42,011] Trial 2310 finished with value: 4.923855358688188e-06 and parameters: {'lambda_P': 1.3285621666064618, 'lambda_B': 0.5732256599085443, 'lambda_G': 0.5902836613034221, 'n_estimators': 9033, 'max_depth': 5, 'learning_rate': 0.1354087991215941, 'subsample': 0.8245158766107066, 'colsample_bytree': 0.4039533654387635, 'colsample_bylevel': 0.5181005862536826, 'reg_alpha': 0.9985089005130531, 'reg_lambda': 0.19102387477598703, 'gamma': 0.0002655857654302659, 'min_child_weight': 6}. Best is trial 2210 with value: 2.986319055234564e-06.

[Trial 2328/5000] Starting at 07:23:42
  Lambdas: P=1.937, B=1.470, G=1.877
  XGBoost params: n_estimators=7915, max_depth=9
  Starting cross-validation...
  Trial 2323 MSE: 0.000005 | MAPE: 0.16% | R²: -0.314049
  Trial time: 7.1s
[I 2026-03-13 07:23:42,703] Trial 2323 finished with value: 5.076887518448612e-06 and parameters: {'lambda_P': 1.6869815330798315, 'lambda_B': 0.9070489985893803, 'lambda_G': 1.8460833597497999, 'n_estimators': 1293, 'max_depth': 19, 'learning_rate': 0.003074426123637962, 'subsample': 0.4166565754577068, 'colsample_bytree': 0.8674308262323259, 'colsample_bylevel': 0.4504380731487796, 'reg_alpha': 6.557354078337319, 'reg_lambda': 4.950908135221227, 'gamma': 0.0037622137013839647, 'min_child_weight': 17}. Best is trial 2210 with value: 2.986319055234564e-06.

[Trial 2329/5000] Starting at 07:23:42
  Lambdas: P=1.031, B=1.661, G=1.782
  XGBoost params: n_estimators=9169, max_depth=2
  Starting cross-validation...
  Trial 2312 MSE: 0.000004 | MAPE: 0.14% | R²: -0.011388
  Trial time: 37.9s
[I 2026-03-13 07:23:45,657] Trial 2312 finished with value: 3.5574058323124603e-06 and parameters: {'lambda_P': 1.8970172778940824, 'lambda_B': 0.7773539361535844, 'lambda_G': 0.8449951491843201, 'n_estimators': 8668, 'max_depth': 2, 'learning_rate': 0.021568022931735327, 'subsample': 0.7771138690811933, 'colsample_bytree': 0.5243815381506625, 'colsample_bylevel': 0.3881625994390352, 'reg_alpha': 0.26345116967010795, 'reg_lambda': 2.664387589725698, 'gamma': 0.0001459442085707029, 'min_child_weight': 14}. Best is trial 2210 with value: 2.986319055234564e-06.

[Trial 2330/5000] Starting at 07:23:45
  Trial 2320 MSE: 0.000005 | MAPE: 0.16% | R²: -0.314049
  Trial time: 21.6s
[I 2026-03-13 07:23:45,888] Trial 2320 finished with value: 5.076887518448612e-06 and parameters: {'lambda_P': 1.439560508093039, 'lambda_B': 1.6433584096885, 'lambda_G': 1.47246789205478, 'n_estimators': 4621, 'max_depth': 6, 'learning_rate': 0.37737347206879557, 'subsample': 0.5852688289810845, 'colsample_bytree': 0.7424990112425701, 'colsample_bylevel': 0.3891690198873095, 'reg_alpha': 1.5159528028754004, 'reg_lambda': 1.03500260564189, 'gamma': 0.014117483016525682, 'min_child_weight': 17}. Best is trial 2210 with value: 2.986319055234564e-06.

[Trial 2331/5000] Starting at 07:23:45
  Lambdas: P=1.807, B=1.205, G=1.802
  XGBoost params: n_estimators=6345, max_depth=11
  Starting cross-validation...
  Lambdas: P=1.559, B=0.524, G=0.738
  XGBoost params: n_estimators=6723, max_depth=13
  Starting cross-validation...
  Trial 2322 MSE: 0.000005 | MAPE: 0.16% | R²: -0.314049
  Trial time: 16.4s
[I 2026-03-13 07:23:48,759] Trial 2322 finished with value: 5.076887518448612e-06 and parameters: {'lambda_P': 1.4635351711451372, 'lambda_B': 0.5611360970596173, 'lambda_G': 0.9717723338676083, 'n_estimators': 3539, 'max_depth': 2, 'learning_rate': 0.0043957559890693745, 'subsample': 0.5022371798155663, 'colsample_bytree': 0.3506302494279945, 'colsample_bylevel': 0.8569431877406026, 'reg_alpha': 4.53540321852684, 'reg_lambda': 8.402870669957023, 'gamma': 0.0922544827890678, 'min_child_weight': 16}. Best is trial 2210 with value: 2.986319055234564e-06.

[Trial 2332/5000] Starting at 07:23:48
  Lambdas: P=1.818, B=1.316, G=1.662
  XGBoost params: n_estimators=5343, max_depth=9
  Starting cross-validation...
  Trial 2316 MSE: 0.000005 | MAPE: 0.16% | R²: -0.314049
  Trial time: 34.0s
[I 2026-03-13 07:23:49,727] Trial 2316 finished with value: 5.076887518448612e-06 and parameters: {'lambda_P': 0.5950927302070368, 'lambda_B': 1.6897506504578217, 'lambda_G': 0.9805178247848853, 'n_estimators': 6928, 'max_depth': 15, 'learning_rate': 0.051732363856674235, 'subsample': 0.7160483858646216, 'colsample_bytree': 0.979715081167585, 'colsample_bylevel': 0.8623705640255603, 'reg_alpha': 7.065944856512139, 'reg_lambda': 2.8962625562622097, 'gamma': 0.0013156841742861254, 'min_child_weight': 7}. Best is trial 2210 with value: 2.986319055234564e-06.

[Trial 2333/5000] Starting at 07:23:49
  Lambdas: P=1.027, B=0.748, G=0.656
  XGBoost params: n_estimators=8653, max_depth=5
  Starting cross-validation...
  Trial 2314 MSE: 0.000005 | MAPE: 0.16% | R²: -0.314049
  Trial time: 39.1s
[I 2026-03-13 07:23:51,074] Trial 2314 finished with value: 5.076887518448612e-06 and parameters: {'lambda_P': 1.4187443569034939, 'lambda_B': 1.990787071448995, 'lambda_G': 1.535806830150935, 'n_estimators': 8301, 'max_depth': 16, 'learning_rate': 0.008094334792771914, 'subsample': 0.7051231260078931, 'colsample_bytree': 0.7631622726853095, 'colsample_bylevel': 0.44524083359305766, 'reg_alpha': 2.1688156425496046, 'reg_lambda': 0.05585206684931965, 'gamma': 0.00014275898490230835, 'min_child_weight': 1}. Best is trial 2210 with value: 2.986319055234564e-06.

[Trial 2334/5000] Starting at 07:23:51
  Lambdas: P=1.647, B=0.953, G=0.657
  XGBoost params: n_estimators=6521, max_depth=5
  Starting cross-validation...
  Trial 2315 MSE: 0.000005 | MAPE: 0.16% | R²: -0.314049
  Trial time: 40.3s
[I 2026-03-13 07:23:55,887] Trial 2315 finished with value: 5.076887518448612e-06 and parameters: {'lambda_P': 1.4704268502494107, 'lambda_B': 0.6485809478600472, 'lambda_G': 0.7446383707250607, 'n_estimators': 8519, 'max_depth': 11, 'learning_rate': 0.2213121342931686, 'subsample': 0.895682518425074, 'colsample_bytree': 0.378954647692481, 'colsample_bylevel': 0.740391019852845, 'reg_alpha': 1.4812697775626422, 'reg_lambda': 1.7899207629274814, 'gamma': 0.00044245108116968226, 'min_child_weight': 7}. Best is trial 2210 with value: 2.986319055234564e-06.

[Trial 2335/5000] Starting at 07:23:55  Trial 2317 MSE: 0.000004 | MAPE: 0.15% | R²: -0.131074
  Trial time: 38.1s

[I 2026-03-13 07:23:56,074] Trial 2317 finished with value: 4.1714238552530784e-06 and parameters: {'lambda_P': 1.4364195102378137, 'lambda_B': 0.7340845066846615, 'lambda_G': 1.1569820401183657, 'n_estimators': 7900, 'max_depth': 8, 'learning_rate': 0.006957363737431543, 'subsample': 0.5298644111983705, 'colsample_bytree': 0.3299390223638096, 'colsample_bylevel': 0.8171170796275676, 'reg_alpha': 0.3044969269484488, 'reg_lambda': 6.2659842721038945, 'gamma': 0.00023988866445605892, 'min_child_weight': 5}. Best is trial 2210 with value: 2.986319055234564e-06.

[Trial 2336/5000] Starting at 07:23:56
  Lambdas: P=1.575, B=0.700, G=0.682
  XGBoost params: n_estimators=8402, max_depth=14
  Starting cross-validation...
  Lambdas: P=1.775, B=0.914, G=0.948
  XGBoost params: n_estimators=6753, max_depth=2
  Starting cross-validation...
  Trial 2318 MSE: 0.000004 | MAPE: 0.15% | R²: -0.102799
  Trial time: 40.9s
[I 2026-03-13 07:24:00,465] Trial 2318 finished with value: 4.125875708351225e-06 and parameters: {'lambda_P': 1.9219266675327307, 'lambda_B': 1.0665618825436631, 'lambda_G': 1.1353555153399948, 'n_estimators': 8962, 'max_depth': 9, 'learning_rate': 0.005016971342471248, 'subsample': 0.861710440591471, 'colsample_bytree': 0.5030441788177827, 'colsample_bylevel': 0.44522745606045117, 'reg_alpha': 0.6851165506266044, 'reg_lambda': 4.501238043700521, 'gamma': 0.00010877628406123186, 'min_child_weight': 18}. Best is trial 2210 with value: 2.986319055234564e-06.

[Trial 2337/5000] Starting at 07:24:00  Trial 2321 MSE: 0.000004 | MAPE: 0.15% | R²: -0.103876
  Trial time: 32.0s

[I 2026-03-13 07:24:00,680] Trial 2321 finished with value: 4.041091890860925e-06 and parameters: {'lambda_P': 1.976800446505119, 'lambda_B': 0.530692753499264, 'lambda_G': 0.8280438253142186, 'n_estimators': 8094, 'max_depth': 3, 'learning_rate': 0.09731849923035199, 'subsample': 0.5362211807964943, 'colsample_bytree': 0.33288091616392484, 'colsample_bylevel': 0.3354842540179299, 'reg_alpha': 0.22852715741281687, 'reg_lambda': 8.426293187112813, 'gamma': 0.0002748556331733416, 'min_child_weight': 17}. Best is trial 2210 with value: 2.986319055234564e-06.

[Trial 2338/5000] Starting at 07:24:00
  Lambdas: P=0.578, B=1.188, G=1.334
  XGBoost params: n_estimators=9382, max_depth=5
  Starting cross-validation...
  Lambdas: P=1.498, B=0.842, G=0.647
  XGBoost params: n_estimators=8878, max_depth=13
  Starting cross-validation...
  Trial 2319 MSE: 0.000004 | MAPE: 0.15% | R²: -0.141552
  Trial time: 39.7s
[I 2026-03-13 07:24:01,777] Trial 2319 finished with value: 4.17533920695243e-06 and parameters: {'lambda_P': 1.2756095510634147, 'lambda_B': 0.701113811509435, 'lambda_G': 0.7355503450608661, 'n_estimators': 8739, 'max_depth': 9, 'learning_rate': 0.3880065017462527, 'subsample': 0.7189558492666446, 'colsample_bytree': 0.3866914269478913, 'colsample_bylevel': 0.5175973131303423, 'reg_alpha': 0.36163060846360584, 'reg_lambda': 0.8522496044583023, 'gamma': 0.000489985773803107, 'min_child_weight': 1}. Best is trial 2210 with value: 2.986319055234564e-06.

[Trial 2339/5000] Starting at 07:24:01
  Lambdas: P=1.970, B=0.864, G=1.992
  XGBoost params: n_estimators=7901, max_depth=9
  Starting cross-validation...
  Trial 2331 MSE: 0.000003 | MAPE: 0.14% | R²: -0.016734
  Trial time: 21.6s
[I 2026-03-13 07:24:10,566] Trial 2331 finished with value: 3.457871782353997e-06 and parameters: {'lambda_P': 1.8175191610053962, 'lambda_B': 1.3157872359026206, 'lambda_G': 1.6615563976790382, 'n_estimators': 5343, 'max_depth': 9, 'learning_rate': 0.08668102297400783, 'subsample': 0.6030165192339654, 'colsample_bytree': 0.6957034197769799, 'colsample_bylevel': 0.6266873687658343, 'reg_alpha': 0.005174825399436478, 'reg_lambda': 6.111969084674163, 'gamma': 0.0001517431473842225, 'min_child_weight': 13}. Best is trial 2210 with value: 2.986319055234564e-06.

[Trial 2340/5000] Starting at 07:24:10
  Lambdas: P=1.392, B=1.396, G=1.179
  XGBoost params: n_estimators=7687, max_depth=17
  Starting cross-validation...
  Trial 2329 MSE: 0.000005 | MAPE: 0.16% | R²: -0.314049
  Trial time: 25.7s
[I 2026-03-13 07:24:11,543] Trial 2329 finished with value: 5.076887518448612e-06 and parameters: {'lambda_P': 1.8073136539145005, 'lambda_B': 1.2046281716489777, 'lambda_G': 1.8021855918832639, 'n_estimators': 6345, 'max_depth': 11, 'learning_rate': 0.025559668376021125, 'subsample': 0.6384265316920181, 'colsample_bytree': 0.7318127046114516, 'colsample_bylevel': 0.4127251121107253, 'reg_alpha': 4.797071276471911, 'reg_lambda': 8.449304389871074, 'gamma': 0.000128261428296546, 'min_child_weight': 13}. Best is trial 2210 with value: 2.986319055234564e-06.

[Trial 2341/5000] Starting at 07:24:11
  Lambdas: P=0.579, B=0.768, G=1.438
  XGBoost params: n_estimators=8663, max_depth=5
  Starting cross-validation...
  Trial 2325 MSE: 0.000004 | MAPE: 0.14% | R²: -0.041646
  Trial time: 36.9s
[I 2026-03-13 07:24:15,198] Trial 2325 finished with value: 3.67519065642104e-06 and parameters: {'lambda_P': 1.3866024707561257, 'lambda_B': 1.3843629205335566, 'lambda_G': 1.7413524903368276, 'n_estimators': 8189, 'max_depth': 13, 'learning_rate': 0.01821388460181814, 'subsample': 0.5612657898872894, 'colsample_bytree': 0.6323523636265658, 'colsample_bylevel': 0.6454786020464381, 'reg_alpha': 0.07775095441179113, 'reg_lambda': 7.0470561757037125, 'gamma': 0.00027072609583581487, 'min_child_weight': 12}. Best is trial 2210 with value: 2.986319055234564e-06.

[Trial 2342/5000] Starting at 07:24:15
  Lambdas: P=1.994, B=1.197, G=1.917
  XGBoost params: n_estimators=8179, max_depth=10
  Starting cross-validation...
  Trial 2330 MSE: 0.000004 | MAPE: 0.15% | R²: -0.086857
  Trial time: 30.4s
[I 2026-03-13 07:24:16,476] Trial 2330 finished with value: 4.030358573036624e-06 and parameters: {'lambda_P': 1.559349470843781, 'lambda_B': 0.5243410355116568, 'lambda_G': 0.7377951200115369, 'n_estimators': 6723, 'max_depth': 13, 'learning_rate': 0.3048807244113101, 'subsample': 0.9650735273442962, 'colsample_bytree': 0.4184349896691958, 'colsample_bylevel': 0.35311310273436997, 'reg_alpha': 0.7350734205919817, 'reg_lambda': 0.921590444136963, 'gamma': 0.00014965323539248355, 'min_child_weight': 7}. Best is trial 2210 with value: 2.986319055234564e-06.

[Trial 2343/5000] Starting at 07:24:16
  Lambdas: P=1.832, B=0.563, G=1.185
  XGBoost params: n_estimators=613, max_depth=6
  Starting cross-validation...
  Trial 2327 MSE: 0.000004 | MAPE: 0.14% | R²: -0.033743
  Trial time: 36.1s
[I 2026-03-13 07:24:18,377] Trial 2327 finished with value: 3.7534750318709797e-06 and parameters: {'lambda_P': 1.9372967391308489, 'lambda_B': 1.4704568253941765, 'lambda_G': 1.876829536289244, 'n_estimators': 7915, 'max_depth': 9, 'learning_rate': 0.0332891068228018, 'subsample': 0.5703316108855899, 'colsample_bytree': 0.45849315751171416, 'colsample_bylevel': 0.6207601458761424, 'reg_alpha': 0.2640650986162479, 'reg_lambda': 6.903229566341432, 'gamma': 0.00013911617036269344, 'min_child_weight': 11}. Best is trial 2210 with value: 2.986319055234564e-06.

[Trial 2344/5000] Starting at 07:24:18
  Lambdas: P=1.798, B=1.012, G=1.646
  XGBoost params: n_estimators=7475, max_depth=13
  Starting cross-validation...
  Trial 2342 MSE: 0.000005 | MAPE: 0.16% | R²: -0.314049
  Trial time: 3.4s
[I 2026-03-13 07:24:20,080] Trial 2342 finished with value: 5.076887518448612e-06 and parameters: {'lambda_P': 1.8322353170311985, 'lambda_B': 0.563049154346746, 'lambda_G': 1.1853406366933608, 'n_estimators': 613, 'max_depth': 6, 'learning_rate': 0.0012598659468126393, 'subsample': 0.33846738787321456, 'colsample_bytree': 0.5766429142933975, 'colsample_bylevel': 0.6878546779598477, 'reg_alpha': 6.728463303934998, 'reg_lambda': 5.710800060212607, 'gamma': 0.008442034802349467, 'min_child_weight': 17}. Best is trial 2210 with value: 2.986319055234564e-06.

[Trial 2345/5000] Starting at 07:24:20
  Lambdas: P=1.762, B=1.364, G=1.931
  XGBoost params: n_estimators=7343, max_depth=19
  Starting cross-validation...
  Trial 2326 MSE: 0.000004 | MAPE: 0.15% | R²: -0.129378
  Trial time: 40.1s
