[I 2026-03-13 06:40:04,402] Trial 923 finished with value: 3.90444648608636e-06 and parameters: {'lambda_P': 1.9701068624332894, 'lambda_B': 1.754462550237021, 'lambda_G': 1.7798391219592784, 'n_estimators': 9392, 'max_depth': 18, 'learning_rate': 0.19375093017829664, 'subsample': 0.7068965166744601, 'colsample_bytree': 0.43120053902958133, 'colsample_bylevel': 0.5511628617118818, 'reg_alpha': 0.3550923886741397, 'reg_lambda': 2.4952215705324483, 'gamma': 0.00025022713552934556, 'min_child_weight': 7}. Best is trial 660 with value: 3.2379913054860083e-06.

[Trial 945/5000] Starting at 06:40:04
  Lambdas: P=0.886, B=1.477, G=0.731
  XGBoost params: n_estimators=2470, max_depth=16
  Starting cross-validation...
  Trial 925 MSE: 0.000005 | MAPE: 0.16% | R²: -0.314049
  Trial time: 44.8s
[I 2026-03-13 06:40:05,405] Trial 925 finished with value: 5.076887518448612e-06 and parameters: {'lambda_P': 1.738160362692478, 'lambda_B': 1.7968395261865364, 'lambda_G': 1.1894790735430572, 'n_estimators': 9163, 'max_depth': 19, 'learning_rate': 0.09379863056904388, 'subsample': 0.6729280568483806, 'colsample_bytree': 0.37076006894552327, 'colsample_bylevel': 0.4995709785860976, 'reg_alpha': 1.9175559302257645, 'reg_lambda': 6.012601130374538, 'gamma': 0.0001280074381564182, 'min_child_weight': 3}. Best is trial 660 with value: 3.2379913054860083e-06.

[Trial 946/5000] Starting at 06:40:05
  Lambdas: P=1.085, B=1.779, G=1.031
  XGBoost params: n_estimators=274, max_depth=11
  Starting cross-validation...
  Trial 927 MSE: 0.000005 | MAPE: 0.16% | R²: -0.314049
  Trial time: 43.4s
[I 2026-03-13 06:40:06,445] Trial 927 finished with value: 5.076887518448612e-06 and parameters: {'lambda_P': 1.5439626623187879, 'lambda_B': 1.3865936317614473, 'lambda_G': 1.3633865056247965, 'n_estimators': 8663, 'max_depth': 18, 'learning_rate': 0.21420158091113073, 'subsample': 0.6735369188905108, 'colsample_bytree': 0.34479083352682, 'colsample_bylevel': 0.3322862965850712, 'reg_alpha': 1.5360193942819331, 'reg_lambda': 6.651923335596171, 'gamma': 0.00017248349815646865, 'min_child_weight': 3}. Best is trial 660 with value: 3.2379913054860083e-06.

[Trial 947/5000] Starting at 06:40:06
  Lambdas: P=1.268, B=1.816, G=0.906
  XGBoost params: n_estimators=9123, max_depth=9
  Starting cross-validation...
  Trial 945 MSE: 0.000005 | MAPE: 0.16% | R²: -0.314049
  Trial time: 1.9s
[I 2026-03-13 06:40:07,450] Trial 945 finished with value: 5.076887518448612e-06 and parameters: {'lambda_P': 1.0850990961284013, 'lambda_B': 1.7794606570354288, 'lambda_G': 1.031259829028854, 'n_estimators': 274, 'max_depth': 11, 'learning_rate': 0.03994536378998739, 'subsample': 0.5926735315796574, 'colsample_bytree': 0.6704536067304835, 'colsample_bylevel': 0.6047836027309567, 'reg_alpha': 0.7137906676474675, 'reg_lambda': 5.093723468434477, 'gamma': 0.0010886880741140038, 'min_child_weight': 10}. Best is trial 660 with value: 3.2379913054860083e-06.

[Trial 948/5000] Starting at 06:40:07
  Lambdas: P=1.066, B=1.860, G=0.919
  XGBoost params: n_estimators=113, max_depth=15
  Starting cross-validation...
  Trial 947 MSE: 0.000005 | MAPE: 0.16% | R²: -0.314049
  Trial time: 0.9s
[I 2026-03-13 06:40:08,505] Trial 947 finished with value: 5.076887518448612e-06 and parameters: {'lambda_P': 1.0656286385008014, 'lambda_B': 1.8600264681261023, 'lambda_G': 0.9194419141986385, 'n_estimators': 113, 'max_depth': 15, 'learning_rate': 0.06261812788434223, 'subsample': 0.6505926982338036, 'colsample_bytree': 0.8333234199530359, 'colsample_bylevel': 0.31610373320197577, 'reg_alpha': 1.2047651267990471, 'reg_lambda': 5.45964117483437, 'gamma': 0.00021802832361211792, 'min_child_weight': 17}. Best is trial 660 with value: 3.2379913054860083e-06.

[Trial 949/5000] Starting at 06:40:08
  Lambdas: P=0.699, B=1.748, G=0.643
  XGBoost params: n_estimators=297, max_depth=7
  Starting cross-validation...
  Trial 948 MSE: 0.000005 | MAPE: 0.16% | R²: -0.192171
  Trial time: 1.6s
[I 2026-03-13 06:40:10,309] Trial 948 finished with value: 4.521458592329629e-06 and parameters: {'lambda_P': 0.6990397981435783, 'lambda_B': 1.7481538414357425, 'lambda_G': 0.6428269339149398, 'n_estimators': 297, 'max_depth': 7, 'learning_rate': 0.008284536788066146, 'subsample': 0.985997867507623, 'colsample_bytree': 0.6847824023565547, 'colsample_bylevel': 0.6576912530907411, 'reg_alpha': 0.7057198542664773, 'reg_lambda': 6.999816789438499, 'gamma': 0.0004941637918324154, 'min_child_weight': 12}. Best is trial 660 with value: 3.2379913054860083e-06.

[Trial 950/5000] Starting at 06:40:10
  Trial 931 MSE: 0.000005 | MAPE: 0.16% | R²: -0.314049
  Trial time: 37.3s
[I 2026-03-13 06:40:10,491] Trial 931 finished with value: 5.076887518448612e-06 and parameters: {'lambda_P': 1.934569589364759, 'lambda_B': 1.8225375788707276, 'lambda_G': 1.7539251806740626, 'n_estimators': 8767, 'max_depth': 14, 'learning_rate': 0.022162586428147765, 'subsample': 0.607431977198468, 'colsample_bytree': 0.32362212204083607, 'colsample_bylevel': 0.38905698509012315, 'reg_alpha': 1.877447516583389, 'reg_lambda': 5.626997837085033, 'gamma': 0.0007349575243209145, 'min_child_weight': 6}. Best is trial 660 with value: 3.2379913054860083e-06.

[Trial 951/5000] Starting at 06:40:10
  Lambdas: P=0.647, B=1.261, G=0.804
  XGBoost params: n_estimators=1297, max_depth=5
  Starting cross-validation...
  Lambdas: P=0.527, B=1.831, G=1.108
  XGBoost params: n_estimators=3458, max_depth=9
  Starting cross-validation...
  Trial 942 MSE: 0.000005 | MAPE: 0.16% | R²: -0.223130
  Trial time: 9.3s
[I 2026-03-13 06:40:11,964] Trial 942 finished with value: 4.752372557755045e-06 and parameters: {'lambda_P': 0.9395401784176952, 'lambda_B': 1.580828681136389, 'lambda_G': 0.7479699965849765, 'n_estimators': 1525, 'max_depth': 11, 'learning_rate': 0.14682294411544497, 'subsample': 0.6627735920920792, 'colsample_bytree': 0.8280890102999215, 'colsample_bylevel': 0.31853871793902233, 'reg_alpha': 0.8207239246459155, 'reg_lambda': 3.70516131670791, 'gamma': 0.00013391037118337215, 'min_child_weight': 16}. Best is trial 660 with value: 3.2379913054860083e-06.

[Trial 952/5000] Starting at 06:40:12
  Lambdas: P=1.835, B=1.552, G=0.542
  XGBoost params: n_estimators=5447, max_depth=11
  Starting cross-validation...
  Trial 941 MSE: 0.000004 | MAPE: 0.15% | R²: -0.153637
  Trial time: 10.9s
[I 2026-03-13 06:40:12,627] Trial 941 finished with value: 4.3910859245211476e-06 and parameters: {'lambda_P': 1.2517033648682632, 'lambda_B': 1.7800834785461273, 'lambda_G': 0.8884103713108711, 'n_estimators': 1716, 'max_depth': 12, 'learning_rate': 0.11487874363012436, 'subsample': 0.6666747308549364, 'colsample_bytree': 0.8341094128807699, 'colsample_bylevel': 0.5195755150435479, 'reg_alpha': 0.6324572841022262, 'reg_lambda': 5.531127747520857, 'gamma': 0.00016411576761925765, 'min_child_weight': 14}. Best is trial 660 with value: 3.2379913054860083e-06.

[Trial 953/5000] Starting at 06:40:12
  Lambdas: P=0.510, B=1.402, G=0.592
  XGBoost params: n_estimators=2850, max_depth=16
  Starting cross-validation...
  Trial 928 MSE: 0.000004 | MAPE: 0.15% | R²: -0.121809
  Trial time: 47.1s
[I 2026-03-13 06:40:13,333] Trial 928 finished with value: 4.186003811935439e-06 and parameters: {'lambda_P': 1.7868398929297196, 'lambda_B': 1.622698657834762, 'lambda_G': 1.5142109158317514, 'n_estimators': 9223, 'max_depth': 17, 'learning_rate': 0.1052366325503347, 'subsample': 0.6195870142397588, 'colsample_bytree': 0.4994909223088912, 'colsample_bylevel': 0.34336445193832416, 'reg_alpha': 0.507690717938526, 'reg_lambda': 4.735718248499658, 'gamma': 0.00011912947561349456, 'min_child_weight': 7}. Best is trial 660 with value: 3.2379913054860083e-06.

[Trial 954/5000] Starting at 06:40:13
  Lambdas: P=1.736, B=1.819, G=0.601
  XGBoost params: n_estimators=3721, max_depth=14
  Starting cross-validation...
  Trial 940 MSE: 0.000005 | MAPE: 0.16% | R²: -0.314049
  Trial time: 18.5s
[I 2026-03-13 06:40:15,753] Trial 940 finished with value: 5.076887518448612e-06 and parameters: {'lambda_P': 1.7875000593791455, 'lambda_B': 1.9631792596157298, 'lambda_G': 0.6811467343727812, 'n_estimators': 3209, 'max_depth': 11, 'learning_rate': 0.0053889745663697275, 'subsample': 0.8004576651284732, 'colsample_bytree': 0.38644364261212416, 'colsample_bylevel': 0.7849321768211655, 'reg_alpha': 1.0598525607942373, 'reg_lambda': 9.007226894872922, 'gamma': 0.0045761924442797, 'min_child_weight': 3}. Best is trial 660 with value: 3.2379913054860083e-06.

[Trial 955/5000] Starting at 06:40:15
  Lambdas: P=1.456, B=1.115, G=1.218
  XGBoost params: n_estimators=6520, max_depth=20
  Starting cross-validation...
  Trial 936 MSE: 0.000003 | MAPE: 0.14% | R²: 0.011405
  Trial time: 27.6s
[I 2026-03-13 06:40:16,406] Trial 936 finished with value: 3.4379398011002976e-06 and parameters: {'lambda_P': 1.6697502039075658, 'lambda_B': 1.3126705714627243, 'lambda_G': 1.6255342660371654, 'n_estimators': 7045, 'max_depth': 16, 'learning_rate': 0.011349281071596188, 'subsample': 0.5662584132570733, 'colsample_bytree': 0.38901894182669133, 'colsample_bylevel': 0.31163359462372825, 'reg_alpha': 0.18304502311545756, 'reg_lambda': 6.037302551428819, 'gamma': 0.00011042469537634914, 'min_child_weight': 5}. Best is trial 660 with value: 3.2379913054860083e-06.

[Trial 956/5000] Starting at 06:40:16
  Lambdas: P=1.741, B=1.019, G=1.641
  XGBoost params: n_estimators=9520, max_depth=13
  Starting cross-validation...
  Trial 943 MSE: 0.000005 | MAPE: 0.16% | R²: -0.199510
  Trial time: 12.8s
[I 2026-03-13 06:40:16,902] Trial 943 finished with value: 4.608894488880546e-06 and parameters: {'lambda_P': 1.1707068879970013, 'lambda_B': 1.2519684015126482, 'lambda_G': 0.739843924581508, 'n_estimators': 2402, 'max_depth': 14, 'learning_rate': 0.02247603581495938, 'subsample': 0.6005321029330968, 'colsample_bytree': 0.9839122242617506, 'colsample_bylevel': 0.3937576605108788, 'reg_alpha': 0.5928688332882919, 'reg_lambda': 6.395157901861331, 'gamma': 0.00021694243346308958, 'min_child_weight': 9}. Best is trial 660 with value: 3.2379913054860083e-06.

[Trial 957/5000] Starting at 06:40:16
  Lambdas: P=1.650, B=1.018, G=1.800
  XGBoost params: n_estimators=7895, max_depth=16
  Starting cross-validation...
  Trial 949 MSE: 0.000003 | MAPE: 0.14% | R²: 0.029521
  Trial time: 7.7s
[I 2026-03-13 06:40:18,271] Trial 949 finished with value: 3.377633263216514e-06 and parameters: {'lambda_P': 0.6466185117053128, 'lambda_B': 1.2610627909932142, 'lambda_G': 0.8038676547665022, 'n_estimators': 1297, 'max_depth': 5, 'learning_rate': 0.003753850520634178, 'subsample': 0.8620192865399854, 'colsample_bytree': 0.5348452631237136, 'colsample_bylevel': 0.5154391216555091, 'reg_alpha': 0.14252181370551703, 'reg_lambda': 8.844154358300116, 'gamma': 0.00016526615484395145, 'min_child_weight': 16}. Best is trial 660 with value: 3.2379913054860083e-06.

[Trial 958/5000] Starting at 06:40:18
  Lambdas: P=0.898, B=0.938, G=0.784
  XGBoost params: n_estimators=361, max_depth=8
  Starting cross-validation...
  Trial 944 MSE: 0.000005 | MAPE: 0.16% | R²: -0.314049
  Trial time: 14.3s
[I 2026-03-13 06:40:18,852] Trial 944 finished with value: 5.076887518448612e-06 and parameters: {'lambda_P': 0.8856786531760582, 'lambda_B': 1.4772177243289062, 'lambda_G': 0.7306731038586154, 'n_estimators': 2470, 'max_depth': 16, 'learning_rate': 0.022917736459197813, 'subsample': 0.7517498647014442, 'colsample_bytree': 0.865579160855686, 'colsample_bylevel': 0.6516659519317125, 'reg_alpha': 1.3835243455536066, 'reg_lambda': 6.833672129556389, 'gamma': 0.00012293278614237756, 'min_child_weight': 10}. Best is trial 660 with value: 3.2379913054860083e-06.

[Trial 959/5000] Starting at 06:40:18
  Lambdas: P=0.843, B=0.931, G=0.872
  XGBoost params: n_estimators=980, max_depth=5
  Starting cross-validation...
  Trial 957 MSE: 0.000005 | MAPE: 0.16% | R²: -0.314049
  Trial time: 2.1s
[I 2026-03-13 06:40:20,525] Trial 957 finished with value: 5.076887518448612e-06 and parameters: {'lambda_P': 0.8983513826673117, 'lambda_B': 0.9381830153993733, 'lambda_G': 0.7837603168186283, 'n_estimators': 361, 'max_depth': 8, 'learning_rate': 0.0025704831953929637, 'subsample': 0.9070527927034706, 'colsample_bytree': 0.3919856423752929, 'colsample_bylevel': 0.4682722139046948, 'reg_alpha': 3.2667120940245016, 'reg_lambda': 9.666586320136043, 'gamma': 0.00012854082219692235, 'min_child_weight': 16}. Best is trial 660 with value: 3.2379913054860083e-06.

[Trial 960/5000] Starting at 06:40:20
  Lambdas: P=1.725, B=1.075, G=1.876
  XGBoost params: n_estimators=8426, max_depth=18
  Starting cross-validation...
  Trial 958 MSE: 0.000004 | MAPE: 0.15% | R²: -0.123731
  Trial time: 4.5s
[I 2026-03-13 06:40:23,608] Trial 958 finished with value: 4.155844589433752e-06 and parameters: {'lambda_P': 0.8430138655781176, 'lambda_B': 0.9314243116366943, 'lambda_G': 0.8723235823609565, 'n_estimators': 980, 'max_depth': 5, 'learning_rate': 0.0027785757012909165, 'subsample': 0.870459976447384, 'colsample_bytree': 0.3660525980533111, 'colsample_bylevel': 0.6284378405620046, 'reg_alpha': 0.4581284476229686, 'reg_lambda': 8.516025992658712, 'gamma': 0.0003181169280761165, 'min_child_weight': 18}. Best is trial 660 with value: 3.2379913054860083e-06.

[Trial 961/5000] Starting at 06:40:23
  Lambdas: P=1.763, B=1.143, G=1.767
  XGBoost params: n_estimators=5724, max_depth=17
  Starting cross-validation...
  Trial 937 MSE: 0.000004 | MAPE: 0.15% | R²: -0.112023
  Trial time: 36.1s
[I 2026-03-13 06:40:26,531] Trial 937 finished with value: 4.059455571800064e-06 and parameters: {'lambda_P': 1.9416050319243114, 'lambda_B': 1.9196945983778244, 'lambda_G': 1.5262676312116235, 'n_estimators': 7202, 'max_depth': 18, 'learning_rate': 0.2800340883005951, 'subsample': 0.6875610493539215, 'colsample_bytree': 0.3822118130631104, 'colsample_bylevel': 0.3881958590055482, 'reg_alpha': 0.38396940916546696, 'reg_lambda': 1.7689330428114736, 'gamma': 0.0002891061716376187, 'min_child_weight': 3}. Best is trial 660 with value: 3.2379913054860083e-06.

[Trial 962/5000] Starting at 06:40:26
  Lambdas: P=1.631, B=1.593, G=1.645
  XGBoost params: n_estimators=6718, max_depth=16
  Starting cross-validation...
  Trial 952 MSE: 0.000005 | MAPE: 0.16% | R²: -0.285892
  Trial time: 14.7s
[I 2026-03-13 06:40:27,491] Trial 952 finished with value: 4.9919374272140045e-06 and parameters: {'lambda_P': 0.5104181319645771, 'lambda_B': 1.402050819840277, 'lambda_G': 0.59169893370229, 'n_estimators': 2850, 'max_depth': 16, 'learning_rate': 0.3579735956858125, 'subsample': 0.851002738628665, 'colsample_bytree': 0.8974173654840459, 'colsample_bylevel': 0.3922892266757889, 'reg_alpha': 1.2746670658353048, 'reg_lambda': 7.604386088248441, 'gamma': 0.00010385097326878542, 'min_child_weight': 14}. Best is trial 660 with value: 3.2379913054860083e-06.

[Trial 963/5000] Starting at 06:40:27
  Lambdas: P=1.178, B=1.258, G=0.569
  XGBoost params: n_estimators=8967, max_depth=13
  Starting cross-validation...
  Trial 950 MSE: 0.000004 | MAPE: 0.15% | R²: -0.134524
  Trial time: 17.6s
[I 2026-03-13 06:40:28,285] Trial 950 finished with value: 4.053729631407424e-06 and parameters: {'lambda_P': 0.527160402194417, 'lambda_B': 1.830889958468898, 'lambda_G': 1.1078161728388554, 'n_estimators': 3458, 'max_depth': 9, 'learning_rate': 0.15590509197035837, 'subsample': 0.7185396569976995, 'colsample_bytree': 0.8431308700501575, 'colsample_bylevel': 0.4576530620663681, 'reg_alpha': 0.05388362999388026, 'reg_lambda': 9.129113967477794, 'gamma': 0.0003246867347939186, 'min_child_weight': 14}. Best is trial 660 with value: 3.2379913054860083e-06.

[Trial 964/5000] Starting at 06:40:28
  Trial 935 MSE: 0.000005 | MAPE: 0.16% | R²: -0.202362
  Trial time: 46.4s
[I 2026-03-13 06:40:28,467] Trial 935 finished with value: 4.640149466010188e-06 and parameters: {'lambda_P': 1.4823997016622197, 'lambda_B': 1.8405194064959962, 'lambda_G': 1.6474797689747729, 'n_estimators': 8385, 'max_depth': 16, 'learning_rate': 0.26968719496998006, 'subsample': 0.5866914207000151, 'colsample_bytree': 0.4554129941306437, 'colsample_bylevel': 0.30414200721755114, 'reg_alpha': 0.5742363648670353, 'reg_lambda': 4.7505303705581765, 'gamma': 0.00034196706986417455, 'min_child_weight': 3}. Best is trial 660 with value: 3.2379913054860083e-06.

[Trial 965/5000] Starting at 06:40:28
  Lambdas: P=1.802, B=1.048, G=1.458
  Lambdas: P=1.785, B=0.801, G=1.423
  XGBoost params: n_estimators=8953, max_depth=10  XGBoost params: n_estimators=7766, max_depth=14
  Starting cross-validation...

  Starting cross-validation...
  Trial 953 MSE: 0.000005 | MAPE: 0.16% | R²: -0.314049
  Trial time: 18.1s
[I 2026-03-13 06:40:31,642] Trial 953 finished with value: 5.076887518448612e-06 and parameters: {'lambda_P': 1.7363457176496484, 'lambda_B': 1.8188533709792534, 'lambda_G': 0.6005485951483734, 'n_estimators': 3721, 'max_depth': 14, 'learning_rate': 0.002785632448894995, 'subsample': 0.9177381897029353, 'colsample_bytree': 0.3064420265492926, 'colsample_bylevel': 0.5923806089461717, 'reg_alpha': 4.891361784999635, 'reg_lambda': 9.261266939532382, 'gamma': 0.010708510397483011, 'min_child_weight': 4}. Best is trial 660 with value: 3.2379913054860083e-06.

[Trial 966/5000] Starting at 06:40:31
  Lambdas: P=1.900, B=1.075, G=1.548
  XGBoost params: n_estimators=8543, max_depth=13
  Starting cross-validation...
  Trial 939 MSE: 0.000005 | MAPE: 0.16% | R²: -0.314049
  Trial time: 37.1s
[I 2026-03-13 06:40:32,802] Trial 939 finished with value: 5.076887518448612e-06 and parameters: {'lambda_P': 1.6832502058777792, 'lambda_B': 1.6966389335660976, 'lambda_G': 1.4782242794305613, 'n_estimators': 6918, 'max_depth': 19, 'learning_rate': 0.099226948095663, 'subsample': 0.760884005940719, 'colsample_bytree': 0.36081805201397527, 'colsample_bylevel': 0.3213445702609424, 'reg_alpha': 3.447419572898224, 'reg_lambda': 5.808996596241848, 'gamma': 0.00018822404689568245, 'min_child_weight': 7}. Best is trial 660 with value: 3.2379913054860083e-06.

[Trial 967/5000] Starting at 06:40:32
  Lambdas: P=0.741, B=1.400, G=0.795
  XGBoost params: n_estimators=246, max_depth=4
  Starting cross-validation...
  Trial 966 MSE: 0.000005 | MAPE: 0.16% | R²: -0.314049
  Trial time: 1.4s
[I 2026-03-13 06:40:34,371] Trial 966 finished with value: 5.076887518448612e-06 and parameters: {'lambda_P': 0.7405826769720074, 'lambda_B': 1.3998194500082126, 'lambda_G': 0.7950070196419207, 'n_estimators': 246, 'max_depth': 4, 'learning_rate': 0.001599748441825296, 'subsample': 0.7648690192960579, 'colsample_bytree': 0.5736372113879209, 'colsample_bylevel': 0.40625848406549253, 'reg_alpha': 1.6911882497233002, 'reg_lambda': 9.984084491736793, 'gamma': 0.0003061708005216119, 'min_child_weight': 20}. Best is trial 660 with value: 3.2379913054860083e-06.

[Trial 968/5000] Starting at 06:40:34
  Lambdas: P=1.932, B=1.475, G=1.616
  XGBoost params: n_estimators=5156, max_depth=20
  Starting cross-validation...
  Trial 938 MSE: 0.000004 | MAPE: 0.16% | R²: -0.198205
  Trial time: 46.3s
[I 2026-03-13 06:40:38,934] Trial 938 finished with value: 4.407113791408049e-06 and parameters: {'lambda_P': 1.5661904205540897, 'lambda_B': 1.4782726708358516, 'lambda_G': 1.4862470655320155, 'n_estimators': 9276, 'max_depth': 20, 'learning_rate': 0.45998167616906527, 'subsample': 0.8251724854836996, 'colsample_bytree': 0.3627478256747154, 'colsample_bylevel': 0.33051248916838716, 'reg_alpha': 0.347352431445031, 'reg_lambda': 4.20794500017044, 'gamma': 0.0006149079386537047, 'min_child_weight': 6}. Best is trial 660 with value: 3.2379913054860083e-06.

[Trial 969/5000] Starting at 06:40:39
  Lambdas: P=1.677, B=1.486, G=1.860
  XGBoost params: n_estimators=5748, max_depth=15
  Starting cross-validation...
  Trial 951 MSE: 0.000004 | MAPE: 0.15% | R²: -0.126837
  Trial time: 27.9s
[I 2026-03-13 06:40:40,059] Trial 951 finished with value: 4.245965965710927e-06 and parameters: {'lambda_P': 1.8350268323784762, 'lambda_B': 1.5515495265800394, 'lambda_G': 0.5419129753684561, 'n_estimators': 5447, 'max_depth': 11, 'learning_rate': 0.0023340221271451623, 'subsample': 0.9828855139139956, 'colsample_bytree': 0.5062016565515244, 'colsample_bylevel': 0.8738682787714053, 'reg_alpha': 0.7422386802380101, 'reg_lambda': 8.985640324257409, 'gamma': 0.00020981007956834678, 'min_child_weight': 18}. Best is trial 660 with value: 3.2379913054860083e-06.

[Trial 970/5000] Starting at 06:40:40
  Lambdas: P=1.317, B=1.345, G=1.616
  XGBoost params: n_estimators=8954, max_depth=14
  Starting cross-validation...
  Trial 946 MSE: 0.000005 | MAPE: 0.16% | R²: -0.199345
  Trial time: 37.1s
[I 2026-03-13 06:40:43,763] Trial 946 finished with value: 4.6389863081926135e-06 and parameters: {'lambda_P': 1.2678431356368307, 'lambda_B': 1.816246445106845, 'lambda_G': 0.9056636982717925, 'n_estimators': 9123, 'max_depth': 9, 'learning_rate': 0.0015357080356215133, 'subsample': 0.9090980537099654, 'colsample_bytree': 0.3707048627433386, 'colsample_bylevel': 0.40760547512263495, 'reg_alpha': 1.0375308449356528, 'reg_lambda': 9.333263209005914, 'gamma': 0.00011870700153157176, 'min_child_weight': 13}. Best is trial 660 with value: 3.2379913054860083e-06.

[Trial 971/5000] Starting at 06:40:43
  Lambdas: P=1.619, B=1.139, G=1.697
  XGBoost params: n_estimators=7242, max_depth=13
  Starting cross-validation...
  Trial 954 MSE: 0.000005 | MAPE: 0.16% | R²: -0.278030
  Trial time: 30.6s
