[I 2026-03-13 06:12:11,925] Trial 90 finished with value: 5.076887518448612e-06 and parameters: {'lambda_P': 1.342699160452854, 'lambda_B': 1.8037527777963194, 'lambda_G': 0.8416657492304082, 'n_estimators': 6560, 'max_depth': 19, 'learning_rate': 0.16798025765362842, 'subsample': 0.4259838846861569, 'colsample_bytree': 0.968899914438041, 'colsample_bylevel': 0.8980232950316815, 'reg_alpha': 5.51502702802337, 'reg_lambda': 3.450697645460451, 'gamma': 0.00016587071889895004, 'min_child_weight': 3}. Best is trial 6 with value: 4.367259064411295e-06.

[Trial 109/5000] Starting at 06:12:12
  Lambdas: P=1.671, B=1.015, G=1.336
  XGBoost params: n_estimators=5774, max_depth=13
  Starting cross-validation...
  XGBoost params: n_estimators=2366, max_depth=13
  Starting cross-validation...
  Trial 97 MSE: 0.000005 | MAPE: 0.16% | R²: -0.314049
  Trial time: 22.9s
[I 2026-03-13 06:12:13,121] Trial 97 finished with value: 5.076887518448612e-06 and parameters: {'lambda_P': 1.2143300915755761, 'lambda_B': 1.4301168209400903, 'lambda_G': 0.9951273733844366, 'n_estimators': 4625, 'max_depth': 11, 'learning_rate': 0.3686649430407749, 'subsample': 0.37367648938628045, 'colsample_bytree': 0.44476492523546396, 'colsample_bylevel': 0.724001979102171, 'reg_alpha': 3.8481818897204754, 'reg_lambda': 3.794815065704349, 'gamma': 0.002204275004937851, 'min_child_weight': 19}. Best is trial 6 with value: 4.367259064411295e-06.

[Trial 110/5000] Starting at 06:12:13
  Lambdas: P=1.627, B=1.847, G=1.185
  XGBoost params: n_estimators=6093, max_depth=14
  Starting cross-validation...
  Trial 104 MSE: 0.000005 | MAPE: 0.16% | R²: -0.314049
  Trial time: 7.4s
[I 2026-03-13 06:12:14,472] Trial 104 finished with value: 5.076887518448612e-06 and parameters: {'lambda_P': 0.5822251523186517, 'lambda_B': 0.5844853695533478, 'lambda_G': 1.936803813808691, 'n_estimators': 1435, 'max_depth': 10, 'learning_rate': 0.0013008578069635506, 'subsample': 0.7311134225084983, 'colsample_bytree': 0.8174379360513255, 'colsample_bylevel': 0.8561747682633845, 'reg_alpha': 8.700915901857444, 'reg_lambda': 9.468517329496116, 'gamma': 0.011662188182195435, 'min_child_weight': 20}. Best is trial 6 with value: 4.367259064411295e-06.

[Trial 111/5000] Starting at 06:12:14
  Lambdas: P=1.822, B=0.569, G=1.933
  XGBoost params: n_estimators=7848, max_depth=15
  Starting cross-validation...
  Trial 95 MSE: 0.000005 | MAPE: 0.16% | R²: -0.314049
  Trial time: 31.2s
[I 2026-03-13 06:12:18,979] Trial 95 finished with value: 5.076887518448612e-06 and parameters: {'lambda_P': 1.7793656900973525, 'lambda_B': 0.8295181383301673, 'lambda_G': 1.8362788624140902, 'n_estimators': 6653, 'max_depth': 2, 'learning_rate': 0.029783433419446382, 'subsample': 0.9005024643017614, 'colsample_bytree': 0.6636139983405812, 'colsample_bylevel': 0.5497906320134236, 'reg_alpha': 5.780116768263824, 'reg_lambda': 4.489640523017373, 'gamma': 0.0007503832449239748, 'min_child_weight': 15}. Best is trial 6 with value: 4.367259064411295e-06.

[Trial 112/5000] Starting at 06:12:19
  Lambdas: P=0.791, B=1.484, G=1.149
  Trial 92 MSE: 0.000005 | MAPE: 0.16% | R²: -0.314049
  Trial time: 35.2s
[I 2026-03-13 06:12:19,217] Trial 92 finished with value: 5.076887518448612e-06 and parameters: {'lambda_P': 1.8657402041968507, 'lambda_B': 1.4039510707629563, 'lambda_G': 1.6721684991696812, 'n_estimators': 9463, 'max_depth': 17, 'learning_rate': 0.019362374005535078, 'subsample': 0.7834829697172649, 'colsample_bytree': 0.4194909665562344, 'colsample_bylevel': 0.8169953787935618, 'reg_alpha': 5.667959681089963, 'reg_lambda': 2.6780443521787567, 'gamma': 0.0009992865335730038, 'min_child_weight': 17}. Best is trial 6 with value: 4.367259064411295e-06.

[Trial 113/5000] Starting at 06:12:19
  Lambdas: P=1.391, B=1.752, G=0.710
  XGBoost params: n_estimators=7698, max_depth=15
  Starting cross-validation...
  XGBoost params: n_estimators=4473, max_depth=14
  Starting cross-validation...
  Trial 105 MSE: 0.000005 | MAPE: 0.16% | R²: -0.314049
  Trial time: 12.3s
[I 2026-03-13 06:12:21,045] Trial 105 finished with value: 5.076887518448612e-06 and parameters: {'lambda_P': 1.0652361463873992, 'lambda_B': 1.5039708312555846, 'lambda_G': 1.9698738787849568, 'n_estimators': 2347, 'max_depth': 2, 'learning_rate': 0.09515202947439738, 'subsample': 0.8135245254334296, 'colsample_bytree': 0.42516959938518273, 'colsample_bylevel': 0.4775329864756395, 'reg_alpha': 4.768589613585118, 'reg_lambda': 2.8356612566419015, 'gamma': 0.007712720833223679, 'min_child_weight': 7}. Best is trial 6 with value: 4.367259064411295e-06.

[Trial 114/5000] Starting at 06:12:21
  Lambdas: P=1.277, B=1.306, G=1.218
  XGBoost params: n_estimators=1460, max_depth=16
  Starting cross-validation...
  Trial 108 MSE: 0.000005 | MAPE: 0.16% | R²: -0.216195
  Trial time: 11.6s
[I 2026-03-13 06:12:23,722] Trial 108 finished with value: 4.674048377781601e-06 and parameters: {'lambda_P': 1.6713327603374326, 'lambda_B': 1.0146205857603054, 'lambda_G': 1.335842161897919, 'n_estimators': 2366, 'max_depth': 13, 'learning_rate': 0.016811020756418316, 'subsample': 0.7918945525972052, 'colsample_bytree': 0.9213626141002642, 'colsample_bylevel': 0.39424640103823444, 'reg_alpha': 0.6031479758569092, 'reg_lambda': 0.7332004008333559, 'gamma': 0.0006304012842191695, 'min_child_weight': 4}. Best is trial 6 with value: 4.367259064411295e-06.

[Trial 115/5000] Starting at 06:12:23
  Lambdas: P=1.348, B=1.368, G=0.990
  XGBoost params: n_estimators=9030, max_depth=5
  Starting cross-validation...
  Trial 89 MSE: 0.000005 | MAPE: 0.16% | R²: -0.314049
  Trial time: 46.8s
[I 2026-03-13 06:12:26,249] Trial 89 finished with value: 5.076887518448612e-06 and parameters: {'lambda_P': 1.6579052950547966, 'lambda_B': 1.9425948550898784, 'lambda_G': 0.7106152885128503, 'n_estimators': 9597, 'max_depth': 15, 'learning_rate': 0.009964266343226436, 'subsample': 0.9057889380114996, 'colsample_bytree': 0.5610415386596461, 'colsample_bylevel': 0.3402758403634662, 'reg_alpha': 2.0426711719634385, 'reg_lambda': 5.38409262886392, 'gamma': 0.01181915346668102, 'min_child_weight': 9}. Best is trial 6 with value: 4.367259064411295e-06.

[Trial 116/5000] Starting at 06:12:26
  Lambdas: P=0.959, B=1.516, G=0.661
  XGBoost params: n_estimators=140, max_depth=14
  Starting cross-validation...
  Trial 101 MSE: 0.000005 | MAPE: 0.16% | R²: -0.314049
  Trial time: 22.1s
[I 2026-03-13 06:12:26,907] Trial 101 finished with value: 5.076887518448612e-06 and parameters: {'lambda_P': 1.9641085759529027, 'lambda_B': 1.8885133469818292, 'lambda_G': 0.5145503999999202, 'n_estimators': 4408, 'max_depth': 9, 'learning_rate': 0.0015274552872447012, 'subsample': 0.689785266619899, 'colsample_bytree': 0.4821801249331838, 'colsample_bylevel': 0.7048691588212901, 'reg_alpha': 4.6249539821149614, 'reg_lambda': 5.798768478360259, 'gamma': 0.009555260217445205, 'min_child_weight': 11}. Best is trial 6 with value: 4.367259064411295e-06.

[Trial 117/5000] Starting at 06:12:27
  Lambdas: P=1.267, B=0.692, G=0.778
  XGBoost params: n_estimators=9397, max_depth=14
  Starting cross-validation...
  Trial 115 MSE: 0.000005 | MAPE: 0.16% | R²: -0.314049
  Trial time: 1.1s
[I 2026-03-13 06:12:27,527] Trial 115 finished with value: 5.076887518448612e-06 and parameters: {'lambda_P': 0.9586034335428861, 'lambda_B': 1.51587762906773, 'lambda_G': 0.6611745150318757, 'n_estimators': 140, 'max_depth': 14, 'learning_rate': 0.002947158979558805, 'subsample': 0.4430498442493367, 'colsample_bytree': 0.38998064648271225, 'colsample_bylevel': 0.9417903234503284, 'reg_alpha': 9.804351547516653, 'reg_lambda': 7.491402503243865, 'gamma': 0.001226927262263671, 'min_child_weight': 7}. Best is trial 6 with value: 4.367259064411295e-06.

[Trial 118/5000] Starting at 06:12:27
  Lambdas: P=1.004, B=1.171, G=1.090
  XGBoost params: n_estimators=8003, max_depth=4
  Starting cross-validation...
  Trial 113 MSE: 0.000005 | MAPE: 0.16% | R²: -0.314049
  Trial time: 7.6s
[I 2026-03-13 06:12:28,862] Trial 113 finished with value: 5.076887518448612e-06 and parameters: {'lambda_P': 1.2773441999722008, 'lambda_B': 1.3058368821809658, 'lambda_G': 1.2181584036975368, 'n_estimators': 1460, 'max_depth': 16, 'learning_rate': 0.0016084547749950558, 'subsample': 0.451965473389208, 'colsample_bytree': 0.5723054173705616, 'colsample_bylevel': 0.30785773653865334, 'reg_alpha': 5.709581090858408, 'reg_lambda': 2.0471907222497188, 'gamma': 0.01761204561502891, 'min_child_weight': 6}. Best is trial 6 with value: 4.367259064411295e-06.

[Trial 119/5000] Starting at 06:12:28
  Lambdas: P=1.065, B=0.619, G=1.277
  Trial 96 MSE: 0.000005 | MAPE: 0.16% | R²: -0.314049
  Trial time: 40.1s
[I 2026-03-13 06:12:29,069] Trial 96 finished with value: 5.076887518448612e-06 and parameters: {'lambda_P': 0.8146331047441113, 'lambda_B': 1.2345729007278556, 'lambda_G': 0.849707712662499, 'n_estimators': 7863, 'max_depth': 5, 'learning_rate': 0.010618710319352027, 'subsample': 0.398890622267992, 'colsample_bytree': 0.88916257303932, 'colsample_bylevel': 0.8640524417061888, 'reg_alpha': 7.782103026788993, 'reg_lambda': 2.056673964826532, 'gamma': 0.00016964653271829, 'min_child_weight': 15}. Best is trial 6 with value: 4.367259064411295e-06.

[Trial 120/5000] Starting at 06:12:29
  Lambdas: P=0.595, B=0.829, G=1.571
  XGBoost params: n_estimators=2477, max_depth=13  XGBoost params: n_estimators=4874, max_depth=19

  Starting cross-validation...
  Starting cross-validation...
  Trial 112 MSE: 0.000005 | MAPE: 0.16% | R²: -0.314049
  Trial time: 19.7s
[I 2026-03-13 06:12:39,151] Trial 112 finished with value: 5.076887518448612e-06 and parameters: {'lambda_P': 1.391352152639738, 'lambda_B': 1.7516421487168876, 'lambda_G': 0.709568073914059, 'n_estimators': 4473, 'max_depth': 14, 'learning_rate': 0.002505723652272896, 'subsample': 0.9727659359865475, 'colsample_bytree': 0.6720490810982008, 'colsample_bylevel': 0.4142191785406574, 'reg_alpha': 6.4423266316725805, 'reg_lambda': 4.480549095443003, 'gamma': 0.0795610517926216, 'min_child_weight': 8}. Best is trial 6 with value: 4.367259064411295e-06.

[Trial 121/5000] Starting at 06:12:39
  Lambdas: P=0.902, B=1.707, G=1.806
  XGBoost params: n_estimators=2203, max_depth=10
  Starting cross-validation...
  Trial 107 MSE: 0.000005 | MAPE: 0.16% | R²: -0.314049
  Trial time: 27.8s
[I 2026-03-13 06:12:39,696] Trial 107 finished with value: 5.076887518448612e-06 and parameters: {'lambda_P': 1.327858692475898, 'lambda_B': 1.511822636569934, 'lambda_G': 0.8578570716870578, 'n_estimators': 5774, 'max_depth': 13, 'learning_rate': 0.002189781906737659, 'subsample': 0.8822796873957734, 'colsample_bytree': 0.724894527395143, 'colsample_bylevel': 0.8607423825247409, 'reg_alpha': 8.290932895756802, 'reg_lambda': 5.352184486313392, 'gamma': 0.00019993088191148957, 'min_child_weight': 19}. Best is trial 6 with value: 4.367259064411295e-06.

[Trial 122/5000] Starting at 06:12:39
  Lambdas: P=1.634, B=0.874, G=0.781
  XGBoost params: n_estimators=9609, max_depth=9
  Starting cross-validation...
  Trial 118 MSE: 0.000005 | MAPE: 0.16% | R²: -0.314049
  Trial time: 11.5s
[I 2026-03-13 06:12:40,521] Trial 118 finished with value: 5.076887518448612e-06 and parameters: {'lambda_P': 1.065392993217359, 'lambda_B': 0.6193820260418773, 'lambda_G': 1.2773753066332307, 'n_estimators': 2477, 'max_depth': 13, 'learning_rate': 0.01366247446279018, 'subsample': 0.42742238893130247, 'colsample_bytree': 0.5792224642025665, 'colsample_bylevel': 0.7625743653466788, 'reg_alpha': 6.059274313923201, 'reg_lambda': 2.2319820287665926, 'gamma': 0.006644293450311213, 'min_child_weight': 16}. Best is trial 6 with value: 4.367259064411295e-06.

[Trial 123/5000] Starting at 06:12:40
  Lambdas: P=1.958, B=1.139, G=0.813
  XGBoost params: n_estimators=5469, max_depth=14
  Starting cross-validation...
  Trial 102 MSE: 0.000005 | MAPE: 0.16% | R²: -0.314049
  Trial time: 35.6s
[I 2026-03-13 06:12:41,862] Trial 102 finished with value: 5.076887518448612e-06 and parameters: {'lambda_P': 1.3080429070966288, 'lambda_B': 1.4526610209165283, 'lambda_G': 1.6037115965312627, 'n_estimators': 6983, 'max_depth': 11, 'learning_rate': 0.0031186591854665607, 'subsample': 0.6766512673634936, 'colsample_bytree': 0.7238625890572326, 'colsample_bylevel': 0.41847373207528726, 'reg_alpha': 9.161501155423545, 'reg_lambda': 3.5508493549959406, 'gamma': 0.00024411288517888353, 'min_child_weight': 20}. Best is trial 6 with value: 4.367259064411295e-06.

[Trial 124/5000] Starting at 06:12:41
  Lambdas: P=1.820, B=1.418, G=1.124
  XGBoost params: n_estimators=6941, max_depth=18
  Starting cross-validation...
  Trial 99 MSE: 0.000005 | MAPE: 0.16% | R²: -0.314049
  Trial time: 43.5s
[I 2026-03-13 06:12:42,448] Trial 99 finished with value: 5.076887518448612e-06 and parameters: {'lambda_P': 0.6758395379080417, 'lambda_B': 1.1670845024469674, 'lambda_G': 1.7156810962304974, 'n_estimators': 8603, 'max_depth': 4, 'learning_rate': 0.0030840301685757937, 'subsample': 0.6283165012342571, 'colsample_bytree': 0.6275434292996287, 'colsample_bylevel': 0.7374080648378567, 'reg_alpha': 7.149710726300134, 'reg_lambda': 3.7528419483195865, 'gamma': 0.0011760018746609635, 'min_child_weight': 7}. Best is trial 6 with value: 4.367259064411295e-06.

[Trial 125/5000] Starting at 06:12:42
  Lambdas: P=1.478, B=1.005, G=1.314
  XGBoost params: n_estimators=7284, max_depth=7
  Starting cross-validation...
  Trial 109 MSE: 0.000005 | MAPE: 0.16% | R²: -0.314049
  Trial time: 30.8s
[I 2026-03-13 06:12:44,095] Trial 109 finished with value: 5.076887518448612e-06 and parameters: {'lambda_P': 1.626982592072901, 'lambda_B': 1.8473868946247272, 'lambda_G': 1.1854399949778225, 'n_estimators': 6093, 'max_depth': 14, 'learning_rate': 0.3081050551878357, 'subsample': 0.7192992364131198, 'colsample_bytree': 0.7756127700226985, 'colsample_bylevel': 0.47332782549694963, 'reg_alpha': 9.981035857746049, 'reg_lambda': 9.526467350306737, 'gamma': 0.000985237754055704, 'min_child_weight': 7}. Best is trial 6 with value: 4.367259064411295e-06.

[Trial 126/5000] Starting at 06:12:44
  Lambdas: P=0.951, B=1.866, G=0.527
  XGBoost params: n_estimators=9467, max_depth=12
  Starting cross-validation...
  Trial 110 MSE: 0.000005 | MAPE: 0.16% | R²: -0.314049
  Trial time: 31.0s
[I 2026-03-13 06:12:45,663] Trial 110 finished with value: 5.076887518448612e-06 and parameters: {'lambda_P': 1.8220756783502585, 'lambda_B': 0.5694122870470905, 'lambda_G': 1.9325198019957275, 'n_estimators': 7848, 'max_depth': 15, 'learning_rate': 0.009745646028437164, 'subsample': 0.7284300160624442, 'colsample_bytree': 0.4607578114111828, 'colsample_bylevel': 0.6589531539939462, 'reg_alpha': 4.86058516655112, 'reg_lambda': 7.730461948781916, 'gamma': 0.0937526966559145, 'min_child_weight': 1}. Best is trial 6 with value: 4.367259064411295e-06.

[Trial 127/5000] Starting at 06:12:45
  Lambdas: P=0.757, B=0.609, G=0.672
  XGBoost params: n_estimators=5789, max_depth=16
  Starting cross-validation...
  Trial 106 MSE: 0.000004 | MAPE: 0.15% | R²: -0.156593
  Trial time: 36.6s
[I 2026-03-13 06:12:46,132] Trial 106 finished with value: 4.236503968690876e-06 and parameters: {'lambda_P': 0.6761872400418328, 'lambda_B': 1.7252368735906398, 'lambda_G': 1.2916042458737498, 'n_estimators': 8374, 'max_depth': 16, 'learning_rate': 0.0016940393251360434, 'subsample': 0.651262249300173, 'colsample_bytree': 0.9653923041494221, 'colsample_bylevel': 0.5907378521202715, 'reg_alpha': 0.10275747718797912, 'reg_lambda': 6.1748446521778435, 'gamma': 0.000717817164424968, 'min_child_weight': 1}. Best is trial 106 with value: 4.236503968690876e-06.

[NEW BEST] Trial 106: 0.000004
Parameters: {'lambda_P': 0.6761872400418328, 'lambda_B': 1.7252368735906398, 'lambda_G': 1.2916042458737498, 'n_estimators': 8374, 'max_depth': 16, 'learning_rate': 0.0016940393251360434, 'subsample': 0.651262249300173, 'colsample_bytree': 0.9653923041494221, 'colsample_bylevel': 0.5907378521202715, 'reg_alpha': 0.10275747718797912, 'reg_lambda': 6.1748446521778435, 'gamma': 0.000717817164424968, 'min_child_weight': 1}


[Trial 128/5000] Starting at 06:12:46
  Lambdas: P=1.396, B=1.352, G=1.825
  XGBoost params: n_estimators=5388, max_depth=5
  Starting cross-validation...
  Trial 120 MSE: 0.000005 | MAPE: 0.16% | R²: -0.314049
  Trial time: 11.4s
[I 2026-03-13 06:12:50,791] Trial 120 finished with value: 5.076887518448612e-06 and parameters: {'lambda_P': 0.9015348251703277, 'lambda_B': 1.7071495006502275, 'lambda_G': 1.8064899144839346, 'n_estimators': 2203, 'max_depth': 10, 'learning_rate': 0.01505337619786527, 'subsample': 0.9020145776152686, 'colsample_bytree': 0.627311041319291, 'colsample_bylevel': 0.8187198207469035, 'reg_alpha': 8.499736958084128, 'reg_lambda': 4.703578621875543, 'gamma': 0.04670259071109455, 'min_child_weight': 10}. Best is trial 106 with value: 4.236503968690876e-06.

[Trial 129/5000] Starting at 06:12:50
  Lambdas: P=1.918, B=1.270, G=1.363
  Trial 100 MSE: 0.000005 | MAPE: 0.16% | R²: -0.314049
  Trial time: 47.4s
[I 2026-03-13 06:12:51,064] Trial 100 finished with value: 5.076887518448612e-06 and parameters: {'lambda_P': 1.1795463796543224, 'lambda_B': 0.6097129413354395, 'lambda_G': 1.1659438286190227, 'n_estimators': 9984, 'max_depth': 10, 'learning_rate': 0.04977388064032904, 'subsample': 0.4525331808132208, 'colsample_bytree': 0.6258473795058331, 'colsample_bylevel': 0.40509508231726665, 'reg_alpha': 2.0692022603837588, 'reg_lambda': 4.467801054938294, 'gamma': 0.00022714204716429938, 'min_child_weight': 9}. Best is trial 106 with value: 4.236503968690876e-06.

[Trial 130/5000] Starting at 06:12:51
  Lambdas: P=1.536, B=1.459, G=0.532
  XGBoost params: n_estimators=6240, max_depth=14
  Starting cross-validation...
  XGBoost params: n_estimators=5320, max_depth=7
  Starting cross-validation...
  Trial 111 MSE: 0.000005 | MAPE: 0.16% | R²: -0.314049
  Trial time: 32.5s
[I 2026-03-13 06:12:51,710] Trial 111 finished with value: 5.076887518448612e-06 and parameters: {'lambda_P': 0.7913718835171569, 'lambda_B': 1.4839667112059787, 'lambda_G': 1.1490581413748775, 'n_estimators': 7698, 'max_depth': 15, 'learning_rate': 0.0013312687480635653, 'subsample': 0.750506795769429, 'colsample_bytree': 0.6122714506416866, 'colsample_bylevel': 0.3738554584856516, 'reg_alpha': 6.940297472925156, 'reg_lambda': 0.8472392277511576, 'gamma': 0.06753257500392877, 'min_child_weight': 14}. Best is trial 106 with value: 4.236503968690876e-06.

[Trial 131/5000] Starting at 06:12:51
  Lambdas: P=1.686, B=0.666, G=1.450
  XGBoost params: n_estimators=1613, max_depth=2
  Starting cross-validation...
  Trial 119 MSE: 0.000005 | MAPE: 0.16% | R²: -0.314049
  Trial time: 24.3s
[I 2026-03-13 06:12:53,586] Trial 119 finished with value: 5.076887518448612e-06 and parameters: {'lambda_P': 0.5952091102512891, 'lambda_B': 0.8292343283159532, 'lambda_G': 1.5706851936592856, 'n_estimators': 4874, 'max_depth': 19, 'learning_rate': 0.007279004877284795, 'subsample': 0.7683726884726386, 'colsample_bytree': 0.7019248551790186, 'colsample_bylevel': 0.7556350054163192, 'reg_alpha': 9.857349698182487, 'reg_lambda': 9.644524768259217, 'gamma': 0.00452475737978424, 'min_child_weight': 14}. Best is trial 106 with value: 4.236503968690876e-06.

[Trial 132/5000] Starting at 06:12:53
  Lambdas: P=1.880, B=0.612, G=0.903
  XGBoost params: n_estimators=631, max_depth=18
  Starting cross-validation...
  Trial 131 MSE: 0.000005 | MAPE: 0.16% | R²: -0.314049
  Trial time: 3.0s
[I 2026-03-13 06:12:56,761] Trial 131 finished with value: 5.076887518448612e-06 and parameters: {'lambda_P': 1.8802848391301756, 'lambda_B': 0.6118470726757099, 'lambda_G': 0.9031472127059357, 'n_estimators': 631, 'max_depth': 18, 'learning_rate': 0.013615111731113867, 'subsample': 0.42607317176995196, 'colsample_bytree': 0.96669893413171, 'colsample_bylevel': 0.6376828818653142, 'reg_alpha': 8.837731789106426, 'reg_lambda': 4.792669025986827, 'gamma': 0.0018407654747667126, 'min_child_weight': 4}. Best is trial 106 with value: 4.236503968690876e-06.

[Trial 133/5000] Starting at 06:12:56
  Lambdas: P=1.013, B=1.889, G=1.418
  XGBoost params: n_estimators=2676, max_depth=11
  Starting cross-validation...
  Trial 130 MSE: 0.000005 | MAPE: 0.16% | R²: -0.314049
  Trial time: 5.9s
[I 2026-03-13 06:12:57,851] Trial 130 finished with value: 5.076887518448612e-06 and parameters: {'lambda_P': 1.6857633905548948, 'lambda_B': 0.6655014088011388, 'lambda_G': 1.4503348049214997, 'n_estimators': 1613, 'max_depth': 2, 'learning_rate': 0.004143353161403595, 'subsample': 0.45197306426102857, 'colsample_bytree': 0.3925120801840995, 'colsample_bylevel': 0.449519162643385, 'reg_alpha': 0.6936731849591449, 'reg_lambda': 9.01858804070682, 'gamma': 0.005567463317590419, 'min_child_weight': 19}. Best is trial 106 with value: 4.236503968690876e-06.

[Trial 134/5000] Starting at 06:12:57
  Lambdas: P=1.282, B=1.114, G=0.720
  XGBoost params: n_estimators=1593, max_depth=5
  Starting cross-validation...
  Trial 133 MSE: 0.000005 | MAPE: 0.16% | R²: -0.314049
  Trial time: 5.4s
[I 2026-03-13 06:13:03,450] Trial 133 finished with value: 5.076887518448612e-06 and parameters: {'lambda_P': 1.282197293265802, 'lambda_B': 1.1136393443061028, 'lambda_G': 0.7204311382033918, 'n_estimators': 1593, 'max_depth': 5, 'learning_rate': 0.12157076789797712, 'subsample': 0.5315880879552277, 'colsample_bytree': 0.5961000949140929, 'colsample_bylevel': 0.8066602131453671, 'reg_alpha': 2.3037974528357354, 'reg_lambda': 4.768818003819187, 'gamma': 0.0006732411459923236, 'min_child_weight': 11}. Best is trial 106 with value: 4.236503968690876e-06.

[Trial 135/5000] Starting at 06:13:03
  Lambdas: P=1.536, B=0.548, G=1.072
  XGBoost params: n_estimators=6977, max_depth=20
  Starting cross-validation...
  Trial 117 MSE: 0.000005 | MAPE: 0.16% | R²: -0.314049
  Trial time: 38.1s
