==========================================================================
Job:         lc_N13_keff
Job ID:      1516343
Started:     Fri Mar 13 06:08:10 MDT 2026
Target:      keff
NCI mode:    CUTOFF=0
Trials:      5000
N_GEOMETRIES: 13 (training on first 429 RUNs)
==========================================================================
Training keff with 112 threads...
==========================================================================

============================================================
ML Training Session Started: 2026-03-13 06:08:33
Log file: /home/fakhfari/IntegratedReactorModel/ML/outputs/logs/ml_training_20260313_060833.log
============================================================


============================================================
NUCLEAR REACTOR ML TRAINING SYSTEM
============================================================
Version: 1.0
Parallel Computing: Enabled
Python Version: 3.12.11 | packaged by conda-forge | (main, Jun  4 2025, 14:45:31) [GCC 13.3.0]
Working Directory: /home/fakhfari/IntegratedReactorModel/ML
============================================================

System Information:
  OS: Linux 4.18.0-553.97.1.el8_10.x86_64
  Machine: x86_64
  Processor: x86_64

Key Package Versions:
  numpy: 1.26.4
  pandas: 2.3.3
  sklearn: 1.7.2
  xgboost: 3.0.5
  optuna: 4.5.0
  joblib: 1.5.2


Test data saved to Excel file: /home/fakhfari/IntegratedReactorModel/ML/outputs/excel_reports/test_data_20260313_060833.xlsx
  - Sheet 'Test Configurations': Contains 4686 test configurations (no augmentation)
Test data Excel: /home/fakhfari/IntegratedReactorModel/ML/outputs/excel_reports/test_data_20260313_060833.xlsx

Training data saved to Excel file: /home/fakhfari/IntegratedReactorModel/ML/outputs/excel_reports/train_data_20260313_060838.xlsx
  - Sheet 'All Augmented Data': Contains all 67584 configurations (with rotations/flips)
  - Sheet 'Original Configurations': Summary of 8448 original configurations
Train data Excel: /home/fakhfari/IntegratedReactorModel/ML/outputs/excel_reports/train_data_20260313_060838.xlsx

----------------------------------------
TARGET SELECTION
----------------------------------------
Train model for flux prediction? (y/n, default: y): Train model for k-effective prediction? (y/n, default: y): 
----------------------------------------
MODEL SELECTION
----------------------------------------
Train XGBoost model? (y/n, default: y): Train Random Forest model? (y/n, default: y): Train SVM model? (y/n, default: n): Train Neural Network model? (y/n, default: n): 
----------------------------------------
ENCODING METHOD SELECTION
----------------------------------------
Select encoding methods to test:
Use One-Hot Encoding (Baseline)? (y/n, default: n): Use Categorical Encoding (Compact)? (y/n, default: n): Use Physics-Based Encoding (RECOMMENDED)? (y/n, default: y): Use Spatial Convolution Encoding (3x3 patterns)? (y/n, default: n): Use Graph-Based Encoding (Network features)? (y/n, default: n): 
Selected 1 encoding method(s): physics

----------------------------------------
HYPERPARAMETER OPTIMIZATION SELECTION
----------------------------------------
Select optimization methods to use:
Use Optuna (Bayesian optimization)? (y/n, default: y): Use Three-Stage (Random → Grid → Bayesian) [sklearn models]? (y/n, default: n): Use Ray Tune (Neural Net Only - GPU)? (y/n, default: n): Use Three-Stage Neural Net (Neural Net Only - AGGRESSIVE GPU FLOODING)? (y/n, default: n): Use No optimization (use default parameters)? (y/n, default: n): 
Selected 1 optimization method(s): optuna

Number of Optuna trials (default: 250): 
----------------------------------------
PARALLEL COMPUTING SETTINGS
----------------------------------------
Use parallel computing? (y/n, default: y): 
Detected 224 CPU cores
Number of cores to use (1-224, default: all): 
----------------------------------------
DATA FILE SELECTION
----------------------------------------
Path to training data (default: data/train.txt): Path to test data for final evaluation (default: data/test.txt, 'none' to skip): 
============================================================
CONFIGURATION SUMMARY
============================================================
Targets: keff
Models: xgboost
Encodings: physics
Optimizations: optuna
Optuna trials: 5000
Parallel cores: 112
  XGBoost allocation: 14 parallel trials × 8 cores = 112 cores total
Training data: data/train.txt
Test data: data/test.txt (independent evaluation after training)
Total training jobs: 1

Proceed with training? (y/n, default: y): 
============================================================
STARTING TRAINING PROCESS
============================================================

============================================================
OPTIMIZATION METHOD: OPTUNA
============================================================

==================================================
ENCODING: PHYSICS | OPTIMIZATION: OPTUNA
==================================================

----------------------------------------
KEFF MODELS - PHYSICS - OPTUNA
----------------------------------------

Loading data with physics encoding...
  Learning curve mode: N_GEOMETRIES=13, loading first 429 RUNs
  Loading from data/train.txt...
  Subsetting: loading first 429 RUNs
  Limiting to first 429 RUNs (out of 8448 total)
  Found 429 configurations
  Flux mode: total
  Applying physics encoding with 8-fold augmentation...
  Unique spatial patterns: 14
  Total configs (including fill permutations): 429
  Average fill permutations per spatial pattern: 30.6
  Spatial vs alphabetical order mismatches: 0/3432 (0.0%)
  Flux values log-transformed. Range: 14.04 to 14.43
  Original flux range: 1.10e+14 to 2.69e+14
  After augmentation: 3432 samples
  Feature shape: (3432, 37)
  Flux targets: (3432, 4) (4 positions per sample)
  K-eff targets: (3432,)

  ✓ Data loaded successfully with label-agnostic encoding
  ✓ Flux values ordered by spatial position, not label
Splitting data...
  Using all data for training (test_size=0.0)
  Unique configs in train: 14
  Training samples: 3432
  Test samples: 0 (no holdout set)
Loading test data from data/test.txt...
  Loading from data/test.txt...
  Found 4686 configurations
  Flux mode: total
  Applying physics encoding with 8-fold augmentation...
  Unique spatial patterns: 142
  Total configs (including fill permutations): 4686
  Average fill permutations per spatial pattern: 33.0
  Spatial vs alphabetical order mismatches: 0/37488 (0.0%)
  Flux values log-transformed. Range: 14.09 to 14.44
  Original flux range: 1.23e+14 to 2.75e+14
  After augmentation: 37488 samples
  Feature shape: (37488, 37)
  Flux targets: (37488, 4) (4 positions per sample)
  K-eff targets: (37488,)

  ✓ Data loaded successfully with label-agnostic encoding
  ✓ Flux values ordered by spatial position, not label
  Test samples: 37488 (from data/test.txt)
Loading Test Set C from data/test_c.txt...
  Loading from data/test_c.txt...
  Found 5000 configurations
  Flux mode: total
  Applying physics encoding with 8-fold augmentation...
  Unique spatial patterns: 4951
  Total configs (including fill permutations): 5000
  Average fill permutations per spatial pattern: 1.0
  Spatial vs alphabetical order mismatches: 0/40000 (0.0%)
  Flux values log-transformed. Range: 14.09 to 14.44
  Original flux range: 1.24e+14 to 2.76e+14
  After augmentation: 40000 samples
  Feature shape: (40000, 37)
  Flux targets: (40000, 4) (4 positions per sample)
  K-eff targets: (40000,)

  ✓ Data loaded successfully with label-agnostic encoding
  ✓ Flux values ordered by spatial position, not label
  Test Set C samples: 40000 (from data/test_c.txt)

Job 1/1: xgboost for keff
Encoding: physics | Optimization: optuna
------------------------------

============================================================
Training XGBOOST for KEFF
Optimization method: optuna
============================================================
✅ Lambda optimization ENABLED: irradiation_mode=fill, nci_mode=separate
   Will optimize lambda parameters in range [0.5, 2.0]
   NCI formula: exp(-(distance - 1) / lambda)
   Distance cutoff: DISABLED (all distances contribute)
Starting Optuna optimization...

============================================================
Starting XGBOOST optimization for K-EFF
Encoding: physics
Lambda optimization: ENABLED
Irradiation mode: fill
NCI mode: separate
Lambda parameters to optimize: ['lambda_P', 'lambda_B', 'lambda_G']
Total trials: 5000, Timeout per trial: 60000s
Total timeout: 1080000s
Parallel trials (n_jobs): 14
Cores per trial: 8
Using GroupKFold to prevent augmentation leakage
Number of unique configurations: 14
============================================================


✓ Lambda optimization: Using 400 random trials (3x) for thorough exploration
  This helps avoid local optima in lambda space

[Trial 1/5000] Starting at 06:09:17
  Lambdas: P=1.860, B=0.818, G=1.145

[Trial 2/5000] Starting at 06:09:17
[Trial 3/5000] Starting at 06:09:17
  Lambdas: P=0.805, B=0.520, G=1.726

[Trial 4/5000] Starting at 06:09:17

  Lambdas: P=1.996, B=0.719, G=1.735
  Lambdas: P=1.238, B=0.633, G=1.665

[Trial 5/5000] Starting at 06:09:17
  Lambdas: P=1.991, B=1.266, G=0.589

[Trial 6/5000] Starting at 06:09:17

[Trial 7/5000] Starting at 06:09:17
  Lambdas: P=1.563, B=1.829, G=0.506  Lambdas: P=1.077, B=1.599, G=1.518


[Trial 8/5000] Starting at 06:09:18
  Lambdas: P=1.472, B=1.398, G=1.015

[Trial 9/5000] Starting at 06:09:18
  Lambdas: P=0.508, B=1.898, G=1.564
  XGBoost params: n_estimators=2606, max_depth=12
  Starting cross-validation...
  XGBoost params: n_estimators=1918, max_depth=12
  Starting cross-validation...
  XGBoost params: n_estimators=6047, max_depth=8
  Starting cross-validation...

[Trial 10/5000] Starting at 06:09:18
[Trial 11/5000] Starting at 06:09:18
  Lambdas: P=0.683, B=0.763, G=1.817


[Trial 12/5000] Starting at 06:09:18  Lambdas: P=1.980, B=1.477, G=1.052

[Trial 13/5000] Starting at 06:09:18
  Lambdas: P=1.411, B=0.632, G=1.974

  Lambdas: P=1.934, B=1.351, G=0.894
  XGBoost params: n_estimators=2873, max_depth=4
[Trial 14/5000] Starting at 06:09:18
  Lambdas: P=1.760, B=1.441, G=1.364

  XGBoost params: n_estimators=5437, max_depth=6  XGBoost params: n_estimators=5296, max_depth=18
  Starting cross-validation...
  XGBoost params: n_estimators=6334, max_depth=18  Starting cross-validation...

  Starting cross-validation...

  Starting cross-validation...
  XGBoost params: n_estimators=6989, max_depth=2
  Starting cross-validation...
  XGBoost params: n_estimators=5911, max_depth=7  XGBoost params: n_estimators=2119, max_depth=7

  Starting cross-validation...
  Starting cross-validation...
  XGBoost params: n_estimators=4703, max_depth=12
  Starting cross-validation...
  XGBoost params: n_estimators=5679, max_depth=4
  Starting cross-validation...
  XGBoost params: n_estimators=1566, max_depth=7  XGBoost params: n_estimators=4601, max_depth=5
  Starting cross-validation...

  Starting cross-validation...
  Trial 10 MSE: 0.000005 | MAPE: 0.16% | R²: -0.314049
  Trial time: 6.8s
[I 2026-03-13 06:09:25,591] Trial 10 finished with value: 5.076887518448612e-06 and parameters: {'lambda_P': 1.9804131138995331, 'lambda_B': 1.47737061734874, 'lambda_G': 1.051507903093305, 'n_estimators': 1566, 'max_depth': 7, 'learning_rate': 0.07604376373714045, 'subsample': 0.533545030283636, 'colsample_bytree': 0.6710043285819942, 'colsample_bylevel': 0.3657946791973148, 'reg_alpha': 3.4795681734486394, 'reg_lambda': 2.7124952153818302, 'gamma': 0.038185380048236156, 'min_child_weight': 17}. Best is trial 10 with value: 5.076887518448612e-06.

[NEW BEST] Trial 10: 0.000005
Parameters: {'lambda_P': 1.9804131138995331, 'lambda_B': 1.47737061734874, 'lambda_G': 1.051507903093305, 'n_estimators': 1566, 'max_depth': 7, 'learning_rate': 0.07604376373714045, 'subsample': 0.533545030283636, 'colsample_bytree': 0.6710043285819942, 'colsample_bylevel': 0.3657946791973148, 'reg_alpha': 3.4795681734486394, 'reg_lambda': 2.7124952153818302, 'gamma': 0.038185380048236156, 'min_child_weight': 17}


[Trial 15/5000] Starting at 06:09:25
  Lambdas: P=1.798, B=1.208, G=1.856
  XGBoost params: n_estimators=5307, max_depth=11
  Starting cross-validation...
  Trial 2 MSE: 0.000005 | MAPE: 0.16% | R²: -0.314049
  Trial time: 9.0s
[I 2026-03-13 06:09:26,897] Trial 2 finished with value: 5.076887518448612e-06 and parameters: {'lambda_P': 0.8052091748056425, 'lambda_B': 0.5200280418893084, 'lambda_G': 1.7257247444060577, 'n_estimators': 1918, 'max_depth': 12, 'learning_rate': 0.12861555852554077, 'subsample': 0.363270766873019, 'colsample_bytree': 0.7385056163125938, 'colsample_bylevel': 0.46284287342130276, 'reg_alpha': 0.23624347772644771, 'reg_lambda': 1.7561138131010867, 'gamma': 0.04207940772221355, 'min_child_weight': 18}. Best is trial 10 with value: 5.076887518448612e-06.

[Trial 16/5000] Starting at 06:09:26
  Lambdas: P=0.863, B=1.152, G=1.911
  XGBoost params: n_estimators=8637, max_depth=3
  Starting cross-validation...
  Trial 8 MSE: 0.000005 | MAPE: 0.16% | R²: -0.314049
  Trial time: 10.1s
[I 2026-03-13 06:09:28,459] Trial 8 finished with value: 5.076887518448612e-06 and parameters: {'lambda_P': 0.5077975283805317, 'lambda_B': 1.8982455608565472, 'lambda_G': 1.5643764219276763, 'n_estimators': 2119, 'max_depth': 7, 'learning_rate': 0.07274100537041077, 'subsample': 0.7238425363901985, 'colsample_bytree': 0.3043347841677376, 'colsample_bylevel': 0.8887777942710591, 'reg_alpha': 6.366069370139965, 'reg_lambda': 0.581445668106868, 'gamma': 0.0013206689021946119, 'min_child_weight': 16}. Best is trial 10 with value: 5.076887518448612e-06.

[Trial 17/5000] Starting at 06:09:28
  Lambdas: P=1.778, B=1.511, G=1.354
  XGBoost params: n_estimators=6049, max_depth=16
  Starting cross-validation...
  Trial 3 MSE: 0.000005 | MAPE: 0.16% | R²: -0.314049
  Trial time: 12.4s
[I 2026-03-13 06:09:30,292] Trial 3 finished with value: 5.076887518448612e-06 and parameters: {'lambda_P': 1.99638933037539, 'lambda_B': 0.7190176767478216, 'lambda_G': 1.7346862224613413, 'n_estimators': 2606, 'max_depth': 12, 'learning_rate': 0.211394606179548, 'subsample': 0.42868022551776946, 'colsample_bytree': 0.9203373794738616, 'colsample_bylevel': 0.5175772325198437, 'reg_alpha': 8.566209909125947, 'reg_lambda': 4.545874600724061, 'gamma': 0.028834465508664715, 'min_child_weight': 5}. Best is trial 10 with value: 5.076887518448612e-06.

[Trial 18/5000] Starting at 06:09:30
  Lambdas: P=1.449, B=1.244, G=1.473
  XGBoost params: n_estimators=611, max_depth=13
  Starting cross-validation...
  Trial 4 MSE: 0.000005 | MAPE: 0.16% | R²: -0.314049
  Trial time: 13.5s
[I 2026-03-13 06:09:31,480] Trial 4 finished with value: 5.076887518448612e-06 and parameters: {'lambda_P': 1.991432725843317, 'lambda_B': 1.2662686413556867, 'lambda_G': 0.5890739011736446, 'n_estimators': 2873, 'max_depth': 4, 'learning_rate': 0.00946298787591354, 'subsample': 0.7255092187922751, 'colsample_bytree': 0.6149949891523978, 'colsample_bylevel': 0.7292985294992267, 'reg_alpha': 1.8091350817947827, 'reg_lambda': 8.667898559914715, 'gamma': 0.000160789071080483, 'min_child_weight': 7}. Best is trial 10 with value: 5.076887518448612e-06.

[Trial 19/5000] Starting at 06:09:31
  Lambdas: P=1.661, B=1.718, G=1.062
  XGBoost params: n_estimators=3122, max_depth=12
  Starting cross-validation...
  Trial 17 MSE: 0.000005 | MAPE: 0.16% | R²: -0.314049
  Trial time: 2.8s
[I 2026-03-13 06:09:33,306] Trial 17 finished with value: 5.076887518448612e-06 and parameters: {'lambda_P': 1.449257419139562, 'lambda_B': 1.243745556799038, 'lambda_G': 1.4728488852070085, 'n_estimators': 611, 'max_depth': 13, 'learning_rate': 0.08697562931053099, 'subsample': 0.9727146777217792, 'colsample_bytree': 0.982236106990426, 'colsample_bylevel': 0.45929093647417996, 'reg_alpha': 1.5880894250197586, 'reg_lambda': 9.169914258693343, 'gamma': 0.0006661384517506082, 'min_child_weight': 15}. Best is trial 10 with value: 5.076887518448612e-06.

[Trial 20/5000] Starting at 06:09:33
  Lambdas: P=1.055, B=0.611, G=0.676
  XGBoost params: n_estimators=4401, max_depth=8
  Starting cross-validation...
  Trial 6 MSE: 0.000004 | MAPE: 0.15% | R²: -0.140446
  Trial time: 20.2s
[I 2026-03-13 06:09:38,338] Trial 6 finished with value: 4.367259064411295e-06 and parameters: {'lambda_P': 1.5633206208615607, 'lambda_B': 1.829149426161786, 'lambda_G': 0.5055413126664692, 'n_estimators': 6334, 'max_depth': 18, 'learning_rate': 0.34206686699024974, 'subsample': 0.9725802731580215, 'colsample_bytree': 0.40912289840530675, 'colsample_bylevel': 0.600686077466676, 'reg_alpha': 0.8977175126414672, 'reg_lambda': 4.3701973292598595, 'gamma': 0.00021511849708235025, 'min_child_weight': 10}. Best is trial 6 with value: 4.367259064411295e-06.

[NEW BEST] Trial 6: 0.000004
Parameters: {'lambda_P': 1.5633206208615607, 'lambda_B': 1.829149426161786, 'lambda_G': 0.5055413126664692, 'n_estimators': 6334, 'max_depth': 18, 'learning_rate': 0.34206686699024974, 'subsample': 0.9725802731580215, 'colsample_bytree': 0.40912289840530675, 'colsample_bylevel': 0.600686077466676, 'reg_alpha': 0.8977175126414672, 'reg_lambda': 4.3701973292598595, 'gamma': 0.00021511849708235025, 'min_child_weight': 10}


[Trial 21/5000] Starting at 06:09:38
  Lambdas: P=1.948, B=1.716, G=0.966
  XGBoost params: n_estimators=8009, max_depth=6
  Starting cross-validation...
  Trial 13 MSE: 0.000005 | MAPE: 0.16% | R²: -0.314049
  Trial time: 20.2s
[I 2026-03-13 06:09:39,144] Trial 13 finished with value: 5.076887518448612e-06 and parameters: {'lambda_P': 1.7600606316037029, 'lambda_B': 1.4405421987615596, 'lambda_G': 1.3638593031728699, 'n_estimators': 4601, 'max_depth': 5, 'learning_rate': 0.004313985007914068, 'subsample': 0.3800047373369551, 'colsample_bytree': 0.5788682949249093, 'colsample_bylevel': 0.42368087772190216, 'reg_alpha': 2.1159631423905, 'reg_lambda': 9.055841022136203, 'gamma': 0.022347752550397216, 'min_child_weight': 2}. Best is trial 6 with value: 4.367259064411295e-06.

[Trial 22/5000] Starting at 06:09:39
  Lambdas: P=1.971, B=1.949, G=1.887
  Trial 11 MSE: 0.000005 | MAPE: 0.16% | R²: -0.314049
  Trial time: 20.7s
[I 2026-03-13 06:09:39,343] Trial 11 finished with value: 5.076887518448612e-06 and parameters: {'lambda_P': 1.4110706023800414, 'lambda_B': 0.6322440615833557, 'lambda_G': 1.9744544800713997, 'n_estimators': 4703, 'max_depth': 12, 'learning_rate': 0.014197287976545752, 'subsample': 0.8054435332235736, 'colsample_bytree': 0.5140320915930763, 'colsample_bylevel': 0.9960607083949651, 'reg_alpha': 4.8923001063279195, 'reg_lambda': 0.5007311317470808, 'gamma': 0.00167436025627451, 'min_child_weight': 20}. Best is trial 6 with value: 4.367259064411295e-06.

[Trial 23/5000] Starting at 06:09:39
  Lambdas: P=1.918, B=1.239, G=0.569
  XGBoost params: n_estimators=857, max_depth=6
  Starting cross-validation...
  XGBoost params: n_estimators=4137, max_depth=7
  Starting cross-validation...
  Trial 1 MSE: 0.000005 | MAPE: 0.16% | R²: -0.314049
  Trial time: 24.6s
[I 2026-03-13 06:09:42,498] Trial 1 finished with value: 5.076887518448612e-06 and parameters: {'lambda_P': 1.2382867924473222, 'lambda_B': 0.632970098147662, 'lambda_G': 1.6648267401921992, 'n_estimators': 6047, 'max_depth': 8, 'learning_rate': 0.29003252272844965, 'subsample': 0.6743665293002807, 'colsample_bytree': 0.6563150638139224, 'colsample_bylevel': 0.9022642011607733, 'reg_alpha': 6.0289379324131716, 'reg_lambda': 5.0793421081223045, 'gamma': 0.00020930782281623257, 'min_child_weight': 20}. Best is trial 6 with value: 4.367259064411295e-06.

[Trial 24/5000] Starting at 06:09:42
  Lambdas: P=1.713, B=1.487, G=1.945
  XGBoost params: n_estimators=4686, max_depth=11
  Starting cross-validation...
  Trial 7 MSE: 0.000005 | MAPE: 0.16% | R²: -0.314049
  Trial time: 24.7s
[I 2026-03-13 06:09:42,919] Trial 7 finished with value: 5.076887518448612e-06 and parameters: {'lambda_P': 1.4719359460485557, 'lambda_B': 1.3975530033102777, 'lambda_G': 1.0154810355429644, 'n_estimators': 5296, 'max_depth': 18, 'learning_rate': 0.017449740208544097, 'subsample': 0.47527831619446564, 'colsample_bytree': 0.8333957437260959, 'colsample_bylevel': 0.625116317084018, 'reg_alpha': 3.35577716000559, 'reg_lambda': 8.483332746207699, 'gamma': 0.015647978867791713, 'min_child_weight': 11}. Best is trial 6 with value: 4.367259064411295e-06.

[Trial 25/5000] Starting at 06:09:43
  Lambdas: P=1.274, B=0.627, G=1.298
  XGBoost params: n_estimators=8672, max_depth=9
  Starting cross-validation...
  Trial 0 MSE: 0.000005 | MAPE: 0.16% | R²: -0.314049
  Trial time: 25.8s
[I 2026-03-13 06:09:43,673] Trial 0 finished with value: 5.076887518448612e-06 and parameters: {'lambda_P': 1.8601066177415158, 'lambda_B': 0.8175277212414943, 'lambda_G': 1.1447513028045333, 'n_estimators': 5437, 'max_depth': 6, 'learning_rate': 0.0013223528047899454, 'subsample': 0.6618309558239017, 'colsample_bytree': 0.7730550204217439, 'colsample_bylevel': 0.34329031417996075, 'reg_alpha': 3.3018669011792436, 'reg_lambda': 4.410912067318888, 'gamma': 0.004946580320383995, 'min_child_weight': 4}. Best is trial 6 with value: 4.367259064411295e-06.

[Trial 26/5000] Starting at 06:09:43
  Lambdas: P=1.777, B=1.634, G=1.909
  XGBoost params: n_estimators=1757, max_depth=5
  Starting cross-validation...
  Trial 21 MSE: 0.000005 | MAPE: 0.16% | R²: -0.316134
  Trial time: 4.8s
