[I 2026-03-13 06:37:52,405] Trial 874 finished with value: 4.862340262515869e-06 and parameters: {'lambda_P': 1.2183676289180358, 'lambda_B': 1.154071809758054, 'lambda_G': 0.6183142338180724, 'n_estimators': 8191, 'max_depth': 4, 'learning_rate': 0.0010783612937217916, 'subsample': 0.7443523124527844, 'colsample_bytree': 0.6148753429343384, 'colsample_bylevel': 0.715563523820537, 'reg_alpha': 0.6362245572966168, 'reg_lambda': 9.414018304809337, 'gamma': 0.0006253858059622562, 'min_child_weight': 10}. Best is trial 660 with value: 3.2379913054860083e-06.

[Trial 891/5000] Starting at 06:37:52
  XGBoost params: n_estimators=8769, max_depth=16
  Starting cross-validation...
  Lambdas: P=1.204, B=0.889, G=1.078
  XGBoost params: n_estimators=9669, max_depth=15
  Starting cross-validation...
  Trial 882 MSE: 0.000003 | MAPE: 0.14% | R²: 0.021780
  Trial time: 19.6s
[I 2026-03-13 06:38:02,707] Trial 882 finished with value: 3.4320923800570494e-06 and parameters: {'lambda_P': 1.5882942118854986, 'lambda_B': 1.6594947086366045, 'lambda_G': 0.6687038777958905, 'n_estimators': 3809, 'max_depth': 11, 'learning_rate': 0.0011317991251227203, 'subsample': 0.9225771062357235, 'colsample_bytree': 0.44242776042564474, 'colsample_bylevel': 0.7958616219886013, 'reg_alpha': 0.16256950267684694, 'reg_lambda': 9.54128719583694, 'gamma': 0.00012798545684540106, 'min_child_weight': 11}. Best is trial 660 with value: 3.2379913054860083e-06.

[Trial 892/5000] Starting at 06:38:02
  Lambdas: P=1.310, B=1.567, G=0.534
  XGBoost params: n_estimators=3765, max_depth=10
  Starting cross-validation...
  Trial 877 MSE: 0.000005 | MAPE: 0.16% | R²: -0.317117
  Trial time: 42.0s
[I 2026-03-13 06:38:06,809] Trial 877 finished with value: 5.083552093327592e-06 and parameters: {'lambda_P': 0.8757229747821216, 'lambda_B': 1.781298461404576, 'lambda_G': 1.8295170970851062, 'n_estimators': 9627, 'max_depth': 2, 'learning_rate': 0.0015222932563410821, 'subsample': 0.49010697994852337, 'colsample_bytree': 0.40800867091087195, 'colsample_bylevel': 0.7528094008273125, 'reg_alpha': 0.20221329940842525, 'reg_lambda': 7.2427625343874045, 'gamma': 0.002188198362626985, 'min_child_weight': 14}. Best is trial 660 with value: 3.2379913054860083e-06.

[Trial 893/5000] Starting at 06:38:06
  Lambdas: P=1.130, B=0.649, G=0.743
  XGBoost params: n_estimators=9996, max_depth=18
  Starting cross-validation...
  Trial 879 MSE: 0.000005 | MAPE: 0.16% | R²: -0.238707
  Trial time: 34.7s
[I 2026-03-13 06:38:10,004] Trial 879 finished with value: 4.8212764380233825e-06 and parameters: {'lambda_P': 1.2483399638468242, 'lambda_B': 1.7288226795233894, 'lambda_G': 0.5056948231660205, 'n_estimators': 7632, 'max_depth': 5, 'learning_rate': 0.0013237134517561195, 'subsample': 0.6396426343659403, 'colsample_bytree': 0.6759914666557024, 'colsample_bylevel': 0.39850747629857497, 'reg_alpha': 0.7143461095990288, 'reg_lambda': 8.090113790259343, 'gamma': 0.00022345584133549382, 'min_child_weight': 12}. Best is trial 660 with value: 3.2379913054860083e-06.

[Trial 894/5000] Starting at 06:38:10
  Lambdas: P=1.416, B=1.878, G=0.940
  XGBoost params: n_estimators=3348, max_depth=10
  Starting cross-validation...
  Trial 878 MSE: 0.000004 | MAPE: 0.14% | R²: -0.013838
  Trial time: 47.4s
[I 2026-03-13 06:38:17,503] Trial 878 finished with value: 3.597371501763421e-06 and parameters: {'lambda_P': 1.1649600398721383, 'lambda_B': 1.4571494685607504, 'lambda_G': 0.5572352116491012, 'n_estimators': 9639, 'max_depth': 7, 'learning_rate': 0.001511151273235326, 'subsample': 0.7566985363328338, 'colsample_bytree': 0.6623756893917593, 'colsample_bylevel': 0.6711165821243386, 'reg_alpha': 0.12979292739790393, 'reg_lambda': 8.930267733219598, 'gamma': 0.0001628881018526807, 'min_child_weight': 12}. Best is trial 660 with value: 3.2379913054860083e-06.

[Trial 895/5000] Starting at 06:38:17
  Lambdas: P=1.635, B=1.850, G=0.703
  XGBoost params: n_estimators=2434, max_depth=12
  Starting cross-validation...
  Trial 891 MSE: 0.000005 | MAPE: 0.16% | R²: -0.300454
  Trial time: 18.4s
[I 2026-03-13 06:38:21,349] Trial 891 finished with value: 5.0414320118828335e-06 and parameters: {'lambda_P': 1.309985006250325, 'lambda_B': 1.5668789315536555, 'lambda_G': 0.5335508253937775, 'n_estimators': 3765, 'max_depth': 10, 'learning_rate': 0.0011131391206632836, 'subsample': 0.9121101412398183, 'colsample_bytree': 0.5071569117803059, 'colsample_bylevel': 0.7983391538938548, 'reg_alpha': 1.162182107216728, 'reg_lambda': 9.643637462600438, 'gamma': 0.0004775190447399199, 'min_child_weight': 11}. Best is trial 660 with value: 3.2379913054860083e-06.

[Trial 896/5000] Starting at 06:38:21
  Lambdas: P=0.994, B=0.704, G=0.759
  Trial 886 MSE: 0.000004 | MAPE: 0.15% | R²: -0.063905
  Trial time: 33.1s
[I 2026-03-13 06:38:21,829] Trial 886 finished with value: 3.920434729474017e-06 and parameters: {'lambda_P': 1.2030509808990464, 'lambda_B': 0.5443642189810722, 'lambda_G': 0.7396623253168518, 'n_estimators': 7123, 'max_depth': 14, 'learning_rate': 0.004499626104497493, 'subsample': 0.9723746334831829, 'colsample_bytree': 0.5742096721602218, 'colsample_bylevel': 0.9929385988782053, 'reg_alpha': 0.5971173277877602, 'reg_lambda': 2.292234327840425, 'gamma': 0.00010108176732025546, 'min_child_weight': 8}. Best is trial 660 with value: 3.2379913054860083e-06.

[Trial 897/5000] Starting at 06:38:21
  XGBoost params: n_estimators=9159, max_depth=12
  Starting cross-validation...
  Lambdas: P=1.684, B=1.694, G=0.715
  XGBoost params: n_estimators=941, max_depth=8
  Starting cross-validation...
  Trial 893 MSE: 0.000005 | MAPE: 0.16% | R²: -0.170990
  Trial time: 15.8s
[I 2026-03-13 06:38:25,985] Trial 893 finished with value: 4.5283220066780125e-06 and parameters: {'lambda_P': 1.4164971767400352, 'lambda_B': 1.8775525709994443, 'lambda_G': 0.9402191979315708, 'n_estimators': 3348, 'max_depth': 10, 'learning_rate': 0.002601075584602575, 'subsample': 0.9685682805458151, 'colsample_bytree': 0.49376036996502337, 'colsample_bylevel': 0.8477352703759414, 'reg_alpha': 1.0593900916082397, 'reg_lambda': 9.248732175725664, 'gamma': 0.0001159256225731523, 'min_child_weight': 12}. Best is trial 660 with value: 3.2379913054860083e-06.

[Trial 898/5000] Starting at 06:38:26
  Lambdas: P=0.906, B=0.972, G=0.836
  XGBoost params: n_estimators=9699, max_depth=15
  Starting cross-validation...
  Trial 880 MSE: 0.000005 | MAPE: 0.16% | R²: -0.314049
  Trial time: 46.5s
[I 2026-03-13 06:38:26,667] Trial 880 finished with value: 5.076887518448612e-06 and parameters: {'lambda_P': 0.9096252836098083, 'lambda_B': 1.723904585334993, 'lambda_G': 0.7099552178727611, 'n_estimators': 9447, 'max_depth': 2, 'learning_rate': 0.001057547299664427, 'subsample': 0.5481085270932976, 'colsample_bytree': 0.5668838975050541, 'colsample_bylevel': 0.6928180901322256, 'reg_alpha': 0.6088883641515582, 'reg_lambda': 9.625803984007531, 'gamma': 0.0008893438271578061, 'min_child_weight': 10}. Best is trial 660 with value: 3.2379913054860083e-06.

[Trial 899/5000] Starting at 06:38:26
  Lambdas: P=1.479, B=1.133, G=1.120
  XGBoost params: n_estimators=9294, max_depth=14
  Starting cross-validation...
  Trial 896 MSE: 0.000005 | MAPE: 0.16% | R²: -0.205085
  Trial time: 5.3s
[I 2026-03-13 06:38:27,326] Trial 896 finished with value: 4.5823613070371245e-06 and parameters: {'lambda_P': 1.684495569444752, 'lambda_B': 1.6936502147067738, 'lambda_G': 0.715085458287874, 'n_estimators': 941, 'max_depth': 8, 'learning_rate': 0.0010609617358368995, 'subsample': 0.6319830800454503, 'colsample_bytree': 0.4741517650152231, 'colsample_bylevel': 0.8710603776549202, 'reg_alpha': 0.497507088579463, 'reg_lambda': 9.36419638227101, 'gamma': 0.00022477012206603965, 'min_child_weight': 13}. Best is trial 660 with value: 3.2379913054860083e-06.

[Trial 900/5000] Starting at 06:38:27
  Lambdas: P=1.944, B=1.972, G=0.558
  XGBoost params: n_estimators=5360, max_depth=12
  Starting cross-validation...
  Trial 884 MSE: 0.000004 | MAPE: 0.15% | R²: -0.109658
  Trial time: 44.0s
[I 2026-03-13 06:38:28,299] Trial 884 finished with value: 4.015076238260157e-06 and parameters: {'lambda_P': 1.6348612765335209, 'lambda_B': 1.1001833482737104, 'lambda_G': 0.6732961509026207, 'n_estimators': 9461, 'max_depth': 16, 'learning_rate': 0.001430257152877462, 'subsample': 0.9736109587440147, 'colsample_bytree': 0.8557186180054728, 'colsample_bylevel': 0.9108464036425289, 'reg_alpha': 0.2145993724436046, 'reg_lambda': 2.6694318567400384, 'gamma': 0.00020911569267732108, 'min_child_weight': 12}. Best is trial 660 with value: 3.2379913054860083e-06.

[Trial 901/5000] Starting at 06:38:28
  Lambdas: P=1.040, B=0.858, G=0.824
  XGBoost params: n_estimators=9556, max_depth=12
  Starting cross-validation...
  Trial 885 MSE: 0.000005 | MAPE: 0.16% | R²: -0.314049
  Trial time: 44.7s
[I 2026-03-13 06:38:29,287] Trial 885 finished with value: 5.076887518448612e-06 and parameters: {'lambda_P': 1.1787150485591615, 'lambda_B': 0.7238277235555692, 'lambda_G': 1.2039875679473244, 'n_estimators': 9227, 'max_depth': 13, 'learning_rate': 0.0059746647451160125, 'subsample': 0.960061241329708, 'colsample_bytree': 0.7185880699443633, 'colsample_bylevel': 0.9970620002559558, 'reg_alpha': 4.649627206974568, 'reg_lambda': 5.061416505969061, 'gamma': 0.00015641411803854244, 'min_child_weight': 12}. Best is trial 660 with value: 3.2379913054860083e-06.

[Trial 902/5000] Starting at 06:38:29
  Lambdas: P=1.481, B=1.403, G=0.580
  XGBoost params: n_estimators=2817, max_depth=17
  Starting cross-validation...
  Trial 881 MSE: 0.000004 | MAPE: 0.15% | R²: -0.062609
  Trial time: 49.2s
[I 2026-03-13 06:38:30,249] Trial 881 finished with value: 3.895059485299565e-06 and parameters: {'lambda_P': 1.0886062129702212, 'lambda_B': 0.6399285020552106, 'lambda_G': 0.8697166695196392, 'n_estimators': 9930, 'max_depth': 13, 'learning_rate': 0.0017802257253199771, 'subsample': 0.8741762111616881, 'colsample_bytree': 0.630748128496267, 'colsample_bylevel': 0.8737597105678958, 'reg_alpha': 0.5048893009785018, 'reg_lambda': 1.0947356810254565, 'gamma': 0.00010665470224004367, 'min_child_weight': 14}. Best is trial 660 with value: 3.2379913054860083e-06.

[Trial 903/5000] Starting at 06:38:30
  Lambdas: P=1.654, B=1.744, G=1.636
  Trial 894 MSE: 0.000005 | MAPE: 0.16% | R²: -0.273131
  Trial time: 13.0s
[I 2026-03-13 06:38:30,690] Trial 894 finished with value: 4.963790961843376e-06 and parameters: {'lambda_P': 1.6350465801412892, 'lambda_B': 1.8501432687823578, 'lambda_G': 0.702762710450832, 'n_estimators': 2434, 'max_depth': 12, 'learning_rate': 0.0013109582246818663, 'subsample': 0.7974439792421151, 'colsample_bytree': 0.4477290010948856, 'colsample_bylevel': 0.8316915890945124, 'reg_alpha': 1.0628581380214979, 'reg_lambda': 9.177443992747447, 'gamma': 0.00020686586548723806, 'min_child_weight': 13}. Best is trial 660 with value: 3.2379913054860083e-06.

[Trial 904/5000] Starting at 06:38:30
  XGBoost params: n_estimators=7703, max_depth=18
  Starting cross-validation...
  Lambdas: P=1.469, B=0.501, G=1.231
  XGBoost params: n_estimators=9869, max_depth=5
  Starting cross-validation...
  Trial 888 MSE: 0.000005 | MAPE: 0.16% | R²: -0.314049
  Trial time: 41.2s
[I 2026-03-13 06:38:32,619] Trial 888 finished with value: 5.076887518448612e-06 and parameters: {'lambda_P': 1.2208659130056105, 'lambda_B': 0.9748744299660179, 'lambda_G': 1.0463551019627844, 'n_estimators': 8061, 'max_depth': 14, 'learning_rate': 0.0017539706046584298, 'subsample': 0.9497368189794135, 'colsample_bytree': 0.7454163883971833, 'colsample_bylevel': 0.8012241920953216, 'reg_alpha': 1.9077305495430716, 'reg_lambda': 2.787024737059197, 'gamma': 0.00015044590292259084, 'min_child_weight': 13}. Best is trial 660 with value: 3.2379913054860083e-06.

[Trial 905/5000] Starting at 06:38:32
  Lambdas: P=0.822, B=1.765, G=0.744
  XGBoost params: n_estimators=2667, max_depth=16
  Starting cross-validation...
  Trial 883 MSE: 0.000005 | MAPE: 0.16% | R²: -0.262931
  Trial time: 51.0s
[I 2026-03-13 06:38:34,253] Trial 883 finished with value: 4.932001793405582e-06 and parameters: {'lambda_P': 0.8852513035904929, 'lambda_B': 1.5210070841157513, 'lambda_G': 0.7751129891179491, 'n_estimators': 9987, 'max_depth': 2, 'learning_rate': 0.0017646492412318252, 'subsample': 0.8222414646993499, 'colsample_bytree': 0.3430331552230386, 'colsample_bylevel': 0.6084366275168416, 'reg_alpha': 1.033510234750562, 'reg_lambda': 9.238093166983463, 'gamma': 0.00022842987289043543, 'min_child_weight': 11}. Best is trial 660 with value: 3.2379913054860083e-06.

[Trial 906/5000] Starting at 06:38:34
  Lambdas: P=1.257, B=1.704, G=0.863
  XGBoost params: n_estimators=9052, max_depth=3
  Starting cross-validation...
  Trial 889 MSE: 0.000005 | MAPE: 0.16% | R²: -0.314049
  Trial time: 43.0s
[I 2026-03-13 06:38:35,182] Trial 889 finished with value: 5.076887518448612e-06 and parameters: {'lambda_P': 1.3456318655959696, 'lambda_B': 0.620453942537385, 'lambda_G': 0.695365073474023, 'n_estimators': 8769, 'max_depth': 16, 'learning_rate': 0.0028981067644877354, 'subsample': 0.8603870631952856, 'colsample_bytree': 0.7782187720486118, 'colsample_bylevel': 0.975681353914588, 'reg_alpha': 2.139444417244999, 'reg_lambda': 2.838705762363418, 'gamma': 0.00043179591079044535, 'min_child_weight': 8}. Best is trial 660 with value: 3.2379913054860083e-06.

[Trial 907/5000] Starting at 06:38:35
  Lambdas: P=0.761, B=1.420, G=1.258
  XGBoost params: n_estimators=7638, max_depth=13
  Starting cross-validation...
  Trial 887 MSE: 0.000004 | MAPE: 0.15% | R²: -0.039409
  Trial time: 48.3s
[I 2026-03-13 06:38:37,997] Trial 887 finished with value: 3.6849619593530637e-06 and parameters: {'lambda_P': 1.1629003202101145, 'lambda_B': 0.5233451385835444, 'lambda_G': 0.5463662202385859, 'n_estimators': 9746, 'max_depth': 14, 'learning_rate': 0.0012312928867907584, 'subsample': 0.8789194637887234, 'colsample_bytree': 0.662200309614452, 'colsample_bylevel': 0.8954799612877383, 'reg_alpha': 0.05283211264026999, 'reg_lambda': 2.6167944440646407, 'gamma': 0.00019243484741922348, 'min_child_weight': 7}. Best is trial 660 with value: 3.2379913054860083e-06.

[Trial 908/5000] Starting at 06:38:38
  Lambdas: P=1.005, B=0.569, G=0.567
  XGBoost params: n_estimators=9494, max_depth=8
  Starting cross-validation...
  Trial 890 MSE: 0.000005 | MAPE: 0.16% | R²: -0.314049
  Trial time: 46.6s
[I 2026-03-13 06:38:39,223] Trial 890 finished with value: 5.076887518448612e-06 and parameters: {'lambda_P': 1.2041171624586584, 'lambda_B': 0.8887349620656062, 'lambda_G': 1.0776428166657315, 'n_estimators': 9669, 'max_depth': 15, 'learning_rate': 0.0021604989099189486, 'subsample': 0.9489536314382891, 'colsample_bytree': 0.812528219138007, 'colsample_bylevel': 0.9364389665072967, 'reg_alpha': 3.546015521599936, 'reg_lambda': 1.352556893613365, 'gamma': 0.00021955631017847834, 'min_child_weight': 15}. Best is trial 660 with value: 3.2379913054860083e-06.

[Trial 909/5000] Starting at 06:38:39
  Lambdas: P=1.017, B=0.660, G=0.562
  XGBoost params: n_estimators=9624, max_depth=13
  Starting cross-validation...
  Trial 901 MSE: 0.000005 | MAPE: 0.16% | R²: -0.314049
  Trial time: 14.8s
[I 2026-03-13 06:38:44,265] Trial 901 finished with value: 5.076887518448612e-06 and parameters: {'lambda_P': 1.481290823910025, 'lambda_B': 1.4034189105197732, 'lambda_G': 0.5798959589622347, 'n_estimators': 2817, 'max_depth': 17, 'learning_rate': 0.035866214769704606, 'subsample': 0.7787890584151508, 'colsample_bytree': 0.45045554604928745, 'colsample_bylevel': 0.8834025894622143, 'reg_alpha': 2.1637142429614795, 'reg_lambda': 0.501643587922039, 'gamma': 0.00020638738794697285, 'min_child_weight': 4}. Best is trial 660 with value: 3.2379913054860083e-06.

[Trial 910/5000] Starting at 06:38:44
  Lambdas: P=0.660, B=0.542, G=0.608
  XGBoost params: n_estimators=9046, max_depth=20
  Starting cross-validation...
  Trial 904 MSE: 0.000004 | MAPE: 0.14% | R²: -0.022635
  Trial time: 13.6s
[I 2026-03-13 06:38:46,437] Trial 904 finished with value: 3.5739969362130846e-06 and parameters: {'lambda_P': 0.8222502120878685, 'lambda_B': 1.7645099359179361, 'lambda_G': 0.7442006889103863, 'n_estimators': 2667, 'max_depth': 16, 'learning_rate': 0.11020412519852966, 'subsample': 0.7036664114048662, 'colsample_bytree': 0.8022618385129565, 'colsample_bylevel': 0.4725554036787609, 'reg_alpha': 0.150540553122951, 'reg_lambda': 6.784395295055338, 'gamma': 0.0001015389698900709, 'min_child_weight': 14}. Best is trial 660 with value: 3.2379913054860083e-06.

[Trial 911/5000] Starting at 06:38:46
  Lambdas: P=0.878, B=1.800, G=0.700
  XGBoost params: n_estimators=2019, max_depth=15
  Starting cross-validation...
  Trial 899 MSE: 0.000004 | MAPE: 0.14% | R²: -0.025623
  Trial time: 25.3s
[I 2026-03-13 06:38:52,839] Trial 899 finished with value: 3.5804671193439908e-06 and parameters: {'lambda_P': 1.9436620553694732, 'lambda_B': 1.9723977624761757, 'lambda_G': 0.5580890919770334, 'n_estimators': 5360, 'max_depth': 12, 'learning_rate': 0.0015489364826594676, 'subsample': 0.7567287899367248, 'colsample_bytree': 0.31214671859249776, 'colsample_bylevel': 0.64620317711827, 'reg_alpha': 0.1367031298758491, 'reg_lambda': 9.9280537737335, 'gamma': 0.000311271247676613, 'min_child_weight': 6}. Best is trial 660 with value: 3.2379913054860083e-06.

[Trial 912/5000] Starting at 06:38:52
  Lambdas: P=1.709, B=1.995, G=0.697
  XGBoost params: n_estimators=4957, max_depth=13
  Starting cross-validation...
  Trial 892 MSE: 0.000005 | MAPE: 0.16% | R²: -0.254581
  Trial time: 49.1s
[I 2026-03-13 06:38:56,114] Trial 892 finished with value: 4.9028073815460655e-06 and parameters: {'lambda_P': 1.129508554098447, 'lambda_B': 0.6490263783849375, 'lambda_G': 0.7428791266235679, 'n_estimators': 9996, 'max_depth': 18, 'learning_rate': 0.010163446551291222, 'subsample': 0.9757993604204424, 'colsample_bytree': 0.7323001360516455, 'colsample_bylevel': 0.9981724632829211, 'reg_alpha': 1.1841304987661772, 'reg_lambda': 1.2505710316196494, 'gamma': 0.0002288246327686802, 'min_child_weight': 11}. Best is trial 660 with value: 3.2379913054860083e-06.

[Trial 913/5000] Starting at 06:38:56
  Lambdas: P=1.067, B=1.741, G=0.791
  XGBoost params: n_estimators=467, max_depth=15
  Starting cross-validation...
  Trial 910 MSE: 0.000005 | MAPE: 0.16% | R²: -0.314049
  Trial time: 10.4s
[I 2026-03-13 06:38:57,020] Trial 910 finished with value: 5.076887518448612e-06 and parameters: {'lambda_P': 0.8775988095604873, 'lambda_B': 1.8004164636845867, 'lambda_G': 0.7002347602156629, 'n_estimators': 2019, 'max_depth': 15, 'learning_rate': 0.26960236177258307, 'subsample': 0.7558084384424918, 'colsample_bytree': 0.8130465537261662, 'colsample_bylevel': 0.48550772925310903, 'reg_alpha': 3.2963338800025026, 'reg_lambda': 6.330016608137745, 'gamma': 0.0006463627439102264, 'min_child_weight': 10}. Best is trial 660 with value: 3.2379913054860083e-06.

[Trial 914/5000] Starting at 06:38:57
  Lambdas: P=1.824, B=1.852, G=0.712
  XGBoost params: n_estimators=3563, max_depth=13
  Starting cross-validation...
  Trial 912 MSE: 0.000003 | MAPE: 0.13% | R²: 0.015562
  Trial time: 2.8s
[I 2026-03-13 06:38:59,154] Trial 912 finished with value: 3.2768889824461314e-06 and parameters: {'lambda_P': 1.0669826797107902, 'lambda_B': 1.741255383689821, 'lambda_G': 0.7914334183784517, 'n_estimators': 467, 'max_depth': 15, 'learning_rate': 0.0934971127468468, 'subsample': 0.7032374217871599, 'colsample_bytree': 0.7967405775932125, 'colsample_bylevel': 0.41357049539921703, 'reg_alpha': 0.004009817348413158, 'reg_lambda': 4.929120151821079, 'gamma': 0.00013944527104489348, 'min_child_weight': 13}. Best is trial 660 with value: 3.2379913054860083e-06.

[Trial 915/5000] Starting at 06:38:59
  Lambdas: P=1.951, B=1.906, G=0.531
  XGBoost params: n_estimators=3986, max_depth=14
  Starting cross-validation...
  Trial 895 MSE: 0.000004 | MAPE: 0.15% | R²: -0.058820
  Trial time: 44.6s
[I 2026-03-13 06:39:06,128] Trial 895 finished with value: 3.891027929452417e-06 and parameters: {'lambda_P': 0.9939934108422466, 'lambda_B': 0.7041819762035944, 'lambda_G': 0.7585879783291869, 'n_estimators': 9159, 'max_depth': 12, 'learning_rate': 0.0012366533739979512, 'subsample': 0.8987850878547317, 'colsample_bytree': 0.566415671736066, 'colsample_bylevel': 0.9657382614806219, 'reg_alpha': 0.50023772381254, 'reg_lambda': 5.192735638472854, 'gamma': 0.00011830177862676878, 'min_child_weight': 9}. Best is trial 660 with value: 3.2379913054860083e-06.

[Trial 916/5000] Starting at 06:39:06
  Lambdas: P=1.425, B=1.556, G=0.882
  XGBoost params: n_estimators=944, max_depth=19
  Starting cross-validation...
  Trial 897 MSE: 0.000005 | MAPE: 0.16% | R²: -0.314049
  Trial time: 43.4s
[I 2026-03-13 06:39:09,561] Trial 897 finished with value: 5.076887518448612e-06 and parameters: {'lambda_P': 0.9057893711812379, 'lambda_B': 0.9715536705800882, 'lambda_G': 0.836464769245657, 'n_estimators': 9699, 'max_depth': 15, 'learning_rate': 0.0017451968445715866, 'subsample': 0.9399883631037569, 'colsample_bytree': 0.8507024240457106, 'colsample_bylevel': 0.8582496782988809, 'reg_alpha': 2.1247101931101935, 'reg_lambda': 2.485629814004792, 'gamma': 0.0002485201897284459, 'min_child_weight': 7}. Best is trial 660 with value: 3.2379913054860083e-06.

[Trial 917/5000] Starting at 06:39:09
  Lambdas: P=1.938, B=1.579, G=0.722
  XGBoost params: n_estimators=5138, max_depth=15
  Starting cross-validation...
  Trial 900 MSE: 0.000005 | MAPE: 0.16% | R²: -0.314049
  Trial time: 41.9s
