[I 2026-03-13 06:45:22,028] Trial 1143 finished with value: 3.418939179863272e-06 and parameters: {'lambda_P': 1.522990881202888, 'lambda_B': 1.9806387715948803, 'lambda_G': 1.3134682509098887, 'n_estimators': 7441, 'max_depth': 16, 'learning_rate': 0.0020715862259293983, 'subsample': 0.8832746630005522, 'colsample_bytree': 0.5307620116080802, 'colsample_bylevel': 0.3828050170800023, 'reg_alpha': 0.2616750387958649, 'reg_lambda': 7.952509012766642, 'gamma': 0.00011256454703739475, 'min_child_weight': 3}. Best is trial 1130 with value: 3.2181299783521623e-06.

[Trial 1160/5000] Starting at 06:45:22
  Lambdas: P=1.877, B=1.789, G=1.477
  XGBoost params: n_estimators=9263, max_depth=17
  Starting cross-validation...
  Trial 1148 MSE: 0.000005 | MAPE: 0.16% | R²: -0.314049
  Trial time: 28.8s
[I 2026-03-13 06:45:24,491] Trial 1148 finished with value: 5.076887518448612e-06 and parameters: {'lambda_P': 1.564993103245822, 'lambda_B': 1.6116721644855871, 'lambda_G': 0.5732676283096712, 'n_estimators': 8306, 'max_depth': 9, 'learning_rate': 0.0023656407193704695, 'subsample': 0.917812579507588, 'colsample_bytree': 0.5116364734644709, 'colsample_bylevel': 0.9647291435139042, 'reg_alpha': 2.1505434594594495, 'reg_lambda': 6.447400632480825, 'gamma': 0.00017083785393876312, 'min_child_weight': 9}. Best is trial 1130 with value: 3.2181299783521623e-06.

[Trial 1161/5000] Starting at 06:45:24
  Lambdas: P=0.603, B=1.942, G=1.528
  XGBoost params: n_estimators=8582, max_depth=12
  Starting cross-validation...
  Trial 1151 MSE: 0.000005 | MAPE: 0.16% | R²: -0.314049
  Trial time: 27.7s
[I 2026-03-13 06:45:27,587] Trial 1151 finished with value: 5.076887518448612e-06 and parameters: {'lambda_P': 0.8636892313700368, 'lambda_B': 1.819868049504543, 'lambda_G': 1.7279190284432568, 'n_estimators': 5974, 'max_depth': 17, 'learning_rate': 0.0038376725850503466, 'subsample': 0.5707248049810422, 'colsample_bytree': 0.3122510512857893, 'colsample_bylevel': 0.9478114942966329, 'reg_alpha': 3.272870718586292, 'reg_lambda': 5.994564993806709, 'gamma': 0.00011558292939730634, 'min_child_weight': 19}. Best is trial 1130 with value: 3.2181299783521623e-06.

[Trial 1162/5000] Starting at 06:45:27
  Lambdas: P=1.145, B=1.915, G=1.413
  XGBoost params: n_estimators=8129, max_depth=16  Trial 1144 MSE: 0.000005 | MAPE: 0.16% | R²: -0.296870
  Trial time: 37.4s

  Starting cross-validation...
[I 2026-03-13 06:45:28,130] Trial 1144 finished with value: 5.027484364426773e-06 and parameters: {'lambda_P': 1.0638980028697467, 'lambda_B': 1.8946409530750612, 'lambda_G': 1.4774283482728816, 'n_estimators': 7624, 'max_depth': 9, 'learning_rate': 0.004180036940109001, 'subsample': 0.9178866901034305, 'colsample_bytree': 0.42909162408697776, 'colsample_bylevel': 0.40890729233579054, 'reg_alpha': 1.0455607509964078, 'reg_lambda': 4.592241581105091, 'gamma': 0.0006518940213338132, 'min_child_weight': 3}. Best is trial 1130 with value: 3.2181299783521623e-06.

[Trial 1163/5000] Starting at 06:45:28
  Lambdas: P=1.447, B=1.853, G=1.135
  XGBoost params: n_estimators=7299, max_depth=17
  Starting cross-validation...
  Trial 1145 MSE: 0.000005 | MAPE: 0.16% | R²: -0.314049
  Trial time: 37.0s
[I 2026-03-13 06:45:29,596] Trial 1145 finished with value: 5.076887518448612e-06 and parameters: {'lambda_P': 0.557259203505258, 'lambda_B': 1.9586407520255877, 'lambda_G': 1.8598025062086034, 'n_estimators': 9376, 'max_depth': 11, 'learning_rate': 0.001612425022166862, 'subsample': 0.469394373370001, 'colsample_bytree': 0.3271420322498119, 'colsample_bylevel': 0.8964965604326045, 'reg_alpha': 0.8422795621948596, 'reg_lambda': 4.701701468824775, 'gamma': 0.00024095061836225488, 'min_child_weight': 18}. Best is trial 1130 with value: 3.2181299783521623e-06.

[Trial 1164/5000] Starting at 06:45:29
  Lambdas: P=1.938, B=1.772, G=0.932
  XGBoost params: n_estimators=6300, max_depth=17
  Starting cross-validation...
  Trial 1150 MSE: 0.000003 | MAPE: 0.14% | R²: 0.004270
  Trial time: 31.8s
[I 2026-03-13 06:45:30,889] Trial 1150 finished with value: 3.4740680657948125e-06 and parameters: {'lambda_P': 0.6647273400100391, 'lambda_B': 1.8140181584773696, 'lambda_G': 1.7039520355751452, 'n_estimators': 6573, 'max_depth': 12, 'learning_rate': 0.002789137242844898, 'subsample': 0.696714417087358, 'colsample_bytree': 0.37986222530073666, 'colsample_bylevel': 0.8659990418457115, 'reg_alpha': 0.008690576398816402, 'reg_lambda': 3.1420871885622703, 'gamma': 0.0003151005865288859, 'min_child_weight': 18}. Best is trial 1130 with value: 3.2181299783521623e-06.

[Trial 1165/5000] Starting at 06:45:30
  Lambdas: P=1.746, B=1.896, G=1.067
  XGBoost params: n_estimators=8073, max_depth=18
  Starting cross-validation...
  Trial 1153 MSE: 0.000005 | MAPE: 0.16% | R²: -0.314049
  Trial time: 31.6s
[I 2026-03-13 06:45:33,097] Trial 1153 finished with value: 5.076887518448612e-06 and parameters: {'lambda_P': 0.587374671499233, 'lambda_B': 1.9081376353825916, 'lambda_G': 1.6720882701892454, 'n_estimators': 6631, 'max_depth': 11, 'learning_rate': 0.0011136875219801372, 'subsample': 0.8386664459883161, 'colsample_bytree': 0.3519094048814958, 'colsample_bylevel': 0.8898817901596776, 'reg_alpha': 1.5641161245289272, 'reg_lambda': 2.905610636132142, 'gamma': 0.0005763935728416797, 'min_child_weight': 19}. Best is trial 1130 with value: 3.2181299783521623e-06.

[Trial 1166/5000] Starting at 06:45:33
  Lambdas: P=1.862, B=1.614, G=1.160
  XGBoost params: n_estimators=5502, max_depth=19
  Starting cross-validation...
  Trial 1142 MSE: 0.000005 | MAPE: 0.16% | R²: -0.309427
  Trial time: 48.5s
[I 2026-03-13 06:45:35,583] Trial 1142 finished with value: 5.065273991911025e-06 and parameters: {'lambda_P': 1.3004621802917482, 'lambda_B': 1.8588707251266423, 'lambda_G': 1.1650636271389623, 'n_estimators': 9546, 'max_depth': 16, 'learning_rate': 0.0025366526261259557, 'subsample': 0.7019234057354586, 'colsample_bytree': 0.3257859507451645, 'colsample_bylevel': 0.48662161863037784, 'reg_alpha': 0.9546140432477671, 'reg_lambda': 7.34176350588477, 'gamma': 0.0004356338485320969, 'min_child_weight': 1}. Best is trial 1130 with value: 3.2181299783521623e-06.

[Trial 1167/5000] Starting at 06:45:35
  Lambdas: P=1.690, B=1.920, G=1.197
  XGBoost params: n_estimators=5401, max_depth=15
  Starting cross-validation...
  Trial 1157 MSE: 0.000005 | MAPE: 0.16% | R²: -0.288166
  Trial time: 19.5s
[I 2026-03-13 06:45:36,180] Trial 1157 finished with value: 5.0064795996261476e-06 and parameters: {'lambda_P': 0.7775015126900298, 'lambda_B': 1.3655331150914936, 'lambda_G': 0.5807229306228783, 'n_estimators': 3837, 'max_depth': 13, 'learning_rate': 0.012373986562566837, 'subsample': 0.9136320957498205, 'colsample_bytree': 0.37726831658157756, 'colsample_bylevel': 0.5665151883256119, 'reg_alpha': 1.1979255564068885, 'reg_lambda': 1.0300516334330738, 'gamma': 0.0003503610228006096, 'min_child_weight': 7}. Best is trial 1130 with value: 3.2181299783521623e-06.

[Trial 1168/5000] Starting at 06:45:36
  Lambdas: P=1.812, B=1.704, G=1.544
  XGBoost params: n_estimators=9904, max_depth=16
  Starting cross-validation...
  Trial 1152 MSE: 0.000004 | MAPE: 0.15% | R²: -0.043995
  Trial time: 36.7s
[I 2026-03-13 06:45:37,439] Trial 1152 finished with value: 3.7851324432649134e-06 and parameters: {'lambda_P': 1.8050863144077176, 'lambda_B': 1.3238678099213956, 'lambda_G': 0.6149232920271543, 'n_estimators': 7164, 'max_depth': 12, 'learning_rate': 0.0018847551322194469, 'subsample': 0.8112984586171129, 'colsample_bytree': 0.5106986579967827, 'colsample_bylevel': 0.9231265104825995, 'reg_alpha': 0.38979843818345616, 'reg_lambda': 4.68900402302319, 'gamma': 0.00011282315035025721, 'min_child_weight': 11}. Best is trial 1130 with value: 3.2181299783521623e-06.

[Trial 1169/5000] Starting at 06:45:37
  Lambdas: P=0.700, B=1.806, G=1.227
  XGBoost params: n_estimators=7455, max_depth=18
  Starting cross-validation...
  Trial 1154 MSE: 0.000004 | MAPE: 0.15% | R²: -0.120902
  Trial time: 35.9s
[I 2026-03-13 06:45:40,016] Trial 1154 finished with value: 4.222548399351202e-06 and parameters: {'lambda_P': 1.1691463601311411, 'lambda_B': 1.7908679485669223, 'lambda_G': 1.4468244431917923, 'n_estimators': 7663, 'max_depth': 14, 'learning_rate': 0.009705025214852, 'subsample': 0.9992853001194026, 'colsample_bytree': 0.6135415715622826, 'colsample_bylevel': 0.48191772492367213, 'reg_alpha': 0.8012487549795819, 'reg_lambda': 7.875272353019327, 'gamma': 0.00014342941464100758, 'min_child_weight': 1}. Best is trial 1130 with value: 3.2181299783521623e-06.

[Trial 1170/5000] Starting at 06:45:40
  Lambdas: P=1.802, B=1.908, G=1.317
  XGBoost params: n_estimators=8127, max_depth=19
  Starting cross-validation...
  Trial 1156 MSE: 0.000004 | MAPE: 0.15% | R²: -0.095169
  Trial time: 33.1s
[I 2026-03-13 06:45:44,699] Trial 1156 finished with value: 4.102985158104187e-06 and parameters: {'lambda_P': 1.485077878966666, 'lambda_B': 1.9583130772953545, 'lambda_G': 0.569070575819594, 'n_estimators': 6731, 'max_depth': 9, 'learning_rate': 0.0023069536356372716, 'subsample': 0.9772887276429404, 'colsample_bytree': 0.3441215810403814, 'colsample_bylevel': 0.9077182357709208, 'reg_alpha': 0.7223572923439368, 'reg_lambda': 3.018909605806518, 'gamma': 0.0001361956426138243, 'min_child_weight': 6}. Best is trial 1130 with value: 3.2181299783521623e-06.

[Trial 1171/5000] Starting at 06:45:44
  Lambdas: P=1.923, B=1.721, G=1.503
  XGBoost params: n_estimators=8219, max_depth=15
  Starting cross-validation...
  Trial 1155 MSE: 0.000004 | MAPE: 0.15% | R²: -0.075266
  Trial time: 38.2s
[I 2026-03-13 06:45:45,753] Trial 1155 finished with value: 3.851980055851358e-06 and parameters: {'lambda_P': 1.5716119767512318, 'lambda_B': 1.7389336928232417, 'lambda_G': 1.2649598738907082, 'n_estimators': 7722, 'max_depth': 16, 'learning_rate': 0.004748054182692339, 'subsample': 0.9230603662453284, 'colsample_bytree': 0.4924694982452365, 'colsample_bylevel': 0.4007908378178736, 'reg_alpha': 0.2217875035063635, 'reg_lambda': 6.50249505671168, 'gamma': 0.000495619801621942, 'min_child_weight': 5}. Best is trial 1130 with value: 3.2181299783521623e-06.

[Trial 1172/5000] Starting at 06:45:45
  Lambdas: P=0.833, B=1.764, G=1.153
  XGBoost params: n_estimators=92, max_depth=2
  Starting cross-validation...
  Trial 1171 MSE: 0.000005 | MAPE: 0.16% | R²: -0.235677
  Trial time: 0.8s
[I 2026-03-13 06:45:46,765] Trial 1171 finished with value: 4.6882797268845176e-06 and parameters: {'lambda_P': 0.8325257195292795, 'lambda_B': 1.7638009130305985, 'lambda_G': 1.1532540830706042, 'n_estimators': 92, 'max_depth': 2, 'learning_rate': 0.0032508431221676404, 'subsample': 0.46194267098593256, 'colsample_bytree': 0.661394802881828, 'colsample_bylevel': 0.3644495627195498, 'reg_alpha': 0.11672291012033632, 'reg_lambda': 5.192221084784312, 'gamma': 0.00010654863415968148, 'min_child_weight': 2}. Best is trial 1130 with value: 3.2181299783521623e-06.

[Trial 1173/5000] Starting at 06:45:46
  Lambdas: P=1.041, B=0.541, G=1.476
  XGBoost params: n_estimators=8230, max_depth=4
  Starting cross-validation...
  Trial 1163 MSE: 0.000005 | MAPE: 0.16% | R²: -0.314049
  Trial time: 25.5s
[I 2026-03-13 06:45:55,282] Trial 1163 finished with value: 5.076887518448612e-06 and parameters: {'lambda_P': 1.937664629857836, 'lambda_B': 1.7716745696258087, 'lambda_G': 0.9316280896917104, 'n_estimators': 6300, 'max_depth': 17, 'learning_rate': 0.0010909173982103215, 'subsample': 0.8673163271627433, 'colsample_bytree': 0.5156967545504306, 'colsample_bylevel': 0.31679639265107895, 'reg_alpha': 1.6242518503266505, 'reg_lambda': 7.8231388143276925, 'gamma': 0.00023328490837211478, 'min_child_weight': 6}. Best is trial 1130 with value: 3.2181299783521623e-06.

[Trial 1174/5000] Starting at 06:45:55
  Lambdas: P=1.397, B=0.524, G=1.339
  XGBoost params: n_estimators=6865, max_depth=2
  Starting cross-validation...
  Trial 1159 MSE: 0.000004 | MAPE: 0.15% | R²: -0.093835
  Trial time: 37.5s
[I 2026-03-13 06:45:59,691] Trial 1159 finished with value: 4.065385437279791e-06 and parameters: {'lambda_P': 1.876735123582757, 'lambda_B': 1.788528763312296, 'lambda_G': 1.4771378018870565, 'n_estimators': 9263, 'max_depth': 17, 'learning_rate': 0.002097517446832809, 'subsample': 0.8905730124412535, 'colsample_bytree': 0.4948809077015905, 'colsample_bylevel': 0.4700196152368058, 'reg_alpha': 0.6495427704749301, 'reg_lambda': 7.699709399735428, 'gamma': 0.00011322303950165073, 'min_child_weight': 2}. Best is trial 1130 with value: 3.2181299783521623e-06.

[Trial 1175/5000] Starting at 06:45:59
  Trial 1165 MSE: 0.000005 | MAPE: 0.16% | R²: -0.314049
  Trial time: 26.7s
[I 2026-03-13 06:46:00,052] Trial 1165 finished with value: 5.076887518448612e-06 and parameters: {'lambda_P': 1.8618876097725319, 'lambda_B': 1.6142620518416377, 'lambda_G': 1.160132402723799, 'n_estimators': 5502, 'max_depth': 19, 'learning_rate': 0.0035457472374910417, 'subsample': 0.8972626309487348, 'colsample_bytree': 0.6030747183536291, 'colsample_bylevel': 0.4261598491969992, 'reg_alpha': 1.5290609889631177, 'reg_lambda': 8.420913429962292, 'gamma': 0.0003286065594486732, 'min_child_weight': 6}. Best is trial 1130 with value: 3.2181299783521623e-06.

[Trial 1176/5000] Starting at 06:46:00
  Lambdas: P=0.764, B=0.960, G=0.824
  XGBoost params: n_estimators=3602, max_depth=15
  Starting cross-validation...
  Lambdas: P=1.842, B=1.365, G=0.615
  XGBoost params: n_estimators=5467, max_depth=5
  Starting cross-validation...
  Trial 1166 MSE: 0.000004 | MAPE: 0.15% | R²: -0.103364
  Trial time: 27.5s
[I 2026-03-13 06:46:03,310] Trial 1166 finished with value: 4.104723048149453e-06 and parameters: {'lambda_P': 1.690413771893039, 'lambda_B': 1.92001987845565, 'lambda_G': 1.1974023723665692, 'n_estimators': 5401, 'max_depth': 15, 'learning_rate': 0.004237999945399944, 'subsample': 0.8547456445314474, 'colsample_bytree': 0.4923231299913507, 'colsample_bylevel': 0.4411990970716229, 'reg_alpha': 0.6239108121423675, 'reg_lambda': 7.383658341793005, 'gamma': 0.00013261096476040575, 'min_child_weight': 5}. Best is trial 1130 with value: 3.2181299783521623e-06.

[Trial 1177/5000] Starting at 06:46:03
  Lambdas: P=0.547, B=1.922, G=1.234
  XGBoost params: n_estimators=8789, max_depth=13
  Starting cross-validation...
  Trial 1160 MSE: 0.000005 | MAPE: 0.16% | R²: -0.314049
  Trial time: 39.4s
[I 2026-03-13 06:46:04,112] Trial 1160 finished with value: 5.076887518448612e-06 and parameters: {'lambda_P': 0.6030802054125405, 'lambda_B': 1.9421314869304038, 'lambda_G': 1.5284915994854114, 'n_estimators': 8582, 'max_depth': 12, 'learning_rate': 0.006410572586148901, 'subsample': 0.5824668578472612, 'colsample_bytree': 0.3130134088459537, 'colsample_bylevel': 0.9993989656344141, 'reg_alpha': 1.455282513873823, 'reg_lambda': 3.890954931472839, 'gamma': 0.00026917956600214596, 'min_child_weight': 18}. Best is trial 1130 with value: 3.2181299783521623e-06.

[Trial 1178/5000] Starting at 06:46:04
  Trial 1158 MSE: 0.000004 | MAPE: 0.16% | R²: -0.175171
  Trial time: 44.6s
[I 2026-03-13 06:46:04,308] Trial 1158 finished with value: 4.422697078666255e-06 and parameters: {'lambda_P': 0.5297731292013749, 'lambda_B': 1.5045611693596426, 'lambda_G': 1.6525865152381636, 'n_estimators': 8995, 'max_depth': 13, 'learning_rate': 0.003922508486154586, 'subsample': 0.8555651329849667, 'colsample_bytree': 0.3766536898697928, 'colsample_bylevel': 0.7395491155748359, 'reg_alpha': 0.5072849326737363, 'reg_lambda': 4.044746157953782, 'gamma': 0.000574814111452328, 'min_child_weight': 19}. Best is trial 1130 with value: 3.2181299783521623e-06.

[Trial 1179/5000] Starting at 06:46:04
  Lambdas: P=1.823, B=1.556, G=0.515
  XGBoost params: n_estimators=5667, max_depth=7
  Starting cross-validation...
  Lambdas: P=0.710, B=1.682, G=0.658
  XGBoost params: n_estimators=1614, max_depth=2
  Starting cross-validation...
  Trial 1162 MSE: 0.000005 | MAPE: 0.16% | R²: -0.314049
  Trial time: 38.1s
[I 2026-03-13 06:46:06,399] Trial 1162 finished with value: 5.076887518448612e-06 and parameters: {'lambda_P': 1.4468448621699725, 'lambda_B': 1.8525792797277176, 'lambda_G': 1.1352859378128803, 'n_estimators': 7299, 'max_depth': 17, 'learning_rate': 0.0014841759659974265, 'subsample': 0.8551824869765554, 'colsample_bytree': 0.4854252267279959, 'colsample_bylevel': 0.36669874357197263, 'reg_alpha': 2.9268901536916476, 'reg_lambda': 8.506747431721118, 'gamma': 0.00020266777980996147, 'min_child_weight': 3}. Best is trial 1130 with value: 3.2181299783521623e-06.

[Trial 1180/5000] Starting at 06:46:06
  Lambdas: P=1.213, B=1.416, G=0.800
  XGBoost params: n_estimators=2485, max_depth=19
  Starting cross-validation...
  Trial 1161 MSE: 0.000005 | MAPE: 0.16% | R²: -0.178104
  Trial time: 41.0s
[I 2026-03-13 06:46:08,818] Trial 1161 finished with value: 4.5192406991152475e-06 and parameters: {'lambda_P': 1.1445537527975351, 'lambda_B': 1.9147951855585743, 'lambda_G': 1.413387838115032, 'n_estimators': 8129, 'max_depth': 16, 'learning_rate': 0.001959150959041116, 'subsample': 0.9224372727979882, 'colsample_bytree': 0.5499476750950029, 'colsample_bylevel': 0.34862637904565175, 'reg_alpha': 0.9564349229647775, 'reg_lambda': 7.189584392212717, 'gamma': 0.0001378101331333061, 'min_child_weight': 2}. Best is trial 1130 with value: 3.2181299783521623e-06.

[Trial 1181/5000] Starting at 06:46:08
  Lambdas: P=0.721, B=1.249, G=1.141
  XGBoost params: n_estimators=1683, max_depth=2
  Starting cross-validation...
  Trial 1169 MSE: 0.000004 | MAPE: 0.15% | R²: -0.141555
  Trial time: 31.7s
[I 2026-03-13 06:46:11,935] Trial 1169 finished with value: 4.2463384086265425e-06 and parameters: {'lambda_P': 1.8024737179392942, 'lambda_B': 1.9081220846439055, 'lambda_G': 1.3171511580992408, 'n_estimators': 8127, 'max_depth': 19, 'learning_rate': 0.0023945412071947826, 'subsample': 0.8447090985719993, 'colsample_bytree': 0.3421274470391305, 'colsample_bylevel': 0.33840660282229384, 'reg_alpha': 0.44990921408522755, 'reg_lambda': 7.509991344130005, 'gamma': 0.00044024233068899645, 'min_child_weight': 4}. Best is trial 1130 with value: 3.2181299783521623e-06.

[Trial 1182/5000] Starting at 06:46:12
  Lambdas: P=1.111, B=0.872, G=0.783
  Trial 1164 MSE: 0.000005 | MAPE: 0.16% | R²: -0.314049
  Trial time: 41.3s
[I 2026-03-13 06:46:12,447] Trial 1164 finished with value: 5.076887518448612e-06 and parameters: {'lambda_P': 1.7461749980554653, 'lambda_B': 1.8960574905549983, 'lambda_G': 1.0667220183082864, 'n_estimators': 8073, 'max_depth': 18, 'learning_rate': 0.008329197795970914, 'subsample': 0.9363596224057438, 'colsample_bytree': 0.643303051451959, 'colsample_bylevel': 0.32905224079731565, 'reg_alpha': 2.918822120121189, 'reg_lambda': 9.970345969677389, 'gamma': 0.00015209988863357563, 'min_child_weight': 1}. Best is trial 1130 with value: 3.2181299783521623e-06.
  XGBoost params: n_estimators=1063, max_depth=14
  Starting cross-validation...

[Trial 1183/5000] Starting at 06:46:12
  Lambdas: P=0.665, B=1.178, G=0.606
  XGBoost params: n_estimators=4466, max_depth=19
  Starting cross-validation...
  Trial 1178 MSE: 0.000004 | MAPE: 0.15% | R²: -0.141545
  Trial time: 8.6s
[I 2026-03-13 06:46:13,110] Trial 1178 finished with value: 4.235572601147783e-06 and parameters: {'lambda_P': 0.7103614352954354, 'lambda_B': 1.6818884298454455, 'lambda_G': 0.6583902701113222, 'n_estimators': 1614, 'max_depth': 2, 'learning_rate': 0.0037789299649843744, 'subsample': 0.6040701823860143, 'colsample_bytree': 0.5833583692477484, 'colsample_bylevel': 0.5893297106574823, 'reg_alpha': 0.33588306024675463, 'reg_lambda': 9.219179950358395, 'gamma': 0.0002909368925225773, 'min_child_weight': 9}. Best is trial 1130 with value: 3.2181299783521623e-06.

[Trial 1184/5000] Starting at 06:46:13
  Lambdas: P=1.259, B=0.910, G=0.868
  XGBoost params: n_estimators=3323, max_depth=16
  Starting cross-validation...
  Trial 1168 MSE: 0.000005 | MAPE: 0.16% | R²: -0.263400
  Trial time: 36.9s
[I 2026-03-13 06:46:14,566] Trial 1168 finished with value: 4.93421565433295e-06 and parameters: {'lambda_P': 0.6997928072301499, 'lambda_B': 1.8056639026326313, 'lambda_G': 1.2272163383874406, 'n_estimators': 7455, 'max_depth': 18, 'learning_rate': 0.0010237453954434488, 'subsample': 0.6153890295532307, 'colsample_bytree': 0.3087834824209811, 'colsample_bylevel': 0.8142993083396864, 'reg_alpha': 0.8247310861197573, 'reg_lambda': 6.189476050353173, 'gamma': 0.00012852306036068215, 'min_child_weight': 15}. Best is trial 1130 with value: 3.2181299783521623e-06.

[Trial 1185/5000] Starting at 06:46:14
  Lambdas: P=0.906, B=1.523, G=0.843
  XGBoost params: n_estimators=1236, max_depth=20
  Starting cross-validation...
  Trial 1174 MSE: 0.000004 | MAPE: 0.15% | R²: -0.082750
  Trial time: 15.5s
[I 2026-03-13 06:46:15,418] Trial 1174 finished with value: 3.989452129026333e-06 and parameters: {'lambda_P': 0.7644426115382095, 'lambda_B': 0.9601631649811302, 'lambda_G': 0.8241852017505835, 'n_estimators': 3602, 'max_depth': 15, 'learning_rate': 0.004888032482087348, 'subsample': 0.9331683397411332, 'colsample_bytree': 0.42742650804756366, 'colsample_bylevel': 0.48383817316047023, 'reg_alpha': 0.6107265638344008, 'reg_lambda': 4.6373137922784755, 'gamma': 0.00013982756848673376, 'min_child_weight': 9}. Best is trial 1130 with value: 3.2181299783521623e-06.

[Trial 1186/5000] Starting at 06:46:15
  Lambdas: P=0.802, B=1.215, G=0.768
  XGBoost params: n_estimators=5872, max_depth=18
  Starting cross-validation...
  Trial 1180 MSE: 0.000004 | MAPE: 0.14% | R²: -0.015603
  Trial time: 9.1s
