[I 2026-03-13 06:59:24,466] Trial 1636 finished with value: 4.723214124083726e-06 and parameters: {'lambda_P': 0.9630651778501991, 'lambda_B': 1.6686330125863893, 'lambda_G': 1.1113414534789037, 'n_estimators': 4744, 'max_depth': 13, 'learning_rate': 0.0011911714191728852, 'subsample': 0.963264525819682, 'colsample_bytree': 0.31815794390062735, 'colsample_bylevel': 0.8222785552516565, 'reg_alpha': 1.050271399472366, 'reg_lambda': 3.7880615734080516, 'gamma': 0.00020741146489108953, 'min_child_weight': 18}. Best is trial 1422 with value: 2.996031181594198e-06.

[Trial 1644/5000] Starting at 06:59:24
  XGBoost params: n_estimators=2327, max_depth=16
  Starting cross-validation...
  Lambdas: P=0.653, B=1.410, G=1.304
  XGBoost params: n_estimators=5196, max_depth=19
  Starting cross-validation...
  Trial 1627 MSE: 0.000004 | MAPE: 0.15% | R²: -0.095460
  Trial time: 31.2s
[I 2026-03-13 06:59:26,498] Trial 1627 finished with value: 4.116994428400943e-06 and parameters: {'lambda_P': 1.7739338541759622, 'lambda_B': 1.5870702817761482, 'lambda_G': 0.7194307566131594, 'n_estimators': 6392, 'max_depth': 9, 'learning_rate': 0.03691366161908576, 'subsample': 0.9702080425841719, 'colsample_bytree': 0.3469567127840926, 'colsample_bylevel': 0.9528522753104872, 'reg_alpha': 0.7771942119994254, 'reg_lambda': 4.626686928884336, 'gamma': 0.00011087234460296734, 'min_child_weight': 6}. Best is trial 1422 with value: 2.996031181594198e-06.

[Trial 1645/5000] Starting at 06:59:26
  Lambdas: P=0.631, B=1.981, G=0.769
  XGBoost params: n_estimators=4877, max_depth=19
  Starting cross-validation...
  Trial 1620 MSE: 0.000004 | MAPE: 0.15% | R²: -0.123526
  Trial time: 48.1s
[I 2026-03-13 06:59:27,280] Trial 1620 finished with value: 4.261463785631292e-06 and parameters: {'lambda_P': 1.3748444725040332, 'lambda_B': 1.0380221416141047, 'lambda_G': 0.534224757258646, 'n_estimators': 9481, 'max_depth': 14, 'learning_rate': 0.037899783519257865, 'subsample': 0.9600989260541472, 'colsample_bytree': 0.38438814117274483, 'colsample_bylevel': 0.5216209425109432, 'reg_alpha': 0.8611166682781953, 'reg_lambda': 5.462135058970372, 'gamma': 0.00010815967009124095, 'min_child_weight': 6}. Best is trial 1422 with value: 2.996031181594198e-06.

[Trial 1646/5000] Starting at 06:59:27
  Lambdas: P=1.402, B=1.624, G=0.849
  XGBoost params: n_estimators=851, max_depth=19
  Starting cross-validation...
  Trial 1628 MSE: 0.000005 | MAPE: 0.16% | R²: -0.276197
  Trial time: 33.1s
[I 2026-03-13 06:59:29,277] Trial 1628 finished with value: 4.970288146895544e-06 and parameters: {'lambda_P': 1.7420729781147402, 'lambda_B': 1.125312647260499, 'lambda_G': 0.993725198642817, 'n_estimators': 7150, 'max_depth': 7, 'learning_rate': 0.001150570233817829, 'subsample': 0.9416505791417517, 'colsample_bytree': 0.3833033019669072, 'colsample_bylevel': 0.37239704378995286, 'reg_alpha': 1.1396072913266522, 'reg_lambda': 5.605262550225097, 'gamma': 0.0003775436118419011, 'min_child_weight': 2}. Best is trial 1422 with value: 2.996031181594198e-06.

[Trial 1647/5000] Starting at 06:59:29
  Lambdas: P=1.338, B=1.359, G=1.036
  XGBoost params: n_estimators=4272, max_depth=13
  Starting cross-validation...
  Trial 1625 MSE: 0.000005 | MAPE: 0.16% | R²: -0.314049
  Trial time: 44.9s
[I 2026-03-13 06:59:31,119] Trial 1625 finished with value: 5.076887518448612e-06 and parameters: {'lambda_P': 1.8837214220381693, 'lambda_B': 1.924578719470356, 'lambda_G': 0.8827252253647737, 'n_estimators': 9175, 'max_depth': 8, 'learning_rate': 0.007008295749942289, 'subsample': 0.6970250085002183, 'colsample_bytree': 0.7558536873021671, 'colsample_bylevel': 0.35899676410046366, 'reg_alpha': 4.302038353449863, 'reg_lambda': 2.689474067664135, 'gamma': 0.004627207642078258, 'min_child_weight': 17}. Best is trial 1422 with value: 2.996031181594198e-06.

[Trial 1648/5000] Starting at 06:59:31
  Lambdas: P=0.892, B=0.589, G=1.418
  XGBoost params: n_estimators=7472, max_depth=4
  Starting cross-validation...
  Trial 1645 MSE: 0.000005 | MAPE: 0.16% | R²: -0.314049
  Trial time: 4.5s
[I 2026-03-13 06:59:31,990] Trial 1645 finished with value: 5.076887518448612e-06 and parameters: {'lambda_P': 1.4021687977400537, 'lambda_B': 1.6244670139870057, 'lambda_G': 0.8494370824995828, 'n_estimators': 851, 'max_depth': 19, 'learning_rate': 0.012961844068051898, 'subsample': 0.6498243026653843, 'colsample_bytree': 0.8095672325851073, 'colsample_bylevel': 0.4463940806336965, 'reg_alpha': 0.9450467075990694, 'reg_lambda': 6.250017691045803, 'gamma': 0.00048805081076141473, 'min_child_weight': 13}. Best is trial 1422 with value: 2.996031181594198e-06.

[Trial 1649/5000] Starting at 06:59:32
  Lambdas: P=0.886, B=1.719, G=0.854
  XGBoost params: n_estimators=8024, max_depth=18
  Starting cross-validation...
  Trial 1634 MSE: 0.000004 | MAPE: 0.15% | R²: -0.100700
  Trial time: 27.0s
[I 2026-03-13 06:59:32,879] Trial 1634 finished with value: 4.013571100333272e-06 and parameters: {'lambda_P': 1.2442194686653096, 'lambda_B': 1.5785481770728582, 'lambda_G': 1.0116549139872892, 'n_estimators': 5371, 'max_depth': 20, 'learning_rate': 0.004150759370249764, 'subsample': 0.5345308217031496, 'colsample_bytree': 0.6311514854889942, 'colsample_bylevel': 0.42868236181555924, 'reg_alpha': 0.2927731905827677, 'reg_lambda': 2.9664889522541884, 'gamma': 0.00017178067123046695, 'min_child_weight': 17}. Best is trial 1422 with value: 2.996031181594198e-06.
  Trial 1626 MSE: 0.000004 | MAPE: 0.16% | R²: -0.168963
  Trial time: 41.9s
[I 2026-03-13 06:59:33,088] Trial 1626 finished with value: 4.408997826256146e-06 and parameters: {'lambda_P': 1.1849984432512162, 'lambda_B': 1.9460217874354717, 'lambda_G': 1.3602194294820085, 'n_estimators': 9081, 'max_depth': 15, 'learning_rate': 0.004065593035762319, 'subsample': 0.878303635150799, 'colsample_bytree': 0.38795571268392887, 'colsample_bylevel': 0.43928265948906275, 'reg_alpha': 0.5602873682667412, 'reg_lambda': 5.576436359322601, 'gamma': 0.0005006310941979395, 'min_child_weight': 10}. Best is trial 1422 with value: 2.996031181594198e-06.

[Trial 1650/5000] Starting at 06:59:33
[Trial 1651/5000] Starting at 06:59:33

  Lambdas: P=0.624, B=1.805, G=1.094
  XGBoost params: n_estimators=4104, max_depth=20
  Starting cross-validation...
  Lambdas: P=1.178, B=0.732, G=0.586
  XGBoost params: n_estimators=6318, max_depth=6
  Starting cross-validation...
  Trial 1642 MSE: 0.000005 | MAPE: 0.16% | R²: -0.314049
  Trial time: 12.5s
[I 2026-03-13 06:59:36,727] Trial 1642 finished with value: 5.076887518448612e-06 and parameters: {'lambda_P': 1.0883856966589047, 'lambda_B': 1.7556592176703516, 'lambda_G': 1.4160921181480655, 'n_estimators': 2327, 'max_depth': 16, 'learning_rate': 0.0553209527409193, 'subsample': 0.6736591112989871, 'colsample_bytree': 0.7928356820454695, 'colsample_bylevel': 0.47211956582162556, 'reg_alpha': 2.0735883450030754, 'reg_lambda': 3.622584213817761, 'gamma': 0.0006636598255430928, 'min_child_weight': 6}. Best is trial 1422 with value: 2.996031181594198e-06.

[Trial 1652/5000] Starting at 06:59:36
  Lambdas: P=1.549, B=0.617, G=0.609
  XGBoost params: n_estimators=4968, max_depth=5
  Starting cross-validation...
  Trial 1641 MSE: 0.000005 | MAPE: 0.16% | R²: -0.250322
  Trial time: 16.1s
[I 2026-03-13 06:59:38,503] Trial 1641 finished with value: 4.854830443958404e-06 and parameters: {'lambda_P': 0.950042809516848, 'lambda_B': 1.4567140653805262, 'lambda_G': 1.3826746764737146, 'n_estimators': 3049, 'max_depth': 11, 'learning_rate': 0.00556260122469595, 'subsample': 0.9785386840907846, 'colsample_bytree': 0.5029975726842433, 'colsample_bylevel': 0.38889377661633, 'reg_alpha': 0.6221137450861052, 'reg_lambda': 8.378034496511958, 'gamma': 0.0012327597693322452, 'min_child_weight': 9}. Best is trial 1422 with value: 2.996031181594198e-06.

[Trial 1653/5000] Starting at 06:59:38
  Lambdas: P=1.321, B=1.525, G=0.988
  XGBoost params: n_estimators=7002, max_depth=20
  Starting cross-validation...
  Trial 1638 MSE: 0.000005 | MAPE: 0.16% | R²: -0.314049
  Trial time: 25.5s
[I 2026-03-13 06:59:41,903] Trial 1638 finished with value: 5.076887518448612e-06 and parameters: {'lambda_P': 1.6865950425292204, 'lambda_B': 1.3720332514533315, 'lambda_G': 1.663329573465194, 'n_estimators': 5071, 'max_depth': 5, 'learning_rate': 0.0402059044525761, 'subsample': 0.9557909768388669, 'colsample_bytree': 0.844086654322333, 'colsample_bylevel': 0.6944376970325351, 'reg_alpha': 8.753594902305444, 'reg_lambda': 5.560725792903824, 'gamma': 0.02750267620756024, 'min_child_weight': 7}. Best is trial 1422 with value: 2.996031181594198e-06.

[Trial 1654/5000] Starting at 06:59:41
  Lambdas: P=0.530, B=1.822, G=0.542
  XGBoost params: n_estimators=920, max_depth=6
  Starting cross-validation...
  Trial 1643 MSE: 0.000004 | MAPE: 0.15% | R²: -0.103720
  Trial time: 19.1s
[I 2026-03-13 06:59:43,874] Trial 1643 finished with value: 4.128653962125395e-06 and parameters: {'lambda_P': 0.6534244202733156, 'lambda_B': 1.410262220829643, 'lambda_G': 1.3038148086485588, 'n_estimators': 5196, 'max_depth': 19, 'learning_rate': 0.017357552943653477, 'subsample': 0.9120311375894221, 'colsample_bytree': 0.48275377767954275, 'colsample_bylevel': 0.7057718610478779, 'reg_alpha': 0.6797766770215303, 'reg_lambda': 1.8097465332344516, 'gamma': 0.00015029414989679662, 'min_child_weight': 9}. Best is trial 1422 with value: 2.996031181594198e-06.

[Trial 1655/5000] Starting at 06:59:43
  Lambdas: P=1.300, B=0.725, G=1.621
  XGBoost params: n_estimators=6202, max_depth=7
  Starting cross-validation...
  Trial 1637 MSE: 0.000004 | MAPE: 0.15% | R²: -0.089688
  Trial time: 30.6s
[I 2026-03-13 06:59:44,618] Trial 1637 finished with value: 4.009474418621848e-06 and parameters: {'lambda_P': 1.5805156411375716, 'lambda_B': 1.8793442787083565, 'lambda_G': 1.4673779924577097, 'n_estimators': 6107, 'max_depth': 9, 'learning_rate': 0.004794193759917544, 'subsample': 0.7784551060467049, 'colsample_bytree': 0.8140340466277725, 'colsample_bylevel': 0.30911359471613964, 'reg_alpha': 0.5313555845827677, 'reg_lambda': 1.3547677409265706, 'gamma': 0.00011401678730850765, 'min_child_weight': 2}. Best is trial 1422 with value: 2.996031181594198e-06.

[Trial 1656/5000] Starting at 06:59:44
  Lambdas: P=0.873, B=1.226, G=0.533
  XGBoost params: n_estimators=6874, max_depth=10
  Starting cross-validation...
  Trial 1653 MSE: 0.000005 | MAPE: 0.16% | R²: -0.314049
  Trial time: 4.8s
[I 2026-03-13 06:59:46,933] Trial 1653 finished with value: 5.076887518448612e-06 and parameters: {'lambda_P': 0.529885622873054, 'lambda_B': 1.8217493711923285, 'lambda_G': 0.5415364268100294, 'n_estimators': 920, 'max_depth': 6, 'learning_rate': 0.0033332468190592885, 'subsample': 0.5949702938564106, 'colsample_bytree': 0.8578988745707885, 'colsample_bylevel': 0.50508348262631, 'reg_alpha': 0.7918241332887463, 'reg_lambda': 0.1452783951396972, 'gamma': 0.009798958735532107, 'min_child_weight': 20}. Best is trial 1422 with value: 2.996031181594198e-06.

[Trial 1657/5000] Starting at 06:59:47
  Lambdas: P=1.959, B=0.545, G=1.632
  XGBoost params: n_estimators=4094, max_depth=20
  Starting cross-validation...
  Trial 1635 MSE: 0.000004 | MAPE: 0.15% | R²: -0.060615
  Trial time: 41.4s
[I 2026-03-13 06:59:48,413] Trial 1635 finished with value: 3.852024248823437e-06 and parameters: {'lambda_P': 1.8469739380173023, 'lambda_B': 1.4037740264543275, 'lambda_G': 0.8473527153318239, 'n_estimators': 8464, 'max_depth': 14, 'learning_rate': 0.008922862179314012, 'subsample': 0.9019768549512359, 'colsample_bytree': 0.33128520987040344, 'colsample_bylevel': 0.9969663398373193, 'reg_alpha': 0.4464371440728251, 'reg_lambda': 9.60487330522793, 'gamma': 0.00017224166299980095, 'min_child_weight': 3}. Best is trial 1422 with value: 2.996031181594198e-06.

[Trial 1658/5000] Starting at 06:59:48
  Lambdas: P=1.379, B=0.528, G=0.544
  XGBoost params: n_estimators=7372, max_depth=8
  Starting cross-validation...
  Trial 1646 MSE: 0.000005 | MAPE: 0.16% | R²: -0.293455
  Trial time: 21.4s
[I 2026-03-13 06:59:50,848] Trial 1646 finished with value: 5.024980175639095e-06 and parameters: {'lambda_P': 1.3384354035882318, 'lambda_B': 1.3586570753645186, 'lambda_G': 1.0364707872050563, 'n_estimators': 4272, 'max_depth': 13, 'learning_rate': 0.015327857871943547, 'subsample': 0.9796153663176148, 'colsample_bytree': 0.4549050336995935, 'colsample_bylevel': 0.9947614380247147, 'reg_alpha': 1.481812101787199, 'reg_lambda': 0.39010397221707094, 'gamma': 0.00015471077009765157, 'min_child_weight': 20}. Best is trial 1422 with value: 2.996031181594198e-06.

[Trial 1659/5000] Starting at 06:59:50
  Trial 1632 MSE: 0.000005 | MAPE: 0.16% | R²: -0.314049
  Trial time: 48.3s
[I 2026-03-13 06:59:51,226] Trial 1632 finished with value: 5.076887518448612e-06 and parameters: {'lambda_P': 1.7135979570156115, 'lambda_B': 0.7193835062859647, 'lambda_G': 1.322627083832978, 'n_estimators': 9868, 'max_depth': 5, 'learning_rate': 0.31109211700432604, 'subsample': 0.6665999716704449, 'colsample_bytree': 0.5501629627032051, 'colsample_bylevel': 0.7289534352259814, 'reg_alpha': 3.6288594927228806, 'reg_lambda': 8.341259064684019, 'gamma': 0.005562233686051033, 'min_child_weight': 20}. Best is trial 1422 with value: 2.996031181594198e-06.

[Trial 1660/5000] Starting at 06:59:51
  Lambdas: P=1.558, B=1.058, G=1.072
  XGBoost params: n_estimators=931, max_depth=2
  Starting cross-validation...
  Lambdas: P=1.353, B=1.582, G=1.507
  XGBoost params: n_estimators=7344, max_depth=19
  Starting cross-validation...
  Trial 1644 MSE: 0.000005 | MAPE: 0.16% | R²: -0.314049
  Trial time: 26.2s
[I 2026-03-13 06:59:52,933] Trial 1644 finished with value: 5.076887518448612e-06 and parameters: {'lambda_P': 0.6314953801468884, 'lambda_B': 1.980710549966962, 'lambda_G': 0.7691211834415912, 'n_estimators': 4877, 'max_depth': 19, 'learning_rate': 0.002716408237615359, 'subsample': 0.6935851280450414, 'colsample_bytree': 0.864208523383118, 'colsample_bylevel': 0.728401646868889, 'reg_alpha': 1.6490405052509398, 'reg_lambda': 3.187975428634955, 'gamma': 0.000168196407729844, 'min_child_weight': 4}. Best is trial 1422 with value: 2.996031181594198e-06.

[Trial 1661/5000] Starting at 06:59:53
  Trial 1650 MSE: 0.000004 | MAPE: 0.15% | R²: -0.137458
  Trial time: 19.9s
[I 2026-03-13 06:59:53,229] Trial 1650 finished with value: 4.331986739375804e-06 and parameters: {'lambda_P': 0.6237812268512604, 'lambda_B': 1.8054660812612748, 'lambda_G': 1.0944921628871926, 'n_estimators': 4104, 'max_depth': 20, 'learning_rate': 0.005232321108082907, 'subsample': 0.6860479246078446, 'colsample_bytree': 0.8972823757716677, 'colsample_bylevel': 0.5517758442359509, 'reg_alpha': 0.667115956314948, 'reg_lambda': 3.4376932401104336, 'gamma': 0.00010311283119538997, 'min_child_weight': 2}. Best is trial 1422 with value: 2.996031181594198e-06.

[Trial 1662/5000] Starting at 06:59:53
  Lambdas: P=1.466, B=1.853, G=0.897
  XGBoost params: n_estimators=5129, max_depth=18
  Starting cross-validation...
  Lambdas: P=1.433, B=1.795, G=1.414
  XGBoost params: n_estimators=5416, max_depth=19
  Starting cross-validation...
  Trial 1658 MSE: 0.000005 | MAPE: 0.16% | R²: -0.314049
  Trial time: 5.4s
[I 2026-03-13 06:59:56,482] Trial 1658 finished with value: 5.076887518448612e-06 and parameters: {'lambda_P': 1.557645096519916, 'lambda_B': 1.058306143663179, 'lambda_G': 1.0718105310047448, 'n_estimators': 931, 'max_depth': 2, 'learning_rate': 0.0690963162817557, 'subsample': 0.4570421235720201, 'colsample_bytree': 0.7175004757464211, 'colsample_bylevel': 0.31909410313258235, 'reg_alpha': 7.292022684689745, 'reg_lambda': 7.906899006700961, 'gamma': 0.00015015033259165172, 'min_child_weight': 13}. Best is trial 1422 with value: 2.996031181594198e-06.

[Trial 1663/5000] Starting at 06:59:56
  Lambdas: P=0.577, B=1.816, G=0.824
  XGBoost params: n_estimators=3594, max_depth=14
  Starting cross-validation...
  Trial 1649 MSE: 0.000005 | MAPE: 0.16% | R²: -0.306764
  Trial time: 27.8s
[I 2026-03-13 07:00:01,119] Trial 1649 finished with value: 5.05910348910648e-06 and parameters: {'lambda_P': 1.177562475492885, 'lambda_B': 0.7323022917320771, 'lambda_G': 0.5855756535255976, 'n_estimators': 6318, 'max_depth': 6, 'learning_rate': 0.0035969417454895956, 'subsample': 0.961444853231456, 'colsample_bytree': 0.45187865240592495, 'colsample_bylevel': 0.48891877941045864, 'reg_alpha': 1.3924985465725401, 'reg_lambda': 4.968076526575946, 'gamma': 0.000344639530594722, 'min_child_weight': 2}. Best is trial 1422 with value: 2.996031181594198e-06.

[Trial 1664/5000] Starting at 07:00:01
  Trial 1651 MSE: 0.000005 | MAPE: 0.16% | R²: -0.188464
  Trial time: 24.4s
[I 2026-03-13 07:00:01,342] Trial 1651 finished with value: 4.540221383749746e-06 and parameters: {'lambda_P': 1.549200731607361, 'lambda_B': 0.6167258726966672, 'lambda_G': 0.6090453046152808, 'n_estimators': 4968, 'max_depth': 5, 'learning_rate': 0.004777001843184694, 'subsample': 0.9260653222011049, 'colsample_bytree': 0.6745032423351787, 'colsample_bylevel': 0.4393549983827566, 'reg_alpha': 0.843853831374738, 'reg_lambda': 4.054808282269846, 'gamma': 0.00027285270039026816, 'min_child_weight': 1}. Best is trial 1422 with value: 2.996031181594198e-06.

[Trial 1665/5000] Starting at 07:00:01
  Lambdas: P=0.597, B=1.503, G=1.069
  XGBoost params: n_estimators=4503, max_depth=20
  Starting cross-validation...
  Lambdas: P=0.975, B=1.646, G=1.427
  XGBoost params: n_estimators=5447, max_depth=14
  Starting cross-validation...
  Trial 1640 MSE: 0.000004 | MAPE: 0.14% | R²: -0.029546
  Trial time: 43.7s
[I 2026-03-13 07:00:02,270] Trial 1640 finished with value: 3.661998700086351e-06 and parameters: {'lambda_P': 1.7585722506508743, 'lambda_B': 0.6167974834151064, 'lambda_G': 1.3117388499469524, 'n_estimators': 8623, 'max_depth': 6, 'learning_rate': 0.0023084263472184555, 'subsample': 0.7704803933959873, 'colsample_bytree': 0.36040225890953637, 'colsample_bylevel': 0.6404180735411711, 'reg_alpha': 0.32664564045297484, 'reg_lambda': 2.5915334685332345, 'gamma': 0.00013765110309543868, 'min_child_weight': 7}. Best is trial 1422 with value: 2.996031181594198e-06.

[Trial 1666/5000] Starting at 07:00:02
  Lambdas: P=1.027, B=1.871, G=0.560
  XGBoost params: n_estimators=9931, max_depth=10
  Starting cross-validation...
  Trial 1654 MSE: 0.000005 | MAPE: 0.16% | R²: -0.314049
  Trial time: 22.7s
[I 2026-03-13 07:00:06,783] Trial 1654 finished with value: 5.076887518448612e-06 and parameters: {'lambda_P': 1.3001022368391728, 'lambda_B': 0.7249619350786016, 'lambda_G': 1.6209321590060664, 'n_estimators': 6202, 'max_depth': 7, 'learning_rate': 0.21550776283279888, 'subsample': 0.6241454809200926, 'colsample_bytree': 0.528034057246674, 'colsample_bylevel': 0.6328807228868445, 'reg_alpha': 4.683044816451505, 'reg_lambda': 3.150691806578884, 'gamma': 0.04880737067630466, 'min_child_weight': 10}. Best is trial 1422 with value: 2.996031181594198e-06.

[Trial 1667/5000] Starting at 07:00:06
  Lambdas: P=0.947, B=1.147, G=0.576
  XGBoost params: n_estimators=2685, max_depth=20
  Starting cross-validation...
  Trial 1656 MSE: 0.000005 | MAPE: 0.16% | R²: -0.314049
  Trial time: 21.2s
[I 2026-03-13 07:00:08,326] Trial 1656 finished with value: 5.076887518448612e-06 and parameters: {'lambda_P': 1.9585075509042442, 'lambda_B': 0.5454750006018905, 'lambda_G': 1.6315379011974256, 'n_estimators': 4094, 'max_depth': 20, 'learning_rate': 0.14752570895991204, 'subsample': 0.9746209582047964, 'colsample_bytree': 0.3515879472838949, 'colsample_bylevel': 0.7447740150173432, 'reg_alpha': 2.517937647031406, 'reg_lambda': 8.351947999174179, 'gamma': 0.0014251260402582458, 'min_child_weight': 7}. Best is trial 1422 with value: 2.996031181594198e-06.

[Trial 1668/5000] Starting at 07:00:08
  Lambdas: P=1.877, B=1.820, G=1.896
  XGBoost params: n_estimators=1045, max_depth=7
  Starting cross-validation...
  Trial 1647 MSE: 0.000005 | MAPE: 0.16% | R²: -0.314049
  Trial time: 37.8s
[I 2026-03-13 07:00:09,116] Trial 1647 finished with value: 5.076887518448612e-06 and parameters: {'lambda_P': 0.8920257838377372, 'lambda_B': 0.5885875362071076, 'lambda_G': 1.417780774926831, 'n_estimators': 7472, 'max_depth': 4, 'learning_rate': 0.2809264403712312, 'subsample': 0.44963019729586595, 'colsample_bytree': 0.6446271458207057, 'colsample_bylevel': 0.5673840526897664, 'reg_alpha': 6.6639917295046525, 'reg_lambda': 9.432491156496786, 'gamma': 0.0004744255358501342, 'min_child_weight': 6}. Best is trial 1422 with value: 2.996031181594198e-06.

[Trial 1669/5000] Starting at 07:00:09
  Lambdas: P=1.158, B=1.885, G=0.862
  XGBoost params: n_estimators=3711, max_depth=7
  Starting cross-validation...
  Trial 1652 MSE: 0.000005 | MAPE: 0.16% | R²: -0.314049
  Trial time: 32.7s
[I 2026-03-13 07:00:11,360] Trial 1652 finished with value: 5.076887518448612e-06 and parameters: {'lambda_P': 1.3207706124417258, 'lambda_B': 1.52506031262486, 'lambda_G': 0.9879003191613411, 'n_estimators': 7002, 'max_depth': 20, 'learning_rate': 0.010909412270074992, 'subsample': 0.7758312487018056, 'colsample_bytree': 0.5502259292749765, 'colsample_bylevel': 0.3326295869961258, 'reg_alpha': 1.4738188941112254, 'reg_lambda': 1.9589130890956974, 'gamma': 0.00012579211998611436, 'min_child_weight': 2}. Best is trial 1422 with value: 2.996031181594198e-06.
  Trial 1648 MSE: 0.000003 | MAPE: 0.14% | R²: 0.003158
  Trial time: 39.4s

[Trial 1670/5000] Starting at 07:00:11
