[I 2026-03-13 06:28:40,225] Trial 616 finished with value: 4.037946116055194e-06 and parameters: {'lambda_P': 1.1598125068222105, 'lambda_B': 1.4801168569284293, 'lambda_G': 0.6953882347568066, 'n_estimators': 2531, 'max_depth': 12, 'learning_rate': 0.008116962129483136, 'subsample': 0.9309690354472444, 'colsample_bytree': 0.5959902539304212, 'colsample_bylevel': 0.5151030786782115, 'reg_alpha': 0.625087182551971, 'reg_lambda': 8.555221732733015, 'gamma': 0.00013248561392374683, 'min_child_weight': 8}. Best is trial 413 with value: 3.3629712059134554e-06.

[Trial 622/5000] Starting at 06:28:40
  Lambdas: P=0.811, B=1.597, G=0.884
  XGBoost params: n_estimators=1573, max_depth=11
  Starting cross-validation...
  Trial 602 MSE: 0.000005 | MAPE: 0.16% | R²: -0.314049
  Trial time: 47.3s
[I 2026-03-13 06:28:42,144] Trial 602 finished with value: 5.076887518448612e-06 and parameters: {'lambda_P': 0.7773132793019306, 'lambda_B': 1.1593100719550513, 'lambda_G': 1.3715490645582624, 'n_estimators': 9629, 'max_depth': 11, 'learning_rate': 0.011904422148928302, 'subsample': 0.9282089191524072, 'colsample_bytree': 0.3655832761604532, 'colsample_bylevel': 0.6035342797778285, 'reg_alpha': 2.0355103631151286, 'reg_lambda': 0.05580048435859997, 'gamma': 0.0002590264876634237, 'min_child_weight': 13}. Best is trial 413 with value: 3.3629712059134554e-06.

[Trial 623/5000] Starting at 06:28:42
  Lambdas: P=1.080, B=1.009, G=0.569
  XGBoost params: n_estimators=383, max_depth=11
  Starting cross-validation...
  Trial 614 MSE: 0.000005 | MAPE: 0.16% | R²: -0.314049
  Trial time: 18.1s
[I 2026-03-13 06:28:42,710] Trial 614 finished with value: 5.076887518448612e-06 and parameters: {'lambda_P': 0.5480406205246184, 'lambda_B': 1.779396244732066, 'lambda_G': 0.8388855703365006, 'n_estimators': 3646, 'max_depth': 5, 'learning_rate': 0.001931923838500742, 'subsample': 0.9507694581289946, 'colsample_bytree': 0.6836464499563154, 'colsample_bylevel': 0.34028417842295156, 'reg_alpha': 2.2260877430570956, 'reg_lambda': 7.569962164039621, 'gamma': 0.00011672967213644099, 'min_child_weight': 7}. Best is trial 413 with value: 3.3629712059134554e-06.

[Trial 624/5000] Starting at 06:28:42
  Lambdas: P=1.274, B=1.672, G=0.888
  XGBoost params: n_estimators=5590, max_depth=13
  Starting cross-validation...
  Trial 619 MSE: 0.000005 | MAPE: 0.16% | R²: -0.196721
  Trial time: 7.9s
[I 2026-03-13 06:28:43,448] Trial 619 finished with value: 4.558080525829756e-06 and parameters: {'lambda_P': 0.6117249219364891, 'lambda_B': 1.8913373539494482, 'lambda_G': 1.0895438216225861, 'n_estimators': 1520, 'max_depth': 12, 'learning_rate': 0.014447410903579313, 'subsample': 0.992927171626407, 'colsample_bytree': 0.7535112510485656, 'colsample_bylevel': 0.5038749737367604, 'reg_alpha': 0.754342688177148, 'reg_lambda': 4.980790059877826, 'gamma': 0.00048170262304897936, 'min_child_weight': 11}. Best is trial 413 with value: 3.3629712059134554e-06.

[Trial 625/5000] Starting at 06:28:43
  Lambdas: P=1.113, B=1.716, G=0.552
  XGBoost params: n_estimators=2982, max_depth=14
  Starting cross-validation...
  Trial 622 MSE: 0.000005 | MAPE: 0.16% | R²: -0.314049
  Trial time: 2.6s
[I 2026-03-13 06:28:44,975] Trial 622 finished with value: 5.076887518448612e-06 and parameters: {'lambda_P': 1.080411143933712, 'lambda_B': 1.0087029842978115, 'lambda_G': 0.5685026687915874, 'n_estimators': 383, 'max_depth': 11, 'learning_rate': 0.03702683549786212, 'subsample': 0.9255356285064156, 'colsample_bytree': 0.6081479569143704, 'colsample_bylevel': 0.4544343769883652, 'reg_alpha': 2.6782215201148043, 'reg_lambda': 7.977255900614953, 'gamma': 0.00010309088243718, 'min_child_weight': 6}. Best is trial 413 with value: 3.3629712059134554e-06.

[Trial 626/5000] Starting at 06:28:45
  Lambdas: P=0.769, B=1.783, G=0.624
  XGBoost params: n_estimators=3976, max_depth=12
  Starting cross-validation...
  Trial 605 MSE: 0.000004 | MAPE: 0.15% | R²: -0.086855
  Trial time: 45.8s
[I 2026-03-13 06:28:46,216] Trial 605 finished with value: 4.060672849679965e-06 and parameters: {'lambda_P': 1.0278935702716927, 'lambda_B': 0.8312532602507977, 'lambda_G': 1.4375992488383214, 'n_estimators': 9358, 'max_depth': 10, 'learning_rate': 0.007033259384788692, 'subsample': 0.969782350682263, 'colsample_bytree': 0.31457909915465737, 'colsample_bylevel': 0.7235656735972782, 'reg_alpha': 0.720816438279517, 'reg_lambda': 0.04165558983809625, 'gamma': 0.00010673205184379894, 'min_child_weight': 15}. Best is trial 413 with value: 3.3629712059134554e-06.

[Trial 627/5000] Starting at 06:28:46
  Lambdas: P=1.220, B=1.420, G=0.625
  XGBoost params: n_estimators=3706, max_depth=7
  Starting cross-validation...
  Trial 621 MSE: 0.000005 | MAPE: 0.16% | R²: -0.314049
  Trial time: 6.8s
[I 2026-03-13 06:28:47,240] Trial 621 finished with value: 5.076887518448612e-06 and parameters: {'lambda_P': 0.8111727447571127, 'lambda_B': 1.5970970767753367, 'lambda_G': 0.8839448810866781, 'n_estimators': 1573, 'max_depth': 11, 'learning_rate': 0.0054442774058004045, 'subsample': 0.8631941591729212, 'colsample_bytree': 0.4952379099959293, 'colsample_bylevel': 0.5324478084250994, 'reg_alpha': 1.9823138289597944, 'reg_lambda': 9.13899476074863, 'gamma': 0.0009372982907373252, 'min_child_weight': 6}. Best is trial 413 with value: 3.3629712059134554e-06.

[Trial 628/5000] Starting at 06:28:47
  Lambdas: P=1.154, B=1.398, G=0.875
  XGBoost params: n_estimators=5351, max_depth=17
  Starting cross-validation...
  Trial 617 MSE: 0.000004 | MAPE: 0.15% | R²: -0.116925
  Trial time: 16.7s
[I 2026-03-13 06:28:49,072] Trial 617 finished with value: 4.185516087361721e-06 and parameters: {'lambda_P': 1.0628833166654577, 'lambda_B': 1.6771537633237141, 'lambda_G': 0.5784217192062439, 'n_estimators': 3633, 'max_depth': 9, 'learning_rate': 0.0012218387941650586, 'subsample': 0.9143993036508854, 'colsample_bytree': 0.6105449515577489, 'colsample_bylevel': 0.4285450523327675, 'reg_alpha': 0.7091934875284125, 'reg_lambda': 8.72810225963132, 'gamma': 0.00013121354267144118, 'min_child_weight': 11}. Best is trial 413 with value: 3.3629712059134554e-06.

[Trial 629/5000] Starting at 06:28:49
  Lambdas: P=0.735, B=1.471, G=0.613
  XGBoost params: n_estimators=5311, max_depth=10
  Starting cross-validation...
  Trial 609 MSE: 0.000005 | MAPE: 0.16% | R²: -0.206253
  Trial time: 39.3s
[I 2026-03-13 06:28:50,444] Trial 609 finished with value: 4.653093148861456e-06 and parameters: {'lambda_P': 0.7544235011337203, 'lambda_B': 1.592238214383513, 'lambda_G': 1.8355483928673704, 'n_estimators': 7717, 'max_depth': 2, 'learning_rate': 0.0021921777654954444, 'subsample': 0.5579314404369167, 'colsample_bytree': 0.44617708508468895, 'colsample_bylevel': 0.7823665990123648, 'reg_alpha': 0.6105565480322191, 'reg_lambda': 4.865444413476032, 'gamma': 0.00014386123421654385, 'min_child_weight': 14}. Best is trial 413 with value: 3.3629712059134554e-06.

[Trial 630/5000] Starting at 06:28:50
  Lambdas: P=0.630, B=1.772, G=0.574
  XGBoost params: n_estimators=4957, max_depth=10
  Starting cross-validation...
  Trial 612 MSE: 0.000005 | MAPE: 0.16% | R²: -0.249414
  Trial time: 34.4s
[I 2026-03-13 06:28:53,671] Trial 612 finished with value: 4.8615475460759215e-06 and parameters: {'lambda_P': 0.5219906798593831, 'lambda_B': 1.4008653134235378, 'lambda_G': 0.8552023739845384, 'n_estimators': 6657, 'max_depth': 4, 'learning_rate': 0.006462250766018423, 'subsample': 0.7818950946676028, 'colsample_bytree': 0.7097370303057275, 'colsample_bylevel': 0.7801789681449078, 'reg_alpha': 0.8171693073111769, 'reg_lambda': 9.381377292645006, 'gamma': 0.000392404926558972, 'min_child_weight': 16}. Best is trial 413 with value: 3.3629712059134554e-06.

[Trial 631/5000] Starting at 06:28:53
  Lambdas: P=1.020, B=1.379, G=0.649
  XGBoost params: n_estimators=8909, max_depth=9
  Starting cross-validation...
  Trial 610 MSE: 0.000005 | MAPE: 0.16% | R²: -0.314049
  Trial time: 45.7s
[I 2026-03-13 06:28:57,775] Trial 610 finished with value: 5.076887518448612e-06 and parameters: {'lambda_P': 0.5553873107241656, 'lambda_B': 1.747370646255798, 'lambda_G': 1.8249319207379249, 'n_estimators': 9170, 'max_depth': 5, 'learning_rate': 0.001202193826809234, 'subsample': 0.5970959841376272, 'colsample_bytree': 0.6019431285356618, 'colsample_bylevel': 0.7894544695181086, 'reg_alpha': 1.4472156799533298, 'reg_lambda': 8.958033074186055, 'gamma': 0.000596711685014661, 'min_child_weight': 10}. Best is trial 413 with value: 3.3629712059134554e-06.
  Trial 613 MSE: 0.000005 | MAPE: 0.16% | R²: -0.314049
[Trial 632/5000] Starting at 06:28:57

  Trial time: 34.9s
[I 2026-03-13 06:28:57,941] Trial 613 finished with value: 5.076887518448612e-06 and parameters: {'lambda_P': 0.5161875948130733, 'lambda_B': 1.6698488395840005, 'lambda_G': 0.8448158535252657, 'n_estimators': 6944, 'max_depth': 9, 'learning_rate': 0.0017103015372360111, 'subsample': 0.8911793697098571, 'colsample_bytree': 0.7157532101254336, 'colsample_bylevel': 0.5976396559601129, 'reg_alpha': 3.463906075104248, 'reg_lambda': 5.810596899885869, 'gamma': 0.00019046228660374258, 'min_child_weight': 6}. Best is trial 413 with value: 3.3629712059134554e-06.

[Trial 633/5000] Starting at 06:28:58
  Trial 624 MSE: 0.000004 | MAPE: 0.15% | R²: -0.148447
  Trial time: 14.6s
[I 2026-03-13 06:28:58,247] Trial 624 finished with value: 4.388106808550385e-06 and parameters: {'lambda_P': 1.1132083699314308, 'lambda_B': 1.7160550735704907, 'lambda_G': 0.5524772413439405, 'n_estimators': 2982, 'max_depth': 14, 'learning_rate': 0.004307285550803245, 'subsample': 0.8778503656013275, 'colsample_bytree': 0.4251499811998856, 'colsample_bylevel': 0.5135472480109313, 'reg_alpha': 0.868860200191613, 'reg_lambda': 8.468156125491156, 'gamma': 0.00011187169066629354, 'min_child_weight': 12}. Best is trial 413 with value: 3.3629712059134554e-06.

[Trial 634/5000] Starting at 06:28:58
  Lambdas: P=1.315, B=1.844, G=0.909
  Lambdas: P=1.334, B=1.518, G=0.531
  XGBoost params: n_estimators=3826, max_depth=14
  Starting cross-validation...
  XGBoost params: n_estimators=7720, max_depth=7
  Starting cross-validation...
  Lambdas: P=1.454, B=0.870, G=1.023
  XGBoost params: n_estimators=5289, max_depth=2
  Starting cross-validation...
  Trial 615 MSE: 0.000004 | MAPE: 0.15% | R²: -0.114645
  Trial time: 30.6s
[I 2026-03-13 06:28:59,471] Trial 615 finished with value: 4.08523601555173e-06 and parameters: {'lambda_P': 0.5767596233940003, 'lambda_B': 1.7236358401552174, 'lambda_G': 0.8951940374182585, 'n_estimators': 6108, 'max_depth': 7, 'learning_rate': 0.0062756048739215555, 'subsample': 0.8935557030270522, 'colsample_bytree': 0.832580636407652, 'colsample_bylevel': 0.7202625045919082, 'reg_alpha': 0.3723914168281364, 'reg_lambda': 8.921729319217146, 'gamma': 0.000339945100755568, 'min_child_weight': 8}. Best is trial 413 with value: 3.3629712059134554e-06.

[Trial 635/5000] Starting at 06:28:59
  Lambdas: P=0.856, B=1.451, G=0.889
  XGBoost params: n_estimators=4020, max_depth=15
  Starting cross-validation...
  Trial 611 MSE: 0.000004 | MAPE: 0.15% | R²: -0.152753
  Trial time: 46.6s
[I 2026-03-13 06:29:02,946] Trial 611 finished with value: 4.318868410834874e-06 and parameters: {'lambda_P': 0.9099525525652902, 'lambda_B': 1.9384764397190999, 'lambda_G': 0.5167919295065153, 'n_estimators': 9076, 'max_depth': 8, 'learning_rate': 0.002189904423209383, 'subsample': 0.7445640097763389, 'colsample_bytree': 0.37292675274267745, 'colsample_bylevel': 0.5271366468812448, 'reg_alpha': 0.4031105475996008, 'reg_lambda': 8.129063458179152, 'gamma': 0.0004885519239703134, 'min_child_weight': 20}. Best is trial 413 with value: 3.3629712059134554e-06.

[Trial 636/5000] Starting at 06:29:03
  Lambdas: P=0.632, B=1.897, G=1.131
  XGBoost params: n_estimators=4270, max_depth=7
  Starting cross-validation...
  Trial 620 MSE: 0.000004 | MAPE: 0.14% | R²: -0.012374
  Trial time: 27.2s
[I 2026-03-13 06:29:03,572] Trial 620 finished with value: 3.5123601112593465e-06 and parameters: {'lambda_P': 1.3261878128688502, 'lambda_B': 1.6477481608768234, 'lambda_G': 0.725678237272631, 'n_estimators': 7000, 'max_depth': 10, 'learning_rate': 0.0013506631829485352, 'subsample': 0.8459918209941847, 'colsample_bytree': 0.4273117578026674, 'colsample_bylevel': 0.5444644951879025, 'reg_alpha': 0.026358212191537916, 'reg_lambda': 9.904063966885673, 'gamma': 0.0004077083408132342, 'min_child_weight': 9}. Best is trial 413 with value: 3.3629712059134554e-06.

[Trial 637/5000] Starting at 06:29:03
  Lambdas: P=1.843, B=1.414, G=0.811
  XGBoost params: n_estimators=5094, max_depth=6
  Starting cross-validation...
  Trial 626 MSE: 0.000004 | MAPE: 0.15% | R²: -0.130612
  Trial time: 18.8s
[I 2026-03-13 06:29:05,173] Trial 626 finished with value: 4.171361763202619e-06 and parameters: {'lambda_P': 1.2200090068676597, 'lambda_B': 1.4201374292474767, 'lambda_G': 0.6245625155194415, 'n_estimators': 3706, 'max_depth': 7, 'learning_rate': 0.0013496042824219646, 'subsample': 0.901079717043062, 'colsample_bytree': 0.4687166927422541, 'colsample_bylevel': 0.5509819779286881, 'reg_alpha': 0.3229017373137771, 'reg_lambda': 8.376444246927571, 'gamma': 0.0005823071276860112, 'min_child_weight': 2}. Best is trial 413 with value: 3.3629712059134554e-06.

[Trial 638/5000] Starting at 06:29:05
  Trial 625 MSE: 0.000005 | MAPE: 0.16% | R²: -0.314049
  Trial time: 20.3s
[I 2026-03-13 06:29:05,480] Trial 625 finished with value: 5.076887518448612e-06 and parameters: {'lambda_P': 0.7694564669061236, 'lambda_B': 1.7833660364656114, 'lambda_G': 0.6241573204769066, 'n_estimators': 3976, 'max_depth': 12, 'learning_rate': 0.005182135814463069, 'subsample': 0.9722659175348765, 'colsample_bytree': 0.6852429031291507, 'colsample_bylevel': 0.6092610312273394, 'reg_alpha': 4.239909559839936, 'reg_lambda': 9.848060374707291, 'gamma': 0.0007666405265796866, 'min_child_weight': 12}. Best is trial 413 with value: 3.3629712059134554e-06.

[Trial 639/5000] Starting at 06:29:05
  Lambdas: P=1.117, B=1.978, G=1.356
  XGBoost params: n_estimators=8421, max_depth=20
  Starting cross-validation...
  Lambdas: P=1.420, B=1.681, G=0.722
  XGBoost params: n_estimators=7907, max_depth=10
  Starting cross-validation...
  Trial 627 MSE: 0.000005 | MAPE: 0.16% | R²: -0.198772
  Trial time: 20.2s
[I 2026-03-13 06:29:07,652] Trial 627 finished with value: 4.640707232708726e-06 and parameters: {'lambda_P': 1.1540498349132027, 'lambda_B': 1.3983423662880736, 'lambda_G': 0.8752783780037217, 'n_estimators': 5351, 'max_depth': 17, 'learning_rate': 0.00856618014026165, 'subsample': 0.9985321443801477, 'colsample_bytree': 0.42229660869561547, 'colsample_bylevel': 0.49073303739798946, 'reg_alpha': 1.1002320706977846, 'reg_lambda': 9.560948380433606, 'gamma': 0.00014615052443984396, 'min_child_weight': 12}. Best is trial 413 with value: 3.3629712059134554e-06.

[Trial 640/5000] Starting at 06:29:07
  Lambdas: P=1.183, B=1.550, G=0.861
  XGBoost params: n_estimators=9308, max_depth=15
  Starting cross-validation...
  Trial 623 MSE: 0.000005 | MAPE: 0.16% | R²: -0.314049
  Trial time: 28.5s
[I 2026-03-13 06:29:11,442] Trial 623 finished with value: 5.076887518448612e-06 and parameters: {'lambda_P': 1.2738603719332147, 'lambda_B': 1.6722180099510844, 'lambda_G': 0.8881895285203395, 'n_estimators': 5590, 'max_depth': 13, 'learning_rate': 0.007810693283146894, 'subsample': 0.9240384164340213, 'colsample_bytree': 0.4317677917301743, 'colsample_bylevel': 0.3214410555600925, 'reg_alpha': 2.2607171553153096, 'reg_lambda': 9.415402730157293, 'gamma': 0.00012430803230811032, 'min_child_weight': 11}. Best is trial 413 with value: 3.3629712059134554e-06.

[Trial 641/5000] Starting at 06:29:11
  Lambdas: P=1.243, B=1.422, G=0.844
  XGBoost params: n_estimators=8742, max_depth=12
  Starting cross-validation...
  Trial 629 MSE: 0.000004 | MAPE: 0.15% | R²: -0.112318
  Trial time: 24.0s
[I 2026-03-13 06:29:14,664] Trial 629 finished with value: 4.036820258856543e-06 and parameters: {'lambda_P': 0.6298892646276707, 'lambda_B': 1.7721631909817843, 'lambda_G': 0.5743924780993697, 'n_estimators': 4957, 'max_depth': 10, 'learning_rate': 0.006864691882822281, 'subsample': 0.755179607117442, 'colsample_bytree': 0.7184422355066823, 'colsample_bylevel': 0.5794668902751402, 'reg_alpha': 0.1579508228636955, 'reg_lambda': 6.589208533899074, 'gamma': 0.0004865215348752795, 'min_child_weight': 15}. Best is trial 413 with value: 3.3629712059134554e-06.

[Trial 642/5000] Starting at 06:29:14
  Trial 628 MSE: 0.000005 | MAPE: 0.16% | R²: -0.314049
  Trial time: 25.6s
[I 2026-03-13 06:29:14,831] Trial 628 finished with value: 5.076887518448612e-06 and parameters: {'lambda_P': 0.7352730320687282, 'lambda_B': 1.4705863840446267, 'lambda_G': 0.612787764070547, 'n_estimators': 5311, 'max_depth': 10, 'learning_rate': 0.002384893231010822, 'subsample': 0.9596361716871568, 'colsample_bytree': 0.7219416812988647, 'colsample_bylevel': 0.975455608710457, 'reg_alpha': 3.4077707540880073, 'reg_lambda': 9.677391841701663, 'gamma': 0.0006998324862222036, 'min_child_weight': 16}. Best is trial 413 with value: 3.3629712059134554e-06.

[Trial 643/5000] Starting at 06:29:14
  Lambdas: P=1.265, B=1.733, G=0.782
  XGBoost params: n_estimators=8056, max_depth=16
  Starting cross-validation...
  Lambdas: P=0.580, B=1.413, G=0.645
  XGBoost params: n_estimators=2650, max_depth=10
  Starting cross-validation...
  Trial 631 MSE: 0.000005 | MAPE: 0.16% | R²: -0.225691
  Trial time: 18.7s
[I 2026-03-13 06:29:16,714] Trial 631 finished with value: 4.7791349741563815e-06 and parameters: {'lambda_P': 1.315464144018605, 'lambda_B': 1.8436354442769227, 'lambda_G': 0.909049263911847, 'n_estimators': 3826, 'max_depth': 14, 'learning_rate': 0.020480816821963874, 'subsample': 0.9663400371345381, 'colsample_bytree': 0.5913781234471226, 'colsample_bylevel': 0.6298952459952698, 'reg_alpha': 1.1721566130206562, 'reg_lambda': 7.60361752970544, 'gamma': 0.00014381774658461528, 'min_child_weight': 4}. Best is trial 413 with value: 3.3629712059134554e-06.

[Trial 644/5000] Starting at 06:29:16
  Lambdas: P=0.817, B=1.847, G=0.858
  XGBoost params: n_estimators=5497, max_depth=16
  Starting cross-validation...
  Trial 634 MSE: 0.000005 | MAPE: 0.16% | R²: -0.311606
  Trial time: 18.7s
[I 2026-03-13 06:29:18,317] Trial 634 finished with value: 5.070931243085387e-06 and parameters: {'lambda_P': 0.8555686185949664, 'lambda_B': 1.4508526001205673, 'lambda_G': 0.8885966655021577, 'n_estimators': 4020, 'max_depth': 15, 'learning_rate': 0.015026081093153247, 'subsample': 0.9482136542091122, 'colsample_bytree': 0.8298948022956096, 'colsample_bylevel': 0.793034074777391, 'reg_alpha': 1.4401120517709296, 'reg_lambda': 8.277300449533735, 'gamma': 0.0002981929418700384, 'min_child_weight': 2}. Best is trial 413 with value: 3.3629712059134554e-06.

[Trial 645/5000] Starting at 06:29:18
  Lambdas: P=0.812, B=1.866, G=0.656
  XGBoost params: n_estimators=3328, max_depth=12
  Starting cross-validation...
  Trial 618 MSE: 0.000005 | MAPE: 0.16% | R²: -0.314049
  Trial time: 47.0s
[I 2026-03-13 06:29:20,381] Trial 618 finished with value: 5.076887518448612e-06 and parameters: {'lambda_P': 0.7719964773339358, 'lambda_B': 1.0476955800320937, 'lambda_G': 1.0417765880570051, 'n_estimators': 9365, 'max_depth': 9, 'learning_rate': 0.025924389356972243, 'subsample': 0.9629499263463144, 'colsample_bytree': 0.3545673507137204, 'colsample_bylevel': 0.6100259768017688, 'reg_alpha': 1.5826670730684773, 'reg_lambda': 2.6707729354214758, 'gamma': 0.00041075197140924037, 'min_child_weight': 17}. Best is trial 413 with value: 3.3629712059134554e-06.

[Trial 646/5000] Starting at 06:29:20
  Lambdas: P=0.626, B=1.836, G=0.532
  XGBoost params: n_estimators=5575, max_depth=10
  Starting cross-validation...
  Trial 636 MSE: 0.000005 | MAPE: 0.16% | R²: -0.269315
  Trial time: 17.4s
[I 2026-03-13 06:29:21,182] Trial 636 finished with value: 4.942969722367576e-06 and parameters: {'lambda_P': 1.8431477805126883, 'lambda_B': 1.41407947412671, 'lambda_G': 0.8112818406626896, 'n_estimators': 5094, 'max_depth': 6, 'learning_rate': 0.002244756501395287, 'subsample': 0.7683550714747907, 'colsample_bytree': 0.48907348381835064, 'colsample_bylevel': 0.403345082414426, 'reg_alpha': 0.6026709511157321, 'reg_lambda': 7.021241486890364, 'gamma': 0.0009296772678285553, 'min_child_weight': 8}. Best is trial 413 with value: 3.3629712059134554e-06.

[Trial 647/5000] Starting at 06:29:21
  Lambdas: P=1.524, B=1.931, G=0.818
  XGBoost params: n_estimators=5884, max_depth=11
  Starting cross-validation...
  Trial 633 MSE: 0.000005 | MAPE: 0.16% | R²: -0.192220
  Trial time: 25.3s
[I 2026-03-13 06:29:23,767] Trial 633 finished with value: 4.583259078694056e-06 and parameters: {'lambda_P': 1.4537596499827592, 'lambda_B': 0.869678522238149, 'lambda_G': 1.0227011646503645, 'n_estimators': 5289, 'max_depth': 2, 'learning_rate': 0.0028443151449422566, 'subsample': 0.9756236167219132, 'colsample_bytree': 0.47310271578284635, 'colsample_bylevel': 0.7541416407544403, 'reg_alpha': 0.9830925476229754, 'reg_lambda': 4.194660568304912, 'gamma': 0.00020383673395791188, 'min_child_weight': 4}. Best is trial 413 with value: 3.3629712059134554e-06.

[Trial 648/5000] Starting at 06:29:23
  Lambdas: P=0.553, B=1.859, G=0.526
  XGBoost params: n_estimators=4948, max_depth=10
  Starting cross-validation...
  Trial 635 MSE: 0.000005 | MAPE: 0.16% | R²: -0.314049
  Trial time: 21.6s
