[I 2026-03-13 07:26:26,267] Trial 2376 finished with value: 3.5969919023539434e-06 and parameters: {'lambda_P': 1.9521506469893666, 'lambda_B': 1.8194019582338439, 'lambda_G': 1.1657470965816397, 'n_estimators': 9146, 'max_depth': 8, 'learning_rate': 0.012394122208251273, 'subsample': 0.669403525532743, 'colsample_bytree': 0.4288920527511805, 'colsample_bylevel': 0.40999525571242823, 'reg_alpha': 0.0031959481513857135, 'reg_lambda': 4.019820056786105, 'gamma': 0.0005037266757553191, 'min_child_weight': 17}. Best is trial 2210 with value: 2.986319055234564e-06.

[Trial 2400/5000] Starting at 07:26:26
  Lambdas: P=1.536, B=0.960, G=1.376
  XGBoost params: n_estimators=9321, max_depth=3
  Starting cross-validation...
  Trial 2384 MSE: 0.000005 | MAPE: 0.16% | R²: -0.314049
  Trial time: 37.0s
[I 2026-03-13 07:26:27,138] Trial 2384 finished with value: 5.076887518448612e-06 and parameters: {'lambda_P': 1.8921099581342873, 'lambda_B': 1.8349005089280677, 'lambda_G': 0.517338424724001, 'n_estimators': 7957, 'max_depth': 11, 'learning_rate': 0.0010111186120159862, 'subsample': 0.7359963405869681, 'colsample_bytree': 0.6615834417806605, 'colsample_bylevel': 0.48974733318193, 'reg_alpha': 2.049306203381332, 'reg_lambda': 3.4252052319788615, 'gamma': 0.00037784162161360934, 'min_child_weight': 16}. Best is trial 2210 with value: 2.986319055234564e-06.

[Trial 2401/5000] Starting at 07:26:27
  Lambdas: P=1.816, B=0.957, G=0.970
  XGBoost params: n_estimators=8799, max_depth=4
  Starting cross-validation...
  Trial 2394 MSE: 0.000004 | MAPE: 0.16% | R²: -0.166443
  Trial time: 10.7s
[I 2026-03-13 07:26:27,928] Trial 2394 finished with value: 4.441926414024157e-06 and parameters: {'lambda_P': 0.6082043789066588, 'lambda_B': 0.5574858457293751, 'lambda_G': 1.0119071161377353, 'n_estimators': 2925, 'max_depth': 17, 'learning_rate': 0.16841258989639346, 'subsample': 0.326150178228276, 'colsample_bytree': 0.36354144764018925, 'colsample_bylevel': 0.7323583766604079, 'reg_alpha': 0.34712936622114743, 'reg_lambda': 6.7504689668505, 'gamma': 0.00011370155272251437, 'min_child_weight': 4}. Best is trial 2210 with value: 2.986319055234564e-06.

[Trial 2402/5000] Starting at 07:26:28
  Lambdas: P=1.663, B=0.648, G=0.917
  XGBoost params: n_estimators=9301, max_depth=2
  Starting cross-validation...
  Trial 2387 MSE: 0.000005 | MAPE: 0.16% | R²: -0.314049
  Trial time: 36.0s
[I 2026-03-13 07:26:29,474] Trial 2387 finished with value: 5.076887518448612e-06 and parameters: {'lambda_P': 1.6291387630152498, 'lambda_B': 1.8571646155793191, 'lambda_G': 0.7745712515679488, 'n_estimators': 8074, 'max_depth': 12, 'learning_rate': 0.0062744500330489, 'subsample': 0.8259505628087145, 'colsample_bytree': 0.39710037641340923, 'colsample_bylevel': 0.5036786864886428, 'reg_alpha': 2.1496782450711027, 'reg_lambda': 6.390629641041713, 'gamma': 0.0004316172194628931, 'min_child_weight': 20}. Best is trial 2210 with value: 2.986319055234564e-06.

[Trial 2403/5000] Starting at 07:26:29
  Lambdas: P=1.739, B=1.466, G=0.515
  XGBoost params: n_estimators=8762, max_depth=6
  Starting cross-validation...
  Trial 2379 MSE: 0.000005 | MAPE: 0.16% | R²: -0.312271
  Trial time: 45.1s
[I 2026-03-13 07:26:31,937] Trial 2379 finished with value: 5.0726804574586526e-06 and parameters: {'lambda_P': 1.7929494005764535, 'lambda_B': 1.6840849219539997, 'lambda_G': 0.660542441657934, 'n_estimators': 9070, 'max_depth': 6, 'learning_rate': 0.015984733748778214, 'subsample': 0.5701887883863723, 'colsample_bytree': 0.4018875036662692, 'colsample_bylevel': 0.31035278124084514, 'reg_alpha': 0.9713183510430634, 'reg_lambda': 0.17666470581967975, 'gamma': 0.00013864067196078694, 'min_child_weight': 19}. Best is trial 2210 with value: 2.986319055234564e-06.

[Trial 2404/5000] Starting at 07:26:32
  Trial 2389 MSE: 0.000005 | MAPE: 0.16% | R²: -0.314049
  Trial time: 30.9s
[I 2026-03-13 07:26:32,286] Trial 2389 finished with value: 5.076887518448612e-06 and parameters: {'lambda_P': 1.732709900821678, 'lambda_B': 1.4896410211623223, 'lambda_G': 0.6817839104184347, 'n_estimators': 7370, 'max_depth': 11, 'learning_rate': 0.001266635002161184, 'subsample': 0.8900978637235542, 'colsample_bytree': 0.37769566967113233, 'colsample_bylevel': 0.3360543728771582, 'reg_alpha': 2.5143245883468777, 'reg_lambda': 5.373569745652511, 'gamma': 0.00028192983371170925, 'min_child_weight': 20}. Best is trial 2210 with value: 2.986319055234564e-06.

[Trial 2405/5000] Starting at 07:26:32
  Lambdas: P=1.589, B=0.803, G=1.357
  XGBoost params: n_estimators=7189, max_depth=2
  Starting cross-validation...
  Lambdas: P=1.148, B=0.579, G=1.228
  XGBoost params: n_estimators=4643, max_depth=16
  Starting cross-validation...
  Trial 2392 MSE: 0.000004 | MAPE: 0.16% | R²: -0.174144
  Trial time: 31.2s
[I 2026-03-13 07:26:45,505] Trial 2392 finished with value: 4.4773542210338385e-06 and parameters: {'lambda_P': 1.9982710090786036, 'lambda_B': 1.8752612450082644, 'lambda_G': 1.0455338068363615, 'n_estimators': 6494, 'max_depth': 13, 'learning_rate': 0.0036272982817621806, 'subsample': 0.778974353653507, 'colsample_bytree': 0.5295973220211305, 'colsample_bylevel': 0.37035351908395936, 'reg_alpha': 0.7642371070429964, 'reg_lambda': 2.093165675425339, 'gamma': 0.0001489523182326979, 'min_child_weight': 16}. Best is trial 2210 with value: 2.986319055234564e-06.

[Trial 2406/5000] Starting at 07:26:45
  Lambdas: P=0.777, B=1.238, G=0.632
  XGBoost params: n_estimators=8706, max_depth=5
  Starting cross-validation...
  Trial 2397 MSE: 0.000003 | MAPE: 0.13% | R²: 0.089084
  Trial time: 29.4s
[I 2026-03-13 07:26:49,131] Trial 2397 finished with value: 3.1002197101277526e-06 and parameters: {'lambda_P': 1.577725251665853, 'lambda_B': 1.6506425024504117, 'lambda_G': 0.7138999731351126, 'n_estimators': 6551, 'max_depth': 9, 'learning_rate': 0.004422810628256238, 'subsample': 0.9112710266658692, 'colsample_bytree': 0.4099034152102459, 'colsample_bylevel': 0.4201984248708697, 'reg_alpha': 0.10058742812809006, 'reg_lambda': 4.323392522802409, 'gamma': 0.0001231188871020538, 'min_child_weight': 18}. Best is trial 2210 with value: 2.986319055234564e-06.

[Trial 2407/5000] Starting at 07:26:49
  Lambdas: P=1.408, B=1.367, G=0.685
  XGBoost params: n_estimators=5708, max_depth=3
  Starting cross-validation...
  Trial 2390 MSE: 0.000005 | MAPE: 0.16% | R²: -0.314049
  Trial time: 38.8s
[I 2026-03-13 07:26:50,641] Trial 2390 finished with value: 5.076887518448612e-06 and parameters: {'lambda_P': 1.9302866697769323, 'lambda_B': 1.9584768884470503, 'lambda_G': 0.7129931234428138, 'n_estimators': 8746, 'max_depth': 12, 'learning_rate': 0.006060263684922224, 'subsample': 0.7687877668853595, 'colsample_bytree': 0.3545875414764873, 'colsample_bylevel': 0.32202543854601107, 'reg_alpha': 1.3612521953566916, 'reg_lambda': 3.521300023535471, 'gamma': 0.00044957052582295803, 'min_child_weight': 17}. Best is trial 2210 with value: 2.986319055234564e-06.

[Trial 2408/5000] Starting at 07:26:50
  Lambdas: P=1.450, B=1.713, G=0.818
  XGBoost params: n_estimators=4109, max_depth=3
  Starting cross-validation...
  Trial 2404 MSE: 0.000005 | MAPE: 0.16% | R²: -0.314049
  Trial time: 20.2s
[I 2026-03-13 07:26:52,696] Trial 2404 finished with value: 5.076887518448612e-06 and parameters: {'lambda_P': 1.1476206307791161, 'lambda_B': 0.579396306255051, 'lambda_G': 1.2279668940510862, 'n_estimators': 4643, 'max_depth': 16, 'learning_rate': 0.0013911136049286907, 'subsample': 0.42422562482390447, 'colsample_bytree': 0.810678690032206, 'colsample_bylevel': 0.685682554979634, 'reg_alpha': 5.151522494141095, 'reg_lambda': 7.572832642183886, 'gamma': 0.03378276633604863, 'min_child_weight': 17}. Best is trial 2210 with value: 2.986319055234564e-06.

[Trial 2409/5000] Starting at 07:26:52
  Trial 2391 MSE: 0.000005 | MAPE: 0.16% | R²: -0.314049
  Trial time: 39.0s
[I 2026-03-13 07:26:53,135] Trial 2391 finished with value: 5.076887518448612e-06 and parameters: {'lambda_P': 1.8482924419254418, 'lambda_B': 1.9977806066750055, 'lambda_G': 1.0274963427253971, 'n_estimators': 8245, 'max_depth': 7, 'learning_rate': 0.0013697666242641416, 'subsample': 0.5675194267821321, 'colsample_bytree': 0.32360860332939395, 'colsample_bylevel': 0.3814656625227053, 'reg_alpha': 1.9374090740343832, 'reg_lambda': 6.561366300855873, 'gamma': 0.00010173298362892943, 'min_child_weight': 18}. Best is trial 2210 with value: 2.986319055234564e-06.

[Trial 2410/5000] Starting at 07:26:53
  Lambdas: P=0.763, B=1.804, G=1.313
  XGBoost params: n_estimators=7868, max_depth=9
  Starting cross-validation...
  Lambdas: P=0.563, B=1.843, G=1.665
  XGBoost params: n_estimators=9090, max_depth=20
  Starting cross-validation...
  Trial 2396 MSE: 0.000005 | MAPE: 0.16% | R²: -0.314049
  Trial time: 37.6s
[I 2026-03-13 07:26:56,624] Trial 2396 finished with value: 5.076887518448612e-06 and parameters: {'lambda_P': 1.9101037230853568, 'lambda_B': 1.6541472473379901, 'lambda_G': 0.6981954416485244, 'n_estimators': 7805, 'max_depth': 10, 'learning_rate': 0.020313998973425625, 'subsample': 0.7716083738863478, 'colsample_bytree': 0.3053196075115263, 'colsample_bylevel': 0.48807282858117595, 'reg_alpha': 2.2947869150510725, 'reg_lambda': 4.192609216088233, 'gamma': 0.00011516147612780545, 'min_child_weight': 20}. Best is trial 2210 with value: 2.986319055234564e-06.

[Trial 2411/5000] Starting at 07:26:56
  Lambdas: P=1.352, B=1.404, G=0.721
  XGBoost params: n_estimators=4781, max_depth=8
  Starting cross-validation...
  Trial 2393 MSE: 0.000005 | MAPE: 0.16% | R²: -0.314049
  Trial time: 43.3s
[I 2026-03-13 07:26:58,897] Trial 2393 finished with value: 5.076887518448612e-06 and parameters: {'lambda_P': 1.9008617869407014, 'lambda_B': 1.0014555554386637, 'lambda_G': 0.7135899724174497, 'n_estimators': 9367, 'max_depth': 2, 'learning_rate': 0.0073569932739962355, 'subsample': 0.6984917655180172, 'colsample_bytree': 0.6524106966815427, 'colsample_bylevel': 0.3621361928874933, 'reg_alpha': 2.4284899260199744, 'reg_lambda': 4.6831489381497216, 'gamma': 0.00012611111982731022, 'min_child_weight': 11}. Best is trial 2210 with value: 2.986319055234564e-06.

[Trial 2412/5000] Starting at 07:26:58
  Lambdas: P=1.476, B=1.898, G=0.868
  XGBoost params: n_estimators=8574, max_depth=10
  Starting cross-validation...
  Trial 2399 MSE: 0.000003 | MAPE: 0.14% | R²: 0.033449
  Trial time: 33.1s
[I 2026-03-13 07:26:59,548] Trial 2399 finished with value: 3.273687580648067e-06 and parameters: {'lambda_P': 1.5364874275560065, 'lambda_B': 0.9604147521518238, 'lambda_G': 1.3764216068143251, 'n_estimators': 9321, 'max_depth': 3, 'learning_rate': 0.007389645149798694, 'subsample': 0.847420507200466, 'colsample_bytree': 0.3852695210474403, 'colsample_bylevel': 0.30332874716475605, 'reg_alpha': 0.02091272340747204, 'reg_lambda': 2.7316631981812174, 'gamma': 0.0003789357290227886, 'min_child_weight': 19}. Best is trial 2210 with value: 2.986319055234564e-06.

[Trial 2413/5000] Starting at 07:26:59
  Lambdas: P=1.578, B=0.719, G=0.575
  XGBoost params: n_estimators=9584, max_depth=9
  Starting cross-validation...
  Trial 2398 MSE: 0.000005 | MAPE: 0.16% | R²: -0.314049
  Trial time: 40.0s
[I 2026-03-13 07:27:05,136] Trial 2398 finished with value: 5.076887518448612e-06 and parameters: {'lambda_P': 1.7812750427172248, 'lambda_B': 0.5606371136210231, 'lambda_G': 0.5386451459597973, 'n_estimators': 8815, 'max_depth': 4, 'learning_rate': 0.002563085803962539, 'subsample': 0.7693181944190548, 'colsample_bytree': 0.3459998603521744, 'colsample_bylevel': 0.5801702039194795, 'reg_alpha': 1.2589203169223948, 'reg_lambda': 0.20091733763436972, 'gamma': 0.0006321098346330798, 'min_child_weight': 1}. Best is trial 2210 with value: 2.986319055234564e-06.

[Trial 2414/5000] Starting at 07:27:05
  Lambdas: P=1.461, B=1.836, G=1.094
  Trial 2407 MSE: 0.000005 | MAPE: 0.16% | R²: -0.314049
  Trial time: 14.8s
[I 2026-03-13 07:27:05,720] Trial 2407 finished with value: 5.076887518448612e-06 and parameters: {'lambda_P': 1.4501652694475566, 'lambda_B': 1.7132368501949575, 'lambda_G': 0.8180017731363157, 'n_estimators': 4109, 'max_depth': 3, 'learning_rate': 0.014459275655485566, 'subsample': 0.9779084976705114, 'colsample_bytree': 0.41694788672944555, 'colsample_bylevel': 0.4457424418840359, 'reg_alpha': 1.6578031062180858, 'reg_lambda': 4.222771742579592, 'gamma': 0.0003890858723317824, 'min_child_weight': 18}. Best is trial 2210 with value: 2.986319055234564e-06.
  Trial 2395 MSE: 0.000005 | MAPE: 0.16% | R²: -0.200616
  Trial time: 47.1s

[Trial 2415/5000] Starting at 07:27:05
[I 2026-03-13 07:27:05,992] Trial 2395 finished with value: 4.611047440588047e-06 and parameters: {'lambda_P': 1.2895684442345217, 'lambda_B': 1.212807291403305, 'lambda_G': 0.6368935677642183, 'n_estimators': 9837, 'max_depth': 12, 'learning_rate': 0.026661912726580698, 'subsample': 0.855096073156753, 'colsample_bytree': 0.6371747296781307, 'colsample_bylevel': 0.3103011136383042, 'reg_alpha': 0.6727838123413218, 'reg_lambda': 4.295725838221824, 'gamma': 0.0005485680386226208, 'min_child_weight': 9}. Best is trial 2210 with value: 2.986319055234564e-06.

[Trial 2416/5000] Starting at 07:27:06
  XGBoost params: n_estimators=7417, max_depth=7
  Starting cross-validation...
  Lambdas: P=1.634, B=1.843, G=0.714
  XGBoost params: n_estimators=3563, max_depth=7
  Starting cross-validation...
  Lambdas: P=1.567, B=1.674, G=0.914
  XGBoost params: n_estimators=6509, max_depth=9
  Starting cross-validation...
  Trial 2403 MSE: 0.000004 | MAPE: 0.15% | R²: -0.084090
  Trial time: 35.0s
[I 2026-03-13 07:27:07,162] Trial 2403 finished with value: 3.941612656388477e-06 and parameters: {'lambda_P': 1.5891511831559648, 'lambda_B': 0.8033365425101863, 'lambda_G': 1.357128305223596, 'n_estimators': 7189, 'max_depth': 2, 'learning_rate': 0.0076425554707514505, 'subsample': 0.39863484050712916, 'colsample_bytree': 0.8177307972877441, 'colsample_bylevel': 0.39725245152344024, 'reg_alpha': 0.21492366776466443, 'reg_lambda': 4.789501746339412, 'gamma': 0.00012697452202229065, 'min_child_weight': 20}. Best is trial 2210 with value: 2.986319055234564e-06.

[Trial 2417/5000] Starting at 07:27:07
  Lambdas: P=1.922, B=0.718, G=0.878
  XGBoost params: n_estimators=8258, max_depth=4
  Starting cross-validation...
  Trial 2400 MSE: 0.000004 | MAPE: 0.16% | R²: -0.171419
  Trial time: 41.0s
[I 2026-03-13 07:27:08,386] Trial 2400 finished with value: 4.452016082438104e-06 and parameters: {'lambda_P': 1.8158359018281551, 'lambda_B': 0.9572310999279047, 'lambda_G': 0.969946749225321, 'n_estimators': 8799, 'max_depth': 4, 'learning_rate': 0.0016568710122512197, 'subsample': 0.8119976257652038, 'colsample_bytree': 0.3164181116318947, 'colsample_bylevel': 0.3201364381329359, 'reg_alpha': 0.7272214928739172, 'reg_lambda': 1.007712483502058, 'gamma': 0.00019009715173901788, 'min_child_weight': 20}. Best is trial 2210 with value: 2.986319055234564e-06.

[Trial 2418/5000] Starting at 07:27:08
  Trial 2401 MSE: 0.000005 | MAPE: 0.16% | R²: -0.314049
  Trial time: 40.5s
[I 2026-03-13 07:27:08,588] Trial 2401 finished with value: 5.076887518448612e-06 and parameters: {'lambda_P': 1.663067467316314, 'lambda_B': 0.6482250408661597, 'lambda_G': 0.9171701268206682, 'n_estimators': 9301, 'max_depth': 2, 'learning_rate': 0.0680298824552988, 'subsample': 0.5609878480195741, 'colsample_bytree': 0.3457092877119976, 'colsample_bylevel': 0.4438715250666705, 'reg_alpha': 1.661718891363657, 'reg_lambda': 9.447628313926105, 'gamma': 0.00011464667483829935, 'min_child_weight': 3}. Best is trial 2210 with value: 2.986319055234564e-06.

[Trial 2419/5000] Starting at 07:27:08
  Lambdas: P=1.070, B=0.940, G=1.100
  Lambdas: P=1.053, B=1.551, G=0.528
  XGBoost params: n_estimators=9653, max_depth=11
  Starting cross-validation...
  XGBoost params: n_estimators=6535, max_depth=15
  Starting cross-validation...
  Trial 2402 MSE: 0.000004 | MAPE: 0.14% | R²: -0.044448
  Trial time: 41.9s
[I 2026-03-13 07:27:11,625] Trial 2402 finished with value: 3.7247768005771695e-06 and parameters: {'lambda_P': 1.739093381565795, 'lambda_B': 1.4658575697086589, 'lambda_G': 0.5151430062979767, 'n_estimators': 8762, 'max_depth': 6, 'learning_rate': 0.24269863260018576, 'subsample': 0.805039816659307, 'colsample_bytree': 0.4962636062251131, 'colsample_bylevel': 0.30016522816542124, 'reg_alpha': 0.3623611071536711, 'reg_lambda': 0.37223614114433395, 'gamma': 0.00017247764628041513, 'min_child_weight': 3}. Best is trial 2210 with value: 2.986319055234564e-06.

[Trial 2420/5000] Starting at 07:27:11
  Lambdas: P=1.685, B=1.617, G=1.106
  XGBoost params: n_estimators=7071, max_depth=8
  Starting cross-validation...
  Trial 2406 MSE: 0.000003 | MAPE: 0.13% | R²: 0.050656
  Trial time: 28.3s
[I 2026-03-13 07:27:17,683] Trial 2406 finished with value: 3.2727114224059458e-06 and parameters: {'lambda_P': 1.4077762303846315, 'lambda_B': 1.3668828808385087, 'lambda_G': 0.6849307625125248, 'n_estimators': 5708, 'max_depth': 3, 'learning_rate': 0.014360822563560064, 'subsample': 0.9291017420522756, 'colsample_bytree': 0.45939025312062437, 'colsample_bylevel': 0.3114804616002788, 'reg_alpha': 0.17840645209579573, 'reg_lambda': 6.251277589725802, 'gamma': 0.00014812396786044585, 'min_child_weight': 19}. Best is trial 2210 with value: 2.986319055234564e-06.

[Trial 2421/5000] Starting at 07:27:17
  Lambdas: P=1.575, B=1.859, G=0.866
  XGBoost params: n_estimators=5759, max_depth=6
  Starting cross-validation...
  Trial 2410 MSE: 0.000004 | MAPE: 0.16% | R²: -0.187164
  Trial time: 23.8s
[I 2026-03-13 07:27:20,612] Trial 2410 finished with value: 4.4368808462074875e-06 and parameters: {'lambda_P': 1.3524854569367557, 'lambda_B': 1.4041829380071618, 'lambda_G': 0.7208503569545581, 'n_estimators': 4781, 'max_depth': 8, 'learning_rate': 0.004345207752226604, 'subsample': 0.9461233775839912, 'colsample_bytree': 0.44575351758627757, 'colsample_bylevel': 0.3838015283142268, 'reg_alpha': 0.08347579192994387, 'reg_lambda': 6.327182784819516, 'gamma': 0.001791125919475268, 'min_child_weight': 17}. Best is trial 2210 with value: 2.986319055234564e-06.

[Trial 2422/5000] Starting at 07:27:20
  Lambdas: P=1.753, B=1.609, G=0.697
  XGBoost params: n_estimators=7986, max_depth=7
  Starting cross-validation...
  Trial 2414 MSE: 0.000005 | MAPE: 0.16% | R²: -0.268137
  Trial time: 16.7s
[I 2026-03-13 07:27:22,705] Trial 2414 finished with value: 4.951095124859901e-06 and parameters: {'lambda_P': 1.6335154946156072, 'lambda_B': 1.8430424202018454, 'lambda_G': 0.7143888597085395, 'n_estimators': 3563, 'max_depth': 7, 'learning_rate': 0.0015542222781504491, 'subsample': 0.8615515438670827, 'colsample_bytree': 0.5009448899457593, 'colsample_bylevel': 0.34218080513064103, 'reg_alpha': 1.225518434318705, 'reg_lambda': 5.572926657627779, 'gamma': 0.00011388390596670756, 'min_child_weight': 20}. Best is trial 2210 with value: 2.986319055234564e-06.

[Trial 2423/5000] Starting at 07:27:22
  Lambdas: P=1.075, B=1.129, G=1.920
  XGBoost params: n_estimators=9363, max_depth=10
  Starting cross-validation...
  Trial 2405 MSE: 0.000005 | MAPE: 0.16% | R²: -0.314049
  Trial time: 41.7s
[I 2026-03-13 07:27:27,406] Trial 2405 finished with value: 5.076887518448612e-06 and parameters: {'lambda_P': 0.7770459268180059, 'lambda_B': 1.2375318418368608, 'lambda_G': 0.6316898865044165, 'n_estimators': 8706, 'max_depth': 5, 'learning_rate': 0.08153462192006065, 'subsample': 0.8974281376903781, 'colsample_bytree': 0.36182514700321405, 'colsample_bylevel': 0.79489684109017, 'reg_alpha': 9.788432201446884, 'reg_lambda': 9.04251410697256, 'gamma': 0.00012213817945277405, 'min_child_weight': 13}. Best is trial 2210 with value: 2.986319055234564e-06.

[Trial 2424/5000] Starting at 07:27:27
  Lambdas: P=1.340, B=0.573, G=1.186
  XGBoost params: n_estimators=4351, max_depth=7
  Starting cross-validation...
  Trial 2408 MSE: 0.000005 | MAPE: 0.16% | R²: -0.314049
  Trial time: 37.0s
[I 2026-03-13 07:27:29,967] Trial 2408 finished with value: 5.076887518448612e-06 and parameters: {'lambda_P': 0.7628615804646909, 'lambda_B': 1.8044658969119345, 'lambda_G': 1.3130612255830993, 'n_estimators': 7868, 'max_depth': 9, 'learning_rate': 0.17249929018179228, 'subsample': 0.9743508410284198, 'colsample_bytree': 0.5137815799023857, 'colsample_bylevel': 0.4209085780673695, 'reg_alpha': 4.4975160148078075, 'reg_lambda': 2.250692914118273, 'gamma': 0.02811157609570928, 'min_child_weight': 10}. Best is trial 2210 with value: 2.986319055234564e-06.

[Trial 2425/5000] Starting at 07:27:30
  Lambdas: P=1.359, B=1.177, G=1.868
  XGBoost params: n_estimators=379, max_depth=6
  Starting cross-validation...
  Trial 2415 MSE: 0.000005 | MAPE: 0.16% | R²: -0.224604
  Trial time: 25.4s
[I 2026-03-13 07:27:31,613] Trial 2415 finished with value: 4.76777088426758e-06 and parameters: {'lambda_P': 1.566632565553176, 'lambda_B': 1.673768914017979, 'lambda_G': 0.9136141182201456, 'n_estimators': 6509, 'max_depth': 9, 'learning_rate': 0.0045111927809770745, 'subsample': 0.9818823494941421, 'colsample_bytree': 0.46611157544362125, 'colsample_bylevel': 0.41561740597932145, 'reg_alpha': 1.1824540288148664, 'reg_lambda': 3.5048403262934986, 'gamma': 0.0001336301416184873, 'min_child_weight': 16}. Best is trial 2210 with value: 2.986319055234564e-06.

[Trial 2426/5000] Starting at 07:27:31
  Lambdas: P=0.596, B=1.188, G=1.410
  XGBoost params: n_estimators=1749, max_depth=7
  Starting cross-validation...
  Trial 2424 MSE: 0.000005 | MAPE: 0.16% | R²: -0.314049
  Trial time: 2.5s
