[I 2026-03-13 06:31:17,290] Trial 681 finished with value: 3.7321849564914084e-06 and parameters: {'lambda_P': 1.2697104040386933, 'lambda_B': 1.7560465430737253, 'lambda_G': 0.601861615379401, 'n_estimators': 9396, 'max_depth': 16, 'learning_rate': 0.0015223551638091095, 'subsample': 0.9325724836448203, 'colsample_bytree': 0.7668488837521082, 'colsample_bylevel': 0.6164734268101189, 'reg_alpha': 0.09687148159830611, 'reg_lambda': 3.3511826022012663, 'gamma': 0.00029022238776480825, 'min_child_weight': 6}. Best is trial 660 with value: 3.2379913054860083e-06.

[Trial 702/5000] Starting at 06:31:17
  Lambdas: P=0.609, B=1.908, G=1.337
  XGBoost params: n_estimators=8460, max_depth=13
  Starting cross-validation...
  Trial 695 MSE: 0.000005 | MAPE: 0.16% | R²: -0.314049
  Trial time: 16.1s
[I 2026-03-13 06:31:20,072] Trial 695 finished with value: 5.076887518448612e-06 and parameters: {'lambda_P': 1.9403536796988667, 'lambda_B': 1.3833198099168411, 'lambda_G': 1.3464355644562036, 'n_estimators': 3453, 'max_depth': 19, 'learning_rate': 0.4149313421569715, 'subsample': 0.481992126173047, 'colsample_bytree': 0.5897369516406111, 'colsample_bylevel': 0.4467023976869557, 'reg_alpha': 0.9640073494258368, 'reg_lambda': 0.7086463882655474, 'gamma': 0.0002478774156404012, 'min_child_weight': 10}. Best is trial 660 with value: 3.2379913054860083e-06.

[Trial 703/5000] Starting at 06:31:20
  Lambdas: P=1.414, B=1.950, G=0.582
  XGBoost params: n_estimators=8576, max_depth=10
  Starting cross-validation...
  Trial 684 MSE: 0.000004 | MAPE: 0.15% | R²: -0.064372
  Trial time: 39.6s
[I 2026-03-13 06:31:22,767] Trial 684 finished with value: 3.850397337465601e-06 and parameters: {'lambda_P': 1.688340032080099, 'lambda_B': 1.4620619526090894, 'lambda_G': 1.048218402513209, 'n_estimators': 8386, 'max_depth': 19, 'learning_rate': 0.0011641671274725464, 'subsample': 0.9078730158922413, 'colsample_bytree': 0.5289644846912007, 'colsample_bylevel': 0.7309105810877973, 'reg_alpha': 0.3785040637328735, 'reg_lambda': 3.471726100372237, 'gamma': 0.00021214065033287068, 'min_child_weight': 2}. Best is trial 660 with value: 3.2379913054860083e-06.

[Trial 704/5000] Starting at 06:31:22
  Lambdas: P=1.323, B=1.930, G=0.756
  XGBoost params: n_estimators=9717, max_depth=14
  Starting cross-validation...
  Trial 691 MSE: 0.000005 | MAPE: 0.16% | R²: -0.314049
  Trial time: 28.8s
[I 2026-03-13 06:31:25,327] Trial 691 finished with value: 5.076887518448612e-06 and parameters: {'lambda_P': 0.7260568534706884, 'lambda_B': 1.4020341720974179, 'lambda_G': 1.1508763372714932, 'n_estimators': 8724, 'max_depth': 20, 'learning_rate': 0.0010112042957312443, 'subsample': 0.9253158378230332, 'colsample_bytree': 0.6159027758704126, 'colsample_bylevel': 0.7480623112453938, 'reg_alpha': 1.6477574534103387, 'reg_lambda': 7.251442007167018, 'gamma': 0.00010173284568689566, 'min_child_weight': 8}. Best is trial 660 with value: 3.2379913054860083e-06.

[Trial 705/5000] Starting at 06:31:25
  Lambdas: P=1.446, B=1.947, G=0.620
  XGBoost params: n_estimators=7996, max_depth=17
  Starting cross-validation...
  Trial 696 MSE: 0.000005 | MAPE: 0.16% | R²: -0.314049
  Trial time: 19.9s
[I 2026-03-13 06:31:25,859] Trial 696 finished with value: 5.076887518448612e-06 and parameters: {'lambda_P': 0.5024704415787644, 'lambda_B': 1.768033749763524, 'lambda_G': 0.7956327027583656, 'n_estimators': 4466, 'max_depth': 17, 'learning_rate': 0.02192029156732408, 'subsample': 0.679386270349131, 'colsample_bytree': 0.9345802450413127, 'colsample_bylevel': 0.49737745460733346, 'reg_alpha': 0.6228293428153144, 'reg_lambda': 8.93986111958173, 'gamma': 0.0014942101899813212, 'min_child_weight': 12}. Best is trial 660 with value: 3.2379913054860083e-06.

[Trial 706/5000] Starting at 06:31:25
  Trial 692 MSE: 0.000003 | MAPE: 0.14% | R²: 0.023257
  Trial time: 28.5s
[I 2026-03-13 06:31:26,205] Trial 692 finished with value: 3.4373215463905357e-06 and parameters: {'lambda_P': 1.1528157650129647, 'lambda_B': 1.6577532916674091, 'lambda_G': 1.2210256029100965, 'n_estimators': 5922, 'max_depth': 18, 'learning_rate': 0.001086827536575614, 'subsample': 0.9147532829593207, 'colsample_bytree': 0.580506426562445, 'colsample_bylevel': 0.5442803716631665, 'reg_alpha': 0.21433870966780558, 'reg_lambda': 3.90362069831768, 'gamma': 0.00010372202300238669, 'min_child_weight': 3}. Best is trial 660 with value: 3.2379913054860083e-06.

[Trial 707/5000] Starting at 06:31:26
  Lambdas: P=1.647, B=1.414, G=1.265
  XGBoost params: n_estimators=7310, max_depth=20
  Starting cross-validation...
  Lambdas: P=1.132, B=1.898, G=1.444
  XGBoost params: n_estimators=6777, max_depth=15
  Starting cross-validation...
  Trial 689 MSE: 0.000005 | MAPE: 0.16% | R²: -0.314049
  Trial time: 35.4s
[I 2026-03-13 06:31:27,408] Trial 689 finished with value: 5.076887518448612e-06 and parameters: {'lambda_P': 1.0570924898050535, 'lambda_B': 1.7120407262068305, 'lambda_G': 0.9721547985325788, 'n_estimators': 7493, 'max_depth': 20, 'learning_rate': 0.0031623373280767857, 'subsample': 0.9808637928909086, 'colsample_bytree': 0.5076098869074962, 'colsample_bylevel': 0.6142081387609355, 'reg_alpha': 2.238702412220827, 'reg_lambda': 3.713730368894721, 'gamma': 0.00010447445015231442, 'min_child_weight': 2}. Best is trial 660 with value: 3.2379913054860083e-06.

[Trial 708/5000] Starting at 06:31:27
  Lambdas: P=0.565, B=1.767, G=0.710
  XGBoost params: n_estimators=7526, max_depth=11
  Starting cross-validation...
  Trial 687 MSE: 0.000005 | MAPE: 0.16% | R²: -0.197284
  Trial time: 42.7s
[I 2026-03-13 06:31:29,136] Trial 687 finished with value: 4.57558178737038e-06 and parameters: {'lambda_P': 1.8406147724446311, 'lambda_B': 1.9252011137235547, 'lambda_G': 0.8917862457448585, 'n_estimators': 9074, 'max_depth': 15, 'learning_rate': 0.1467715531659168, 'subsample': 0.6149469029646395, 'colsample_bytree': 0.6725012597031483, 'colsample_bylevel': 0.4821797030406314, 'reg_alpha': 0.6661207124904844, 'reg_lambda': 0.3490192949171637, 'gamma': 0.0001619033421088651, 'min_child_weight': 5}. Best is trial 660 with value: 3.2379913054860083e-06.

[Trial 709/5000] Starting at 06:31:29
  Lambdas: P=1.845, B=1.366, G=1.061
  XGBoost params: n_estimators=6178, max_depth=20
  Starting cross-validation...
  Trial 690 MSE: 0.000005 | MAPE: 0.16% | R²: -0.314049
  Trial time: 38.2s
[I 2026-03-13 06:31:31,654] Trial 690 finished with value: 5.076887518448612e-06 and parameters: {'lambda_P': 1.9936219017724128, 'lambda_B': 1.4286682193731797, 'lambda_G': 0.8773617083778128, 'n_estimators': 8328, 'max_depth': 13, 'learning_rate': 0.17773415528326664, 'subsample': 0.6107617874749002, 'colsample_bytree': 0.8885204335946031, 'colsample_bylevel': 0.34404553967707996, 'reg_alpha': 1.2928716177815205, 'reg_lambda': 1.2512204846275599, 'gamma': 0.0001349414464955007, 'min_child_weight': 4}. Best is trial 660 with value: 3.2379913054860083e-06.

[Trial 710/5000] Starting at 06:31:31
  Lambdas: P=0.551, B=1.634, G=0.672
  XGBoost params: n_estimators=4726, max_depth=17
  Starting cross-validation...
  Trial 693 MSE: 0.000005 | MAPE: 0.16% | R²: -0.314049
  Trial time: 38.4s
[I 2026-03-13 06:31:39,119] Trial 693 finished with value: 5.076887518448612e-06 and parameters: {'lambda_P': 0.8564323081871466, 'lambda_B': 1.9756842520374185, 'lambda_G': 0.5588122954393209, 'n_estimators': 8433, 'max_depth': 10, 'learning_rate': 0.001972716010845027, 'subsample': 0.6967277657267866, 'colsample_bytree': 0.9812771441362527, 'colsample_bylevel': 0.5236086968711857, 'reg_alpha': 1.161977022128409, 'reg_lambda': 2.2840816438911125, 'gamma': 0.0004116196133109555, 'min_child_weight': 10}. Best is trial 660 with value: 3.2379913054860083e-06.

[Trial 711/5000] Starting at 06:31:39
  Lambdas: P=1.925, B=1.796, G=0.912
  XGBoost params: n_estimators=9905, max_depth=19
  Starting cross-validation...
  Trial 700 MSE: 0.000004 | MAPE: 0.15% | R²: -0.096425
  Trial time: 24.7s
[I 2026-03-13 06:31:41,692] Trial 700 finished with value: 3.967518179234321e-06 and parameters: {'lambda_P': 0.7514657482362549, 'lambda_B': 1.9642780078564976, 'lambda_G': 0.6099077705249979, 'n_estimators': 5590, 'max_depth': 15, 'learning_rate': 0.004838832410880487, 'subsample': 0.8502675691087419, 'colsample_bytree': 0.9205052437634594, 'colsample_bylevel': 0.3370632397709667, 'reg_alpha': 0.3271384476238356, 'reg_lambda': 0.21990258594283185, 'gamma': 0.0003065645050353581, 'min_child_weight': 16}. Best is trial 660 with value: 3.2379913054860083e-06.

[Trial 712/5000] Starting at 06:31:41
  Lambdas: P=1.554, B=1.532, G=0.504
  XGBoost params: n_estimators=6949, max_depth=17
  Starting cross-validation...
  Trial 699 MSE: 0.000004 | MAPE: 0.15% | R²: -0.101806
  Trial time: 27.8s
[I 2026-03-13 06:31:43,312] Trial 699 finished with value: 3.9565587624020235e-06 and parameters: {'lambda_P': 1.6422061819067097, 'lambda_B': 1.5535088388915215, 'lambda_G': 1.0596051222762446, 'n_estimators': 6089, 'max_depth': 10, 'learning_rate': 0.3401360266848485, 'subsample': 0.5125151081467467, 'colsample_bytree': 0.7895224264984134, 'colsample_bylevel': 0.7420803353559082, 'reg_alpha': 0.2561556863580949, 'reg_lambda': 0.8640828354535357, 'gamma': 0.00020350184201776728, 'min_child_weight': 13}. Best is trial 660 with value: 3.2379913054860083e-06.

[Trial 713/5000] Starting at 06:31:43
  Trial 697 MSE: 0.000004 | MAPE: 0.15% | R²: -0.126410
  Trial time: 34.1s
[I 2026-03-13 06:31:43,507] Trial 697 finished with value: 4.1995757165273856e-06 and parameters: {'lambda_P': 1.1358111574707248, 'lambda_B': 0.9894104297900448, 'lambda_G': 0.5915562666627123, 'n_estimators': 7846, 'max_depth': 18, 'learning_rate': 0.0015011990605245512, 'subsample': 0.9842764010878984, 'colsample_bytree': 0.7580292444638668, 'colsample_bylevel': 0.7073849685993105, 'reg_alpha': 0.6276422036236233, 'reg_lambda': 5.6420073892473575, 'gamma': 0.00028562099797217337, 'min_child_weight': 5}. Best is trial 660 with value: 3.2379913054860083e-06.

[Trial 714/5000] Starting at 06:31:43
  Lambdas: P=0.761, B=1.804, G=1.306
  XGBoost params: n_estimators=6075, max_depth=18
  Starting cross-validation...
  Lambdas: P=1.964, B=1.270, G=0.664
  XGBoost params: n_estimators=9469, max_depth=20
  Starting cross-validation...
  Trial 709 MSE: 0.000004 | MAPE: 0.16% | R²: -0.183934
  Trial time: 19.0s
[I 2026-03-13 06:31:50,851] Trial 709 finished with value: 4.43291710736159e-06 and parameters: {'lambda_P': 0.5506415027746174, 'lambda_B': 1.6336554799600802, 'lambda_G': 0.6723592893015415, 'n_estimators': 4726, 'max_depth': 17, 'learning_rate': 0.005328928237861295, 'subsample': 0.8124222306859968, 'colsample_bytree': 0.9361779594988252, 'colsample_bylevel': 0.36556485179421316, 'reg_alpha': 0.06610679413418996, 'reg_lambda': 2.7884630418924994, 'gamma': 0.0016562691092666263, 'min_child_weight': 14}. Best is trial 660 with value: 3.2379913054860083e-06.

[Trial 715/5000] Starting at 06:31:50
  Lambdas: P=1.001, B=1.957, G=0.502
  XGBoost params: n_estimators=9887, max_depth=13
  Starting cross-validation...
  Trial 698 MSE: 0.000005 | MAPE: 0.16% | R²: -0.314049
  Trial time: 40.2s
[I 2026-03-13 06:31:52,849] Trial 698 finished with value: 5.076887518448612e-06 and parameters: {'lambda_P': 1.77616462482063, 'lambda_B': 1.9220770102661067, 'lambda_G': 0.9946839307182523, 'n_estimators': 9004, 'max_depth': 13, 'learning_rate': 0.2493208438565242, 'subsample': 0.591423406032162, 'colsample_bytree': 0.88124194497756, 'colsample_bylevel': 0.6031200054331164, 'reg_alpha': 1.9545581259377376, 'reg_lambda': 1.6578276846593858, 'gamma': 0.00012283918829844248, 'min_child_weight': 13}. Best is trial 660 with value: 3.2379913054860083e-06.

[Trial 716/5000] Starting at 06:31:52
  Lambdas: P=1.306, B=1.649, G=0.576
  XGBoost params: n_estimators=8733, max_depth=17
  Starting cross-validation...
  Trial 701 MSE: 0.000005 | MAPE: 0.16% | R²: -0.314049
  Trial time: 36.4s
[I 2026-03-13 06:31:53,887] Trial 701 finished with value: 5.076887518448612e-06 and parameters: {'lambda_P': 0.6087072544651271, 'lambda_B': 1.9079661542314905, 'lambda_G': 1.3365514344627552, 'n_estimators': 8460, 'max_depth': 13, 'learning_rate': 0.0152582736712591, 'subsample': 0.6706826258914018, 'colsample_bytree': 0.7086575444921103, 'colsample_bylevel': 0.4913523227643741, 'reg_alpha': 0.8621344677759852, 'reg_lambda': 1.7814402091132537, 'gamma': 0.002639308882791198, 'min_child_weight': 15}. Best is trial 660 with value: 3.2379913054860083e-06.

[Trial 717/5000] Starting at 06:31:53
  Lambdas: P=0.981, B=1.944, G=1.459
  XGBoost params: n_estimators=3756, max_depth=11
  Starting cross-validation...
  Trial 708 MSE: 0.000005 | MAPE: 0.16% | R²: -0.240262
  Trial time: 25.9s
[I 2026-03-13 06:31:55,258] Trial 708 finished with value: 4.79848659896201e-06 and parameters: {'lambda_P': 1.8446453183589426, 'lambda_B': 1.3659999265245446, 'lambda_G': 1.060548259453121, 'n_estimators': 6178, 'max_depth': 20, 'learning_rate': 0.0011003205201201018, 'subsample': 0.9843199511909243, 'colsample_bytree': 0.3972410393472192, 'colsample_bylevel': 0.7052379429149477, 'reg_alpha': 0.9266568515774434, 'reg_lambda': 2.786178773204917, 'gamma': 0.0004613629167094741, 'min_child_weight': 1}. Best is trial 660 with value: 3.2379913054860083e-06.

[Trial 718/5000] Starting at 06:31:55
  Lambdas: P=1.190, B=1.658, G=1.543
  XGBoost params: n_estimators=5035, max_depth=13
  Starting cross-validation...
  Trial 706 MSE: 0.000004 | MAPE: 0.15% | R²: -0.042342
  Trial time: 29.9s
[I 2026-03-13 06:31:56,308] Trial 706 finished with value: 3.7713834039469943e-06 and parameters: {'lambda_P': 1.1324487574652438, 'lambda_B': 1.897579009759739, 'lambda_G': 1.4438131872328257, 'n_estimators': 6777, 'max_depth': 15, 'learning_rate': 0.00112983040545286, 'subsample': 0.955589605806072, 'colsample_bytree': 0.644150977199601, 'colsample_bylevel': 0.5670806521775431, 'reg_alpha': 0.4106570198771641, 'reg_lambda': 0.884725706428708, 'gamma': 0.00014209272392943343, 'min_child_weight': 4}. Best is trial 660 with value: 3.2379913054860083e-06.

[Trial 719/5000] Starting at 06:31:56
  Lambdas: P=0.844, B=1.591, G=1.084
  XGBoost params: n_estimators=1706, max_depth=5
  Starting cross-validation...
  Trial 705 MSE: 0.000005 | MAPE: 0.16% | R²: -0.314049
  Trial time: 31.7s
[I 2026-03-13 06:31:57,757] Trial 705 finished with value: 5.076887518448612e-06 and parameters: {'lambda_P': 1.6472606197084632, 'lambda_B': 1.4140034115912539, 'lambda_G': 1.2645360395823104, 'n_estimators': 7310, 'max_depth': 20, 'learning_rate': 0.002648842428229115, 'subsample': 0.66702865577587, 'colsample_bytree': 0.38997939344769894, 'colsample_bylevel': 0.773979021448478, 'reg_alpha': 1.2667429269513, 'reg_lambda': 1.8051331804659956, 'gamma': 0.0002011646804552918, 'min_child_weight': 3}. Best is trial 660 with value: 3.2379913054860083e-06.

[Trial 720/5000] Starting at 06:31:57
  Lambdas: P=1.239, B=1.838, G=0.709
  XGBoost params: n_estimators=6935, max_depth=14
  Starting cross-validation...
  Trial 704 MSE: 0.000005 | MAPE: 0.16% | R²: -0.291802
  Trial time: 32.9s
[I 2026-03-13 06:31:58,431] Trial 704 finished with value: 5.022206338593004e-06 and parameters: {'lambda_P': 1.4458803521968346, 'lambda_B': 1.9473441110906389, 'lambda_G': 0.6201110038489843, 'n_estimators': 7996, 'max_depth': 17, 'learning_rate': 0.003972430191079642, 'subsample': 0.913656757366764, 'colsample_bytree': 0.6998249734279931, 'colsample_bylevel': 0.5865569140023782, 'reg_alpha': 1.3991975415069164, 'reg_lambda': 2.6319223610399245, 'gamma': 0.00015542174080596306, 'min_child_weight': 5}. Best is trial 660 with value: 3.2379913054860083e-06.

[Trial 721/5000] Starting at 06:31:58
  Lambdas: P=0.898, B=1.705, G=1.111
  XGBoost params: n_estimators=2168, max_depth=16
  Starting cross-validation...
  Trial 702 MSE: 0.000005 | MAPE: 0.16% | R²: -0.268947
  Trial time: 38.8s
[I 2026-03-13 06:31:59,092] Trial 702 finished with value: 4.94310958229178e-06 and parameters: {'lambda_P': 1.4139596075484313, 'lambda_B': 1.9496797122153182, 'lambda_G': 0.5824245126935653, 'n_estimators': 8576, 'max_depth': 10, 'learning_rate': 0.001302442397892081, 'subsample': 0.9238984451243787, 'colsample_bytree': 0.9502262475227786, 'colsample_bylevel': 0.6112553658312491, 'reg_alpha': 1.0147353660607468, 'reg_lambda': 6.982310337143718, 'gamma': 0.0004426049876298179, 'min_child_weight': 11}. Best is trial 660 with value: 3.2379913054860083e-06.

[Trial 722/5000] Starting at 06:31:59
  Lambdas: P=1.133, B=1.886, G=1.096
  XGBoost params: n_estimators=5571, max_depth=15
  Starting cross-validation...
  Trial 707 MSE: 0.000005 | MAPE: 0.16% | R²: -0.284540
  Trial time: 34.2s
[I 2026-03-13 06:32:01,829] Trial 707 finished with value: 4.999765781345902e-06 and parameters: {'lambda_P': 0.5653267933397977, 'lambda_B': 1.767148726975588, 'lambda_G': 0.709620489938084, 'n_estimators': 7526, 'max_depth': 11, 'learning_rate': 0.0020862126069820875, 'subsample': 0.9017221482374037, 'colsample_bytree': 0.908454845340511, 'colsample_bylevel': 0.5571027649677697, 'reg_alpha': 1.3094882579639018, 'reg_lambda': 3.446720511401781, 'gamma': 0.00018705979853327406, 'min_child_weight': 14}. Best is trial 660 with value: 3.2379913054860083e-06.

[Trial 723/5000] Starting at 06:32:01
  Lambdas: P=1.492, B=1.649, G=1.437
  XGBoost params: n_estimators=3709, max_depth=15
  Starting cross-validation...
  Trial 713 MSE: 0.000005 | MAPE: 0.16% | R²: -0.245797
  Trial time: 19.8s
[I 2026-03-13 06:32:03,552] Trial 713 finished with value: 4.857283805418943e-06 and parameters: {'lambda_P': 0.7613423429377058, 'lambda_B': 1.8042096950964506, 'lambda_G': 1.3057132811547618, 'n_estimators': 6075, 'max_depth': 18, 'learning_rate': 0.0023337946200241836, 'subsample': 0.5449813096374012, 'colsample_bytree': 0.4601703723059462, 'colsample_bylevel': 0.3731909098022786, 'reg_alpha': 0.6052548689886227, 'reg_lambda': 4.754700652207262, 'gamma': 0.00022952323068850801, 'min_child_weight': 18}. Best is trial 660 with value: 3.2379913054860083e-06.

[Trial 724/5000] Starting at 06:32:03
  Lambdas: P=0.949, B=1.831, G=1.803
  XGBoost params: n_estimators=4101, max_depth=11
  Starting cross-validation...
  Trial 718 MSE: 0.000005 | MAPE: 0.16% | R²: -0.314049
  Trial time: 8.5s
[I 2026-03-13 06:32:05,002] Trial 718 finished with value: 5.076887518448612e-06 and parameters: {'lambda_P': 0.8443146832142296, 'lambda_B': 1.5908917845528783, 'lambda_G': 1.0835318513178616, 'n_estimators': 1706, 'max_depth': 5, 'learning_rate': 0.008729032458479873, 'subsample': 0.7457504781700063, 'colsample_bytree': 0.7303394828262401, 'colsample_bylevel': 0.38145686928613753, 'reg_alpha': 1.2953070869269279, 'reg_lambda': 7.08716475838853, 'gamma': 0.00013083978763493747, 'min_child_weight': 15}. Best is trial 660 with value: 3.2379913054860083e-06.

[Trial 725/5000] Starting at 06:32:05
  Lambdas: P=1.078, B=1.761, G=1.636
  XGBoost params: n_estimators=6827, max_depth=13
  Starting cross-validation...
  Trial 703 MSE: 0.000004 | MAPE: 0.15% | R²: -0.089348
  Trial time: 43.2s
[I 2026-03-13 06:32:06,185] Trial 703 finished with value: 3.994909946657402e-06 and parameters: {'lambda_P': 1.323173708114316, 'lambda_B': 1.9298313928529065, 'lambda_G': 0.7557491215234045, 'n_estimators': 9717, 'max_depth': 14, 'learning_rate': 0.0010097012394022769, 'subsample': 0.8598456691098384, 'colsample_bytree': 0.6004699097055728, 'colsample_bylevel': 0.7751196568708074, 'reg_alpha': 0.42315910631831505, 'reg_lambda': 1.0162331533756017, 'gamma': 0.00023024343786239094, 'min_child_weight': 8}. Best is trial 660 with value: 3.2379913054860083e-06.

[Trial 726/5000] Starting at 06:32:06
  Lambdas: P=1.131, B=1.854, G=0.775
  XGBoost params: n_estimators=4559, max_depth=14
  Starting cross-validation...
  Trial 720 MSE: 0.000005 | MAPE: 0.16% | R²: -0.314049
  Trial time: 10.8s
[I 2026-03-13 06:32:09,414] Trial 720 finished with value: 5.076887518448612e-06 and parameters: {'lambda_P': 0.898315545667524, 'lambda_B': 1.7048387065601192, 'lambda_G': 1.1110333956307206, 'n_estimators': 2168, 'max_depth': 16, 'learning_rate': 0.001281364398467393, 'subsample': 0.960848247027234, 'colsample_bytree': 0.7125506381399516, 'colsample_bylevel': 0.491403887589115, 'reg_alpha': 2.5707263470348094, 'reg_lambda': 0.5028536350766939, 'gamma': 0.00011309836198375224, 'min_child_weight': 4}. Best is trial 660 with value: 3.2379913054860083e-06.

[Trial 727/5000] Starting at 06:32:09
  Lambdas: P=1.315, B=1.950, G=1.415
  XGBoost params: n_estimators=6664, max_depth=15
  Starting cross-validation...
  Trial 716 MSE: 0.000004 | MAPE: 0.15% | R²: -0.070642
  Trial time: 18.4s
[I 2026-03-13 06:32:12,467] Trial 716 finished with value: 3.916114167574008e-06 and parameters: {'lambda_P': 0.9813466642135544, 'lambda_B': 1.9443867063508398, 'lambda_G': 1.4588079161120113, 'n_estimators': 3756, 'max_depth': 11, 'learning_rate': 0.0012107041063828422, 'subsample': 0.9176263039675778, 'colsample_bytree': 0.5659950495580941, 'colsample_bylevel': 0.5393023672219476, 'reg_alpha': 0.5157712531488956, 'reg_lambda': 4.471744340003416, 'gamma': 0.00015500018920158373, 'min_child_weight': 3}. Best is trial 660 with value: 3.2379913054860083e-06.

[Trial 728/5000] Starting at 06:32:12
  Lambdas: P=1.551, B=1.937, G=1.295
  XGBoost params: n_estimators=4659, max_depth=10
  Starting cross-validation...
  Trial 711 MSE: 0.000004 | MAPE: 0.15% | R²: -0.131319
  Trial time: 32.9s
